[3.878s] Invoking command in '/home/orin/ros2_ws/src/examples/rclpy/services/minimal_service': PYTHONPATH=/home/orin/ros2_ws/build/examples_rclpy_minimal_service/prefix_override:/usr/lib/python3/dist-packages/colcon_core/task/python/colcon_distutils_commands:/home/orin/ros2_ws/install/examples_rclpy_minimal_service/lib/python3.10/site-packages:${PYTHONPATH} /usr/bin/python3 -W ignore:setup.py install is deprecated setup.py egg_info --egg-base ../../../../../build/examples_rclpy_minimal_service build --build-base /home/orin/ros2_ws/build/examples_rclpy_minimal_service/build install --record /home/orin/ros2_ws/build/examples_rclpy_minimal_service/install.log --single-version-externally-managed install_data
[4.812s] /home/orin/.local/lib/python3.10/site-packages/setuptools/_distutils/dist.py:261: UserWarning: Unknown distribution option: 'tests_require'
[4.813s]   warnings.warn(msg)
[5.487s] running egg_info
[5.616s] writing ../../../../../build/examples_rclpy_minimal_service/examples_rclpy_minimal_service.egg-info/PKG-INFO
[5.624s] writing dependency_links to ../../../../../build/examples_rclpy_minimal_service/examples_rclpy_minimal_service.egg-info/dependency_links.txt
[5.625s] writing entry points to ../../../../../build/examples_rclpy_minimal_service/examples_rclpy_minimal_service.egg-info/entry_points.txt
[5.625s] writing requirements to ../../../../../build/examples_rclpy_minimal_service/examples_rclpy_minimal_service.egg-info/requires.txt
[5.637s] writing top-level names to ../../../../../build/examples_rclpy_minimal_service/examples_rclpy_minimal_service.egg-info/top_level.txt
[9.888s] reading manifest file '../../../../../build/examples_rclpy_minimal_service/examples_rclpy_minimal_service.egg-info/SOURCES.txt'
[9.953s] writing manifest file '../../../../../build/examples_rclpy_minimal_service/examples_rclpy_minimal_service.egg-info/SOURCES.txt'
[9.953s] running build
[9.953s] running build_py
[9.953s] copying examples_rclpy_minimal_service/__init__.py -> /home/orin/ros2_ws/build/examples_rclpy_minimal_service/build/lib/examples_rclpy_minimal_service
[9.954s] copying examples_rclpy_minimal_service/service_member_function.py -> /home/orin/ros2_ws/build/examples_rclpy_minimal_service/build/lib/examples_rclpy_minimal_service
[9.954s] copying examples_rclpy_minimal_service/service.py -> /home/orin/ros2_ws/build/examples_rclpy_minimal_service/build/lib/examples_rclpy_minimal_service
[9.954s] running install
[9.996s] running install_lib
[10.048s] running install_data
[10.049s] copying resource/examples_rclpy_minimal_service -> /home/orin/ros2_ws/install/examples_rclpy_minimal_service/share/ament_index/resource_index/packages
[10.049s] copying package.xml -> /home/orin/ros2_ws/install/examples_rclpy_minimal_service/share/examples_rclpy_minimal_service
[10.049s] running install_egg_info
[10.197s] removing '/home/orin/ros2_ws/install/examples_rclpy_minimal_service/lib/python3.10/site-packages/examples_rclpy_minimal_service-0.15.2-py3.10.egg-info' (and everything under it)
[10.212s] Copying ../../../../../build/examples_rclpy_minimal_service/examples_rclpy_minimal_service.egg-info to /home/orin/ros2_ws/install/examples_rclpy_minimal_service/lib/python3.10/site-packages/examples_rclpy_minimal_service-0.15.2-py3.10.egg-info
[10.221s] running install_scripts
[10.900s] Installing service script to /home/orin/ros2_ws/install/examples_rclpy_minimal_service/lib/examples_rclpy_minimal_service
[10.901s] Installing service_member_function script to /home/orin/ros2_ws/install/examples_rclpy_minimal_service/lib/examples_rclpy_minimal_service
[10.904s] writing list of installed files to '/home/orin/ros2_ws/build/examples_rclpy_minimal_service/install.log'
[11.037s] Invoked command in '/home/orin/ros2_ws/src/examples/rclpy/services/minimal_service' returned '0': PYTHONPATH=/home/orin/ros2_ws/build/examples_rclpy_minimal_service/prefix_override:/usr/lib/python3/dist-packages/colcon_core/task/python/colcon_distutils_commands:/home/orin/ros2_ws/install/examples_rclpy_minimal_service/lib/python3.10/site-packages:${PYTHONPATH} /usr/bin/python3 -W ignore:setup.py install is deprecated setup.py egg_info --egg-base ../../../../../build/examples_rclpy_minimal_service build --build-base /home/orin/ros2_ws/build/examples_rclpy_minimal_service/build install --record /home/orin/ros2_ws/build/examples_rclpy_minimal_service/install.log --single-version-externally-managed install_data
