-- Found ament_cmake: 1.3.10 (/opt/ros/humble/share/ament_cmake/cmake)
-- Found hardware_interface: 2.43.1 (/opt/ros/humble/share/hardware_interface/cmake)
-- Found rosidl_generator_c: 3.1.5 (/opt/ros/humble/share/rosidl_generator_c/cmake)
-- Found rosidl_adapter: 3.1.5 (/opt/ros/humble/share/rosidl_adapter/cmake)
-- Found rosidl_generator_cpp: 3.1.5 (/opt/ros/humble/share/rosidl_generator_cpp/cmake)
-- Using all available rosidl_typesupport_c: rosidl_typesupport_fastrtps_c;rosidl_typesupport_introspection_c
-- Using all available rosidl_typesupport_cpp: rosidl_typesupport_fastrtps_cpp;rosidl_typesupport_introspection_cpp
-- Found rmw_implementation_cmake: 6.1.2 (/opt/ros/humble/share/rmw_implementation_cmake/cmake)
-- Found rmw_fastrtps_cpp: 6.2.7 (/opt/ros/humble/share/rmw_fastrtps_cpp/cmake)
-- Found TinyXML2 via Config file: TinyXML2_DIR-NOTFOUND
-- Found OpenSSL: /usr/lib/aarch64-linux-gnu/libcrypto.so (found version "3.0.2")  
-- Found TinyXML2 via Config file: TinyXML2_DIR-NOTFOUND
-- Found FastRTPS: /opt/ros/humble/include  
-- Found TinyXML2 via Config file: TinyXML2_DIR-NOTFOUND
-- Found TinyXML2 via Config file: TinyXML2_DIR-NOTFOUND
-- Using RMW implementation 'rmw_fastrtps_cpp' as default
-- Looking for C++ include pthread.h
-- Looking for C++ include pthread.h - found
-- Performing Test CMAKE_HAVE_LIBC_PTHREAD
-- Performing Test CMAKE_HAVE_LIBC_PTHREAD - Success
-- Found Threads: TRUE  
-- Found ament_cmake_gtest: 1.3.10 (/opt/ros/humble/share/ament_cmake_gtest/cmake)
-- Configuring done
-- Generating done
-- Build files have been written to: /home/orin/ros2_ws/build/diffdrive_arduino
[ 50%] [32mBuilding CXX object CMakeFiles/diffdrive_arduino.dir/hardware/diffbot_system.cpp.o[0m
[100%] [32m[1mLinking CXX shared library libdiffdrive_arduino.so[0m
[100%] Built target diffdrive_arduino
-- Install configuration: ""
-- Installing: /home/orin/ros2_ws/install/diffdrive_arduino/share/diffdrive_arduino/diffdrive_arduino.xml
-- Installing: /home/orin/ros2_ws/install/diffdrive_arduino/include/diffdrive_arduino
-- Installing: /home/orin/ros2_ws/install/diffdrive_arduino/include/diffdrive_arduino/diffdrive_arduino
-- Installing: /home/orin/ros2_ws/install/diffdrive_arduino/include/diffdrive_arduino/diffdrive_arduino/wheel.hpp
-- Installing: /home/orin/ros2_ws/install/diffdrive_arduino/include/diffdrive_arduino/diffdrive_arduino/arduino_comms.hpp
-- Installing: /home/orin/ros2_ws/install/diffdrive_arduino/include/diffdrive_arduino/diffdrive_arduino/diffbot_system.hpp
-- Installing: /home/orin/ros2_ws/install/diffdrive_arduino/include/diffdrive_arduino/diffdrive_arduino/visibility_control.h
-- Installing: /home/orin/ros2_ws/install/diffdrive_arduino/share/diffdrive_arduino/launch
-- Installing: /home/orin/ros2_ws/install/diffdrive_arduino/share/diffdrive_arduino/launch/view_robot.launch.py
-- Installing: /home/orin/ros2_ws/install/diffdrive_arduino/share/diffdrive_arduino/ros2_control
-- Installing: /home/orin/ros2_ws/install/diffdrive_arduino/share/diffdrive_arduino/ros2_control/diffbot.ros2_control.xacro
-- Installing: /home/orin/ros2_ws/install/diffdrive_arduino/share/diffdrive_arduino/urdf
-- Installing: /home/orin/ros2_ws/install/diffdrive_arduino/share/diffdrive_arduino/urdf/diffbot.materials.xacro
-- Installing: /home/orin/ros2_ws/install/diffdrive_arduino/share/diffdrive_arduino/urdf/diffbot_description.urdf.xacro
-- Installing: /home/orin/ros2_ws/install/diffdrive_arduino/share/diffdrive_arduino/urdf/diffbot.urdf.xacro
-- Installing: /home/orin/ros2_ws/install/diffdrive_arduino/share/diffdrive_arduino/rviz
-- Installing: /home/orin/ros2_ws/install/diffdrive_arduino/share/diffdrive_arduino/rviz/diffbot.rviz
-- Installing: /home/orin/ros2_ws/install/diffdrive_arduino/share/diffdrive_arduino/rviz/diffbot_view.rviz
-- Up-to-date: /home/orin/ros2_ws/install/diffdrive_arduino/share/diffdrive_arduino/launch
-- Installing: /home/orin/ros2_ws/install/diffdrive_arduino/share/diffdrive_arduino/launch/diffbot.launch.py
-- Installing: /home/orin/ros2_ws/install/diffdrive_arduino/share/diffdrive_arduino/config
-- Installing: /home/orin/ros2_ws/install/diffdrive_arduino/share/diffdrive_arduino/config/diffbot_controllers.yaml
-- Installing: /home/orin/ros2_ws/install/diffdrive_arduino/lib/libdiffdrive_arduino.so
-- Set runtime path of "/home/orin/ros2_ws/install/diffdrive_arduino/lib/libdiffdrive_arduino.so" to ""
-- Installing: /home/orin/ros2_ws/install/diffdrive_arduino/share/diffdrive_arduino/environment/library_path.sh
-- Installing: /home/orin/ros2_ws/install/diffdrive_arduino/share/diffdrive_arduino/environment/library_path.dsv
-- Installing: /home/orin/ros2_ws/install/diffdrive_arduino/share/ament_index/resource_index/package_run_dependencies/diffdrive_arduino
-- Installing: /home/orin/ros2_ws/install/diffdrive_arduino/share/ament_index/resource_index/parent_prefix_path/diffdrive_arduino
-- Installing: /home/orin/ros2_ws/install/diffdrive_arduino/share/diffdrive_arduino/environment/ament_prefix_path.sh
-- Installing: /home/orin/ros2_ws/install/diffdrive_arduino/share/diffdrive_arduino/environment/ament_prefix_path.dsv
-- Installing: /home/orin/ros2_ws/install/diffdrive_arduino/share/diffdrive_arduino/environment/path.sh
-- Installing: /home/orin/ros2_ws/install/diffdrive_arduino/share/diffdrive_arduino/environment/path.dsv
-- Installing: /home/orin/ros2_ws/install/diffdrive_arduino/share/diffdrive_arduino/local_setup.bash
-- Installing: /home/orin/ros2_ws/install/diffdrive_arduino/share/diffdrive_arduino/local_setup.sh
-- Installing: /home/orin/ros2_ws/install/diffdrive_arduino/share/diffdrive_arduino/local_setup.zsh
-- Installing: /home/orin/ros2_ws/install/diffdrive_arduino/share/diffdrive_arduino/local_setup.dsv
-- Installing: /home/orin/ros2_ws/install/diffdrive_arduino/share/diffdrive_arduino/package.dsv
-- Installing: /home/orin/ros2_ws/install/diffdrive_arduino/share/ament_index/resource_index/packages/diffdrive_arduino
-- Installing: /home/orin/ros2_ws/install/diffdrive_arduino/share/ament_index/resource_index/hardware_interface__pluginlib__plugin/diffdrive_arduino
-- Installing: /home/orin/ros2_ws/install/diffdrive_arduino/share/diffdrive_arduino/cmake/export_diffdrive_arduinoExport.cmake
-- Installing: /home/orin/ros2_ws/install/diffdrive_arduino/share/diffdrive_arduino/cmake/export_diffdrive_arduinoExport-noconfig.cmake
-- Installing: /home/orin/ros2_ws/install/diffdrive_arduino/share/diffdrive_arduino/cmake/ament_cmake_export_targets-extras.cmake
-- Installing: /home/orin/ros2_ws/install/diffdrive_arduino/share/diffdrive_arduino/cmake/ament_cmake_export_dependencies-extras.cmake
-- Installing: /home/orin/ros2_ws/install/diffdrive_arduino/share/diffdrive_arduino/cmake/diffdrive_arduinoConfig.cmake
-- Installing: /home/orin/ros2_ws/install/diffdrive_arduino/share/diffdrive_arduino/cmake/diffdrive_arduinoConfig-version.cmake
-- Installing: /home/orin/ros2_ws/install/diffdrive_arduino/share/diffdrive_arduino/package.xml
