[0.269s] [34mcolcon[0m [1;30mDEBUG[0m [32mCommand line arguments: ['/usr/bin/colcon', 'build'][0m
[0.269s] [34mcolcon[0m [1;30mDEBUG[0m [32mParsed command line arguments: Namespace(log_base=None, log_level=None, verb_name='build', build_base='build', install_base='install', merge_install=False, symlink_install=False, test_result_base=None, continue_on_error=False, executor='parallel', parallel_workers=6, event_handlers=None, ignore_user_meta=False, metas=['./colcon.meta'], base_paths=['.'], packages_ignore=None, packages_ignore_regex=None, paths=None, packages_up_to=None, packages_up_to_regex=None, packages_above=None, packages_above_and_dependencies=None, packages_above_depth=None, packages_select_by_dep=None, packages_skip_by_dep=None, packages_skip_up_to=None, packages_select_build_failed=False, packages_skip_build_finished=False, packages_select_test_failures=False, packages_skip_test_passed=False, packages_select=None, packages_skip=None, packages_select_regex=None, packages_skip_regex=None, packages_start=None, packages_end=None, allow_overriding=[], cmake_args=None, cmake_target=None, cmake_target_skip_unavailable=False, cmake_clean_cache=False, cmake_clean_first=False, cmake_force_configure=False, ament_cmake_args=None, catkin_cmake_args=None, catkin_skip_building_tests=False, mixin_files=None, mixin=None, verb_parser=<colcon_mixin.mixin.mixin_argument.MixinArgumentDecorator object at 0xffff86b07640>, verb_extension=<colcon_core.verb.build.BuildVerb object at 0xffff86b06c80>, main=<bound method BuildVerb.main of <colcon_core.verb.build.BuildVerb object at 0xffff86b06c80>>, mixin_verb=('build',))[0m
[0.351s] [34mcolcon.colcon_core.package_discovery[0m [1;30mLevel 1[0m discover_packages(colcon_meta) check parameters
[0.351s] [34mcolcon.colcon_core.package_discovery[0m [1;30mLevel 1[0m discover_packages(recursive) check parameters
[0.351s] [34mcolcon.colcon_core.package_discovery[0m [1;30mLevel 1[0m discover_packages(ignore) check parameters
[0.351s] [34mcolcon.colcon_core.package_discovery[0m [1;30mLevel 1[0m discover_packages(path) check parameters
[0.352s] [34mcolcon.colcon_core.package_discovery[0m [1;30mLevel 1[0m discover_packages(colcon_meta) discover
[0.352s] [34mcolcon.colcon_core.package_discovery[0m [1;30mLevel 1[0m discover_packages(recursive) discover
[0.352s] [34mcolcon.colcon_core.package_discovery[0m [1;30mINFO[0m Crawling recursively for packages in '/home/orin/ros2_ws/src/hcsr04_sensor'
[0.352s] [34mcolcon.colcon_core.package_identification[0m [1;30mLevel 1[0m _identify(.) by extensions ['ignore', 'ignore_ament_install']
[0.352s] [34mcolcon.colcon_core.package_identification[0m [1;30mLevel 1[0m _identify(.) by extension 'ignore'
[0.353s] [34mcolcon.colcon_core.package_identification[0m [1;30mLevel 1[0m _identify(.) by extension 'ignore_ament_install'
[0.353s] [34mcolcon.colcon_core.package_identification[0m [1;30mLevel 1[0m _identify(.) by extensions ['colcon_pkg']
[0.353s] [34mcolcon.colcon_core.package_identification[0m [1;30mLevel 1[0m _identify(.) by extension 'colcon_pkg'
[0.353s] [34mcolcon.colcon_core.package_identification[0m [1;30mLevel 1[0m _identify(.) by extensions ['colcon_meta']
[0.353s] [34mcolcon.colcon_core.package_identification[0m [1;30mLevel 1[0m _identify(.) by extension 'colcon_meta'
[0.353s] [34mcolcon.colcon_core.package_identification[0m [1;30mLevel 1[0m _identify(.) by extensions ['ros']
[0.353s] [34mcolcon.colcon_core.package_identification[0m [1;30mLevel 1[0m _identify(.) by extension 'ros'
[0.388s] [34mcolcon.colcon_core.package_identification[0m [1;30mDEBUG[0m [32mPackage '.' with type 'ros.ament_python' and name 'hcsr04_sensor'[0m
[0.388s] [34mcolcon.colcon_core.package_discovery[0m [1;30mLevel 1[0m discover_packages(recursive) using defaults
[0.388s] [34mcolcon.colcon_core.package_discovery[0m [1;30mLevel 1[0m discover_packages(ignore) discover
[0.388s] [34mcolcon.colcon_core.package_discovery[0m [1;30mLevel 1[0m discover_packages(ignore) using defaults
[0.388s] [34mcolcon.colcon_core.package_discovery[0m [1;30mLevel 1[0m discover_packages(path) discover
[0.388s] [34mcolcon.colcon_core.package_discovery[0m [1;30mLevel 1[0m discover_packages(path) using defaults
[0.422s] [34mcolcon.colcon_core.package_discovery[0m [1;30mLevel 1[0m discover_packages(prefix_path) check parameters
[0.422s] [34mcolcon.colcon_core.package_discovery[0m [1;30mLevel 1[0m discover_packages(prefix_path) discover
[0.426s] [34mcolcon.colcon_installed_package_information.package_discovery[0m [1;30mDEBUG[0m [32mFound 1 installed packages in /home/orin/ros2_ws/src/hcsr04_sensor/install[0m
[0.430s] [34mcolcon.colcon_installed_package_information.package_discovery[0m [1;30mDEBUG[0m [32mFound 451 installed packages in /opt/ros/humble[0m
[0.434s] [34mcolcon.colcon_core.package_discovery[0m [1;30mLevel 1[0m discover_packages(prefix_path) using defaults
[0.544s] [34mcolcon.colcon_core.verb[0m [1;30mLevel 5[0m set package 'hcsr04_sensor' build argument 'cmake_args' from command line to 'None'
[0.544s] [34mcolcon.colcon_core.verb[0m [1;30mLevel 5[0m set package 'hcsr04_sensor' build argument 'cmake_target' from command line to 'None'
[0.544s] [34mcolcon.colcon_core.verb[0m [1;30mLevel 5[0m set package 'hcsr04_sensor' build argument 'cmake_target_skip_unavailable' from command line to 'False'
[0.545s] [34mcolcon.colcon_core.verb[0m [1;30mLevel 5[0m set package 'hcsr04_sensor' build argument 'cmake_clean_cache' from command line to 'False'
[0.545s] [34mcolcon.colcon_core.verb[0m [1;30mLevel 5[0m set package 'hcsr04_sensor' build argument 'cmake_clean_first' from command line to 'False'
[0.545s] [34mcolcon.colcon_core.verb[0m [1;30mLevel 5[0m set package 'hcsr04_sensor' build argument 'cmake_force_configure' from command line to 'False'
[0.545s] [34mcolcon.colcon_core.verb[0m [1;30mLevel 5[0m set package 'hcsr04_sensor' build argument 'ament_cmake_args' from command line to 'None'
[0.545s] [34mcolcon.colcon_core.verb[0m [1;30mLevel 5[0m set package 'hcsr04_sensor' build argument 'catkin_cmake_args' from command line to 'None'
[0.545s] [34mcolcon.colcon_core.verb[0m [1;30mLevel 5[0m set package 'hcsr04_sensor' build argument 'catkin_skip_building_tests' from command line to 'False'
[0.545s] [34mcolcon.colcon_core.verb[0m [1;30mDEBUG[0m [32mBuilding package 'hcsr04_sensor' with the following arguments: {'ament_cmake_args': None, 'build_base': '/home/orin/ros2_ws/src/hcsr04_sensor/build/hcsr04_sensor', 'catkin_cmake_args': None, 'catkin_skip_building_tests': False, 'cmake_args': None, 'cmake_clean_cache': False, 'cmake_clean_first': False, 'cmake_force_configure': False, 'cmake_target': None, 'cmake_target_skip_unavailable': False, 'install_base': '/home/orin/ros2_ws/src/hcsr04_sensor/install/hcsr04_sensor', 'merge_install': False, 'path': '/home/orin/ros2_ws/src/hcsr04_sensor', 'symlink_install': False, 'test_result_base': None}[0m
[0.545s] [34mcolcon.colcon_core.executor[0m [1;30mINFO[0m Executing jobs using 'parallel' executor
[0.548s] [34mcolcon.colcon_parallel_executor.executor.parallel[0m [1;30mDEBUG[0m [32mrun_until_complete[0m
[0.548s] [34mcolcon.colcon_ros.task.ament_python.build[0m [1;30mINFO[0m Building ROS package in '/home/orin/ros2_ws/src/hcsr04_sensor' with build type 'ament_python'
[0.549s] [34mcolcon.colcon_core.shell[0m [1;30mLevel 1[0m create_environment_hook('hcsr04_sensor', 'ament_prefix_path')
[0.553s] [34mcolcon.colcon_core.plugin_system[0m [1;30mINFO[0m Skipping extension 'colcon_core.shell.bat': Not used on non-Windows systems
[0.553s] [34mcolcon.colcon_core.shell[0m [1;30mINFO[0m Creating environment hook '/home/orin/ros2_ws/src/hcsr04_sensor/install/hcsr04_sensor/share/hcsr04_sensor/hook/ament_prefix_path.ps1'
[0.555s] [34mcolcon.colcon_core.shell[0m [1;30mINFO[0m Creating environment descriptor '/home/orin/ros2_ws/src/hcsr04_sensor/install/hcsr04_sensor/share/hcsr04_sensor/hook/ament_prefix_path.dsv'
[0.556s] [34mcolcon.colcon_core.shell[0m [1;30mINFO[0m Creating environment hook '/home/orin/ros2_ws/src/hcsr04_sensor/install/hcsr04_sensor/share/hcsr04_sensor/hook/ament_prefix_path.sh'
[0.558s] [34mcolcon.colcon_core.shell[0m [1;30mINFO[0m Skip shell extension 'powershell' for command environment: Not usable outside of PowerShell
[0.558s] [34mcolcon.colcon_core.shell[0m [1;30mDEBUG[0m [32mSkip shell extension 'dsv' for command environment[0m
[1.181s] [34mcolcon.colcon_core.task.python.build[0m [1;30mINFO[0m Building Python package in '/home/orin/ros2_ws/src/hcsr04_sensor'
[1.182s] [34mcolcon.colcon_core.shell[0m [1;30mINFO[0m Skip shell extension 'powershell' for command environment: Not usable outside of PowerShell
[1.182s] [34mcolcon.colcon_core.shell[0m [1;30mDEBUG[0m [32mSkip shell extension 'dsv' for command environment[0m
[2.658s] [34mcolcon.colcon_core.event_handler.log_command[0m [1;30mDEBUG[0m [32mInvoking command in '/home/orin/ros2_ws/src/hcsr04_sensor': PYTHONPATH=/home/orin/ros2_ws/src/hcsr04_sensor/build/hcsr04_sensor/prefix_override:/usr/lib/python3/dist-packages/colcon_core/task/python/colcon_distutils_commands:/home/orin/ros2_ws/src/hcsr04_sensor/install/hcsr04_sensor/lib/python3.10/site-packages:${PYTHONPATH} /usr/bin/python3 -W ignore:setup.py install is deprecated setup.py egg_info --egg-base build/hcsr04_sensor build --build-base /home/orin/ros2_ws/src/hcsr04_sensor/build/hcsr04_sensor/build install --record /home/orin/ros2_ws/src/hcsr04_sensor/build/hcsr04_sensor/install.log --single-version-externally-managed install_data[0m
[4.130s] [34mcolcon.colcon_core.event_handler.log_command[0m [1;30mDEBUG[0m [32mInvoked command in '/home/orin/ros2_ws/src/hcsr04_sensor' returned '0': PYTHONPATH=/home/orin/ros2_ws/src/hcsr04_sensor/build/hcsr04_sensor/prefix_override:/usr/lib/python3/dist-packages/colcon_core/task/python/colcon_distutils_commands:/home/orin/ros2_ws/src/hcsr04_sensor/install/hcsr04_sensor/lib/python3.10/site-packages:${PYTHONPATH} /usr/bin/python3 -W ignore:setup.py install is deprecated setup.py egg_info --egg-base build/hcsr04_sensor build --build-base /home/orin/ros2_ws/src/hcsr04_sensor/build/hcsr04_sensor/build install --record /home/orin/ros2_ws/src/hcsr04_sensor/build/hcsr04_sensor/install.log --single-version-externally-managed install_data[0m
[4.137s] [34mcolcon.colcon_core.environment[0m [1;30mLevel 1[0m checking '/home/orin/ros2_ws/src/hcsr04_sensor/install/hcsr04_sensor' for CMake module files
[4.138s] [34mcolcon.colcon_core.environment[0m [1;30mLevel 1[0m checking '/home/orin/ros2_ws/src/hcsr04_sensor/install/hcsr04_sensor' for CMake config files
[4.140s] [34mcolcon.colcon_core.environment[0m [1;30mLevel 1[0m checking '/home/orin/ros2_ws/src/hcsr04_sensor/install/hcsr04_sensor/lib'
[4.140s] [34mcolcon.colcon_core.environment[0m [1;30mLevel 1[0m checking '/home/orin/ros2_ws/src/hcsr04_sensor/install/hcsr04_sensor/bin'
[4.141s] [34mcolcon.colcon_core.environment[0m [1;30mLevel 1[0m checking '/home/orin/ros2_ws/src/hcsr04_sensor/install/hcsr04_sensor/lib/pkgconfig/hcsr04_sensor.pc'
[4.141s] [34mcolcon.colcon_core.environment[0m [1;30mLevel 1[0m checking '/home/orin/ros2_ws/src/hcsr04_sensor/install/hcsr04_sensor/lib/python3.10/site-packages'
[4.141s] [34mcolcon.colcon_core.shell[0m [1;30mLevel 1[0m create_environment_hook('hcsr04_sensor', 'pythonpath')
[4.142s] [34mcolcon.colcon_core.shell[0m [1;30mINFO[0m Creating environment hook '/home/orin/ros2_ws/src/hcsr04_sensor/install/hcsr04_sensor/share/hcsr04_sensor/hook/pythonpath.ps1'
[4.144s] [34mcolcon.colcon_core.shell[0m [1;30mINFO[0m Creating environment descriptor '/home/orin/ros2_ws/src/hcsr04_sensor/install/hcsr04_sensor/share/hcsr04_sensor/hook/pythonpath.dsv'
[4.145s] [34mcolcon.colcon_core.shell[0m [1;30mINFO[0m Creating environment hook '/home/orin/ros2_ws/src/hcsr04_sensor/install/hcsr04_sensor/share/hcsr04_sensor/hook/pythonpath.sh'
[4.146s] [34mcolcon.colcon_core.environment[0m [1;30mLevel 1[0m checking '/home/orin/ros2_ws/src/hcsr04_sensor/install/hcsr04_sensor/bin'
[4.146s] [34mcolcon.colcon_core.environment[0m [1;30mLevel 1[0m create_environment_scripts_only(hcsr04_sensor)
[4.148s] [34mcolcon.colcon_core.shell[0m [1;30mINFO[0m Creating package script '/home/orin/ros2_ws/src/hcsr04_sensor/install/hcsr04_sensor/share/hcsr04_sensor/package.ps1'
[4.149s] [34mcolcon.colcon_core.shell[0m [1;30mINFO[0m Creating package descriptor '/home/orin/ros2_ws/src/hcsr04_sensor/install/hcsr04_sensor/share/hcsr04_sensor/package.dsv'
[4.152s] [34mcolcon.colcon_core.shell[0m [1;30mINFO[0m Creating package script '/home/orin/ros2_ws/src/hcsr04_sensor/install/hcsr04_sensor/share/hcsr04_sensor/package.sh'
[4.153s] [34mcolcon.colcon_core.shell[0m [1;30mINFO[0m Creating package script '/home/orin/ros2_ws/src/hcsr04_sensor/install/hcsr04_sensor/share/hcsr04_sensor/package.bash'
[4.155s] [34mcolcon.colcon_core.shell[0m [1;30mINFO[0m Creating package script '/home/orin/ros2_ws/src/hcsr04_sensor/install/hcsr04_sensor/share/hcsr04_sensor/package.zsh'
[4.157s] [34mcolcon.colcon_core.environment[0m [1;30mLevel 1[0m create_file_with_runtime_dependencies(/home/orin/ros2_ws/src/hcsr04_sensor/install/hcsr04_sensor/share/colcon-core/packages/hcsr04_sensor)
[4.157s] [34mcolcon.colcon_parallel_executor.executor.parallel[0m [1;30mDEBUG[0m [32mclosing loop[0m
[4.159s] [34mcolcon.colcon_parallel_executor.executor.parallel[0m [1;30mDEBUG[0m [32mloop closed[0m
[4.159s] [34mcolcon.colcon_parallel_executor.executor.parallel[0m [1;30mDEBUG[0m [32mrun_until_complete finished with '0'[0m
[4.159s] [34mcolcon.colcon_core.event_reactor[0m [1;30mDEBUG[0m [32mjoining thread[0m
[4.176s] [34mcolcon.colcon_core.plugin_system[0m [1;30mINFO[0m Skipping extension 'colcon_notification.desktop_notification.terminal_notifier': Not used on non-Darwin systems
[4.176s] [34mcolcon.colcon_core.plugin_system[0m [1;30mINFO[0m Skipping extension 'colcon_notification.desktop_notification.win32': Not used on non-Windows systems
[4.177s] [34mcolcon.colcon_notification.desktop_notification[0m [1;30mINFO[0m Sending desktop notification using 'notify2'
[4.223s] [34mcolcon.colcon_core.event_reactor[0m [1;30mDEBUG[0m [32mjoined thread[0m
[4.224s] [34mcolcon.colcon_core.shell[0m [1;30mINFO[0m Creating prefix script '/home/orin/ros2_ws/src/hcsr04_sensor/install/local_setup.ps1'
[4.228s] [34mcolcon.colcon_core.shell[0m [1;30mINFO[0m Creating prefix util module '/home/orin/ros2_ws/src/hcsr04_sensor/install/_local_setup_util_ps1.py'
[4.233s] [34mcolcon.colcon_core.shell[0m [1;30mINFO[0m Creating prefix chain script '/home/orin/ros2_ws/src/hcsr04_sensor/install/setup.ps1'
[4.236s] [34mcolcon.colcon_core.shell[0m [1;30mINFO[0m Creating prefix script '/home/orin/ros2_ws/src/hcsr04_sensor/install/local_setup.sh'
[4.238s] [34mcolcon.colcon_core.shell[0m [1;30mINFO[0m Creating prefix util module '/home/orin/ros2_ws/src/hcsr04_sensor/install/_local_setup_util_sh.py'
[4.239s] [34mcolcon.colcon_core.shell[0m [1;30mINFO[0m Creating prefix chain script '/home/orin/ros2_ws/src/hcsr04_sensor/install/setup.sh'
[4.242s] [34mcolcon.colcon_core.shell[0m [1;30mINFO[0m Creating prefix script '/home/orin/ros2_ws/src/hcsr04_sensor/install/local_setup.bash'
[4.244s] [34mcolcon.colcon_core.shell[0m [1;30mINFO[0m Creating prefix chain script '/home/orin/ros2_ws/src/hcsr04_sensor/install/setup.bash'
[4.248s] [34mcolcon.colcon_core.shell[0m [1;30mINFO[0m Creating prefix script '/home/orin/ros2_ws/src/hcsr04_sensor/install/local_setup.zsh'
[4.250s] [34mcolcon.colcon_core.shell[0m [1;30mINFO[0m Creating prefix chain script '/home/orin/ros2_ws/src/hcsr04_sensor/install/setup.zsh'
