[2.468s] Invoking command in '/home/orin/ros2_ws/build/examples_rclpy_minimal_service': PYTHONPATH=/home/orin/ros2_ws/build/examples_rclpy_minimal_service/prefix_override:/usr/lib/python3/dist-packages/colcon_core/task/python/colcon_distutils_commands:/home/orin/ros2_ws/install/examples_rclpy_minimal_service/lib/python3.10/site-packages:${PYTHONPATH} /usr/bin/python3 -W ignore:setup.py install is deprecated -W ignore:easy_install command is deprecated setup.py develop --uninstall --editable --build-directory /home/orin/ros2_ws/build/examples_rclpy_minimal_service/build
[3.008s] /home/orin/.local/lib/python3.10/site-packages/setuptools/_distutils/dist.py:261: UserWarning: Unknown distribution option: 'tests_require'
[3.008s]   warnings.warn(msg)
[3.549s] running develop
[4.331s] Removing /home/orin/ros2_ws/install/examples_rclpy_minimal_service/lib/python3.10/site-packages/examples-rclpy-minimal-service.egg-link (link to .)
[4.492s] Invoked command in '/home/orin/ros2_ws/build/examples_rclpy_minimal_service' returned '0': PYTHONPATH=/home/orin/ros2_ws/build/examples_rclpy_minimal_service/prefix_override:/usr/lib/python3/dist-packages/colcon_core/task/python/colcon_distutils_commands:/home/orin/ros2_ws/install/examples_rclpy_minimal_service/lib/python3.10/site-packages:${PYTHONPATH} /usr/bin/python3 -W ignore:setup.py install is deprecated -W ignore:easy_install command is deprecated setup.py develop --uninstall --editable --build-directory /home/orin/ros2_ws/build/examples_rclpy_minimal_service/build
[4.493s] Invoking command in '/home/orin/ros2_ws/src/examples/rclpy/services/minimal_service': PYTHONPATH=/home/orin/ros2_ws/build/examples_rclpy_minimal_service/prefix_override:/usr/lib/python3/dist-packages/colcon_core/task/python/colcon_distutils_commands:/home/orin/ros2_ws/install/examples_rclpy_minimal_service/lib/python3.10/site-packages:${PYTHONPATH} /usr/bin/python3 -W ignore:setup.py install is deprecated -W ignore:easy_install command is deprecated setup.py egg_info --egg-base ../../../../../build/examples_rclpy_minimal_service build --build-base /home/orin/ros2_ws/build/examples_rclpy_minimal_service/build install --record /home/orin/ros2_ws/build/examples_rclpy_minimal_service/install.log --single-version-externally-managed install_data --force
[4.956s] /home/orin/.local/lib/python3.10/site-packages/setuptools/_distutils/dist.py:261: UserWarning: Unknown distribution option: 'tests_require'
[4.956s]   warnings.warn(msg)
[5.315s] running egg_info
[5.370s] writing ../../../../../build/examples_rclpy_minimal_service/examples_rclpy_minimal_service.egg-info/PKG-INFO
[5.372s] writing dependency_links to ../../../../../build/examples_rclpy_minimal_service/examples_rclpy_minimal_service.egg-info/dependency_links.txt
[5.374s] writing entry points to ../../../../../build/examples_rclpy_minimal_service/examples_rclpy_minimal_service.egg-info/entry_points.txt
[5.375s] writing requirements to ../../../../../build/examples_rclpy_minimal_service/examples_rclpy_minimal_service.egg-info/requires.txt
[5.376s] writing top-level names to ../../../../../build/examples_rclpy_minimal_service/examples_rclpy_minimal_service.egg-info/top_level.txt
[5.555s] reading manifest file '../../../../../build/examples_rclpy_minimal_service/examples_rclpy_minimal_service.egg-info/SOURCES.txt'
[5.560s] writing manifest file '../../../../../build/examples_rclpy_minimal_service/examples_rclpy_minimal_service.egg-info/SOURCES.txt'
[5.561s] running build
[5.562s] running build_py
[5.563s] copying examples_rclpy_minimal_service/__init__.py -> /home/orin/ros2_ws/build/examples_rclpy_minimal_service/build/lib/examples_rclpy_minimal_service
[5.564s] copying examples_rclpy_minimal_service/service_member_function.py -> /home/orin/ros2_ws/build/examples_rclpy_minimal_service/build/lib/examples_rclpy_minimal_service
[5.565s] copying examples_rclpy_minimal_service/service.py -> /home/orin/ros2_ws/build/examples_rclpy_minimal_service/build/lib/examples_rclpy_minimal_service
[5.566s] running install
[5.577s] running install_lib
[5.633s] creating /home/orin/ros2_ws/install/examples_rclpy_minimal_service/lib/python3.10/site-packages/examples_rclpy_minimal_service
[5.637s] copying /home/orin/ros2_ws/build/examples_rclpy_minimal_service/build/lib/examples_rclpy_minimal_service/__init__.py -> /home/orin/ros2_ws/install/examples_rclpy_minimal_service/lib/python3.10/site-packages/examples_rclpy_minimal_service
[5.637s] copying /home/orin/ros2_ws/build/examples_rclpy_minimal_service/build/lib/examples_rclpy_minimal_service/service_member_function.py -> /home/orin/ros2_ws/install/examples_rclpy_minimal_service/lib/python3.10/site-packages/examples_rclpy_minimal_service
[5.637s] copying /home/orin/ros2_ws/build/examples_rclpy_minimal_service/build/lib/examples_rclpy_minimal_service/service.py -> /home/orin/ros2_ws/install/examples_rclpy_minimal_service/lib/python3.10/site-packages/examples_rclpy_minimal_service
[5.639s] byte-compiling /home/orin/ros2_ws/install/examples_rclpy_minimal_service/lib/python3.10/site-packages/examples_rclpy_minimal_service/__init__.py to __init__.cpython-310.pyc
[5.639s] byte-compiling /home/orin/ros2_ws/install/examples_rclpy_minimal_service/lib/python3.10/site-packages/examples_rclpy_minimal_service/service_member_function.py to service_member_function.cpython-310.pyc
[5.641s] byte-compiling /home/orin/ros2_ws/install/examples_rclpy_minimal_service/lib/python3.10/site-packages/examples_rclpy_minimal_service/service.py to service.cpython-310.pyc
[5.641s] running install_data
[5.641s] copying resource/examples_rclpy_minimal_service -> /home/orin/ros2_ws/install/examples_rclpy_minimal_service/share/ament_index/resource_index/packages
[5.645s] copying package.xml -> /home/orin/ros2_ws/install/examples_rclpy_minimal_service/share/examples_rclpy_minimal_service
[5.648s] running install_egg_info
[5.709s] Copying ../../../../../build/examples_rclpy_minimal_service/examples_rclpy_minimal_service.egg-info to /home/orin/ros2_ws/install/examples_rclpy_minimal_service/lib/python3.10/site-packages/examples_rclpy_minimal_service-0.15.2-py3.10.egg-info
[5.713s] running install_scripts
[6.199s] Installing service script to /home/orin/ros2_ws/install/examples_rclpy_minimal_service/lib/examples_rclpy_minimal_service
[6.200s] Installing service_member_function script to /home/orin/ros2_ws/install/examples_rclpy_minimal_service/lib/examples_rclpy_minimal_service
[6.201s] writing list of installed files to '/home/orin/ros2_ws/build/examples_rclpy_minimal_service/install.log'
[6.323s] Invoked command in '/home/orin/ros2_ws/src/examples/rclpy/services/minimal_service' returned '0': PYTHONPATH=/home/orin/ros2_ws/build/examples_rclpy_minimal_service/prefix_override:/usr/lib/python3/dist-packages/colcon_core/task/python/colcon_distutils_commands:/home/orin/ros2_ws/install/examples_rclpy_minimal_service/lib/python3.10/site-packages:${PYTHONPATH} /usr/bin/python3 -W ignore:setup.py install is deprecated -W ignore:easy_install command is deprecated setup.py egg_info --egg-base ../../../../../build/examples_rclpy_minimal_service build --build-base /home/orin/ros2_ws/build/examples_rclpy_minimal_service/build install --record /home/orin/ros2_ws/build/examples_rclpy_minimal_service/install.log --single-version-externally-managed install_data --force
