[ 40%] Built target send_trajectory
[ 60%] [32mBuilding CXX object CMakeFiles/ros2_control_demo_example_7.dir/hardware/r6bot_hardware.cpp.o[0m
[ 80%] [32mBuilding CXX object CMakeFiles/ros2_control_demo_example_7.dir/controller/r6bot_controller.cpp.o[0m
In file included from [01m[K/home/orin/ros2_ws/src/ros2_control_demos/example_7/controller/include/ros2_control_demo_example_7/r6bot_controller.hpp:36[m[K,
                 from [01m[K/home/orin/ros2_ws/src/ros2_control_demos/example_7/controller/r6bot_controller.cpp:15[m[K:
[01m[K/opt/ros/humble/include/realtime_tools/realtime_tools/realtime_buffer.h:22:100:[m[K [01;36m[Knote: [m[K‘[01m[K#pragma message: This header include is deprecated. Please update your code to use 'realtime_buffer.hpp' header.[m[K’
   22 |   "This header include is deprecated. Please update your code to use 'realtime_buffer.hpp' header."[01;36m[K)[m[K  //NOLINT
      |                                                                                                    [01;36m[K^[m[K
[100%] [32m[1mLinking CXX shared library libros2_control_demo_example_7.so[0m
[100%] Built target ros2_control_demo_example_7
-- Install configuration: ""
-- Execute custom install script
-- Up-to-date symlink: /home/orin/ros2_ws/install/ros2_control_demo_example_7/share/ros2_control_demo_example_7//ros2_control_demo_example_7.xml
-- Up-to-date symlink: /home/orin/ros2_ws/install/ros2_control_demo_example_7/share/ros2_control_demo_example_7//ros2_control_demo_example_7.xml
-- Up-to-date symlink: /home/orin/ros2_ws/install/ros2_control_demo_example_7/include/ros2_control_demo_example_7/ros2_control_demo_example_7/r6bot_hardware.hpp
-- Up-to-date symlink: /home/orin/ros2_ws/install/ros2_control_demo_example_7/share/ros2_control_demo_example_7/launch/view_r6bot.launch.py
-- Up-to-date symlink: /home/orin/ros2_ws/install/ros2_control_demo_example_7/share/ros2_control_demo_example_7/ros2_control/r6bot.ros2_control.xacro
-- Up-to-date symlink: /home/orin/ros2_ws/install/ros2_control_demo_example_7/share/ros2_control_demo_example_7/urdf/r6bot.urdf.xacro
-- Up-to-date symlink: /home/orin/ros2_ws/install/ros2_control_demo_example_7/share/ros2_control_demo_example_7/launch/r6bot_controller.launch.py
-- Up-to-date symlink: /home/orin/ros2_ws/install/ros2_control_demo_example_7/share/ros2_control_demo_example_7/launch/send_trajectory.launch.py
-- Up-to-date symlink: /home/orin/ros2_ws/install/ros2_control_demo_example_7/share/ros2_control_demo_example_7/config/r6bot_controller.yaml
-- Up-to-date symlink: /home/orin/ros2_ws/install/ros2_control_demo_example_7/lib/ros2_control_demo_example_7/send_trajectory
-- Up-to-date symlink: /home/orin/ros2_ws/install/ros2_control_demo_example_7/share/ros2_control_demo_example_7/environment/library_path.sh
-- Up-to-date symlink: /home/orin/ros2_ws/install/ros2_control_demo_example_7/share/ros2_control_demo_example_7/environment/library_path.dsv
-- Up-to-date symlink: /home/orin/ros2_ws/install/ros2_control_demo_example_7/share/ament_index/resource_index/package_run_dependencies/ros2_control_demo_example_7
-- Up-to-date symlink: /home/orin/ros2_ws/install/ros2_control_demo_example_7/share/ament_index/resource_index/parent_prefix_path/ros2_control_demo_example_7
-- Up-to-date symlink: /home/orin/ros2_ws/install/ros2_control_demo_example_7/share/ros2_control_demo_example_7/environment/ament_prefix_path.sh
-- Up-to-date symlink: /home/orin/ros2_ws/install/ros2_control_demo_example_7/share/ros2_control_demo_example_7/environment/ament_prefix_path.dsv
-- Up-to-date symlink: /home/orin/ros2_ws/install/ros2_control_demo_example_7/share/ros2_control_demo_example_7/environment/path.sh
-- Up-to-date symlink: /home/orin/ros2_ws/install/ros2_control_demo_example_7/share/ros2_control_demo_example_7/environment/path.dsv
-- Up-to-date symlink: /home/orin/ros2_ws/install/ros2_control_demo_example_7/share/ros2_control_demo_example_7/local_setup.bash
-- Up-to-date symlink: /home/orin/ros2_ws/install/ros2_control_demo_example_7/share/ros2_control_demo_example_7/local_setup.sh
-- Up-to-date symlink: /home/orin/ros2_ws/install/ros2_control_demo_example_7/share/ros2_control_demo_example_7/local_setup.zsh
-- Up-to-date symlink: /home/orin/ros2_ws/install/ros2_control_demo_example_7/share/ros2_control_demo_example_7/local_setup.dsv
-- Symlinking: /home/orin/ros2_ws/install/ros2_control_demo_example_7/share/ros2_control_demo_example_7/package.dsv
-- Up-to-date symlink: /home/orin/ros2_ws/install/ros2_control_demo_example_7/share/ament_index/resource_index/packages/ros2_control_demo_example_7
-- Up-to-date symlink: /home/orin/ros2_ws/install/ros2_control_demo_example_7/share/ament_index/resource_index/hardware_interface__pluginlib__plugin/ros2_control_demo_example_7
-- Up-to-date symlink: /home/orin/ros2_ws/install/ros2_control_demo_example_7/share/ament_index/resource_index/controller_interface__pluginlib__plugin/ros2_control_demo_example_7
-- Up-to-date symlink: /home/orin/ros2_ws/install/ros2_control_demo_example_7/share/ros2_control_demo_example_7/cmake/ament_cmake_export_targets-extras.cmake
-- Up-to-date symlink: /home/orin/ros2_ws/install/ros2_control_demo_example_7/share/ros2_control_demo_example_7/cmake/ament_cmake_export_dependencies-extras.cmake
-- Up-to-date symlink: /home/orin/ros2_ws/install/ros2_control_demo_example_7/share/ros2_control_demo_example_7/cmake/ros2_control_demo_example_7Config.cmake
-- Up-to-date symlink: /home/orin/ros2_ws/install/ros2_control_demo_example_7/share/ros2_control_demo_example_7/cmake/ros2_control_demo_example_7Config-version.cmake
-- Up-to-date symlink: /home/orin/ros2_ws/install/ros2_control_demo_example_7/share/ros2_control_demo_example_7/package.xml
-- Installing: /home/orin/ros2_ws/install/ros2_control_demo_example_7/lib/libros2_control_demo_example_7.so
-- Set runtime path of "/home/orin/ros2_ws/install/ros2_control_demo_example_7/lib/libros2_control_demo_example_7.so" to ""
-- Up-to-date: /home/orin/ros2_ws/install/ros2_control_demo_example_7/share/ros2_control_demo_example_7/cmake/export_ros2_control_demo_example_7Export.cmake
-- Up-to-date: /home/orin/ros2_ws/install/ros2_control_demo_example_7/share/ros2_control_demo_example_7/cmake/export_ros2_control_demo_example_7Export-noconfig.cmake
