[0.172s] Invoking command in '/home/orin/ros2_ws/build/my_bot_description': CMAKE_PREFIX_PATH=/home/orin/ros2_ws/install/sllidar_ros2:/home/orin/ros2_ws/install/ros2_control_demos:/home/orin/ros2_ws/install/ros2_control_demo_example_9:/home/orin/ros2_ws/install/ros2_control_demo_example_8:/home/orin/ros2_ws/install/ros2_control_demo_example_7:/home/orin/ros2_ws/install/ros2_control_demo_example_6:/home/orin/ros2_ws/install/ros2_control_demo_example_15:/home/orin/ros2_ws/install/ros2_control_demo_example_13:/home/orin/ros2_ws/install/ros2_control_demo_example_5:/home/orin/ros2_ws/install/ros2_control_demo_example_4:/home/orin/ros2_ws/install/ros2_control_demo_example_3:/home/orin/ros2_ws/install/ros2_control_demo_example_2:/home/orin/ros2_ws/install/ros2_control_demo_example_14:/home/orin/ros2_ws/install/ros2_control_demo_example_12:/home/orin/ros2_ws/install/ros2_control_demo_example_11:/home/orin/ros2_ws/install/ros2_control_demo_example_10:/home/orin/ros2_ws/install/ros2_control_demo_example_1:/home/orin/ros2_ws/install/ros2_control_demo_description:/home/orin/ros2_ws/install/my_bot_imu:/home/orin/ros2_ws/install/my_bot_description:/home/orin/ros2_ws/install/wheel_encoder_odometry:/home/orin/ros2_ws/install/ros2_control_demo_testing:/home/orin/ros2_ws/install/launch_testing_examples:/home/orin/ros2_ws/install/hcsr04_sensor:/home/orin/ros2_ws/install/examples_rclpy_pointcloud_publisher:/home/orin/ros2_ws/install/examples_rclpy_minimal_subscriber:/home/orin/ros2_ws/install/examples_rclpy_minimal_service:/home/orin/ros2_ws/install/examples_rclpy_minimal_publisher:/home/orin/ros2_ws/install/examples_rclpy_minimal_client:/home/orin/ros2_ws/install/examples_rclpy_minimal_action_server:/home/orin/ros2_ws/install/examples_rclpy_minimal_action_client:/home/orin/ros2_ws/install/examples_rclpy_guard_conditions:/home/orin/ros2_ws/install/examples_rclpy_executors:/home/orin/ros2_ws/install/encoder_ultrasonic_package:/home/orin/ros2_ws/install/arduino_odometry:/opt/ros/humble:/home/orin/ros2_ws/install/mobile_robot_description:/home/orin/ros2_ws/install/image_geometry:/home/orin/ros2_ws/install/gazebo_dev:/home/orin/ros2_ws/install/examples_rclcpp_wait_set:/home/orin/ros2_ws/install/examples_rclcpp_multithreaded_executor:/home/orin/ros2_ws/install/examples_rclcpp_minimal_timer:/home/orin/ros2_ws/install/examples_rclcpp_minimal_subscriber:/home/orin/ros2_ws/install/examples_rclcpp_minimal_service:/home/orin/ros2_ws/install/examples_rclcpp_minimal_publisher:/home/orin/ros2_ws/install/examples_rclcpp_minimal_composition:/home/orin/ros2_ws/install/examples_rclcpp_minimal_client:/home/orin/ros2_ws/install/examples_rclcpp_minimal_action_server:/home/orin/ros2_ws/install/examples_rclcpp_minimal_action_client:/home/orin/ros2_ws/install/examples_rclcpp_cbg_executor:/home/orin/ros2_ws/install/examples_rclcpp_async_client:/home/orin/ros2_ws/install/diffdrive_arduino:/home/orin/ros2_ws/install/depthai-ros:/home/orin/ros2_ws/install/depthai_ros_driver:/home/orin/ros2_ws/install/depthai_filters:/home/orin/ros2_ws/install/depthai_examples:/home/orin/ros2_ws/install/depthai_bridge:/home/orin/ros2_ws/install/depthai_ros_msgs:/home/orin/ros2_ws/install/depthai_descriptions:/home/orin/ros2_ws/install/cv_bridge:/home/orin/ros2_ws/install/articubot_one:/home/orin/ros2_ws/install/arduino_serial_comm /usr/bin/cmake --build /home/orin/ros2_ws/build/my_bot_description -- -j6 -l6
[0.548s] [100%] Built target my_bot_description
[0.649s] Invoked command in '/home/orin/ros2_ws/build/my_bot_description' returned '0': CMAKE_PREFIX_PATH=/home/orin/ros2_ws/install/sllidar_ros2:/home/orin/ros2_ws/install/ros2_control_demos:/home/orin/ros2_ws/install/ros2_control_demo_example_9:/home/orin/ros2_ws/install/ros2_control_demo_example_8:/home/orin/ros2_ws/install/ros2_control_demo_example_7:/home/orin/ros2_ws/install/ros2_control_demo_example_6:/home/orin/ros2_ws/install/ros2_control_demo_example_15:/home/orin/ros2_ws/install/ros2_control_demo_example_13:/home/orin/ros2_ws/install/ros2_control_demo_example_5:/home/orin/ros2_ws/install/ros2_control_demo_example_4:/home/orin/ros2_ws/install/ros2_control_demo_example_3:/home/orin/ros2_ws/install/ros2_control_demo_example_2:/home/orin/ros2_ws/install/ros2_control_demo_example_14:/home/orin/ros2_ws/install/ros2_control_demo_example_12:/home/orin/ros2_ws/install/ros2_control_demo_example_11:/home/orin/ros2_ws/install/ros2_control_demo_example_10:/home/orin/ros2_ws/install/ros2_control_demo_example_1:/home/orin/ros2_ws/install/ros2_control_demo_description:/home/orin/ros2_ws/install/my_bot_imu:/home/orin/ros2_ws/install/my_bot_description:/home/orin/ros2_ws/install/wheel_encoder_odometry:/home/orin/ros2_ws/install/ros2_control_demo_testing:/home/orin/ros2_ws/install/launch_testing_examples:/home/orin/ros2_ws/install/hcsr04_sensor:/home/orin/ros2_ws/install/examples_rclpy_pointcloud_publisher:/home/orin/ros2_ws/install/examples_rclpy_minimal_subscriber:/home/orin/ros2_ws/install/examples_rclpy_minimal_service:/home/orin/ros2_ws/install/examples_rclpy_minimal_publisher:/home/orin/ros2_ws/install/examples_rclpy_minimal_client:/home/orin/ros2_ws/install/examples_rclpy_minimal_action_server:/home/orin/ros2_ws/install/examples_rclpy_minimal_action_client:/home/orin/ros2_ws/install/examples_rclpy_guard_conditions:/home/orin/ros2_ws/install/examples_rclpy_executors:/home/orin/ros2_ws/install/encoder_ultrasonic_package:/home/orin/ros2_ws/install/arduino_odometry:/opt/ros/humble:/home/orin/ros2_ws/install/mobile_robot_description:/home/orin/ros2_ws/install/image_geometry:/home/orin/ros2_ws/install/gazebo_dev:/home/orin/ros2_ws/install/examples_rclcpp_wait_set:/home/orin/ros2_ws/install/examples_rclcpp_multithreaded_executor:/home/orin/ros2_ws/install/examples_rclcpp_minimal_timer:/home/orin/ros2_ws/install/examples_rclcpp_minimal_subscriber:/home/orin/ros2_ws/install/examples_rclcpp_minimal_service:/home/orin/ros2_ws/install/examples_rclcpp_minimal_publisher:/home/orin/ros2_ws/install/examples_rclcpp_minimal_composition:/home/orin/ros2_ws/install/examples_rclcpp_minimal_client:/home/orin/ros2_ws/install/examples_rclcpp_minimal_action_server:/home/orin/ros2_ws/install/examples_rclcpp_minimal_action_client:/home/orin/ros2_ws/install/examples_rclcpp_cbg_executor:/home/orin/ros2_ws/install/examples_rclcpp_async_client:/home/orin/ros2_ws/install/diffdrive_arduino:/home/orin/ros2_ws/install/depthai-ros:/home/orin/ros2_ws/install/depthai_ros_driver:/home/orin/ros2_ws/install/depthai_filters:/home/orin/ros2_ws/install/depthai_examples:/home/orin/ros2_ws/install/depthai_bridge:/home/orin/ros2_ws/install/depthai_ros_msgs:/home/orin/ros2_ws/install/depthai_descriptions:/home/orin/ros2_ws/install/cv_bridge:/home/orin/ros2_ws/install/articubot_one:/home/orin/ros2_ws/install/arduino_serial_comm /usr/bin/cmake --build /home/orin/ros2_ws/build/my_bot_description -- -j6 -l6
[1.037s] Invoking command in '/home/orin/ros2_ws/build/my_bot_description': CMAKE_PREFIX_PATH=/home/orin/ros2_ws/install/sllidar_ros2:/home/orin/ros2_ws/install/ros2_control_demos:/home/orin/ros2_ws/install/ros2_control_demo_example_9:/home/orin/ros2_ws/install/ros2_control_demo_example_8:/home/orin/ros2_ws/install/ros2_control_demo_example_7:/home/orin/ros2_ws/install/ros2_control_demo_example_6:/home/orin/ros2_ws/install/ros2_control_demo_example_15:/home/orin/ros2_ws/install/ros2_control_demo_example_13:/home/orin/ros2_ws/install/ros2_control_demo_example_5:/home/orin/ros2_ws/install/ros2_control_demo_example_4:/home/orin/ros2_ws/install/ros2_control_demo_example_3:/home/orin/ros2_ws/install/ros2_control_demo_example_2:/home/orin/ros2_ws/install/ros2_control_demo_example_14:/home/orin/ros2_ws/install/ros2_control_demo_example_12:/home/orin/ros2_ws/install/ros2_control_demo_example_11:/home/orin/ros2_ws/install/ros2_control_demo_example_10:/home/orin/ros2_ws/install/ros2_control_demo_example_1:/home/orin/ros2_ws/install/ros2_control_demo_description:/home/orin/ros2_ws/install/my_bot_imu:/home/orin/ros2_ws/install/my_bot_description:/home/orin/ros2_ws/install/wheel_encoder_odometry:/home/orin/ros2_ws/install/ros2_control_demo_testing:/home/orin/ros2_ws/install/launch_testing_examples:/home/orin/ros2_ws/install/hcsr04_sensor:/home/orin/ros2_ws/install/examples_rclpy_pointcloud_publisher:/home/orin/ros2_ws/install/examples_rclpy_minimal_subscriber:/home/orin/ros2_ws/install/examples_rclpy_minimal_service:/home/orin/ros2_ws/install/examples_rclpy_minimal_publisher:/home/orin/ros2_ws/install/examples_rclpy_minimal_client:/home/orin/ros2_ws/install/examples_rclpy_minimal_action_server:/home/orin/ros2_ws/install/examples_rclpy_minimal_action_client:/home/orin/ros2_ws/install/examples_rclpy_guard_conditions:/home/orin/ros2_ws/install/examples_rclpy_executors:/home/orin/ros2_ws/install/encoder_ultrasonic_package:/home/orin/ros2_ws/install/arduino_odometry:/opt/ros/humble:/home/orin/ros2_ws/install/mobile_robot_description:/home/orin/ros2_ws/install/image_geometry:/home/orin/ros2_ws/install/gazebo_dev:/home/orin/ros2_ws/install/examples_rclcpp_wait_set:/home/orin/ros2_ws/install/examples_rclcpp_multithreaded_executor:/home/orin/ros2_ws/install/examples_rclcpp_minimal_timer:/home/orin/ros2_ws/install/examples_rclcpp_minimal_subscriber:/home/orin/ros2_ws/install/examples_rclcpp_minimal_service:/home/orin/ros2_ws/install/examples_rclcpp_minimal_publisher:/home/orin/ros2_ws/install/examples_rclcpp_minimal_composition:/home/orin/ros2_ws/install/examples_rclcpp_minimal_client:/home/orin/ros2_ws/install/examples_rclcpp_minimal_action_server:/home/orin/ros2_ws/install/examples_rclcpp_minimal_action_client:/home/orin/ros2_ws/install/examples_rclcpp_cbg_executor:/home/orin/ros2_ws/install/examples_rclcpp_async_client:/home/orin/ros2_ws/install/diffdrive_arduino:/home/orin/ros2_ws/install/depthai-ros:/home/orin/ros2_ws/install/depthai_ros_driver:/home/orin/ros2_ws/install/depthai_filters:/home/orin/ros2_ws/install/depthai_examples:/home/orin/ros2_ws/install/depthai_bridge:/home/orin/ros2_ws/install/depthai_ros_msgs:/home/orin/ros2_ws/install/depthai_descriptions:/home/orin/ros2_ws/install/cv_bridge:/home/orin/ros2_ws/install/articubot_one:/home/orin/ros2_ws/install/arduino_serial_comm /usr/bin/cmake --install /home/orin/ros2_ws/build/my_bot_description
[1.084s] -- Install configuration: ""
[1.093s] -- Execute custom install script
[1.101s] -- Up-to-date symlink: /home/orin/ros2_ws/install/my_bot_description/share/my_bot_description//my_bot_ros2_control.xml
[1.107s] -- Up-to-date symlink: /home/orin/ros2_ws/install/my_bot_description/share/my_bot_description/config/my_bot/back_wheel.yaml
[1.108s] -- Up-to-date symlink: /home/orin/ros2_ws/install/my_bot_description/share/my_bot_description/config/my_bot/base.yaml
[1.108s] -- Up-to-date symlink: /home/orin/ros2_ws/install/my_bot_description/share/my_bot_description/config/my_bot/front_wheel.yaml
[1.110s] -- Up-to-date symlink: /home/orin/ros2_ws/install/my_bot_description/share/my_bot_description/config/my_bot/imu.yaml
[1.111s] -- Up-to-date symlink: /home/orin/ros2_ws/install/my_bot_description/share/my_bot_description/config/my_bot/motor.yaml
[1.113s] -- Up-to-date symlink: /home/orin/ros2_ws/install/my_bot_description/share/my_bot_description/config/my_bot/sensors.yaml
[1.115s] -- Up-to-date symlink: /home/orin/ros2_ws/install/my_bot_description/share/my_bot_description/config/my_bot/wheel.yaml
[1.115s] -- Up-to-date symlink: /home/orin/ros2_ws/install/my_bot_description/share/my_bot_description/config/my_controllers.yaml
[1.123s] -- Up-to-date symlink: /home/orin/ros2_ws/install/my_bot_description/share/my_bot_description/config/twist_mux.yaml
[1.127s] -- Up-to-date symlink: /home/orin/ros2_ws/install/my_bot_description/share/my_bot_description/description/camera.xacro
[1.133s] -- Up-to-date symlink: /home/orin/ros2_ws/install/my_bot_description/share/my_bot_description/description/depth_camera.xacro
[1.139s] -- Up-to-date symlink: /home/orin/ros2_ws/install/my_bot_description/share/my_bot_description/description/gazebo_control.xacro
[1.139s] -- Up-to-date symlink: /home/orin/ros2_ws/install/my_bot_description/share/my_bot_description/description/imu.xacro
[1.140s] -- Up-to-date symlink: /home/orin/ros2_ws/install/my_bot_description/share/my_bot_description/description/inertial_macros.xacro
[1.140s] -- Up-to-date symlink: /home/orin/ros2_ws/install/my_bot_description/share/my_bot_description/description/lidar.xacro
[1.140s] -- Up-to-date symlink: /home/orin/ros2_ws/install/my_bot_description/share/my_bot_description/description/meshes/components/wheel.stl
[1.140s] -- Up-to-date symlink: /home/orin/ros2_ws/install/my_bot_description/share/my_bot_description/description/meshes/my_bot/bottom_plate.stl
[1.140s] -- Up-to-date symlink: /home/orin/ros2_ws/install/my_bot_description/share/my_bot_description/description/meshes/my_bot/bottom_plate_original.stl
[1.140s] -- Up-to-date symlink: /home/orin/ros2_ws/install/my_bot_description/share/my_bot_description/description/meshes/my_bot/dead_plate.stl
[1.141s] -- Up-to-date symlink: /home/orin/ros2_ws/install/my_bot_description/share/my_bot_description/description/meshes/my_bot/motor.stl
[1.141s] -- Up-to-date symlink: /home/orin/ros2_ws/install/my_bot_description/share/my_bot_description/description/meshes/my_bot/top_plate.stl
[1.141s] -- Up-to-date symlink: /home/orin/ros2_ws/install/my_bot_description/share/my_bot_description/description/meshes/my_bot/wheel_rim.stl
[1.141s] -- Up-to-date symlink: /home/orin/ros2_ws/install/my_bot_description/share/my_bot_description/description/meshes/my_bot/wheel_tire.stl
[1.141s] -- Up-to-date symlink: /home/orin/ros2_ws/install/my_bot_description/share/my_bot_description/description/meshes/sensors/OAK-D-LITE.stl
[1.141s] -- Up-to-date symlink: /home/orin/ros2_ws/install/my_bot_description/share/my_bot_description/description/meshes/sensors/rplidar_main.stl
[1.141s] -- Up-to-date symlink: /home/orin/ros2_ws/install/my_bot_description/share/my_bot_description/description/my_bot.urdf.xacro
[1.142s] -- Up-to-date symlink: /home/orin/ros2_ws/install/my_bot_description/share/my_bot_description/description/robot.urdf
[1.142s] -- Up-to-date symlink: /home/orin/ros2_ws/install/my_bot_description/share/my_bot_description/description/robot.urdf.xacro
[1.142s] -- Up-to-date symlink: /home/orin/ros2_ws/install/my_bot_description/share/my_bot_description/description/robot_core.xacro
[1.142s] -- Up-to-date symlink: /home/orin/ros2_ws/install/my_bot_description/share/my_bot_description/description/ros2_control/my_bot_ros2_control.xacro
[1.146s] -- Up-to-date symlink: /home/orin/ros2_ws/install/my_bot_description/share/my_bot_description/description/ros2_control/ros2_control.xacro
[1.153s] -- Up-to-date symlink: /home/orin/ros2_ws/install/my_bot_description/share/my_bot_description/hardware/ROSArduinoBridge.ino
[1.155s] -- Up-to-date symlink: /home/orin/ros2_ws/install/my_bot_description/share/my_bot_description/hardware/ROSArduinoBridge/.encoder_driver.h.swp
[1.168s] -- Up-to-date symlink: /home/orin/ros2_ws/install/my_bot_description/share/my_bot_description/hardware/ROSArduinoBridge/ROSArduinoBridge.ino
[1.174s] -- Up-to-date symlink: /home/orin/ros2_ws/install/my_bot_description/share/my_bot_description/hardware/ROSArduinoBridge/commands.h
[1.176s] -- Up-to-date symlink: /home/orin/ros2_ws/install/my_bot_description/share/my_bot_description/hardware/ROSArduinoBridge/diff_controller.h
[1.180s] -- Up-to-date symlink: /home/orin/ros2_ws/install/my_bot_description/share/my_bot_description/hardware/ROSArduinoBridge/encoder_driver.h
[1.183s] -- Up-to-date symlink: /home/orin/ros2_ws/install/my_bot_description/share/my_bot_description/hardware/ROSArduinoBridge/encoder_driver.ino
[1.184s] -- Up-to-date symlink: /home/orin/ros2_ws/install/my_bot_description/share/my_bot_description/hardware/ROSArduinoBridge/motor_driver.h
[1.184s] -- Up-to-date symlink: /home/orin/ros2_ws/install/my_bot_description/share/my_bot_description/hardware/ROSArduinoBridge/motor_driver.ino
[1.184s] -- Up-to-date symlink: /home/orin/ros2_ws/install/my_bot_description/share/my_bot_description/hardware/ROSArduinoBridge/sensors.h
[1.184s] -- Up-to-date symlink: /home/orin/ros2_ws/install/my_bot_description/share/my_bot_description/hardware/ROSArduinoBridge/servos.h
[1.184s] -- Up-to-date symlink: /home/orin/ros2_ws/install/my_bot_description/share/my_bot_description/hardware/ROSArduinoBridge/servos.ino
[1.185s] -- Up-to-date symlink: /home/orin/ros2_ws/install/my_bot_description/share/my_bot_description/hardware/diffbot_system.cpp
[1.185s] -- Up-to-date symlink: /home/orin/ros2_ws/install/my_bot_description/share/my_bot_description/hardware/include/my_bot_ros2_control/diffbot_system.hpp
[1.185s] -- Up-to-date symlink: /home/orin/ros2_ws/install/my_bot_description/share/my_bot_description/launch/display.launch.py
[1.185s] -- Up-to-date symlink: /home/orin/ros2_ws/install/my_bot_description/share/my_bot_description/launch/displaytest.launch.py
[1.185s] -- Up-to-date symlink: /home/orin/ros2_ws/install/my_bot_description/share/my_bot_description/launch/rsp.launch.py
[1.185s] -- Up-to-date symlink: /home/orin/ros2_ws/install/my_bot_description/share/my_bot_description/rviz/my_bot_description.rviz
[1.185s] -- Up-to-date symlink: /home/orin/ros2_ws/install/my_bot_description/share/my_bot_description/urdf/include/addon_macro.urdf.xacro
[1.186s] -- Up-to-date symlink: /home/orin/ros2_ws/install/my_bot_description/share/my_bot_description/urdf/include/common_macros.urdf.xacro
[1.186s] -- Up-to-date symlink: /home/orin/ros2_ws/install/my_bot_description/share/my_bot_description/urdf/include/common_sensors.xacro
[1.186s] -- Up-to-date symlink: /home/orin/ros2_ws/install/my_bot_description/share/my_bot_description/urdf/include/robot.gazebo.xacro
[1.186s] -- Up-to-date symlink: /home/orin/ros2_ws/install/my_bot_description/share/my_bot_description/urdf/my_bot.urdf.xacro
[1.195s] -- Up-to-date symlink: /home/orin/ros2_ws/install/my_bot_description/share/my_bot_description/worlds/empty.world
[1.196s] -- Up-to-date symlink: /home/orin/ros2_ws/install/my_bot_description/share/my_bot_description/worlds/obstacles.world
[1.196s] -- Up-to-date symlink: /home/orin/ros2_ws/install/my_bot_description/include/my_bot_description/my_bot_ros2_control/diffbot_system.hpp
[1.196s] -- Up-to-date symlink: /home/orin/ros2_ws/install/my_bot_description/share/ament_index/resource_index/package_run_dependencies/my_bot_description
[1.196s] -- Up-to-date symlink: /home/orin/ros2_ws/install/my_bot_description/share/ament_index/resource_index/parent_prefix_path/my_bot_description
[1.196s] -- Up-to-date symlink: /home/orin/ros2_ws/install/my_bot_description/share/my_bot_description/environment/ament_prefix_path.sh
[1.197s] -- Up-to-date symlink: /home/orin/ros2_ws/install/my_bot_description/share/my_bot_description/environment/ament_prefix_path.dsv
[1.197s] -- Up-to-date symlink: /home/orin/ros2_ws/install/my_bot_description/share/my_bot_description/environment/path.sh
[1.197s] -- Up-to-date symlink: /home/orin/ros2_ws/install/my_bot_description/share/my_bot_description/environment/path.dsv
[1.197s] -- Up-to-date symlink: /home/orin/ros2_ws/install/my_bot_description/share/my_bot_description/local_setup.bash
[1.197s] -- Up-to-date symlink: /home/orin/ros2_ws/install/my_bot_description/share/my_bot_description/local_setup.sh
[1.197s] -- Up-to-date symlink: /home/orin/ros2_ws/install/my_bot_description/share/my_bot_description/local_setup.zsh
[1.197s] -- Up-to-date symlink: /home/orin/ros2_ws/install/my_bot_description/share/my_bot_description/local_setup.dsv
[1.198s] -- Symlinking: /home/orin/ros2_ws/install/my_bot_description/share/my_bot_description/package.dsv
[1.231s] -- Up-to-date symlink: /home/orin/ros2_ws/install/my_bot_description/share/ament_index/resource_index/packages/my_bot_description
[1.231s] -- Up-to-date symlink: /home/orin/ros2_ws/install/my_bot_description/share/ament_index/resource_index/hardware_interface__pluginlib__plugin/my_bot_description
[1.231s] -- Up-to-date symlink: /home/orin/ros2_ws/install/my_bot_description/share/my_bot_description/cmake/my_bot_descriptionConfig.cmake
[1.231s] -- Up-to-date symlink: /home/orin/ros2_ws/install/my_bot_description/share/my_bot_description/cmake/my_bot_descriptionConfig-version.cmake
[1.231s] -- Up-to-date symlink: /home/orin/ros2_ws/install/my_bot_description/share/my_bot_description/package.xml
[1.250s] Invoked command in '/home/orin/ros2_ws/build/my_bot_description' returned '0': CMAKE_PREFIX_PATH=/home/orin/ros2_ws/install/sllidar_ros2:/home/orin/ros2_ws/install/ros2_control_demos:/home/orin/ros2_ws/install/ros2_control_demo_example_9:/home/orin/ros2_ws/install/ros2_control_demo_example_8:/home/orin/ros2_ws/install/ros2_control_demo_example_7:/home/orin/ros2_ws/install/ros2_control_demo_example_6:/home/orin/ros2_ws/install/ros2_control_demo_example_15:/home/orin/ros2_ws/install/ros2_control_demo_example_13:/home/orin/ros2_ws/install/ros2_control_demo_example_5:/home/orin/ros2_ws/install/ros2_control_demo_example_4:/home/orin/ros2_ws/install/ros2_control_demo_example_3:/home/orin/ros2_ws/install/ros2_control_demo_example_2:/home/orin/ros2_ws/install/ros2_control_demo_example_14:/home/orin/ros2_ws/install/ros2_control_demo_example_12:/home/orin/ros2_ws/install/ros2_control_demo_example_11:/home/orin/ros2_ws/install/ros2_control_demo_example_10:/home/orin/ros2_ws/install/ros2_control_demo_example_1:/home/orin/ros2_ws/install/ros2_control_demo_description:/home/orin/ros2_ws/install/my_bot_imu:/home/orin/ros2_ws/install/my_bot_description:/home/orin/ros2_ws/install/wheel_encoder_odometry:/home/orin/ros2_ws/install/ros2_control_demo_testing:/home/orin/ros2_ws/install/launch_testing_examples:/home/orin/ros2_ws/install/hcsr04_sensor:/home/orin/ros2_ws/install/examples_rclpy_pointcloud_publisher:/home/orin/ros2_ws/install/examples_rclpy_minimal_subscriber:/home/orin/ros2_ws/install/examples_rclpy_minimal_service:/home/orin/ros2_ws/install/examples_rclpy_minimal_publisher:/home/orin/ros2_ws/install/examples_rclpy_minimal_client:/home/orin/ros2_ws/install/examples_rclpy_minimal_action_server:/home/orin/ros2_ws/install/examples_rclpy_minimal_action_client:/home/orin/ros2_ws/install/examples_rclpy_guard_conditions:/home/orin/ros2_ws/install/examples_rclpy_executors:/home/orin/ros2_ws/install/encoder_ultrasonic_package:/home/orin/ros2_ws/install/arduino_odometry:/opt/ros/humble:/home/orin/ros2_ws/install/mobile_robot_description:/home/orin/ros2_ws/install/image_geometry:/home/orin/ros2_ws/install/gazebo_dev:/home/orin/ros2_ws/install/examples_rclcpp_wait_set:/home/orin/ros2_ws/install/examples_rclcpp_multithreaded_executor:/home/orin/ros2_ws/install/examples_rclcpp_minimal_timer:/home/orin/ros2_ws/install/examples_rclcpp_minimal_subscriber:/home/orin/ros2_ws/install/examples_rclcpp_minimal_service:/home/orin/ros2_ws/install/examples_rclcpp_minimal_publisher:/home/orin/ros2_ws/install/examples_rclcpp_minimal_composition:/home/orin/ros2_ws/install/examples_rclcpp_minimal_client:/home/orin/ros2_ws/install/examples_rclcpp_minimal_action_server:/home/orin/ros2_ws/install/examples_rclcpp_minimal_action_client:/home/orin/ros2_ws/install/examples_rclcpp_cbg_executor:/home/orin/ros2_ws/install/examples_rclcpp_async_client:/home/orin/ros2_ws/install/diffdrive_arduino:/home/orin/ros2_ws/install/depthai-ros:/home/orin/ros2_ws/install/depthai_ros_driver:/home/orin/ros2_ws/install/depthai_filters:/home/orin/ros2_ws/install/depthai_examples:/home/orin/ros2_ws/install/depthai_bridge:/home/orin/ros2_ws/install/depthai_ros_msgs:/home/orin/ros2_ws/install/depthai_descriptions:/home/orin/ros2_ws/install/cv_bridge:/home/orin/ros2_ws/install/articubot_one:/home/orin/ros2_ws/install/arduino_serial_comm /usr/bin/cmake --install /home/orin/ros2_ws/build/my_bot_description
