[2.291s] Invoking command in '/home/orin/ros2_ws/src/teleop_twist_keyboard': PYTHONPATH=/home/orin/ros2_ws/build/teleop_twist_keyboard/prefix_override:/usr/lib/python3/dist-packages/colcon_core/task/python/colcon_distutils_commands:/home/orin/ros2_ws/install/teleop_twist_keyboard/lib/python3.10/site-packages:${PYTHONPATH} /usr/bin/python3 -W ignore:setup.py install is deprecated -W ignore:easy_install command is deprecated setup.py egg_info --egg-base ../../build/teleop_twist_keyboard build --build-base /home/orin/ros2_ws/build/teleop_twist_keyboard/build install --record /home/orin/ros2_ws/build/teleop_twist_keyboard/install.log --install-scripts $base/lib/teleop_twist_keyboard --single-version-externally-managed install_data
[2.681s] /home/orin/.local/lib/python3.10/site-packages/setuptools/dist.py:452: SetuptoolsDeprecationWarning: Invalid dash-separated options
[2.682s] !!
[2.682s] 
[2.682s]         ********************************************************************************
[2.682s]         Usage of dash-separated 'script-dir' will not be supported in future
[2.682s]         versions. Please use the underscore name 'script_dir' instead.
[2.683s] 
[2.683s]         This deprecation is overdue, please update your project and remove deprecated
[2.683s]         calls to avoid build errors in the future.
[2.683s] 
[2.683s]         See https://setuptools.pypa.io/en/latest/userguide/declarative_config.html for details.
[2.683s]         ********************************************************************************
[2.683s] 
[2.683s] !!
[2.684s]   opt = self.warn_dash_deprecation(opt, section)
[3.072s] running egg_info
[3.127s] writing ../../build/teleop_twist_keyboard/teleop_twist_keyboard.egg-info/PKG-INFO
[3.128s] writing dependency_links to ../../build/teleop_twist_keyboard/teleop_twist_keyboard.egg-info/dependency_links.txt
[3.129s] writing entry points to ../../build/teleop_twist_keyboard/teleop_twist_keyboard.egg-info/entry_points.txt
[3.129s] writing requirements to ../../build/teleop_twist_keyboard/teleop_twist_keyboard.egg-info/requires.txt
[3.130s] writing top-level names to ../../build/teleop_twist_keyboard/teleop_twist_keyboard.egg-info/top_level.txt
[3.243s] reading manifest file '../../build/teleop_twist_keyboard/teleop_twist_keyboard.egg-info/SOURCES.txt'
[3.244s] adding license file 'LICENSE'
[3.246s] writing manifest file '../../build/teleop_twist_keyboard/teleop_twist_keyboard.egg-info/SOURCES.txt'
[3.247s] running build
[3.247s] running build_py
[3.248s] copying teleop_twist_keyboard.py -> /home/orin/ros2_ws/build/teleop_twist_keyboard/build/lib
[3.250s] running install
[3.259s] running install_lib
[3.315s] copying /home/orin/ros2_ws/build/teleop_twist_keyboard/build/lib/teleop_twist_keyboard.py -> /home/orin/ros2_ws/install/teleop_twist_keyboard/lib/python3.10/site-packages
[3.317s] byte-compiling /home/orin/ros2_ws/install/teleop_twist_keyboard/lib/python3.10/site-packages/teleop_twist_keyboard.py to teleop_twist_keyboard.cpython-310.pyc
[3.319s] running install_data
[3.320s] copying resource/teleop_twist_keyboard -> /home/orin/ros2_ws/install/teleop_twist_keyboard/share/ament_index/resource_index/packages
[3.320s] copying package.xml -> /home/orin/ros2_ws/install/teleop_twist_keyboard/share/teleop_twist_keyboard
[3.321s] running install_egg_info
[3.380s] removing '/home/orin/ros2_ws/install/teleop_twist_keyboard/lib/python3.10/site-packages/teleop_twist_keyboard-2.0.0-py3.10.egg-info' (and everything under it)
[3.381s] Copying ../../build/teleop_twist_keyboard/teleop_twist_keyboard.egg-info to /home/orin/ros2_ws/install/teleop_twist_keyboard/lib/python3.10/site-packages/teleop_twist_keyboard-2.0.0-py3.10.egg-info
[3.383s] running install_scripts
[3.839s] Installing teleop_twist_keyboard script to /home/orin/ros2_ws/install/teleop_twist_keyboard/lib/teleop_twist_keyboard
[3.839s] writing list of installed files to '/home/orin/ros2_ws/build/teleop_twist_keyboard/install.log'
[3.923s] Invoked command in '/home/orin/ros2_ws/src/teleop_twist_keyboard' returned '0': PYTHONPATH=/home/orin/ros2_ws/build/teleop_twist_keyboard/prefix_override:/usr/lib/python3/dist-packages/colcon_core/task/python/colcon_distutils_commands:/home/orin/ros2_ws/install/teleop_twist_keyboard/lib/python3.10/site-packages:${PYTHONPATH} /usr/bin/python3 -W ignore:setup.py install is deprecated -W ignore:easy_install command is deprecated setup.py egg_info --egg-base ../../build/teleop_twist_keyboard build --build-base /home/orin/ros2_ws/build/teleop_twist_keyboard/build install --record /home/orin/ros2_ws/build/teleop_twist_keyboard/install.log --install-scripts $base/lib/teleop_twist_keyboard --single-version-externally-managed install_data
