[0.045s] Invoking command in '/home/orin/ros2_ws/build/diffbot_description': CMAKE_PREFIX_PATH=/opt/ros/humble /usr/bin/cmake /home/orin/ros2_ws/src/diffbot_description -DCMAKE_INSTALL_PREFIX=/home/orin/ros2_ws/install/diffbot_description
[0.221s] -- Found ament_cmake: 1.3.11 (/opt/ros/humble/share/ament_cmake/cmake)
[0.569s] -- Override CMake install command with custom implementation using symlinks instead of copying resources
[0.653s] -- Found hardware_interface: 2.47.0 (/opt/ros/humble/share/hardware_interface/cmake)
[0.804s] -- Found rosidl_generator_c: 3.1.6 (/opt/ros/humble/share/rosidl_generator_c/cmake)
[0.816s] -- Found rosidl_adapter: 3.1.6 (/opt/ros/humble/share/rosidl_adapter/cmake)
[0.850s] -- Found rosidl_generator_cpp: 3.1.6 (/opt/ros/humble/share/rosidl_generator_cpp/cmake)
[0.897s] -- Using all available rosidl_typesupport_c: rosidl_typesupport_fastrtps_c;rosidl_typesupport_introspection_c
[0.953s] -- Using all available rosidl_typesupport_cpp: rosidl_typesupport_fastrtps_cpp;rosidl_typesupport_introspection_cpp
[1.577s] -- Found rmw_implementation_cmake: 6.1.2 (/opt/ros/humble/share/rmw_implementation_cmake/cmake)
[1.583s] -- Found rmw_fastrtps_cpp: 6.2.7 (/opt/ros/humble/share/rmw_fastrtps_cpp/cmake)
[1.654s] -- Found TinyXML2 via Config file: TinyXML2_DIR-NOTFOUND
[1.688s] -- Found TinyXML2 via Config file: TinyXML2_DIR-NOTFOUND
[1.728s] -- Found TinyXML2 via Config file: TinyXML2_DIR-NOTFOUND
[1.748s] -- Found TinyXML2 via Config file: TinyXML2_DIR-NOTFOUND
[1.771s] -- Using RMW implementation 'rmw_fastrtps_cpp' as default
[1.944s] -- Found ament_cmake_pytest: 1.3.11 (/opt/ros/humble/share/ament_cmake_pytest/cmake)
[2.123s] -- Configuring done
[2.321s] -- Generating done
[2.339s] -- Build files have been written to: /home/orin/ros2_ws/build/diffbot_description
[2.369s] Invoked command in '/home/orin/ros2_ws/build/diffbot_description' returned '0': CMAKE_PREFIX_PATH=/opt/ros/humble /usr/bin/cmake /home/orin/ros2_ws/src/diffbot_description -DCMAKE_INSTALL_PREFIX=/home/orin/ros2_ws/install/diffbot_description
[2.375s] Invoking command in '/home/orin/ros2_ws/build/diffbot_description': CMAKE_PREFIX_PATH=/opt/ros/humble /usr/bin/cmake --build /home/orin/ros2_ws/build/diffbot_description -- -j6 -l6
[2.485s] [35m[1mConsolidate compiler generated dependencies of target diffbot_description[0m
[2.588s] [ 50%] [32mBuilding CXX object CMakeFiles/diffbot_description.dir/hardware/diffbot_system.cpp.o[0m
[8.531s] [01m[K/home/orin/ros2_ws/src/diffbot_description/hardware/diffbot_system.cpp:28:21:[m[K [01;31m[Kerror: [m[K‘[01m[KCallbackReturn[m[K’ in namespace ‘[01m[Khardware_interface[m[K’ does not name a type
[8.531s]    28 | hardware_interface::[01;31m[KCallbackReturn[m[K DiffDriveArduinoHardware::on_init(
[8.531s]       |                     [01;31m[K^~~~~~~~~~~~~~[m[K
[8.532s] [01m[K/home/orin/ros2_ws/src/diffbot_description/hardware/diffbot_system.cpp:115:33:[m[K [01;31m[Kerror: [m[K‘[01m[KStateInterface[m[K’ is not a member of ‘[01m[Khardware_interface[m[K’
[8.532s]   115 | std::vector<hardware_interface::[01;31m[KStateInterface[m[K> DiffDriveArduinoHardware::export_state_interfaces()
[8.532s]       |                                 [01;31m[K^~~~~~~~~~~~~~[m[K
[8.532s] [01m[K/home/orin/ros2_ws/src/diffbot_description/hardware/diffbot_system.cpp:115:47:[m[K [01;31m[Kerror: [m[Ktemplate argument 1 is invalid
[8.532s]   115 | std::vector<hardware_interface::StateInterface[01;31m[K>[m[K DiffDriveArduinoHardware::export_state_interfaces()
[8.532s]       |                                               [01;31m[K^[m[K
[8.532s] [01m[K/home/orin/ros2_ws/src/diffbot_description/hardware/diffbot_system.cpp:115:47:[m[K [01;31m[Kerror: [m[Ktemplate argument 2 is invalid
[8.532s] [01m[K/home/orin/ros2_ws/src/diffbot_description/hardware/diffbot_system.cpp:115:49:[m[K [01;31m[Kerror: [m[K‘[01m[KDiffDriveArduinoHardware[m[K’ has not been declared
[8.533s]   115 | std::vector<hardware_interface::StateInterface> [01;31m[KDiffDriveArduinoHardware[m[K::export_state_interfaces()
[8.533s]       |                                                 [01;31m[K^~~~~~~~~~~~~~~~~~~~~~~~[m[K
[8.533s] [01m[K/home/orin/ros2_ws/src/diffbot_description/hardware/diffbot_system.cpp:[m[K In function ‘[01m[Kint diffbot_description::export_state_interfaces()[m[K’:
[8.533s] [01m[K/home/orin/ros2_ws/src/diffbot_description/hardware/diffbot_system.cpp:117:35:[m[K [01;31m[Kerror: [m[K‘[01m[KStateInterface[m[K’ is not a member of ‘[01m[Khardware_interface[m[K’
[8.533s]   117 |   std::vector<hardware_interface::[01;31m[KStateInterface[m[K> state_interfaces;
[8.534s]       |                                   [01;31m[K^~~~~~~~~~~~~~[m[K
[8.534s] [01m[K/home/orin/ros2_ws/src/diffbot_description/hardware/diffbot_system.cpp:117:49:[m[K [01;31m[Kerror: [m[Ktemplate argument 1 is invalid
[8.534s]   117 |   std::vector<hardware_interface::StateInterface[01;31m[K>[m[K state_interfaces;
[8.534s]       |                                                 [01;31m[K^[m[K
[8.535s] [01m[K/home/orin/ros2_ws/src/diffbot_description/hardware/diffbot_system.cpp:117:49:[m[K [01;31m[Kerror: [m[Ktemplate argument 2 is invalid
[8.535s] [01m[K/home/orin/ros2_ws/src/diffbot_description/hardware/diffbot_system.cpp:119:20:[m[K [01;31m[Kerror: [m[Krequest for member ‘[01m[Kemplace_back[m[K’ in ‘[01m[Kstate_interfaces[m[K’, which is of non-class type ‘[01m[Kint[m[K’
[8.535s]   119 |   state_interfaces.[01;31m[Kemplace_back[m[K(hardware_interface::StateInterface(
[8.535s]       |                    [01;31m[K^~~~~~~~~~~~[m[K
[8.536s] [01m[K/home/orin/ros2_ws/src/diffbot_description/hardware/diffbot_system.cpp:119:53:[m[K [01;31m[Kerror: [m[K‘[01m[KStateInterface[m[K’ is not a member of ‘[01m[Khardware_interface[m[K’
[8.536s]   119 |   state_interfaces.emplace_back(hardware_interface::[01;31m[KStateInterface[m[K(
[8.536s]       |                                                     [01;31m[K^~~~~~~~~~~~~~[m[K
[8.543s] [01m[K/home/orin/ros2_ws/src/diffbot_description/hardware/diffbot_system.cpp:120:5:[m[K [01;31m[Kerror: [m[K‘[01m[Kwheel_l_[m[K’ was not declared in this scope
[8.543s]   120 |     [01;31m[Kwheel_l_[m[K.name, hardware_interface::HW_IF_POSITION, &wheel_l_.pos));
[8.544s]       |     [01;31m[K^~~~~~~~[m[K
[8.544s] [01m[K/home/orin/ros2_ws/src/diffbot_description/hardware/diffbot_system.cpp:121:20:[m[K [01;31m[Kerror: [m[Krequest for member ‘[01m[Kemplace_back[m[K’ in ‘[01m[Kstate_interfaces[m[K’, which is of non-class type ‘[01m[Kint[m[K’
[8.544s]   121 |   state_interfaces.[01;31m[Kemplace_back[m[K(hardware_interface::StateInterface(
[8.544s]       |                    [01;31m[K^~~~~~~~~~~~[m[K
[8.545s] [01m[K/home/orin/ros2_ws/src/diffbot_description/hardware/diffbot_system.cpp:121:53:[m[K [01;31m[Kerror: [m[K‘[01m[KStateInterface[m[K’ is not a member of ‘[01m[Khardware_interface[m[K’
[8.545s]   121 |   state_interfaces.emplace_back(hardware_interface::[01;31m[KStateInterface[m[K(
[8.545s]       |                                                     [01;31m[K^~~~~~~~~~~~~~[m[K
[8.545s] [01m[K/home/orin/ros2_ws/src/diffbot_description/hardware/diffbot_system.cpp:124:20:[m[K [01;31m[Kerror: [m[Krequest for member ‘[01m[Kemplace_back[m[K’ in ‘[01m[Kstate_interfaces[m[K’, which is of non-class type ‘[01m[Kint[m[K’
[8.545s]   124 |   state_interfaces.[01;31m[Kemplace_back[m[K(hardware_interface::StateInterface(
[8.546s]       |                    [01;31m[K^~~~~~~~~~~~[m[K
[8.546s] [01m[K/home/orin/ros2_ws/src/diffbot_description/hardware/diffbot_system.cpp:124:53:[m[K [01;31m[Kerror: [m[K‘[01m[KStateInterface[m[K’ is not a member of ‘[01m[Khardware_interface[m[K’
[8.546s]   124 |   state_interfaces.emplace_back(hardware_interface::[01;31m[KStateInterface[m[K(
[8.546s]       |                                                     [01;31m[K^~~~~~~~~~~~~~[m[K
[8.553s] [01m[K/home/orin/ros2_ws/src/diffbot_description/hardware/diffbot_system.cpp:125:5:[m[K [01;31m[Kerror: [m[K‘[01m[Kwheel_r_[m[K’ was not declared in this scope
[8.553s]   125 |     [01;31m[Kwheel_r_[m[K.name, hardware_interface::HW_IF_POSITION, &wheel_r_.pos));
[8.553s]       |     [01;31m[K^~~~~~~~[m[K
[8.554s] [01m[K/home/orin/ros2_ws/src/diffbot_description/hardware/diffbot_system.cpp:126:20:[m[K [01;31m[Kerror: [m[Krequest for member ‘[01m[Kemplace_back[m[K’ in ‘[01m[Kstate_interfaces[m[K’, which is of non-class type ‘[01m[Kint[m[K’
[8.554s]   126 |   state_interfaces.[01;31m[Kemplace_back[m[K(hardware_interface::StateInterface(
[8.554s]       |                    [01;31m[K^~~~~~~~~~~~[m[K
[8.554s] [01m[K/home/orin/ros2_ws/src/diffbot_description/hardware/diffbot_system.cpp:126:53:[m[K [01;31m[Kerror: [m[K‘[01m[KStateInterface[m[K’ is not a member of ‘[01m[Khardware_interface[m[K’
[8.554s]   126 |   state_interfaces.emplace_back(hardware_interface::[01;31m[KStateInterface[m[K(
[8.554s]       |                                                     [01;31m[K^~~~~~~~~~~~~~[m[K
[8.555s] [01m[K/home/orin/ros2_ws/src/diffbot_description/hardware/diffbot_system.cpp:[m[K At global scope:
[8.555s] [01m[K/home/orin/ros2_ws/src/diffbot_description/hardware/diffbot_system.cpp:132:33:[m[K [01;31m[Kerror: [m[K‘[01m[KCommandInterface[m[K’ is not a member of ‘[01m[Khardware_interface[m[K’
[8.555s]   132 | std::vector<hardware_interface::[01;31m[KCommandInterface[m[K> DiffDriveArduinoHardware::export_command_interfaces()
[8.555s]       |                                 [01;31m[K^~~~~~~~~~~~~~~~[m[K
[8.555s] [01m[K/home/orin/ros2_ws/src/diffbot_description/hardware/diffbot_system.cpp:132:49:[m[K [01;31m[Kerror: [m[Ktemplate argument 1 is invalid
[8.556s]   132 | std::vector<hardware_interface::CommandInterface[01;31m[K>[m[K DiffDriveArduinoHardware::export_command_interfaces()
[8.556s]       |                                                 [01;31m[K^[m[K
[8.556s] [01m[K/home/orin/ros2_ws/src/diffbot_description/hardware/diffbot_system.cpp:132:49:[m[K [01;31m[Kerror: [m[Ktemplate argument 2 is invalid
[8.556s] [01m[K/home/orin/ros2_ws/src/diffbot_description/hardware/diffbot_system.cpp:132:51:[m[K [01;31m[Kerror: [m[K‘[01m[KDiffDriveArduinoHardware[m[K’ has not been declared
[8.556s]   132 | std::vector<hardware_interface::CommandInterface> [01;31m[KDiffDriveArduinoHardware[m[K::export_command_interfaces()
[8.557s]       |                                                   [01;31m[K^~~~~~~~~~~~~~~~~~~~~~~~[m[K
[8.557s] [01m[K/home/orin/ros2_ws/src/diffbot_description/hardware/diffbot_system.cpp:[m[K In function ‘[01m[Kint diffbot_description::export_command_interfaces()[m[K’:
[8.557s] [01m[K/home/orin/ros2_ws/src/diffbot_description/hardware/diffbot_system.cpp:134:35:[m[K [01;31m[Kerror: [m[K‘[01m[KCommandInterface[m[K’ is not a member of ‘[01m[Khardware_interface[m[K’
[8.557s]   134 |   std::vector<hardware_interface::[01;31m[KCommandInterface[m[K> command_interfaces;
[8.558s]       |                                   [01;31m[K^~~~~~~~~~~~~~~~[m[K
[8.558s] [01m[K/home/orin/ros2_ws/src/diffbot_description/hardware/diffbot_system.cpp:134:51:[m[K [01;31m[Kerror: [m[Ktemplate argument 1 is invalid
[8.558s]   134 |   std::vector<hardware_interface::CommandInterface[01;31m[K>[m[K command_interfaces;
[8.558s]       |                                                   [01;31m[K^[m[K
[8.558s] [01m[K/home/orin/ros2_ws/src/diffbot_description/hardware/diffbot_system.cpp:134:51:[m[K [01;31m[Kerror: [m[Ktemplate argument 2 is invalid
[8.559s] [01m[K/home/orin/ros2_ws/src/diffbot_description/hardware/diffbot_system.cpp:136:22:[m[K [01;31m[Kerror: [m[Krequest for member ‘[01m[Kemplace_back[m[K’ in ‘[01m[Kcommand_interfaces[m[K’, which is of non-class type ‘[01m[Kint[m[K’
[8.559s]   136 |   command_interfaces.[01;31m[Kemplace_back[m[K(hardware_interface::CommandInterface(
[8.559s]       |                      [01;31m[K^~~~~~~~~~~~[m[K
[8.560s] [01m[K/home/orin/ros2_ws/src/diffbot_description/hardware/diffbot_system.cpp:136:55:[m[K [01;31m[Kerror: [m[K‘[01m[KCommandInterface[m[K’ is not a member of ‘[01m[Khardware_interface[m[K’
[8.560s]   136 |   command_interfaces.emplace_back(hardware_interface::[01;31m[KCommandInterface[m[K(
[8.560s]       |                                                       [01;31m[K^~~~~~~~~~~~~~~~[m[K
[8.564s] [01m[K/home/orin/ros2_ws/src/diffbot_description/hardware/diffbot_system.cpp:137:5:[m[K [01;31m[Kerror: [m[K‘[01m[Kwheel_l_[m[K’ was not declared in this scope
[8.564s]   137 |     [01;31m[Kwheel_l_[m[K.name, hardware_interface::HW_IF_VELOCITY, &wheel_l_.cmd));
[8.564s]       |     [01;31m[K^~~~~~~~[m[K
[8.565s] [01m[K/home/orin/ros2_ws/src/diffbot_description/hardware/diffbot_system.cpp:139:22:[m[K [01;31m[Kerror: [m[Krequest for member ‘[01m[Kemplace_back[m[K’ in ‘[01m[Kcommand_interfaces[m[K’, which is of non-class type ‘[01m[Kint[m[K’
[8.565s]   139 |   command_interfaces.[01;31m[Kemplace_back[m[K(hardware_interface::CommandInterface(
[8.565s]       |                      [01;31m[K^~~~~~~~~~~~[m[K
[8.566s] [01m[K/home/orin/ros2_ws/src/diffbot_description/hardware/diffbot_system.cpp:139:55:[m[K [01;31m[Kerror: [m[K‘[01m[KCommandInterface[m[K’ is not a member of ‘[01m[Khardware_interface[m[K’
[8.566s]   139 |   command_interfaces.emplace_back(hardware_interface::[01;31m[KCommandInterface[m[K(
[8.566s]       |                                                       [01;31m[K^~~~~~~~~~~~~~~~[m[K
[8.572s] [01m[K/home/orin/ros2_ws/src/diffbot_description/hardware/diffbot_system.cpp:140:5:[m[K [01;31m[Kerror: [m[K‘[01m[Kwheel_r_[m[K’ was not declared in this scope
[8.572s]   140 |     [01;31m[Kwheel_r_[m[K.name, hardware_interface::HW_IF_VELOCITY, &wheel_r_.cmd));
[8.573s]       |     [01;31m[K^~~~~~~~[m[K
[8.573s] [01m[K/home/orin/ros2_ws/src/diffbot_description/hardware/diffbot_system.cpp:[m[K At global scope:
[8.573s] [01m[K/home/orin/ros2_ws/src/diffbot_description/hardware/diffbot_system.cpp:145:21:[m[K [01;31m[Kerror: [m[K‘[01m[KCallbackReturn[m[K’ in namespace ‘[01m[Khardware_interface[m[K’ does not name a type
[8.573s]   145 | hardware_interface::[01;31m[KCallbackReturn[m[K DiffDriveArduinoHardware::on_configure(
[8.573s]       |                     [01;31m[K^~~~~~~~~~~~~~[m[K
[8.574s] [01m[K/home/orin/ros2_ws/src/diffbot_description/hardware/diffbot_system.cpp:159:21:[m[K [01;31m[Kerror: [m[K‘[01m[KCallbackReturn[m[K’ in namespace ‘[01m[Khardware_interface[m[K’ does not name a type
[8.574s]   159 | hardware_interface::[01;31m[KCallbackReturn[m[K DiffDriveArduinoHardware::on_cleanup(
[8.574s]       |                     [01;31m[K^~~~~~~~~~~~~~[m[K
[8.574s] [01m[K/home/orin/ros2_ws/src/diffbot_description/hardware/diffbot_system.cpp:173:21:[m[K [01;31m[Kerror: [m[K‘[01m[KCallbackReturn[m[K’ in namespace ‘[01m[Khardware_interface[m[K’ does not name a type
[8.575s]   173 | hardware_interface::[01;31m[KCallbackReturn[m[K DiffDriveArduinoHardware::on_activate(
[8.575s]       |                     [01;31m[K^~~~~~~~~~~~~~[m[K
[8.575s] [01m[K/home/orin/ros2_ws/src/diffbot_description/hardware/diffbot_system.cpp:190:21:[m[K [01;31m[Kerror: [m[K‘[01m[KCallbackReturn[m[K’ in namespace ‘[01m[Khardware_interface[m[K’ does not name a type
[8.575s]   190 | hardware_interface::[01;31m[KCallbackReturn[m[K DiffDriveArduinoHardware::on_deactivate(
[8.575s]       |                     [01;31m[K^~~~~~~~~~~~~~[m[K
[8.576s] [01m[K/home/orin/ros2_ws/src/diffbot_description/hardware/diffbot_system.cpp:199:21:[m[K [01;31m[Kerror: [m[K‘[01m[Kreturn_type[m[K’ in namespace ‘[01m[Khardware_interface[m[K’ does not name a type
[8.576s]   199 | hardware_interface::[01;31m[Kreturn_type[m[K DiffDriveArduinoHardware::read(
[8.576s]       |                     [01;31m[K^~~~~~~~~~~[m[K
[8.576s] [01m[K/home/orin/ros2_ws/src/diffbot_description/hardware/diffbot_system.cpp:222:21:[m[K [01;31m[Kerror: [m[K‘[01m[Kreturn_type[m[K’ in namespace ‘[01m[Khardware_interface[m[K’ does not name a type
[8.576s]   222 | hardware_interface::[01;31m[Kreturn_type[m[K diffbot_description ::DiffDriveArduinoHardware::write(
[8.577s]       |                     [01;31m[K^~~~~~~~~~~[m[K
[8.600s] In file included from [01m[K/opt/ros/humble/include/class_loader/class_loader/class_loader.hpp:56[m[K,
[8.600s]                  from [01m[K/opt/ros/humble/include/pluginlib/pluginlib/class_list_macros.hpp:40[m[K,
[8.600s]                  from [01m[K/home/orin/ros2_ws/src/diffbot_description/hardware/diffbot_system.cpp:238[m[K:
[8.600s] [01m[K/home/orin/ros2_ws/src/diffbot_description/hardware/diffbot_system.cpp:240:24:[m[K [01;31m[Kerror: [m[K‘[01m[KDiffDriveArduinoHardware[m[K’ in namespace ‘[01m[Kdiffbot_description[m[K’ does not name a type
[8.601s]   240 |   diffbot_description::[01;31m[KDiffDriveArduinoHardware[m[K, hardware_interface::SystemInterface)
[8.601s]       |                        [01;31m[K^~~~~~~~~~~~~~~~~~~~~~~~[m[K
[8.601s] [01m[K/home/orin/ros2_ws/src/diffbot_description/hardware/diffbot_system.cpp:240:70:[m[K [01;31m[Kerror: [m[K‘[01m[KSystemInterface[m[K’ in namespace ‘[01m[Khardware_interface[m[K’ does not name a type
[8.601s]   240 | _description::DiffDriveArduinoHardware, hardware_interface::[01;31m[KSystemInterface[m[K)
[8.601s]       |                                                             [01;31m[K^~~~~~~~~~~~~~~[m[K
[8.602s] 
[8.618s] [01m[K/home/orin/ros2_ws/src/diffbot_description/hardware/diffbot_system.cpp:[m[K In constructor ‘[01m[K{anonymous}::ProxyExec0::ProxyExec0()[m[K’:
[8.618s] [01m[K/home/orin/ros2_ws/src/diffbot_description/hardware/diffbot_system.cpp:239:1:[m[K [01;31m[Kerror: [m[K‘[01m[K_derived[m[K’ was not declared in this scope
[8.618s]   239 | [01;31m[KPLUGINLIB_EXPORT_CLASS[m[K(
[8.618s]       | [01;31m[K^~~~~~~~~~~~~~~~~~~~~~[m[K
[8.630s] [01m[K/home/orin/ros2_ws/src/diffbot_description/hardware/diffbot_system.cpp:239:1:[m[K [01;31m[Kerror: [m[K‘[01m[K_base[m[K’ was not declared in this scope
[8.631s]   239 | [01;31m[KPLUGINLIB_EXPORT_CLASS[m[K(
[8.631s]       | [01;31m[K^~~~~~~~~~~~~~~~~~~~~~[m[K
[8.631s] [01m[K/home/orin/ros2_ws/src/diffbot_description/hardware/diffbot_system.cpp:239:1:[m[K [01;31m[Kerror: [m[Kno matching function for call to ‘[01m[KregisterPlugin<<expression error>, <expression error> >(const char [46], const char [36])[m[K’
[8.631s]   239 | [01;31m[KPLUGINLIB_EXPORT_CLASS[m[K(
[8.632s]       | [01;31m[K^~~~~~~~~~~~~~~~~~~~~~[m[K
[8.632s] In file included from [01m[K/opt/ros/humble/include/class_loader/class_loader/class_loader.hpp:55[m[K,
[8.632s]                  from [01m[K/opt/ros/humble/include/pluginlib/pluginlib/class_list_macros.hpp:40[m[K,
[8.632s]                  from [01m[K/home/orin/ros2_ws/src/diffbot_description/hardware/diffbot_system.cpp:238[m[K:
[8.633s] [01m[K/opt/ros/humble/include/class_loader/class_loader/class_loader_core.hpp:210:6:[m[K [01;36m[Knote: [m[Kcandidate: ‘[01m[Ktemplate<class Derived, class Base> void class_loader::impl::registerPlugin(const string&, const string&)[m[K’
[8.633s]   210 | void [01;36m[KregisterPlugin[m[K(const std::string & class_name, const std::string & base_class_name)
[8.633s]       |      [01;36m[K^~~~~~~~~~~~~~[m[K
[8.633s] [01m[K/opt/ros/humble/include/class_loader/class_loader/class_loader_core.hpp:210:6:[m[K [01;36m[Knote: [m[K  template argument deduction/substitution failed:
[8.633s] In file included from [01m[K/opt/ros/humble/include/class_loader/class_loader/class_loader.hpp:56[m[K,
[8.633s]                  from [01m[K/opt/ros/humble/include/pluginlib/pluginlib/class_list_macros.hpp:40[m[K,
[8.634s]                  from [01m[K/home/orin/ros2_ws/src/diffbot_description/hardware/diffbot_system.cpp:238[m[K:
[8.634s] [01m[K/home/orin/ros2_ws/src/diffbot_description/hardware/diffbot_system.cpp:239:1:[m[K [01;31m[Kerror: [m[Ktemplate argument 1 is invalid
[8.634s]   239 | [01;31m[KPLUGINLIB_EXPORT_CLASS[m[K(
[8.634s]       | [01;31m[K^~~~~~~~~~~~~~~~~~~~~~[m[K
[8.634s] [01m[K/home/orin/ros2_ws/src/diffbot_description/hardware/diffbot_system.cpp:239:1:[m[K [01;31m[Kerror: [m[Ktemplate argument 2 is invalid
[9.602s] gmake[2]: *** [CMakeFiles/diffbot_description.dir/build.make:76: CMakeFiles/diffbot_description.dir/hardware/diffbot_system.cpp.o] Error 1
[9.602s] gmake[1]: *** [CMakeFiles/Makefile2:137: CMakeFiles/diffbot_description.dir/all] Error 2
[9.603s] gmake: *** [Makefile:146: all] Error 2
[9.608s] Invoked command in '/home/orin/ros2_ws/build/diffbot_description' returned '2': CMAKE_PREFIX_PATH=/opt/ros/humble /usr/bin/cmake --build /home/orin/ros2_ws/build/diffbot_description -- -j6 -l6
