[0.035s] Invoking command in '/home/orin/ros2_ws/build/my_bot_imu': CMAKE_PREFIX_PATH=/opt/ros/humble /usr/bin/cmake --build /home/orin/ros2_ws/build/my_bot_imu -- -j6 -l6
[0.296s] [100%] Built target my_bot_imu
[0.325s] Invoked command in '/home/orin/ros2_ws/build/my_bot_imu' returned '0': CMAKE_PREFIX_PATH=/opt/ros/humble /usr/bin/cmake --build /home/orin/ros2_ws/build/my_bot_imu -- -j6 -l6
[0.405s] Invoking command in '/home/orin/ros2_ws/build/my_bot_imu': CMAKE_PREFIX_PATH=/opt/ros/humble /usr/bin/cmake --install /home/orin/ros2_ws/build/my_bot_imu
[0.425s] -- Install configuration: ""
[0.427s] -- Up-to-date: /home/orin/ros2_ws/install/my_bot_imu/lib/my_bot_imu/my_bot_imu
[0.427s] -- Up-to-date: /home/orin/ros2_ws/install/my_bot_imu/share/my_bot_imu//launch
[0.428s] -- Up-to-date: /home/orin/ros2_ws/install/my_bot_imu/share/my_bot_imu//launch/my_bot_imu.launch.py
[0.428s] -- Up-to-date: /home/orin/ros2_ws/install/my_bot_imu/share/ament_index/resource_index/package_run_dependencies/my_bot_imu
[0.428s] -- Up-to-date: /home/orin/ros2_ws/install/my_bot_imu/share/ament_index/resource_index/parent_prefix_path/my_bot_imu
[0.428s] -- Up-to-date: /home/orin/ros2_ws/install/my_bot_imu/share/my_bot_imu/environment/ament_prefix_path.sh
[0.429s] -- Up-to-date: /home/orin/ros2_ws/install/my_bot_imu/share/my_bot_imu/environment/ament_prefix_path.dsv
[0.429s] -- Up-to-date: /home/orin/ros2_ws/install/my_bot_imu/share/my_bot_imu/environment/path.sh
[0.429s] -- Up-to-date: /home/orin/ros2_ws/install/my_bot_imu/share/my_bot_imu/environment/path.dsv
[0.429s] -- Up-to-date: /home/orin/ros2_ws/install/my_bot_imu/share/my_bot_imu/local_setup.bash
[0.430s] -- Up-to-date: /home/orin/ros2_ws/install/my_bot_imu/share/my_bot_imu/local_setup.sh
[0.430s] -- Up-to-date: /home/orin/ros2_ws/install/my_bot_imu/share/my_bot_imu/local_setup.zsh
[0.430s] -- Up-to-date: /home/orin/ros2_ws/install/my_bot_imu/share/my_bot_imu/local_setup.dsv
[0.430s] -- Installing: /home/orin/ros2_ws/install/my_bot_imu/share/my_bot_imu/package.dsv
[0.431s] -- Up-to-date: /home/orin/ros2_ws/install/my_bot_imu/share/ament_index/resource_index/packages/my_bot_imu
[0.431s] -- Up-to-date: /home/orin/ros2_ws/install/my_bot_imu/share/my_bot_imu/cmake/my_bot_imuConfig.cmake
[0.431s] -- Up-to-date: /home/orin/ros2_ws/install/my_bot_imu/share/my_bot_imu/cmake/my_bot_imuConfig-version.cmake
[0.431s] -- Up-to-date: /home/orin/ros2_ws/install/my_bot_imu/share/my_bot_imu/package.xml
[0.436s] Invoked command in '/home/orin/ros2_ws/build/my_bot_imu' returned '0': CMAKE_PREFIX_PATH=/opt/ros/humble /usr/bin/cmake --install /home/orin/ros2_ws/build/my_bot_imu
