[0.091s] Invoking command in '/home/orin/ros2_ws/build/my_bot_description': /usr/bin/cmake /home/orin/ros2_ws/src/my_bot_description -DCMAKE_INSTALL_PREFIX=/home/orin/ros2_ws/install/my_bot_description
[0.170s] -- Found hardware_interface: 2.43.1 (/opt/ros/humble/share/hardware_interface/cmake)
[0.887s] -- Override CMake install command with custom implementation using symlinks instead of copying resources
[1.026s] -- Found rosidl_generator_c: 3.1.5 (/opt/ros/humble/share/rosidl_generator_c/cmake)
[1.034s] -- Found rosidl_adapter: 3.1.5 (/opt/ros/humble/share/rosidl_adapter/cmake)
[1.046s] -- Found rosidl_generator_cpp: 3.1.5 (/opt/ros/humble/share/rosidl_generator_cpp/cmake)
[1.070s] [31mCMake Error at /opt/ros/humble/share/rosidl_typesupport_c/cmake/get_used_typesupports.cmake:35 (message):
[1.071s]   No 'rosidl_typesupport_c' found
[1.071s] Call Stack (most recent call first):
[1.072s]   /opt/ros/humble/share/rosidl_typesupport_c/cmake/rosidl_typesupport_c-extras.cmake:8 (get_used_typesupports)
[1.072s]   /opt/ros/humble/share/rosidl_typesupport_c/cmake/rosidl_typesupport_cConfig.cmake:41 (include)
[1.072s]   /opt/ros/humble/share/builtin_interfaces/cmake/ament_cmake_export_dependencies-extras.cmake:21 (find_package)
[1.072s]   /opt/ros/humble/share/builtin_interfaces/cmake/builtin_interfacesConfig.cmake:41 (include)
[1.073s]   /opt/ros/humble/share/action_msgs/cmake/ament_cmake_export_dependencies-extras.cmake:21 (find_package)
[1.073s]   /opt/ros/humble/share/action_msgs/cmake/action_msgsConfig.cmake:41 (include)
[1.073s]   /opt/ros/humble/share/control_msgs/cmake/ament_cmake_export_dependencies-extras.cmake:21 (find_package)
[1.073s]   /opt/ros/humble/share/control_msgs/cmake/control_msgsConfig.cmake:41 (include)
[1.073s]   /opt/ros/humble/share/hardware_interface/cmake/ament_cmake_export_dependencies-extras.cmake:21 (find_package)
[1.073s]   /opt/ros/humble/share/hardware_interface/cmake/hardware_interfaceConfig.cmake:41 (include)
[1.073s]   CMakeLists.txt:27 (find_package)
[1.073s] 
[1.074s] [0m
[1.074s] -- Configuring incomplete, errors occurred!
[1.074s] See also "/home/orin/ros2_ws/build/my_bot_description/CMakeFiles/CMakeOutput.log".
[1.105s] Invoked command in '/home/orin/ros2_ws/build/my_bot_description' returned '1': /usr/bin/cmake /home/orin/ros2_ws/src/my_bot_description -DCMAKE_INSTALL_PREFIX=/home/orin/ros2_ws/install/my_bot_description
