running egg_info
creating ../../build/teleop_motor/teleop_motor.egg-info
writing ../../build/teleop_motor/teleop_motor.egg-info/PKG-INFO
writing dependency_links to ../../build/teleop_motor/teleop_motor.egg-info/dependency_links.txt
writing requirements to ../../build/teleop_motor/teleop_motor.egg-info/requires.txt
writing top-level names to ../../build/teleop_motor/teleop_motor.egg-info/top_level.txt
writing manifest file '../../build/teleop_motor/teleop_motor.egg-info/SOURCES.txt'
reading manifest file '../../build/teleop_motor/teleop_motor.egg-info/SOURCES.txt'
writing manifest file '../../build/teleop_motor/teleop_motor.egg-info/SOURCES.txt'
running build
running build_py
creating /home/orin/ros2_ws/build/teleop_motor/build/lib/teleop_motor
copying teleop_motor/__init__.py -> /home/orin/ros2_ws/build/teleop_motor/build/lib/teleop_motor
copying teleop_motor/teleop_motor.py -> /home/orin/ros2_ws/build/teleop_motor/build/lib/teleop_motor
running install
running install_lib
creating /home/orin/ros2_ws/install/teleop_motor/lib/python3.10/site-packages/teleop_motor
copying /home/orin/ros2_ws/build/teleop_motor/build/lib/teleop_motor/__init__.py -> /home/orin/ros2_ws/install/teleop_motor/lib/python3.10/site-packages/teleop_motor
copying /home/orin/ros2_ws/build/teleop_motor/build/lib/teleop_motor/teleop_motor.py -> /home/orin/ros2_ws/install/teleop_motor/lib/python3.10/site-packages/teleop_motor
byte-compiling /home/orin/ros2_ws/install/teleop_motor/lib/python3.10/site-packages/teleop_motor/__init__.py to __init__.cpython-310.pyc
byte-compiling /home/orin/ros2_ws/install/teleop_motor/lib/python3.10/site-packages/teleop_motor/teleop_motor.py to teleop_motor.cpython-310.pyc
running install_data
creating /home/orin/ros2_ws/install/teleop_motor/share/ament_index/resource_index/packages
copying resource/teleop_motor -> /home/orin/ros2_ws/install/teleop_motor/share/ament_index/resource_index/packages
creating /home/orin/ros2_ws/install/teleop_motor/share/teleop_motor
copying package.xml -> /home/orin/ros2_ws/install/teleop_motor/share/teleop_motor
running install_egg_info
Copying ../../build/teleop_motor/teleop_motor.egg-info to /home/orin/ros2_ws/install/teleop_motor/lib/python3.10/site-packages/teleop_motor-0.0.0-py3.10.egg-info
running install_scripts
writing list of installed files to '/home/orin/ros2_ws/build/teleop_motor/install.log'
