[2.316s] Invoking command in '/home/orin/ros2_ws/src/encoder_ultrasonic_package': PYTHONPATH=/home/orin/ros2_ws/src/encoder_ultrasonic_package/build/encoder_ultrasonic_package/prefix_override:/usr/lib/python3/dist-packages/colcon_core/task/python/colcon_distutils_commands:/home/orin/ros2_ws/src/encoder_ultrasonic_package/install/encoder_ultrasonic_package/lib/python3.10/site-packages:${PYTHONPATH} /usr/bin/python3 -W ignore:setup.py install is deprecated setup.py egg_info --egg-base build/encoder_ultrasonic_package build --build-base /home/orin/ros2_ws/src/encoder_ultrasonic_package/build/encoder_ultrasonic_package/build install --record /home/orin/ros2_ws/src/encoder_ultrasonic_package/build/encoder_ultrasonic_package/install.log --single-version-externally-managed install_data
[2.729s] /home/orin/.local/lib/python3.10/site-packages/setuptools/_distutils/dist.py:261: UserWarning: Unknown distribution option: 'tests_require'
[2.729s]   warnings.warn(msg)
[3.050s] running egg_info
[3.051s] creating build/encoder_ultrasonic_package/encoder_ultrasonic_package.egg-info
[3.102s] writing build/encoder_ultrasonic_package/encoder_ultrasonic_package.egg-info/PKG-INFO
[3.103s] writing dependency_links to build/encoder_ultrasonic_package/encoder_ultrasonic_package.egg-info/dependency_links.txt
[3.103s] writing entry points to build/encoder_ultrasonic_package/encoder_ultrasonic_package.egg-info/entry_points.txt
[3.103s] writing requirements to build/encoder_ultrasonic_package/encoder_ultrasonic_package.egg-info/requires.txt
[3.104s] writing top-level names to build/encoder_ultrasonic_package/encoder_ultrasonic_package.egg-info/top_level.txt
[3.104s] writing manifest file 'build/encoder_ultrasonic_package/encoder_ultrasonic_package.egg-info/SOURCES.txt'
[3.213s] reading manifest file 'build/encoder_ultrasonic_package/encoder_ultrasonic_package.egg-info/SOURCES.txt'
[3.215s] writing manifest file 'build/encoder_ultrasonic_package/encoder_ultrasonic_package.egg-info/SOURCES.txt'
[3.216s] running build
[3.216s] running build_py
[3.216s] creating /home/orin/ros2_ws/src/encoder_ultrasonic_package/build/encoder_ultrasonic_package/build/lib/encoder_ultrasonic_package
[3.217s] copying encoder_ultrasonic_package/__init__.py -> /home/orin/ros2_ws/src/encoder_ultrasonic_package/build/encoder_ultrasonic_package/build/lib/encoder_ultrasonic_package
[3.218s] running install
[3.228s] running install_lib
[3.281s] creating /home/orin/ros2_ws/src/encoder_ultrasonic_package/install/encoder_ultrasonic_package/lib/python3.10/site-packages/encoder_ultrasonic_package
[3.281s] copying /home/orin/ros2_ws/src/encoder_ultrasonic_package/build/encoder_ultrasonic_package/build/lib/encoder_ultrasonic_package/__init__.py -> /home/orin/ros2_ws/src/encoder_ultrasonic_package/install/encoder_ultrasonic_package/lib/python3.10/site-packages/encoder_ultrasonic_package
[3.282s] byte-compiling /home/orin/ros2_ws/src/encoder_ultrasonic_package/install/encoder_ultrasonic_package/lib/python3.10/site-packages/encoder_ultrasonic_package/__init__.py to __init__.cpython-310.pyc
[3.283s] running install_data
[3.283s] creating /home/orin/ros2_ws/src/encoder_ultrasonic_package/install/encoder_ultrasonic_package/share/ament_index/resource_index/packages
[3.284s] copying resource/encoder_ultrasonic_package -> /home/orin/ros2_ws/src/encoder_ultrasonic_package/install/encoder_ultrasonic_package/share/ament_index/resource_index/packages
[3.284s] copying package.xml -> /home/orin/ros2_ws/src/encoder_ultrasonic_package/install/encoder_ultrasonic_package/share/encoder_ultrasonic_package
[3.285s] running install_egg_info
[3.340s] Copying build/encoder_ultrasonic_package/encoder_ultrasonic_package.egg-info to /home/orin/ros2_ws/src/encoder_ultrasonic_package/install/encoder_ultrasonic_package/lib/python3.10/site-packages/encoder_ultrasonic_package-0.0.0-py3.10.egg-info
[3.343s] running install_scripts
[3.778s] Installing encoder_ultrasonic_node script to /home/orin/ros2_ws/src/encoder_ultrasonic_package/install/encoder_ultrasonic_package/lib/encoder_ultrasonic_package
[3.778s] writing list of installed files to '/home/orin/ros2_ws/src/encoder_ultrasonic_package/build/encoder_ultrasonic_package/install.log'
[3.860s] Invoked command in '/home/orin/ros2_ws/src/encoder_ultrasonic_package' returned '0': PYTHONPATH=/home/orin/ros2_ws/src/encoder_ultrasonic_package/build/encoder_ultrasonic_package/prefix_override:/usr/lib/python3/dist-packages/colcon_core/task/python/colcon_distutils_commands:/home/orin/ros2_ws/src/encoder_ultrasonic_package/install/encoder_ultrasonic_package/lib/python3.10/site-packages:${PYTHONPATH} /usr/bin/python3 -W ignore:setup.py install is deprecated setup.py egg_info --egg-base build/encoder_ultrasonic_package build --build-base /home/orin/ros2_ws/src/encoder_ultrasonic_package/build/encoder_ultrasonic_package/build install --record /home/orin/ros2_ws/src/encoder_ultrasonic_package/build/encoder_ultrasonic_package/install.log --single-version-externally-managed install_data
