[0.073s] Invoking command in '/home/orin/ros2_ws/build/examples_rclcpp_minimal_publisher': CMAKE_PREFIX_PATH=/opt/ros/humble /usr/bin/cmake /home/orin/ros2_ws/src/examples/rclcpp/topics/minimal_publisher -DCMAKE_INSTALL_PREFIX=/home/orin/ros2_ws/install/examples_rclcpp_minimal_publisher
[2.439s] -- Found ament_cmake: 1.3.11 (/opt/ros/humble/share/ament_cmake/cmake)
[2.448s] -- Override CMake install command with custom implementation using symlinks instead of copying resources
[2.448s] -- Found rclcpp: 16.0.11 (/opt/ros/humble/share/rclcpp/cmake)
[2.449s] -- Found rosidl_generator_c: 3.1.6 (/opt/ros/humble/share/rosidl_generator_c/cmake)
[2.449s] -- Found rosidl_adapter: 3.1.6 (/opt/ros/humble/share/rosidl_adapter/cmake)
[2.449s] -- Found rosidl_generator_cpp: 3.1.6 (/opt/ros/humble/share/rosidl_generator_cpp/cmake)
[2.449s] -- Using all available rosidl_typesupport_c: rosidl_typesupport_fastrtps_c;rosidl_typesupport_introspection_c
[2.449s] -- Using all available rosidl_typesupport_cpp: rosidl_typesupport_fastrtps_cpp;rosidl_typesupport_introspection_cpp
[2.449s] -- Found rmw_implementation_cmake: 6.1.2 (/opt/ros/humble/share/rmw_implementation_cmake/cmake)
[2.449s] -- Found rmw_fastrtps_cpp: 6.2.7 (/opt/ros/humble/share/rmw_fastrtps_cpp/cmake)
[2.449s] -- Using RMW implementation 'rmw_fastrtps_cpp' as default
[2.450s] -- Found ament_lint_auto: 0.12.11 (/opt/ros/humble/share/ament_lint_auto/cmake)
[2.450s] -- Added test 'copyright' to check source files copyright and LICENSE
[2.450s] -- Added test 'cppcheck' to perform static code analysis on C / C++ code
[2.450s] -- Configured cppcheck include dirs: 
[2.450s] -- Configured cppcheck exclude dirs and/or files: 
[2.450s] -- Added test 'cpplint' to check C / C++ code against the Google style
[2.450s] -- Configured cpplint exclude dirs and/or files: 
[2.450s] -- Added test 'lint_cmake' to check CMake code style
[2.450s] -- Added test 'uncrustify' to check C / C++ code style
[2.456s] -- Configured uncrustify additional arguments: 
[2.457s] -- Added test 'xmllint' to check XML markup files
[2.457s] -- Configuring done
[2.457s] -- Generating done
[2.457s] -- Build files have been written to: /home/orin/ros2_ws/build/examples_rclcpp_minimal_publisher
[2.463s] Invoked command in '/home/orin/ros2_ws/build/examples_rclcpp_minimal_publisher' returned '0': CMAKE_PREFIX_PATH=/opt/ros/humble /usr/bin/cmake /home/orin/ros2_ws/src/examples/rclcpp/topics/minimal_publisher -DCMAKE_INSTALL_PREFIX=/home/orin/ros2_ws/install/examples_rclcpp_minimal_publisher
[2.464s] Invoking command in '/home/orin/ros2_ws/build/examples_rclcpp_minimal_publisher': CMAKE_PREFIX_PATH=/opt/ros/humble /usr/bin/cmake --build /home/orin/ros2_ws/build/examples_rclcpp_minimal_publisher -- -j6 -l6
[7.948s] [35m[1mConsolidate compiler generated dependencies of target publisher_lambda[0m
[7.949s] [  8%] [32mBuilding CXX object CMakeFiles/publisher_lambda.dir/lambda.cpp.o[0m
[13.682s] [ 16%] [32m[1mLinking CXX executable publisher_lambda[0m
[14.134s] [ 16%] Built target publisher_lambda
[14.183s] [35m[1mConsolidate compiler generated dependencies of target publisher_not_composable[0m
[14.222s] [ 25%] [32mBuilding CXX object CMakeFiles/publisher_not_composable.dir/not_composable.cpp.o[0m
[25.607s] [ 33%] [32m[1mLinking CXX executable publisher_not_composable[0m
[26.018s] [ 33%] Built target publisher_not_composable
[26.043s] [35m[1mConsolidate compiler generated dependencies of target publisher_wait_for_all_acked[0m
[26.080s] [ 41%] [32mBuilding CXX object CMakeFiles/publisher_wait_for_all_acked.dir/member_function_with_wait_for_all_acked.cpp.o[0m
[37.457s] [ 50%] [32m[1mLinking CXX executable publisher_wait_for_all_acked[0m
[37.883s] [ 50%] Built target publisher_wait_for_all_acked
[37.911s] [35m[1mConsolidate compiler generated dependencies of target publisher_member_function_with_unique_network_flow_endpoints[0m
[37.951s] [ 58%] [32mBuilding CXX object CMakeFiles/publisher_member_function_with_unique_network_flow_endpoints.dir/member_function_with_unique_network_flow_endpoints.cpp.o[0m
[48.951s] [ 66%] [32m[1mLinking CXX executable publisher_member_function_with_unique_network_flow_endpoints[0m
[49.392s] [ 66%] Built target publisher_member_function_with_unique_network_flow_endpoints
[49.417s] [35m[1mConsolidate compiler generated dependencies of target publisher_member_function_with_type_adapter[0m
[49.453s] [ 75%] [32mBuilding CXX object CMakeFiles/publisher_member_function_with_type_adapter.dir/member_function_with_type_adapter.cpp.o[0m
[60.899s] [ 83%] [32m[1mLinking CXX executable publisher_member_function_with_type_adapter[0m
[61.369s] [ 83%] Built target publisher_member_function_with_type_adapter
[61.394s] [35m[1mConsolidate compiler generated dependencies of target publisher_member_function[0m
[61.439s] [ 91%] [32mBuilding CXX object CMakeFiles/publisher_member_function.dir/member_function.cpp.o[0m
[72.795s] [100%] [32m[1mLinking CXX executable publisher_member_function[0m
[73.250s] [100%] Built target publisher_member_function
[73.288s] Invoked command in '/home/orin/ros2_ws/build/examples_rclcpp_minimal_publisher' returned '0': CMAKE_PREFIX_PATH=/opt/ros/humble /usr/bin/cmake --build /home/orin/ros2_ws/build/examples_rclcpp_minimal_publisher -- -j6 -l6
[73.289s] Invoking command in '/home/orin/ros2_ws/build/examples_rclcpp_minimal_publisher': CMAKE_PREFIX_PATH=/opt/ros/humble /usr/bin/cmake --install /home/orin/ros2_ws/build/examples_rclcpp_minimal_publisher
[88.793s] -- Install configuration: ""
[88.794s] -- Execute custom install script
[88.794s] -- Up-to-date symlink: /home/orin/ros2_ws/install/examples_rclcpp_minimal_publisher/lib/examples_rclcpp_minimal_publisher/publisher_lambda
[88.794s] -- Up-to-date symlink: /home/orin/ros2_ws/install/examples_rclcpp_minimal_publisher/lib/examples_rclcpp_minimal_publisher/publisher_member_function
[88.794s] -- Up-to-date symlink: /home/orin/ros2_ws/install/examples_rclcpp_minimal_publisher/lib/examples_rclcpp_minimal_publisher/publisher_member_function_with_type_adapter
[88.794s] -- Up-to-date symlink: /home/orin/ros2_ws/install/examples_rclcpp_minimal_publisher/lib/examples_rclcpp_minimal_publisher/publisher_member_function_with_unique_network_flow_endpoints
[88.798s] -- Up-to-date symlink: /home/orin/ros2_ws/install/examples_rclcpp_minimal_publisher/lib/examples_rclcpp_minimal_publisher/publisher_wait_for_all_acked
[88.799s] -- Up-to-date symlink: /home/orin/ros2_ws/install/examples_rclcpp_minimal_publisher/lib/examples_rclcpp_minimal_publisher/publisher_not_composable
[88.799s] -- Up-to-date symlink: /home/orin/ros2_ws/install/examples_rclcpp_minimal_publisher/share/ament_index/resource_index/package_run_dependencies/examples_rclcpp_minimal_publisher
[88.799s] -- Up-to-date symlink: /home/orin/ros2_ws/install/examples_rclcpp_minimal_publisher/share/ament_index/resource_index/parent_prefix_path/examples_rclcpp_minimal_publisher
[88.799s] -- Up-to-date symlink: /home/orin/ros2_ws/install/examples_rclcpp_minimal_publisher/share/examples_rclcpp_minimal_publisher/environment/ament_prefix_path.sh
[88.799s] -- Up-to-date symlink: /home/orin/ros2_ws/install/examples_rclcpp_minimal_publisher/share/examples_rclcpp_minimal_publisher/environment/ament_prefix_path.dsv
[88.799s] -- Up-to-date symlink: /home/orin/ros2_ws/install/examples_rclcpp_minimal_publisher/share/examples_rclcpp_minimal_publisher/environment/path.sh
[88.799s] -- Up-to-date symlink: /home/orin/ros2_ws/install/examples_rclcpp_minimal_publisher/share/examples_rclcpp_minimal_publisher/environment/path.dsv
[88.800s] -- Up-to-date symlink: /home/orin/ros2_ws/install/examples_rclcpp_minimal_publisher/share/examples_rclcpp_minimal_publisher/local_setup.bash
[88.800s] -- Up-to-date symlink: /home/orin/ros2_ws/install/examples_rclcpp_minimal_publisher/share/examples_rclcpp_minimal_publisher/local_setup.sh
[88.800s] -- Up-to-date symlink: /home/orin/ros2_ws/install/examples_rclcpp_minimal_publisher/share/examples_rclcpp_minimal_publisher/local_setup.zsh
[88.800s] -- Up-to-date symlink: /home/orin/ros2_ws/install/examples_rclcpp_minimal_publisher/share/examples_rclcpp_minimal_publisher/local_setup.dsv
[88.800s] -- Symlinking: /home/orin/ros2_ws/install/examples_rclcpp_minimal_publisher/share/examples_rclcpp_minimal_publisher/package.dsv
[88.800s] -- Up-to-date symlink: /home/orin/ros2_ws/install/examples_rclcpp_minimal_publisher/share/ament_index/resource_index/packages/examples_rclcpp_minimal_publisher
[88.800s] -- Up-to-date symlink: /home/orin/ros2_ws/install/examples_rclcpp_minimal_publisher/share/examples_rclcpp_minimal_publisher/cmake/examples_rclcpp_minimal_publisherConfig.cmake
[88.800s] -- Up-to-date symlink: /home/orin/ros2_ws/install/examples_rclcpp_minimal_publisher/share/examples_rclcpp_minimal_publisher/cmake/examples_rclcpp_minimal_publisherConfig-version.cmake
[88.801s] -- Up-to-date symlink: /home/orin/ros2_ws/install/examples_rclcpp_minimal_publisher/share/examples_rclcpp_minimal_publisher/package.xml
[88.802s] Invoked command in '/home/orin/ros2_ws/build/examples_rclcpp_minimal_publisher' returned '0': CMAKE_PREFIX_PATH=/opt/ros/humble /usr/bin/cmake --install /home/orin/ros2_ws/build/examples_rclcpp_minimal_publisher
