[0.024s] Invoking command in '/home/orin/ros2_ws/build/custom_msgs': CMAKE_PREFIX_PATH=/opt/ros/humble /usr/bin/cmake /home/orin/ros2_ws/src/custom_msgs -DCMAKE_INSTALL_PREFIX=/home/orin/ros2_ws/install/custom_msgs
[0.048s] -- Found ament_cmake: 1.3.11 (/opt/ros/humble/share/ament_cmake/cmake)
[0.370s] -- Found std_msgs: 4.2.4 (/opt/ros/humble/share/std_msgs/cmake)
[0.435s] -- Found rosidl_generator_c: 3.1.6 (/opt/ros/humble/share/rosidl_generator_c/cmake)
[0.437s] -- Found rosidl_adapter: 3.1.6 (/opt/ros/humble/share/rosidl_adapter/cmake)
[0.449s] -- Found rosidl_generator_cpp: 3.1.6 (/opt/ros/humble/share/rosidl_generator_cpp/cmake)
[0.469s] -- Using all available rosidl_typesupport_c: rosidl_typesupport_fastrtps_c;rosidl_typesupport_introspection_c
[0.493s] -- Using all available rosidl_typesupport_cpp: rosidl_typesupport_fastrtps_cpp;rosidl_typesupport_introspection_cpp
[0.536s] -- Found rosidl_default_generators: 1.2.0 (/opt/ros/humble/share/rosidl_default_generators/cmake)
[1.004s] [31mCMake Error at /opt/ros/humble/share/rosidl_cmake/cmake/rosidl_generate_interfaces.cmake:229 (message):
[1.005s]   Packages installing interfaces must include
[1.005s]   '<member_of_group>rosidl_interface_packages</member_of_group>' in their
[1.005s]   package.xml
[1.005s] Call Stack (most recent call first):
[1.005s]   CMakeLists.txt:17 (rosidl_generate_interfaces)
[1.005s] 
[1.006s] [0m
[1.006s] -- Configuring incomplete, errors occurred!
[1.006s] See also "/home/orin/ros2_ws/build/custom_msgs/CMakeFiles/CMakeOutput.log".
[1.027s] Invoked command in '/home/orin/ros2_ws/build/custom_msgs' returned '1': CMAKE_PREFIX_PATH=/opt/ros/humble /usr/bin/cmake /home/orin/ros2_ws/src/custom_msgs -DCMAKE_INSTALL_PREFIX=/home/orin/ros2_ws/install/custom_msgs
