[35m[1mConsolidate compiler generated dependencies of target crop_control_service[0m
[ 10%] Built target crop_control_service
[ 15%] [32mBuilding CXX object CMakeFiles/stereo_node.dir/src/stereo_publisher.cpp.o[0m
[ 20%] [32m[1mLinking CXX executable stereo_node[0m
/usr/bin/ld: warning: libopencv_calib3d.so.4.5d, needed by /opt/ros/humble/lib/libdepthai_bridge.so, may conflict with libopencv_calib3d.so.410
/usr/bin/ld: warning: libopencv_imgcodecs.so.4.5d, needed by /opt/ros/humble/lib/libdepthai_bridge.so, may conflict with libopencv_imgcodecs.so.410
[ 20%] Built target stereo_node
[35m[1mConsolidate compiler generated dependencies of target yolov4_spatial_node[0m
[ 25%] [32mBuilding CXX object CMakeFiles/yolov4_spatial_node.dir/src/yolov4_spatial_publisher.cpp.o[0m
[ 30%] [32m[1mLinking CXX executable yolov4_spatial_node[0m
/usr/bin/ld: warning: libopencv_calib3d.so.4.5d, needed by /opt/ros/humble/lib/libdepthai_bridge.so, may conflict with libopencv_calib3d.so.410
/usr/bin/ld: warning: libopencv_imgcodecs.so.4.5d, needed by /opt/ros/humble/lib/libdepthai_bridge.so, may conflict with libopencv_imgcodecs.so.410
[ 30%] Built target yolov4_spatial_node
[35m[1mConsolidate compiler generated dependencies of target yolov4_node[0m
[ 35%] [32mBuilding CXX object CMakeFiles/yolov4_node.dir/src/yolov4_publisher.cpp.o[0m
[ 40%] [32m[1mLinking CXX executable yolov4_node[0m
/usr/bin/ld: warning: libopencv_calib3d.so.4.5d, needed by /opt/ros/humble/lib/libdepthai_bridge.so, may conflict with libopencv_calib3d.so.410
/usr/bin/ld: warning: libopencv_imgcodecs.so.4.5d, needed by /opt/ros/humble/lib/libdepthai_bridge.so, may conflict with libopencv_imgcodecs.so.410
[ 40%] Built target yolov4_node
[35m[1mConsolidate compiler generated dependencies of target tracker_yolov4_node[0m
[ 45%] [32mBuilding CXX object CMakeFiles/tracker_yolov4_node.dir/src/tracker_yolov4_publisher.cpp.o[0m
[ 50%] [32m[1mLinking CXX executable tracker_yolov4_node[0m
/usr/bin/ld: warning: libopencv_calib3d.so.4.5d, needed by /opt/ros/humble/lib/libdepthai_bridge.so, may conflict with libopencv_calib3d.so.410
/usr/bin/ld: warning: libopencv_imgcodecs.so.4.5d, needed by /opt/ros/humble/lib/libdepthai_bridge.so, may conflict with libopencv_imgcodecs.so.410
[ 50%] Built target tracker_yolov4_node
[35m[1mConsolidate compiler generated dependencies of target tracker_yolov4_spatial_node[0m
[ 55%] [32mBuilding CXX object CMakeFiles/tracker_yolov4_spatial_node.dir/src/tracker_yolov4_spatial_publisher.cpp.o[0m
[ 60%] [32m[1mLinking CXX executable tracker_yolov4_spatial_node[0m
/usr/bin/ld: warning: libopencv_calib3d.so.4.5d, needed by /opt/ros/humble/lib/libdepthai_bridge.so, may conflict with libopencv_calib3d.so.410
/usr/bin/ld: warning: libopencv_imgcodecs.so.4.5d, needed by /opt/ros/humble/lib/libdepthai_bridge.so, may conflict with libopencv_imgcodecs.so.410
[ 60%] Built target tracker_yolov4_spatial_node
[35m[1mConsolidate compiler generated dependencies of target feature_tracker[0m
[ 65%] [32mBuilding CXX object CMakeFiles/feature_tracker.dir/src/feature_tracker_publisher.cpp.o[0m
[ 70%] [32m[1mLinking CXX executable feature_tracker[0m
/usr/bin/ld: warning: libopencv_calib3d.so.4.5d, needed by /opt/ros/humble/lib/libdepthai_bridge.so, may conflict with libopencv_calib3d.so.410
/usr/bin/ld: warning: libopencv_imgcodecs.so.4.5d, needed by /opt/ros/humble/lib/libdepthai_bridge.so, may conflict with libopencv_imgcodecs.so.410
[ 70%] Built target feature_tracker
[35m[1mConsolidate compiler generated dependencies of target stereo_inertial_node[0m
[ 75%] [32mBuilding CXX object CMakeFiles/stereo_inertial_node.dir/src/stereo_inertial_publisher.cpp.o[0m
[ 80%] [32m[1mLinking CXX executable stereo_inertial_node[0m
/usr/bin/ld: warning: libopencv_calib3d.so.4.5d, needed by /opt/ros/humble/lib/libdepthai_bridge.so, may conflict with libopencv_calib3d.so.410
/usr/bin/ld: warning: libopencv_imgcodecs.so.4.5d, needed by /opt/ros/humble/lib/libdepthai_bridge.so, may conflict with libopencv_imgcodecs.so.410
[ 80%] Built target stereo_inertial_node
[35m[1mConsolidate compiler generated dependencies of target rgb_stereo_node[0m
[ 85%] [32mBuilding CXX object CMakeFiles/rgb_stereo_node.dir/src/rgb_stereo_node.cpp.o[0m
[ 90%] [32m[1mLinking CXX executable rgb_stereo_node[0m
/usr/bin/ld: warning: libopencv_calib3d.so.4.5d, needed by /opt/ros/humble/lib/libdepthai_bridge.so, may conflict with libopencv_calib3d.so.410
/usr/bin/ld: warning: libopencv_imgcodecs.so.4.5d, needed by /opt/ros/humble/lib/libdepthai_bridge.so, may conflict with libopencv_imgcodecs.so.410
[ 90%] Built target rgb_stereo_node
[35m[1mConsolidate compiler generated dependencies of target mobilenet_node[0m
[ 95%] [32mBuilding CXX object CMakeFiles/mobilenet_node.dir/src/mobilenet_publisher.cpp.o[0m
[100%] [32m[1mLinking CXX executable mobilenet_node[0m
/usr/bin/ld: warning: libopencv_calib3d.so.4.5d, needed by /opt/ros/humble/lib/libdepthai_bridge.so, may conflict with libopencv_calib3d.so.410
/usr/bin/ld: warning: libopencv_imgcodecs.so.4.5d, needed by /opt/ros/humble/lib/libdepthai_bridge.so, may conflict with libopencv_imgcodecs.so.410
[100%] Built target mobilenet_node
-- Install configuration: ""
-- Execute custom install script
-- Up-to-date symlink: /home/orin/ros2_ws/install/depthai_examples/share/depthai_examples/params/camera/color.yaml
-- Up-to-date symlink: /home/orin/ros2_ws/install/depthai_examples/share/depthai_examples/params/camera/left.yaml
-- Up-to-date symlink: /home/orin/ros2_ws/install/depthai_examples/share/depthai_examples/params/camera/right.yaml
-- Up-to-date symlink: /home/orin/ros2_ws/install/depthai_examples/share/depthai_examples/rviz/pointCloud.rviz
-- Up-to-date symlink: /home/orin/ros2_ws/install/depthai_examples/share/depthai_examples/rviz/rgb_camera.rviz
-- Up-to-date symlink: /home/orin/ros2_ws/install/depthai_examples/share/depthai_examples/rviz/stereoInertial.rviz
-- Up-to-date symlink: /home/orin/ros2_ws/install/depthai_examples/share/depthai_examples/rviz/stereoInertialDepthAlign.rviz
-- Up-to-date symlink: /home/orin/ros2_ws/install/depthai_examples/share/depthai_examples/rviz/stereoInertialDepthAlignROS2.rviz
-- Up-to-date symlink: /home/orin/ros2_ws/install/depthai_examples/share/depthai_examples/rviz/stereoInertialROS1.rviz
-- Up-to-date symlink: /home/orin/ros2_ws/install/depthai_examples/share/depthai_examples/rviz/stereoPointCloud.rviz
-- Up-to-date symlink: /home/orin/ros2_ws/install/depthai_examples/share/depthai_examples/rviz/stereoPointCloud_v1.rviz
-- Up-to-date symlink: /home/orin/ros2_ws/install/depthai_examples/share/depthai_examples/rviz/stereo_config.rviz
-- Up-to-date symlink: /home/orin/ros2_ws/install/depthai_examples/share/depthai_examples/rviz/stereo_nodelet.rviz
-- Up-to-date symlink: /home/orin/ros2_ws/install/depthai_examples/share/depthai_examples/resources/deeplab_v3_plus_mnv2_decoder_256_openvino_2021.4.blob
-- Up-to-date symlink: /home/orin/ros2_ws/install/depthai_examples/share/depthai_examples/resources/mobilenet-ssd_openvino_2021.2_6shave.blob
-- Up-to-date symlink: /home/orin/ros2_ws/install/depthai_examples/share/depthai_examples/resources/yolov4_tiny_coco_416x416_openvino_2021.4_6shave_bgr.blob
-- Up-to-date symlink: /home/orin/ros2_ws/install/depthai_examples/lib/depthai_examples/crop_control_service
-- Up-to-date symlink: /home/orin/ros2_ws/install/depthai_examples/lib/depthai_examples/mobilenet_node
-- Up-to-date symlink: /home/orin/ros2_ws/install/depthai_examples/lib/depthai_examples/rgb_stereo_node
-- Up-to-date symlink: /home/orin/ros2_ws/install/depthai_examples/lib/depthai_examples/stereo_inertial_node
-- Up-to-date symlink: /home/orin/ros2_ws/install/depthai_examples/lib/depthai_examples/stereo_node
-- Up-to-date symlink: /home/orin/ros2_ws/install/depthai_examples/lib/depthai_examples/yolov4_spatial_node
-- Up-to-date symlink: /home/orin/ros2_ws/install/depthai_examples/lib/depthai_examples/yolov4_node
-- Up-to-date symlink: /home/orin/ros2_ws/install/depthai_examples/lib/depthai_examples/feature_tracker
-- Up-to-date symlink: /home/orin/ros2_ws/install/depthai_examples/lib/depthai_examples/tracker_yolov4_node
-- Up-to-date symlink: /home/orin/ros2_ws/install/depthai_examples/lib/depthai_examples/tracker_yolov4_spatial_node
-- Up-to-date symlink: /home/orin/ros2_ws/install/depthai_examples/share/ament_index/resource_index/package_run_dependencies/depthai_examples
-- Up-to-date symlink: /home/orin/ros2_ws/install/depthai_examples/share/ament_index/resource_index/parent_prefix_path/depthai_examples
-- Up-to-date symlink: /home/orin/ros2_ws/install/depthai_examples/share/depthai_examples/environment/ament_prefix_path.sh
-- Up-to-date symlink: /home/orin/ros2_ws/install/depthai_examples/share/depthai_examples/environment/ament_prefix_path.dsv
-- Up-to-date symlink: /home/orin/ros2_ws/install/depthai_examples/share/depthai_examples/environment/path.sh
-- Up-to-date symlink: /home/orin/ros2_ws/install/depthai_examples/share/depthai_examples/environment/path.dsv
-- Up-to-date symlink: /home/orin/ros2_ws/install/depthai_examples/share/depthai_examples/local_setup.bash
-- Up-to-date symlink: /home/orin/ros2_ws/install/depthai_examples/share/depthai_examples/local_setup.sh
-- Up-to-date symlink: /home/orin/ros2_ws/install/depthai_examples/share/depthai_examples/local_setup.zsh
-- Up-to-date symlink: /home/orin/ros2_ws/install/depthai_examples/share/depthai_examples/local_setup.dsv
-- Symlinking: /home/orin/ros2_ws/install/depthai_examples/share/depthai_examples/package.dsv
-- Up-to-date symlink: /home/orin/ros2_ws/install/depthai_examples/share/ament_index/resource_index/packages/depthai_examples
-- Up-to-date symlink: /home/orin/ros2_ws/install/depthai_examples/share/depthai_examples/cmake/depthai_examplesConfig.cmake
-- Up-to-date symlink: /home/orin/ros2_ws/install/depthai_examples/share/depthai_examples/cmake/depthai_examplesConfig-version.cmake
-- Up-to-date symlink: /home/orin/ros2_ws/install/depthai_examples/share/depthai_examples/package.xml
-- Up-to-date: /home/orin/ros2_ws/install/depthai_examples/share/depthai_examples/launch
-- Installing: /home/orin/ros2_ws/install/depthai_examples/share/depthai_examples/launch/tracker_yolov4_node.launch.py
-- Installing: /home/orin/ros2_ws/install/depthai_examples/share/depthai_examples/launch/stereo_inertial_node.launch.py
-- Installing: /home/orin/ros2_ws/install/depthai_examples/share/depthai_examples/launch/mobile_publisher.launch.py
-- Installing: /home/orin/ros2_ws/install/depthai_examples/share/depthai_examples/launch/tracker_yolov4_spatial_node.launch.py
-- Installing: /home/orin/ros2_ws/install/depthai_examples/share/depthai_examples/launch/rgb_stereo_node.launch.py
-- Installing: /home/orin/ros2_ws/install/depthai_examples/share/depthai_examples/launch/stereo.launch.py
-- Installing: /home/orin/ros2_ws/install/depthai_examples/share/depthai_examples/launch/yolov4_publisher.launch.py
