[0.156s] Invoking command in '/home/orin/ros2_ws/build/depthai_examples': AMENT_PREFIX_PATH=/home/orin/ros2_ws/install/depthai_bridge:/home/orin/ros2_ws/install/depthai_ros_msgs:/home/orin/ros2_ws/install/depthai_descriptions:${AMENT_PREFIX_PATH} CMAKE_PREFIX_PATH=/home/orin/ros2_ws/install/depthai_bridge:/home/orin/ros2_ws/install/depthai_ros_msgs:/home/orin/ros2_ws/install/depthai_descriptions:/opt/ros/humble GAZEBO_MODEL_PATH=/home/orin/ros2_ws/install/depthai_descriptions:${GAZEBO_MODEL_PATH} GAZEBO_RESOURCE_PATH=/home/orin/ros2_ws/install/depthai_descriptions:${GAZEBO_RESOURCE_PATH} IGN_GAZEBO_MODEL_PATH=/home/orin/ros2_ws/install/depthai_descriptions:${IGN_GAZEBO_MODEL_PATH} IGN_GAZEBO_RESOURCE_PATH=/home/orin/ros2_ws/install/depthai_descriptions:${IGN_GAZEBO_RESOURCE_PATH} LD_LIBRARY_PATH=/home/orin/ros2_ws/install/depthai_bridge/lib:/home/orin/ros2_ws/install/depthai_ros_msgs/lib:${LD_LIBRARY_PATH} PYTHONPATH=/home/orin/ros2_ws/install/depthai_ros_msgs/local/lib/python3.10/dist-packages:${PYTHONPATH} /usr/bin/cmake --build /home/orin/ros2_ws/build/depthai_examples -- -j6 -l6
[0.487s] [35m[1mConsolidate compiler generated dependencies of target crop_control_service[0m
[0.487s] [ 10%] Built target crop_control_service
[0.487s] [ 15%] [32mBuilding CXX object CMakeFiles/stereo_node.dir/src/stereo_publisher.cpp.o[0m
[29.699s] [ 20%] [32m[1mLinking CXX executable stereo_node[0m
[31.021s] /usr/bin/ld: warning: libopencv_calib3d.so.4.5d, needed by /opt/ros/humble/lib/libdepthai_bridge.so, may conflict with libopencv_calib3d.so.410
[31.037s] /usr/bin/ld: warning: libopencv_imgcodecs.so.4.5d, needed by /opt/ros/humble/lib/libdepthai_bridge.so, may conflict with libopencv_imgcodecs.so.410
[33.586s] [ 20%] Built target stereo_node
[33.623s] [35m[1mConsolidate compiler generated dependencies of target yolov4_spatial_node[0m
[33.673s] [ 25%] [32mBuilding CXX object CMakeFiles/yolov4_spatial_node.dir/src/yolov4_spatial_publisher.cpp.o[0m
[67.995s] [ 30%] [32m[1mLinking CXX executable yolov4_spatial_node[0m
[68.963s] /usr/bin/ld: warning: libopencv_calib3d.so.4.5d, needed by /opt/ros/humble/lib/libdepthai_bridge.so, may conflict with libopencv_calib3d.so.410
[68.964s] /usr/bin/ld: warning: libopencv_imgcodecs.so.4.5d, needed by /opt/ros/humble/lib/libdepthai_bridge.so, may conflict with libopencv_imgcodecs.so.410
[70.162s] [ 30%] Built target yolov4_spatial_node
[70.197s] [35m[1mConsolidate compiler generated dependencies of target yolov4_node[0m
[70.262s] [ 35%] [32mBuilding CXX object CMakeFiles/yolov4_node.dir/src/yolov4_publisher.cpp.o[0m
[98.905s] [ 40%] [32m[1mLinking CXX executable yolov4_node[0m
[99.876s] /usr/bin/ld: warning: libopencv_calib3d.so.4.5d, needed by /opt/ros/humble/lib/libdepthai_bridge.so, may conflict with libopencv_calib3d.so.410
[99.881s] /usr/bin/ld: warning: libopencv_imgcodecs.so.4.5d, needed by /opt/ros/humble/lib/libdepthai_bridge.so, may conflict with libopencv_imgcodecs.so.410
[100.997s] [ 40%] Built target yolov4_node
[101.031s] [35m[1mConsolidate compiler generated dependencies of target tracker_yolov4_node[0m
[101.077s] [ 45%] [32mBuilding CXX object CMakeFiles/tracker_yolov4_node.dir/src/tracker_yolov4_publisher.cpp.o[0m
[135.638s] [ 50%] [32m[1mLinking CXX executable tracker_yolov4_node[0m
[136.604s] /usr/bin/ld: warning: libopencv_calib3d.so.4.5d, needed by /opt/ros/humble/lib/libdepthai_bridge.so, may conflict with libopencv_calib3d.so.410
[136.608s] /usr/bin/ld: warning: libopencv_imgcodecs.so.4.5d, needed by /opt/ros/humble/lib/libdepthai_bridge.so, may conflict with libopencv_imgcodecs.so.410
[137.740s] [ 50%] Built target tracker_yolov4_node
[137.780s] [35m[1mConsolidate compiler generated dependencies of target tracker_yolov4_spatial_node[0m
[137.826s] [ 55%] [32mBuilding CXX object CMakeFiles/tracker_yolov4_spatial_node.dir/src/tracker_yolov4_spatial_publisher.cpp.o[0m
[171.197s] [ 60%] [32m[1mLinking CXX executable tracker_yolov4_spatial_node[0m
[172.125s] /usr/bin/ld: warning: libopencv_calib3d.so.4.5d, needed by /opt/ros/humble/lib/libdepthai_bridge.so, may conflict with libopencv_calib3d.so.410
[172.130s] /usr/bin/ld: warning: libopencv_imgcodecs.so.4.5d, needed by /opt/ros/humble/lib/libdepthai_bridge.so, may conflict with libopencv_imgcodecs.so.410
[173.227s] [ 60%] Built target tracker_yolov4_spatial_node
[173.262s] [35m[1mConsolidate compiler generated dependencies of target feature_tracker[0m
[173.315s] [ 65%] [32mBuilding CXX object CMakeFiles/feature_tracker.dir/src/feature_tracker_publisher.cpp.o[0m
[203.127s] [ 70%] [32m[1mLinking CXX executable feature_tracker[0m
[203.986s] /usr/bin/ld: warning: libopencv_calib3d.so.4.5d, needed by /opt/ros/humble/lib/libdepthai_bridge.so, may conflict with libopencv_calib3d.so.410
[203.990s] /usr/bin/ld: warning: libopencv_imgcodecs.so.4.5d, needed by /opt/ros/humble/lib/libdepthai_bridge.so, may conflict with libopencv_imgcodecs.so.410
[207.632s] [ 70%] Built target feature_tracker
[208.077s] [35m[1mConsolidate compiler generated dependencies of target stereo_inertial_node[0m
[208.120s] [ 75%] [32mBuilding CXX object CMakeFiles/stereo_inertial_node.dir/src/stereo_inertial_publisher.cpp.o[0m
[247.372s] [ 80%] [32m[1mLinking CXX executable stereo_inertial_node[0m
[248.407s] /usr/bin/ld: warning: libopencv_calib3d.so.4.5d, needed by /opt/ros/humble/lib/libdepthai_bridge.so, may conflict with libopencv_calib3d.so.410
[248.416s] /usr/bin/ld: warning: libopencv_imgcodecs.so.4.5d, needed by /opt/ros/humble/lib/libdepthai_bridge.so, may conflict with libopencv_imgcodecs.so.410
[249.651s] [ 80%] Built target stereo_inertial_node
[249.681s] [35m[1mConsolidate compiler generated dependencies of target rgb_stereo_node[0m
[249.722s] [ 85%] [32mBuilding CXX object CMakeFiles/rgb_stereo_node.dir/src/rgb_stereo_node.cpp.o[0m
[275.034s] [ 90%] [32m[1mLinking CXX executable rgb_stereo_node[0m
[275.888s] /usr/bin/ld: warning: libopencv_calib3d.so.4.5d, needed by /opt/ros/humble/lib/libdepthai_bridge.so, may conflict with libopencv_calib3d.so.410
[275.893s] /usr/bin/ld: warning: libopencv_imgcodecs.so.4.5d, needed by /opt/ros/humble/lib/libdepthai_bridge.so, may conflict with libopencv_imgcodecs.so.410
[276.944s] [ 90%] Built target rgb_stereo_node
[276.987s] [35m[1mConsolidate compiler generated dependencies of target mobilenet_node[0m
[277.038s] [ 95%] [32mBuilding CXX object CMakeFiles/mobilenet_node.dir/src/mobilenet_publisher.cpp.o[0m
[302.636s] [100%] [32m[1mLinking CXX executable mobilenet_node[0m
[303.497s] /usr/bin/ld: warning: libopencv_calib3d.so.4.5d, needed by /opt/ros/humble/lib/libdepthai_bridge.so, may conflict with libopencv_calib3d.so.410
[303.500s] /usr/bin/ld: warning: libopencv_imgcodecs.so.4.5d, needed by /opt/ros/humble/lib/libdepthai_bridge.so, may conflict with libopencv_imgcodecs.so.410
[304.551s] [100%] Built target mobilenet_node
[304.589s] Invoked command in '/home/orin/ros2_ws/build/depthai_examples' returned '0': AMENT_PREFIX_PATH=/home/orin/ros2_ws/install/depthai_bridge:/home/orin/ros2_ws/install/depthai_ros_msgs:/home/orin/ros2_ws/install/depthai_descriptions:${AMENT_PREFIX_PATH} CMAKE_PREFIX_PATH=/home/orin/ros2_ws/install/depthai_bridge:/home/orin/ros2_ws/install/depthai_ros_msgs:/home/orin/ros2_ws/install/depthai_descriptions:/opt/ros/humble GAZEBO_MODEL_PATH=/home/orin/ros2_ws/install/depthai_descriptions:${GAZEBO_MODEL_PATH} GAZEBO_RESOURCE_PATH=/home/orin/ros2_ws/install/depthai_descriptions:${GAZEBO_RESOURCE_PATH} IGN_GAZEBO_MODEL_PATH=/home/orin/ros2_ws/install/depthai_descriptions:${IGN_GAZEBO_MODEL_PATH} IGN_GAZEBO_RESOURCE_PATH=/home/orin/ros2_ws/install/depthai_descriptions:${IGN_GAZEBO_RESOURCE_PATH} LD_LIBRARY_PATH=/home/orin/ros2_ws/install/depthai_bridge/lib:/home/orin/ros2_ws/install/depthai_ros_msgs/lib:${LD_LIBRARY_PATH} PYTHONPATH=/home/orin/ros2_ws/install/depthai_ros_msgs/local/lib/python3.10/dist-packages:${PYTHONPATH} /usr/bin/cmake --build /home/orin/ros2_ws/build/depthai_examples -- -j6 -l6
[304.699s] Invoking command in '/home/orin/ros2_ws/build/depthai_examples': AMENT_PREFIX_PATH=/home/orin/ros2_ws/install/depthai_bridge:/home/orin/ros2_ws/install/depthai_ros_msgs:/home/orin/ros2_ws/install/depthai_descriptions:${AMENT_PREFIX_PATH} CMAKE_PREFIX_PATH=/home/orin/ros2_ws/install/depthai_bridge:/home/orin/ros2_ws/install/depthai_ros_msgs:/home/orin/ros2_ws/install/depthai_descriptions:/opt/ros/humble GAZEBO_MODEL_PATH=/home/orin/ros2_ws/install/depthai_descriptions:${GAZEBO_MODEL_PATH} GAZEBO_RESOURCE_PATH=/home/orin/ros2_ws/install/depthai_descriptions:${GAZEBO_RESOURCE_PATH} IGN_GAZEBO_MODEL_PATH=/home/orin/ros2_ws/install/depthai_descriptions:${IGN_GAZEBO_MODEL_PATH} IGN_GAZEBO_RESOURCE_PATH=/home/orin/ros2_ws/install/depthai_descriptions:${IGN_GAZEBO_RESOURCE_PATH} LD_LIBRARY_PATH=/home/orin/ros2_ws/install/depthai_bridge/lib:/home/orin/ros2_ws/install/depthai_ros_msgs/lib:${LD_LIBRARY_PATH} PYTHONPATH=/home/orin/ros2_ws/install/depthai_ros_msgs/local/lib/python3.10/dist-packages:${PYTHONPATH} /usr/bin/cmake --install /home/orin/ros2_ws/build/depthai_examples
[304.720s] -- Install configuration: ""
[304.722s] -- Execute custom install script
[304.727s] -- Up-to-date symlink: /home/orin/ros2_ws/install/depthai_examples/share/depthai_examples/params/camera/color.yaml
[304.727s] -- Up-to-date symlink: /home/orin/ros2_ws/install/depthai_examples/share/depthai_examples/params/camera/left.yaml
[304.728s] -- Up-to-date symlink: /home/orin/ros2_ws/install/depthai_examples/share/depthai_examples/params/camera/right.yaml
[304.730s] -- Up-to-date symlink: /home/orin/ros2_ws/install/depthai_examples/share/depthai_examples/rviz/pointCloud.rviz
[304.731s] -- Up-to-date symlink: /home/orin/ros2_ws/install/depthai_examples/share/depthai_examples/rviz/rgb_camera.rviz
[304.732s] -- Up-to-date symlink: /home/orin/ros2_ws/install/depthai_examples/share/depthai_examples/rviz/stereoInertial.rviz
[304.732s] -- Up-to-date symlink: /home/orin/ros2_ws/install/depthai_examples/share/depthai_examples/rviz/stereoInertialDepthAlign.rviz
[304.733s] -- Up-to-date symlink: /home/orin/ros2_ws/install/depthai_examples/share/depthai_examples/rviz/stereoInertialDepthAlignROS2.rviz
[304.734s] -- Up-to-date symlink: /home/orin/ros2_ws/install/depthai_examples/share/depthai_examples/rviz/stereoInertialROS1.rviz
[304.734s] -- Up-to-date symlink: /home/orin/ros2_ws/install/depthai_examples/share/depthai_examples/rviz/stereoPointCloud.rviz
[304.735s] -- Up-to-date symlink: /home/orin/ros2_ws/install/depthai_examples/share/depthai_examples/rviz/stereoPointCloud_v1.rviz
[304.735s] -- Up-to-date symlink: /home/orin/ros2_ws/install/depthai_examples/share/depthai_examples/rviz/stereo_config.rviz
[304.736s] -- Up-to-date symlink: /home/orin/ros2_ws/install/depthai_examples/share/depthai_examples/rviz/stereo_nodelet.rviz
[304.738s] -- Up-to-date symlink: /home/orin/ros2_ws/install/depthai_examples/share/depthai_examples/resources/deeplab_v3_plus_mnv2_decoder_256_openvino_2021.4.blob
[304.739s] -- Up-to-date symlink: /home/orin/ros2_ws/install/depthai_examples/share/depthai_examples/resources/mobilenet-ssd_openvino_2021.2_6shave.blob
[304.740s] -- Up-to-date symlink: /home/orin/ros2_ws/install/depthai_examples/share/depthai_examples/resources/yolov4_tiny_coco_416x416_openvino_2021.4_6shave_bgr.blob
[304.742s] -- Up-to-date symlink: /home/orin/ros2_ws/install/depthai_examples/lib/depthai_examples/crop_control_service
[304.742s] -- Up-to-date symlink: /home/orin/ros2_ws/install/depthai_examples/lib/depthai_examples/mobilenet_node
[304.743s] -- Up-to-date symlink: /home/orin/ros2_ws/install/depthai_examples/lib/depthai_examples/rgb_stereo_node
[304.744s] -- Up-to-date symlink: /home/orin/ros2_ws/install/depthai_examples/lib/depthai_examples/stereo_inertial_node
[304.744s] -- Up-to-date symlink: /home/orin/ros2_ws/install/depthai_examples/lib/depthai_examples/stereo_node
[304.745s] -- Up-to-date symlink: /home/orin/ros2_ws/install/depthai_examples/lib/depthai_examples/yolov4_spatial_node
[304.745s] -- Up-to-date symlink: /home/orin/ros2_ws/install/depthai_examples/lib/depthai_examples/yolov4_node
[304.746s] -- Up-to-date symlink: /home/orin/ros2_ws/install/depthai_examples/lib/depthai_examples/feature_tracker
[304.747s] -- Up-to-date symlink: /home/orin/ros2_ws/install/depthai_examples/lib/depthai_examples/tracker_yolov4_node
[304.747s] -- Up-to-date symlink: /home/orin/ros2_ws/install/depthai_examples/lib/depthai_examples/tracker_yolov4_spatial_node
[304.749s] -- Up-to-date symlink: /home/orin/ros2_ws/install/depthai_examples/share/ament_index/resource_index/package_run_dependencies/depthai_examples
[304.750s] -- Up-to-date symlink: /home/orin/ros2_ws/install/depthai_examples/share/ament_index/resource_index/parent_prefix_path/depthai_examples
[304.752s] -- Up-to-date symlink: /home/orin/ros2_ws/install/depthai_examples/share/depthai_examples/environment/ament_prefix_path.sh
[304.752s] -- Up-to-date symlink: /home/orin/ros2_ws/install/depthai_examples/share/depthai_examples/environment/ament_prefix_path.dsv
[304.753s] -- Up-to-date symlink: /home/orin/ros2_ws/install/depthai_examples/share/depthai_examples/environment/path.sh
[304.754s] -- Up-to-date symlink: /home/orin/ros2_ws/install/depthai_examples/share/depthai_examples/environment/path.dsv
[304.755s] -- Up-to-date symlink: /home/orin/ros2_ws/install/depthai_examples/share/depthai_examples/local_setup.bash
[304.755s] -- Up-to-date symlink: /home/orin/ros2_ws/install/depthai_examples/share/depthai_examples/local_setup.sh
[304.756s] -- Up-to-date symlink: /home/orin/ros2_ws/install/depthai_examples/share/depthai_examples/local_setup.zsh
[304.757s] -- Up-to-date symlink: /home/orin/ros2_ws/install/depthai_examples/share/depthai_examples/local_setup.dsv
[304.757s] -- Symlinking: /home/orin/ros2_ws/install/depthai_examples/share/depthai_examples/package.dsv
[304.783s] -- Up-to-date symlink: /home/orin/ros2_ws/install/depthai_examples/share/ament_index/resource_index/packages/depthai_examples
[304.784s] -- Up-to-date symlink: /home/orin/ros2_ws/install/depthai_examples/share/depthai_examples/cmake/depthai_examplesConfig.cmake
[304.784s] -- Up-to-date symlink: /home/orin/ros2_ws/install/depthai_examples/share/depthai_examples/cmake/depthai_examplesConfig-version.cmake
[304.785s] -- Up-to-date symlink: /home/orin/ros2_ws/install/depthai_examples/share/depthai_examples/package.xml
[304.785s] -- Up-to-date: /home/orin/ros2_ws/install/depthai_examples/share/depthai_examples/launch
[304.786s] -- Installing: /home/orin/ros2_ws/install/depthai_examples/share/depthai_examples/launch/tracker_yolov4_node.launch.py
[304.788s] -- Installing: /home/orin/ros2_ws/install/depthai_examples/share/depthai_examples/launch/stereo_inertial_node.launch.py
[304.789s] -- Installing: /home/orin/ros2_ws/install/depthai_examples/share/depthai_examples/launch/mobile_publisher.launch.py
[304.790s] -- Installing: /home/orin/ros2_ws/install/depthai_examples/share/depthai_examples/launch/tracker_yolov4_spatial_node.launch.py
[304.791s] -- Installing: /home/orin/ros2_ws/install/depthai_examples/share/depthai_examples/launch/rgb_stereo_node.launch.py
[304.792s] -- Installing: /home/orin/ros2_ws/install/depthai_examples/share/depthai_examples/launch/stereo.launch.py
[304.792s] -- Installing: /home/orin/ros2_ws/install/depthai_examples/share/depthai_examples/launch/yolov4_publisher.launch.py
[304.800s] Invoked command in '/home/orin/ros2_ws/build/depthai_examples' returned '0': AMENT_PREFIX_PATH=/home/orin/ros2_ws/install/depthai_bridge:/home/orin/ros2_ws/install/depthai_ros_msgs:/home/orin/ros2_ws/install/depthai_descriptions:${AMENT_PREFIX_PATH} CMAKE_PREFIX_PATH=/home/orin/ros2_ws/install/depthai_bridge:/home/orin/ros2_ws/install/depthai_ros_msgs:/home/orin/ros2_ws/install/depthai_descriptions:/opt/ros/humble GAZEBO_MODEL_PATH=/home/orin/ros2_ws/install/depthai_descriptions:${GAZEBO_MODEL_PATH} GAZEBO_RESOURCE_PATH=/home/orin/ros2_ws/install/depthai_descriptions:${GAZEBO_RESOURCE_PATH} IGN_GAZEBO_MODEL_PATH=/home/orin/ros2_ws/install/depthai_descriptions:${IGN_GAZEBO_MODEL_PATH} IGN_GAZEBO_RESOURCE_PATH=/home/orin/ros2_ws/install/depthai_descriptions:${IGN_GAZEBO_RESOURCE_PATH} LD_LIBRARY_PATH=/home/orin/ros2_ws/install/depthai_bridge/lib:/home/orin/ros2_ws/install/depthai_ros_msgs/lib:${LD_LIBRARY_PATH} PYTHONPATH=/home/orin/ros2_ws/install/depthai_ros_msgs/local/lib/python3.10/dist-packages:${PYTHONPATH} /usr/bin/cmake --install /home/orin/ros2_ws/build/depthai_examples
