[3.748s] Invoking command in '/home/orin/ros2_ws/build/encoder_ultrasonic_package': PYTHONPATH=/home/orin/ros2_ws/build/encoder_ultrasonic_package/prefix_override:/usr/lib/python3/dist-packages/colcon_core/task/python/colcon_distutils_commands:/home/orin/ros2_ws/install/encoder_ultrasonic_package/lib/python3.10/site-packages:${PYTHONPATH} /usr/bin/python3 -W ignore:setup.py install is deprecated -W ignore:easy_install command is deprecated setup.py develop --editable --build-directory /home/orin/ros2_ws/build/encoder_ultrasonic_package/build --no-deps symlink_data --force
[5.095s] /home/orin/.local/lib/python3.10/site-packages/setuptools/_distutils/dist.py:261: UserWarning: Unknown distribution option: 'tests_require'
[5.095s]   warnings.warn(msg)
[5.295s] running develop
[6.311s] running egg_info
[6.422s] writing encoder_ultrasonic_package.egg-info/PKG-INFO
[6.428s] writing dependency_links to encoder_ultrasonic_package.egg-info/dependency_links.txt
[6.428s] writing entry points to encoder_ultrasonic_package.egg-info/entry_points.txt
[6.428s] writing requirements to encoder_ultrasonic_package.egg-info/requires.txt
[6.429s] writing top-level names to encoder_ultrasonic_package.egg-info/top_level.txt
[6.607s] reading manifest file 'encoder_ultrasonic_package.egg-info/SOURCES.txt'
[6.611s] writing manifest file 'encoder_ultrasonic_package.egg-info/SOURCES.txt'
[6.686s] running build_ext
[6.687s] Creating /home/orin/ros2_ws/install/encoder_ultrasonic_package/lib/python3.10/site-packages/encoder-ultrasonic-package.egg-link (link to .)
[6.687s] Installing encoder_ultrasonic_node script to /home/orin/ros2_ws/install/encoder_ultrasonic_package/lib/encoder_ultrasonic_package
[6.687s] 
[6.687s] Installed /home/orin/ros2_ws/build/encoder_ultrasonic_package
[6.687s] running symlink_data
[6.687s] symbolically linking /home/orin/ros2_ws/build/encoder_ultrasonic_package/resource/encoder_ultrasonic_package -> /home/orin/ros2_ws/install/encoder_ultrasonic_package/share/ament_index/resource_index/packages
[6.688s] symbolically linking /home/orin/ros2_ws/build/encoder_ultrasonic_package/package.xml -> /home/orin/ros2_ws/install/encoder_ultrasonic_package/share/encoder_ultrasonic_package
[6.859s] Invoked command in '/home/orin/ros2_ws/build/encoder_ultrasonic_package' returned '0': PYTHONPATH=/home/orin/ros2_ws/build/encoder_ultrasonic_package/prefix_override:/usr/lib/python3/dist-packages/colcon_core/task/python/colcon_distutils_commands:/home/orin/ros2_ws/install/encoder_ultrasonic_package/lib/python3.10/site-packages:${PYTHONPATH} /usr/bin/python3 -W ignore:setup.py install is deprecated -W ignore:easy_install command is deprecated setup.py develop --editable --build-directory /home/orin/ros2_ws/build/encoder_ultrasonic_package/build --no-deps symlink_data --force
