[0.042s] Invoking command in '/home/orin/ros2_ws/build/my_bot_imu': CMAKE_PREFIX_PATH=/opt/ros/humble /usr/bin/cmake --build /home/orin/ros2_ws/build/my_bot_imu -- -j6 -l6
[0.477s] [100%] Built target my_bot_imu
[0.503s] Invoked command in '/home/orin/ros2_ws/build/my_bot_imu' returned '0': CMAKE_PREFIX_PATH=/opt/ros/humble /usr/bin/cmake --build /home/orin/ros2_ws/build/my_bot_imu -- -j6 -l6
[0.532s] Invoking command in '/home/orin/ros2_ws/build/my_bot_imu': CMAKE_PREFIX_PATH=/opt/ros/humble /usr/bin/cmake --install /home/orin/ros2_ws/build/my_bot_imu
[0.551s] -- Install configuration: ""
[0.553s] -- Execute custom install script
[0.556s] -- Up-to-date symlink: /home/orin/ros2_ws/install/my_bot_imu/lib/my_bot_imu/my_bot_imu
[0.562s] -- Up-to-date symlink: /home/orin/ros2_ws/install/my_bot_imu/share/my_bot_imu//launch/my_bot_imu.launch.py
[0.564s] -- Up-to-date symlink: /home/orin/ros2_ws/install/my_bot_imu/share/ament_index/resource_index/package_run_dependencies/my_bot_imu
[0.565s] -- Up-to-date symlink: /home/orin/ros2_ws/install/my_bot_imu/share/ament_index/resource_index/parent_prefix_path/my_bot_imu
[0.567s] -- Up-to-date symlink: /home/orin/ros2_ws/install/my_bot_imu/share/my_bot_imu/environment/ament_prefix_path.sh
[0.567s] -- Up-to-date symlink: /home/orin/ros2_ws/install/my_bot_imu/share/my_bot_imu/environment/ament_prefix_path.dsv
[0.568s] -- Up-to-date symlink: /home/orin/ros2_ws/install/my_bot_imu/share/my_bot_imu/environment/path.sh
[0.569s] -- Up-to-date symlink: /home/orin/ros2_ws/install/my_bot_imu/share/my_bot_imu/environment/path.dsv
[0.569s] -- Up-to-date symlink: /home/orin/ros2_ws/install/my_bot_imu/share/my_bot_imu/local_setup.bash
[0.570s] -- Up-to-date symlink: /home/orin/ros2_ws/install/my_bot_imu/share/my_bot_imu/local_setup.sh
[0.571s] -- Up-to-date symlink: /home/orin/ros2_ws/install/my_bot_imu/share/my_bot_imu/local_setup.zsh
[0.571s] -- Up-to-date symlink: /home/orin/ros2_ws/install/my_bot_imu/share/my_bot_imu/local_setup.dsv
[0.572s] -- Symlinking: /home/orin/ros2_ws/install/my_bot_imu/share/my_bot_imu/package.dsv
[0.594s] -- Up-to-date symlink: /home/orin/ros2_ws/install/my_bot_imu/share/ament_index/resource_index/packages/my_bot_imu
[0.594s] -- Up-to-date symlink: /home/orin/ros2_ws/install/my_bot_imu/share/my_bot_imu/cmake/my_bot_imuConfig.cmake
[0.595s] -- Up-to-date symlink: /home/orin/ros2_ws/install/my_bot_imu/share/my_bot_imu/cmake/my_bot_imuConfig-version.cmake
[0.595s] -- Up-to-date symlink: /home/orin/ros2_ws/install/my_bot_imu/share/my_bot_imu/package.xml
[0.601s] Invoked command in '/home/orin/ros2_ws/build/my_bot_imu' returned '0': CMAKE_PREFIX_PATH=/opt/ros/humble /usr/bin/cmake --install /home/orin/ros2_ws/build/my_bot_imu
