[4.743s] Invoking command in '/home/orin/ros2_ws/src/examples/rclpy/executors': PYTHONPATH=/home/orin/ros2_ws/build/examples_rclpy_executors/prefix_override:/usr/lib/python3/dist-packages/colcon_core/task/python/colcon_distutils_commands:/home/orin/ros2_ws/install/examples_rclpy_executors/lib/python3.10/site-packages:${PYTHONPATH} /usr/bin/python3 -W ignore:setup.py install is deprecated setup.py egg_info --egg-base ../../../../build/examples_rclpy_executors build --build-base /home/orin/ros2_ws/build/examples_rclpy_executors/build install --record /home/orin/ros2_ws/build/examples_rclpy_executors/install.log --single-version-externally-managed install_data
[5.260s] /home/orin/.local/lib/python3.10/site-packages/setuptools/_distutils/dist.py:261: UserWarning: Unknown distribution option: 'tests_require'
[5.261s]   warnings.warn(msg)
[5.628s] running egg_info
[5.629s] creating ../../../../build/examples_rclpy_executors/examples_rclpy_executors.egg-info
[5.700s] writing ../../../../build/examples_rclpy_executors/examples_rclpy_executors.egg-info/PKG-INFO
[5.701s] writing dependency_links to ../../../../build/examples_rclpy_executors/examples_rclpy_executors.egg-info/dependency_links.txt
[5.704s] writing entry points to ../../../../build/examples_rclpy_executors/examples_rclpy_executors.egg-info/entry_points.txt
[5.704s] writing requirements to ../../../../build/examples_rclpy_executors/examples_rclpy_executors.egg-info/requires.txt
[5.705s] writing top-level names to ../../../../build/examples_rclpy_executors/examples_rclpy_executors.egg-info/top_level.txt
[5.705s] writing manifest file '../../../../build/examples_rclpy_executors/examples_rclpy_executors.egg-info/SOURCES.txt'
[5.830s] reading manifest file '../../../../build/examples_rclpy_executors/examples_rclpy_executors.egg-info/SOURCES.txt'
[5.835s] writing manifest file '../../../../build/examples_rclpy_executors/examples_rclpy_executors.egg-info/SOURCES.txt'
[5.837s] running build
[5.840s] running build_py
[5.841s] creating /home/orin/ros2_ws/build/examples_rclpy_executors/build/lib/examples_rclpy_executors
[5.843s] copying examples_rclpy_executors/listener.py -> /home/orin/ros2_ws/build/examples_rclpy_executors/build/lib/examples_rclpy_executors
[5.845s] copying examples_rclpy_executors/__init__.py -> /home/orin/ros2_ws/build/examples_rclpy_executors/build/lib/examples_rclpy_executors
[5.847s] copying examples_rclpy_executors/callback_group.py -> /home/orin/ros2_ws/build/examples_rclpy_executors/build/lib/examples_rclpy_executors
[5.848s] copying examples_rclpy_executors/talker.py -> /home/orin/ros2_ws/build/examples_rclpy_executors/build/lib/examples_rclpy_executors
[5.850s] copying examples_rclpy_executors/custom_executor.py -> /home/orin/ros2_ws/build/examples_rclpy_executors/build/lib/examples_rclpy_executors
[5.852s] copying examples_rclpy_executors/custom_callback_group.py -> /home/orin/ros2_ws/build/examples_rclpy_executors/build/lib/examples_rclpy_executors
[5.853s] copying examples_rclpy_executors/composed.py -> /home/orin/ros2_ws/build/examples_rclpy_executors/build/lib/examples_rclpy_executors
[5.856s] running install
[5.869s] running install_lib
[5.931s] creating /home/orin/ros2_ws/install/examples_rclpy_executors/lib/python3.10/site-packages/examples_rclpy_executors
[5.933s] copying /home/orin/ros2_ws/build/examples_rclpy_executors/build/lib/examples_rclpy_executors/listener.py -> /home/orin/ros2_ws/install/examples_rclpy_executors/lib/python3.10/site-packages/examples_rclpy_executors
[5.935s] copying /home/orin/ros2_ws/build/examples_rclpy_executors/build/lib/examples_rclpy_executors/__init__.py -> /home/orin/ros2_ws/install/examples_rclpy_executors/lib/python3.10/site-packages/examples_rclpy_executors
[5.937s] copying /home/orin/ros2_ws/build/examples_rclpy_executors/build/lib/examples_rclpy_executors/callback_group.py -> /home/orin/ros2_ws/install/examples_rclpy_executors/lib/python3.10/site-packages/examples_rclpy_executors
[5.938s] copying /home/orin/ros2_ws/build/examples_rclpy_executors/build/lib/examples_rclpy_executors/talker.py -> /home/orin/ros2_ws/install/examples_rclpy_executors/lib/python3.10/site-packages/examples_rclpy_executors
[5.940s] copying /home/orin/ros2_ws/build/examples_rclpy_executors/build/lib/examples_rclpy_executors/custom_executor.py -> /home/orin/ros2_ws/install/examples_rclpy_executors/lib/python3.10/site-packages/examples_rclpy_executors
[5.941s] copying /home/orin/ros2_ws/build/examples_rclpy_executors/build/lib/examples_rclpy_executors/custom_callback_group.py -> /home/orin/ros2_ws/install/examples_rclpy_executors/lib/python3.10/site-packages/examples_rclpy_executors
[5.943s] copying /home/orin/ros2_ws/build/examples_rclpy_executors/build/lib/examples_rclpy_executors/composed.py -> /home/orin/ros2_ws/install/examples_rclpy_executors/lib/python3.10/site-packages/examples_rclpy_executors
[5.946s] byte-compiling /home/orin/ros2_ws/install/examples_rclpy_executors/lib/python3.10/site-packages/examples_rclpy_executors/listener.py to listener.cpython-310.pyc
[5.949s] byte-compiling /home/orin/ros2_ws/install/examples_rclpy_executors/lib/python3.10/site-packages/examples_rclpy_executors/__init__.py to __init__.cpython-310.pyc
[5.951s] byte-compiling /home/orin/ros2_ws/install/examples_rclpy_executors/lib/python3.10/site-packages/examples_rclpy_executors/callback_group.py to callback_group.cpython-310.pyc
[5.954s] byte-compiling /home/orin/ros2_ws/install/examples_rclpy_executors/lib/python3.10/site-packages/examples_rclpy_executors/talker.py to talker.cpython-310.pyc
[5.957s] byte-compiling /home/orin/ros2_ws/install/examples_rclpy_executors/lib/python3.10/site-packages/examples_rclpy_executors/custom_executor.py to custom_executor.cpython-310.pyc
[5.962s] byte-compiling /home/orin/ros2_ws/install/examples_rclpy_executors/lib/python3.10/site-packages/examples_rclpy_executors/custom_callback_group.py to custom_callback_group.cpython-310.pyc
[5.963s] byte-compiling /home/orin/ros2_ws/install/examples_rclpy_executors/lib/python3.10/site-packages/examples_rclpy_executors/composed.py to composed.cpython-310.pyc
[5.965s] running install_data
[5.969s] creating /home/orin/ros2_ws/install/examples_rclpy_executors/share/ament_index/resource_index/packages
[5.970s] copying resource/examples_rclpy_executors -> /home/orin/ros2_ws/install/examples_rclpy_executors/share/ament_index/resource_index/packages
[5.973s] copying package.xml -> /home/orin/ros2_ws/install/examples_rclpy_executors/share/examples_rclpy_executors
[5.977s] running install_egg_info
[6.057s] Copying ../../../../build/examples_rclpy_executors/examples_rclpy_executors.egg-info to /home/orin/ros2_ws/install/examples_rclpy_executors/lib/python3.10/site-packages/examples_rclpy_executors-0.15.2-py3.10.egg-info
[6.070s] running install_scripts
[6.706s] Installing callback_group script to /home/orin/ros2_ws/install/examples_rclpy_executors/lib/examples_rclpy_executors
[6.706s] Installing composed script to /home/orin/ros2_ws/install/examples_rclpy_executors/lib/examples_rclpy_executors
[6.707s] Installing custom_callback_group script to /home/orin/ros2_ws/install/examples_rclpy_executors/lib/examples_rclpy_executors
[6.707s] Installing custom_executor script to /home/orin/ros2_ws/install/examples_rclpy_executors/lib/examples_rclpy_executors
[6.707s] Installing listener script to /home/orin/ros2_ws/install/examples_rclpy_executors/lib/examples_rclpy_executors
[6.707s] Installing talker script to /home/orin/ros2_ws/install/examples_rclpy_executors/lib/examples_rclpy_executors
[6.709s] writing list of installed files to '/home/orin/ros2_ws/build/examples_rclpy_executors/install.log'
[6.866s] Invoked command in '/home/orin/ros2_ws/src/examples/rclpy/executors' returned '0': PYTHONPATH=/home/orin/ros2_ws/build/examples_rclpy_executors/prefix_override:/usr/lib/python3/dist-packages/colcon_core/task/python/colcon_distutils_commands:/home/orin/ros2_ws/install/examples_rclpy_executors/lib/python3.10/site-packages:${PYTHONPATH} /usr/bin/python3 -W ignore:setup.py install is deprecated setup.py egg_info --egg-base ../../../../build/examples_rclpy_executors build --build-base /home/orin/ros2_ws/build/examples_rclpy_executors/build install --record /home/orin/ros2_ws/build/examples_rclpy_executors/install.log --single-version-externally-managed install_data
