[9.113s] Invoking command in '/home/orin/ros2_ws/build/encoder_ultrasonic_package': PYTHONPATH=/home/orin/ros2_ws/build/encoder_ultrasonic_package/prefix_override:/usr/lib/python3/dist-packages/colcon_core/task/python/colcon_distutils_commands:/home/orin/ros2_ws/install/encoder_ultrasonic_package/lib/python3.10/site-packages:${PYTHONPATH} /usr/bin/python3 -W ignore:setup.py install is deprecated setup.py develop --editable --build-directory /home/orin/ros2_ws/build/encoder_ultrasonic_package/build --no-deps symlink_data
[10.516s] /home/orin/.local/lib/python3.10/site-packages/setuptools/_distutils/dist.py:261: UserWarning: Unknown distribution option: 'tests_require'
[10.516s]   warnings.warn(msg)
[12.300s] /home/orin/.local/lib/python3.10/site-packages/setuptools/command/develop.py:41: EasyInstallDeprecationWarning: easy_install command is deprecated.
[12.300s] !!
[12.300s] 
[12.300s]         ********************************************************************************
[12.300s]         Please avoid running ``setup.py`` and ``easy_install``.
[12.300s]         Instead, use pypa/build, pypa/installer or other
[12.301s]         standards-based tools.
[12.301s] 
[12.301s]         See https://github.com/pypa/setuptools/issues/917 for details.
[12.301s]         ********************************************************************************
[12.301s] 
[12.301s] !!
[12.301s]   easy_install.initialize_options(self)
[12.302s] running develop
[15.399s] running egg_info
[15.449s] writing encoder_ultrasonic_package.egg-info/PKG-INFO
[15.469s] writing dependency_links to encoder_ultrasonic_package.egg-info/dependency_links.txt
[15.470s] writing entry points to encoder_ultrasonic_package.egg-info/entry_points.txt
[15.474s] writing requirements to encoder_ultrasonic_package.egg-info/requires.txt
[15.478s] writing top-level names to encoder_ultrasonic_package.egg-info/top_level.txt
[15.839s] reading manifest file 'encoder_ultrasonic_package.egg-info/SOURCES.txt'
[15.840s] writing manifest file 'encoder_ultrasonic_package.egg-info/SOURCES.txt'
[15.976s] running build_ext
[15.976s] Creating /home/orin/ros2_ws/install/encoder_ultrasonic_package/lib/python3.10/site-packages/encoder-ultrasonic-package.egg-link (link to .)
[15.985s] Installing encoder_ultrasonic_node script to /home/orin/ros2_ws/install/encoder_ultrasonic_package/lib/encoder_ultrasonic_package
[15.986s] 
[15.986s] Installed /home/orin/ros2_ws/build/encoder_ultrasonic_package
[15.990s] running symlink_data
[16.285s] Invoked command in '/home/orin/ros2_ws/build/encoder_ultrasonic_package' returned '0': PYTHONPATH=/home/orin/ros2_ws/build/encoder_ultrasonic_package/prefix_override:/usr/lib/python3/dist-packages/colcon_core/task/python/colcon_distutils_commands:/home/orin/ros2_ws/install/encoder_ultrasonic_package/lib/python3.10/site-packages:${PYTHONPATH} /usr/bin/python3 -W ignore:setup.py install is deprecated setup.py develop --editable --build-directory /home/orin/ros2_ws/build/encoder_ultrasonic_package/build --no-deps symlink_data
