[4.532s] Invoking command in '/home/orin/ros2_ws/src/examples/rclpy/services/minimal_client': PYTHONPATH=/home/orin/ros2_ws/build/examples_rclpy_minimal_client/prefix_override:/usr/lib/python3/dist-packages/colcon_core/task/python/colcon_distutils_commands:/home/orin/ros2_ws/install/examples_rclpy_minimal_client/lib/python3.10/site-packages:${PYTHONPATH} /usr/bin/python3 -W ignore:setup.py install is deprecated setup.py egg_info --egg-base ../../../../../build/examples_rclpy_minimal_client build --build-base /home/orin/ros2_ws/build/examples_rclpy_minimal_client/build install --record /home/orin/ros2_ws/build/examples_rclpy_minimal_client/install.log --single-version-externally-managed install_data
[5.375s] /home/orin/.local/lib/python3.10/site-packages/setuptools/_distutils/dist.py:261: UserWarning: Unknown distribution option: 'tests_require'
[5.375s]   warnings.warn(msg)
[5.825s] running egg_info
[5.827s] creating ../../../../../build/examples_rclpy_minimal_client/examples_rclpy_minimal_client.egg-info
[5.889s] writing ../../../../../build/examples_rclpy_minimal_client/examples_rclpy_minimal_client.egg-info/PKG-INFO
[5.889s] writing dependency_links to ../../../../../build/examples_rclpy_minimal_client/examples_rclpy_minimal_client.egg-info/dependency_links.txt
[5.889s] writing entry points to ../../../../../build/examples_rclpy_minimal_client/examples_rclpy_minimal_client.egg-info/entry_points.txt
[5.893s] writing requirements to ../../../../../build/examples_rclpy_minimal_client/examples_rclpy_minimal_client.egg-info/requires.txt
[5.893s] writing top-level names to ../../../../../build/examples_rclpy_minimal_client/examples_rclpy_minimal_client.egg-info/top_level.txt
[5.893s] writing manifest file '../../../../../build/examples_rclpy_minimal_client/examples_rclpy_minimal_client.egg-info/SOURCES.txt'
[6.014s] reading manifest file '../../../../../build/examples_rclpy_minimal_client/examples_rclpy_minimal_client.egg-info/SOURCES.txt'
[6.016s] writing manifest file '../../../../../build/examples_rclpy_minimal_client/examples_rclpy_minimal_client.egg-info/SOURCES.txt'
[6.018s] running build
[6.020s] running build_py
[6.022s] creating /home/orin/ros2_ws/build/examples_rclpy_minimal_client/build/lib/examples_rclpy_minimal_client
[6.024s] copying examples_rclpy_minimal_client/client.py -> /home/orin/ros2_ws/build/examples_rclpy_minimal_client/build/lib/examples_rclpy_minimal_client
[6.026s] copying examples_rclpy_minimal_client/__init__.py -> /home/orin/ros2_ws/build/examples_rclpy_minimal_client/build/lib/examples_rclpy_minimal_client
[6.027s] copying examples_rclpy_minimal_client/client_async_member_function.py -> /home/orin/ros2_ws/build/examples_rclpy_minimal_client/build/lib/examples_rclpy_minimal_client
[6.029s] copying examples_rclpy_minimal_client/client_async.py -> /home/orin/ros2_ws/build/examples_rclpy_minimal_client/build/lib/examples_rclpy_minimal_client
[6.031s] copying examples_rclpy_minimal_client/client_async_callback.py -> /home/orin/ros2_ws/build/examples_rclpy_minimal_client/build/lib/examples_rclpy_minimal_client
[6.033s] running install
[6.046s] running install_lib
[6.104s] creating /home/orin/ros2_ws/install/examples_rclpy_minimal_client/lib/python3.10/site-packages/examples_rclpy_minimal_client
[6.107s] copying /home/orin/ros2_ws/build/examples_rclpy_minimal_client/build/lib/examples_rclpy_minimal_client/client.py -> /home/orin/ros2_ws/install/examples_rclpy_minimal_client/lib/python3.10/site-packages/examples_rclpy_minimal_client
[6.109s] copying /home/orin/ros2_ws/build/examples_rclpy_minimal_client/build/lib/examples_rclpy_minimal_client/__init__.py -> /home/orin/ros2_ws/install/examples_rclpy_minimal_client/lib/python3.10/site-packages/examples_rclpy_minimal_client
[6.112s] copying /home/orin/ros2_ws/build/examples_rclpy_minimal_client/build/lib/examples_rclpy_minimal_client/client_async_member_function.py -> /home/orin/ros2_ws/install/examples_rclpy_minimal_client/lib/python3.10/site-packages/examples_rclpy_minimal_client
[6.112s] copying /home/orin/ros2_ws/build/examples_rclpy_minimal_client/build/lib/examples_rclpy_minimal_client/client_async.py -> /home/orin/ros2_ws/install/examples_rclpy_minimal_client/lib/python3.10/site-packages/examples_rclpy_minimal_client
[6.114s] copying /home/orin/ros2_ws/build/examples_rclpy_minimal_client/build/lib/examples_rclpy_minimal_client/client_async_callback.py -> /home/orin/ros2_ws/install/examples_rclpy_minimal_client/lib/python3.10/site-packages/examples_rclpy_minimal_client
[6.118s] byte-compiling /home/orin/ros2_ws/install/examples_rclpy_minimal_client/lib/python3.10/site-packages/examples_rclpy_minimal_client/client.py to client.cpython-310.pyc
[6.120s] byte-compiling /home/orin/ros2_ws/install/examples_rclpy_minimal_client/lib/python3.10/site-packages/examples_rclpy_minimal_client/__init__.py to __init__.cpython-310.pyc
[6.122s] byte-compiling /home/orin/ros2_ws/install/examples_rclpy_minimal_client/lib/python3.10/site-packages/examples_rclpy_minimal_client/client_async_member_function.py to client_async_member_function.cpython-310.pyc
[6.125s] byte-compiling /home/orin/ros2_ws/install/examples_rclpy_minimal_client/lib/python3.10/site-packages/examples_rclpy_minimal_client/client_async.py to client_async.cpython-310.pyc
[6.127s] byte-compiling /home/orin/ros2_ws/install/examples_rclpy_minimal_client/lib/python3.10/site-packages/examples_rclpy_minimal_client/client_async_callback.py to client_async_callback.cpython-310.pyc
[6.130s] running install_data
[6.132s] creating /home/orin/ros2_ws/install/examples_rclpy_minimal_client/share/ament_index/resource_index/packages
[6.134s] copying resource/examples_rclpy_minimal_client -> /home/orin/ros2_ws/install/examples_rclpy_minimal_client/share/ament_index/resource_index/packages
[6.136s] copying package.xml -> /home/orin/ros2_ws/install/examples_rclpy_minimal_client/share/examples_rclpy_minimal_client
[6.143s] running install_egg_info
[6.208s] Copying ../../../../../build/examples_rclpy_minimal_client/examples_rclpy_minimal_client.egg-info to /home/orin/ros2_ws/install/examples_rclpy_minimal_client/lib/python3.10/site-packages/examples_rclpy_minimal_client-0.15.2-py3.10.egg-info
[6.211s] running install_scripts
[6.778s] Installing client script to /home/orin/ros2_ws/install/examples_rclpy_minimal_client/lib/examples_rclpy_minimal_client
[6.785s] Installing client_async script to /home/orin/ros2_ws/install/examples_rclpy_minimal_client/lib/examples_rclpy_minimal_client
[6.789s] Installing client_async_callback script to /home/orin/ros2_ws/install/examples_rclpy_minimal_client/lib/examples_rclpy_minimal_client
[6.791s] Installing client_async_member_function script to /home/orin/ros2_ws/install/examples_rclpy_minimal_client/lib/examples_rclpy_minimal_client
[6.794s] writing list of installed files to '/home/orin/ros2_ws/build/examples_rclpy_minimal_client/install.log'
[7.067s] Invoked command in '/home/orin/ros2_ws/src/examples/rclpy/services/minimal_client' returned '0': PYTHONPATH=/home/orin/ros2_ws/build/examples_rclpy_minimal_client/prefix_override:/usr/lib/python3/dist-packages/colcon_core/task/python/colcon_distutils_commands:/home/orin/ros2_ws/install/examples_rclpy_minimal_client/lib/python3.10/site-packages:${PYTHONPATH} /usr/bin/python3 -W ignore:setup.py install is deprecated setup.py egg_info --egg-base ../../../../../build/examples_rclpy_minimal_client build --build-base /home/orin/ros2_ws/build/examples_rclpy_minimal_client/build install --record /home/orin/ros2_ws/build/examples_rclpy_minimal_client/install.log --single-version-externally-managed install_data
