[0.050s] Invoking command in '/home/orin/ros2_ws/build/my_bot_description': CMAKE_PREFIX_PATH=/home/orin/ros2_ws/install/sllidar_ros2:/home/orin/ros2_ws/install/ros2_control_demo_example_5:/home/orin/ros2_ws/install/ros2_control_demo_description:/home/orin/ros2_ws/install/my_bot_imu:/home/orin/ros2_ws/install/my_bot_description:/home/orin/ros2_ws/install/wheel_encoder_odometry:/home/orin/ros2_ws/install/ros2_control_demo_testing:/home/orin/ros2_ws/install/arduino_odometry:/opt/ros/humble:/home/orin/ros2_ws/install/mobile_robot_description:/home/orin/ros2_ws/install/image_geometry:/home/orin/ros2_ws/install/gazebo_dev:/home/orin/ros2_ws/install/depthai-ros:/home/orin/ros2_ws/install/depthai_examples:/home/orin/ros2_ws/install/depthai_ros_msgs:/home/orin/ros2_ws/install/depthai_descriptions:/home/orin/ros2_ws/install/cv_bridge /usr/bin/cmake --build /home/orin/ros2_ws/build/my_bot_description -- -j6 -l6
[0.156s] Invoked command in '/home/orin/ros2_ws/build/my_bot_description' returned '0': CMAKE_PREFIX_PATH=/home/orin/ros2_ws/install/sllidar_ros2:/home/orin/ros2_ws/install/ros2_control_demo_example_5:/home/orin/ros2_ws/install/ros2_control_demo_description:/home/orin/ros2_ws/install/my_bot_imu:/home/orin/ros2_ws/install/my_bot_description:/home/orin/ros2_ws/install/wheel_encoder_odometry:/home/orin/ros2_ws/install/ros2_control_demo_testing:/home/orin/ros2_ws/install/arduino_odometry:/opt/ros/humble:/home/orin/ros2_ws/install/mobile_robot_description:/home/orin/ros2_ws/install/image_geometry:/home/orin/ros2_ws/install/gazebo_dev:/home/orin/ros2_ws/install/depthai-ros:/home/orin/ros2_ws/install/depthai_examples:/home/orin/ros2_ws/install/depthai_ros_msgs:/home/orin/ros2_ws/install/depthai_descriptions:/home/orin/ros2_ws/install/cv_bridge /usr/bin/cmake --build /home/orin/ros2_ws/build/my_bot_description -- -j6 -l6
[0.227s] Invoking command in '/home/orin/ros2_ws/build/my_bot_description': CMAKE_PREFIX_PATH=/home/orin/ros2_ws/install/sllidar_ros2:/home/orin/ros2_ws/install/ros2_control_demo_example_5:/home/orin/ros2_ws/install/ros2_control_demo_description:/home/orin/ros2_ws/install/my_bot_imu:/home/orin/ros2_ws/install/my_bot_description:/home/orin/ros2_ws/install/wheel_encoder_odometry:/home/orin/ros2_ws/install/ros2_control_demo_testing:/home/orin/ros2_ws/install/arduino_odometry:/opt/ros/humble:/home/orin/ros2_ws/install/mobile_robot_description:/home/orin/ros2_ws/install/image_geometry:/home/orin/ros2_ws/install/gazebo_dev:/home/orin/ros2_ws/install/depthai-ros:/home/orin/ros2_ws/install/depthai_examples:/home/orin/ros2_ws/install/depthai_ros_msgs:/home/orin/ros2_ws/install/depthai_descriptions:/home/orin/ros2_ws/install/cv_bridge /usr/bin/cmake --install /home/orin/ros2_ws/build/my_bot_description
[0.252s] -- Install configuration: ""
[0.252s] -- Up-to-date: /home/orin/ros2_ws/install/my_bot_description/share/my_bot_description/config
[0.255s] -- Up-to-date: /home/orin/ros2_ws/install/my_bot_description/share/my_bot_description/config/my_bot
[0.258s] -- Up-to-date: /home/orin/ros2_ws/install/my_bot_description/share/my_bot_description/config/my_bot/base.yaml
[0.258s] -- Up-to-date: /home/orin/ros2_ws/install/my_bot_description/share/my_bot_description/config/my_bot/motor.yaml
[0.258s] -- Up-to-date: /home/orin/ros2_ws/install/my_bot_description/share/my_bot_description/config/my_bot/front_wheel.yaml
[0.258s] -- Up-to-date: /home/orin/ros2_ws/install/my_bot_description/share/my_bot_description/config/my_bot/back_wheel.yaml
[0.259s] -- Up-to-date: /home/orin/ros2_ws/install/my_bot_description/share/my_bot_description/config/my_bot/wheel.yaml
[0.259s] -- Up-to-date: /home/orin/ros2_ws/install/my_bot_description/share/my_bot_description/config/my_bot/imu.yaml
[0.259s] -- Up-to-date: /home/orin/ros2_ws/install/my_bot_description/share/my_bot_description/config/my_bot/sensors.yaml
[0.259s] -- Up-to-date: /home/orin/ros2_ws/install/my_bot_description/share/my_bot_description/description
[0.259s] -- Up-to-date: /home/orin/ros2_ws/install/my_bot_description/share/my_bot_description/description/robot.urdf.xacro
[0.260s] -- Up-to-date: /home/orin/ros2_ws/install/my_bot_description/share/my_bot_description/description/imu.xacro
[0.260s] -- Up-to-date: /home/orin/ros2_ws/install/my_bot_description/share/my_bot_description/description/my_bot.urdf.xacro
[0.260s] -- Up-to-date: /home/orin/ros2_ws/install/my_bot_description/share/my_bot_description/description/depth_camera.xacro
[0.260s] -- Up-to-date: /home/orin/ros2_ws/install/my_bot_description/share/my_bot_description/description/robot.urdf
[0.260s] -- Up-to-date: /home/orin/ros2_ws/install/my_bot_description/share/my_bot_description/description/meshes
[0.260s] -- Up-to-date: /home/orin/ros2_ws/install/my_bot_description/share/my_bot_description/description/meshes/components
[0.284s] -- Up-to-date: /home/orin/ros2_ws/install/my_bot_description/share/my_bot_description/description/meshes/components/wheel.stl
[0.284s] -- Up-to-date: /home/orin/ros2_ws/install/my_bot_description/share/my_bot_description/description/meshes/sensors
[0.285s] -- Up-to-date: /home/orin/ros2_ws/install/my_bot_description/share/my_bot_description/description/meshes/sensors/rplidar_main.stl
[0.286s] -- Up-to-date: /home/orin/ros2_ws/install/my_bot_description/share/my_bot_description/description/meshes/sensors/OAK-D-LITE.stl
[0.286s] -- Up-to-date: /home/orin/ros2_ws/install/my_bot_description/share/my_bot_description/description/meshes/my_bot
[0.297s] -- Up-to-date: /home/orin/ros2_ws/install/my_bot_description/share/my_bot_description/description/meshes/my_bot/wheel_rim.stl
[0.297s] -- Up-to-date: /home/orin/ros2_ws/install/my_bot_description/share/my_bot_description/description/meshes/my_bot/dead_plate.stl
[0.297s] -- Up-to-date: /home/orin/ros2_ws/install/my_bot_description/share/my_bot_description/description/meshes/my_bot/bottom_plate.stl
[0.298s] -- Up-to-date: /home/orin/ros2_ws/install/my_bot_description/share/my_bot_description/description/meshes/my_bot/bottom_plate_original.stl
[0.298s] -- Up-to-date: /home/orin/ros2_ws/install/my_bot_description/share/my_bot_description/description/meshes/my_bot/top_plate.stl
[0.298s] -- Up-to-date: /home/orin/ros2_ws/install/my_bot_description/share/my_bot_description/description/meshes/my_bot/wheel_tire.stl
[0.299s] -- Up-to-date: /home/orin/ros2_ws/install/my_bot_description/share/my_bot_description/description/meshes/my_bot/motor.stl
[0.299s] -- Up-to-date: /home/orin/ros2_ws/install/my_bot_description/share/my_bot_description/description/inertial_macros.xacro
[0.299s] -- Up-to-date: /home/orin/ros2_ws/install/my_bot_description/share/my_bot_description/description/robot_core.xacro
[0.302s] -- Up-to-date: /home/orin/ros2_ws/install/my_bot_description/share/my_bot_description/description/camera.xacro
[0.303s] -- Up-to-date: /home/orin/ros2_ws/install/my_bot_description/share/my_bot_description/description/ros2_control.xacro
[0.303s] -- Up-to-date: /home/orin/ros2_ws/install/my_bot_description/share/my_bot_description/description/lidar.xacro
[0.303s] -- Up-to-date: /home/orin/ros2_ws/install/my_bot_description/share/my_bot_description/launch
[0.304s] -- Up-to-date: /home/orin/ros2_ws/install/my_bot_description/share/my_bot_description/launch/rsp.launch.py
[0.304s] -- Up-to-date: /home/orin/ros2_ws/install/my_bot_description/share/my_bot_description/launch/display.launch.py
[0.304s] -- Up-to-date: /home/orin/ros2_ws/install/my_bot_description/share/my_bot_description/worlds
[0.311s] -- Up-to-date: /home/orin/ros2_ws/install/my_bot_description/share/my_bot_description/worlds/empty.world
[0.311s] -- Up-to-date: /home/orin/ros2_ws/install/my_bot_description/share/my_bot_description/worlds/obstacles.world
[0.312s] -- Up-to-date: /home/orin/ros2_ws/install/my_bot_description/share/my_bot_description/urdf
[0.313s] -- Up-to-date: /home/orin/ros2_ws/install/my_bot_description/share/my_bot_description/urdf/my_bot.urdf.xacro
[0.313s] -- Up-to-date: /home/orin/ros2_ws/install/my_bot_description/share/my_bot_description/urdf/include
[0.314s] -- Up-to-date: /home/orin/ros2_ws/install/my_bot_description/share/my_bot_description/urdf/include/addon_macro.urdf.xacro
[0.314s] -- Up-to-date: /home/orin/ros2_ws/install/my_bot_description/share/my_bot_description/urdf/include/common_macros.urdf.xacro
[0.315s] -- Up-to-date: /home/orin/ros2_ws/install/my_bot_description/share/my_bot_description/urdf/include/robot.gazebo.xacro
[0.315s] -- Up-to-date: /home/orin/ros2_ws/install/my_bot_description/share/my_bot_description/urdf/include/common_sensors.xacro
[0.315s] -- Up-to-date: /home/orin/ros2_ws/install/my_bot_description/share/my_bot_description/description
[0.316s] -- Up-to-date: /home/orin/ros2_ws/install/my_bot_description/share/my_bot_description/description/robot.urdf.xacro
[0.316s] -- Up-to-date: /home/orin/ros2_ws/install/my_bot_description/share/my_bot_description/description/imu.xacro
[0.316s] -- Up-to-date: /home/orin/ros2_ws/install/my_bot_description/share/my_bot_description/description/my_bot.urdf.xacro
[0.316s] -- Up-to-date: /home/orin/ros2_ws/install/my_bot_description/share/my_bot_description/description/depth_camera.xacro
[0.317s] -- Up-to-date: /home/orin/ros2_ws/install/my_bot_description/share/my_bot_description/description/robot.urdf
[0.317s] -- Up-to-date: /home/orin/ros2_ws/install/my_bot_description/share/my_bot_description/description/meshes
[0.317s] -- Up-to-date: /home/orin/ros2_ws/install/my_bot_description/share/my_bot_description/description/meshes/components
[0.317s] -- Up-to-date: /home/orin/ros2_ws/install/my_bot_description/share/my_bot_description/description/meshes/components/wheel.stl
[0.317s] -- Up-to-date: /home/orin/ros2_ws/install/my_bot_description/share/my_bot_description/description/meshes/sensors
[0.317s] -- Up-to-date: /home/orin/ros2_ws/install/my_bot_description/share/my_bot_description/description/meshes/sensors/rplidar_main.stl
[0.318s] -- Up-to-date: /home/orin/ros2_ws/install/my_bot_description/share/my_bot_description/description/meshes/sensors/OAK-D-LITE.stl
[0.318s] -- Up-to-date: /home/orin/ros2_ws/install/my_bot_description/share/my_bot_description/description/meshes/my_bot
[0.318s] -- Up-to-date: /home/orin/ros2_ws/install/my_bot_description/share/my_bot_description/description/meshes/my_bot/wheel_rim.stl
[0.318s] -- Up-to-date: /home/orin/ros2_ws/install/my_bot_description/share/my_bot_description/description/meshes/my_bot/dead_plate.stl
[0.318s] -- Up-to-date: /home/orin/ros2_ws/install/my_bot_description/share/my_bot_description/description/meshes/my_bot/bottom_plate.stl
[0.318s] -- Up-to-date: /home/orin/ros2_ws/install/my_bot_description/share/my_bot_description/description/meshes/my_bot/bottom_plate_original.stl
[0.318s] -- Up-to-date: /home/orin/ros2_ws/install/my_bot_description/share/my_bot_description/description/meshes/my_bot/top_plate.stl
[0.319s] -- Up-to-date: /home/orin/ros2_ws/install/my_bot_description/share/my_bot_description/description/meshes/my_bot/wheel_tire.stl
[0.319s] -- Up-to-date: /home/orin/ros2_ws/install/my_bot_description/share/my_bot_description/description/meshes/my_bot/motor.stl
[0.319s] -- Up-to-date: /home/orin/ros2_ws/install/my_bot_description/share/my_bot_description/description/inertial_macros.xacro
[0.319s] -- Up-to-date: /home/orin/ros2_ws/install/my_bot_description/share/my_bot_description/description/robot_core.xacro
[0.320s] -- Up-to-date: /home/orin/ros2_ws/install/my_bot_description/share/my_bot_description/description/camera.xacro
[0.320s] -- Up-to-date: /home/orin/ros2_ws/install/my_bot_description/share/my_bot_description/description/ros2_control.xacro
[0.320s] -- Up-to-date: /home/orin/ros2_ws/install/my_bot_description/share/my_bot_description/description/lidar.xacro
[0.320s] -- Up-to-date: /home/orin/ros2_ws/install/my_bot_description/share/my_bot_description/config
[0.320s] -- Up-to-date: /home/orin/ros2_ws/install/my_bot_description/share/my_bot_description/config/my_bot
[0.320s] -- Up-to-date: /home/orin/ros2_ws/install/my_bot_description/share/my_bot_description/config/my_bot/base.yaml
[0.320s] -- Up-to-date: /home/orin/ros2_ws/install/my_bot_description/share/my_bot_description/config/my_bot/motor.yaml
[0.320s] -- Up-to-date: /home/orin/ros2_ws/install/my_bot_description/share/my_bot_description/config/my_bot/front_wheel.yaml
[0.321s] -- Up-to-date: /home/orin/ros2_ws/install/my_bot_description/share/my_bot_description/config/my_bot/back_wheel.yaml
[0.321s] -- Up-to-date: /home/orin/ros2_ws/install/my_bot_description/share/my_bot_description/config/my_bot/wheel.yaml
[0.321s] -- Up-to-date: /home/orin/ros2_ws/install/my_bot_description/share/my_bot_description/config/my_bot/imu.yaml
[0.321s] -- Up-to-date: /home/orin/ros2_ws/install/my_bot_description/share/my_bot_description/config/my_bot/sensors.yaml
[0.321s] -- Up-to-date: /home/orin/ros2_ws/install/my_bot_description/share/ament_index/resource_index/package_run_dependencies/my_bot_description
[0.321s] -- Up-to-date: /home/orin/ros2_ws/install/my_bot_description/share/ament_index/resource_index/parent_prefix_path/my_bot_description
[0.322s] -- Up-to-date: /home/orin/ros2_ws/install/my_bot_description/share/my_bot_description/environment/ament_prefix_path.sh
[0.322s] -- Up-to-date: /home/orin/ros2_ws/install/my_bot_description/share/my_bot_description/environment/ament_prefix_path.dsv
[0.322s] -- Up-to-date: /home/orin/ros2_ws/install/my_bot_description/share/my_bot_description/environment/path.sh
[0.322s] -- Up-to-date: /home/orin/ros2_ws/install/my_bot_description/share/my_bot_description/environment/path.dsv
[0.323s] -- Up-to-date: /home/orin/ros2_ws/install/my_bot_description/share/my_bot_description/local_setup.bash
[0.324s] -- Up-to-date: /home/orin/ros2_ws/install/my_bot_description/share/my_bot_description/local_setup.sh
[0.325s] -- Up-to-date: /home/orin/ros2_ws/install/my_bot_description/share/my_bot_description/local_setup.zsh
[0.326s] -- Up-to-date: /home/orin/ros2_ws/install/my_bot_description/share/my_bot_description/local_setup.dsv
[0.326s] -- Installing: /home/orin/ros2_ws/install/my_bot_description/share/my_bot_description/package.dsv
[0.327s] -- Up-to-date: /home/orin/ros2_ws/install/my_bot_description/share/ament_index/resource_index/packages/my_bot_description
[0.327s] -- Up-to-date: /home/orin/ros2_ws/install/my_bot_description/share/my_bot_description/cmake/my_bot_descriptionConfig.cmake
[0.327s] -- Up-to-date: /home/orin/ros2_ws/install/my_bot_description/share/my_bot_description/cmake/my_bot_descriptionConfig-version.cmake
[0.327s] -- Up-to-date: /home/orin/ros2_ws/install/my_bot_description/share/my_bot_description/package.xml
[0.328s] Invoked command in '/home/orin/ros2_ws/build/my_bot_description' returned '0': CMAKE_PREFIX_PATH=/home/orin/ros2_ws/install/sllidar_ros2:/home/orin/ros2_ws/install/ros2_control_demo_example_5:/home/orin/ros2_ws/install/ros2_control_demo_description:/home/orin/ros2_ws/install/my_bot_imu:/home/orin/ros2_ws/install/my_bot_description:/home/orin/ros2_ws/install/wheel_encoder_odometry:/home/orin/ros2_ws/install/ros2_control_demo_testing:/home/orin/ros2_ws/install/arduino_odometry:/opt/ros/humble:/home/orin/ros2_ws/install/mobile_robot_description:/home/orin/ros2_ws/install/image_geometry:/home/orin/ros2_ws/install/gazebo_dev:/home/orin/ros2_ws/install/depthai-ros:/home/orin/ros2_ws/install/depthai_examples:/home/orin/ros2_ws/install/depthai_ros_msgs:/home/orin/ros2_ws/install/depthai_descriptions:/home/orin/ros2_ws/install/cv_bridge /usr/bin/cmake --install /home/orin/ros2_ws/build/my_bot_description
