[2.226s] Invoking command in '/home/orin/ros2_ws/src/encoder_odom': PYTHONPATH=/home/orin/ros2_ws/build/encoder_odom/prefix_override:/usr/lib/python3/dist-packages/colcon_core/task/python/colcon_distutils_commands:/home/orin/ros2_ws/install/encoder_odom/lib/python3.10/site-packages:${PYTHONPATH} /usr/bin/python3 -W ignore:setup.py install is deprecated -W ignore:easy_install command is deprecated setup.py egg_info --egg-base ../../build/encoder_odom build --build-base /home/orin/ros2_ws/build/encoder_odom/build install --record /home/orin/ros2_ws/build/encoder_odom/install.log --single-version-externally-managed install_data
[2.982s] running egg_info
[3.036s] writing ../../build/encoder_odom/encoder_odom.egg-info/PKG-INFO
[3.042s] writing dependency_links to ../../build/encoder_odom/encoder_odom.egg-info/dependency_links.txt
[3.042s] writing entry points to ../../build/encoder_odom/encoder_odom.egg-info/entry_points.txt
[3.043s] writing requirements to ../../build/encoder_odom/encoder_odom.egg-info/requires.txt
[3.043s] writing top-level names to ../../build/encoder_odom/encoder_odom.egg-info/top_level.txt
[3.155s] reading manifest file '../../build/encoder_odom/encoder_odom.egg-info/SOURCES.txt'
[3.156s] adding license file 'LICENSE'
[3.158s] writing manifest file '../../build/encoder_odom/encoder_odom.egg-info/SOURCES.txt'
[3.158s] running build
[3.159s] running build_py
[3.159s] copying encoder_odom/__init__.py -> /home/orin/ros2_ws/build/encoder_odom/build/lib/encoder_odom
[3.160s] copying encoder_odom/encoder_odom.py -> /home/orin/ros2_ws/build/encoder_odom/build/lib/encoder_odom
[3.160s] running install
[3.171s] running install_lib
[3.226s] copying /home/orin/ros2_ws/build/encoder_odom/build/lib/encoder_odom/encoder_odom.py -> /home/orin/ros2_ws/install/encoder_odom/lib/python3.10/site-packages/encoder_odom
[3.228s] byte-compiling /home/orin/ros2_ws/install/encoder_odom/lib/python3.10/site-packages/encoder_odom/encoder_odom.py to encoder_odom.cpython-310.pyc
[3.231s] running install_data
[3.232s] copying resource/encoder_odom -> /home/orin/ros2_ws/install/encoder_odom/share/ament_index/resource_index/packages
[3.232s] copying package.xml -> /home/orin/ros2_ws/install/encoder_odom/share/encoder_odom
[3.233s] running install_egg_info
[3.290s] removing '/home/orin/ros2_ws/install/encoder_odom/lib/python3.10/site-packages/encoder_odom-0.0.0-py3.10.egg-info' (and everything under it)
[3.291s] Copying ../../build/encoder_odom/encoder_odom.egg-info to /home/orin/ros2_ws/install/encoder_odom/lib/python3.10/site-packages/encoder_odom-0.0.0-py3.10.egg-info
[3.293s] running install_scripts
[3.747s] Installing encoder_odom script to /home/orin/ros2_ws/install/encoder_odom/lib/encoder_odom
[3.749s] writing list of installed files to '/home/orin/ros2_ws/build/encoder_odom/install.log'
[3.830s] Invoked command in '/home/orin/ros2_ws/src/encoder_odom' returned '0': PYTHONPATH=/home/orin/ros2_ws/build/encoder_odom/prefix_override:/usr/lib/python3/dist-packages/colcon_core/task/python/colcon_distutils_commands:/home/orin/ros2_ws/install/encoder_odom/lib/python3.10/site-packages:${PYTHONPATH} /usr/bin/python3 -W ignore:setup.py install is deprecated -W ignore:easy_install command is deprecated setup.py egg_info --egg-base ../../build/encoder_odom build --build-base /home/orin/ros2_ws/build/encoder_odom/build install --record /home/orin/ros2_ws/build/encoder_odom/install.log --single-version-externally-managed install_data
