[0.068s] Invoking command in '/home/orin/ros2_ws/build/ros2_control_demo_example_13': AMENT_PREFIX_PATH=/home/orin/ros2_ws/install/ros2_control_demo_example_5:/home/orin/ros2_ws/install/ros2_control_demo_example_4:/home/orin/ros2_ws/install/ros2_control_demo_testing:/home/orin/ros2_ws/install/ros2_control_demo_description:${AMENT_PREFIX_PATH} CMAKE_PREFIX_PATH=/home/orin/ros2_ws/install/ros2_control_demo_example_5:/home/orin/ros2_ws/install/ros2_control_demo_example_4:/home/orin/ros2_ws/install/ros2_control_demo_description:/opt/ros/humble LD_LIBRARY_PATH=/home/orin/ros2_ws/install/ros2_control_demo_example_5/lib:/home/orin/ros2_ws/install/ros2_control_demo_example_4/lib:${LD_LIBRARY_PATH} PYTHONPATH=/home/orin/ros2_ws/install/ros2_control_demo_testing/lib/python3.10/site-packages:${PYTHONPATH} /usr/bin/cmake /home/orin/ros2_ws/src/ros2_control_demos/example_13 -DCMAKE_INSTALL_PREFIX=/home/orin/ros2_ws/install/ros2_control_demo_example_13
[0.154s] -- Found ament_cmake: 1.3.11 (/opt/ros/humble/share/ament_cmake/cmake)
[0.479s] -- Override CMake install command with custom implementation using symlinks instead of copying resources
[0.503s] -- Found ament_cmake_ros: 0.10.0 (/opt/ros/humble/share/ament_cmake_ros/cmake)
[0.531s] -- Found launch_testing_ament_cmake: 1.0.7 (/opt/ros/humble/share/launch_testing_ament_cmake/cmake)
[0.535s] -- Found python_cmake_module: 0.10.0 (/opt/ros/humble/share/python_cmake_module/cmake)
[0.613s] -- Found PythonInterp: /usr/bin/python3 (found suitable version "3.10.12", minimum required is "3.6") 
[0.667s] -- Found PythonLibs: /usr/lib/aarch64-linux-gnu/libpython3.10.so (found suitable version "3.10.12", minimum required is "3.5") 
[0.669s] -- Using PYTHON_EXECUTABLE: /usr/bin/python3
[0.669s] -- Using PYTHON_INCLUDE_DIRS: /usr/include/python3.10
[0.669s] -- Using PYTHON_LIBRARIES: /usr/lib/aarch64-linux-gnu/libpython3.10.so
[0.727s] -- Found PythonExtra: .so  
[4.030s] -- Configuring done
[4.059s] -- Generating done
[4.076s] -- Build files have been written to: /home/orin/ros2_ws/build/ros2_control_demo_example_13
[4.086s] Invoked command in '/home/orin/ros2_ws/build/ros2_control_demo_example_13' returned '0': AMENT_PREFIX_PATH=/home/orin/ros2_ws/install/ros2_control_demo_example_5:/home/orin/ros2_ws/install/ros2_control_demo_example_4:/home/orin/ros2_ws/install/ros2_control_demo_testing:/home/orin/ros2_ws/install/ros2_control_demo_description:${AMENT_PREFIX_PATH} CMAKE_PREFIX_PATH=/home/orin/ros2_ws/install/ros2_control_demo_example_5:/home/orin/ros2_ws/install/ros2_control_demo_example_4:/home/orin/ros2_ws/install/ros2_control_demo_description:/opt/ros/humble LD_LIBRARY_PATH=/home/orin/ros2_ws/install/ros2_control_demo_example_5/lib:/home/orin/ros2_ws/install/ros2_control_demo_example_4/lib:${LD_LIBRARY_PATH} PYTHONPATH=/home/orin/ros2_ws/install/ros2_control_demo_testing/lib/python3.10/site-packages:${PYTHONPATH} /usr/bin/cmake /home/orin/ros2_ws/src/ros2_control_demos/example_13 -DCMAKE_INSTALL_PREFIX=/home/orin/ros2_ws/install/ros2_control_demo_example_13
[4.088s] Invoking command in '/home/orin/ros2_ws/build/ros2_control_demo_example_13': AMENT_PREFIX_PATH=/home/orin/ros2_ws/install/ros2_control_demo_example_5:/home/orin/ros2_ws/install/ros2_control_demo_example_4:/home/orin/ros2_ws/install/ros2_control_demo_testing:/home/orin/ros2_ws/install/ros2_control_demo_description:${AMENT_PREFIX_PATH} CMAKE_PREFIX_PATH=/home/orin/ros2_ws/install/ros2_control_demo_example_5:/home/orin/ros2_ws/install/ros2_control_demo_example_4:/home/orin/ros2_ws/install/ros2_control_demo_description:/opt/ros/humble LD_LIBRARY_PATH=/home/orin/ros2_ws/install/ros2_control_demo_example_5/lib:/home/orin/ros2_ws/install/ros2_control_demo_example_4/lib:${LD_LIBRARY_PATH} PYTHONPATH=/home/orin/ros2_ws/install/ros2_control_demo_testing/lib/python3.10/site-packages:${PYTHONPATH} /usr/bin/cmake --build /home/orin/ros2_ws/build/ros2_control_demo_example_13 -- -j6 -l6
[4.196s] Invoked command in '/home/orin/ros2_ws/build/ros2_control_demo_example_13' returned '0': AMENT_PREFIX_PATH=/home/orin/ros2_ws/install/ros2_control_demo_example_5:/home/orin/ros2_ws/install/ros2_control_demo_example_4:/home/orin/ros2_ws/install/ros2_control_demo_testing:/home/orin/ros2_ws/install/ros2_control_demo_description:${AMENT_PREFIX_PATH} CMAKE_PREFIX_PATH=/home/orin/ros2_ws/install/ros2_control_demo_example_5:/home/orin/ros2_ws/install/ros2_control_demo_example_4:/home/orin/ros2_ws/install/ros2_control_demo_description:/opt/ros/humble LD_LIBRARY_PATH=/home/orin/ros2_ws/install/ros2_control_demo_example_5/lib:/home/orin/ros2_ws/install/ros2_control_demo_example_4/lib:${LD_LIBRARY_PATH} PYTHONPATH=/home/orin/ros2_ws/install/ros2_control_demo_testing/lib/python3.10/site-packages:${PYTHONPATH} /usr/bin/cmake --build /home/orin/ros2_ws/build/ros2_control_demo_example_13 -- -j6 -l6
[4.197s] Invoking command in '/home/orin/ros2_ws/build/ros2_control_demo_example_13': AMENT_PREFIX_PATH=/home/orin/ros2_ws/install/ros2_control_demo_example_5:/home/orin/ros2_ws/install/ros2_control_demo_example_4:/home/orin/ros2_ws/install/ros2_control_demo_testing:/home/orin/ros2_ws/install/ros2_control_demo_description:${AMENT_PREFIX_PATH} CMAKE_PREFIX_PATH=/home/orin/ros2_ws/install/ros2_control_demo_example_5:/home/orin/ros2_ws/install/ros2_control_demo_example_4:/home/orin/ros2_ws/install/ros2_control_demo_description:/opt/ros/humble LD_LIBRARY_PATH=/home/orin/ros2_ws/install/ros2_control_demo_example_5/lib:/home/orin/ros2_ws/install/ros2_control_demo_example_4/lib:${LD_LIBRARY_PATH} PYTHONPATH=/home/orin/ros2_ws/install/ros2_control_demo_testing/lib/python3.10/site-packages:${PYTHONPATH} /usr/bin/cmake --install /home/orin/ros2_ws/build/ros2_control_demo_example_13
[4.221s] -- Install configuration: ""
[4.223s] -- Execute custom install script
[4.232s] -- Up-to-date symlink: /home/orin/ros2_ws/install/ros2_control_demo_example_13/share/ros2_control_demo_example_13/ros2_control/threedofbot.ros2_control.xacro
[4.232s] -- Up-to-date symlink: /home/orin/ros2_ws/install/ros2_control_demo_example_13/share/ros2_control_demo_example_13/urdf/three_robots.urdf.xacro
[4.234s] -- Up-to-date symlink: /home/orin/ros2_ws/install/ros2_control_demo_example_13/share/ros2_control_demo_example_13/rviz/three_robots.rviz
[4.241s] -- Up-to-date symlink: /home/orin/ros2_ws/install/ros2_control_demo_example_13/share/ros2_control_demo_example_13/launch/three_robots.launch.py
[4.241s] -- Up-to-date symlink: /home/orin/ros2_ws/install/ros2_control_demo_example_13/share/ros2_control_demo_example_13/config/three_robots_controllers.yaml
[4.241s] -- Up-to-date symlink: /home/orin/ros2_ws/install/ros2_control_demo_example_13/share/ros2_control_demo_example_13/config/three_robots_position_command_publishers.yaml
[4.244s] -- Up-to-date symlink: /home/orin/ros2_ws/install/ros2_control_demo_example_13/share/ament_index/resource_index/package_run_dependencies/ros2_control_demo_example_13
[4.247s] -- Up-to-date symlink: /home/orin/ros2_ws/install/ros2_control_demo_example_13/share/ament_index/resource_index/parent_prefix_path/ros2_control_demo_example_13
[4.247s] -- Up-to-date symlink: /home/orin/ros2_ws/install/ros2_control_demo_example_13/share/ros2_control_demo_example_13/environment/ament_prefix_path.sh
[4.247s] -- Up-to-date symlink: /home/orin/ros2_ws/install/ros2_control_demo_example_13/share/ros2_control_demo_example_13/environment/ament_prefix_path.dsv
[4.249s] -- Up-to-date symlink: /home/orin/ros2_ws/install/ros2_control_demo_example_13/share/ros2_control_demo_example_13/environment/path.sh
[4.249s] -- Up-to-date symlink: /home/orin/ros2_ws/install/ros2_control_demo_example_13/share/ros2_control_demo_example_13/environment/path.dsv
[4.253s] -- Up-to-date symlink: /home/orin/ros2_ws/install/ros2_control_demo_example_13/share/ros2_control_demo_example_13/local_setup.bash
[4.264s] -- Up-to-date symlink: /home/orin/ros2_ws/install/ros2_control_demo_example_13/share/ros2_control_demo_example_13/local_setup.sh
[4.270s] -- Up-to-date symlink: /home/orin/ros2_ws/install/ros2_control_demo_example_13/share/ros2_control_demo_example_13/local_setup.zsh
[4.270s] -- Up-to-date symlink: /home/orin/ros2_ws/install/ros2_control_demo_example_13/share/ros2_control_demo_example_13/local_setup.dsv
[4.271s] -- Symlinking: /home/orin/ros2_ws/install/ros2_control_demo_example_13/share/ros2_control_demo_example_13/package.dsv
[4.292s] -- Up-to-date symlink: /home/orin/ros2_ws/install/ros2_control_demo_example_13/share/ament_index/resource_index/packages/ros2_control_demo_example_13
[4.381s] -- Up-to-date symlink: /home/orin/ros2_ws/install/ros2_control_demo_example_13/share/ros2_control_demo_example_13/cmake/ros2_control_demo_example_13Config.cmake
[4.391s] -- Up-to-date symlink: /home/orin/ros2_ws/install/ros2_control_demo_example_13/share/ros2_control_demo_example_13/cmake/ros2_control_demo_example_13Config-version.cmake
[4.391s] -- Up-to-date symlink: /home/orin/ros2_ws/install/ros2_control_demo_example_13/share/ros2_control_demo_example_13/package.xml
[4.411s] Invoked command in '/home/orin/ros2_ws/build/ros2_control_demo_example_13' returned '0': AMENT_PREFIX_PATH=/home/orin/ros2_ws/install/ros2_control_demo_example_5:/home/orin/ros2_ws/install/ros2_control_demo_example_4:/home/orin/ros2_ws/install/ros2_control_demo_testing:/home/orin/ros2_ws/install/ros2_control_demo_description:${AMENT_PREFIX_PATH} CMAKE_PREFIX_PATH=/home/orin/ros2_ws/install/ros2_control_demo_example_5:/home/orin/ros2_ws/install/ros2_control_demo_example_4:/home/orin/ros2_ws/install/ros2_control_demo_description:/opt/ros/humble LD_LIBRARY_PATH=/home/orin/ros2_ws/install/ros2_control_demo_example_5/lib:/home/orin/ros2_ws/install/ros2_control_demo_example_4/lib:${LD_LIBRARY_PATH} PYTHONPATH=/home/orin/ros2_ws/install/ros2_control_demo_testing/lib/python3.10/site-packages:${PYTHONPATH} /usr/bin/cmake --install /home/orin/ros2_ws/build/ros2_control_demo_example_13
