[0.118s] Invoking command in '/home/orin/ros2_ws/build/ros2_control_demo_example_1': AMENT_PREFIX_PATH=/home/orin/ros2_ws/install/ros2_control_demo_testing:/home/orin/ros2_ws/install/ros2_control_demo_description:${AMENT_PREFIX_PATH} CMAKE_PREFIX_PATH=/home/orin/ros2_ws/install/ros2_control_demo_description:/opt/ros/humble PYTHONPATH=/home/orin/ros2_ws/build/ros2_control_demo_testing:/home/orin/ros2_ws/install/ros2_control_demo_testing/lib/python3.10/site-packages:${PYTHONPATH} /usr/bin/cmake --build /home/orin/ros2_ws/build/ros2_control_demo_example_1 -- -j6 -l6
[0.350s] [ 50%] [32mBuilding CXX object CMakeFiles/ros2_control_demo_example_1.dir/hardware/rrbot.cpp.o[0m
[17.856s] [100%] [32m[1mLinking CXX shared library libros2_control_demo_example_1.so[0m
[18.690s] [100%] Built target ros2_control_demo_example_1
[18.794s] Invoked command in '/home/orin/ros2_ws/build/ros2_control_demo_example_1' returned '0': AMENT_PREFIX_PATH=/home/orin/ros2_ws/install/ros2_control_demo_testing:/home/orin/ros2_ws/install/ros2_control_demo_description:${AMENT_PREFIX_PATH} CMAKE_PREFIX_PATH=/home/orin/ros2_ws/install/ros2_control_demo_description:/opt/ros/humble PYTHONPATH=/home/orin/ros2_ws/build/ros2_control_demo_testing:/home/orin/ros2_ws/install/ros2_control_demo_testing/lib/python3.10/site-packages:${PYTHONPATH} /usr/bin/cmake --build /home/orin/ros2_ws/build/ros2_control_demo_example_1 -- -j6 -l6
[19.054s] Invoking command in '/home/orin/ros2_ws/build/ros2_control_demo_example_1': AMENT_PREFIX_PATH=/home/orin/ros2_ws/install/ros2_control_demo_testing:/home/orin/ros2_ws/install/ros2_control_demo_description:${AMENT_PREFIX_PATH} CMAKE_PREFIX_PATH=/home/orin/ros2_ws/install/ros2_control_demo_description:/opt/ros/humble PYTHONPATH=/home/orin/ros2_ws/build/ros2_control_demo_testing:/home/orin/ros2_ws/install/ros2_control_demo_testing/lib/python3.10/site-packages:${PYTHONPATH} /usr/bin/cmake --install /home/orin/ros2_ws/build/ros2_control_demo_example_1
[29.341s] -- Install configuration: "Release"
[29.341s] -- Execute custom install script
[29.341s] -- Up-to-date symlink: /home/orin/ros2_ws/install/ros2_control_demo_example_1/share/ros2_control_demo_example_1//ros2_control_demo_example_1.xml
[29.341s] -- Up-to-date symlink: /home/orin/ros2_ws/install/ros2_control_demo_example_1/include/ros2_control_demo_example_1/ros2_control_demo_example_1/rrbot.hpp
[29.341s] -- Up-to-date symlink: /home/orin/ros2_ws/install/ros2_control_demo_example_1/share/ros2_control_demo_example_1/launch/view_robot.launch.py
[29.341s] -- Up-to-date symlink: /home/orin/ros2_ws/install/ros2_control_demo_example_1/share/ros2_control_demo_example_1/ros2_control/rrbot.ros2_control.xacro
[29.342s] -- Up-to-date symlink: /home/orin/ros2_ws/install/ros2_control_demo_example_1/share/ros2_control_demo_example_1/urdf/rrbot.urdf.xacro
[29.342s] -- Up-to-date symlink: /home/orin/ros2_ws/install/ros2_control_demo_example_1/share/ros2_control_demo_example_1/launch/rrbot.launch.py
[29.342s] -- Up-to-date symlink: /home/orin/ros2_ws/install/ros2_control_demo_example_1/share/ros2_control_demo_example_1/launch/test_forward_position_controller.launch.py
[29.342s] -- Up-to-date symlink: /home/orin/ros2_ws/install/ros2_control_demo_example_1/share/ros2_control_demo_example_1/launch/test_joint_trajectory_controller.launch.py
[29.342s] -- Up-to-date symlink: /home/orin/ros2_ws/install/ros2_control_demo_example_1/share/ros2_control_demo_example_1/config/rrbot_controllers.yaml
[29.342s] -- Up-to-date symlink: /home/orin/ros2_ws/install/ros2_control_demo_example_1/share/ros2_control_demo_example_1/config/rrbot_forward_position_publisher.yaml
[29.342s] -- Up-to-date symlink: /home/orin/ros2_ws/install/ros2_control_demo_example_1/share/ros2_control_demo_example_1/config/rrbot_joint_trajectory_publisher.yaml
[29.343s] -- Up-to-date symlink: /home/orin/ros2_ws/install/ros2_control_demo_example_1/share/ros2_control_demo_example_1/environment/library_path.sh
[29.343s] -- Up-to-date symlink: /home/orin/ros2_ws/install/ros2_control_demo_example_1/share/ros2_control_demo_example_1/environment/library_path.dsv
[29.343s] -- Up-to-date symlink: /home/orin/ros2_ws/install/ros2_control_demo_example_1/share/ament_index/resource_index/package_run_dependencies/ros2_control_demo_example_1
[29.343s] -- Up-to-date symlink: /home/orin/ros2_ws/install/ros2_control_demo_example_1/share/ament_index/resource_index/parent_prefix_path/ros2_control_demo_example_1
[29.343s] -- Up-to-date symlink: /home/orin/ros2_ws/install/ros2_control_demo_example_1/share/ros2_control_demo_example_1/environment/ament_prefix_path.sh
[29.343s] -- Up-to-date symlink: /home/orin/ros2_ws/install/ros2_control_demo_example_1/share/ros2_control_demo_example_1/environment/ament_prefix_path.dsv
[29.343s] -- Up-to-date symlink: /home/orin/ros2_ws/install/ros2_control_demo_example_1/share/ros2_control_demo_example_1/environment/path.sh
[29.343s] -- Up-to-date symlink: /home/orin/ros2_ws/install/ros2_control_demo_example_1/share/ros2_control_demo_example_1/environment/path.dsv
[29.344s] -- Up-to-date symlink: /home/orin/ros2_ws/install/ros2_control_demo_example_1/share/ros2_control_demo_example_1/local_setup.bash
[29.344s] -- Up-to-date symlink: /home/orin/ros2_ws/install/ros2_control_demo_example_1/share/ros2_control_demo_example_1/local_setup.sh
[29.344s] -- Up-to-date symlink: /home/orin/ros2_ws/install/ros2_control_demo_example_1/share/ros2_control_demo_example_1/local_setup.zsh
[29.344s] -- Up-to-date symlink: /home/orin/ros2_ws/install/ros2_control_demo_example_1/share/ros2_control_demo_example_1/local_setup.dsv
[29.349s] -- Symlinking: /home/orin/ros2_ws/install/ros2_control_demo_example_1/share/ros2_control_demo_example_1/package.dsv
[29.349s] -- Up-to-date symlink: /home/orin/ros2_ws/install/ros2_control_demo_example_1/share/ament_index/resource_index/packages/ros2_control_demo_example_1
[29.349s] -- Up-to-date symlink: /home/orin/ros2_ws/install/ros2_control_demo_example_1/share/ament_index/resource_index/hardware_interface__pluginlib__plugin/ros2_control_demo_example_1
[29.350s] -- Up-to-date symlink: /home/orin/ros2_ws/install/ros2_control_demo_example_1/share/ros2_control_demo_example_1/cmake/ament_cmake_export_targets-extras.cmake
[29.350s] -- Up-to-date symlink: /home/orin/ros2_ws/install/ros2_control_demo_example_1/share/ros2_control_demo_example_1/cmake/ament_cmake_export_dependencies-extras.cmake
[29.350s] -- Up-to-date symlink: /home/orin/ros2_ws/install/ros2_control_demo_example_1/share/ros2_control_demo_example_1/cmake/ros2_control_demo_example_1Config.cmake
[29.350s] -- Up-to-date symlink: /home/orin/ros2_ws/install/ros2_control_demo_example_1/share/ros2_control_demo_example_1/cmake/ros2_control_demo_example_1Config-version.cmake
[29.350s] -- Up-to-date symlink: /home/orin/ros2_ws/install/ros2_control_demo_example_1/share/ros2_control_demo_example_1/package.xml
[29.350s] -- Installing: /home/orin/ros2_ws/install/ros2_control_demo_example_1/lib/libros2_control_demo_example_1.so
[29.350s] -- Set runtime path of "/home/orin/ros2_ws/install/ros2_control_demo_example_1/lib/libros2_control_demo_example_1.so" to ""
[29.351s] -- Up-to-date: /home/orin/ros2_ws/install/ros2_control_demo_example_1/share/ros2_control_demo_example_1/cmake/export_ros2_control_demo_example_1Export.cmake
[29.351s] -- Up-to-date: /home/orin/ros2_ws/install/ros2_control_demo_example_1/share/ros2_control_demo_example_1/cmake/export_ros2_control_demo_example_1Export-release.cmake
[29.379s] Invoked command in '/home/orin/ros2_ws/build/ros2_control_demo_example_1' returned '0': AMENT_PREFIX_PATH=/home/orin/ros2_ws/install/ros2_control_demo_testing:/home/orin/ros2_ws/install/ros2_control_demo_description:${AMENT_PREFIX_PATH} CMAKE_PREFIX_PATH=/home/orin/ros2_ws/install/ros2_control_demo_description:/opt/ros/humble PYTHONPATH=/home/orin/ros2_ws/build/ros2_control_demo_testing:/home/orin/ros2_ws/install/ros2_control_demo_testing/lib/python3.10/site-packages:${PYTHONPATH} /usr/bin/cmake --install /home/orin/ros2_ws/build/ros2_control_demo_example_1
