[6.378s] Invoking command in '/home/orin/ros2_ws/src/examples/rclpy/topics/minimal_publisher': PYTHONPATH=/home/orin/ros2_ws/build/examples_rclpy_minimal_publisher/prefix_override:/usr/lib/python3/dist-packages/colcon_core/task/python/colcon_distutils_commands:/home/orin/ros2_ws/install/examples_rclpy_minimal_publisher/lib/python3.10/site-packages:${PYTHONPATH} /usr/bin/python3 -W ignore:setup.py install is deprecated setup.py egg_info --egg-base ../../../../../build/examples_rclpy_minimal_publisher build --build-base /home/orin/ros2_ws/build/examples_rclpy_minimal_publisher/build install --record /home/orin/ros2_ws/build/examples_rclpy_minimal_publisher/install.log --single-version-externally-managed install_data
[7.819s] /home/orin/.local/lib/python3.10/site-packages/setuptools/_distutils/dist.py:261: UserWarning: Unknown distribution option: 'tests_require'
[7.823s]   warnings.warn(msg)
[8.572s] running egg_info
[8.730s] writing ../../../../../build/examples_rclpy_minimal_publisher/examples_rclpy_minimal_publisher.egg-info/PKG-INFO
[8.740s] writing dependency_links to ../../../../../build/examples_rclpy_minimal_publisher/examples_rclpy_minimal_publisher.egg-info/dependency_links.txt
[8.747s] writing entry points to ../../../../../build/examples_rclpy_minimal_publisher/examples_rclpy_minimal_publisher.egg-info/entry_points.txt
[8.750s] writing requirements to ../../../../../build/examples_rclpy_minimal_publisher/examples_rclpy_minimal_publisher.egg-info/requires.txt
[8.761s] writing top-level names to ../../../../../build/examples_rclpy_minimal_publisher/examples_rclpy_minimal_publisher.egg-info/top_level.txt
[9.253s] reading manifest file '../../../../../build/examples_rclpy_minimal_publisher/examples_rclpy_minimal_publisher.egg-info/SOURCES.txt'
[9.276s] writing manifest file '../../../../../build/examples_rclpy_minimal_publisher/examples_rclpy_minimal_publisher.egg-info/SOURCES.txt'
[9.283s] running build
[9.300s] running build_py
[9.300s] copying examples_rclpy_minimal_publisher/publisher_local_function.py -> /home/orin/ros2_ws/build/examples_rclpy_minimal_publisher/build/lib/examples_rclpy_minimal_publisher
[9.300s] copying examples_rclpy_minimal_publisher/__init__.py -> /home/orin/ros2_ws/build/examples_rclpy_minimal_publisher/build/lib/examples_rclpy_minimal_publisher
[9.300s] copying examples_rclpy_minimal_publisher/publisher_member_function.py -> /home/orin/ros2_ws/build/examples_rclpy_minimal_publisher/build/lib/examples_rclpy_minimal_publisher
[9.300s] copying examples_rclpy_minimal_publisher/publisher_old_school.py -> /home/orin/ros2_ws/build/examples_rclpy_minimal_publisher/build/lib/examples_rclpy_minimal_publisher
[9.311s] running install
[9.367s] running install_lib
[9.581s] running install_data
[9.583s] copying resource/examples_rclpy_minimal_publisher -> /home/orin/ros2_ws/install/examples_rclpy_minimal_publisher/share/ament_index/resource_index/packages
[9.586s] copying package.xml -> /home/orin/ros2_ws/install/examples_rclpy_minimal_publisher/share/examples_rclpy_minimal_publisher
[9.588s] running install_egg_info
[9.640s] removing '/home/orin/ros2_ws/install/examples_rclpy_minimal_publisher/lib/python3.10/site-packages/examples_rclpy_minimal_publisher-0.15.2-py3.10.egg-info' (and everything under it)
[9.644s] Copying ../../../../../build/examples_rclpy_minimal_publisher/examples_rclpy_minimal_publisher.egg-info to /home/orin/ros2_ws/install/examples_rclpy_minimal_publisher/lib/python3.10/site-packages/examples_rclpy_minimal_publisher-0.15.2-py3.10.egg-info
[9.671s] running install_scripts
[10.684s] Installing publisher_local_function script to /home/orin/ros2_ws/install/examples_rclpy_minimal_publisher/lib/examples_rclpy_minimal_publisher
[10.684s] Installing publisher_member_function script to /home/orin/ros2_ws/install/examples_rclpy_minimal_publisher/lib/examples_rclpy_minimal_publisher
[10.684s] Installing publisher_old_school script to /home/orin/ros2_ws/install/examples_rclpy_minimal_publisher/lib/examples_rclpy_minimal_publisher
[10.699s] writing list of installed files to '/home/orin/ros2_ws/build/examples_rclpy_minimal_publisher/install.log'
[12.764s] Invoked command in '/home/orin/ros2_ws/src/examples/rclpy/topics/minimal_publisher' returned '0': PYTHONPATH=/home/orin/ros2_ws/build/examples_rclpy_minimal_publisher/prefix_override:/usr/lib/python3/dist-packages/colcon_core/task/python/colcon_distutils_commands:/home/orin/ros2_ws/install/examples_rclpy_minimal_publisher/lib/python3.10/site-packages:${PYTHONPATH} /usr/bin/python3 -W ignore:setup.py install is deprecated setup.py egg_info --egg-base ../../../../../build/examples_rclpy_minimal_publisher build --build-base /home/orin/ros2_ws/build/examples_rclpy_minimal_publisher/build install --record /home/orin/ros2_ws/build/examples_rclpy_minimal_publisher/install.log --single-version-externally-managed install_data
