-- MOBILE_BUILD=OFF
-- Eigen found (include: /usr/include/eigen3, version: 3.4.0)
-- OpenNI found (version: 1.5.4.0, include: /usr/include/ni, lib: /usr/lib/libOpenNI.so;libusb::libusb)
-- Eigen found (include: /usr/include/eigen3, version: 3.4.0)
-- FLANN found (include: /usr/include, lib: /usr/lib/aarch64-linux-gnu/libflann_cpp.so)
-- Found Qhull version 8.0.2
-- OpenNI found (version: 1.5.4.0, include: /usr/include/ni, lib: /usr/lib/libOpenNI.so;libusb::libusb)
-- PCL definitions don't contain "-march=native", make sure all libraries using Eigen are also compiled without that flag to avoid some segmentation faults (with gdb referring to some Eigen functions).
-- Found SQLite3: /usr/include /usr/lib/aarch64-linux-gnu/libsqlite3.so
-- Found OpenMP: /usr/lib/gcc/aarch64-linux-gnu/11/libgomp.so;/usr/lib/aarch64-linux-gnu/libpthread.a
-- Add PCL_OMP to definitions
-- Found OpenCV: /usr/include/opencv4
-- Found PCL: /usr/include/pcl-1.12;/usr/include/eigen3;/usr/include;/usr/include/ni
-- Found ZLIB: /usr/include
-- Found OpenGL: /usr/lib/aarch64-linux-gnu/libOpenGL.so  found components: OpenGL GLX 
-- Found Eigen3: /usr/include/eigen3 (found version "3.4.0") 
-- VTK>=9 detected, will use VTK_QT_VERSION=5 for Qt version.
-- VTK_RENDERING_BACKEND=
-- Found OpenNI2: /usr/include/openni2
-- Found DC1394: /usr/include/dc1394
-- Found OpenGL: /usr/lib/aarch64-linux-gnu/libOpenGL.so   
-- Found g2o (targets)
-- g2o include dir: /opt/ros/humble/include
-- Latest g2o factory version detected with shared ptr (factory file: /opt/ros/humble/include/g2o/core/factory.h).
-- GTSAM include directory:  /opt/ros/humble/lib/cmake/GTSAM/../../../include
-- FlyCapture2_INCLUDE_DIR=FlyCapture2_INCLUDE_DIR-NOTFOUND
-- FlyCapture2_LIBRARY=FlyCapture2_LIBRARY-NOTFOUND
-- Triclops_INCLUDE_DIR=Triclops_INCLUDE_DIR-NOTFOUND
-- Triclops_LIBRARY=Triclops_LIBRARY-NOTFOUND
-- FlyCaptureBridge_LIBRARY=FlyCaptureBridge_LIBRARY-NOTFOUND
-- Found Boost: /usr/lib/aarch64-linux-gnu/cmake/Boost-1.74.0/BoostConfig.cmake (found version "1.74.0") found components: thread filesystem system program_options date_time 
-- Found Boost: /usr/lib/aarch64-linux-gnu/cmake/Boost-1.74.0/BoostConfig.cmake (found version "1.74.0") found components: thread filesystem system program_options date_time chrono 
-- Found libpointmatcher: /opt/ros/humble/include;/usr/include/eigen3
-- Found Boost: /usr/lib/aarch64-linux-gnu/cmake/Boost-1.74.0/BoostConfig.cmake (found version "1.74.0") found components: thread filesystem system program_options date_time 
-- Found Boost: /usr/lib/aarch64-linux-gnu/cmake/Boost-1.74.0/BoostConfig.cmake (found version "1.74.0") found components: thread filesystem system program_options date_time chrono timer serialization 
-- Found RealSense2: 
-- Found octomap 1.9.7: /usr/include
-- Found grid_map_core 2.0.0: /opt/ros/humble/include;/usr/include/eigen3
-- Architecture: aarch64
-- Found Pthreads
-- --------------------------------------------
-- Info :
--   RTAB-Map Version =     0.21.9
--   CMAKE_VERSION =        3.22.1
--   CMAKE_INSTALL_PREFIX = /home/orin/ros2_ws/install/rtabmap
--   CMAKE_BUILD_TYPE =     Release
--   CMAKE_INSTALL_LIBDIR = lib
--   BUILD_APP =            ON
--   BUILD_TOOLS =          ON
--   BUILD_EXAMPLES =       ON
--   BUILD_SHARED_LIBS =    ON
--   CMAKE_CXX_FLAGS =  -fmessage-length=0 -fopenmp -std=c++17
--   FLANN_KDTREE_MEM_OPT = OFF
--   PCL_DEFINITIONS = -DDISABLE_OPENNI2;-DDISABLE_PCAP;-DDISABLE_PNG
--   PCL_VERSION = 1.12.1
-- 
-- Optional dependencies ('*' affects some default parameters) :
--  *With OpenCV 4.10.0 xfeatures2d = YES, nonfree = YES (License: Non commercial)
--   With Qt 5.15.3            = YES (License: Open Source or Commercial)
--   With VTK 9.1              = YES (License: BSD)
--   With external SQLite3     = YES (License: Public Domain)
--   With ORB OcTree           = YES (License: GPLv3)
--   With SupertPoint          = NO (WITH_TORCH=OFF)
--   With Python3              = NO (WITH_PYTHON=OFF)
--   With Madgwick             = YES (License: GPL)
--   With FastCV               = NO (FastCV not found)
--   With PDAL                 = NO (PDAL not found)
--   With libLAS               = NO (WITH_LIBLAS=OFF)
--   With CudaSift             = NO (WITH_CUDASIFT=OFF)
-- 
--  Solvers:
--   With TORO                 = YES (License: Creative Commons [Attribution-NonCommercial-ShareAlike])
--  *With g2o 1.0.0            = YES (License: BSD)
--  *With GTSAM 4.2.0          = YES (License: BSD)
--  *With Ceres                = NO (WITH_CERES=OFF)
--   With MRPT                 = NO (MRPT not found)
--   With VERTIGO              = YES (License: GPLv3)
--   With cvsba                = NO (WITH_CVSBA=OFF)
--  *With libpointmatcher 1.3.1 = YES (License: BSD)
--   With CCCoreLib            = NO (WITH_CCCORELIB=OFF)
--   With Open3D               = NO (WITH_OPEN3D=OFF)
--   With OpenGV               = NO (OpenGV not found)
-- 
--  Reconstruction Approaches:
--   With OctoMap 1.9.7        = YES (License: BSD)
--   With GridMap 2.0.0        = YES (License: BSD)
--   With CPUTSDF              = NO (WITH_CPUTSDF=OFF)
--   With OpenChisel           = NO (WITH_OPENCHISEL=OFF)
--   With AliceVision          = NO (WITH_ALICE_VISION=OFF)
-- 
--  Camera Drivers:
--   With Freenect             = NO (libfreenect not found)
--   With OpenNI               = YES (License: Apache v2)
--   With OpenNI2              = YES (License: Apache v2)
--   With Freenect2            = NO (libfreenect2 not found)
--   With Kinect for Windows 2 = NO (Kinect for Windows 2 SDK not found)
--   With Kinect for Azure     = NO (Kinect for Azure SDK not found)
--   With dc1394               = YES (License: LGPL)
--   With FlyCapture2/Triclops = NO (Point Grey SDK not found)
--   With ZED                  = NO (ZED sdk and/or cuda not found)
--   With ZEDOC                = NO (ZED Open Capture not found)
--   With RealSense            = NO (librealsense not found)
--   With RealSense2 2.55.1    = YES (License: Apache-2)
--   With MyntEyeS             = NO (mynteye s sdk not found)
--   With DepthAI              = NO (WITH_DEPTHAI=OFF)
--   With XVisio SDK           = NO (WITH_XVSDK=OFF)
-- 
--  Odometry Approaches:
--   With loam_velodyne        = NO (WITH_LOAM=OFF)
--   With floam                = NO (WITH_FLOAM=OFF)
--   With libfovis             = NO (WITH_FOVIS=OFF)
--   With libviso2             = NO (WITH_VISO2=OFF)
--   With dvo_core             = NO (WITH_DVO=OFF)
--   With okvis                = NO (WITH_OKVIS=OFF)
--   With msckf_vio            = NO (WITH_MSCKF_VIO=OFF)
--   With VINS-Fusion          = NO (WITH_VINS=OFF)
--   With OpenVINS             = NO (WITH_OPENVINS=OFF)
--   With ORB_SLAM             = NO (WITH_ORB_SLAM=OFF)
-- Show all options with: cmake -LA | grep WITH_
-- --------------------------------------------
-- Configuring done
-- Generating done
-- Build files have been written to: /home/orin/ros2_ws/build/rtabmap
[  0%] [32mBuilding CXX object utilite/src/CMakeFiles/rtabmap_utilite.dir/UEventsHandler.cpp.o[0m
[  1%] [32mBuilding CXX object utilite/src/CMakeFiles/rtabmap_utilite.dir/UFile.cpp.o[0m
[  1%] [32mBuilding CXX object utilite/src/CMakeFiles/rtabmap_utilite.dir/UConversion.cpp.o[0m
[  2%] [32mBuilding CXX object utilite/src/CMakeFiles/rtabmap_utilite.dir/UEventsManager.cpp.o[0m
[  2%] [32mBuilding CXX object utilite/src/CMakeFiles/rtabmap_utilite.dir/UDirectory.cpp.o[0m
[  3%] [32mBuilding CXX object utilite/src/CMakeFiles/rtabmap_utilite.dir/UEventsSender.cpp.o[0m
[  3%] [32mBuilding CXX object utilite/src/CMakeFiles/rtabmap_utilite.dir/ULogger.cpp.o[0m
[  4%] [32mBuilding CXX object utilite/src/CMakeFiles/rtabmap_utilite.dir/UThread.cpp.o[0m
[  4%] [32mBuilding CXX object utilite/src/CMakeFiles/rtabmap_utilite.dir/UTimer.cpp.o[0m
[  5%] [32mBuilding CXX object utilite/src/CMakeFiles/rtabmap_utilite.dir/UVariant.cpp.o[0m
[  5%] [32mBuilding CXX object utilite/src/CMakeFiles/rtabmap_utilite.dir/UProcessInfo.cpp.o[0m
[  5%] [32m[1mLinking CXX shared library ../../bin/librtabmap_utilite.so[0m
[  5%] Built target rtabmap_utilite
[  5%] [32mBuilding CXX object utilite/resource_generator/CMakeFiles/res_tool.dir/main.cpp.o[0m
[  6%] [32m[1mLinking CXX executable ../../bin/rtabmap-res_tool[0m
[  6%] Built target res_tool
[  6%] [34m[1m[Creating resources][0m
 Using namespace=rtabmap
 Using target directory=/home/orin/ros2_ws/build/rtabmap/corelib/src
Input file "/home/orin/ros2_ws/src/rtabmap/corelib/src/resources/DatabaseSchema.sql" size = 5900 bytes
Output file "/home/orin/ros2_ws/build/rtabmap/corelib/src/DatabaseSchema_sql.h" size = 12027 bytes
Input file "/home/orin/ros2_ws/src/rtabmap/corelib/src/resources/backward_compatibility/DatabaseSchema_0_18_3.sql" size = 5749 bytes
Output file "/home/orin/ros2_ws/build/rtabmap/corelib/src/DatabaseSchema_0_18_3_sql.h" size = 11753 bytes
Input file "/home/orin/ros2_ws/src/rtabmap/corelib/src/resources/backward_compatibility/DatabaseSchema_0_18_0.sql" size = 5749 bytes
Output file "/home/orin/ros2_ws/build/rtabmap/corelib/src/DatabaseSchema_0_18_0_sql.h" size = 11753 bytes
Input file "/home/orin/ros2_ws/src/rtabmap/corelib/src/resources/backward_compatibility/DatabaseSchema_0_17_0.sql" size = 5432 bytes
Output file "/home/orin/ros2_ws/build/rtabmap/corelib/src/DatabaseSchema_0_17_0_sql.h" size = 11119 bytes
Input file "/home/orin/ros2_ws/src/rtabmap/corelib/src/resources/backward_compatibility/DatabaseSchema_0_16_2.sql" size = 5362 bytes
Output file "/home/orin/ros2_ws/build/rtabmap/corelib/src/DatabaseSchema_0_16_2_sql.h" size = 10979 bytes
Input file "/home/orin/ros2_ws/src/rtabmap/corelib/src/resources/backward_compatibility/DatabaseSchema_0_16_1.sql" size = 5286 bytes
Output file "/home/orin/ros2_ws/build/rtabmap/corelib/src/DatabaseSchema_0_16_1_sql.h" size = 10827 bytes
Input file "/home/orin/ros2_ws/src/rtabmap/corelib/src/resources/backward_compatibility/DatabaseSchema_0_16_0.sql" size = 5273 bytes
Output file "/home/orin/ros2_ws/build/rtabmap/corelib/src/DatabaseSchema_0_16_0_sql.h" size = 10801 bytes
[  8%] [32mBuilding CXX object corelib/src/CMakeFiles/rtabmap_core.dir/Rtabmap.cpp.o[0m
[  8%] [32mBuilding CXX object corelib/src/CMakeFiles/rtabmap_core.dir/Memory.cpp.o[0m
[  8%] [32mBuilding CXX object corelib/src/CMakeFiles/rtabmap_core.dir/DBDriver.cpp.o[0m
[  9%] [32mBuilding CXX object corelib/src/CMakeFiles/rtabmap_core.dir/DBDriverSqlite3.cpp.o[0m
[  9%] [32mBuilding CXX object corelib/src/CMakeFiles/rtabmap_core.dir/Statistics.cpp.o[0m
[  9%] [32mBuilding CXX object corelib/src/CMakeFiles/rtabmap_core.dir/RtabmapThread.cpp.o[0m
[  9%] [32mBuilding CXX object corelib/src/CMakeFiles/rtabmap_core.dir/DBReader.cpp.o[0m
[  9%] [32mBuilding CXX object corelib/src/CMakeFiles/rtabmap_core.dir/Recovery.cpp.o[0m
[ 10%] [32mBuilding CXX object corelib/src/CMakeFiles/rtabmap_core.dir/SensorCapture.cpp.o[0m
[ 10%] [32mBuilding CXX object corelib/src/CMakeFiles/rtabmap_core.dir/SensorCaptureThread.cpp.o[0m
[ 11%] [32mBuilding CXX object corelib/src/CMakeFiles/rtabmap_core.dir/Camera.cpp.o[0m
[ 11%] [32mBuilding CXX object corelib/src/CMakeFiles/rtabmap_core.dir/CameraModel.cpp.o[0m
[ 11%] [32mBuilding CXX object corelib/src/CMakeFiles/rtabmap_core.dir/camera/CameraFreenect.cpp.o[0m
[ 12%] [32mBuilding CXX object corelib/src/CMakeFiles/rtabmap_core.dir/camera/CameraFreenect2.cpp.o[0m
[ 12%] [32mBuilding CXX object corelib/src/CMakeFiles/rtabmap_core.dir/camera/CameraImages.cpp.o[0m
[ 13%] [32mBuilding CXX object corelib/src/CMakeFiles/rtabmap_core.dir/camera/CameraK4W2.cpp.o[0m
[ 13%] [32mBuilding CXX object corelib/src/CMakeFiles/rtabmap_core.dir/camera/CameraK4A.cpp.o[0m
[ 13%] [32mBuilding CXX object corelib/src/CMakeFiles/rtabmap_core.dir/camera/CameraOpenni.cpp.o[0m
[ 14%] [32mBuilding CXX object corelib/src/CMakeFiles/rtabmap_core.dir/camera/CameraOpenNI2.cpp.o[0m
[ 14%] [32mBuilding CXX object corelib/src/CMakeFiles/rtabmap_core.dir/camera/CameraOpenNICV.cpp.o[0m
[ 14%] [32mBuilding CXX object corelib/src/CMakeFiles/rtabmap_core.dir/camera/CameraRealSense.cpp.o[0m
[ 15%] [32mBuilding CXX object corelib/src/CMakeFiles/rtabmap_core.dir/camera/CameraRealSense2.cpp.o[0m
[ 15%] [32mBuilding CXX object corelib/src/CMakeFiles/rtabmap_core.dir/camera/CameraRGBDImages.cpp.o[0m
[ 16%] [32mBuilding CXX object corelib/src/CMakeFiles/rtabmap_core.dir/camera/CameraStereoDC1394.cpp.o[0m
[ 16%] [32mBuilding CXX object corelib/src/CMakeFiles/rtabmap_core.dir/camera/CameraStereoFlyCapture2.cpp.o[0m
[ 16%] [32mBuilding CXX object corelib/src/CMakeFiles/rtabmap_core.dir/camera/CameraStereoImages.cpp.o[0m
[ 17%] [32mBuilding CXX object corelib/src/CMakeFiles/rtabmap_core.dir/camera/CameraStereoVideo.cpp.o[0m
[ 17%] [32mBuilding CXX object corelib/src/CMakeFiles/rtabmap_core.dir/camera/CameraStereoZed.cpp.o[0m
[ 18%] [32mBuilding CXX object corelib/src/CMakeFiles/rtabmap_core.dir/camera/CameraStereoZedOC.cpp.o[0m
[ 18%] [32mBuilding CXX object corelib/src/CMakeFiles/rtabmap_core.dir/camera/CameraStereoTara.cpp.o[0m
[ 18%] [32mBuilding CXX object corelib/src/CMakeFiles/rtabmap_core.dir/camera/CameraVideo.cpp.o[0m
[ 19%] [32mBuilding CXX object corelib/src/CMakeFiles/rtabmap_core.dir/camera/CameraMyntEye.cpp.o[0m
[ 19%] [32mBuilding CXX object corelib/src/CMakeFiles/rtabmap_core.dir/camera/CameraDepthAI.cpp.o[0m
[ 20%] [32mBuilding CXX object corelib/src/CMakeFiles/rtabmap_core.dir/camera/CameraSeerSense.cpp.o[0m
[ 20%] [32mBuilding CXX object corelib/src/CMakeFiles/rtabmap_core.dir/EpipolarGeometry.cpp.o[0m
[ 20%] [32mBuilding CXX object corelib/src/CMakeFiles/rtabmap_core.dir/VisualWord.cpp.o[0m
[ 21%] [32mBuilding CXX object corelib/src/CMakeFiles/rtabmap_core.dir/VWDictionary.cpp.o[0m
[ 21%] [32mBuilding CXX object corelib/src/CMakeFiles/rtabmap_core.dir/BayesFilter.cpp.o[0m
[ 22%] [32mBuilding CXX object corelib/src/CMakeFiles/rtabmap_core.dir/Parameters.cpp.o[0m
[ 22%] [32mBuilding CXX object corelib/src/CMakeFiles/rtabmap_core.dir/Signature.cpp.o[0m
[ 22%] [32mBuilding CXX object corelib/src/CMakeFiles/rtabmap_core.dir/Features2d.cpp.o[0m
[ 23%] [32mBuilding CXX object corelib/src/CMakeFiles/rtabmap_core.dir/Transform.cpp.o[0m
[ 23%] [32mBuilding CXX object corelib/src/CMakeFiles/rtabmap_core.dir/GeodeticCoords.cpp.o[0m
[ 24%] [32mBuilding CXX object corelib/src/CMakeFiles/rtabmap_core.dir/util2d.cpp.o[0m
[ 24%] [32mBuilding CXX object corelib/src/CMakeFiles/rtabmap_core.dir/util3d.cpp.o[0m
[ 24%] [32mBuilding CXX object corelib/src/CMakeFiles/rtabmap_core.dir/util3d_filtering.cpp.o[0m
[ 25%] [32mBuilding CXX object corelib/src/CMakeFiles/rtabmap_core.dir/util3d_mapping.cpp.o[0m
[ 25%] [32mBuilding CXX object corelib/src/CMakeFiles/rtabmap_core.dir/util3d_transforms.cpp.o[0m
[ 26%] [32mBuilding CXX object corelib/src/CMakeFiles/rtabmap_core.dir/util3d_registration.cpp.o[0m
[ 26%] [32mBuilding CXX object corelib/src/CMakeFiles/rtabmap_core.dir/util3d_surface.cpp.o[0m
[ 26%] [32mBuilding CXX object corelib/src/CMakeFiles/rtabmap_core.dir/util3d_features.cpp.o[0m
[ 26%] [32mBuilding CXX object corelib/src/CMakeFiles/rtabmap_core.dir/util3d_motion_estimation.cpp.o[0m
[ 27%] [32mBuilding CXX object corelib/src/CMakeFiles/rtabmap_core.dir/util3d_correspondences.cpp.o[0m
