[0.028s] Invoking command in '/home/orin/ros2_ws/build/rtabmap': AMENT_PREFIX_PATH=/home/orin/ros2_ws/install/cv_bridge:${AMENT_PREFIX_PATH} CMAKE_PREFIX_PATH=/home/orin/ros2_ws/install/cv_bridge:/opt/ros/humble LD_LIBRARY_PATH=/home/orin/ros2_ws/install/cv_bridge/lib:${LD_LIBRARY_PATH} PYTHONPATH=/home/orin/ros2_ws/install/cv_bridge/local/lib/python3.10/dist-packages:${PYTHONPATH} /usr/bin/cmake /home/orin/ros2_ws/src/rtabmap -DCMAKE_INSTALL_PREFIX=/home/orin/ros2_ws/install/rtabmap
[0.058s] -- MOBILE_BUILD=OFF
[0.155s] -- Eigen found (include: /usr/include/eigen3, version: 3.4.0)
[0.194s] -- OpenNI found (version: 1.5.4.0, include: /usr/include/ni, lib: /usr/lib/libOpenNI.so;libusb::libusb)
[0.804s] -- Eigen found (include: /usr/include/eigen3, version: 3.4.0)
[0.857s] -- FLANN found (include: /usr/include, lib: /usr/lib/aarch64-linux-gnu/libflann_cpp.so)
[0.860s] -- Found Qhull version 8.0.2
[1.667s] -- OpenNI found (version: 1.5.4.0, include: /usr/include/ni, lib: /usr/lib/libOpenNI.so;libusb::libusb)
[1.952s] -- PCL definitions don't contain "-march=native", make sure all libraries using Eigen are also compiled without that flag to avoid some segmentation faults (with gdb referring to some Eigen functions).
[1.959s] -- Found SQLite3: /usr/include /usr/lib/aarch64-linux-gnu/libsqlite3.so
[1.964s] -- Found OpenMP: /usr/lib/gcc/aarch64-linux-gnu/11/libgomp.so;/usr/lib/aarch64-linux-gnu/libpthread.a
[1.965s] -- Add PCL_OMP to definitions
[1.965s] -- Found OpenCV: /usr/include/opencv4
[1.965s] -- Found PCL: /usr/include/pcl-1.12;/usr/include/eigen3;/usr/include;/usr/include/ni
[1.965s] -- Found ZLIB: /usr/include
[1.999s] -- Found OpenGL: /usr/lib/aarch64-linux-gnu/libOpenGL.so  found components: OpenGL GLX 
[3.595s] -- Found Eigen3: /usr/include/eigen3 (found version "3.4.0") 
[3.762s] -- VTK>=9 detected, will use VTK_QT_VERSION=5 for Qt version.
[3.770s] -- VTK_RENDERING_BACKEND=
[3.891s] -- Found OpenNI2: /usr/include/openni2
[3.891s] -- Found DC1394: /usr/include/dc1394
[3.895s] -- Found OpenGL: /usr/lib/aarch64-linux-gnu/libOpenGL.so   
[3.899s] -- Found g2o (targets)
[3.899s] -- g2o include dir: /opt/ros/humble/include
[3.899s] -- Latest g2o factory version detected with shared ptr (factory file: /opt/ros/humble/include/g2o/core/factory.h).
[3.928s] -- GTSAM include directory:  /opt/ros/humble/lib/cmake/GTSAM/../../../include
[3.956s] -- FlyCapture2_INCLUDE_DIR=FlyCapture2_INCLUDE_DIR-NOTFOUND
[3.956s] -- FlyCapture2_LIBRARY=FlyCapture2_LIBRARY-NOTFOUND
[3.957s] -- Triclops_INCLUDE_DIR=Triclops_INCLUDE_DIR-NOTFOUND
[3.957s] -- Triclops_LIBRARY=Triclops_LIBRARY-NOTFOUND
[3.957s] -- FlyCaptureBridge_LIBRARY=FlyCaptureBridge_LIBRARY-NOTFOUND
[3.968s] -- Found Boost: /usr/lib/aarch64-linux-gnu/cmake/Boost-1.74.0/BoostConfig.cmake (found version "1.74.0") found components: thread filesystem system program_options date_time 
[3.980s] -- Found Boost: /usr/lib/aarch64-linux-gnu/cmake/Boost-1.74.0/BoostConfig.cmake (found version "1.74.0") found components: thread filesystem system program_options date_time chrono 
[3.983s] -- Found libpointmatcher: /opt/ros/humble/include;/usr/include/eigen3
[3.992s] -- Found Boost: /usr/lib/aarch64-linux-gnu/cmake/Boost-1.74.0/BoostConfig.cmake (found version "1.74.0") found components: thread filesystem system program_options date_time 
[4.005s] -- Found Boost: /usr/lib/aarch64-linux-gnu/cmake/Boost-1.74.0/BoostConfig.cmake (found version "1.74.0") found components: thread filesystem system program_options date_time chrono timer serialization 
[4.053s] -- Found RealSense2: 
[4.081s] -- Found octomap 1.9.7: /usr/include
[4.233s] -- Found grid_map_core 2.0.0: /opt/ros/humble/include;/usr/include/eigen3
[4.246s] -- Architecture: aarch64
[4.564s] -- Found Pthreads
[4.642s] [0mCMake Deprecation Warning at examples/LidarMapping/CMakeLists.txt:1 (cmake_minimum_required):
[4.642s]   Compatibility with CMake < 2.8.12 will be removed from a future version of
[4.642s]   CMake.
[4.642s] 
[4.643s]   Update the VERSION argument <min> value or use a ...<max> suffix to tell
[4.643s]   CMake that the project does not need compatibility with older versions.
[4.643s] 
[4.643s] [0m
[4.676s] -- --------------------------------------------
[4.677s] -- Info :
[4.677s] --   RTAB-Map Version =     0.21.9
[4.677s] --   CMAKE_VERSION =        3.22.1
[4.677s] --   CMAKE_INSTALL_PREFIX = /home/orin/ros2_ws/install/rtabmap
[4.677s] --   CMAKE_BUILD_TYPE =     Release
[4.677s] --   CMAKE_INSTALL_LIBDIR = lib
[4.677s] --   BUILD_APP =            ON
[4.678s] --   BUILD_TOOLS =          ON
[4.678s] --   BUILD_EXAMPLES =       ON
[4.678s] --   BUILD_SHARED_LIBS =    ON
[4.678s] --   CMAKE_CXX_FLAGS =  -fmessage-length=0 -fopenmp -std=c++17
[4.678s] --   FLANN_KDTREE_MEM_OPT = OFF
[4.678s] --   PCL_DEFINITIONS = -DDISABLE_OPENNI2;-DDISABLE_PCAP;-DDISABLE_PNG
[4.679s] --   PCL_VERSION = 1.12.1
[4.679s] -- 
[4.679s] -- Optional dependencies ('*' affects some default parameters) :
[4.679s] --  *With OpenCV 4.10.0 xfeatures2d = YES, nonfree = YES (License: Non commercial)
[4.679s] --   With Qt 5.15.3            = YES (License: Open Source or Commercial)
[4.679s] --   With VTK 9.1              = YES (License: BSD)
[4.679s] --   With external SQLite3     = YES (License: Public Domain)
[4.679s] --   With ORB OcTree           = YES (License: GPLv3)
[4.680s] --   With SupertPoint          = NO (WITH_TORCH=OFF)
[4.680s] --   With Python3              = NO (WITH_PYTHON=OFF)
[4.680s] --   With Madgwick             = YES (License: GPL)
[4.680s] --   With FastCV               = NO (FastCV not found)
[4.680s] --   With PDAL                 = NO (PDAL not found)
[4.680s] --   With libLAS               = NO (WITH_LIBLAS=OFF)
[4.680s] --   With CudaSift             = NO (WITH_CUDASIFT=OFF)
[4.681s] -- 
[4.681s] --  Solvers:
[4.681s] --   With TORO                 = YES (License: Creative Commons [Attribution-NonCommercial-ShareAlike])
[4.681s] --  *With g2o 1.0.0            = YES (License: BSD)
[4.681s] --  *With GTSAM 4.2.0          = YES (License: BSD)
[4.681s] --  *With Ceres                = NO (WITH_CERES=OFF)
[4.681s] --   With MRPT                 = NO (MRPT not found)
[4.681s] --   With VERTIGO              = YES (License: GPLv3)
[4.682s] --   With cvsba                = NO (WITH_CVSBA=OFF)
[4.682s] --  *With libpointmatcher 1.3.1 = YES (License: BSD)
[4.682s] --   With CCCoreLib            = NO (WITH_CCCORELIB=OFF)
[4.682s] --   With Open3D               = NO (WITH_OPEN3D=OFF)
[4.682s] --   With OpenGV               = NO (OpenGV not found)
[4.682s] -- 
[4.682s] --  Reconstruction Approaches:
[4.683s] --   With OctoMap 1.9.7        = YES (License: BSD)
[4.683s] --   With GridMap 2.0.0        = YES (License: BSD)
[4.683s] --   With CPUTSDF              = NO (WITH_CPUTSDF=OFF)
[4.683s] --   With OpenChisel           = NO (WITH_OPENCHISEL=OFF)
[4.683s] --   With AliceVision          = NO (WITH_ALICE_VISION=OFF)
[4.683s] -- 
[4.683s] --  Camera Drivers:
[4.683s] --   With Freenect             = NO (libfreenect not found)
[4.684s] --   With OpenNI               = YES (License: Apache v2)
[4.684s] --   With OpenNI2              = YES (License: Apache v2)
[4.684s] --   With Freenect2            = NO (libfreenect2 not found)
[4.684s] --   With Kinect for Windows 2 = NO (Kinect for Windows 2 SDK not found)
[4.684s] --   With Kinect for Azure     = NO (Kinect for Azure SDK not found)
[4.684s] --   With dc1394               = YES (License: LGPL)
[4.684s] --   With FlyCapture2/Triclops = NO (Point Grey SDK not found)
[4.684s] --   With ZED                  = NO (ZED sdk and/or cuda not found)
[4.685s] --   With ZEDOC                = NO (ZED Open Capture not found)
[4.685s] --   With RealSense            = NO (librealsense not found)
[4.685s] --   With RealSense2 2.55.1    = YES (License: Apache-2)
[4.685s] --   With MyntEyeS             = NO (mynteye s sdk not found)
[4.685s] --   With DepthAI              = NO (WITH_DEPTHAI=OFF)
[4.685s] --   With XVisio SDK           = NO (WITH_XVSDK=OFF)
[4.685s] -- 
[4.685s] --  Odometry Approaches:
[4.686s] --   With loam_velodyne        = NO (WITH_LOAM=OFF)
[4.686s] --   With floam                = NO (WITH_FLOAM=OFF)
[4.686s] --   With libfovis             = NO (WITH_FOVIS=OFF)
[4.686s] --   With libviso2             = NO (WITH_VISO2=OFF)
[4.686s] --   With dvo_core             = NO (WITH_DVO=OFF)
[4.686s] --   With okvis                = NO (WITH_OKVIS=OFF)
[4.686s] --   With msckf_vio            = NO (WITH_MSCKF_VIO=OFF)
[4.687s] --   With VINS-Fusion          = NO (WITH_VINS=OFF)
[4.687s] --   With OpenVINS             = NO (WITH_OPENVINS=OFF)
[4.687s] --   With ORB_SLAM             = NO (WITH_ORB_SLAM=OFF)
[4.687s] -- Show all options with: cmake -LA | grep WITH_
[4.687s] -- --------------------------------------------
[4.687s] -- Configuring done
[5.810s] -- Generating done
[5.835s] -- Build files have been written to: /home/orin/ros2_ws/build/rtabmap
[5.924s] Invoked command in '/home/orin/ros2_ws/build/rtabmap' returned '0': AMENT_PREFIX_PATH=/home/orin/ros2_ws/install/cv_bridge:${AMENT_PREFIX_PATH} CMAKE_PREFIX_PATH=/home/orin/ros2_ws/install/cv_bridge:/opt/ros/humble LD_LIBRARY_PATH=/home/orin/ros2_ws/install/cv_bridge/lib:${LD_LIBRARY_PATH} PYTHONPATH=/home/orin/ros2_ws/install/cv_bridge/local/lib/python3.10/dist-packages:${PYTHONPATH} /usr/bin/cmake /home/orin/ros2_ws/src/rtabmap -DCMAKE_INSTALL_PREFIX=/home/orin/ros2_ws/install/rtabmap
[5.929s] Invoking command in '/home/orin/ros2_ws/build/rtabmap': AMENT_PREFIX_PATH=/home/orin/ros2_ws/install/cv_bridge:${AMENT_PREFIX_PATH} CMAKE_PREFIX_PATH=/home/orin/ros2_ws/install/cv_bridge:/opt/ros/humble LD_LIBRARY_PATH=/home/orin/ros2_ws/install/cv_bridge/lib:${LD_LIBRARY_PATH} PYTHONPATH=/home/orin/ros2_ws/install/cv_bridge/local/lib/python3.10/dist-packages:${PYTHONPATH} /usr/bin/cmake --build /home/orin/ros2_ws/build/rtabmap
[6.044s] [  0%] [32mBuilding CXX object utilite/src/CMakeFiles/rtabmap_utilite.dir/UEventsHandler.cpp.o[0m
[6.046s] [  1%] [32mBuilding CXX object utilite/src/CMakeFiles/rtabmap_utilite.dir/UFile.cpp.o[0m
[6.047s] [  1%] [32mBuilding CXX object utilite/src/CMakeFiles/rtabmap_utilite.dir/UConversion.cpp.o[0m
[6.049s] [  2%] [32mBuilding CXX object utilite/src/CMakeFiles/rtabmap_utilite.dir/UEventsManager.cpp.o[0m
[6.054s] [  2%] [32mBuilding CXX object utilite/src/CMakeFiles/rtabmap_utilite.dir/UDirectory.cpp.o[0m
[6.059s] [  3%] [32mBuilding CXX object utilite/src/CMakeFiles/rtabmap_utilite.dir/UEventsSender.cpp.o[0m
[6.919s] [  3%] [32mBuilding CXX object utilite/src/CMakeFiles/rtabmap_utilite.dir/ULogger.cpp.o[0m
[7.071s] [  4%] [32mBuilding CXX object utilite/src/CMakeFiles/rtabmap_utilite.dir/UThread.cpp.o[0m
[7.687s] [  4%] [32mBuilding CXX object utilite/src/CMakeFiles/rtabmap_utilite.dir/UTimer.cpp.o[0m
[8.267s] [  5%] [32mBuilding CXX object utilite/src/CMakeFiles/rtabmap_utilite.dir/UVariant.cpp.o[0m
[8.274s] [  5%] [32mBuilding CXX object utilite/src/CMakeFiles/rtabmap_utilite.dir/UProcessInfo.cpp.o[0m
[10.159s] [  5%] [32m[1mLinking CXX shared library ../../bin/librtabmap_utilite.so[0m
[10.378s] [  5%] Built target rtabmap_utilite
[10.423s] [  5%] [32mBuilding CXX object utilite/resource_generator/CMakeFiles/res_tool.dir/main.cpp.o[0m
[12.298s] [  6%] [32m[1mLinking CXX executable ../../bin/rtabmap-res_tool[0m
[12.481s] [  6%] Built target res_tool
[12.506s] [  6%] [34m[1m[Creating resources][0m
[12.514s]  Using namespace=rtabmap
[12.514s]  Using target directory=/home/orin/ros2_ws/build/rtabmap/corelib/src
[12.514s] Input file "/home/orin/ros2_ws/src/rtabmap/corelib/src/resources/DatabaseSchema.sql" size = 5900 bytes
[12.515s] Output file "/home/orin/ros2_ws/build/rtabmap/corelib/src/DatabaseSchema_sql.h" size = 12027 bytes
[12.515s] Input file "/home/orin/ros2_ws/src/rtabmap/corelib/src/resources/backward_compatibility/DatabaseSchema_0_18_3.sql" size = 5749 bytes
[12.515s] Output file "/home/orin/ros2_ws/build/rtabmap/corelib/src/DatabaseSchema_0_18_3_sql.h" size = 11753 bytes
[12.516s] Input file "/home/orin/ros2_ws/src/rtabmap/corelib/src/resources/backward_compatibility/DatabaseSchema_0_18_0.sql" size = 5749 bytes
[12.516s] Output file "/home/orin/ros2_ws/build/rtabmap/corelib/src/DatabaseSchema_0_18_0_sql.h" size = 11753 bytes
[12.517s] Input file "/home/orin/ros2_ws/src/rtabmap/corelib/src/resources/backward_compatibility/DatabaseSchema_0_17_0.sql" size = 5432 bytes
[12.517s] Output file "/home/orin/ros2_ws/build/rtabmap/corelib/src/DatabaseSchema_0_17_0_sql.h" size = 11119 bytes
[12.518s] Input file "/home/orin/ros2_ws/src/rtabmap/corelib/src/resources/backward_compatibility/DatabaseSchema_0_16_2.sql" size = 5362 bytes
[12.518s] Output file "/home/orin/ros2_ws/build/rtabmap/corelib/src/DatabaseSchema_0_16_2_sql.h" size = 10979 bytes
[12.519s] Input file "/home/orin/ros2_ws/src/rtabmap/corelib/src/resources/backward_compatibility/DatabaseSchema_0_16_1.sql" size = 5286 bytes
[12.519s] Output file "/home/orin/ros2_ws/build/rtabmap/corelib/src/DatabaseSchema_0_16_1_sql.h" size = 10827 bytes
[12.520s] Input file "/home/orin/ros2_ws/src/rtabmap/corelib/src/resources/backward_compatibility/DatabaseSchema_0_16_0.sql" size = 5273 bytes
[12.520s] Output file "/home/orin/ros2_ws/build/rtabmap/corelib/src/DatabaseSchema_0_16_0_sql.h" size = 10801 bytes
[12.604s] [  8%] [32mBuilding CXX object corelib/src/CMakeFiles/rtabmap_core.dir/Rtabmap.cpp.o[0m
[12.604s] [  8%] [32mBuilding CXX object corelib/src/CMakeFiles/rtabmap_core.dir/Memory.cpp.o[0m
[12.607s] [  8%] [32mBuilding CXX object corelib/src/CMakeFiles/rtabmap_core.dir/DBDriver.cpp.o[0m
[12.608s] [  9%] [32mBuilding CXX object corelib/src/CMakeFiles/rtabmap_core.dir/DBDriverSqlite3.cpp.o[0m
[12.609s] [  9%] [32mBuilding CXX object corelib/src/CMakeFiles/rtabmap_core.dir/Statistics.cpp.o[0m
[12.611s] [  9%] [32mBuilding CXX object corelib/src/CMakeFiles/rtabmap_core.dir/RtabmapThread.cpp.o[0m
[36.664s] [  9%] [32mBuilding CXX object corelib/src/CMakeFiles/rtabmap_core.dir/DBReader.cpp.o[0m
[51.037s] [  9%] [32mBuilding CXX object corelib/src/CMakeFiles/rtabmap_core.dir/Recovery.cpp.o[0m
[51.046s] [ 10%] [32mBuilding CXX object corelib/src/CMakeFiles/rtabmap_core.dir/SensorCapture.cpp.o[0m
[61.238s] [ 10%] [32mBuilding CXX object corelib/src/CMakeFiles/rtabmap_core.dir/SensorCaptureThread.cpp.o[0m
[64.723s] [ 11%] [32mBuilding CXX object corelib/src/CMakeFiles/rtabmap_core.dir/Camera.cpp.o[0m
[78.274s] [ 11%] [32mBuilding CXX object corelib/src/CMakeFiles/rtabmap_core.dir/CameraModel.cpp.o[0m
[78.278s] [ 11%] [32mBuilding CXX object corelib/src/CMakeFiles/rtabmap_core.dir/camera/CameraFreenect.cpp.o[0m
[82.068s] [ 12%] [32mBuilding CXX object corelib/src/CMakeFiles/rtabmap_core.dir/camera/CameraFreenect2.cpp.o[0m
[82.764s] [ 12%] [32mBuilding CXX object corelib/src/CMakeFiles/rtabmap_core.dir/camera/CameraImages.cpp.o[0m
[89.683s] [ 13%] [32mBuilding CXX object corelib/src/CMakeFiles/rtabmap_core.dir/camera/CameraK4W2.cpp.o[0m
[93.087s] [ 13%] [32mBuilding CXX object corelib/src/CMakeFiles/rtabmap_core.dir/camera/CameraK4A.cpp.o[0m
[96.451s] [ 13%] [32mBuilding CXX object corelib/src/CMakeFiles/rtabmap_core.dir/camera/CameraOpenni.cpp.o[0m
[97.777s] [ 14%] [32mBuilding CXX object corelib/src/CMakeFiles/rtabmap_core.dir/camera/CameraOpenNI2.cpp.o[0m
[99.059s] [ 14%] [32mBuilding CXX object corelib/src/CMakeFiles/rtabmap_core.dir/camera/CameraOpenNICV.cpp.o[0m
[105.507s] [ 14%] [32mBuilding CXX object corelib/src/CMakeFiles/rtabmap_core.dir/camera/CameraRealSense.cpp.o[0m
[109.598s] [ 15%] [32mBuilding CXX object corelib/src/CMakeFiles/rtabmap_core.dir/camera/CameraRealSense2.cpp.o[0m
[110.504s] [ 15%] [32mBuilding CXX object corelib/src/CMakeFiles/rtabmap_core.dir/camera/CameraRGBDImages.cpp.o[0m
[110.931s] [ 16%] [32mBuilding CXX object corelib/src/CMakeFiles/rtabmap_core.dir/camera/CameraStereoDC1394.cpp.o[0m
[116.639s] [ 16%] [32mBuilding CXX object corelib/src/CMakeFiles/rtabmap_core.dir/camera/CameraStereoFlyCapture2.cpp.o[0m
[116.871s] [ 16%] [32mBuilding CXX object corelib/src/CMakeFiles/rtabmap_core.dir/camera/CameraStereoImages.cpp.o[0m
[121.923s] [ 17%] [32mBuilding CXX object corelib/src/CMakeFiles/rtabmap_core.dir/camera/CameraStereoVideo.cpp.o[0m
[121.956s] [ 17%] [32mBuilding CXX object corelib/src/CMakeFiles/rtabmap_core.dir/camera/CameraStereoZed.cpp.o[0m
[122.299s] [ 18%] [32mBuilding CXX object corelib/src/CMakeFiles/rtabmap_core.dir/camera/CameraStereoZedOC.cpp.o[0m
[126.082s] [ 18%] [32mBuilding CXX object corelib/src/CMakeFiles/rtabmap_core.dir/camera/CameraStereoTara.cpp.o[0m
[129.002s] [ 18%] [32mBuilding CXX object corelib/src/CMakeFiles/rtabmap_core.dir/camera/CameraVideo.cpp.o[0m
[131.916s] [ 19%] [32mBuilding CXX object corelib/src/CMakeFiles/rtabmap_core.dir/camera/CameraMyntEye.cpp.o[0m
[132.823s] [ 19%] [32mBuilding CXX object corelib/src/CMakeFiles/rtabmap_core.dir/camera/CameraDepthAI.cpp.o[0m
[134.199s] [ 20%] [32mBuilding CXX object corelib/src/CMakeFiles/rtabmap_core.dir/camera/CameraSeerSense.cpp.o[0m
[136.728s] [ 20%] [32mBuilding CXX object corelib/src/CMakeFiles/rtabmap_core.dir/EpipolarGeometry.cpp.o[0m
[138.346s] [ 20%] [32mBuilding CXX object corelib/src/CMakeFiles/rtabmap_core.dir/VisualWord.cpp.o[0m
[139.093s] [ 21%] [32mBuilding CXX object corelib/src/CMakeFiles/rtabmap_core.dir/VWDictionary.cpp.o[0m
[141.965s] [ 21%] [32mBuilding CXX object corelib/src/CMakeFiles/rtabmap_core.dir/BayesFilter.cpp.o[0m
[142.232s] [ 22%] [32mBuilding CXX object corelib/src/CMakeFiles/rtabmap_core.dir/Parameters.cpp.o[0m
[143.843s] [ 22%] [32mBuilding CXX object corelib/src/CMakeFiles/rtabmap_core.dir/Signature.cpp.o[0m
[150.214s] [ 22%] [32mBuilding CXX object corelib/src/CMakeFiles/rtabmap_core.dir/Features2d.cpp.o[0m
[158.974s] [ 23%] [32mBuilding CXX object corelib/src/CMakeFiles/rtabmap_core.dir/Transform.cpp.o[0m
[163.827s] [ 23%] [32mBuilding CXX object corelib/src/CMakeFiles/rtabmap_core.dir/GeodeticCoords.cpp.o[0m
[166.004s] [ 24%] [32mBuilding CXX object corelib/src/CMakeFiles/rtabmap_core.dir/util2d.cpp.o[0m
[167.274s] [ 24%] [32mBuilding CXX object corelib/src/CMakeFiles/rtabmap_core.dir/util3d.cpp.o[0m
[167.604s] [ 24%] [32mBuilding CXX object corelib/src/CMakeFiles/rtabmap_core.dir/util3d_filtering.cpp.o[0m
[181.922s] [ 25%] [32mBuilding CXX object corelib/src/CMakeFiles/rtabmap_core.dir/util3d_mapping.cpp.o[0m
[182.911s] In file included from [01m[K/usr/include/c++/11/utility:70[m[K,
[182.911s]                  from [01m[K/usr/include/c++/11/algorithm:60[m[K,
[182.911s]                  from [01m[K/usr/include/opencv4/opencv2/core/base.hpp:55[m[K,
[182.911s]                  from [01m[K/usr/include/opencv4/opencv2/core.hpp:53[m[K,
[182.912s]                  from [01m[K/usr/include/opencv4/opencv2/core/core.hpp:48[m[K,
[182.912s]                  from [01m[K/home/orin/ros2_ws/src/rtabmap/corelib/src/../include/rtabmap/core/util2d.h:33[m[K,
[182.912s]                  from [01m[K/home/orin/ros2_ws/src/rtabmap/corelib/src/util2d.cpp:28[m[K:
[182.912s] /usr/include/c++/11/bits/stl_pair.h: In instantiation of ‘[01m[Kconstexpr std::pair<typename std::__strip_reference_wrapper<typename std::decay<_Tp>::type>::__type, typename std::__strip_reference_wrapper<typename std::decay<_Tp2>::type>::__type> std::make_pair(_T1&&, _T2&&) [with _T1 = float&; _T2 = float&; typename std::__strip_reference_wrapper<typename std::decay<_Tp2>::type>::__type = float; typename std::decay<_Tp2>::type = float; typename std::__strip_reference_wrapper<typename std::decay<_Tp>::type>::__type = float; typename std::decay<_Tp>::type = float][m[K’:
[182.912s] [01m[K/home/orin/ros2_ws/src/rtabmap/corelib/src/util2d.cpp:323:33:[m[K   required from here
[182.913s] [01m[K/usr/include/c++/11/bits/stl_pair.h:567:5:[m[K [01;36m[Knote: [m[Kparameter passing for argument of type ‘[01m[Kstd::pair<float, float>[m[K’ when C++17 is enabled changed to match C++14 ]8;;https://gcc.gnu.org/gcc-10/changes.html#empty_basein GCC 10.1]8;;
[182.913s]   567 |     [01;36m[Kmake_pair[m[K(_T1&& __x, _T2&& __y)
[182.913s]       |     [01;36m[K^~~~~~~~~[m[K
[185.439s] [ 25%] [32mBuilding CXX object corelib/src/CMakeFiles/rtabmap_core.dir/util3d_transforms.cpp.o[0m
[196.210s] [ 26%] [32mBuilding CXX object corelib/src/CMakeFiles/rtabmap_core.dir/util3d_registration.cpp.o[0m
[197.251s] [ 26%] [32mBuilding CXX object corelib/src/CMakeFiles/rtabmap_core.dir/util3d_surface.cpp.o[0m
[201.931s] [ 26%] [32mBuilding CXX object corelib/src/CMakeFiles/rtabmap_core.dir/util3d_features.cpp.o[0m
[212.086s] [ 26%] [32mBuilding CXX object corelib/src/CMakeFiles/rtabmap_core.dir/util3d_motion_estimation.cpp.o[0m
[212.091s] [ 27%] [32mBuilding CXX object corelib/src/CMakeFiles/rtabmap_core.dir/util3d_correspondences.cpp.o[0m
[222.016s] In file included from [01m[K/usr/include/c++/11/utility:70[m[K,
[222.023s]                  from [01m[K/usr/include/c++/11/algorithm:60[m[K,
[222.023s]                  from [01m[K/usr/include/opencv4/opencv2/core/base.hpp:55[m[K,
[222.023s]                  from [01m[K/usr/include/opencv4/opencv2/core.hpp:53[m[K,
[222.024s]                  from [01m[K/usr/include/opencv4/opencv2/calib3d.hpp:47[m[K,
[222.024s]                  from [01m[K/usr/include/opencv4/opencv2/calib3d/calib3d.hpp:48[m[K,
[222.024s]                  from [01m[K/home/orin/ros2_ws/src/rtabmap/corelib/src/../include/rtabmap/core/util3d_features.h:33[m[K,
[222.024s]                  from [01m[K/home/orin/ros2_ws/src/rtabmap/corelib/src/util3d_features.cpp:28[m[K:
[222.024s] /usr/include/c++/11/bits/stl_pair.h: In instantiation of ‘[01m[Kconstexpr std::pair<typename std::__strip_reference_wrapper<typename std::decay<_Tp>::type>::__type, typename std::__strip_reference_wrapper<typename std::decay<_Tp2>::type>::__type> std::make_pair(_T1&&, _T2&&) [with _T1 = float&; _T2 = float&; typename std::__strip_reference_wrapper<typename std::decay<_Tp2>::type>::__type = float; typename std::decay<_Tp2>::type = float; typename std::__strip_reference_wrapper<typename std::decay<_Tp>::type>::__type = float; typename std::decay<_Tp>::type = float][m[K’:
[222.024s] [01m[K/home/orin/ros2_ws/src/rtabmap/corelib/src/util3d_features.cpp:352:35:[m[K   required from here
[222.025s] [01m[K/usr/include/c++/11/bits/stl_pair.h:567:5:[m[K [01;36m[Knote: [m[Kparameter passing for argument of type ‘[01m[Kstd::pair<float, float>[m[K’ when C++17 is enabled changed to match C++14 ]8;;https://gcc.gnu.org/gcc-10/changes.html#empty_basein GCC 10.1]8;;
[222.025s]   567 |     [01;36m[Kmake_pair[m[K(_T1&& __x, _T2&& __y)
[222.025s]       |     [01;36m[K^~~~~~~~~[m[K
