[5.056s] Invoking command in '/home/orin/ros2_ws/build/examples_rclpy_guard_conditions': PYTHONPATH=/home/orin/ros2_ws/build/examples_rclpy_guard_conditions/prefix_override:/usr/lib/python3/dist-packages/colcon_core/task/python/colcon_distutils_commands:/home/orin/ros2_ws/install/examples_rclpy_guard_conditions/lib/python3.10/site-packages:${PYTHONPATH} /usr/bin/python3 -W ignore:setup.py install is deprecated setup.py develop --editable --build-directory /home/orin/ros2_ws/build/examples_rclpy_guard_conditions/build --no-deps symlink_data --force
[6.030s] /home/orin/.local/lib/python3.10/site-packages/setuptools/_distutils/dist.py:261: UserWarning: Unknown distribution option: 'tests_require'
[6.030s]   warnings.warn(msg)
[7.386s] running develop
[7.398s] /home/orin/.local/lib/python3.10/site-packages/setuptools/command/develop.py:41: EasyInstallDeprecationWarning: easy_install command is deprecated.
[7.398s] !!
[7.399s] 
[7.399s]         ********************************************************************************
[7.399s]         Please avoid running ``setup.py`` and ``easy_install``.
[7.399s]         Instead, use pypa/build, pypa/installer or other
[7.399s]         standards-based tools.
[7.399s] 
[7.399s]         See https://github.com/pypa/setuptools/issues/917 for details.
[7.399s]         ********************************************************************************
[7.400s] 
[7.400s] !!
[7.400s]   easy_install.initialize_options(self)
[9.009s] running egg_info
[9.078s] writing examples_rclpy_guard_conditions.egg-info/PKG-INFO
[9.082s] writing dependency_links to examples_rclpy_guard_conditions.egg-info/dependency_links.txt
[9.086s] writing entry points to examples_rclpy_guard_conditions.egg-info/entry_points.txt
[9.092s] writing requirements to examples_rclpy_guard_conditions.egg-info/requires.txt
[9.093s] writing top-level names to examples_rclpy_guard_conditions.egg-info/top_level.txt
[9.268s] reading manifest file 'examples_rclpy_guard_conditions.egg-info/SOURCES.txt'
[9.278s] writing manifest file 'examples_rclpy_guard_conditions.egg-info/SOURCES.txt'
[9.355s] running build_ext
[9.358s] Creating /home/orin/ros2_ws/install/examples_rclpy_guard_conditions/lib/python3.10/site-packages/examples-rclpy-guard-conditions.egg-link (link to .)
[9.359s] Installing trigger_guard_condition script to /home/orin/ros2_ws/install/examples_rclpy_guard_conditions/lib/examples_rclpy_guard_conditions
[9.361s] 
[9.362s] Installed /home/orin/ros2_ws/build/examples_rclpy_guard_conditions
[9.362s] running symlink_data
[9.364s] symbolically linking /home/orin/ros2_ws/build/examples_rclpy_guard_conditions/resource/examples_rclpy_guard_conditions -> /home/orin/ros2_ws/install/examples_rclpy_guard_conditions/share/ament_index/resource_index/packages
[9.366s] symbolically linking /home/orin/ros2_ws/build/examples_rclpy_guard_conditions/package.xml -> /home/orin/ros2_ws/install/examples_rclpy_guard_conditions/share/examples_rclpy_guard_conditions
[9.706s] Invoked command in '/home/orin/ros2_ws/build/examples_rclpy_guard_conditions' returned '0': PYTHONPATH=/home/orin/ros2_ws/build/examples_rclpy_guard_conditions/prefix_override:/usr/lib/python3/dist-packages/colcon_core/task/python/colcon_distutils_commands:/home/orin/ros2_ws/install/examples_rclpy_guard_conditions/lib/python3.10/site-packages:${PYTHONPATH} /usr/bin/python3 -W ignore:setup.py install is deprecated setup.py develop --editable --build-directory /home/orin/ros2_ws/build/examples_rclpy_guard_conditions/build --no-deps symlink_data --force
