[0.143s] Invoking command in '/home/orin/ros2_ws/build/examples_rclcpp_minimal_action_client': /usr/bin/cmake --build /home/orin/ros2_ws/build/examples_rclcpp_minimal_action_client -- -j6 -l6
[1.227s] [ 25%] Built target action_client_member_functions
[1.487s] [ 50%] Built target action_client_not_composable_with_feedback
[1.706s] [ 75%] Built target action_client_not_composable_with_cancel
[2.283s] [100%] Built target action_client_not_composable
[2.460s] Invoked command in '/home/orin/ros2_ws/build/examples_rclcpp_minimal_action_client' returned '0': /usr/bin/cmake --build /home/orin/ros2_ws/build/examples_rclcpp_minimal_action_client -- -j6 -l6
[3.027s] Invoking command in '/home/orin/ros2_ws/build/examples_rclcpp_minimal_action_client': /usr/bin/cmake --install /home/orin/ros2_ws/build/examples_rclcpp_minimal_action_client
[3.137s] -- Install configuration: ""
[3.155s] -- Execute custom install script
[3.158s] -- Up-to-date symlink: /home/orin/ros2_ws/install/examples_rclcpp_minimal_action_client/lib/examples_rclcpp_minimal_action_client/action_client_member_functions
[3.170s] -- Up-to-date symlink: /home/orin/ros2_ws/install/examples_rclcpp_minimal_action_client/lib/examples_rclcpp_minimal_action_client/action_client_not_composable
[3.175s] -- Up-to-date symlink: /home/orin/ros2_ws/install/examples_rclcpp_minimal_action_client/lib/examples_rclcpp_minimal_action_client/action_client_not_composable_with_cancel
[3.177s] -- Up-to-date symlink: /home/orin/ros2_ws/install/examples_rclcpp_minimal_action_client/lib/examples_rclcpp_minimal_action_client/action_client_not_composable_with_feedback
[3.180s] -- Up-to-date symlink: /home/orin/ros2_ws/install/examples_rclcpp_minimal_action_client/share/ament_index/resource_index/package_run_dependencies/examples_rclcpp_minimal_action_client
[3.181s] -- Up-to-date symlink: /home/orin/ros2_ws/install/examples_rclcpp_minimal_action_client/share/ament_index/resource_index/parent_prefix_path/examples_rclcpp_minimal_action_client
[3.181s] -- Up-to-date symlink: /home/orin/ros2_ws/install/examples_rclcpp_minimal_action_client/share/examples_rclcpp_minimal_action_client/environment/ament_prefix_path.sh
[3.181s] -- Up-to-date symlink: /home/orin/ros2_ws/install/examples_rclcpp_minimal_action_client/share/examples_rclcpp_minimal_action_client/environment/ament_prefix_path.dsv
[3.183s] -- Up-to-date symlink: /home/orin/ros2_ws/install/examples_rclcpp_minimal_action_client/share/examples_rclcpp_minimal_action_client/environment/path.sh
[3.200s] -- Up-to-date symlink: /home/orin/ros2_ws/install/examples_rclcpp_minimal_action_client/share/examples_rclcpp_minimal_action_client/environment/path.dsv
[3.201s] -- Up-to-date symlink: /home/orin/ros2_ws/install/examples_rclcpp_minimal_action_client/share/examples_rclcpp_minimal_action_client/local_setup.bash
[3.201s] -- Up-to-date symlink: /home/orin/ros2_ws/install/examples_rclcpp_minimal_action_client/share/examples_rclcpp_minimal_action_client/local_setup.sh
[3.201s] -- Up-to-date symlink: /home/orin/ros2_ws/install/examples_rclcpp_minimal_action_client/share/examples_rclcpp_minimal_action_client/local_setup.zsh
[3.201s] -- Up-to-date symlink: /home/orin/ros2_ws/install/examples_rclcpp_minimal_action_client/share/examples_rclcpp_minimal_action_client/local_setup.dsv
[3.201s] -- Symlinking: /home/orin/ros2_ws/install/examples_rclcpp_minimal_action_client/share/examples_rclcpp_minimal_action_client/package.dsv
[3.244s] -- Up-to-date symlink: /home/orin/ros2_ws/install/examples_rclcpp_minimal_action_client/share/ament_index/resource_index/packages/examples_rclcpp_minimal_action_client
[3.250s] -- Up-to-date symlink: /home/orin/ros2_ws/install/examples_rclcpp_minimal_action_client/share/examples_rclcpp_minimal_action_client/cmake/examples_rclcpp_minimal_action_clientConfig.cmake
[3.251s] -- Up-to-date symlink: /home/orin/ros2_ws/install/examples_rclcpp_minimal_action_client/share/examples_rclcpp_minimal_action_client/cmake/examples_rclcpp_minimal_action_clientConfig-version.cmake
[3.253s] -- Up-to-date symlink: /home/orin/ros2_ws/install/examples_rclcpp_minimal_action_client/share/examples_rclcpp_minimal_action_client/package.xml
[3.308s] Invoked command in '/home/orin/ros2_ws/build/examples_rclcpp_minimal_action_client' returned '0': /usr/bin/cmake --install /home/orin/ros2_ws/build/examples_rclcpp_minimal_action_client
