[2.508s] Invoking command in '/home/orin/ros2_ws/build/examples_rclpy_minimal_client': PYTHONPATH=/home/orin/ros2_ws/build/examples_rclpy_minimal_client/prefix_override:/usr/lib/python3/dist-packages/colcon_core/task/python/colcon_distutils_commands:/home/orin/ros2_ws/install/examples_rclpy_minimal_client/lib/python3.10/site-packages:${PYTHONPATH} /usr/bin/python3 -W ignore:setup.py install is deprecated -W ignore:easy_install command is deprecated setup.py develop --uninstall --editable --build-directory /home/orin/ros2_ws/build/examples_rclpy_minimal_client/build
[2.910s] /home/orin/.local/lib/python3.10/site-packages/setuptools/_distutils/dist.py:261: UserWarning: Unknown distribution option: 'tests_require'
[2.910s]   warnings.warn(msg)
[3.406s] running develop
[4.209s] Removing /home/orin/ros2_ws/install/examples_rclpy_minimal_client/lib/python3.10/site-packages/examples-rclpy-minimal-client.egg-link (link to .)
[4.360s] Invoked command in '/home/orin/ros2_ws/build/examples_rclpy_minimal_client' returned '0': PYTHONPATH=/home/orin/ros2_ws/build/examples_rclpy_minimal_client/prefix_override:/usr/lib/python3/dist-packages/colcon_core/task/python/colcon_distutils_commands:/home/orin/ros2_ws/install/examples_rclpy_minimal_client/lib/python3.10/site-packages:${PYTHONPATH} /usr/bin/python3 -W ignore:setup.py install is deprecated -W ignore:easy_install command is deprecated setup.py develop --uninstall --editable --build-directory /home/orin/ros2_ws/build/examples_rclpy_minimal_client/build
[4.361s] Invoking command in '/home/orin/ros2_ws/src/examples/rclpy/services/minimal_client': PYTHONPATH=/home/orin/ros2_ws/build/examples_rclpy_minimal_client/prefix_override:/usr/lib/python3/dist-packages/colcon_core/task/python/colcon_distutils_commands:/home/orin/ros2_ws/install/examples_rclpy_minimal_client/lib/python3.10/site-packages:${PYTHONPATH} /usr/bin/python3 -W ignore:setup.py install is deprecated -W ignore:easy_install command is deprecated setup.py egg_info --egg-base ../../../../../build/examples_rclpy_minimal_client build --build-base /home/orin/ros2_ws/build/examples_rclpy_minimal_client/build install --record /home/orin/ros2_ws/build/examples_rclpy_minimal_client/install.log --single-version-externally-managed install_data --force
[4.815s] /home/orin/.local/lib/python3.10/site-packages/setuptools/_distutils/dist.py:261: UserWarning: Unknown distribution option: 'tests_require'
[4.815s]   warnings.warn(msg)
[5.165s] running egg_info
[5.222s] writing ../../../../../build/examples_rclpy_minimal_client/examples_rclpy_minimal_client.egg-info/PKG-INFO
[5.225s] writing dependency_links to ../../../../../build/examples_rclpy_minimal_client/examples_rclpy_minimal_client.egg-info/dependency_links.txt
[5.228s] writing entry points to ../../../../../build/examples_rclpy_minimal_client/examples_rclpy_minimal_client.egg-info/entry_points.txt
[5.230s] writing requirements to ../../../../../build/examples_rclpy_minimal_client/examples_rclpy_minimal_client.egg-info/requires.txt
[5.231s] writing top-level names to ../../../../../build/examples_rclpy_minimal_client/examples_rclpy_minimal_client.egg-info/top_level.txt
[5.350s] reading manifest file '../../../../../build/examples_rclpy_minimal_client/examples_rclpy_minimal_client.egg-info/SOURCES.txt'
[5.355s] writing manifest file '../../../../../build/examples_rclpy_minimal_client/examples_rclpy_minimal_client.egg-info/SOURCES.txt'
[5.356s] running build
[5.358s] running build_py
[5.360s] copying examples_rclpy_minimal_client/client.py -> /home/orin/ros2_ws/build/examples_rclpy_minimal_client/build/lib/examples_rclpy_minimal_client
[5.362s] copying examples_rclpy_minimal_client/__init__.py -> /home/orin/ros2_ws/build/examples_rclpy_minimal_client/build/lib/examples_rclpy_minimal_client
[5.363s] copying examples_rclpy_minimal_client/client_async_member_function.py -> /home/orin/ros2_ws/build/examples_rclpy_minimal_client/build/lib/examples_rclpy_minimal_client
[5.365s] copying examples_rclpy_minimal_client/client_async.py -> /home/orin/ros2_ws/build/examples_rclpy_minimal_client/build/lib/examples_rclpy_minimal_client
[5.367s] copying examples_rclpy_minimal_client/client_async_callback.py -> /home/orin/ros2_ws/build/examples_rclpy_minimal_client/build/lib/examples_rclpy_minimal_client
[5.369s] running install
[5.380s] running install_lib
[5.439s] creating /home/orin/ros2_ws/install/examples_rclpy_minimal_client/lib/python3.10/site-packages/examples_rclpy_minimal_client
[5.439s] copying /home/orin/ros2_ws/build/examples_rclpy_minimal_client/build/lib/examples_rclpy_minimal_client/client.py -> /home/orin/ros2_ws/install/examples_rclpy_minimal_client/lib/python3.10/site-packages/examples_rclpy_minimal_client
[5.439s] copying /home/orin/ros2_ws/build/examples_rclpy_minimal_client/build/lib/examples_rclpy_minimal_client/__init__.py -> /home/orin/ros2_ws/install/examples_rclpy_minimal_client/lib/python3.10/site-packages/examples_rclpy_minimal_client
[5.440s] copying /home/orin/ros2_ws/build/examples_rclpy_minimal_client/build/lib/examples_rclpy_minimal_client/client_async_member_function.py -> /home/orin/ros2_ws/install/examples_rclpy_minimal_client/lib/python3.10/site-packages/examples_rclpy_minimal_client
[5.440s] copying /home/orin/ros2_ws/build/examples_rclpy_minimal_client/build/lib/examples_rclpy_minimal_client/client_async.py -> /home/orin/ros2_ws/install/examples_rclpy_minimal_client/lib/python3.10/site-packages/examples_rclpy_minimal_client
[5.440s] copying /home/orin/ros2_ws/build/examples_rclpy_minimal_client/build/lib/examples_rclpy_minimal_client/client_async_callback.py -> /home/orin/ros2_ws/install/examples_rclpy_minimal_client/lib/python3.10/site-packages/examples_rclpy_minimal_client
[5.442s] byte-compiling /home/orin/ros2_ws/install/examples_rclpy_minimal_client/lib/python3.10/site-packages/examples_rclpy_minimal_client/client.py to client.cpython-310.pyc
[5.443s] byte-compiling /home/orin/ros2_ws/install/examples_rclpy_minimal_client/lib/python3.10/site-packages/examples_rclpy_minimal_client/__init__.py to __init__.cpython-310.pyc
[5.445s] byte-compiling /home/orin/ros2_ws/install/examples_rclpy_minimal_client/lib/python3.10/site-packages/examples_rclpy_minimal_client/client_async_member_function.py to client_async_member_function.cpython-310.pyc
[5.445s] byte-compiling /home/orin/ros2_ws/install/examples_rclpy_minimal_client/lib/python3.10/site-packages/examples_rclpy_minimal_client/client_async.py to client_async.cpython-310.pyc
[5.446s] byte-compiling /home/orin/ros2_ws/install/examples_rclpy_minimal_client/lib/python3.10/site-packages/examples_rclpy_minimal_client/client_async_callback.py to client_async_callback.cpython-310.pyc
[5.447s] running install_data
[5.448s] copying resource/examples_rclpy_minimal_client -> /home/orin/ros2_ws/install/examples_rclpy_minimal_client/share/ament_index/resource_index/packages
[5.452s] copying package.xml -> /home/orin/ros2_ws/install/examples_rclpy_minimal_client/share/examples_rclpy_minimal_client
[5.454s] running install_egg_info
[5.514s] Copying ../../../../../build/examples_rclpy_minimal_client/examples_rclpy_minimal_client.egg-info to /home/orin/ros2_ws/install/examples_rclpy_minimal_client/lib/python3.10/site-packages/examples_rclpy_minimal_client-0.15.2-py3.10.egg-info
[5.518s] running install_scripts
[5.970s] Installing client script to /home/orin/ros2_ws/install/examples_rclpy_minimal_client/lib/examples_rclpy_minimal_client
[5.972s] Installing client_async script to /home/orin/ros2_ws/install/examples_rclpy_minimal_client/lib/examples_rclpy_minimal_client
[5.973s] Installing client_async_callback script to /home/orin/ros2_ws/install/examples_rclpy_minimal_client/lib/examples_rclpy_minimal_client
[5.976s] Installing client_async_member_function script to /home/orin/ros2_ws/install/examples_rclpy_minimal_client/lib/examples_rclpy_minimal_client
[5.976s] writing list of installed files to '/home/orin/ros2_ws/build/examples_rclpy_minimal_client/install.log'
[6.101s] Invoked command in '/home/orin/ros2_ws/src/examples/rclpy/services/minimal_client' returned '0': PYTHONPATH=/home/orin/ros2_ws/build/examples_rclpy_minimal_client/prefix_override:/usr/lib/python3/dist-packages/colcon_core/task/python/colcon_distutils_commands:/home/orin/ros2_ws/install/examples_rclpy_minimal_client/lib/python3.10/site-packages:${PYTHONPATH} /usr/bin/python3 -W ignore:setup.py install is deprecated -W ignore:easy_install command is deprecated setup.py egg_info --egg-base ../../../../../build/examples_rclpy_minimal_client build --build-base /home/orin/ros2_ws/build/examples_rclpy_minimal_client/build install --record /home/orin/ros2_ws/build/examples_rclpy_minimal_client/install.log --single-version-externally-managed install_data --force
