[5.432s] Invoking command in '/home/orin/ros2_ws/src/encoder_ultrasonic_package': PYTHONPATH=/home/orin/ros2_ws/build/encoder_ultrasonic_package/prefix_override:/usr/lib/python3/dist-packages/colcon_core/task/python/colcon_distutils_commands:/home/orin/ros2_ws/install/encoder_ultrasonic_package/lib/python3.10/site-packages:${PYTHONPATH} /usr/bin/python3 -W ignore:setup.py install is deprecated setup.py egg_info --egg-base ../../build/encoder_ultrasonic_package build --build-base /home/orin/ros2_ws/build/encoder_ultrasonic_package/build install --record /home/orin/ros2_ws/build/encoder_ultrasonic_package/install.log --single-version-externally-managed install_data
[6.160s] /home/orin/.local/lib/python3.10/site-packages/setuptools/_distutils/dist.py:261: UserWarning: Unknown distribution option: 'tests_require'
[6.166s]   warnings.warn(msg)
[6.661s] running egg_info
[6.753s] writing ../../build/encoder_ultrasonic_package/encoder_ultrasonic_package.egg-info/PKG-INFO
[6.754s] writing dependency_links to ../../build/encoder_ultrasonic_package/encoder_ultrasonic_package.egg-info/dependency_links.txt
[6.758s] writing entry points to ../../build/encoder_ultrasonic_package/encoder_ultrasonic_package.egg-info/entry_points.txt
[6.758s] writing requirements to ../../build/encoder_ultrasonic_package/encoder_ultrasonic_package.egg-info/requires.txt
[6.758s] writing top-level names to ../../build/encoder_ultrasonic_package/encoder_ultrasonic_package.egg-info/top_level.txt
[6.879s] reading manifest file '../../build/encoder_ultrasonic_package/encoder_ultrasonic_package.egg-info/SOURCES.txt'
[6.885s] writing manifest file '../../build/encoder_ultrasonic_package/encoder_ultrasonic_package.egg-info/SOURCES.txt'
[6.895s] running build
[6.895s] running build_py
[6.895s] copying encoder_ultrasonic_package/__init__.py -> /home/orin/ros2_ws/build/encoder_ultrasonic_package/build/lib/encoder_ultrasonic_package
[6.895s] copying encoder_ultrasonic_package/encoder_ultrasonic_node.py -> /home/orin/ros2_ws/build/encoder_ultrasonic_package/build/lib/encoder_ultrasonic_package
[6.895s] running install
[6.905s] running install_lib
[6.967s] running install_data
[6.969s] copying resource/encoder_ultrasonic_package -> /home/orin/ros2_ws/install/encoder_ultrasonic_package/share/ament_index/resource_index/packages
[6.971s] copying package.xml -> /home/orin/ros2_ws/install/encoder_ultrasonic_package/share/encoder_ultrasonic_package
[6.971s] running install_egg_info
[7.077s] removing '/home/orin/ros2_ws/install/encoder_ultrasonic_package/lib/python3.10/site-packages/encoder_ultrasonic_package-0.0.0-py3.10.egg-info' (and everything under it)
[7.080s] Copying ../../build/encoder_ultrasonic_package/encoder_ultrasonic_package.egg-info to /home/orin/ros2_ws/install/encoder_ultrasonic_package/lib/python3.10/site-packages/encoder_ultrasonic_package-0.0.0-py3.10.egg-info
[7.080s] running install_scripts
[7.931s] Installing encoder_ultrasonic_node script to /home/orin/ros2_ws/install/encoder_ultrasonic_package/lib/encoder_ultrasonic_package
[7.934s] writing list of installed files to '/home/orin/ros2_ws/build/encoder_ultrasonic_package/install.log'
[8.096s] Invoked command in '/home/orin/ros2_ws/src/encoder_ultrasonic_package' returned '0': PYTHONPATH=/home/orin/ros2_ws/build/encoder_ultrasonic_package/prefix_override:/usr/lib/python3/dist-packages/colcon_core/task/python/colcon_distutils_commands:/home/orin/ros2_ws/install/encoder_ultrasonic_package/lib/python3.10/site-packages:${PYTHONPATH} /usr/bin/python3 -W ignore:setup.py install is deprecated setup.py egg_info --egg-base ../../build/encoder_ultrasonic_package build --build-base /home/orin/ros2_ws/build/encoder_ultrasonic_package/build install --record /home/orin/ros2_ws/build/encoder_ultrasonic_package/install.log --single-version-externally-managed install_data
