-- Found ament_cmake: 1.3.10 (/opt/ros/humble/share/ament_cmake/cmake)
-- Override CMake install command with custom implementation using symlinks instead of copying resources
-- Found example_interfaces: 0.9.3 (/opt/ros/humble/share/example_interfaces/cmake)
-- Found rosidl_generator_c: 3.1.5 (/opt/ros/humble/share/rosidl_generator_c/cmake)
-- Found rosidl_adapter: 3.1.5 (/opt/ros/humble/share/rosidl_adapter/cmake)
-- Found rosidl_generator_cpp: 3.1.5 (/opt/ros/humble/share/rosidl_generator_cpp/cmake)
-- Using all available rosidl_typesupport_c: rosidl_typesupport_fastrtps_c;rosidl_typesupport_introspection_c
-- Using all available rosidl_typesupport_cpp: rosidl_typesupport_fastrtps_cpp;rosidl_typesupport_introspection_cpp
-- Found rclcpp: 16.0.10 (/opt/ros/humble/share/rclcpp/cmake)
-- Found rmw_implementation_cmake: 6.1.2 (/opt/ros/humble/share/rmw_implementation_cmake/cmake)
-- Found rmw_fastrtps_cpp: 6.2.7 (/opt/ros/humble/share/rmw_fastrtps_cpp/cmake)
-- Using RMW implementation 'rmw_fastrtps_cpp' as default
-- Found rclcpp_components: 16.0.10 (/opt/ros/humble/share/rclcpp_components/cmake)
-- Found ament_lint_auto: 0.12.11 (/opt/ros/humble/share/ament_lint_auto/cmake)
-- Added test 'copyright' to check source files copyright and LICENSE
-- Added test 'cppcheck' to perform static code analysis on C / C++ code
-- Configured cppcheck include dirs: /home/orin/ros2_ws/src/examples/rclcpp/wait_set/include
-- Configured cppcheck exclude dirs and/or files: 
-- Added test 'cpplint' to check C / C++ code against the Google style
-- Configured cpplint exclude dirs and/or files: 
-- Added test 'lint_cmake' to check CMake code style
-- Added test 'uncrustify' to check C / C++ code style
-- Configured uncrustify additional arguments: 
-- Added test 'xmllint' to check XML markup files
-- Configuring done
-- Generating done
-- Build files have been written to: /home/orin/ros2_ws/build/examples_rclcpp_wait_set
[35m[1mConsolidate compiler generated dependencies of target talker[0m
[  4%] [32m[1mLinking CXX shared library libtalker.so[0m
[  8%] Built target talker
[35m[1mConsolidate compiler generated dependencies of target static_wait_set[0m
[ 12%] [32m[1mLinking CXX executable static_wait_set[0m
[ 16%] Built target static_wait_set
[35m[1mConsolidate compiler generated dependencies of target thread_safe_wait_set[0m
[ 20%] [32m[1mLinking CXX executable thread_safe_wait_set[0m
[ 25%] Built target thread_safe_wait_set
[35m[1mConsolidate compiler generated dependencies of target wait_set_topics_and_timer[0m
[ 29%] [32m[1mLinking CXX executable wait_set_topics_and_timer[0m
[ 33%] Built target wait_set_topics_and_timer
[35m[1mConsolidate compiler generated dependencies of target wait_set_random_order[0m
[ 37%] [32m[1mLinking CXX executable wait_set_random_order[0m
[ 41%] Built target wait_set_random_order
[35m[1mConsolidate compiler generated dependencies of target executor_random_order[0m
[ 45%] [32m[1mLinking CXX executable executor_random_order[0m
[ 50%] Built target executor_random_order
[35m[1mConsolidate compiler generated dependencies of target wait_set_topics_with_different_rates[0m
[ 54%] [32m[1mLinking CXX executable wait_set_topics_with_different_rates[0m
[ 58%] Built target wait_set_topics_with_different_rates
[35m[1mConsolidate compiler generated dependencies of target wait_set[0m
[ 62%] [32m[1mLinking CXX executable wait_set[0m
[ 66%] Built target wait_set
[35m[1mConsolidate compiler generated dependencies of target wait_set_listener[0m
[ 70%] [32m[1mLinking CXX executable wait_set_listener[0m
[ 75%] Built target wait_set_listener
[35m[1mConsolidate compiler generated dependencies of target listener[0m
[ 79%] [32m[1mLinking CXX shared library liblistener.so[0m
[ 83%] Built target listener
[35m[1mConsolidate compiler generated dependencies of target wait_set_talker[0m
[ 87%] [32m[1mLinking CXX executable wait_set_talker[0m
[ 91%] Built target wait_set_talker
[35m[1mConsolidate compiler generated dependencies of target wait_set_composed[0m
[ 95%] [32m[1mLinking CXX executable wait_set_composed[0m
[100%] Built target wait_set_composed
