[35m[1mConsolidate compiler generated dependencies of target depthai_ros_driver_common[0m
[ 44%] Built target depthai_ros_driver_common
[ 44%] Built target ament_cmake_python_copy_depthai_ros_driver
[35m[1mConsolidate compiler generated dependencies of target depthai_ros_driver_nn_nodes[0m
[ 55%] Built target depthai_ros_driver_nn_nodes
running egg_info
writing depthai_ros_driver.egg-info/PKG-INFO
writing dependency_links to depthai_ros_driver.egg-info/dependency_links.txt
writing top-level names to depthai_ros_driver.egg-info/top_level.txt
reading manifest file 'depthai_ros_driver.egg-info/SOURCES.txt'
writing manifest file 'depthai_ros_driver.egg-info/SOURCES.txt'
[ 55%] Built target ament_cmake_python_build_depthai_ros_driver_egg
[35m[1mConsolidate compiler generated dependencies of target depthai_ros_driver_sensor_nodes[0m
[ 82%] Built target depthai_ros_driver_sensor_nodes
[35m[1mConsolidate compiler generated dependencies of target depthai_ros_driver[0m
[ 94%] Built target depthai_ros_driver
[35m[1mConsolidate compiler generated dependencies of target camera_node[0m
[100%] Built target camera_node
-- Install configuration: ""
-- Installing: /home/orin/ros2_ws/install/depthai_ros_driver/share/depthai_ros_driver/plugins.xml
-- Installing: /home/orin/ros2_ws/install/depthai_ros_driver/share/depthai_ros_driver/environment/library_path.sh
-- Installing: /home/orin/ros2_ws/install/depthai_ros_driver/share/depthai_ros_driver/environment/library_path.dsv
-- Installing: /home/orin/ros2_ws/install/depthai_ros_driver/share/depthai_ros_driver/launch
-- Installing: /home/orin/ros2_ws/install/depthai_ros_driver/share/depthai_ros_driver/launch/example_multicam.launch.py
-- Installing: /home/orin/ros2_ws/install/depthai_ros_driver/share/depthai_ros_driver/launch/example_segmentation.launch.py
-- Installing: /home/orin/ros2_ws/install/depthai_ros_driver/share/depthai_ros_driver/launch/stereo_from_rosbag.launch.py
-- Installing: /home/orin/ros2_ws/install/depthai_ros_driver/share/depthai_ros_driver/launch/pointcloud.launch.py
-- Installing: /home/orin/ros2_ws/install/depthai_ros_driver/share/depthai_ros_driver/launch/camera_as_part_of_a_robot.launch.py
-- Installing: /home/orin/ros2_ws/install/depthai_ros_driver/share/depthai_ros_driver/launch/example_marker_publish.launch.py
-- Installing: /home/orin/ros2_ws/install/depthai_ros_driver/share/depthai_ros_driver/launch/camera.launch.py
-- Installing: /home/orin/ros2_ws/install/depthai_ros_driver/share/depthai_ros_driver/launch/rgbd_pcl.launch.py
-- Installing: /home/orin/ros2_ws/install/depthai_ros_driver/share/depthai_ros_driver/launch/calibration.launch.py
-- Installing: /home/orin/ros2_ws/install/depthai_ros_driver/share/depthai_ros_driver/launch/rtabmap.launch.py
-- Installing: /home/orin/ros2_ws/install/depthai_ros_driver/share/depthai_ros_driver/launch/sr_rgbd_pcl.launch.py
-- Installing: /home/orin/ros2_ws/install/depthai_ros_driver/share/depthai_ros_driver/launch/sr_poe_rgbd_pcl.launch.py
-- Installing: /home/orin/ros2_ws/install/depthai_ros_driver/share/depthai_ros_driver/config
-- Installing: /home/orin/ros2_ws/install/depthai_ros_driver/share/depthai_ros_driver/config/isaac_vslam.yaml
-- Installing: /home/orin/ros2_ws/install/depthai_ros_driver/share/depthai_ros_driver/config/camera.yaml
-- Installing: /home/orin/ros2_ws/install/depthai_ros_driver/share/depthai_ros_driver/config/rgbd.yaml
-- Installing: /home/orin/ros2_ws/install/depthai_ros_driver/share/depthai_ros_driver/config/pcl.yaml
-- Installing: /home/orin/ros2_ws/install/depthai_ros_driver/share/depthai_ros_driver/config/sr_poe_rgbd.yaml
-- Installing: /home/orin/ros2_ws/install/depthai_ros_driver/share/depthai_ros_driver/config/calibration
-- Installing: /home/orin/ros2_ws/install/depthai_ros_driver/share/depthai_ros_driver/config/calibration/right.yaml
-- Installing: /home/orin/ros2_ws/install/depthai_ros_driver/share/depthai_ros_driver/config/calibration/left.yaml
-- Installing: /home/orin/ros2_ws/install/depthai_ros_driver/share/depthai_ros_driver/config/calibration/rgb.yaml
-- Installing: /home/orin/ros2_ws/install/depthai_ros_driver/share/depthai_ros_driver/config/stereo_from_rosbag.yaml
-- Installing: /home/orin/ros2_ws/install/depthai_ros_driver/share/depthai_ros_driver/config/nn
-- Installing: /home/orin/ros2_ws/install/depthai_ros_driver/share/depthai_ros_driver/config/nn/mobilenet.json
-- Installing: /home/orin/ros2_ws/install/depthai_ros_driver/share/depthai_ros_driver/config/nn/segmentation.json
-- Installing: /home/orin/ros2_ws/install/depthai_ros_driver/share/depthai_ros_driver/config/nn/yolo.json
-- Installing: /home/orin/ros2_ws/install/depthai_ros_driver/share/depthai_ros_driver/config/calibration.yaml
-- Installing: /home/orin/ros2_ws/install/depthai_ros_driver/share/depthai_ros_driver/config/oak_d_pro_w.yaml
-- Installing: /home/orin/ros2_ws/install/depthai_ros_driver/share/depthai_ros_driver/config/low_bandwidth.yaml
-- Installing: /home/orin/ros2_ws/install/depthai_ros_driver/share/depthai_ros_driver/config/spatial_yolo.yaml
-- Installing: /home/orin/ros2_ws/install/depthai_ros_driver/share/depthai_ros_driver/config/oak_d_sr.yaml
-- Installing: /home/orin/ros2_ws/install/depthai_ros_driver/share/depthai_ros_driver/config/rviz
-- Installing: /home/orin/ros2_ws/install/depthai_ros_driver/share/depthai_ros_driver/config/rviz/segmentation.rviz
-- Installing: /home/orin/ros2_ws/install/depthai_ros_driver/share/depthai_ros_driver/config/rviz/rgbd.rviz
-- Installing: /home/orin/ros2_ws/install/depthai_ros_driver/share/depthai_ros_driver/config/rviz/multicam.rviz
-- Installing: /home/orin/ros2_ws/install/depthai_ros_driver/share/depthai_ros_driver/config/segmentation.yaml
-- Installing: /home/orin/ros2_ws/install/depthai_ros_driver/share/depthai_ros_driver/config/sr_rgbd.yaml
-- Installing: /home/orin/ros2_ws/install/depthai_ros_driver/share/depthai_ros_driver/config/multicam_example.yaml
-- Installing: /home/orin/ros2_ws/install/depthai_ros_driver/lib/libdepthai_ros_driver.so
-- Set runtime path of "/home/orin/ros2_ws/install/depthai_ros_driver/lib/libdepthai_ros_driver.so" to ""
-- Installing: /home/orin/ros2_ws/install/depthai_ros_driver/lib/libdepthai_ros_driver_sensor_nodes.so
-- Set runtime path of "/home/orin/ros2_ws/install/depthai_ros_driver/lib/libdepthai_ros_driver_sensor_nodes.so" to ""
-- Installing: /home/orin/ros2_ws/install/depthai_ros_driver/lib/libdepthai_ros_driver_nn_nodes.so
-- Set runtime path of "/home/orin/ros2_ws/install/depthai_ros_driver/lib/libdepthai_ros_driver_nn_nodes.so" to ""
-- Installing: /home/orin/ros2_ws/install/depthai_ros_driver/lib/libdepthai_ros_driver_common.so
-- Set runtime path of "/home/orin/ros2_ws/install/depthai_ros_driver/lib/libdepthai_ros_driver_common.so" to ""
-- Installing: /home/orin/ros2_ws/install/depthai_ros_driver/share/depthai_ros_driver/cmake/depthai_ros_driverTargets.cmake
-- Installing: /home/orin/ros2_ws/install/depthai_ros_driver/share/depthai_ros_driver/cmake/depthai_ros_driverTargets-noconfig.cmake
-- Installing: /home/orin/ros2_ws/install/depthai_ros_driver/lib/depthai_ros_driver/camera_node
-- Set runtime path of "/home/orin/ros2_ws/install/depthai_ros_driver/lib/depthai_ros_driver/camera_node" to ""
-- Installing: /home/orin/ros2_ws/install/depthai_ros_driver/share/depthai_ros_driver/environment/pythonpath.sh
-- Installing: /home/orin/ros2_ws/install/depthai_ros_driver/share/depthai_ros_driver/environment/pythonpath.dsv
-- Installing: /home/orin/ros2_ws/install/depthai_ros_driver/local/lib/python3.10/dist-packages/depthai_ros_driver-2.10.4-py3.10.egg-info
-- Installing: /home/orin/ros2_ws/install/depthai_ros_driver/local/lib/python3.10/dist-packages/depthai_ros_driver-2.10.4-py3.10.egg-info/PKG-INFO
-- Installing: /home/orin/ros2_ws/install/depthai_ros_driver/local/lib/python3.10/dist-packages/depthai_ros_driver-2.10.4-py3.10.egg-info/top_level.txt
-- Installing: /home/orin/ros2_ws/install/depthai_ros_driver/local/lib/python3.10/dist-packages/depthai_ros_driver-2.10.4-py3.10.egg-info/SOURCES.txt
-- Installing: /home/orin/ros2_ws/install/depthai_ros_driver/local/lib/python3.10/dist-packages/depthai_ros_driver-2.10.4-py3.10.egg-info/dependency_links.txt
-- Installing: /home/orin/ros2_ws/install/depthai_ros_driver/local/lib/python3.10/dist-packages/depthai_ros_driver
-- Installing: /home/orin/ros2_ws/install/depthai_ros_driver/local/lib/python3.10/dist-packages/depthai_ros_driver/__init__.py
Listing '/home/orin/ros2_ws/install/depthai_ros_driver/local/lib/python3.10/dist-packages/depthai_ros_driver'...
Compiling '/home/orin/ros2_ws/install/depthai_ros_driver/local/lib/python3.10/dist-packages/depthai_ros_driver/__init__.py'...
-- Installing: /home/orin/ros2_ws/install/depthai_ros_driver/lib/depthai_ros_driver/obj_pub.py
-- Installing: /home/orin/ros2_ws/install/depthai_ros_driver/include
-- Installing: /home/orin/ros2_ws/install/depthai_ros_driver/include/depthai_ros_driver
-- Installing: /home/orin/ros2_ws/install/depthai_ros_driver/include/depthai_ros_driver/camera.hpp
-- Installing: /home/orin/ros2_ws/install/depthai_ros_driver/include/depthai_ros_driver/param_handlers
-- Installing: /home/orin/ros2_ws/install/depthai_ros_driver/include/depthai_ros_driver/param_handlers/camera_param_handler.hpp
-- Installing: /home/orin/ros2_ws/install/depthai_ros_driver/include/depthai_ros_driver/param_handlers/feature_tracker_param_handler.hpp
-- Installing: /home/orin/ros2_ws/install/depthai_ros_driver/include/depthai_ros_driver/param_handlers/stereo_param_handler.hpp
-- Installing: /home/orin/ros2_ws/install/depthai_ros_driver/include/depthai_ros_driver/param_handlers/sync_param_handler.hpp
-- Installing: /home/orin/ros2_ws/install/depthai_ros_driver/include/depthai_ros_driver/param_handlers/base_param_handler.hpp
-- Installing: /home/orin/ros2_ws/install/depthai_ros_driver/include/depthai_ros_driver/param_handlers/nn_param_handler.hpp
-- Installing: /home/orin/ros2_ws/install/depthai_ros_driver/include/depthai_ros_driver/param_handlers/imu_param_handler.hpp
-- Installing: /home/orin/ros2_ws/install/depthai_ros_driver/include/depthai_ros_driver/param_handlers/pipeline_gen_param_handler.hpp
-- Installing: /home/orin/ros2_ws/install/depthai_ros_driver/include/depthai_ros_driver/param_handlers/tof_param_handler.hpp
-- Installing: /home/orin/ros2_ws/install/depthai_ros_driver/include/depthai_ros_driver/param_handlers/sensor_param_handler.hpp
-- Installing: /home/orin/ros2_ws/install/depthai_ros_driver/include/depthai_ros_driver/dai_nodes
-- Installing: /home/orin/ros2_ws/install/depthai_ros_driver/include/depthai_ros_driver/dai_nodes/base_node.hpp
-- Installing: /home/orin/ros2_ws/install/depthai_ros_driver/include/depthai_ros_driver/dai_nodes/nn
-- Installing: /home/orin/ros2_ws/install/depthai_ros_driver/include/depthai_ros_driver/dai_nodes/nn/detection.hpp
-- Installing: /home/orin/ros2_ws/install/depthai_ros_driver/include/depthai_ros_driver/dai_nodes/nn/nn_helpers.hpp
-- Installing: /home/orin/ros2_ws/install/depthai_ros_driver/include/depthai_ros_driver/dai_nodes/nn/spatial_detection.hpp
-- Installing: /home/orin/ros2_ws/install/depthai_ros_driver/include/depthai_ros_driver/dai_nodes/nn/spatial_nn_wrapper.hpp
-- Installing: /home/orin/ros2_ws/install/depthai_ros_driver/include/depthai_ros_driver/dai_nodes/nn/nn_wrapper.hpp
-- Installing: /home/orin/ros2_ws/install/depthai_ros_driver/include/depthai_ros_driver/dai_nodes/nn/segmentation.hpp
-- Installing: /home/orin/ros2_ws/install/depthai_ros_driver/include/depthai_ros_driver/dai_nodes/sys_logger.hpp
-- Installing: /home/orin/ros2_ws/install/depthai_ros_driver/include/depthai_ros_driver/dai_nodes/sensors
-- Installing: /home/orin/ros2_ws/install/depthai_ros_driver/include/depthai_ros_driver/dai_nodes/sensors/tof.hpp
-- Installing: /home/orin/ros2_ws/install/depthai_ros_driver/include/depthai_ros_driver/dai_nodes/sensors/sync.hpp
-- Installing: /home/orin/ros2_ws/install/depthai_ros_driver/include/depthai_ros_driver/dai_nodes/sensors/img_pub.hpp
-- Installing: /home/orin/ros2_ws/install/depthai_ros_driver/include/depthai_ros_driver/dai_nodes/sensors/rgb.hpp
-- Installing: /home/orin/ros2_ws/install/depthai_ros_driver/include/depthai_ros_driver/dai_nodes/sensors/stereo.hpp
-- Installing: /home/orin/ros2_ws/install/depthai_ros_driver/include/depthai_ros_driver/dai_nodes/sensors/sensor_helpers.hpp
-- Installing: /home/orin/ros2_ws/install/depthai_ros_driver/include/depthai_ros_driver/dai_nodes/sensors/imu.hpp
-- Installing: /home/orin/ros2_ws/install/depthai_ros_driver/include/depthai_ros_driver/dai_nodes/sensors/mono.hpp
-- Installing: /home/orin/ros2_ws/install/depthai_ros_driver/include/depthai_ros_driver/dai_nodes/sensors/sensor_wrapper.hpp
-- Installing: /home/orin/ros2_ws/install/depthai_ros_driver/include/depthai_ros_driver/dai_nodes/sensors/feature_tracker.hpp
-- Installing: /home/orin/ros2_ws/install/depthai_ros_driver/include/depthai_ros_driver/pipeline
-- Installing: /home/orin/ros2_ws/install/depthai_ros_driver/include/depthai_ros_driver/pipeline/base_types.hpp
-- Installing: /home/orin/ros2_ws/install/depthai_ros_driver/include/depthai_ros_driver/pipeline/pipeline_generator.hpp
-- Installing: /home/orin/ros2_ws/install/depthai_ros_driver/include/depthai_ros_driver/pipeline/base_pipeline.hpp
-- Installing: /home/orin/ros2_ws/install/depthai_ros_driver/include/depthai_ros_driver/utils.hpp
-- Installing: /home/orin/ros2_ws/install/depthai_ros_driver/share/ament_index/resource_index/package_run_dependencies/depthai_ros_driver
-- Installing: /home/orin/ros2_ws/install/depthai_ros_driver/share/ament_index/resource_index/parent_prefix_path/depthai_ros_driver
-- Installing: /home/orin/ros2_ws/install/depthai_ros_driver/share/depthai_ros_driver/environment/ament_prefix_path.sh
-- Installing: /home/orin/ros2_ws/install/depthai_ros_driver/share/depthai_ros_driver/environment/ament_prefix_path.dsv
-- Installing: /home/orin/ros2_ws/install/depthai_ros_driver/share/depthai_ros_driver/environment/path.sh
-- Installing: /home/orin/ros2_ws/install/depthai_ros_driver/share/depthai_ros_driver/environment/path.dsv
-- Installing: /home/orin/ros2_ws/install/depthai_ros_driver/share/depthai_ros_driver/local_setup.bash
-- Installing: /home/orin/ros2_ws/install/depthai_ros_driver/share/depthai_ros_driver/local_setup.sh
-- Installing: /home/orin/ros2_ws/install/depthai_ros_driver/share/depthai_ros_driver/local_setup.zsh
-- Installing: /home/orin/ros2_ws/install/depthai_ros_driver/share/depthai_ros_driver/local_setup.dsv
-- Installing: /home/orin/ros2_ws/install/depthai_ros_driver/share/depthai_ros_driver/package.dsv
-- Installing: /home/orin/ros2_ws/install/depthai_ros_driver/share/ament_index/resource_index/packages/depthai_ros_driver
-- Installing: /home/orin/ros2_ws/install/depthai_ros_driver/share/ament_index/resource_index/depthai_ros_driver__pluginlib__plugin/depthai_ros_driver
-- Installing: /home/orin/ros2_ws/install/depthai_ros_driver/share/ament_index/resource_index/rclcpp_components/depthai_ros_driver
-- Installing: /home/orin/ros2_ws/install/depthai_ros_driver/share/depthai_ros_driver/cmake/depthai_ros_driverTargetsExport.cmake
-- Installing: /home/orin/ros2_ws/install/depthai_ros_driver/share/depthai_ros_driver/cmake/depthai_ros_driverTargetsExport-noconfig.cmake
-- Installing: /home/orin/ros2_ws/install/depthai_ros_driver/share/depthai_ros_driver/cmake/ament_cmake_export_include_directories-extras.cmake
-- Installing: /home/orin/ros2_ws/install/depthai_ros_driver/share/depthai_ros_driver/cmake/ament_cmake_export_targets-extras.cmake
-- Installing: /home/orin/ros2_ws/install/depthai_ros_driver/share/depthai_ros_driver/cmake/ament_cmake_export_libraries-extras.cmake
-- Installing: /home/orin/ros2_ws/install/depthai_ros_driver/share/depthai_ros_driver/cmake/ament_cmake_export_dependencies-extras.cmake
-- Installing: /home/orin/ros2_ws/install/depthai_ros_driver/share/depthai_ros_driver/cmake/depthai_ros_driverConfig.cmake
-- Installing: /home/orin/ros2_ws/install/depthai_ros_driver/share/depthai_ros_driver/cmake/depthai_ros_driverConfig-version.cmake
-- Installing: /home/orin/ros2_ws/install/depthai_ros_driver/share/depthai_ros_driver/package.xml
