[1.196s] Invoking command in '/home/orin/ros2_ws/build/depthai_ros_driver': CMAKE_PREFIX_PATH=/home/orin/ros2_ws/install/depthai_examples:/home/orin/ros2_ws/install/depthai_bridge:/home/orin/ros2_ws/install/depthai_ros_msgs:/home/orin/ros2_ws/install/depthai_descriptions:/home/orin/ros2_ws/install/sllidar_ros2:/home/orin/ros2_ws/install/ros2_control_demo_example_9:/home/orin/ros2_ws/install/ros2_control_demo_example_8:/home/orin/ros2_ws/install/ros2_control_demo_example_7:/home/orin/ros2_ws/install/ros2_control_demo_example_6:/home/orin/ros2_ws/install/ros2_control_demo_example_15:/home/orin/ros2_ws/install/ros2_control_demo_example_13:/home/orin/ros2_ws/install/ros2_control_demo_example_5:/home/orin/ros2_ws/install/ros2_control_demo_example_4:/home/orin/ros2_ws/install/ros2_control_demo_example_3:/home/orin/ros2_ws/install/ros2_control_demo_example_2:/home/orin/ros2_ws/install/ros2_control_demo_example_14:/home/orin/ros2_ws/install/ros2_control_demo_example_12:/home/orin/ros2_ws/install/ros2_control_demo_example_11:/home/orin/ros2_ws/install/ros2_control_demo_example_10:/home/orin/ros2_ws/install/ros2_control_demo_example_1:/home/orin/ros2_ws/install/ros2_control_demo_description:/home/orin/ros2_ws/install/my_bot_imu:/home/orin/ros2_ws/install/my_bot_description:/home/orin/ros2_ws/install/wheel_encoder_odometry:/home/orin/ros2_ws/install/ros2_control_demo_testing:/home/orin/ros2_ws/install/launch_testing_examples:/home/orin/ros2_ws/install/hcsr04_sensor:/home/orin/ros2_ws/install/examples_rclpy_pointcloud_publisher:/home/orin/ros2_ws/install/examples_rclpy_minimal_subscriber:/home/orin/ros2_ws/install/examples_rclpy_minimal_service:/home/orin/ros2_ws/install/examples_rclpy_minimal_publisher:/home/orin/ros2_ws/install/examples_rclpy_minimal_client:/home/orin/ros2_ws/install/examples_rclpy_minimal_action_server:/home/orin/ros2_ws/install/examples_rclpy_minimal_action_client:/home/orin/ros2_ws/install/examples_rclpy_guard_conditions:/home/orin/ros2_ws/install/examples_rclpy_executors:/home/orin/ros2_ws/install/encoder_ultrasonic_package:/home/orin/ros2_ws/install/arduino_odometry:/opt/ros/humble:/home/orin/ros2_ws/install/mobile_robot_description:/home/orin/ros2_ws/install/image_geometry:/home/orin/ros2_ws/install/gazebo_dev:/home/orin/ros2_ws/install/examples_rclcpp_multithreaded_executor:/home/orin/ros2_ws/install/examples_rclcpp_minimal_timer:/home/orin/ros2_ws/install/examples_rclcpp_minimal_service:/home/orin/ros2_ws/install/examples_rclcpp_minimal_publisher:/home/orin/ros2_ws/install/examples_rclcpp_minimal_composition:/home/orin/ros2_ws/install/examples_rclcpp_minimal_client:/home/orin/ros2_ws/install/examples_rclcpp_minimal_action_server:/home/orin/ros2_ws/install/examples_rclcpp_minimal_action_client:/home/orin/ros2_ws/install/examples_rclcpp_cbg_executor:/home/orin/ros2_ws/install/examples_rclcpp_async_client:/home/orin/ros2_ws/install/depthai-ros:/home/orin/ros2_ws/install/cv_bridge:/home/orin/ros2_ws/install/articubot_one:/home/orin/ros2_ws/install/arduino_serial_comm GAZEBO_MODEL_PATH=/home/orin/ros2_ws/install/depthai_descriptions:${GAZEBO_MODEL_PATH} GAZEBO_RESOURCE_PATH=/home/orin/ros2_ws/install/depthai_descriptions:${GAZEBO_RESOURCE_PATH} IGN_GAZEBO_MODEL_PATH=/home/orin/ros2_ws/install/depthai_descriptions:${IGN_GAZEBO_MODEL_PATH} IGN_GAZEBO_RESOURCE_PATH=/home/orin/ros2_ws/install/depthai_descriptions:${IGN_GAZEBO_RESOURCE_PATH} LD_LIBRARY_PATH=/home/orin/ros2_ws/install/depthai_bridge/lib:/home/orin/ros2_ws/install/depthai_ros_msgs/lib:/home/orin/ros2_ws/install/ros2_control_demo_example_9/lib:/home/orin/ros2_ws/install/ros2_control_demo_example_8/lib:/home/orin/ros2_ws/install/ros2_control_demo_example_7/lib:/home/orin/ros2_ws/install/ros2_control_demo_example_6/lib:/home/orin/ros2_ws/install/ros2_control_demo_example_5/lib:/home/orin/ros2_ws/install/ros2_control_demo_example_4/lib:/home/orin/ros2_ws/install/ros2_control_demo_example_3/lib:/home/orin/ros2_ws/install/ros2_control_demo_example_2/lib:/home/orin/ros2_ws/install/ros2_control_demo_example_14/lib:/home/orin/ros2_ws/install/ros2_control_demo_example_12/lib:/home/orin/ros2_ws/install/ros2_control_demo_example_11/lib:/home/orin/ros2_ws/install/ros2_control_demo_example_10/lib:/home/orin/ros2_ws/install/ros2_control_demo_example_1/lib:/home/orin/ros2_ws/install/image_geometry/lib:/home/orin/ros2_ws/install/examples_rclcpp_minimal_composition/lib:/home/orin/ros2_ws/install/cv_bridge/lib:/opt/ros/humble/opt/rviz_ogre_vendor/lib:/opt/ros/humble/lib/aarch64-linux-gnu:/opt/ros/humble/lib /usr/bin/cmake --build /home/orin/ros2_ws/build/depthai_ros_driver -- -j6 -l6
[1.592s] [35m[1mConsolidate compiler generated dependencies of target depthai_ros_driver_common[0m
[1.864s] [ 44%] Built target depthai_ros_driver_common
[2.056s] [ 44%] Built target ament_cmake_python_copy_depthai_ros_driver
[2.167s] [35m[1mConsolidate compiler generated dependencies of target depthai_ros_driver_nn_nodes[0m
[2.348s] [ 55%] Built target depthai_ros_driver_nn_nodes
[4.238s] running egg_info
[4.455s] writing depthai_ros_driver.egg-info/PKG-INFO
[4.471s] writing dependency_links to depthai_ros_driver.egg-info/dependency_links.txt
[4.473s] writing top-level names to depthai_ros_driver.egg-info/top_level.txt
[4.746s] reading manifest file 'depthai_ros_driver.egg-info/SOURCES.txt'
[4.752s] writing manifest file 'depthai_ros_driver.egg-info/SOURCES.txt'
[4.960s] [ 55%] Built target ament_cmake_python_build_depthai_ros_driver_egg
[5.125s] [35m[1mConsolidate compiler generated dependencies of target depthai_ros_driver_sensor_nodes[0m
[5.279s] [ 82%] Built target depthai_ros_driver_sensor_nodes
[5.374s] [35m[1mConsolidate compiler generated dependencies of target depthai_ros_driver[0m
[5.575s] [ 94%] Built target depthai_ros_driver
[5.715s] [35m[1mConsolidate compiler generated dependencies of target camera_node[0m
[5.884s] [100%] Built target camera_node
[6.620s] Invoked command in '/home/orin/ros2_ws/build/depthai_ros_driver' returned '0': CMAKE_PREFIX_PATH=/home/orin/ros2_ws/install/depthai_examples:/home/orin/ros2_ws/install/depthai_bridge:/home/orin/ros2_ws/install/depthai_ros_msgs:/home/orin/ros2_ws/install/depthai_descriptions:/home/orin/ros2_ws/install/sllidar_ros2:/home/orin/ros2_ws/install/ros2_control_demo_example_9:/home/orin/ros2_ws/install/ros2_control_demo_example_8:/home/orin/ros2_ws/install/ros2_control_demo_example_7:/home/orin/ros2_ws/install/ros2_control_demo_example_6:/home/orin/ros2_ws/install/ros2_control_demo_example_15:/home/orin/ros2_ws/install/ros2_control_demo_example_13:/home/orin/ros2_ws/install/ros2_control_demo_example_5:/home/orin/ros2_ws/install/ros2_control_demo_example_4:/home/orin/ros2_ws/install/ros2_control_demo_example_3:/home/orin/ros2_ws/install/ros2_control_demo_example_2:/home/orin/ros2_ws/install/ros2_control_demo_example_14:/home/orin/ros2_ws/install/ros2_control_demo_example_12:/home/orin/ros2_ws/install/ros2_control_demo_example_11:/home/orin/ros2_ws/install/ros2_control_demo_example_10:/home/orin/ros2_ws/install/ros2_control_demo_example_1:/home/orin/ros2_ws/install/ros2_control_demo_description:/home/orin/ros2_ws/install/my_bot_imu:/home/orin/ros2_ws/install/my_bot_description:/home/orin/ros2_ws/install/wheel_encoder_odometry:/home/orin/ros2_ws/install/ros2_control_demo_testing:/home/orin/ros2_ws/install/launch_testing_examples:/home/orin/ros2_ws/install/hcsr04_sensor:/home/orin/ros2_ws/install/examples_rclpy_pointcloud_publisher:/home/orin/ros2_ws/install/examples_rclpy_minimal_subscriber:/home/orin/ros2_ws/install/examples_rclpy_minimal_service:/home/orin/ros2_ws/install/examples_rclpy_minimal_publisher:/home/orin/ros2_ws/install/examples_rclpy_minimal_client:/home/orin/ros2_ws/install/examples_rclpy_minimal_action_server:/home/orin/ros2_ws/install/examples_rclpy_minimal_action_client:/home/orin/ros2_ws/install/examples_rclpy_guard_conditions:/home/orin/ros2_ws/install/examples_rclpy_executors:/home/orin/ros2_ws/install/encoder_ultrasonic_package:/home/orin/ros2_ws/install/arduino_odometry:/opt/ros/humble:/home/orin/ros2_ws/install/mobile_robot_description:/home/orin/ros2_ws/install/image_geometry:/home/orin/ros2_ws/install/gazebo_dev:/home/orin/ros2_ws/install/examples_rclcpp_multithreaded_executor:/home/orin/ros2_ws/install/examples_rclcpp_minimal_timer:/home/orin/ros2_ws/install/examples_rclcpp_minimal_service:/home/orin/ros2_ws/install/examples_rclcpp_minimal_publisher:/home/orin/ros2_ws/install/examples_rclcpp_minimal_composition:/home/orin/ros2_ws/install/examples_rclcpp_minimal_client:/home/orin/ros2_ws/install/examples_rclcpp_minimal_action_server:/home/orin/ros2_ws/install/examples_rclcpp_minimal_action_client:/home/orin/ros2_ws/install/examples_rclcpp_cbg_executor:/home/orin/ros2_ws/install/examples_rclcpp_async_client:/home/orin/ros2_ws/install/depthai-ros:/home/orin/ros2_ws/install/cv_bridge:/home/orin/ros2_ws/install/articubot_one:/home/orin/ros2_ws/install/arduino_serial_comm GAZEBO_MODEL_PATH=/home/orin/ros2_ws/install/depthai_descriptions:${GAZEBO_MODEL_PATH} GAZEBO_RESOURCE_PATH=/home/orin/ros2_ws/install/depthai_descriptions:${GAZEBO_RESOURCE_PATH} IGN_GAZEBO_MODEL_PATH=/home/orin/ros2_ws/install/depthai_descriptions:${IGN_GAZEBO_MODEL_PATH} IGN_GAZEBO_RESOURCE_PATH=/home/orin/ros2_ws/install/depthai_descriptions:${IGN_GAZEBO_RESOURCE_PATH} LD_LIBRARY_PATH=/home/orin/ros2_ws/install/depthai_bridge/lib:/home/orin/ros2_ws/install/depthai_ros_msgs/lib:/home/orin/ros2_ws/install/ros2_control_demo_example_9/lib:/home/orin/ros2_ws/install/ros2_control_demo_example_8/lib:/home/orin/ros2_ws/install/ros2_control_demo_example_7/lib:/home/orin/ros2_ws/install/ros2_control_demo_example_6/lib:/home/orin/ros2_ws/install/ros2_control_demo_example_5/lib:/home/orin/ros2_ws/install/ros2_control_demo_example_4/lib:/home/orin/ros2_ws/install/ros2_control_demo_example_3/lib:/home/orin/ros2_ws/install/ros2_control_demo_example_2/lib:/home/orin/ros2_ws/install/ros2_control_demo_example_14/lib:/home/orin/ros2_ws/install/ros2_control_demo_example_12/lib:/home/orin/ros2_ws/install/ros2_control_demo_example_11/lib:/home/orin/ros2_ws/install/ros2_control_demo_example_10/lib:/home/orin/ros2_ws/install/ros2_control_demo_example_1/lib:/home/orin/ros2_ws/install/image_geometry/lib:/home/orin/ros2_ws/install/examples_rclcpp_minimal_composition/lib:/home/orin/ros2_ws/install/cv_bridge/lib:/opt/ros/humble/opt/rviz_ogre_vendor/lib:/opt/ros/humble/lib/aarch64-linux-gnu:/opt/ros/humble/lib /usr/bin/cmake --build /home/orin/ros2_ws/build/depthai_ros_driver -- -j6 -l6
[8.807s] Invoking command in '/home/orin/ros2_ws/build/depthai_ros_driver': CMAKE_PREFIX_PATH=/home/orin/ros2_ws/install/depthai_examples:/home/orin/ros2_ws/install/depthai_bridge:/home/orin/ros2_ws/install/depthai_ros_msgs:/home/orin/ros2_ws/install/depthai_descriptions:/home/orin/ros2_ws/install/sllidar_ros2:/home/orin/ros2_ws/install/ros2_control_demo_example_9:/home/orin/ros2_ws/install/ros2_control_demo_example_8:/home/orin/ros2_ws/install/ros2_control_demo_example_7:/home/orin/ros2_ws/install/ros2_control_demo_example_6:/home/orin/ros2_ws/install/ros2_control_demo_example_15:/home/orin/ros2_ws/install/ros2_control_demo_example_13:/home/orin/ros2_ws/install/ros2_control_demo_example_5:/home/orin/ros2_ws/install/ros2_control_demo_example_4:/home/orin/ros2_ws/install/ros2_control_demo_example_3:/home/orin/ros2_ws/install/ros2_control_demo_example_2:/home/orin/ros2_ws/install/ros2_control_demo_example_14:/home/orin/ros2_ws/install/ros2_control_demo_example_12:/home/orin/ros2_ws/install/ros2_control_demo_example_11:/home/orin/ros2_ws/install/ros2_control_demo_example_10:/home/orin/ros2_ws/install/ros2_control_demo_example_1:/home/orin/ros2_ws/install/ros2_control_demo_description:/home/orin/ros2_ws/install/my_bot_imu:/home/orin/ros2_ws/install/my_bot_description:/home/orin/ros2_ws/install/wheel_encoder_odometry:/home/orin/ros2_ws/install/ros2_control_demo_testing:/home/orin/ros2_ws/install/launch_testing_examples:/home/orin/ros2_ws/install/hcsr04_sensor:/home/orin/ros2_ws/install/examples_rclpy_pointcloud_publisher:/home/orin/ros2_ws/install/examples_rclpy_minimal_subscriber:/home/orin/ros2_ws/install/examples_rclpy_minimal_service:/home/orin/ros2_ws/install/examples_rclpy_minimal_publisher:/home/orin/ros2_ws/install/examples_rclpy_minimal_client:/home/orin/ros2_ws/install/examples_rclpy_minimal_action_server:/home/orin/ros2_ws/install/examples_rclpy_minimal_action_client:/home/orin/ros2_ws/install/examples_rclpy_guard_conditions:/home/orin/ros2_ws/install/examples_rclpy_executors:/home/orin/ros2_ws/install/encoder_ultrasonic_package:/home/orin/ros2_ws/install/arduino_odometry:/opt/ros/humble:/home/orin/ros2_ws/install/mobile_robot_description:/home/orin/ros2_ws/install/image_geometry:/home/orin/ros2_ws/install/gazebo_dev:/home/orin/ros2_ws/install/examples_rclcpp_multithreaded_executor:/home/orin/ros2_ws/install/examples_rclcpp_minimal_timer:/home/orin/ros2_ws/install/examples_rclcpp_minimal_service:/home/orin/ros2_ws/install/examples_rclcpp_minimal_publisher:/home/orin/ros2_ws/install/examples_rclcpp_minimal_composition:/home/orin/ros2_ws/install/examples_rclcpp_minimal_client:/home/orin/ros2_ws/install/examples_rclcpp_minimal_action_server:/home/orin/ros2_ws/install/examples_rclcpp_minimal_action_client:/home/orin/ros2_ws/install/examples_rclcpp_cbg_executor:/home/orin/ros2_ws/install/examples_rclcpp_async_client:/home/orin/ros2_ws/install/depthai-ros:/home/orin/ros2_ws/install/cv_bridge:/home/orin/ros2_ws/install/articubot_one:/home/orin/ros2_ws/install/arduino_serial_comm GAZEBO_MODEL_PATH=/home/orin/ros2_ws/install/depthai_descriptions:${GAZEBO_MODEL_PATH} GAZEBO_RESOURCE_PATH=/home/orin/ros2_ws/install/depthai_descriptions:${GAZEBO_RESOURCE_PATH} IGN_GAZEBO_MODEL_PATH=/home/orin/ros2_ws/install/depthai_descriptions:${IGN_GAZEBO_MODEL_PATH} IGN_GAZEBO_RESOURCE_PATH=/home/orin/ros2_ws/install/depthai_descriptions:${IGN_GAZEBO_RESOURCE_PATH} LD_LIBRARY_PATH=/home/orin/ros2_ws/install/depthai_bridge/lib:/home/orin/ros2_ws/install/depthai_ros_msgs/lib:/home/orin/ros2_ws/install/ros2_control_demo_example_9/lib:/home/orin/ros2_ws/install/ros2_control_demo_example_8/lib:/home/orin/ros2_ws/install/ros2_control_demo_example_7/lib:/home/orin/ros2_ws/install/ros2_control_demo_example_6/lib:/home/orin/ros2_ws/install/ros2_control_demo_example_5/lib:/home/orin/ros2_ws/install/ros2_control_demo_example_4/lib:/home/orin/ros2_ws/install/ros2_control_demo_example_3/lib:/home/orin/ros2_ws/install/ros2_control_demo_example_2/lib:/home/orin/ros2_ws/install/ros2_control_demo_example_14/lib:/home/orin/ros2_ws/install/ros2_control_demo_example_12/lib:/home/orin/ros2_ws/install/ros2_control_demo_example_11/lib:/home/orin/ros2_ws/install/ros2_control_demo_example_10/lib:/home/orin/ros2_ws/install/ros2_control_demo_example_1/lib:/home/orin/ros2_ws/install/image_geometry/lib:/home/orin/ros2_ws/install/examples_rclcpp_minimal_composition/lib:/home/orin/ros2_ws/install/cv_bridge/lib:/opt/ros/humble/opt/rviz_ogre_vendor/lib:/opt/ros/humble/lib/aarch64-linux-gnu:/opt/ros/humble/lib /usr/bin/cmake --install /home/orin/ros2_ws/build/depthai_ros_driver
[8.844s] -- Install configuration: ""
[8.844s] -- Installing: /home/orin/ros2_ws/install/depthai_ros_driver/share/depthai_ros_driver/plugins.xml
[8.845s] -- Installing: /home/orin/ros2_ws/install/depthai_ros_driver/share/depthai_ros_driver/environment/library_path.sh
[8.846s] -- Installing: /home/orin/ros2_ws/install/depthai_ros_driver/share/depthai_ros_driver/environment/library_path.dsv
[8.847s] -- Installing: /home/orin/ros2_ws/install/depthai_ros_driver/share/depthai_ros_driver/launch
[8.847s] -- Installing: /home/orin/ros2_ws/install/depthai_ros_driver/share/depthai_ros_driver/launch/example_multicam.launch.py
[8.848s] -- Installing: /home/orin/ros2_ws/install/depthai_ros_driver/share/depthai_ros_driver/launch/example_segmentation.launch.py
[8.849s] -- Installing: /home/orin/ros2_ws/install/depthai_ros_driver/share/depthai_ros_driver/launch/stereo_from_rosbag.launch.py
[8.849s] -- Installing: /home/orin/ros2_ws/install/depthai_ros_driver/share/depthai_ros_driver/launch/pointcloud.launch.py
[8.850s] -- Installing: /home/orin/ros2_ws/install/depthai_ros_driver/share/depthai_ros_driver/launch/camera_as_part_of_a_robot.launch.py
[8.850s] -- Installing: /home/orin/ros2_ws/install/depthai_ros_driver/share/depthai_ros_driver/launch/example_marker_publish.launch.py
[8.850s] -- Installing: /home/orin/ros2_ws/install/depthai_ros_driver/share/depthai_ros_driver/launch/camera.launch.py
[8.866s] -- Installing: /home/orin/ros2_ws/install/depthai_ros_driver/share/depthai_ros_driver/launch/rgbd_pcl.launch.py
[8.866s] -- Installing: /home/orin/ros2_ws/install/depthai_ros_driver/share/depthai_ros_driver/launch/calibration.launch.py
[8.866s] -- Installing: /home/orin/ros2_ws/install/depthai_ros_driver/share/depthai_ros_driver/launch/rtabmap.launch.py
[8.866s] -- Installing: /home/orin/ros2_ws/install/depthai_ros_driver/share/depthai_ros_driver/launch/sr_rgbd_pcl.launch.py
[8.867s] -- Installing: /home/orin/ros2_ws/install/depthai_ros_driver/share/depthai_ros_driver/launch/sr_poe_rgbd_pcl.launch.py
[8.867s] -- Installing: /home/orin/ros2_ws/install/depthai_ros_driver/share/depthai_ros_driver/config
[8.870s] -- Installing: /home/orin/ros2_ws/install/depthai_ros_driver/share/depthai_ros_driver/config/isaac_vslam.yaml
[8.871s] -- Installing: /home/orin/ros2_ws/install/depthai_ros_driver/share/depthai_ros_driver/config/camera.yaml
[8.871s] -- Installing: /home/orin/ros2_ws/install/depthai_ros_driver/share/depthai_ros_driver/config/rgbd.yaml
[8.871s] -- Installing: /home/orin/ros2_ws/install/depthai_ros_driver/share/depthai_ros_driver/config/pcl.yaml
[8.871s] -- Installing: /home/orin/ros2_ws/install/depthai_ros_driver/share/depthai_ros_driver/config/sr_poe_rgbd.yaml
[8.871s] -- Installing: /home/orin/ros2_ws/install/depthai_ros_driver/share/depthai_ros_driver/config/calibration
[8.871s] -- Installing: /home/orin/ros2_ws/install/depthai_ros_driver/share/depthai_ros_driver/config/calibration/right.yaml
[8.871s] -- Installing: /home/orin/ros2_ws/install/depthai_ros_driver/share/depthai_ros_driver/config/calibration/left.yaml
[8.871s] -- Installing: /home/orin/ros2_ws/install/depthai_ros_driver/share/depthai_ros_driver/config/calibration/rgb.yaml
[8.872s] -- Installing: /home/orin/ros2_ws/install/depthai_ros_driver/share/depthai_ros_driver/config/stereo_from_rosbag.yaml
[8.872s] -- Installing: /home/orin/ros2_ws/install/depthai_ros_driver/share/depthai_ros_driver/config/nn
[8.872s] -- Installing: /home/orin/ros2_ws/install/depthai_ros_driver/share/depthai_ros_driver/config/nn/mobilenet.json
[8.883s] -- Installing: /home/orin/ros2_ws/install/depthai_ros_driver/share/depthai_ros_driver/config/nn/segmentation.json
[8.883s] -- Installing: /home/orin/ros2_ws/install/depthai_ros_driver/share/depthai_ros_driver/config/nn/yolo.json
[8.884s] -- Installing: /home/orin/ros2_ws/install/depthai_ros_driver/share/depthai_ros_driver/config/calibration.yaml
[8.884s] -- Installing: /home/orin/ros2_ws/install/depthai_ros_driver/share/depthai_ros_driver/config/oak_d_pro_w.yaml
[8.884s] -- Installing: /home/orin/ros2_ws/install/depthai_ros_driver/share/depthai_ros_driver/config/low_bandwidth.yaml
[8.885s] -- Installing: /home/orin/ros2_ws/install/depthai_ros_driver/share/depthai_ros_driver/config/spatial_yolo.yaml
[8.885s] -- Installing: /home/orin/ros2_ws/install/depthai_ros_driver/share/depthai_ros_driver/config/oak_d_sr.yaml
[8.885s] -- Installing: /home/orin/ros2_ws/install/depthai_ros_driver/share/depthai_ros_driver/config/rviz
[8.885s] -- Installing: /home/orin/ros2_ws/install/depthai_ros_driver/share/depthai_ros_driver/config/rviz/segmentation.rviz
[8.893s] -- Installing: /home/orin/ros2_ws/install/depthai_ros_driver/share/depthai_ros_driver/config/rviz/rgbd.rviz
[8.894s] -- Installing: /home/orin/ros2_ws/install/depthai_ros_driver/share/depthai_ros_driver/config/rviz/multicam.rviz
[8.894s] -- Installing: /home/orin/ros2_ws/install/depthai_ros_driver/share/depthai_ros_driver/config/segmentation.yaml
[8.901s] -- Installing: /home/orin/ros2_ws/install/depthai_ros_driver/share/depthai_ros_driver/config/sr_rgbd.yaml
[8.901s] -- Installing: /home/orin/ros2_ws/install/depthai_ros_driver/share/depthai_ros_driver/config/multicam_example.yaml
[8.901s] -- Installing: /home/orin/ros2_ws/install/depthai_ros_driver/lib/libdepthai_ros_driver.so
[9.027s] -- Set runtime path of "/home/orin/ros2_ws/install/depthai_ros_driver/lib/libdepthai_ros_driver.so" to ""
[9.027s] -- Installing: /home/orin/ros2_ws/install/depthai_ros_driver/lib/libdepthai_ros_driver_sensor_nodes.so
[13.524s] -- Set runtime path of "/home/orin/ros2_ws/install/depthai_ros_driver/lib/libdepthai_ros_driver_sensor_nodes.so" to ""
[13.524s] -- Installing: /home/orin/ros2_ws/install/depthai_ros_driver/lib/libdepthai_ros_driver_nn_nodes.so
[13.615s] -- Set runtime path of "/home/orin/ros2_ws/install/depthai_ros_driver/lib/libdepthai_ros_driver_nn_nodes.so" to ""
[13.617s] -- Installing: /home/orin/ros2_ws/install/depthai_ros_driver/lib/libdepthai_ros_driver_common.so
[13.698s] -- Set runtime path of "/home/orin/ros2_ws/install/depthai_ros_driver/lib/libdepthai_ros_driver_common.so" to ""
[13.700s] -- Installing: /home/orin/ros2_ws/install/depthai_ros_driver/share/depthai_ros_driver/cmake/depthai_ros_driverTargets.cmake
[13.700s] -- Installing: /home/orin/ros2_ws/install/depthai_ros_driver/share/depthai_ros_driver/cmake/depthai_ros_driverTargets-noconfig.cmake
[13.705s] -- Installing: /home/orin/ros2_ws/install/depthai_ros_driver/lib/depthai_ros_driver/camera_node
[13.715s] -- Set runtime path of "/home/orin/ros2_ws/install/depthai_ros_driver/lib/depthai_ros_driver/camera_node" to ""
[13.717s] -- Installing: /home/orin/ros2_ws/install/depthai_ros_driver/share/depthai_ros_driver/environment/pythonpath.sh
[13.718s] -- Installing: /home/orin/ros2_ws/install/depthai_ros_driver/share/depthai_ros_driver/environment/pythonpath.dsv
[13.721s] -- Installing: /home/orin/ros2_ws/install/depthai_ros_driver/local/lib/python3.10/dist-packages/depthai_ros_driver-2.10.4-py3.10.egg-info
[13.723s] -- Installing: /home/orin/ros2_ws/install/depthai_ros_driver/local/lib/python3.10/dist-packages/depthai_ros_driver-2.10.4-py3.10.egg-info/PKG-INFO
[13.723s] -- Installing: /home/orin/ros2_ws/install/depthai_ros_driver/local/lib/python3.10/dist-packages/depthai_ros_driver-2.10.4-py3.10.egg-info/top_level.txt
[13.726s] -- Installing: /home/orin/ros2_ws/install/depthai_ros_driver/local/lib/python3.10/dist-packages/depthai_ros_driver-2.10.4-py3.10.egg-info/SOURCES.txt
[13.728s] -- Installing: /home/orin/ros2_ws/install/depthai_ros_driver/local/lib/python3.10/dist-packages/depthai_ros_driver-2.10.4-py3.10.egg-info/dependency_links.txt
[13.729s] -- Installing: /home/orin/ros2_ws/install/depthai_ros_driver/local/lib/python3.10/dist-packages/depthai_ros_driver
[13.736s] -- Installing: /home/orin/ros2_ws/install/depthai_ros_driver/local/lib/python3.10/dist-packages/depthai_ros_driver/__init__.py
[14.027s] Listing '/home/orin/ros2_ws/install/depthai_ros_driver/local/lib/python3.10/dist-packages/depthai_ros_driver'...
[14.031s] Compiling '/home/orin/ros2_ws/install/depthai_ros_driver/local/lib/python3.10/dist-packages/depthai_ros_driver/__init__.py'...
[14.067s] -- Installing: /home/orin/ros2_ws/install/depthai_ros_driver/lib/depthai_ros_driver/obj_pub.py
[14.073s] -- Installing: /home/orin/ros2_ws/install/depthai_ros_driver/include
[14.073s] -- Installing: /home/orin/ros2_ws/install/depthai_ros_driver/include/depthai_ros_driver
[14.073s] -- Installing: /home/orin/ros2_ws/install/depthai_ros_driver/include/depthai_ros_driver/camera.hpp
[14.077s] -- Installing: /home/orin/ros2_ws/install/depthai_ros_driver/include/depthai_ros_driver/param_handlers
[14.077s] -- Installing: /home/orin/ros2_ws/install/depthai_ros_driver/include/depthai_ros_driver/param_handlers/camera_param_handler.hpp
[14.079s] -- Installing: /home/orin/ros2_ws/install/depthai_ros_driver/include/depthai_ros_driver/param_handlers/feature_tracker_param_handler.hpp
[14.083s] -- Installing: /home/orin/ros2_ws/install/depthai_ros_driver/include/depthai_ros_driver/param_handlers/stereo_param_handler.hpp
[14.087s] -- Installing: /home/orin/ros2_ws/install/depthai_ros_driver/include/depthai_ros_driver/param_handlers/sync_param_handler.hpp
[14.091s] -- Installing: /home/orin/ros2_ws/install/depthai_ros_driver/include/depthai_ros_driver/param_handlers/base_param_handler.hpp
[14.091s] -- Installing: /home/orin/ros2_ws/install/depthai_ros_driver/include/depthai_ros_driver/param_handlers/nn_param_handler.hpp
[14.095s] -- Installing: /home/orin/ros2_ws/install/depthai_ros_driver/include/depthai_ros_driver/param_handlers/imu_param_handler.hpp
[14.097s] -- Installing: /home/orin/ros2_ws/install/depthai_ros_driver/include/depthai_ros_driver/param_handlers/pipeline_gen_param_handler.hpp
[14.099s] -- Installing: /home/orin/ros2_ws/install/depthai_ros_driver/include/depthai_ros_driver/param_handlers/tof_param_handler.hpp
[14.101s] -- Installing: /home/orin/ros2_ws/install/depthai_ros_driver/include/depthai_ros_driver/param_handlers/sensor_param_handler.hpp
[14.105s] -- Installing: /home/orin/ros2_ws/install/depthai_ros_driver/include/depthai_ros_driver/dai_nodes
[14.105s] -- Installing: /home/orin/ros2_ws/install/depthai_ros_driver/include/depthai_ros_driver/dai_nodes/base_node.hpp
[14.108s] -- Installing: /home/orin/ros2_ws/install/depthai_ros_driver/include/depthai_ros_driver/dai_nodes/nn
[14.109s] -- Installing: /home/orin/ros2_ws/install/depthai_ros_driver/include/depthai_ros_driver/dai_nodes/nn/detection.hpp
[14.114s] -- Installing: /home/orin/ros2_ws/install/depthai_ros_driver/include/depthai_ros_driver/dai_nodes/nn/nn_helpers.hpp
[14.114s] -- Installing: /home/orin/ros2_ws/install/depthai_ros_driver/include/depthai_ros_driver/dai_nodes/nn/spatial_detection.hpp
[14.117s] -- Installing: /home/orin/ros2_ws/install/depthai_ros_driver/include/depthai_ros_driver/dai_nodes/nn/spatial_nn_wrapper.hpp
[14.118s] -- Installing: /home/orin/ros2_ws/install/depthai_ros_driver/include/depthai_ros_driver/dai_nodes/nn/nn_wrapper.hpp
[14.120s] -- Installing: /home/orin/ros2_ws/install/depthai_ros_driver/include/depthai_ros_driver/dai_nodes/nn/segmentation.hpp
[14.120s] -- Installing: /home/orin/ros2_ws/install/depthai_ros_driver/include/depthai_ros_driver/dai_nodes/sys_logger.hpp
[14.120s] -- Installing: /home/orin/ros2_ws/install/depthai_ros_driver/include/depthai_ros_driver/dai_nodes/sensors
[14.123s] -- Installing: /home/orin/ros2_ws/install/depthai_ros_driver/include/depthai_ros_driver/dai_nodes/sensors/tof.hpp
[14.124s] -- Installing: /home/orin/ros2_ws/install/depthai_ros_driver/include/depthai_ros_driver/dai_nodes/sensors/sync.hpp
[14.124s] -- Installing: /home/orin/ros2_ws/install/depthai_ros_driver/include/depthai_ros_driver/dai_nodes/sensors/img_pub.hpp
[14.135s] -- Installing: /home/orin/ros2_ws/install/depthai_ros_driver/include/depthai_ros_driver/dai_nodes/sensors/rgb.hpp
[14.136s] -- Installing: /home/orin/ros2_ws/install/depthai_ros_driver/include/depthai_ros_driver/dai_nodes/sensors/stereo.hpp
[14.136s] -- Installing: /home/orin/ros2_ws/install/depthai_ros_driver/include/depthai_ros_driver/dai_nodes/sensors/sensor_helpers.hpp
[14.136s] -- Installing: /home/orin/ros2_ws/install/depthai_ros_driver/include/depthai_ros_driver/dai_nodes/sensors/imu.hpp
[14.139s] -- Installing: /home/orin/ros2_ws/install/depthai_ros_driver/include/depthai_ros_driver/dai_nodes/sensors/mono.hpp
[14.140s] -- Installing: /home/orin/ros2_ws/install/depthai_ros_driver/include/depthai_ros_driver/dai_nodes/sensors/sensor_wrapper.hpp
[14.141s] -- Installing: /home/orin/ros2_ws/install/depthai_ros_driver/include/depthai_ros_driver/dai_nodes/sensors/feature_tracker.hpp
[14.142s] -- Installing: /home/orin/ros2_ws/install/depthai_ros_driver/include/depthai_ros_driver/pipeline
[14.145s] -- Installing: /home/orin/ros2_ws/install/depthai_ros_driver/include/depthai_ros_driver/pipeline/base_types.hpp
[14.147s] -- Installing: /home/orin/ros2_ws/install/depthai_ros_driver/include/depthai_ros_driver/pipeline/pipeline_generator.hpp
[14.147s] -- Installing: /home/orin/ros2_ws/install/depthai_ros_driver/include/depthai_ros_driver/pipeline/base_pipeline.hpp
[14.152s] -- Installing: /home/orin/ros2_ws/install/depthai_ros_driver/include/depthai_ros_driver/utils.hpp
[14.152s] -- Installing: /home/orin/ros2_ws/install/depthai_ros_driver/share/ament_index/resource_index/package_run_dependencies/depthai_ros_driver
[14.156s] -- Installing: /home/orin/ros2_ws/install/depthai_ros_driver/share/ament_index/resource_index/parent_prefix_path/depthai_ros_driver
[14.159s] -- Installing: /home/orin/ros2_ws/install/depthai_ros_driver/share/depthai_ros_driver/environment/ament_prefix_path.sh
[14.164s] -- Installing: /home/orin/ros2_ws/install/depthai_ros_driver/share/depthai_ros_driver/environment/ament_prefix_path.dsv
[14.164s] -- Installing: /home/orin/ros2_ws/install/depthai_ros_driver/share/depthai_ros_driver/environment/path.sh
[14.164s] -- Installing: /home/orin/ros2_ws/install/depthai_ros_driver/share/depthai_ros_driver/environment/path.dsv
[14.168s] -- Installing: /home/orin/ros2_ws/install/depthai_ros_driver/share/depthai_ros_driver/local_setup.bash
[14.176s] -- Installing: /home/orin/ros2_ws/install/depthai_ros_driver/share/depthai_ros_driver/local_setup.sh
[14.176s] -- Installing: /home/orin/ros2_ws/install/depthai_ros_driver/share/depthai_ros_driver/local_setup.zsh
[14.179s] -- Installing: /home/orin/ros2_ws/install/depthai_ros_driver/share/depthai_ros_driver/local_setup.dsv
[14.190s] -- Installing: /home/orin/ros2_ws/install/depthai_ros_driver/share/depthai_ros_driver/package.dsv
[14.191s] -- Installing: /home/orin/ros2_ws/install/depthai_ros_driver/share/ament_index/resource_index/packages/depthai_ros_driver
[14.192s] -- Installing: /home/orin/ros2_ws/install/depthai_ros_driver/share/ament_index/resource_index/depthai_ros_driver__pluginlib__plugin/depthai_ros_driver
[14.195s] -- Installing: /home/orin/ros2_ws/install/depthai_ros_driver/share/ament_index/resource_index/rclcpp_components/depthai_ros_driver
[14.199s] -- Installing: /home/orin/ros2_ws/install/depthai_ros_driver/share/depthai_ros_driver/cmake/depthai_ros_driverTargetsExport.cmake
[14.204s] -- Installing: /home/orin/ros2_ws/install/depthai_ros_driver/share/depthai_ros_driver/cmake/depthai_ros_driverTargetsExport-noconfig.cmake
[14.210s] -- Installing: /home/orin/ros2_ws/install/depthai_ros_driver/share/depthai_ros_driver/cmake/ament_cmake_export_include_directories-extras.cmake
[14.216s] -- Installing: /home/orin/ros2_ws/install/depthai_ros_driver/share/depthai_ros_driver/cmake/ament_cmake_export_targets-extras.cmake
[14.216s] -- Installing: /home/orin/ros2_ws/install/depthai_ros_driver/share/depthai_ros_driver/cmake/ament_cmake_export_libraries-extras.cmake
[14.221s] -- Installing: /home/orin/ros2_ws/install/depthai_ros_driver/share/depthai_ros_driver/cmake/ament_cmake_export_dependencies-extras.cmake
[14.227s] -- Installing: /home/orin/ros2_ws/install/depthai_ros_driver/share/depthai_ros_driver/cmake/depthai_ros_driverConfig.cmake
[14.228s] -- Installing: /home/orin/ros2_ws/install/depthai_ros_driver/share/depthai_ros_driver/cmake/depthai_ros_driverConfig-version.cmake
[14.229s] -- Installing: /home/orin/ros2_ws/install/depthai_ros_driver/share/depthai_ros_driver/package.xml
[14.255s] Invoked command in '/home/orin/ros2_ws/build/depthai_ros_driver' returned '0': CMAKE_PREFIX_PATH=/home/orin/ros2_ws/install/depthai_examples:/home/orin/ros2_ws/install/depthai_bridge:/home/orin/ros2_ws/install/depthai_ros_msgs:/home/orin/ros2_ws/install/depthai_descriptions:/home/orin/ros2_ws/install/sllidar_ros2:/home/orin/ros2_ws/install/ros2_control_demo_example_9:/home/orin/ros2_ws/install/ros2_control_demo_example_8:/home/orin/ros2_ws/install/ros2_control_demo_example_7:/home/orin/ros2_ws/install/ros2_control_demo_example_6:/home/orin/ros2_ws/install/ros2_control_demo_example_15:/home/orin/ros2_ws/install/ros2_control_demo_example_13:/home/orin/ros2_ws/install/ros2_control_demo_example_5:/home/orin/ros2_ws/install/ros2_control_demo_example_4:/home/orin/ros2_ws/install/ros2_control_demo_example_3:/home/orin/ros2_ws/install/ros2_control_demo_example_2:/home/orin/ros2_ws/install/ros2_control_demo_example_14:/home/orin/ros2_ws/install/ros2_control_demo_example_12:/home/orin/ros2_ws/install/ros2_control_demo_example_11:/home/orin/ros2_ws/install/ros2_control_demo_example_10:/home/orin/ros2_ws/install/ros2_control_demo_example_1:/home/orin/ros2_ws/install/ros2_control_demo_description:/home/orin/ros2_ws/install/my_bot_imu:/home/orin/ros2_ws/install/my_bot_description:/home/orin/ros2_ws/install/wheel_encoder_odometry:/home/orin/ros2_ws/install/ros2_control_demo_testing:/home/orin/ros2_ws/install/launch_testing_examples:/home/orin/ros2_ws/install/hcsr04_sensor:/home/orin/ros2_ws/install/examples_rclpy_pointcloud_publisher:/home/orin/ros2_ws/install/examples_rclpy_minimal_subscriber:/home/orin/ros2_ws/install/examples_rclpy_minimal_service:/home/orin/ros2_ws/install/examples_rclpy_minimal_publisher:/home/orin/ros2_ws/install/examples_rclpy_minimal_client:/home/orin/ros2_ws/install/examples_rclpy_minimal_action_server:/home/orin/ros2_ws/install/examples_rclpy_minimal_action_client:/home/orin/ros2_ws/install/examples_rclpy_guard_conditions:/home/orin/ros2_ws/install/examples_rclpy_executors:/home/orin/ros2_ws/install/encoder_ultrasonic_package:/home/orin/ros2_ws/install/arduino_odometry:/opt/ros/humble:/home/orin/ros2_ws/install/mobile_robot_description:/home/orin/ros2_ws/install/image_geometry:/home/orin/ros2_ws/install/gazebo_dev:/home/orin/ros2_ws/install/examples_rclcpp_multithreaded_executor:/home/orin/ros2_ws/install/examples_rclcpp_minimal_timer:/home/orin/ros2_ws/install/examples_rclcpp_minimal_service:/home/orin/ros2_ws/install/examples_rclcpp_minimal_publisher:/home/orin/ros2_ws/install/examples_rclcpp_minimal_composition:/home/orin/ros2_ws/install/examples_rclcpp_minimal_client:/home/orin/ros2_ws/install/examples_rclcpp_minimal_action_server:/home/orin/ros2_ws/install/examples_rclcpp_minimal_action_client:/home/orin/ros2_ws/install/examples_rclcpp_cbg_executor:/home/orin/ros2_ws/install/examples_rclcpp_async_client:/home/orin/ros2_ws/install/depthai-ros:/home/orin/ros2_ws/install/cv_bridge:/home/orin/ros2_ws/install/articubot_one:/home/orin/ros2_ws/install/arduino_serial_comm GAZEBO_MODEL_PATH=/home/orin/ros2_ws/install/depthai_descriptions:${GAZEBO_MODEL_PATH} GAZEBO_RESOURCE_PATH=/home/orin/ros2_ws/install/depthai_descriptions:${GAZEBO_RESOURCE_PATH} IGN_GAZEBO_MODEL_PATH=/home/orin/ros2_ws/install/depthai_descriptions:${IGN_GAZEBO_MODEL_PATH} IGN_GAZEBO_RESOURCE_PATH=/home/orin/ros2_ws/install/depthai_descriptions:${IGN_GAZEBO_RESOURCE_PATH} LD_LIBRARY_PATH=/home/orin/ros2_ws/install/depthai_bridge/lib:/home/orin/ros2_ws/install/depthai_ros_msgs/lib:/home/orin/ros2_ws/install/ros2_control_demo_example_9/lib:/home/orin/ros2_ws/install/ros2_control_demo_example_8/lib:/home/orin/ros2_ws/install/ros2_control_demo_example_7/lib:/home/orin/ros2_ws/install/ros2_control_demo_example_6/lib:/home/orin/ros2_ws/install/ros2_control_demo_example_5/lib:/home/orin/ros2_ws/install/ros2_control_demo_example_4/lib:/home/orin/ros2_ws/install/ros2_control_demo_example_3/lib:/home/orin/ros2_ws/install/ros2_control_demo_example_2/lib:/home/orin/ros2_ws/install/ros2_control_demo_example_14/lib:/home/orin/ros2_ws/install/ros2_control_demo_example_12/lib:/home/orin/ros2_ws/install/ros2_control_demo_example_11/lib:/home/orin/ros2_ws/install/ros2_control_demo_example_10/lib:/home/orin/ros2_ws/install/ros2_control_demo_example_1/lib:/home/orin/ros2_ws/install/image_geometry/lib:/home/orin/ros2_ws/install/examples_rclcpp_minimal_composition/lib:/home/orin/ros2_ws/install/cv_bridge/lib:/opt/ros/humble/opt/rviz_ogre_vendor/lib:/opt/ros/humble/lib/aarch64-linux-gnu:/opt/ros/humble/lib /usr/bin/cmake --install /home/orin/ros2_ws/build/depthai_ros_driver
