[12.664s] Invoking command in '/home/orin/ros2_ws/build/examples_rclpy_minimal_action_client': PYTHONPATH=/home/orin/ros2_ws/build/examples_rclpy_minimal_action_client/prefix_override:/usr/lib/python3/dist-packages/colcon_core/task/python/colcon_distutils_commands:/home/orin/ros2_ws/install/examples_rclpy_minimal_action_client/lib/python3.10/site-packages:${PYTHONPATH} /usr/bin/python3 -W ignore:setup.py install is deprecated setup.py develop --editable --build-directory /home/orin/ros2_ws/build/examples_rclpy_minimal_action_client/build --no-deps symlink_data
[15.157s] /home/orin/.local/lib/python3.10/site-packages/setuptools/_distutils/dist.py:261: UserWarning: Unknown distribution option: 'tests_require'
[15.172s]   warnings.warn(msg)
[18.465s] /home/orin/.local/lib/python3.10/site-packages/setuptools/command/develop.py:41: EasyInstallDeprecationWarning: easy_install command is deprecated.
[18.465s] !!
[18.466s] 
[18.466s]         ********************************************************************************
[18.466s]         Please avoid running ``setup.py`` and ``easy_install``.
[18.466s]         Instead, use pypa/build, pypa/installer or other
[18.466s]         standards-based tools.
[18.466s] 
[18.479s]         See https://github.com/pypa/setuptools/issues/917 for details.
[18.490s]         ********************************************************************************
[18.490s] 
[18.491s] !!
[18.491s]   easy_install.initialize_options(self)
[18.500s] running develop
[21.276s] running egg_info
[21.520s] writing examples_rclpy_minimal_action_client.egg-info/PKG-INFO
[21.538s] writing dependency_links to examples_rclpy_minimal_action_client.egg-info/dependency_links.txt
[21.576s] writing entry points to examples_rclpy_minimal_action_client.egg-info/entry_points.txt
[21.576s] writing requirements to examples_rclpy_minimal_action_client.egg-info/requires.txt
[21.576s] writing top-level names to examples_rclpy_minimal_action_client.egg-info/top_level.txt
[21.807s] reading manifest file 'examples_rclpy_minimal_action_client.egg-info/SOURCES.txt'
[21.820s] writing manifest file 'examples_rclpy_minimal_action_client.egg-info/SOURCES.txt'
[21.931s] running build_ext
[21.933s] Creating /home/orin/ros2_ws/install/examples_rclpy_minimal_action_client/lib/python3.10/site-packages/examples-rclpy-minimal-action-client.egg-link (link to .)
[21.939s] Installing client script to /home/orin/ros2_ws/install/examples_rclpy_minimal_action_client/lib/examples_rclpy_minimal_action_client
[21.954s] Installing client_asyncio script to /home/orin/ros2_ws/install/examples_rclpy_minimal_action_client/lib/examples_rclpy_minimal_action_client
[21.963s] Installing client_cancel script to /home/orin/ros2_ws/install/examples_rclpy_minimal_action_client/lib/examples_rclpy_minimal_action_client
[21.963s] Installing client_not_composable script to /home/orin/ros2_ws/install/examples_rclpy_minimal_action_client/lib/examples_rclpy_minimal_action_client
[21.963s] 
[21.963s] Installed /home/orin/ros2_ws/build/examples_rclpy_minimal_action_client
[21.963s] running symlink_data
[22.223s] Invoked command in '/home/orin/ros2_ws/build/examples_rclpy_minimal_action_client' returned '0': PYTHONPATH=/home/orin/ros2_ws/build/examples_rclpy_minimal_action_client/prefix_override:/usr/lib/python3/dist-packages/colcon_core/task/python/colcon_distutils_commands:/home/orin/ros2_ws/install/examples_rclpy_minimal_action_client/lib/python3.10/site-packages:${PYTHONPATH} /usr/bin/python3 -W ignore:setup.py install is deprecated setup.py develop --editable --build-directory /home/orin/ros2_ws/build/examples_rclpy_minimal_action_client/build --no-deps symlink_data
