[4.604s] Invoking command in '/home/orin/ros2_ws/src/examples/rclpy/actions/minimal_action_server': PYTHONPATH=/home/orin/ros2_ws/build/examples_rclpy_minimal_action_server/prefix_override:/usr/lib/python3/dist-packages/colcon_core/task/python/colcon_distutils_commands:/home/orin/ros2_ws/install/examples_rclpy_minimal_action_server/lib/python3.10/site-packages:${PYTHONPATH} /usr/bin/python3 -W ignore:setup.py install is deprecated setup.py egg_info --egg-base ../../../../../build/examples_rclpy_minimal_action_server build --build-base /home/orin/ros2_ws/build/examples_rclpy_minimal_action_server/build install --record /home/orin/ros2_ws/build/examples_rclpy_minimal_action_server/install.log --single-version-externally-managed install_data
[5.641s] /home/orin/.local/lib/python3.10/site-packages/setuptools/_distutils/dist.py:261: UserWarning: Unknown distribution option: 'tests_require'
[5.641s]   warnings.warn(msg)
[6.317s] running egg_info
[6.458s] writing ../../../../../build/examples_rclpy_minimal_action_server/examples_rclpy_minimal_action_server.egg-info/PKG-INFO
[6.518s] writing dependency_links to ../../../../../build/examples_rclpy_minimal_action_server/examples_rclpy_minimal_action_server.egg-info/dependency_links.txt
[6.520s] writing entry points to ../../../../../build/examples_rclpy_minimal_action_server/examples_rclpy_minimal_action_server.egg-info/entry_points.txt
[6.522s] writing requirements to ../../../../../build/examples_rclpy_minimal_action_server/examples_rclpy_minimal_action_server.egg-info/requires.txt
[6.543s] writing top-level names to ../../../../../build/examples_rclpy_minimal_action_server/examples_rclpy_minimal_action_server.egg-info/top_level.txt
[6.715s] reading manifest file '../../../../../build/examples_rclpy_minimal_action_server/examples_rclpy_minimal_action_server.egg-info/SOURCES.txt'
[6.722s] writing manifest file '../../../../../build/examples_rclpy_minimal_action_server/examples_rclpy_minimal_action_server.egg-info/SOURCES.txt'
[6.731s] running build
[6.732s] running build_py
[6.732s] copying examples_rclpy_minimal_action_server/server_queue_goals.py -> /home/orin/ros2_ws/build/examples_rclpy_minimal_action_server/build/lib/examples_rclpy_minimal_action_server
[6.733s] copying examples_rclpy_minimal_action_server/__init__.py -> /home/orin/ros2_ws/build/examples_rclpy_minimal_action_server/build/lib/examples_rclpy_minimal_action_server
[6.734s] copying examples_rclpy_minimal_action_server/server_defer.py -> /home/orin/ros2_ws/build/examples_rclpy_minimal_action_server/build/lib/examples_rclpy_minimal_action_server
[6.739s] copying examples_rclpy_minimal_action_server/server_single_goal.py -> /home/orin/ros2_ws/build/examples_rclpy_minimal_action_server/build/lib/examples_rclpy_minimal_action_server
[6.744s] copying examples_rclpy_minimal_action_server/server.py -> /home/orin/ros2_ws/build/examples_rclpy_minimal_action_server/build/lib/examples_rclpy_minimal_action_server
[6.745s] copying examples_rclpy_minimal_action_server/server_not_composable.py -> /home/orin/ros2_ws/build/examples_rclpy_minimal_action_server/build/lib/examples_rclpy_minimal_action_server
[6.745s] running install
[6.804s] running install_lib
[6.966s] running install_data
[6.974s] copying resource/examples_rclpy_minimal_action_server -> /home/orin/ros2_ws/install/examples_rclpy_minimal_action_server/share/ament_index/resource_index/packages
[6.978s] copying package.xml -> /home/orin/ros2_ws/install/examples_rclpy_minimal_action_server/share/examples_rclpy_minimal_action_server
[6.982s] running install_egg_info
[7.054s] removing '/home/orin/ros2_ws/install/examples_rclpy_minimal_action_server/lib/python3.10/site-packages/examples_rclpy_minimal_action_server-0.15.2-py3.10.egg-info' (and everything under it)
[7.054s] Copying ../../../../../build/examples_rclpy_minimal_action_server/examples_rclpy_minimal_action_server.egg-info to /home/orin/ros2_ws/install/examples_rclpy_minimal_action_server/lib/python3.10/site-packages/examples_rclpy_minimal_action_server-0.15.2-py3.10.egg-info
[7.057s] running install_scripts
[7.662s] Installing server script to /home/orin/ros2_ws/install/examples_rclpy_minimal_action_server/lib/examples_rclpy_minimal_action_server
[7.664s] Installing server_defer script to /home/orin/ros2_ws/install/examples_rclpy_minimal_action_server/lib/examples_rclpy_minimal_action_server
[7.667s] Installing server_not_composable script to /home/orin/ros2_ws/install/examples_rclpy_minimal_action_server/lib/examples_rclpy_minimal_action_server
[7.669s] Installing server_queue_goals script to /home/orin/ros2_ws/install/examples_rclpy_minimal_action_server/lib/examples_rclpy_minimal_action_server
[7.671s] Installing server_single_goal script to /home/orin/ros2_ws/install/examples_rclpy_minimal_action_server/lib/examples_rclpy_minimal_action_server
[7.675s] writing list of installed files to '/home/orin/ros2_ws/build/examples_rclpy_minimal_action_server/install.log'
[7.806s] Invoked command in '/home/orin/ros2_ws/src/examples/rclpy/actions/minimal_action_server' returned '0': PYTHONPATH=/home/orin/ros2_ws/build/examples_rclpy_minimal_action_server/prefix_override:/usr/lib/python3/dist-packages/colcon_core/task/python/colcon_distutils_commands:/home/orin/ros2_ws/install/examples_rclpy_minimal_action_server/lib/python3.10/site-packages:${PYTHONPATH} /usr/bin/python3 -W ignore:setup.py install is deprecated setup.py egg_info --egg-base ../../../../../build/examples_rclpy_minimal_action_server build --build-base /home/orin/ros2_ws/build/examples_rclpy_minimal_action_server/build install --record /home/orin/ros2_ws/build/examples_rclpy_minimal_action_server/install.log --single-version-externally-managed install_data
