[3.496s] Invoking command in '/home/orin/ros2_ws/build/arduino_odometry': PYTHONPATH=/home/orin/ros2_ws/build/arduino_odometry/prefix_override:/usr/lib/python3/dist-packages/colcon_core/task/python/colcon_distutils_commands:/home/orin/ros2_ws/install/arduino_odometry/lib/python3.10/site-packages:${PYTHONPATH} /usr/bin/python3 -W ignore:setup.py install is deprecated -W ignore:easy_install command is deprecated setup.py develop --uninstall --editable --build-directory /home/orin/ros2_ws/build/arduino_odometry/build
[4.368s] running develop
[5.060s] Removing /home/orin/ros2_ws/install/arduino_odometry/lib/python3.10/site-packages/arduino-odometry.egg-link (link to .)
[5.168s] Invoked command in '/home/orin/ros2_ws/build/arduino_odometry' returned '0': PYTHONPATH=/home/orin/ros2_ws/build/arduino_odometry/prefix_override:/usr/lib/python3/dist-packages/colcon_core/task/python/colcon_distutils_commands:/home/orin/ros2_ws/install/arduino_odometry/lib/python3.10/site-packages:${PYTHONPATH} /usr/bin/python3 -W ignore:setup.py install is deprecated -W ignore:easy_install command is deprecated setup.py develop --uninstall --editable --build-directory /home/orin/ros2_ws/build/arduino_odometry/build
[5.171s] Invoking command in '/home/orin/ros2_ws/src/arduino_odometry': PYTHONPATH=/home/orin/ros2_ws/build/arduino_odometry/prefix_override:/usr/lib/python3/dist-packages/colcon_core/task/python/colcon_distutils_commands:/home/orin/ros2_ws/install/arduino_odometry/lib/python3.10/site-packages:${PYTHONPATH} /usr/bin/python3 -W ignore:setup.py install is deprecated -W ignore:easy_install command is deprecated setup.py egg_info --egg-base ../../build/arduino_odometry build --build-base /home/orin/ros2_ws/build/arduino_odometry/build install --record /home/orin/ros2_ws/build/arduino_odometry/install.log --single-version-externally-managed install_data --force
[5.850s] running egg_info
[5.901s] writing ../../build/arduino_odometry/arduino_odometry.egg-info/PKG-INFO
[5.902s] writing dependency_links to ../../build/arduino_odometry/arduino_odometry.egg-info/dependency_links.txt
[5.903s] writing entry points to ../../build/arduino_odometry/arduino_odometry.egg-info/entry_points.txt
[5.903s] writing requirements to ../../build/arduino_odometry/arduino_odometry.egg-info/requires.txt
[5.904s] writing top-level names to ../../build/arduino_odometry/arduino_odometry.egg-info/top_level.txt
[6.017s] reading manifest file '../../build/arduino_odometry/arduino_odometry.egg-info/SOURCES.txt'
[6.021s] writing manifest file '../../build/arduino_odometry/arduino_odometry.egg-info/SOURCES.txt'
[6.021s] running build
[6.022s] running build_py
[6.022s] copying arduino_odometry/__init__.py -> /home/orin/ros2_ws/build/arduino_odometry/build/lib/arduino_odometry
[6.027s] copying arduino_odometry/arduino_odometry_node.py -> /home/orin/ros2_ws/build/arduino_odometry/build/lib/arduino_odometry
[6.028s] running install
[6.038s] running install_lib
[6.091s] creating /home/orin/ros2_ws/install/arduino_odometry/lib/python3.10/site-packages/arduino_odometry
[6.092s] copying /home/orin/ros2_ws/build/arduino_odometry/build/lib/arduino_odometry/__init__.py -> /home/orin/ros2_ws/install/arduino_odometry/lib/python3.10/site-packages/arduino_odometry
[6.093s] copying /home/orin/ros2_ws/build/arduino_odometry/build/lib/arduino_odometry/arduino_odometry_node.py -> /home/orin/ros2_ws/install/arduino_odometry/lib/python3.10/site-packages/arduino_odometry
[6.094s] byte-compiling /home/orin/ros2_ws/install/arduino_odometry/lib/python3.10/site-packages/arduino_odometry/__init__.py to __init__.cpython-310.pyc
[6.094s] byte-compiling /home/orin/ros2_ws/install/arduino_odometry/lib/python3.10/site-packages/arduino_odometry/arduino_odometry_node.py to arduino_odometry_node.cpython-310.pyc
[6.098s] running install_data
[6.098s] copying resource/arduino_odometry -> /home/orin/ros2_ws/install/arduino_odometry/share/ament_index/resource_index/packages
[6.102s] copying package.xml -> /home/orin/ros2_ws/install/arduino_odometry/share/arduino_odometry
[6.104s] running install_egg_info
[6.162s] Copying ../../build/arduino_odometry/arduino_odometry.egg-info to /home/orin/ros2_ws/install/arduino_odometry/lib/python3.10/site-packages/arduino_odometry-0.0.0-py3.10.egg-info
[6.169s] running install_scripts
[6.593s] Installing arduino_odometry_node script to /home/orin/ros2_ws/install/arduino_odometry/lib/arduino_odometry
[6.593s] writing list of installed files to '/home/orin/ros2_ws/build/arduino_odometry/install.log'
[6.673s] Invoked command in '/home/orin/ros2_ws/src/arduino_odometry' returned '0': PYTHONPATH=/home/orin/ros2_ws/build/arduino_odometry/prefix_override:/usr/lib/python3/dist-packages/colcon_core/task/python/colcon_distutils_commands:/home/orin/ros2_ws/install/arduino_odometry/lib/python3.10/site-packages:${PYTHONPATH} /usr/bin/python3 -W ignore:setup.py install is deprecated -W ignore:easy_install command is deprecated setup.py egg_info --egg-base ../../build/arduino_odometry build --build-base /home/orin/ros2_ws/build/arduino_odometry/build install --record /home/orin/ros2_ws/build/arduino_odometry/install.log --single-version-externally-managed install_data --force
