[2.892s] Invoking command in '/home/orin/ros2_ws/build/examples_rclpy_executors': PYTHONPATH=/home/orin/ros2_ws/build/examples_rclpy_executors/prefix_override:/usr/lib/python3/dist-packages/colcon_core/task/python/colcon_distutils_commands:/home/orin/ros2_ws/install/examples_rclpy_executors/lib/python3.10/site-packages:${PYTHONPATH} /usr/bin/python3 -W ignore:setup.py install is deprecated -W ignore:easy_install command is deprecated setup.py develop --editable --build-directory /home/orin/ros2_ws/build/examples_rclpy_executors/build --no-deps symlink_data
[3.914s] /home/orin/.local/lib/python3.10/site-packages/setuptools/_distutils/dist.py:261: UserWarning: Unknown distribution option: 'tests_require'
[3.914s]   warnings.warn(msg)
[4.112s] running develop
[5.083s] running egg_info
[5.169s] writing examples_rclpy_executors.egg-info/PKG-INFO
[5.169s] writing dependency_links to examples_rclpy_executors.egg-info/dependency_links.txt
[5.169s] writing entry points to examples_rclpy_executors.egg-info/entry_points.txt
[5.169s] writing requirements to examples_rclpy_executors.egg-info/requires.txt
[5.169s] writing top-level names to examples_rclpy_executors.egg-info/top_level.txt
[5.356s] reading manifest file 'examples_rclpy_executors.egg-info/SOURCES.txt'
[5.364s] writing manifest file 'examples_rclpy_executors.egg-info/SOURCES.txt'
[5.452s] running build_ext
[5.452s] Creating /home/orin/ros2_ws/install/examples_rclpy_executors/lib/python3.10/site-packages/examples-rclpy-executors.egg-link (link to .)
[5.452s] Installing callback_group script to /home/orin/ros2_ws/install/examples_rclpy_executors/lib/examples_rclpy_executors
[5.453s] Installing composed script to /home/orin/ros2_ws/install/examples_rclpy_executors/lib/examples_rclpy_executors
[5.456s] Installing custom_callback_group script to /home/orin/ros2_ws/install/examples_rclpy_executors/lib/examples_rclpy_executors
[5.456s] Installing custom_executor script to /home/orin/ros2_ws/install/examples_rclpy_executors/lib/examples_rclpy_executors
[5.456s] Installing listener script to /home/orin/ros2_ws/install/examples_rclpy_executors/lib/examples_rclpy_executors
[5.457s] Installing talker script to /home/orin/ros2_ws/install/examples_rclpy_executors/lib/examples_rclpy_executors
[5.459s] 
[5.460s] Installed /home/orin/ros2_ws/build/examples_rclpy_executors
[5.460s] running symlink_data
[5.665s] Invoked command in '/home/orin/ros2_ws/build/examples_rclpy_executors' returned '0': PYTHONPATH=/home/orin/ros2_ws/build/examples_rclpy_executors/prefix_override:/usr/lib/python3/dist-packages/colcon_core/task/python/colcon_distutils_commands:/home/orin/ros2_ws/install/examples_rclpy_executors/lib/python3.10/site-packages:${PYTHONPATH} /usr/bin/python3 -W ignore:setup.py install is deprecated -W ignore:easy_install command is deprecated setup.py develop --editable --build-directory /home/orin/ros2_ws/build/examples_rclpy_executors/build --no-deps symlink_data
