[3.796s] Invoking command in '/home/orin/ros2_ws/build/examples_rclpy_minimal_client': PYTHONPATH=/home/orin/ros2_ws/build/examples_rclpy_minimal_client/prefix_override:/usr/lib/python3/dist-packages/colcon_core/task/python/colcon_distutils_commands:/home/orin/ros2_ws/install/examples_rclpy_minimal_client/lib/python3.10/site-packages:${PYTHONPATH} /usr/bin/python3 -W ignore:setup.py install is deprecated -W ignore:easy_install command is deprecated setup.py develop --editable --build-directory /home/orin/ros2_ws/build/examples_rclpy_minimal_client/build --no-deps symlink_data
[4.303s] /home/orin/.local/lib/python3.10/site-packages/setuptools/_distutils/dist.py:261: UserWarning: Unknown distribution option: 'tests_require'
[4.303s]   warnings.warn(msg)
[5.093s] running develop
[6.142s] running egg_info
[6.216s] writing examples_rclpy_minimal_client.egg-info/PKG-INFO
[6.220s] writing dependency_links to examples_rclpy_minimal_client.egg-info/dependency_links.txt
[6.224s] writing entry points to examples_rclpy_minimal_client.egg-info/entry_points.txt
[6.228s] writing requirements to examples_rclpy_minimal_client.egg-info/requires.txt
[6.230s] writing top-level names to examples_rclpy_minimal_client.egg-info/top_level.txt
[6.402s] reading manifest file 'examples_rclpy_minimal_client.egg-info/SOURCES.txt'
[6.412s] writing manifest file 'examples_rclpy_minimal_client.egg-info/SOURCES.txt'
[6.499s] running build_ext
[6.502s] Creating /home/orin/ros2_ws/install/examples_rclpy_minimal_client/lib/python3.10/site-packages/examples-rclpy-minimal-client.egg-link (link to .)
[6.507s] Installing client script to /home/orin/ros2_ws/install/examples_rclpy_minimal_client/lib/examples_rclpy_minimal_client
[6.516s] Installing client_async script to /home/orin/ros2_ws/install/examples_rclpy_minimal_client/lib/examples_rclpy_minimal_client
[6.516s] Installing client_async_callback script to /home/orin/ros2_ws/install/examples_rclpy_minimal_client/lib/examples_rclpy_minimal_client
[6.516s] Installing client_async_member_function script to /home/orin/ros2_ws/install/examples_rclpy_minimal_client/lib/examples_rclpy_minimal_client
[6.516s] 
[6.516s] Installed /home/orin/ros2_ws/build/examples_rclpy_minimal_client
[6.517s] running symlink_data
[7.464s] Invoked command in '/home/orin/ros2_ws/build/examples_rclpy_minimal_client' returned '0': PYTHONPATH=/home/orin/ros2_ws/build/examples_rclpy_minimal_client/prefix_override:/usr/lib/python3/dist-packages/colcon_core/task/python/colcon_distutils_commands:/home/orin/ros2_ws/install/examples_rclpy_minimal_client/lib/python3.10/site-packages:${PYTHONPATH} /usr/bin/python3 -W ignore:setup.py install is deprecated -W ignore:easy_install command is deprecated setup.py develop --editable --build-directory /home/orin/ros2_ws/build/examples_rclpy_minimal_client/build --no-deps symlink_data
