[0.028s] Invoking command in '/home/orin/ros2_ws/build/custom_msgs': CMAKE_PREFIX_PATH=/opt/ros/humble /usr/bin/cmake /home/orin/ros2_ws/src/custom_msgs -DCMAKE_INSTALL_PREFIX=/home/orin/ros2_ws/install/custom_msgs
[0.048s] -- Found ament_cmake: 1.3.11 (/opt/ros/humble/share/ament_cmake/cmake)
[0.357s] -- Found std_msgs: 4.2.4 (/opt/ros/humble/share/std_msgs/cmake)
[0.409s] -- Found rosidl_generator_c: 3.1.6 (/opt/ros/humble/share/rosidl_generator_c/cmake)
[0.413s] -- Found rosidl_adapter: 3.1.6 (/opt/ros/humble/share/rosidl_adapter/cmake)
[0.425s] -- Found rosidl_generator_cpp: 3.1.6 (/opt/ros/humble/share/rosidl_generator_cpp/cmake)
[0.443s] -- Using all available rosidl_typesupport_c: rosidl_typesupport_fastrtps_c;rosidl_typesupport_introspection_c
[0.465s] -- Using all available rosidl_typesupport_cpp: rosidl_typesupport_fastrtps_cpp;rosidl_typesupport_introspection_cpp
[0.508s] -- Found rosidl_default_generators: 1.2.0 (/opt/ros/humble/share/rosidl_default_generators/cmake)
[1.146s] -- Found ament_cmake_ros: 0.10.0 (/opt/ros/humble/share/ament_cmake_ros/cmake)
[2.024s] -- Using all available rosidl_typesupport_c: rosidl_typesupport_fastrtps_c;rosidl_typesupport_introspection_c
[2.402s] -- Using all available rosidl_typesupport_cpp: rosidl_typesupport_fastrtps_cpp;rosidl_typesupport_introspection_cpp
[2.467s] -- Found python_cmake_module: 0.10.0 (/opt/ros/humble/share/python_cmake_module/cmake)
[2.526s] -- Using PYTHON_EXECUTABLE: /usr/bin/python3
[2.526s] -- Using PYTHON_INCLUDE_DIRS: /usr/include/python3.10
[2.526s] -- Using PYTHON_LIBRARIES: /usr/lib/aarch64-linux-gnu/libpython3.10.so
[2.592s] -- Found ament_lint_auto: 0.12.11 (/opt/ros/humble/share/ament_lint_auto/cmake)
[2.663s] -- Added test 'lint_cmake' to check CMake code style
[2.668s] -- Added test 'xmllint' to check XML markup files
[2.672s] -- Configuring done
[2.749s] -- Generating done
[2.775s] -- Build files have been written to: /home/orin/ros2_ws/build/custom_msgs
[2.798s] Invoked command in '/home/orin/ros2_ws/build/custom_msgs' returned '0': CMAKE_PREFIX_PATH=/opt/ros/humble /usr/bin/cmake /home/orin/ros2_ws/src/custom_msgs -DCMAKE_INSTALL_PREFIX=/home/orin/ros2_ws/install/custom_msgs
[2.803s] Invoking command in '/home/orin/ros2_ws/build/custom_msgs': CMAKE_PREFIX_PATH=/opt/ros/humble /usr/bin/cmake --build /home/orin/ros2_ws/build/custom_msgs -- -j6 -l6
[2.891s] [35m[1mConsolidate compiler generated dependencies of target custom_msgs__rosidl_generator_c[0m
[2.914s] [  9%] Built target custom_msgs__cpp
[2.914s] [ 12%] Built target custom_msgs__rosidl_generator_c
[2.937s] [ 12%] Built target ament_cmake_python_copy_custom_msgs
[2.938s] [35m[1mConsolidate compiler generated dependencies of target custom_msgs__rosidl_typesupport_introspection_cpp[0m
[2.938s] [35m[1mConsolidate compiler generated dependencies of target custom_msgs__rosidl_typesupport_c[0m
[2.941s] [35m[1mConsolidate compiler generated dependencies of target custom_msgs__rosidl_typesupport_introspection_c[0m
[2.944s] [35m[1mConsolidate compiler generated dependencies of target custom_msgs__rosidl_typesupport_fastrtps_c[0m
[2.961s] [35m[1mConsolidate compiler generated dependencies of target custom_msgs__rosidl_typesupport_cpp[0m
[2.965s] [35m[1mConsolidate compiler generated dependencies of target custom_msgs__rosidl_typesupport_fastrtps_cpp[0m
[2.993s] [ 22%] Built target custom_msgs__rosidl_typesupport_introspection_c
[2.995s] [ 41%] Built target custom_msgs__rosidl_typesupport_fastrtps_c
[2.995s] [ 41%] Built target custom_msgs__rosidl_typesupport_introspection_cpp
[2.995s] [ 51%] Built target custom_msgs__rosidl_typesupport_c
[3.011s] [ 61%] Built target custom_msgs__rosidl_typesupport_cpp
[3.013s] [ 70%] Built target custom_msgs__rosidl_typesupport_fastrtps_cpp
[3.062s] [ 70%] Built target custom_msgs
[3.106s] [ 74%] Built target custom_msgs__py
[3.127s] [35m[1mConsolidate compiler generated dependencies of target custom_msgs__rosidl_generator_py[0m
[3.157s] [ 80%] Built target custom_msgs__rosidl_generator_py
[3.177s] [35m[1mConsolidate compiler generated dependencies of target custom_msgs__rosidl_typesupport_fastrtps_c__pyext[0m
[3.178s] [35m[1mConsolidate compiler generated dependencies of target custom_msgs__rosidl_typesupport_introspection_c__pyext[0m
[3.178s] [35m[1mConsolidate compiler generated dependencies of target custom_msgs__rosidl_typesupport_c__pyext[0m
[3.206s] [100%] Built target custom_msgs__rosidl_typesupport_fastrtps_c__pyext
[3.206s] [100%] Built target custom_msgs__rosidl_typesupport_introspection_c__pyext
[3.206s] [100%] Built target custom_msgs__rosidl_typesupport_c__pyext
[3.567s] running egg_info
[3.622s] writing custom_msgs.egg-info/PKG-INFO
[3.623s] writing dependency_links to custom_msgs.egg-info/dependency_links.txt
[3.623s] writing top-level names to custom_msgs.egg-info/top_level.txt
[3.783s] reading manifest file 'custom_msgs.egg-info/SOURCES.txt'
[3.785s] writing manifest file 'custom_msgs.egg-info/SOURCES.txt'
[3.871s] [100%] Built target ament_cmake_python_build_custom_msgs_egg
[3.906s] Invoked command in '/home/orin/ros2_ws/build/custom_msgs' returned '0': CMAKE_PREFIX_PATH=/opt/ros/humble /usr/bin/cmake --build /home/orin/ros2_ws/build/custom_msgs -- -j6 -l6
[3.935s] Invoking command in '/home/orin/ros2_ws/build/custom_msgs': CMAKE_PREFIX_PATH=/opt/ros/humble /usr/bin/cmake --install /home/orin/ros2_ws/build/custom_msgs
[3.954s] -- Install configuration: ""
[3.955s] -- Up-to-date: /home/orin/ros2_ws/install/custom_msgs/share/ament_index/resource_index/rosidl_interfaces/custom_msgs
[3.955s] -- Up-to-date: /home/orin/ros2_ws/install/custom_msgs/include/custom_msgs/custom_msgs
[3.955s] -- Up-to-date: /home/orin/ros2_ws/install/custom_msgs/include/custom_msgs/custom_msgs/msg
[3.955s] -- Up-to-date: /home/orin/ros2_ws/install/custom_msgs/include/custom_msgs/custom_msgs/msg/rosidl_generator_c__visibility_control.h
[3.956s] -- Up-to-date: /home/orin/ros2_ws/install/custom_msgs/include/custom_msgs/custom_msgs/msg/detail
[3.956s] -- Up-to-date: /home/orin/ros2_ws/install/custom_msgs/include/custom_msgs/custom_msgs/msg/detail/motor_speeds__functions.c
[3.956s] -- Up-to-date: /home/orin/ros2_ws/install/custom_msgs/include/custom_msgs/custom_msgs/msg/detail/motor_speeds__type_support.h
[3.956s] -- Up-to-date: /home/orin/ros2_ws/install/custom_msgs/include/custom_msgs/custom_msgs/msg/detail/motor_speeds__struct.h
[3.956s] -- Up-to-date: /home/orin/ros2_ws/install/custom_msgs/include/custom_msgs/custom_msgs/msg/detail/motor_speeds__functions.h
[3.957s] -- Up-to-date: /home/orin/ros2_ws/install/custom_msgs/include/custom_msgs/custom_msgs/msg/motor_speeds.h
[3.957s] -- Up-to-date: /home/orin/ros2_ws/install/custom_msgs/share/custom_msgs/environment/library_path.sh
[3.957s] -- Installing: /home/orin/ros2_ws/install/custom_msgs/share/custom_msgs/environment/library_path.dsv
[3.957s] -- Up-to-date: /home/orin/ros2_ws/install/custom_msgs/lib/libcustom_msgs__rosidl_generator_c.so
[3.957s] -- Up-to-date: /home/orin/ros2_ws/install/custom_msgs/include/custom_msgs/custom_msgs
[3.958s] -- Up-to-date: /home/orin/ros2_ws/install/custom_msgs/include/custom_msgs/custom_msgs/msg
[3.958s] -- Up-to-date: /home/orin/ros2_ws/install/custom_msgs/include/custom_msgs/custom_msgs/msg/rosidl_typesupport_fastrtps_c__visibility_control.h
[3.958s] -- Up-to-date: /home/orin/ros2_ws/install/custom_msgs/include/custom_msgs/custom_msgs/msg/detail
[3.958s] -- Up-to-date: /home/orin/ros2_ws/install/custom_msgs/include/custom_msgs/custom_msgs/msg/detail/motor_speeds__rosidl_typesupport_fastrtps_c.h
[3.959s] -- Up-to-date: /home/orin/ros2_ws/install/custom_msgs/lib/libcustom_msgs__rosidl_typesupport_fastrtps_c.so
[3.959s] -- Up-to-date: /home/orin/ros2_ws/install/custom_msgs/include/custom_msgs/custom_msgs
[3.959s] -- Up-to-date: /home/orin/ros2_ws/install/custom_msgs/include/custom_msgs/custom_msgs/msg
[3.959s] -- Up-to-date: /home/orin/ros2_ws/install/custom_msgs/include/custom_msgs/custom_msgs/msg/motor_speeds.hpp
[3.960s] -- Up-to-date: /home/orin/ros2_ws/install/custom_msgs/include/custom_msgs/custom_msgs/msg/rosidl_generator_cpp__visibility_control.hpp
[3.960s] -- Up-to-date: /home/orin/ros2_ws/install/custom_msgs/include/custom_msgs/custom_msgs/msg/detail
[3.960s] -- Up-to-date: /home/orin/ros2_ws/install/custom_msgs/include/custom_msgs/custom_msgs/msg/detail/motor_speeds__builder.hpp
[3.960s] -- Up-to-date: /home/orin/ros2_ws/install/custom_msgs/include/custom_msgs/custom_msgs/msg/detail/motor_speeds__struct.hpp
[3.961s] -- Up-to-date: /home/orin/ros2_ws/install/custom_msgs/include/custom_msgs/custom_msgs/msg/detail/motor_speeds__type_support.hpp
[3.961s] -- Up-to-date: /home/orin/ros2_ws/install/custom_msgs/include/custom_msgs/custom_msgs/msg/detail/motor_speeds__traits.hpp
[3.961s] -- Up-to-date: /home/orin/ros2_ws/install/custom_msgs/include/custom_msgs/custom_msgs
[3.961s] -- Up-to-date: /home/orin/ros2_ws/install/custom_msgs/include/custom_msgs/custom_msgs/msg
[3.961s] -- Up-to-date: /home/orin/ros2_ws/install/custom_msgs/include/custom_msgs/custom_msgs/msg/rosidl_typesupport_fastrtps_cpp__visibility_control.h
[3.962s] -- Up-to-date: /home/orin/ros2_ws/install/custom_msgs/include/custom_msgs/custom_msgs/msg/detail
[3.962s] -- Up-to-date: /home/orin/ros2_ws/install/custom_msgs/include/custom_msgs/custom_msgs/msg/detail/dds_fastrtps
[3.962s] -- Up-to-date: /home/orin/ros2_ws/install/custom_msgs/include/custom_msgs/custom_msgs/msg/detail/motor_speeds__rosidl_typesupport_fastrtps_cpp.hpp
[3.962s] -- Up-to-date: /home/orin/ros2_ws/install/custom_msgs/lib/libcustom_msgs__rosidl_typesupport_fastrtps_cpp.so
[3.962s] -- Up-to-date: /home/orin/ros2_ws/install/custom_msgs/include/custom_msgs/custom_msgs
[3.962s] -- Up-to-date: /home/orin/ros2_ws/install/custom_msgs/include/custom_msgs/custom_msgs/msg
[3.963s] -- Up-to-date: /home/orin/ros2_ws/install/custom_msgs/include/custom_msgs/custom_msgs/msg/rosidl_typesupport_introspection_c__visibility_control.h
[3.963s] -- Up-to-date: /home/orin/ros2_ws/install/custom_msgs/include/custom_msgs/custom_msgs/msg/detail
[3.963s] -- Up-to-date: /home/orin/ros2_ws/install/custom_msgs/include/custom_msgs/custom_msgs/msg/detail/motor_speeds__type_support.c
[3.963s] -- Up-to-date: /home/orin/ros2_ws/install/custom_msgs/include/custom_msgs/custom_msgs/msg/detail/motor_speeds__rosidl_typesupport_introspection_c.h
[3.963s] -- Up-to-date: /home/orin/ros2_ws/install/custom_msgs/lib/libcustom_msgs__rosidl_typesupport_introspection_c.so
[3.963s] -- Up-to-date: /home/orin/ros2_ws/install/custom_msgs/lib/libcustom_msgs__rosidl_typesupport_c.so
[3.964s] -- Up-to-date: /home/orin/ros2_ws/install/custom_msgs/include/custom_msgs/custom_msgs
[3.964s] -- Up-to-date: /home/orin/ros2_ws/install/custom_msgs/include/custom_msgs/custom_msgs/msg
[3.964s] -- Up-to-date: /home/orin/ros2_ws/install/custom_msgs/include/custom_msgs/custom_msgs/msg/detail
[3.964s] -- Up-to-date: /home/orin/ros2_ws/install/custom_msgs/include/custom_msgs/custom_msgs/msg/detail/motor_speeds__rosidl_typesupport_introspection_cpp.hpp
[3.964s] -- Up-to-date: /home/orin/ros2_ws/install/custom_msgs/include/custom_msgs/custom_msgs/msg/detail/motor_speeds__type_support.cpp
[3.964s] -- Up-to-date: /home/orin/ros2_ws/install/custom_msgs/lib/libcustom_msgs__rosidl_typesupport_introspection_cpp.so
[3.965s] -- Up-to-date: /home/orin/ros2_ws/install/custom_msgs/lib/libcustom_msgs__rosidl_typesupport_cpp.so
[3.965s] -- Up-to-date: /home/orin/ros2_ws/install/custom_msgs/share/custom_msgs/environment/pythonpath.sh
[3.965s] -- Installing: /home/orin/ros2_ws/install/custom_msgs/share/custom_msgs/environment/pythonpath.dsv
[3.965s] -- Up-to-date: /home/orin/ros2_ws/install/custom_msgs/local/lib/python3.10/dist-packages/custom_msgs-0.0.0-py3.10.egg-info
[3.966s] -- Installing: /home/orin/ros2_ws/install/custom_msgs/local/lib/python3.10/dist-packages/custom_msgs-0.0.0-py3.10.egg-info/PKG-INFO
[3.966s] -- Installing: /home/orin/ros2_ws/install/custom_msgs/local/lib/python3.10/dist-packages/custom_msgs-0.0.0-py3.10.egg-info/top_level.txt
[3.966s] -- Installing: /home/orin/ros2_ws/install/custom_msgs/local/lib/python3.10/dist-packages/custom_msgs-0.0.0-py3.10.egg-info/SOURCES.txt
[3.966s] -- Installing: /home/orin/ros2_ws/install/custom_msgs/local/lib/python3.10/dist-packages/custom_msgs-0.0.0-py3.10.egg-info/dependency_links.txt
[3.966s] -- Up-to-date: /home/orin/ros2_ws/install/custom_msgs/local/lib/python3.10/dist-packages/custom_msgs
[3.966s] -- Installing: /home/orin/ros2_ws/install/custom_msgs/local/lib/python3.10/dist-packages/custom_msgs/__init__.py
[3.967s] -- Up-to-date: /home/orin/ros2_ws/install/custom_msgs/local/lib/python3.10/dist-packages/custom_msgs/custom_msgs_s__rosidl_typesupport_c.cpython-310-aarch64-linux-gnu.so
[3.967s] -- Up-to-date: /home/orin/ros2_ws/install/custom_msgs/local/lib/python3.10/dist-packages/custom_msgs/_custom_msgs_s.ep.rosidl_typesupport_introspection_c.c
[3.967s] -- Up-to-date: /home/orin/ros2_ws/install/custom_msgs/local/lib/python3.10/dist-packages/custom_msgs/_custom_msgs_s.ep.rosidl_typesupport_c.c
[3.967s] -- Up-to-date: /home/orin/ros2_ws/install/custom_msgs/local/lib/python3.10/dist-packages/custom_msgs/custom_msgs_s__rosidl_typesupport_fastrtps_c.cpython-310-aarch64-linux-gnu.so
[3.967s] -- Up-to-date: /home/orin/ros2_ws/install/custom_msgs/local/lib/python3.10/dist-packages/custom_msgs/libcustom_msgs__rosidl_generator_py.so
[3.967s] -- Up-to-date: /home/orin/ros2_ws/install/custom_msgs/local/lib/python3.10/dist-packages/custom_msgs/msg
[3.968s] -- Up-to-date: /home/orin/ros2_ws/install/custom_msgs/local/lib/python3.10/dist-packages/custom_msgs/msg/__init__.py
[3.968s] -- Up-to-date: /home/orin/ros2_ws/install/custom_msgs/local/lib/python3.10/dist-packages/custom_msgs/msg/_motor_speeds.py
[3.968s] -- Up-to-date: /home/orin/ros2_ws/install/custom_msgs/local/lib/python3.10/dist-packages/custom_msgs/msg/_motor_speeds_s.c
[3.968s] -- Up-to-date: /home/orin/ros2_ws/install/custom_msgs/local/lib/python3.10/dist-packages/custom_msgs/custom_msgs_s__rosidl_typesupport_introspection_c.cpython-310-aarch64-linux-gnu.so
[3.968s] -- Up-to-date: /home/orin/ros2_ws/install/custom_msgs/local/lib/python3.10/dist-packages/custom_msgs/_custom_msgs_s.ep.rosidl_typesupport_fastrtps_c.c
[4.045s] Listing '/home/orin/ros2_ws/install/custom_msgs/local/lib/python3.10/dist-packages/custom_msgs'...
[4.045s] Compiling '/home/orin/ros2_ws/install/custom_msgs/local/lib/python3.10/dist-packages/custom_msgs/__init__.py'...
[4.045s] Listing '/home/orin/ros2_ws/install/custom_msgs/local/lib/python3.10/dist-packages/custom_msgs/msg'...
[4.059s] -- Up-to-date: /home/orin/ros2_ws/install/custom_msgs/local/lib/python3.10/dist-packages/custom_msgs/custom_msgs_s__rosidl_typesupport_fastrtps_c.cpython-310-aarch64-linux-gnu.so
[4.059s] -- Up-to-date: /home/orin/ros2_ws/install/custom_msgs/local/lib/python3.10/dist-packages/custom_msgs/custom_msgs_s__rosidl_typesupport_introspection_c.cpython-310-aarch64-linux-gnu.so
[4.060s] -- Up-to-date: /home/orin/ros2_ws/install/custom_msgs/local/lib/python3.10/dist-packages/custom_msgs/custom_msgs_s__rosidl_typesupport_c.cpython-310-aarch64-linux-gnu.so
[4.060s] -- Up-to-date: /home/orin/ros2_ws/install/custom_msgs/lib/libcustom_msgs__rosidl_generator_py.so
[4.061s] -- Up-to-date: /home/orin/ros2_ws/install/custom_msgs/share/custom_msgs/msg/MotorSpeeds.idl
[4.061s] -- Up-to-date: /home/orin/ros2_ws/install/custom_msgs/share/custom_msgs/msg/MotorSpeeds.msg
[4.061s] -- Installing: /home/orin/ros2_ws/install/custom_msgs/share/ament_index/resource_index/package_run_dependencies/custom_msgs
[4.061s] -- Up-to-date: /home/orin/ros2_ws/install/custom_msgs/share/ament_index/resource_index/parent_prefix_path/custom_msgs
[4.061s] -- Up-to-date: /home/orin/ros2_ws/install/custom_msgs/share/custom_msgs/environment/ament_prefix_path.sh
[4.061s] -- Installing: /home/orin/ros2_ws/install/custom_msgs/share/custom_msgs/environment/ament_prefix_path.dsv
[4.062s] -- Up-to-date: /home/orin/ros2_ws/install/custom_msgs/share/custom_msgs/environment/path.sh
[4.062s] -- Installing: /home/orin/ros2_ws/install/custom_msgs/share/custom_msgs/environment/path.dsv
[4.062s] -- Up-to-date: /home/orin/ros2_ws/install/custom_msgs/share/custom_msgs/local_setup.bash
[4.062s] -- Up-to-date: /home/orin/ros2_ws/install/custom_msgs/share/custom_msgs/local_setup.sh
[4.062s] -- Up-to-date: /home/orin/ros2_ws/install/custom_msgs/share/custom_msgs/local_setup.zsh
[4.062s] -- Installing: /home/orin/ros2_ws/install/custom_msgs/share/custom_msgs/local_setup.dsv
[4.063s] -- Installing: /home/orin/ros2_ws/install/custom_msgs/share/custom_msgs/package.dsv
[4.063s] -- Up-to-date: /home/orin/ros2_ws/install/custom_msgs/share/ament_index/resource_index/packages/custom_msgs
[4.063s] -- Up-to-date: /home/orin/ros2_ws/install/custom_msgs/share/custom_msgs/cmake/export_custom_msgs__rosidl_generator_cExport.cmake
[4.063s] -- Up-to-date: /home/orin/ros2_ws/install/custom_msgs/share/custom_msgs/cmake/export_custom_msgs__rosidl_generator_cExport-noconfig.cmake
[4.064s] -- Up-to-date: /home/orin/ros2_ws/install/custom_msgs/share/custom_msgs/cmake/export_custom_msgs__rosidl_typesupport_fastrtps_cExport.cmake
[4.064s] -- Up-to-date: /home/orin/ros2_ws/install/custom_msgs/share/custom_msgs/cmake/export_custom_msgs__rosidl_typesupport_fastrtps_cExport-noconfig.cmake
[4.064s] -- Up-to-date: /home/orin/ros2_ws/install/custom_msgs/share/custom_msgs/cmake/export_custom_msgs__rosidl_generator_cppExport.cmake
[4.064s] -- Up-to-date: /home/orin/ros2_ws/install/custom_msgs/share/custom_msgs/cmake/export_custom_msgs__rosidl_typesupport_fastrtps_cppExport.cmake
[4.064s] -- Up-to-date: /home/orin/ros2_ws/install/custom_msgs/share/custom_msgs/cmake/export_custom_msgs__rosidl_typesupport_fastrtps_cppExport-noconfig.cmake
[4.064s] -- Up-to-date: /home/orin/ros2_ws/install/custom_msgs/share/custom_msgs/cmake/custom_msgs__rosidl_typesupport_introspection_cExport.cmake
[4.065s] -- Up-to-date: /home/orin/ros2_ws/install/custom_msgs/share/custom_msgs/cmake/custom_msgs__rosidl_typesupport_introspection_cExport-noconfig.cmake
[4.065s] -- Up-to-date: /home/orin/ros2_ws/install/custom_msgs/share/custom_msgs/cmake/custom_msgs__rosidl_typesupport_cExport.cmake
[4.065s] -- Up-to-date: /home/orin/ros2_ws/install/custom_msgs/share/custom_msgs/cmake/custom_msgs__rosidl_typesupport_cExport-noconfig.cmake
[4.065s] -- Up-to-date: /home/orin/ros2_ws/install/custom_msgs/share/custom_msgs/cmake/custom_msgs__rosidl_typesupport_introspection_cppExport.cmake
[4.065s] -- Up-to-date: /home/orin/ros2_ws/install/custom_msgs/share/custom_msgs/cmake/custom_msgs__rosidl_typesupport_introspection_cppExport-noconfig.cmake
[4.065s] -- Up-to-date: /home/orin/ros2_ws/install/custom_msgs/share/custom_msgs/cmake/custom_msgs__rosidl_typesupport_cppExport.cmake
[4.066s] -- Up-to-date: /home/orin/ros2_ws/install/custom_msgs/share/custom_msgs/cmake/custom_msgs__rosidl_typesupport_cppExport-noconfig.cmake
[4.066s] -- Up-to-date: /home/orin/ros2_ws/install/custom_msgs/share/custom_msgs/cmake/export_custom_msgs__rosidl_generator_pyExport.cmake
[4.066s] -- Up-to-date: /home/orin/ros2_ws/install/custom_msgs/share/custom_msgs/cmake/export_custom_msgs__rosidl_generator_pyExport-noconfig.cmake
[4.066s] -- Up-to-date: /home/orin/ros2_ws/install/custom_msgs/share/custom_msgs/cmake/rosidl_cmake-extras.cmake
[4.067s] -- Up-to-date: /home/orin/ros2_ws/install/custom_msgs/share/custom_msgs/cmake/ament_cmake_export_dependencies-extras.cmake
[4.067s] -- Up-to-date: /home/orin/ros2_ws/install/custom_msgs/share/custom_msgs/cmake/ament_cmake_export_include_directories-extras.cmake
[4.067s] -- Up-to-date: /home/orin/ros2_ws/install/custom_msgs/share/custom_msgs/cmake/ament_cmake_export_libraries-extras.cmake
[4.067s] -- Up-to-date: /home/orin/ros2_ws/install/custom_msgs/share/custom_msgs/cmake/ament_cmake_export_targets-extras.cmake
[4.067s] -- Up-to-date: /home/orin/ros2_ws/install/custom_msgs/share/custom_msgs/cmake/rosidl_cmake_export_typesupport_targets-extras.cmake
[4.068s] -- Up-to-date: /home/orin/ros2_ws/install/custom_msgs/share/custom_msgs/cmake/rosidl_cmake_export_typesupport_libraries-extras.cmake
[4.068s] -- Up-to-date: /home/orin/ros2_ws/install/custom_msgs/share/custom_msgs/cmake/custom_msgsConfig.cmake
[4.068s] -- Up-to-date: /home/orin/ros2_ws/install/custom_msgs/share/custom_msgs/cmake/custom_msgsConfig-version.cmake
[4.068s] -- Installing: /home/orin/ros2_ws/install/custom_msgs/share/custom_msgs/package.xml
[4.076s] Invoked command in '/home/orin/ros2_ws/build/custom_msgs' returned '0': CMAKE_PREFIX_PATH=/opt/ros/humble /usr/bin/cmake --install /home/orin/ros2_ws/build/custom_msgs
