[2.074s] Invoking command in '/home/orin/ros2_ws/src/encoder_odom': PYTHONPATH=/home/orin/ros2_ws/build/encoder_odom/prefix_override:/usr/lib/python3/dist-packages/colcon_core/task/python/colcon_distutils_commands:/home/orin/ros2_ws/install/encoder_odom/lib/python3.10/site-packages:${PYTHONPATH} /usr/bin/python3 -W ignore:setup.py install is deprecated -W ignore:easy_install command is deprecated setup.py egg_info --egg-base ../../build/encoder_odom build --build-base /home/orin/ros2_ws/build/encoder_odom/build install --record /home/orin/ros2_ws/build/encoder_odom/install.log --single-version-externally-managed install_data
[2.752s] running egg_info
[2.804s] writing ../../build/encoder_odom/encoder_odom.egg-info/PKG-INFO
[2.805s] writing dependency_links to ../../build/encoder_odom/encoder_odom.egg-info/dependency_links.txt
[2.806s] writing entry points to ../../build/encoder_odom/encoder_odom.egg-info/entry_points.txt
[2.806s] writing requirements to ../../build/encoder_odom/encoder_odom.egg-info/requires.txt
[2.807s] writing top-level names to ../../build/encoder_odom/encoder_odom.egg-info/top_level.txt
[2.914s] reading manifest file '../../build/encoder_odom/encoder_odom.egg-info/SOURCES.txt'
[2.916s] adding license file 'LICENSE'
[2.918s] writing manifest file '../../build/encoder_odom/encoder_odom.egg-info/SOURCES.txt'
[2.919s] running build
[2.919s] running build_py
[2.920s] copying encoder_odom/__init__.py -> /home/orin/ros2_ws/build/encoder_odom/build/lib/encoder_odom
[2.920s] copying encoder_odom/encoder_odom.py -> /home/orin/ros2_ws/build/encoder_odom/build/lib/encoder_odom
[2.921s] running install
[2.931s] running install_lib
[2.984s] copying /home/orin/ros2_ws/build/encoder_odom/build/lib/encoder_odom/encoder_odom.py -> /home/orin/ros2_ws/install/encoder_odom/lib/python3.10/site-packages/encoder_odom
[2.985s] byte-compiling /home/orin/ros2_ws/install/encoder_odom/lib/python3.10/site-packages/encoder_odom/encoder_odom.py to encoder_odom.cpython-310.pyc
[2.988s] running install_data
[2.989s] copying resource/encoder_odom -> /home/orin/ros2_ws/install/encoder_odom/share/ament_index/resource_index/packages
[2.990s] copying package.xml -> /home/orin/ros2_ws/install/encoder_odom/share/encoder_odom
[2.990s] running install_egg_info
[3.046s] removing '/home/orin/ros2_ws/install/encoder_odom/lib/python3.10/site-packages/encoder_odom-0.0.0-py3.10.egg-info' (and everything under it)
[3.046s] Copying ../../build/encoder_odom/encoder_odom.egg-info to /home/orin/ros2_ws/install/encoder_odom/lib/python3.10/site-packages/encoder_odom-0.0.0-py3.10.egg-info
[3.051s] running install_scripts
[3.480s] Installing encoder_odom script to /home/orin/ros2_ws/install/encoder_odom/lib/encoder_odom
[3.481s] writing list of installed files to '/home/orin/ros2_ws/build/encoder_odom/install.log'
[3.558s] Invoked command in '/home/orin/ros2_ws/src/encoder_odom' returned '0': PYTHONPATH=/home/orin/ros2_ws/build/encoder_odom/prefix_override:/usr/lib/python3/dist-packages/colcon_core/task/python/colcon_distutils_commands:/home/orin/ros2_ws/install/encoder_odom/lib/python3.10/site-packages:${PYTHONPATH} /usr/bin/python3 -W ignore:setup.py install is deprecated -W ignore:easy_install command is deprecated setup.py egg_info --egg-base ../../build/encoder_odom build --build-base /home/orin/ros2_ws/build/encoder_odom/build install --record /home/orin/ros2_ws/build/encoder_odom/install.log --single-version-externally-managed install_data
