running develop
/home/orin/.local/lib/python3.10/site-packages/setuptools/command/develop.py:41: EasyInstallDeprecationWarning: easy_install command is deprecated.
!!

        ********************************************************************************
        Please avoid running ``setup.py`` and ``easy_install``.
        Instead, use pypa/build, pypa/installer or other
        standards-based tools.

        See https://github.com/pypa/setuptools/issues/917 for details.
        ********************************************************************************

!!
  easy_install.initialize_options(self)
running egg_info
writing arduino_odometry.egg-info/PKG-INFO
writing dependency_links to arduino_odometry.egg-info/dependency_links.txt
writing entry points to arduino_odometry.egg-info/entry_points.txt
writing requirements to arduino_odometry.egg-info/requires.txt
writing top-level names to arduino_odometry.egg-info/top_level.txt
reading manifest file 'arduino_odometry.egg-info/SOURCES.txt'
writing manifest file 'arduino_odometry.egg-info/SOURCES.txt'
running build_ext
Creating /home/orin/ros2_ws/install/arduino_odometry/lib/python3.10/site-packages/arduino-odometry.egg-link (link to .)
Installing arduino_odometry_node script to /home/orin/ros2_ws/install/arduino_odometry/lib/arduino_odometry

Installed /home/orin/ros2_ws/build/arduino_odometry
running symlink_data
symbolically linking /home/orin/ros2_ws/build/arduino_odometry/resource/arduino_odometry -> /home/orin/ros2_ws/install/arduino_odometry/share/ament_index/resource_index/packages
symbolically linking /home/orin/ros2_ws/build/arduino_odometry/package.xml -> /home/orin/ros2_ws/install/arduino_odometry/share/arduino_odometry
