[8.014s] Invoking command in '/home/orin/ros2_ws/build/arduino_odometry': PYTHONPATH=/home/orin/ros2_ws/build/arduino_odometry/prefix_override:/usr/lib/python3/dist-packages/colcon_core/task/python/colcon_distutils_commands:/home/orin/ros2_ws/install/arduino_odometry/lib/python3.10/site-packages:${PYTHONPATH} /usr/bin/python3 -W ignore:setup.py install is deprecated setup.py develop --editable --build-directory /home/orin/ros2_ws/build/arduino_odometry/build --no-deps symlink_data --force
[10.895s] running develop
[10.932s] /home/orin/.local/lib/python3.10/site-packages/setuptools/command/develop.py:41: EasyInstallDeprecationWarning: easy_install command is deprecated.
[10.932s] !!
[10.932s] 
[10.932s]         ********************************************************************************
[10.932s]         Please avoid running ``setup.py`` and ``easy_install``.
[10.933s]         Instead, use pypa/build, pypa/installer or other
[10.933s]         standards-based tools.
[10.933s] 
[10.933s]         See https://github.com/pypa/setuptools/issues/917 for details.
[10.933s]         ********************************************************************************
[10.933s] 
[10.933s] !!
[10.934s]   easy_install.initialize_options(self)
[13.783s] running egg_info
[14.090s] writing arduino_odometry.egg-info/PKG-INFO
[14.105s] writing dependency_links to arduino_odometry.egg-info/dependency_links.txt
[14.118s] writing entry points to arduino_odometry.egg-info/entry_points.txt
[14.118s] writing requirements to arduino_odometry.egg-info/requires.txt
[14.119s] writing top-level names to arduino_odometry.egg-info/top_level.txt
[14.993s] reading manifest file 'arduino_odometry.egg-info/SOURCES.txt'
[15.002s] writing manifest file 'arduino_odometry.egg-info/SOURCES.txt'
[15.153s] running build_ext
[15.157s] Creating /home/orin/ros2_ws/install/arduino_odometry/lib/python3.10/site-packages/arduino-odometry.egg-link (link to .)
[15.159s] Installing arduino_odometry_node script to /home/orin/ros2_ws/install/arduino_odometry/lib/arduino_odometry
[15.162s] 
[15.163s] Installed /home/orin/ros2_ws/build/arduino_odometry
[15.166s] running symlink_data
[15.167s] symbolically linking /home/orin/ros2_ws/build/arduino_odometry/resource/arduino_odometry -> /home/orin/ros2_ws/install/arduino_odometry/share/ament_index/resource_index/packages
[15.168s] symbolically linking /home/orin/ros2_ws/build/arduino_odometry/package.xml -> /home/orin/ros2_ws/install/arduino_odometry/share/arduino_odometry
[15.362s] Invoked command in '/home/orin/ros2_ws/build/arduino_odometry' returned '0': PYTHONPATH=/home/orin/ros2_ws/build/arduino_odometry/prefix_override:/usr/lib/python3/dist-packages/colcon_core/task/python/colcon_distutils_commands:/home/orin/ros2_ws/install/arduino_odometry/lib/python3.10/site-packages:${PYTHONPATH} /usr/bin/python3 -W ignore:setup.py install is deprecated setup.py develop --editable --build-directory /home/orin/ros2_ws/build/arduino_odometry/build --no-deps symlink_data --force
