[0.022s] Invoking command in '/home/orin/ros2_ws/build/custom_msgs': /usr/bin/cmake /home/orin/ros2_ws/src/custom_msgs -DCATKIN_INSTALL_INTO_PREFIX_ROOT=0 -DCMAKE_INSTALL_PREFIX=/home/orin/ros2_ws/install/custom_msgs
[0.044s] -- Found ament_cmake: 1.3.11 (/opt/ros/humble/share/ament_cmake/cmake)
[0.363s] -- Found std_msgs: 4.2.4 (/opt/ros/humble/share/std_msgs/cmake)
[0.417s] -- Found rosidl_generator_c: 3.1.6 (/opt/ros/humble/share/rosidl_generator_c/cmake)
[0.422s] -- Found rosidl_adapter: 3.1.6 (/opt/ros/humble/share/rosidl_adapter/cmake)
[0.433s] -- Found rosidl_generator_cpp: 3.1.6 (/opt/ros/humble/share/rosidl_generator_cpp/cmake)
[0.452s] -- Using all available rosidl_typesupport_c: rosidl_typesupport_fastrtps_c;rosidl_typesupport_introspection_c
[0.475s] -- Using all available rosidl_typesupport_cpp: rosidl_typesupport_fastrtps_cpp;rosidl_typesupport_introspection_cpp
[0.517s] -- Found rosidl_default_generators: 1.2.0 (/opt/ros/humble/share/rosidl_default_generators/cmake)
[0.977s] [31mCMake Error at /opt/ros/humble/share/rosidl_cmake/cmake/rosidl_generate_interfaces.cmake:229 (message):
[0.977s]   Packages installing interfaces must include
[0.978s]   '<member_of_group>rosidl_interface_packages</member_of_group>' in their
[0.978s]   package.xml
[0.978s] Call Stack (most recent call first):
[0.978s]   CMakeLists.txt:17 (rosidl_generate_interfaces)
[0.978s] 
[0.978s] [0m
[0.979s] -- Configuring incomplete, errors occurred!
[0.979s] See also "/home/orin/ros2_ws/build/custom_msgs/CMakeFiles/CMakeOutput.log".
[0.999s] Invoked command in '/home/orin/ros2_ws/build/custom_msgs' returned '1': /usr/bin/cmake /home/orin/ros2_ws/src/custom_msgs -DCATKIN_INSTALL_INTO_PREFIX_ROOT=0 -DCMAKE_INSTALL_PREFIX=/home/orin/ros2_ws/install/custom_msgs
