[0.091s] Invoking command in '/home/orin/ros2_ws/build/ros2_control_demo_description': CMAKE_PREFIX_PATH=/opt/ros/humble /usr/bin/cmake /home/orin/ros2_ws/src/ros2_control_demos/ros2_control_demo_description -DCMAKE_INSTALL_PREFIX=/home/orin/ros2_ws/install/ros2_control_demo_description
[1.239s] -- Found ament_cmake: 1.3.11 (/opt/ros/humble/share/ament_cmake/cmake)
[1.242s] -- Override CMake install command with custom implementation using symlinks instead of copying resources
[1.243s] -- Configuring done
[1.243s] -- Generating done
[1.244s] -- Build files have been written to: /home/orin/ros2_ws/build/ros2_control_demo_description
[1.809s] Invoked command in '/home/orin/ros2_ws/build/ros2_control_demo_description' returned '0': CMAKE_PREFIX_PATH=/opt/ros/humble /usr/bin/cmake /home/orin/ros2_ws/src/ros2_control_demos/ros2_control_demo_description -DCMAKE_INSTALL_PREFIX=/home/orin/ros2_ws/install/ros2_control_demo_description
[1.812s] Invoking command in '/home/orin/ros2_ws/build/ros2_control_demo_description': CMAKE_PREFIX_PATH=/opt/ros/humble /usr/bin/cmake --build /home/orin/ros2_ws/build/ros2_control_demo_description -- -j6 -l6
[1.907s] Invoked command in '/home/orin/ros2_ws/build/ros2_control_demo_description' returned '0': CMAKE_PREFIX_PATH=/opt/ros/humble /usr/bin/cmake --build /home/orin/ros2_ws/build/ros2_control_demo_description -- -j6 -l6
[1.911s] Invoking command in '/home/orin/ros2_ws/build/ros2_control_demo_description': CMAKE_PREFIX_PATH=/opt/ros/humble /usr/bin/cmake --install /home/orin/ros2_ws/build/ros2_control_demo_description
[1.933s] -- Install configuration: "Release"
[1.934s] -- Execute custom install script
[1.951s] -- Up-to-date symlink: /home/orin/ros2_ws/install/ros2_control_demo_description/share/ros2_control_demo_description/rrbot/urdf/rrbot.materials.xacro
[1.953s] -- Up-to-date symlink: /home/orin/ros2_ws/install/ros2_control_demo_description/share/ros2_control_demo_description/rrbot/urdf/rrbot_description.urdf.xacro
[1.954s] -- Up-to-date symlink: /home/orin/ros2_ws/install/ros2_control_demo_description/share/ros2_control_demo_description/rrbot/rviz/rrbot.rviz
[1.958s] -- Up-to-date symlink: /home/orin/ros2_ws/install/ros2_control_demo_description/share/ros2_control_demo_description/diffbot/urdf/diffbot.materials.xacro
[1.959s] -- Up-to-date symlink: /home/orin/ros2_ws/install/ros2_control_demo_description/share/ros2_control_demo_description/diffbot/urdf/diffbot_description.urdf.xacro
[1.961s] -- Up-to-date symlink: /home/orin/ros2_ws/install/ros2_control_demo_description/share/ros2_control_demo_description/diffbot/rviz/diffbot.rviz
[1.961s] -- Up-to-date symlink: /home/orin/ros2_ws/install/ros2_control_demo_description/share/ros2_control_demo_description/diffbot/rviz/diffbot_view.rviz
[1.965s] -- Up-to-date symlink: /home/orin/ros2_ws/install/ros2_control_demo_description/share/ros2_control_demo_description/carlikebot/urdf/carlikebot.materials.xacro
[1.965s] -- Up-to-date symlink: /home/orin/ros2_ws/install/ros2_control_demo_description/share/ros2_control_demo_description/carlikebot/urdf/carlikebot_description.urdf.xacro
[1.967s] -- Up-to-date symlink: /home/orin/ros2_ws/install/ros2_control_demo_description/share/ros2_control_demo_description/carlikebot/rviz/carlikebot.rviz
[1.969s] -- Up-to-date symlink: /home/orin/ros2_ws/install/ros2_control_demo_description/share/ros2_control_demo_description/carlikebot/rviz/carlikebot_view.rviz
[1.980s] -- Up-to-date symlink: /home/orin/ros2_ws/install/ros2_control_demo_description/share/ros2_control_demo_description/r3bot/urdf/threedofbot_description.urdf.xacro
[1.990s] -- Up-to-date symlink: /home/orin/ros2_ws/install/ros2_control_demo_description/share/ros2_control_demo_description/r6bot/meshes/collision/link_0.stl
[1.992s] -- Up-to-date symlink: /home/orin/ros2_ws/install/ros2_control_demo_description/share/ros2_control_demo_description/r6bot/meshes/collision/link_1.stl
[1.994s] -- Up-to-date symlink: /home/orin/ros2_ws/install/ros2_control_demo_description/share/ros2_control_demo_description/r6bot/meshes/collision/link_2.stl
[1.995s] -- Up-to-date symlink: /home/orin/ros2_ws/install/ros2_control_demo_description/share/ros2_control_demo_description/r6bot/meshes/collision/link_3.stl
[1.997s] -- Up-to-date symlink: /home/orin/ros2_ws/install/ros2_control_demo_description/share/ros2_control_demo_description/r6bot/meshes/collision/link_4.stl
[1.998s] -- Up-to-date symlink: /home/orin/ros2_ws/install/ros2_control_demo_description/share/ros2_control_demo_description/r6bot/meshes/collision/link_5.stl
[1.999s] -- Up-to-date symlink: /home/orin/ros2_ws/install/ros2_control_demo_description/share/ros2_control_demo_description/r6bot/meshes/collision/link_6.stl
[2.002s] -- Up-to-date symlink: /home/orin/ros2_ws/install/ros2_control_demo_description/share/ros2_control_demo_description/r6bot/meshes/visual/link_0.dae
[2.003s] -- Up-to-date symlink: /home/orin/ros2_ws/install/ros2_control_demo_description/share/ros2_control_demo_description/r6bot/meshes/visual/link_1.dae
[2.004s] -- Up-to-date symlink: /home/orin/ros2_ws/install/ros2_control_demo_description/share/ros2_control_demo_description/r6bot/meshes/visual/link_2.dae
[2.006s] -- Up-to-date symlink: /home/orin/ros2_ws/install/ros2_control_demo_description/share/ros2_control_demo_description/r6bot/meshes/visual/link_3.dae
[2.007s] -- Up-to-date symlink: /home/orin/ros2_ws/install/ros2_control_demo_description/share/ros2_control_demo_description/r6bot/meshes/visual/link_4.dae
[2.008s] -- Up-to-date symlink: /home/orin/ros2_ws/install/ros2_control_demo_description/share/ros2_control_demo_description/r6bot/meshes/visual/link_5.dae
[2.010s] -- Up-to-date symlink: /home/orin/ros2_ws/install/ros2_control_demo_description/share/ros2_control_demo_description/r6bot/meshes/visual/link_6.dae
[2.012s] -- Up-to-date symlink: /home/orin/ros2_ws/install/ros2_control_demo_description/share/ros2_control_demo_description/r6bot/srdf/r6bot.srdf
[2.017s] -- Up-to-date symlink: /home/orin/ros2_ws/install/ros2_control_demo_description/share/ros2_control_demo_description/r6bot/urdf/inc/create_link.xacro
[2.018s] -- Up-to-date symlink: /home/orin/ros2_ws/install/ros2_control_demo_description/share/ros2_control_demo_description/r6bot/urdf/r6bot_description.urdf.xacro
[2.023s] -- Up-to-date symlink: /home/orin/ros2_ws/install/ros2_control_demo_description/share/ros2_control_demo_description/r6bot/rviz/view_robot.rviz
[2.026s] -- Up-to-date symlink: /home/orin/ros2_ws/install/ros2_control_demo_description/share/ament_index/resource_index/package_run_dependencies/ros2_control_demo_description
[2.029s] -- Up-to-date symlink: /home/orin/ros2_ws/install/ros2_control_demo_description/share/ament_index/resource_index/parent_prefix_path/ros2_control_demo_description
[2.032s] -- Up-to-date symlink: /home/orin/ros2_ws/install/ros2_control_demo_description/share/ros2_control_demo_description/environment/ament_prefix_path.sh
[2.035s] -- Up-to-date symlink: /home/orin/ros2_ws/install/ros2_control_demo_description/share/ros2_control_demo_description/environment/ament_prefix_path.dsv
[2.039s] -- Up-to-date symlink: /home/orin/ros2_ws/install/ros2_control_demo_description/share/ros2_control_demo_description/environment/path.sh
[2.040s] -- Up-to-date symlink: /home/orin/ros2_ws/install/ros2_control_demo_description/share/ros2_control_demo_description/environment/path.dsv
[2.040s] -- Up-to-date symlink: /home/orin/ros2_ws/install/ros2_control_demo_description/share/ros2_control_demo_description/local_setup.bash
[2.042s] -- Up-to-date symlink: /home/orin/ros2_ws/install/ros2_control_demo_description/share/ros2_control_demo_description/local_setup.sh
[2.046s] -- Up-to-date symlink: /home/orin/ros2_ws/install/ros2_control_demo_description/share/ros2_control_demo_description/local_setup.zsh
[2.047s] -- Up-to-date symlink: /home/orin/ros2_ws/install/ros2_control_demo_description/share/ros2_control_demo_description/local_setup.dsv
[2.047s] -- Symlinking: /home/orin/ros2_ws/install/ros2_control_demo_description/share/ros2_control_demo_description/package.dsv
[2.068s] -- Up-to-date symlink: /home/orin/ros2_ws/install/ros2_control_demo_description/share/ament_index/resource_index/packages/ros2_control_demo_description
[2.075s] -- Up-to-date symlink: /home/orin/ros2_ws/install/ros2_control_demo_description/share/ros2_control_demo_description/cmake/ros2_control_demo_descriptionConfig.cmake
[2.076s] -- Up-to-date symlink: /home/orin/ros2_ws/install/ros2_control_demo_description/share/ros2_control_demo_description/cmake/ros2_control_demo_descriptionConfig-version.cmake
[2.076s] -- Up-to-date symlink: /home/orin/ros2_ws/install/ros2_control_demo_description/share/ros2_control_demo_description/package.xml
[2.109s] Invoked command in '/home/orin/ros2_ws/build/ros2_control_demo_description' returned '0': CMAKE_PREFIX_PATH=/opt/ros/humble /usr/bin/cmake --install /home/orin/ros2_ws/build/ros2_control_demo_description
