[5.237s] Invoking command in '/home/orin/ros2_ws/src/examples/rclpy/actions/minimal_action_client': PYTHONPATH=/home/orin/ros2_ws/build/examples_rclpy_minimal_action_client/prefix_override:/usr/lib/python3/dist-packages/colcon_core/task/python/colcon_distutils_commands:/home/orin/ros2_ws/install/examples_rclpy_minimal_action_client/lib/python3.10/site-packages:${PYTHONPATH} /usr/bin/python3 -W ignore:setup.py install is deprecated -W ignore:easy_install command is deprecated setup.py egg_info --egg-base ../../../../../build/examples_rclpy_minimal_action_client build --build-base /home/orin/ros2_ws/build/examples_rclpy_minimal_action_client/build install --record /home/orin/ros2_ws/build/examples_rclpy_minimal_action_client/install.log --single-version-externally-managed install_data
[5.918s] /home/orin/.local/lib/python3.10/site-packages/setuptools/_distutils/dist.py:261: UserWarning: Unknown distribution option: 'tests_require'
[5.919s]   warnings.warn(msg)
[6.834s] running egg_info
[6.982s] writing ../../../../../build/examples_rclpy_minimal_action_client/examples_rclpy_minimal_action_client.egg-info/PKG-INFO
[6.986s] writing dependency_links to ../../../../../build/examples_rclpy_minimal_action_client/examples_rclpy_minimal_action_client.egg-info/dependency_links.txt
[6.990s] writing entry points to ../../../../../build/examples_rclpy_minimal_action_client/examples_rclpy_minimal_action_client.egg-info/entry_points.txt
[6.990s] writing requirements to ../../../../../build/examples_rclpy_minimal_action_client/examples_rclpy_minimal_action_client.egg-info/requires.txt
[6.990s] writing top-level names to ../../../../../build/examples_rclpy_minimal_action_client/examples_rclpy_minimal_action_client.egg-info/top_level.txt
[7.114s] reading manifest file '../../../../../build/examples_rclpy_minimal_action_client/examples_rclpy_minimal_action_client.egg-info/SOURCES.txt'
[7.119s] writing manifest file '../../../../../build/examples_rclpy_minimal_action_client/examples_rclpy_minimal_action_client.egg-info/SOURCES.txt'
[7.121s] running build
[7.124s] running build_py
[7.124s] copying examples_rclpy_minimal_action_client/client.py -> /home/orin/ros2_ws/build/examples_rclpy_minimal_action_client/build/lib/examples_rclpy_minimal_action_client
[7.125s] copying examples_rclpy_minimal_action_client/__init__.py -> /home/orin/ros2_ws/build/examples_rclpy_minimal_action_client/build/lib/examples_rclpy_minimal_action_client
[7.126s] copying examples_rclpy_minimal_action_client/client_asyncio.py -> /home/orin/ros2_ws/build/examples_rclpy_minimal_action_client/build/lib/examples_rclpy_minimal_action_client
[7.127s] copying examples_rclpy_minimal_action_client/client_not_composable.py -> /home/orin/ros2_ws/build/examples_rclpy_minimal_action_client/build/lib/examples_rclpy_minimal_action_client
[7.128s] copying examples_rclpy_minimal_action_client/client_cancel.py -> /home/orin/ros2_ws/build/examples_rclpy_minimal_action_client/build/lib/examples_rclpy_minimal_action_client
[7.130s] running install
[7.144s] running install_lib
[7.204s] running install_data
[7.206s] copying resource/examples_rclpy_minimal_action_client -> /home/orin/ros2_ws/install/examples_rclpy_minimal_action_client/share/ament_index/resource_index/packages
[7.207s] copying package.xml -> /home/orin/ros2_ws/install/examples_rclpy_minimal_action_client/share/examples_rclpy_minimal_action_client
[7.207s] running install_egg_info
[7.267s] removing '/home/orin/ros2_ws/install/examples_rclpy_minimal_action_client/lib/python3.10/site-packages/examples_rclpy_minimal_action_client-0.15.2-py3.10.egg-info' (and everything under it)
[7.268s] Copying ../../../../../build/examples_rclpy_minimal_action_client/examples_rclpy_minimal_action_client.egg-info to /home/orin/ros2_ws/install/examples_rclpy_minimal_action_client/lib/python3.10/site-packages/examples_rclpy_minimal_action_client-0.15.2-py3.10.egg-info
[7.272s] running install_scripts
[7.814s] Installing client script to /home/orin/ros2_ws/install/examples_rclpy_minimal_action_client/lib/examples_rclpy_minimal_action_client
[7.818s] Installing client_asyncio script to /home/orin/ros2_ws/install/examples_rclpy_minimal_action_client/lib/examples_rclpy_minimal_action_client
[7.822s] Installing client_cancel script to /home/orin/ros2_ws/install/examples_rclpy_minimal_action_client/lib/examples_rclpy_minimal_action_client
[7.822s] Installing client_not_composable script to /home/orin/ros2_ws/install/examples_rclpy_minimal_action_client/lib/examples_rclpy_minimal_action_client
[7.826s] writing list of installed files to '/home/orin/ros2_ws/build/examples_rclpy_minimal_action_client/install.log'
[8.516s] Invoked command in '/home/orin/ros2_ws/src/examples/rclpy/actions/minimal_action_client' returned '0': PYTHONPATH=/home/orin/ros2_ws/build/examples_rclpy_minimal_action_client/prefix_override:/usr/lib/python3/dist-packages/colcon_core/task/python/colcon_distutils_commands:/home/orin/ros2_ws/install/examples_rclpy_minimal_action_client/lib/python3.10/site-packages:${PYTHONPATH} /usr/bin/python3 -W ignore:setup.py install is deprecated -W ignore:easy_install command is deprecated setup.py egg_info --egg-base ../../../../../build/examples_rclpy_minimal_action_client build --build-base /home/orin/ros2_ws/build/examples_rclpy_minimal_action_client/build install --record /home/orin/ros2_ws/build/examples_rclpy_minimal_action_client/install.log --single-version-externally-managed install_data
