[2.749s] Invoking command in '/home/orin/ros2_ws/src/encoder_odom': PYTHONPATH=/home/orin/ros2_ws/build/encoder_odom/prefix_override:/usr/lib/python3/dist-packages/colcon_core/task/python/colcon_distutils_commands:/home/orin/ros2_ws/install/encoder_odom/lib/python3.10/site-packages:${PYTHONPATH} /usr/bin/python3 -W ignore:setup.py install is deprecated -W ignore:easy_install command is deprecated setup.py egg_info --egg-base ../../build/encoder_odom build --build-base /home/orin/ros2_ws/build/encoder_odom/build install --record /home/orin/ros2_ws/build/encoder_odom/install.log --single-version-externally-managed install_data
[3.447s] running egg_info
[3.501s] writing ../../build/encoder_odom/encoder_odom.egg-info/PKG-INFO
[3.502s] writing dependency_links to ../../build/encoder_odom/encoder_odom.egg-info/dependency_links.txt
[3.503s] writing entry points to ../../build/encoder_odom/encoder_odom.egg-info/entry_points.txt
[3.503s] writing requirements to ../../build/encoder_odom/encoder_odom.egg-info/requires.txt
[3.504s] writing top-level names to ../../build/encoder_odom/encoder_odom.egg-info/top_level.txt
[3.618s] reading manifest file '../../build/encoder_odom/encoder_odom.egg-info/SOURCES.txt'
[3.623s] adding license file 'LICENSE'
[3.623s] writing manifest file '../../build/encoder_odom/encoder_odom.egg-info/SOURCES.txt'
[3.624s] running build
[3.624s] running build_py
[3.624s] copying encoder_odom/__init__.py -> /home/orin/ros2_ws/build/encoder_odom/build/lib/encoder_odom
[3.625s] copying encoder_odom/encoder_odom.py -> /home/orin/ros2_ws/build/encoder_odom/build/lib/encoder_odom
[3.626s] running install
[3.638s] running install_lib
[3.695s] running install_data
[3.697s] copying resource/encoder_odom -> /home/orin/ros2_ws/install/encoder_odom/share/ament_index/resource_index/packages
[3.698s] copying package.xml -> /home/orin/ros2_ws/install/encoder_odom/share/encoder_odom
[3.699s] running install_egg_info
[3.759s] removing '/home/orin/ros2_ws/install/encoder_odom/lib/python3.10/site-packages/encoder_odom-0.0.0-py3.10.egg-info' (and everything under it)
[3.761s] Copying ../../build/encoder_odom/encoder_odom.egg-info to /home/orin/ros2_ws/install/encoder_odom/lib/python3.10/site-packages/encoder_odom-0.0.0-py3.10.egg-info
[3.765s] running install_scripts
[4.216s] Installing encoder_odom script to /home/orin/ros2_ws/install/encoder_odom/lib/encoder_odom
[4.217s] writing list of installed files to '/home/orin/ros2_ws/build/encoder_odom/install.log'
[4.302s] Invoked command in '/home/orin/ros2_ws/src/encoder_odom' returned '0': PYTHONPATH=/home/orin/ros2_ws/build/encoder_odom/prefix_override:/usr/lib/python3/dist-packages/colcon_core/task/python/colcon_distutils_commands:/home/orin/ros2_ws/install/encoder_odom/lib/python3.10/site-packages:${PYTHONPATH} /usr/bin/python3 -W ignore:setup.py install is deprecated -W ignore:easy_install command is deprecated setup.py egg_info --egg-base ../../build/encoder_odom build --build-base /home/orin/ros2_ws/build/encoder_odom/build install --record /home/orin/ros2_ws/build/encoder_odom/install.log --single-version-externally-managed install_data
