-- Found ament_cmake_auto: 1.3.10 (/opt/ros/humble/share/ament_cmake_auto/cmake)
-- Override CMake install command with custom implementation using symlinks instead of copying resources
-- Found rosidl_generator_c: 3.1.5 (/opt/ros/humble/share/rosidl_generator_c/cmake)
-- Found rosidl_adapter: 3.1.5 (/opt/ros/humble/share/rosidl_adapter/cmake)
-- Found rosidl_generator_cpp: 3.1.5 (/opt/ros/humble/share/rosidl_generator_cpp/cmake)
-- Using all available rosidl_typesupport_c: rosidl_typesupport_fastrtps_c;rosidl_typesupport_introspection_c
-- Using all available rosidl_typesupport_cpp: rosidl_typesupport_fastrtps_cpp;rosidl_typesupport_introspection_cpp
-- Found rmw_implementation_cmake: 6.1.2 (/opt/ros/humble/share/rmw_implementation_cmake/cmake)
-- Found rmw_fastrtps_cpp: 6.2.7 (/opt/ros/humble/share/rmw_fastrtps_cpp/cmake)
-- Using RMW implementation 'rmw_fastrtps_cpp' as default
-- Found eigen3_cmake_module: 0.1.1 (/opt/ros/humble/share/eigen3_cmake_module/cmake)
-- Ensuring Eigen3 include directory is part of orocos-kdl CMake target
-- Configuring done
-- Generating done
-- Build files have been written to: /home/orin/ros2_ws/build/depthai_ros_driver
[35m[1mConsolidate compiler generated dependencies of target depthai_ros_driver_common[0m
[ 44%] Built target depthai_ros_driver_common
failed to create symbolic link '/home/orin/ros2_ws/build/depthai_ros_driver/ament_cmake_python/depthai_ros_driver/depthai_ros_driver' because existing path cannot be removed: Is a directory
gmake[2]: *** [CMakeFiles/ament_cmake_python_symlink_depthai_ros_driver.dir/build.make:70: CMakeFiles/ament_cmake_python_symlink_depthai_ros_driver] Error 1
gmake[1]: *** [CMakeFiles/Makefile2:283: CMakeFiles/ament_cmake_python_symlink_depthai_ros_driver.dir/all] Error 2
gmake: *** [Makefile:146: all] Error 2
