[2.402s] Invoking command in '/home/orin/ros2_ws/build/my_bot_description': CMAKE_PREFIX_PATH=/home/orin/ros2_ws/src/my_bot_description/install/my_bot_description:/home/orin/ros2_ws/install/sllidar_ros2:/home/orin/ros2_ws/install/ros2_control_demos:/home/orin/ros2_ws/install/ros2_control_demo_example_9:/home/orin/ros2_ws/install/ros2_control_demo_example_8:/home/orin/ros2_ws/install/ros2_control_demo_example_7:/home/orin/ros2_ws/install/ros2_control_demo_example_6:/home/orin/ros2_ws/install/ros2_control_demo_example_15:/home/orin/ros2_ws/install/ros2_control_demo_example_13:/home/orin/ros2_ws/install/ros2_control_demo_example_5:/home/orin/ros2_ws/install/ros2_control_demo_example_4:/home/orin/ros2_ws/install/ros2_control_demo_example_3:/home/orin/ros2_ws/install/ros2_control_demo_example_2:/home/orin/ros2_ws/install/ros2_control_demo_example_14:/home/orin/ros2_ws/install/ros2_control_demo_example_12:/home/orin/ros2_ws/install/ros2_control_demo_example_11:/home/orin/ros2_ws/install/ros2_control_demo_example_10:/home/orin/ros2_ws/install/ros2_control_demo_example_1:/home/orin/ros2_ws/install/ros2_control_demo_description:/home/orin/ros2_ws/install/my_bot_imu:/home/orin/ros2_ws/install/my_bot_description:/home/orin/ros2_ws/install/wheel_encoder_odometry:/home/orin/ros2_ws/install/ros2_control_demo_testing:/home/orin/ros2_ws/install/launch_testing_examples:/home/orin/ros2_ws/install/hcsr04_sensor:/home/orin/ros2_ws/install/examples_rclpy_pointcloud_publisher:/home/orin/ros2_ws/install/examples_rclpy_minimal_subscriber:/home/orin/ros2_ws/install/examples_rclpy_minimal_service:/home/orin/ros2_ws/install/examples_rclpy_minimal_publisher:/home/orin/ros2_ws/install/examples_rclpy_minimal_client:/home/orin/ros2_ws/install/examples_rclpy_minimal_action_server:/home/orin/ros2_ws/install/examples_rclpy_minimal_action_client:/home/orin/ros2_ws/install/examples_rclpy_guard_conditions:/home/orin/ros2_ws/install/examples_rclpy_executors:/home/orin/ros2_ws/install/encoder_ultrasonic_package:/home/orin/ros2_ws/install/arduino_odometry:/opt/ros/humble:/home/orin/ros2_ws/install/mobile_robot_description:/home/orin/ros2_ws/install/image_geometry:/home/orin/ros2_ws/install/gazebo_dev:/home/orin/ros2_ws/install/examples_rclcpp_wait_set:/home/orin/ros2_ws/install/examples_rclcpp_multithreaded_executor:/home/orin/ros2_ws/install/examples_rclcpp_minimal_timer:/home/orin/ros2_ws/install/examples_rclcpp_minimal_subscriber:/home/orin/ros2_ws/install/examples_rclcpp_minimal_service:/home/orin/ros2_ws/install/examples_rclcpp_minimal_publisher:/home/orin/ros2_ws/install/examples_rclcpp_minimal_composition:/home/orin/ros2_ws/install/examples_rclcpp_minimal_client:/home/orin/ros2_ws/install/examples_rclcpp_minimal_action_server:/home/orin/ros2_ws/install/examples_rclcpp_minimal_action_client:/home/orin/ros2_ws/install/examples_rclcpp_cbg_executor:/home/orin/ros2_ws/install/examples_rclcpp_async_client:/home/orin/ros2_ws/install/diffdrive_arduino:/home/orin/ros2_ws/install/depthai-ros:/home/orin/ros2_ws/install/depthai_ros_driver:/home/orin/ros2_ws/install/depthai_filters:/home/orin/ros2_ws/install/depthai_examples:/home/orin/ros2_ws/install/depthai_bridge:/home/orin/ros2_ws/install/depthai_ros_msgs:/home/orin/ros2_ws/install/depthai_descriptions:/home/orin/ros2_ws/install/cv_bridge:/home/orin/ros2_ws/install/articubot_one:/home/orin/ros2_ws/install/arduino_serial_comm /usr/bin/cmake /home/orin/ros2_ws/src/my_bot_description -DAMENT_CMAKE_SYMLINK_INSTALL=1 -DCMAKE_INSTALL_PREFIX=/home/orin/ros2_ws/install/my_bot_description
[2.551s] -- Found hardware_interface: 2.43.1 (/opt/ros/humble/share/hardware_interface/cmake)
[4.677s] -- Override CMake install command with custom implementation using symlinks instead of copying resources
[4.800s] -- Found rosidl_generator_c: 3.1.5 (/opt/ros/humble/share/rosidl_generator_c/cmake)
[4.811s] -- Found rosidl_adapter: 3.1.5 (/opt/ros/humble/share/rosidl_adapter/cmake)
[4.828s] -- Found rosidl_generator_cpp: 3.1.5 (/opt/ros/humble/share/rosidl_generator_cpp/cmake)
[4.872s] -- Using all available rosidl_typesupport_c: rosidl_typesupport_fastrtps_c;rosidl_typesupport_introspection_c
[4.908s] -- Using all available rosidl_typesupport_cpp: rosidl_typesupport_fastrtps_cpp;rosidl_typesupport_introspection_cpp
[5.804s] -- Found rmw_implementation_cmake: 6.1.2 (/opt/ros/humble/share/rmw_implementation_cmake/cmake)
[5.809s] -- Found rmw_fastrtps_cpp: 6.2.7 (/opt/ros/humble/share/rmw_fastrtps_cpp/cmake)
[5.872s] -- Found TinyXML2 via Config file: TinyXML2_DIR-NOTFOUND
[5.905s] -- Found TinyXML2 via Config file: TinyXML2_DIR-NOTFOUND
[5.971s] -- Found TinyXML2 via Config file: TinyXML2_DIR-NOTFOUND
[5.995s] -- Found TinyXML2 via Config file: TinyXML2_DIR-NOTFOUND
[6.043s] -- Using RMW implementation 'rmw_fastrtps_cpp' as default
[6.178s] -- Found ament_lint_auto: 0.12.11 (/opt/ros/humble/share/ament_lint_auto/cmake)
[6.543s] -- Added test 'cppcheck' to perform static code analysis on C / C++ code
[6.544s] -- Configured cppcheck include dirs: $<BUILD_INTERFACE:/home/orin/ros2_ws/src/my_bot_description/hardware/include>
[6.544s] -- Configured cppcheck exclude dirs and/or files: 
[6.548s] -- Added test 'flake8' to check Python code syntax and style conventions
[6.564s] -- Added test 'lint_cmake' to check CMake code style
[6.575s] -- Added test 'pep257' to check Python code against some of the docstring style conventions in PEP 257
[6.603s] -- Added test 'uncrustify' to check C / C++ code style
[6.608s] -- Configured uncrustify additional arguments: 
[6.608s] -- Added test 'xmllint' to check XML markup files
[6.761s] -- Configuring done
[6.864s] -- Generating done
[6.880s] -- Build files have been written to: /home/orin/ros2_ws/build/my_bot_description
[6.944s] Invoked command in '/home/orin/ros2_ws/build/my_bot_description' returned '0': CMAKE_PREFIX_PATH=/home/orin/ros2_ws/src/my_bot_description/install/my_bot_description:/home/orin/ros2_ws/install/sllidar_ros2:/home/orin/ros2_ws/install/ros2_control_demos:/home/orin/ros2_ws/install/ros2_control_demo_example_9:/home/orin/ros2_ws/install/ros2_control_demo_example_8:/home/orin/ros2_ws/install/ros2_control_demo_example_7:/home/orin/ros2_ws/install/ros2_control_demo_example_6:/home/orin/ros2_ws/install/ros2_control_demo_example_15:/home/orin/ros2_ws/install/ros2_control_demo_example_13:/home/orin/ros2_ws/install/ros2_control_demo_example_5:/home/orin/ros2_ws/install/ros2_control_demo_example_4:/home/orin/ros2_ws/install/ros2_control_demo_example_3:/home/orin/ros2_ws/install/ros2_control_demo_example_2:/home/orin/ros2_ws/install/ros2_control_demo_example_14:/home/orin/ros2_ws/install/ros2_control_demo_example_12:/home/orin/ros2_ws/install/ros2_control_demo_example_11:/home/orin/ros2_ws/install/ros2_control_demo_example_10:/home/orin/ros2_ws/install/ros2_control_demo_example_1:/home/orin/ros2_ws/install/ros2_control_demo_description:/home/orin/ros2_ws/install/my_bot_imu:/home/orin/ros2_ws/install/my_bot_description:/home/orin/ros2_ws/install/wheel_encoder_odometry:/home/orin/ros2_ws/install/ros2_control_demo_testing:/home/orin/ros2_ws/install/launch_testing_examples:/home/orin/ros2_ws/install/hcsr04_sensor:/home/orin/ros2_ws/install/examples_rclpy_pointcloud_publisher:/home/orin/ros2_ws/install/examples_rclpy_minimal_subscriber:/home/orin/ros2_ws/install/examples_rclpy_minimal_service:/home/orin/ros2_ws/install/examples_rclpy_minimal_publisher:/home/orin/ros2_ws/install/examples_rclpy_minimal_client:/home/orin/ros2_ws/install/examples_rclpy_minimal_action_server:/home/orin/ros2_ws/install/examples_rclpy_minimal_action_client:/home/orin/ros2_ws/install/examples_rclpy_guard_conditions:/home/orin/ros2_ws/install/examples_rclpy_executors:/home/orin/ros2_ws/install/encoder_ultrasonic_package:/home/orin/ros2_ws/install/arduino_odometry:/opt/ros/humble:/home/orin/ros2_ws/install/mobile_robot_description:/home/orin/ros2_ws/install/image_geometry:/home/orin/ros2_ws/install/gazebo_dev:/home/orin/ros2_ws/install/examples_rclcpp_wait_set:/home/orin/ros2_ws/install/examples_rclcpp_multithreaded_executor:/home/orin/ros2_ws/install/examples_rclcpp_minimal_timer:/home/orin/ros2_ws/install/examples_rclcpp_minimal_subscriber:/home/orin/ros2_ws/install/examples_rclcpp_minimal_service:/home/orin/ros2_ws/install/examples_rclcpp_minimal_publisher:/home/orin/ros2_ws/install/examples_rclcpp_minimal_composition:/home/orin/ros2_ws/install/examples_rclcpp_minimal_client:/home/orin/ros2_ws/install/examples_rclcpp_minimal_action_server:/home/orin/ros2_ws/install/examples_rclcpp_minimal_action_client:/home/orin/ros2_ws/install/examples_rclcpp_cbg_executor:/home/orin/ros2_ws/install/examples_rclcpp_async_client:/home/orin/ros2_ws/install/diffdrive_arduino:/home/orin/ros2_ws/install/depthai-ros:/home/orin/ros2_ws/install/depthai_ros_driver:/home/orin/ros2_ws/install/depthai_filters:/home/orin/ros2_ws/install/depthai_examples:/home/orin/ros2_ws/install/depthai_bridge:/home/orin/ros2_ws/install/depthai_ros_msgs:/home/orin/ros2_ws/install/depthai_descriptions:/home/orin/ros2_ws/install/cv_bridge:/home/orin/ros2_ws/install/articubot_one:/home/orin/ros2_ws/install/arduino_serial_comm /usr/bin/cmake /home/orin/ros2_ws/src/my_bot_description -DAMENT_CMAKE_SYMLINK_INSTALL=1 -DCMAKE_INSTALL_PREFIX=/home/orin/ros2_ws/install/my_bot_description
[7.018s] Invoking command in '/home/orin/ros2_ws/build/my_bot_description': CMAKE_PREFIX_PATH=/home/orin/ros2_ws/src/my_bot_description/install/my_bot_description:/home/orin/ros2_ws/install/sllidar_ros2:/home/orin/ros2_ws/install/ros2_control_demos:/home/orin/ros2_ws/install/ros2_control_demo_example_9:/home/orin/ros2_ws/install/ros2_control_demo_example_8:/home/orin/ros2_ws/install/ros2_control_demo_example_7:/home/orin/ros2_ws/install/ros2_control_demo_example_6:/home/orin/ros2_ws/install/ros2_control_demo_example_15:/home/orin/ros2_ws/install/ros2_control_demo_example_13:/home/orin/ros2_ws/install/ros2_control_demo_example_5:/home/orin/ros2_ws/install/ros2_control_demo_example_4:/home/orin/ros2_ws/install/ros2_control_demo_example_3:/home/orin/ros2_ws/install/ros2_control_demo_example_2:/home/orin/ros2_ws/install/ros2_control_demo_example_14:/home/orin/ros2_ws/install/ros2_control_demo_example_12:/home/orin/ros2_ws/install/ros2_control_demo_example_11:/home/orin/ros2_ws/install/ros2_control_demo_example_10:/home/orin/ros2_ws/install/ros2_control_demo_example_1:/home/orin/ros2_ws/install/ros2_control_demo_description:/home/orin/ros2_ws/install/my_bot_imu:/home/orin/ros2_ws/install/my_bot_description:/home/orin/ros2_ws/install/wheel_encoder_odometry:/home/orin/ros2_ws/install/ros2_control_demo_testing:/home/orin/ros2_ws/install/launch_testing_examples:/home/orin/ros2_ws/install/hcsr04_sensor:/home/orin/ros2_ws/install/examples_rclpy_pointcloud_publisher:/home/orin/ros2_ws/install/examples_rclpy_minimal_subscriber:/home/orin/ros2_ws/install/examples_rclpy_minimal_service:/home/orin/ros2_ws/install/examples_rclpy_minimal_publisher:/home/orin/ros2_ws/install/examples_rclpy_minimal_client:/home/orin/ros2_ws/install/examples_rclpy_minimal_action_server:/home/orin/ros2_ws/install/examples_rclpy_minimal_action_client:/home/orin/ros2_ws/install/examples_rclpy_guard_conditions:/home/orin/ros2_ws/install/examples_rclpy_executors:/home/orin/ros2_ws/install/encoder_ultrasonic_package:/home/orin/ros2_ws/install/arduino_odometry:/opt/ros/humble:/home/orin/ros2_ws/install/mobile_robot_description:/home/orin/ros2_ws/install/image_geometry:/home/orin/ros2_ws/install/gazebo_dev:/home/orin/ros2_ws/install/examples_rclcpp_wait_set:/home/orin/ros2_ws/install/examples_rclcpp_multithreaded_executor:/home/orin/ros2_ws/install/examples_rclcpp_minimal_timer:/home/orin/ros2_ws/install/examples_rclcpp_minimal_subscriber:/home/orin/ros2_ws/install/examples_rclcpp_minimal_service:/home/orin/ros2_ws/install/examples_rclcpp_minimal_publisher:/home/orin/ros2_ws/install/examples_rclcpp_minimal_composition:/home/orin/ros2_ws/install/examples_rclcpp_minimal_client:/home/orin/ros2_ws/install/examples_rclcpp_minimal_action_server:/home/orin/ros2_ws/install/examples_rclcpp_minimal_action_client:/home/orin/ros2_ws/install/examples_rclcpp_cbg_executor:/home/orin/ros2_ws/install/examples_rclcpp_async_client:/home/orin/ros2_ws/install/diffdrive_arduino:/home/orin/ros2_ws/install/depthai-ros:/home/orin/ros2_ws/install/depthai_ros_driver:/home/orin/ros2_ws/install/depthai_filters:/home/orin/ros2_ws/install/depthai_examples:/home/orin/ros2_ws/install/depthai_bridge:/home/orin/ros2_ws/install/depthai_ros_msgs:/home/orin/ros2_ws/install/depthai_descriptions:/home/orin/ros2_ws/install/cv_bridge:/home/orin/ros2_ws/install/articubot_one:/home/orin/ros2_ws/install/arduino_serial_comm /usr/bin/cmake --build /home/orin/ros2_ws/build/my_bot_description -- -j6 -l6
[7.673s] [35m[1mConsolidate compiler generated dependencies of target my_bot_description[0m
[7.897s] [100%] Built target my_bot_description
[8.141s] Invoked command in '/home/orin/ros2_ws/build/my_bot_description' returned '0': CMAKE_PREFIX_PATH=/home/orin/ros2_ws/src/my_bot_description/install/my_bot_description:/home/orin/ros2_ws/install/sllidar_ros2:/home/orin/ros2_ws/install/ros2_control_demos:/home/orin/ros2_ws/install/ros2_control_demo_example_9:/home/orin/ros2_ws/install/ros2_control_demo_example_8:/home/orin/ros2_ws/install/ros2_control_demo_example_7:/home/orin/ros2_ws/install/ros2_control_demo_example_6:/home/orin/ros2_ws/install/ros2_control_demo_example_15:/home/orin/ros2_ws/install/ros2_control_demo_example_13:/home/orin/ros2_ws/install/ros2_control_demo_example_5:/home/orin/ros2_ws/install/ros2_control_demo_example_4:/home/orin/ros2_ws/install/ros2_control_demo_example_3:/home/orin/ros2_ws/install/ros2_control_demo_example_2:/home/orin/ros2_ws/install/ros2_control_demo_example_14:/home/orin/ros2_ws/install/ros2_control_demo_example_12:/home/orin/ros2_ws/install/ros2_control_demo_example_11:/home/orin/ros2_ws/install/ros2_control_demo_example_10:/home/orin/ros2_ws/install/ros2_control_demo_example_1:/home/orin/ros2_ws/install/ros2_control_demo_description:/home/orin/ros2_ws/install/my_bot_imu:/home/orin/ros2_ws/install/my_bot_description:/home/orin/ros2_ws/install/wheel_encoder_odometry:/home/orin/ros2_ws/install/ros2_control_demo_testing:/home/orin/ros2_ws/install/launch_testing_examples:/home/orin/ros2_ws/install/hcsr04_sensor:/home/orin/ros2_ws/install/examples_rclpy_pointcloud_publisher:/home/orin/ros2_ws/install/examples_rclpy_minimal_subscriber:/home/orin/ros2_ws/install/examples_rclpy_minimal_service:/home/orin/ros2_ws/install/examples_rclpy_minimal_publisher:/home/orin/ros2_ws/install/examples_rclpy_minimal_client:/home/orin/ros2_ws/install/examples_rclpy_minimal_action_server:/home/orin/ros2_ws/install/examples_rclpy_minimal_action_client:/home/orin/ros2_ws/install/examples_rclpy_guard_conditions:/home/orin/ros2_ws/install/examples_rclpy_executors:/home/orin/ros2_ws/install/encoder_ultrasonic_package:/home/orin/ros2_ws/install/arduino_odometry:/opt/ros/humble:/home/orin/ros2_ws/install/mobile_robot_description:/home/orin/ros2_ws/install/image_geometry:/home/orin/ros2_ws/install/gazebo_dev:/home/orin/ros2_ws/install/examples_rclcpp_wait_set:/home/orin/ros2_ws/install/examples_rclcpp_multithreaded_executor:/home/orin/ros2_ws/install/examples_rclcpp_minimal_timer:/home/orin/ros2_ws/install/examples_rclcpp_minimal_subscriber:/home/orin/ros2_ws/install/examples_rclcpp_minimal_service:/home/orin/ros2_ws/install/examples_rclcpp_minimal_publisher:/home/orin/ros2_ws/install/examples_rclcpp_minimal_composition:/home/orin/ros2_ws/install/examples_rclcpp_minimal_client:/home/orin/ros2_ws/install/examples_rclcpp_minimal_action_server:/home/orin/ros2_ws/install/examples_rclcpp_minimal_action_client:/home/orin/ros2_ws/install/examples_rclcpp_cbg_executor:/home/orin/ros2_ws/install/examples_rclcpp_async_client:/home/orin/ros2_ws/install/diffdrive_arduino:/home/orin/ros2_ws/install/depthai-ros:/home/orin/ros2_ws/install/depthai_ros_driver:/home/orin/ros2_ws/install/depthai_filters:/home/orin/ros2_ws/install/depthai_examples:/home/orin/ros2_ws/install/depthai_bridge:/home/orin/ros2_ws/install/depthai_ros_msgs:/home/orin/ros2_ws/install/depthai_descriptions:/home/orin/ros2_ws/install/cv_bridge:/home/orin/ros2_ws/install/articubot_one:/home/orin/ros2_ws/install/arduino_serial_comm /usr/bin/cmake --build /home/orin/ros2_ws/build/my_bot_description -- -j6 -l6
[9.212s] Invoking command in '/home/orin/ros2_ws/build/my_bot_description': CMAKE_PREFIX_PATH=/home/orin/ros2_ws/src/my_bot_description/install/my_bot_description:/home/orin/ros2_ws/install/sllidar_ros2:/home/orin/ros2_ws/install/ros2_control_demos:/home/orin/ros2_ws/install/ros2_control_demo_example_9:/home/orin/ros2_ws/install/ros2_control_demo_example_8:/home/orin/ros2_ws/install/ros2_control_demo_example_7:/home/orin/ros2_ws/install/ros2_control_demo_example_6:/home/orin/ros2_ws/install/ros2_control_demo_example_15:/home/orin/ros2_ws/install/ros2_control_demo_example_13:/home/orin/ros2_ws/install/ros2_control_demo_example_5:/home/orin/ros2_ws/install/ros2_control_demo_example_4:/home/orin/ros2_ws/install/ros2_control_demo_example_3:/home/orin/ros2_ws/install/ros2_control_demo_example_2:/home/orin/ros2_ws/install/ros2_control_demo_example_14:/home/orin/ros2_ws/install/ros2_control_demo_example_12:/home/orin/ros2_ws/install/ros2_control_demo_example_11:/home/orin/ros2_ws/install/ros2_control_demo_example_10:/home/orin/ros2_ws/install/ros2_control_demo_example_1:/home/orin/ros2_ws/install/ros2_control_demo_description:/home/orin/ros2_ws/install/my_bot_imu:/home/orin/ros2_ws/install/my_bot_description:/home/orin/ros2_ws/install/wheel_encoder_odometry:/home/orin/ros2_ws/install/ros2_control_demo_testing:/home/orin/ros2_ws/install/launch_testing_examples:/home/orin/ros2_ws/install/hcsr04_sensor:/home/orin/ros2_ws/install/examples_rclpy_pointcloud_publisher:/home/orin/ros2_ws/install/examples_rclpy_minimal_subscriber:/home/orin/ros2_ws/install/examples_rclpy_minimal_service:/home/orin/ros2_ws/install/examples_rclpy_minimal_publisher:/home/orin/ros2_ws/install/examples_rclpy_minimal_client:/home/orin/ros2_ws/install/examples_rclpy_minimal_action_server:/home/orin/ros2_ws/install/examples_rclpy_minimal_action_client:/home/orin/ros2_ws/install/examples_rclpy_guard_conditions:/home/orin/ros2_ws/install/examples_rclpy_executors:/home/orin/ros2_ws/install/encoder_ultrasonic_package:/home/orin/ros2_ws/install/arduino_odometry:/opt/ros/humble:/home/orin/ros2_ws/install/mobile_robot_description:/home/orin/ros2_ws/install/image_geometry:/home/orin/ros2_ws/install/gazebo_dev:/home/orin/ros2_ws/install/examples_rclcpp_wait_set:/home/orin/ros2_ws/install/examples_rclcpp_multithreaded_executor:/home/orin/ros2_ws/install/examples_rclcpp_minimal_timer:/home/orin/ros2_ws/install/examples_rclcpp_minimal_subscriber:/home/orin/ros2_ws/install/examples_rclcpp_minimal_service:/home/orin/ros2_ws/install/examples_rclcpp_minimal_publisher:/home/orin/ros2_ws/install/examples_rclcpp_minimal_composition:/home/orin/ros2_ws/install/examples_rclcpp_minimal_client:/home/orin/ros2_ws/install/examples_rclcpp_minimal_action_server:/home/orin/ros2_ws/install/examples_rclcpp_minimal_action_client:/home/orin/ros2_ws/install/examples_rclcpp_cbg_executor:/home/orin/ros2_ws/install/examples_rclcpp_async_client:/home/orin/ros2_ws/install/diffdrive_arduino:/home/orin/ros2_ws/install/depthai-ros:/home/orin/ros2_ws/install/depthai_ros_driver:/home/orin/ros2_ws/install/depthai_filters:/home/orin/ros2_ws/install/depthai_examples:/home/orin/ros2_ws/install/depthai_bridge:/home/orin/ros2_ws/install/depthai_ros_msgs:/home/orin/ros2_ws/install/depthai_descriptions:/home/orin/ros2_ws/install/cv_bridge:/home/orin/ros2_ws/install/articubot_one:/home/orin/ros2_ws/install/arduino_serial_comm /usr/bin/cmake --install /home/orin/ros2_ws/build/my_bot_description
[9.288s] -- Install configuration: ""
[9.288s] -- Execute custom install script
[9.288s] -- Symlinking: /home/orin/ros2_ws/install/my_bot_description/share/my_bot_description//my_bot_ros2_control.xml
[9.325s] -- Symlinking: /home/orin/ros2_ws/install/my_bot_description/share/my_bot_description/config/my_bot/back_wheel.yaml
[9.353s] -- Symlinking: /home/orin/ros2_ws/install/my_bot_description/share/my_bot_description/config/my_bot/base.yaml
[9.392s] -- Symlinking: /home/orin/ros2_ws/install/my_bot_description/share/my_bot_description/config/my_bot/front_wheel.yaml
[9.424s] -- Symlinking: /home/orin/ros2_ws/install/my_bot_description/share/my_bot_description/config/my_bot/imu.yaml
[9.455s] -- Symlinking: /home/orin/ros2_ws/install/my_bot_description/share/my_bot_description/config/my_bot/motor.yaml
[9.488s] -- Symlinking: /home/orin/ros2_ws/install/my_bot_description/share/my_bot_description/config/my_bot/sensors.yaml
[9.519s] -- Symlinking: /home/orin/ros2_ws/install/my_bot_description/share/my_bot_description/config/my_bot/wheel.yaml
[9.550s] -- Symlinking: /home/orin/ros2_ws/install/my_bot_description/share/my_bot_description/config/my_controllers.yaml
[9.669s] -- Symlinking: /home/orin/ros2_ws/install/my_bot_description/share/my_bot_description/config/twist_mux.yaml
[9.763s] -- Symlinking: /home/orin/ros2_ws/install/my_bot_description/share/my_bot_description/description/camera.xacro
[9.947s] -- Symlinking: /home/orin/ros2_ws/install/my_bot_description/share/my_bot_description/description/depth_camera.xacro
[9.993s] -- Symlinking: /home/orin/ros2_ws/install/my_bot_description/share/my_bot_description/description/gazeo_control.xacro
[10.102s] -- Symlinking: /home/orin/ros2_ws/install/my_bot_description/share/my_bot_description/description/imu.xacro
[10.181s] -- Symlinking: /home/orin/ros2_ws/install/my_bot_description/share/my_bot_description/description/inertial_macros.xacro
[10.216s] -- Symlinking: /home/orin/ros2_ws/install/my_bot_description/share/my_bot_description/description/lidar.xacro
[10.241s] -- Symlinking: /home/orin/ros2_ws/install/my_bot_description/share/my_bot_description/description/meshes/components/wheel.stl
[10.308s] -- Symlinking: /home/orin/ros2_ws/install/my_bot_description/share/my_bot_description/description/meshes/my_bot/bottom_plate.stl
[10.347s] -- Symlinking: /home/orin/ros2_ws/install/my_bot_description/share/my_bot_description/description/meshes/my_bot/bottom_plate_original.stl
[10.390s] -- Symlinking: /home/orin/ros2_ws/install/my_bot_description/share/my_bot_description/description/meshes/my_bot/dead_plate.stl
[10.432s] -- Symlinking: /home/orin/ros2_ws/install/my_bot_description/share/my_bot_description/description/meshes/my_bot/motor.stl
[10.500s] -- Symlinking: /home/orin/ros2_ws/install/my_bot_description/share/my_bot_description/description/meshes/my_bot/top_plate.stl
[10.572s] -- Symlinking: /home/orin/ros2_ws/install/my_bot_description/share/my_bot_description/description/meshes/my_bot/wheel_rim.stl
[10.673s] -- Symlinking: /home/orin/ros2_ws/install/my_bot_description/share/my_bot_description/description/meshes/my_bot/wheel_tire.stl
[10.755s] -- Symlinking: /home/orin/ros2_ws/install/my_bot_description/share/my_bot_description/description/meshes/sensors/OAK-D-LITE.stl
[10.791s] -- Symlinking: /home/orin/ros2_ws/install/my_bot_description/share/my_bot_description/description/meshes/sensors/rplidar_main.stl
[10.824s] -- Symlinking: /home/orin/ros2_ws/install/my_bot_description/share/my_bot_description/description/my_bot.urdf.xacro
[10.873s] -- Symlinking: /home/orin/ros2_ws/install/my_bot_description/share/my_bot_description/description/robot.urdf
[10.908s] -- Symlinking: /home/orin/ros2_ws/install/my_bot_description/share/my_bot_description/description/robot.urdf.xacro
[11.069s] -- Symlinking: /home/orin/ros2_ws/install/my_bot_description/share/my_bot_description/description/robot_core.xacro
[11.120s] -- Symlinking: /home/orin/ros2_ws/install/my_bot_description/share/my_bot_description/description/ros2_control/my_bot_ros2_control.xacro
[11.374s] -- Symlinking: /home/orin/ros2_ws/install/my_bot_description/share/my_bot_description/description/ros2_control/ros2_control.xacro
[11.466s] -- Symlinking: /home/orin/ros2_ws/install/my_bot_description/share/my_bot_description/hardware/ROSArduinoBridge.ino
[11.613s] -- Symlinking: /home/orin/ros2_ws/install/my_bot_description/share/my_bot_description/hardware/ROSArduinoBridge/.encoder_driver.h.swp
[11.847s] -- Symlinking: /home/orin/ros2_ws/install/my_bot_description/share/my_bot_description/hardware/ROSArduinoBridge/ROSArduinoBridge.ino
[12.089s] -- Symlinking: /home/orin/ros2_ws/install/my_bot_description/share/my_bot_description/hardware/ROSArduinoBridge/commands.h
[12.289s] -- Symlinking: /home/orin/ros2_ws/install/my_bot_description/share/my_bot_description/hardware/ROSArduinoBridge/diff_controller.h
[12.389s] -- Symlinking: /home/orin/ros2_ws/install/my_bot_description/share/my_bot_description/hardware/ROSArduinoBridge/encoder_driver.h
[12.464s] -- Symlinking: /home/orin/ros2_ws/install/my_bot_description/share/my_bot_description/hardware/ROSArduinoBridge/encoder_driver.ino
[12.616s] -- Symlinking: /home/orin/ros2_ws/install/my_bot_description/share/my_bot_description/hardware/ROSArduinoBridge/motor_driver.h
[12.702s] -- Symlinking: /home/orin/ros2_ws/install/my_bot_description/share/my_bot_description/hardware/ROSArduinoBridge/motor_driver.ino
[12.769s] -- Symlinking: /home/orin/ros2_ws/install/my_bot_description/share/my_bot_description/hardware/ROSArduinoBridge/sensors.h
[12.866s] -- Symlinking: /home/orin/ros2_ws/install/my_bot_description/share/my_bot_description/hardware/ROSArduinoBridge/servos.h
[12.993s] -- Symlinking: /home/orin/ros2_ws/install/my_bot_description/share/my_bot_description/hardware/ROSArduinoBridge/servos.ino
[13.147s] -- Symlinking: /home/orin/ros2_ws/install/my_bot_description/share/my_bot_description/hardware/diffbot_system.cpp
[13.237s] -- Symlinking: /home/orin/ros2_ws/install/my_bot_description/share/my_bot_description/hardware/include/my_bot_ros2_control/diffbot_system.hpp
[13.308s] -- Symlinking: /home/orin/ros2_ws/install/my_bot_description/share/my_bot_description/launch/display.launch.py
[13.385s] -- Symlinking: /home/orin/ros2_ws/install/my_bot_description/share/my_bot_description/launch/displaytest.launch.py
[13.423s] -- Symlinking: /home/orin/ros2_ws/install/my_bot_description/share/my_bot_description/launch/rsp.launch.py
[13.461s] -- Symlinking: /home/orin/ros2_ws/install/my_bot_description/share/my_bot_description/rviz/my_bot_description.rviz
[13.542s] -- Symlinking: /home/orin/ros2_ws/install/my_bot_description/share/my_bot_description/urdf/include/addon_macro.urdf.xacro
[13.613s] -- Symlinking: /home/orin/ros2_ws/install/my_bot_description/share/my_bot_description/urdf/include/common_macros.urdf.xacro
[13.685s] -- Symlinking: /home/orin/ros2_ws/install/my_bot_description/share/my_bot_description/urdf/include/common_sensors.xacro
[13.749s] -- Symlinking: /home/orin/ros2_ws/install/my_bot_description/share/my_bot_description/urdf/include/robot.gazebo.xacro
[13.781s] -- Symlinking: /home/orin/ros2_ws/install/my_bot_description/share/my_bot_description/urdf/my_bot.urdf.xacro
[13.896s] -- Symlinking: /home/orin/ros2_ws/install/my_bot_description/share/my_bot_description/worlds/empty.world
[13.989s] -- Symlinking: /home/orin/ros2_ws/install/my_bot_description/share/my_bot_description/worlds/obstacles.world
[14.074s] -- Symlinking: /home/orin/ros2_ws/install/my_bot_description/include/my_bot_description/my_bot_ros2_control/diffbot_system.hpp
[14.230s] -- Symlinking: /home/orin/ros2_ws/install/my_bot_description/share/ament_index/resource_index/package_run_dependencies/my_bot_description
[14.273s] -- Symlinking: /home/orin/ros2_ws/install/my_bot_description/share/ament_index/resource_index/parent_prefix_path/my_bot_description
[14.455s] -- Symlinking: /home/orin/ros2_ws/install/my_bot_description/share/my_bot_description/environment/ament_prefix_path.sh
[14.548s] -- Symlinking: /home/orin/ros2_ws/install/my_bot_description/share/my_bot_description/environment/ament_prefix_path.dsv
[14.758s] -- Symlinking: /home/orin/ros2_ws/install/my_bot_description/share/my_bot_description/environment/path.sh
[14.970s] -- Symlinking: /home/orin/ros2_ws/install/my_bot_description/share/my_bot_description/environment/path.dsv
[15.176s] -- Symlinking: /home/orin/ros2_ws/install/my_bot_description/share/my_bot_description/local_setup.bash
[15.447s] -- Symlinking: /home/orin/ros2_ws/install/my_bot_description/share/my_bot_description/local_setup.sh
[15.526s] -- Symlinking: /home/orin/ros2_ws/install/my_bot_description/share/my_bot_description/local_setup.zsh
[15.612s] -- Symlinking: /home/orin/ros2_ws/install/my_bot_description/share/my_bot_description/local_setup.dsv
[15.753s] -- Symlinking: /home/orin/ros2_ws/install/my_bot_description/share/my_bot_description/package.dsv
[15.977s] -- Symlinking: /home/orin/ros2_ws/install/my_bot_description/share/ament_index/resource_index/packages/my_bot_description
[16.230s] -- Symlinking: /home/orin/ros2_ws/install/my_bot_description/share/ament_index/resource_index/hardware_interface__pluginlib__plugin/my_bot_description
[16.447s] -- Symlinking: /home/orin/ros2_ws/install/my_bot_description/share/my_bot_description/cmake/my_bot_descriptionConfig.cmake
[16.828s] -- Symlinking: /home/orin/ros2_ws/install/my_bot_description/share/my_bot_description/cmake/my_bot_descriptionConfig-version.cmake
[17.077s] -- Symlinking: /home/orin/ros2_ws/install/my_bot_description/share/my_bot_description/package.xml
[17.405s] Invoked command in '/home/orin/ros2_ws/build/my_bot_description' returned '0': CMAKE_PREFIX_PATH=/home/orin/ros2_ws/src/my_bot_description/install/my_bot_description:/home/orin/ros2_ws/install/sllidar_ros2:/home/orin/ros2_ws/install/ros2_control_demos:/home/orin/ros2_ws/install/ros2_control_demo_example_9:/home/orin/ros2_ws/install/ros2_control_demo_example_8:/home/orin/ros2_ws/install/ros2_control_demo_example_7:/home/orin/ros2_ws/install/ros2_control_demo_example_6:/home/orin/ros2_ws/install/ros2_control_demo_example_15:/home/orin/ros2_ws/install/ros2_control_demo_example_13:/home/orin/ros2_ws/install/ros2_control_demo_example_5:/home/orin/ros2_ws/install/ros2_control_demo_example_4:/home/orin/ros2_ws/install/ros2_control_demo_example_3:/home/orin/ros2_ws/install/ros2_control_demo_example_2:/home/orin/ros2_ws/install/ros2_control_demo_example_14:/home/orin/ros2_ws/install/ros2_control_demo_example_12:/home/orin/ros2_ws/install/ros2_control_demo_example_11:/home/orin/ros2_ws/install/ros2_control_demo_example_10:/home/orin/ros2_ws/install/ros2_control_demo_example_1:/home/orin/ros2_ws/install/ros2_control_demo_description:/home/orin/ros2_ws/install/my_bot_imu:/home/orin/ros2_ws/install/my_bot_description:/home/orin/ros2_ws/install/wheel_encoder_odometry:/home/orin/ros2_ws/install/ros2_control_demo_testing:/home/orin/ros2_ws/install/launch_testing_examples:/home/orin/ros2_ws/install/hcsr04_sensor:/home/orin/ros2_ws/install/examples_rclpy_pointcloud_publisher:/home/orin/ros2_ws/install/examples_rclpy_minimal_subscriber:/home/orin/ros2_ws/install/examples_rclpy_minimal_service:/home/orin/ros2_ws/install/examples_rclpy_minimal_publisher:/home/orin/ros2_ws/install/examples_rclpy_minimal_client:/home/orin/ros2_ws/install/examples_rclpy_minimal_action_server:/home/orin/ros2_ws/install/examples_rclpy_minimal_action_client:/home/orin/ros2_ws/install/examples_rclpy_guard_conditions:/home/orin/ros2_ws/install/examples_rclpy_executors:/home/orin/ros2_ws/install/encoder_ultrasonic_package:/home/orin/ros2_ws/install/arduino_odometry:/opt/ros/humble:/home/orin/ros2_ws/install/mobile_robot_description:/home/orin/ros2_ws/install/image_geometry:/home/orin/ros2_ws/install/gazebo_dev:/home/orin/ros2_ws/install/examples_rclcpp_wait_set:/home/orin/ros2_ws/install/examples_rclcpp_multithreaded_executor:/home/orin/ros2_ws/install/examples_rclcpp_minimal_timer:/home/orin/ros2_ws/install/examples_rclcpp_minimal_subscriber:/home/orin/ros2_ws/install/examples_rclcpp_minimal_service:/home/orin/ros2_ws/install/examples_rclcpp_minimal_publisher:/home/orin/ros2_ws/install/examples_rclcpp_minimal_composition:/home/orin/ros2_ws/install/examples_rclcpp_minimal_client:/home/orin/ros2_ws/install/examples_rclcpp_minimal_action_server:/home/orin/ros2_ws/install/examples_rclcpp_minimal_action_client:/home/orin/ros2_ws/install/examples_rclcpp_cbg_executor:/home/orin/ros2_ws/install/examples_rclcpp_async_client:/home/orin/ros2_ws/install/diffdrive_arduino:/home/orin/ros2_ws/install/depthai-ros:/home/orin/ros2_ws/install/depthai_ros_driver:/home/orin/ros2_ws/install/depthai_filters:/home/orin/ros2_ws/install/depthai_examples:/home/orin/ros2_ws/install/depthai_bridge:/home/orin/ros2_ws/install/depthai_ros_msgs:/home/orin/ros2_ws/install/depthai_descriptions:/home/orin/ros2_ws/install/cv_bridge:/home/orin/ros2_ws/install/articubot_one:/home/orin/ros2_ws/install/arduino_serial_comm /usr/bin/cmake --install /home/orin/ros2_ws/build/my_bot_description
