[0.099s] Invoking command in '/home/orin/ros2_ws/build/ros2_control_demo_example_12': AMENT_PREFIX_PATH=/home/orin/ros2_ws/install/ros2_control_demo_testing:/home/orin/ros2_ws/install/ros2_control_demo_description:${AMENT_PREFIX_PATH} CMAKE_PREFIX_PATH=/home/orin/ros2_ws/install/ros2_control_demo_description:/opt/ros/humble PYTHONPATH=/home/orin/ros2_ws/install/ros2_control_demo_testing/lib/python3.10/site-packages:${PYTHONPATH} /usr/bin/cmake /home/orin/ros2_ws/src/ros2_control_demos/example_12 -DCMAKE_INSTALL_PREFIX=/home/orin/ros2_ws/install/ros2_control_demo_example_12
[0.168s] -- Found ament_cmake: 1.3.11 (/opt/ros/humble/share/ament_cmake/cmake)
[0.688s] -- Override CMake install command with custom implementation using symlinks instead of copying resources
[0.717s] -- Found hardware_interface: 2.48.0 (/opt/ros/humble/share/hardware_interface/cmake)
[0.782s] -- Found rosidl_generator_c: 3.1.6 (/opt/ros/humble/share/rosidl_generator_c/cmake)
[0.792s] -- Found rosidl_adapter: 3.1.6 (/opt/ros/humble/share/rosidl_adapter/cmake)
[0.802s] -- Found rosidl_generator_cpp: 3.1.6 (/opt/ros/humble/share/rosidl_generator_cpp/cmake)
[0.829s] -- Using all available rosidl_typesupport_c: rosidl_typesupport_fastrtps_c;rosidl_typesupport_introspection_c
[0.859s] -- Using all available rosidl_typesupport_cpp: rosidl_typesupport_fastrtps_cpp;rosidl_typesupport_introspection_cpp
[1.256s] -- Found rmw_implementation_cmake: 6.1.2 (/opt/ros/humble/share/rmw_implementation_cmake/cmake)
[1.258s] -- Found rmw_fastrtps_cpp: 6.2.7 (/opt/ros/humble/share/rmw_fastrtps_cpp/cmake)
[1.308s] -- Found TinyXML2 via Config file: TinyXML2_DIR-NOTFOUND
[1.353s] -- Found TinyXML2 via Config file: TinyXML2_DIR-NOTFOUND
[1.414s] -- Found TinyXML2 via Config file: TinyXML2_DIR-NOTFOUND
[1.444s] -- Found TinyXML2 via Config file: TinyXML2_DIR-NOTFOUND
[1.528s] -- Using RMW implementation 'rmw_fastrtps_cpp' as default
[1.704s] -- Found generate_parameter_library: 0.4.0 (/opt/ros/humble/share/generate_parameter_library/cmake)
[1.709s] -- Found parameter_traits: 0.4.0 (/opt/ros/humble/share/parameter_traits/cmake)
[1.755s] -- Found controller_interface: 2.48.0 (/opt/ros/humble/share/controller_interface/cmake)
[1.770s] -- Found realtime_tools: 2.11.0 (/opt/ros/humble/share/realtime_tools/cmake)
[1.856s] -- Found ament_cmake_pytest: 1.3.11 (/opt/ros/humble/share/ament_cmake_pytest/cmake)
[7.896s] -- Configuring done
[8.133s] -- Generating done
[8.152s] -- Build files have been written to: /home/orin/ros2_ws/build/ros2_control_demo_example_12
[8.213s] Invoked command in '/home/orin/ros2_ws/build/ros2_control_demo_example_12' returned '0': AMENT_PREFIX_PATH=/home/orin/ros2_ws/install/ros2_control_demo_testing:/home/orin/ros2_ws/install/ros2_control_demo_description:${AMENT_PREFIX_PATH} CMAKE_PREFIX_PATH=/home/orin/ros2_ws/install/ros2_control_demo_description:/opt/ros/humble PYTHONPATH=/home/orin/ros2_ws/install/ros2_control_demo_testing/lib/python3.10/site-packages:${PYTHONPATH} /usr/bin/cmake /home/orin/ros2_ws/src/ros2_control_demos/example_12 -DCMAKE_INSTALL_PREFIX=/home/orin/ros2_ws/install/ros2_control_demo_example_12
[8.214s] Invoking command in '/home/orin/ros2_ws/build/ros2_control_demo_example_12': AMENT_PREFIX_PATH=/home/orin/ros2_ws/install/ros2_control_demo_testing:/home/orin/ros2_ws/install/ros2_control_demo_description:${AMENT_PREFIX_PATH} CMAKE_PREFIX_PATH=/home/orin/ros2_ws/install/ros2_control_demo_description:/opt/ros/humble PYTHONPATH=/home/orin/ros2_ws/install/ros2_control_demo_testing/lib/python3.10/site-packages:${PYTHONPATH} /usr/bin/cmake --build /home/orin/ros2_ws/build/ros2_control_demo_example_12 -- -j6 -l6
[11.569s] [35m[1mConsolidate compiler generated dependencies of target ros2_control_demo_example_12[0m
[11.569s] [ 16%] [32mBuilding CXX object CMakeFiles/ros2_control_demo_example_12.dir/hardware/rrbot.cpp.o[0m
[18.772s] [ 33%] [32m[1mLinking CXX shared library libros2_control_demo_example_12.so[0m
[19.201s] [ 33%] Built target ros2_control_demo_example_12
[19.248s] [ 50%] [34m[1mRunning `/opt/ros/humble/bin/generate_parameter_library_cpp /home/orin/ros2_ws/build/ros2_control_demo_example_12/include/ros2_control_demo_example_12/passthrough_controller_parameters.hpp /home/orin/ros2_ws/src/ros2_control_demos/example_12/controllers/src/passthrough_controller_parameters.yaml `[0m
[19.661s] [ 66%] [34m[1mCreating deprecated header file /home/orin/ros2_ws/build/ros2_control_demo_example_12/include/passthrough_controller_parameters.hpp[0m
[19.774s] [ 66%] Built target passthrough_controller_parameters
[19.805s] [35m[1mConsolidate compiler generated dependencies of target passthrough_controller[0m
[19.873s] [ 83%] [32mBuilding CXX object CMakeFiles/passthrough_controller.dir/controllers/src/passthrough_controller.cpp.o[0m
[45.209s] [100%] [32m[1mLinking CXX shared library libpassthrough_controller.so[0m
[46.716s] [100%] Built target passthrough_controller
[46.757s] Invoked command in '/home/orin/ros2_ws/build/ros2_control_demo_example_12' returned '0': AMENT_PREFIX_PATH=/home/orin/ros2_ws/install/ros2_control_demo_testing:/home/orin/ros2_ws/install/ros2_control_demo_description:${AMENT_PREFIX_PATH} CMAKE_PREFIX_PATH=/home/orin/ros2_ws/install/ros2_control_demo_description:/opt/ros/humble PYTHONPATH=/home/orin/ros2_ws/install/ros2_control_demo_testing/lib/python3.10/site-packages:${PYTHONPATH} /usr/bin/cmake --build /home/orin/ros2_ws/build/ros2_control_demo_example_12 -- -j6 -l6
[46.758s] Invoking command in '/home/orin/ros2_ws/build/ros2_control_demo_example_12': AMENT_PREFIX_PATH=/home/orin/ros2_ws/install/ros2_control_demo_testing:/home/orin/ros2_ws/install/ros2_control_demo_description:${AMENT_PREFIX_PATH} CMAKE_PREFIX_PATH=/home/orin/ros2_ws/install/ros2_control_demo_description:/opt/ros/humble PYTHONPATH=/home/orin/ros2_ws/install/ros2_control_demo_testing/lib/python3.10/site-packages:${PYTHONPATH} /usr/bin/cmake --install /home/orin/ros2_ws/build/ros2_control_demo_example_12
[50.106s] -- Install configuration: ""
[50.107s] -- Execute custom install script
[50.107s] -- Up-to-date symlink: /home/orin/ros2_ws/install/ros2_control_demo_example_12/share/ros2_control_demo_example_12//ros2_control_demo_example_12.xml
[50.107s] -- Symlinking: /home/orin/ros2_ws/install/ros2_control_demo_example_12/include/ros2_control_demo_example_12/passthrough_controller_parameters.hpp
[50.107s] -- Up-to-date symlink: /home/orin/ros2_ws/install/ros2_control_demo_example_12/share/ros2_control_demo_example_12//passthrough_controller.xml
[50.107s] -- Up-to-date symlink: /home/orin/ros2_ws/install/ros2_control_demo_example_12/include/ros2_control_demo_example_12/ros2_control_demo_example_12/rrbot.hpp
[50.107s] -- Up-to-date symlink: /home/orin/ros2_ws/install/ros2_control_demo_example_12/share/ros2_control_demo_example_12/launch/view_robot.launch.py
[50.107s] -- Up-to-date symlink: /home/orin/ros2_ws/install/ros2_control_demo_example_12/share/ros2_control_demo_example_12/ros2_control/rrbot.ros2_control.xacro
[50.108s] -- Up-to-date symlink: /home/orin/ros2_ws/install/ros2_control_demo_example_12/share/ros2_control_demo_example_12/urdf/rrbot.urdf.xacro
[50.108s] -- Up-to-date symlink: /home/orin/ros2_ws/install/ros2_control_demo_example_12/share/ros2_control_demo_example_12/launch/launch_chained_controllers.launch.py
[50.108s] -- Up-to-date symlink: /home/orin/ros2_ws/install/ros2_control_demo_example_12/share/ros2_control_demo_example_12/launch/rrbot.launch.py
[50.108s] -- Up-to-date symlink: /home/orin/ros2_ws/install/ros2_control_demo_example_12/share/ros2_control_demo_example_12/config/rrbot_chained_controllers.yaml
[50.108s] -- Up-to-date symlink: /home/orin/ros2_ws/install/ros2_control_demo_example_12/include/passthrough_controller/passthrough_controller/passthrough_controller.hpp
[50.108s] -- Up-to-date symlink: /home/orin/ros2_ws/install/ros2_control_demo_example_12/share/ros2_control_demo_example_12/environment/library_path.sh
[50.108s] -- Up-to-date symlink: /home/orin/ros2_ws/install/ros2_control_demo_example_12/share/ros2_control_demo_example_12/environment/library_path.dsv
[50.109s] -- Up-to-date symlink: /home/orin/ros2_ws/install/ros2_control_demo_example_12/share/ament_index/resource_index/package_run_dependencies/ros2_control_demo_example_12
[50.109s] -- Up-to-date symlink: /home/orin/ros2_ws/install/ros2_control_demo_example_12/share/ament_index/resource_index/parent_prefix_path/ros2_control_demo_example_12
[50.109s] -- Up-to-date symlink: /home/orin/ros2_ws/install/ros2_control_demo_example_12/share/ros2_control_demo_example_12/environment/ament_prefix_path.sh
[50.109s] -- Up-to-date symlink: /home/orin/ros2_ws/install/ros2_control_demo_example_12/share/ros2_control_demo_example_12/environment/ament_prefix_path.dsv
[50.109s] -- Up-to-date symlink: /home/orin/ros2_ws/install/ros2_control_demo_example_12/share/ros2_control_demo_example_12/environment/path.sh
[50.109s] -- Up-to-date symlink: /home/orin/ros2_ws/install/ros2_control_demo_example_12/share/ros2_control_demo_example_12/environment/path.dsv
[50.109s] -- Up-to-date symlink: /home/orin/ros2_ws/install/ros2_control_demo_example_12/share/ros2_control_demo_example_12/local_setup.bash
[50.109s] -- Up-to-date symlink: /home/orin/ros2_ws/install/ros2_control_demo_example_12/share/ros2_control_demo_example_12/local_setup.sh
[50.110s] -- Up-to-date symlink: /home/orin/ros2_ws/install/ros2_control_demo_example_12/share/ros2_control_demo_example_12/local_setup.zsh
[50.110s] -- Up-to-date symlink: /home/orin/ros2_ws/install/ros2_control_demo_example_12/share/ros2_control_demo_example_12/local_setup.dsv
[50.110s] -- Symlinking: /home/orin/ros2_ws/install/ros2_control_demo_example_12/share/ros2_control_demo_example_12/package.dsv
[50.110s] -- Up-to-date symlink: /home/orin/ros2_ws/install/ros2_control_demo_example_12/share/ament_index/resource_index/packages/ros2_control_demo_example_12
[50.110s] -- Up-to-date symlink: /home/orin/ros2_ws/install/ros2_control_demo_example_12/share/ament_index/resource_index/hardware_interface__pluginlib__plugin/ros2_control_demo_example_12
[50.110s] -- Up-to-date symlink: /home/orin/ros2_ws/install/ros2_control_demo_example_12/share/ament_index/resource_index/controller_interface__pluginlib__plugin/ros2_control_demo_example_12
[50.110s] -- Up-to-date symlink: /home/orin/ros2_ws/install/ros2_control_demo_example_12/share/ros2_control_demo_example_12/cmake/ament_cmake_export_dependencies-extras.cmake
[50.110s] -- Up-to-date symlink: /home/orin/ros2_ws/install/ros2_control_demo_example_12/share/ros2_control_demo_example_12/cmake/ament_cmake_export_targets-extras.cmake
[50.111s] -- Up-to-date symlink: /home/orin/ros2_ws/install/ros2_control_demo_example_12/share/ros2_control_demo_example_12/cmake/ros2_control_demo_example_12Config.cmake
[50.111s] -- Up-to-date symlink: /home/orin/ros2_ws/install/ros2_control_demo_example_12/share/ros2_control_demo_example_12/cmake/ros2_control_demo_example_12Config-version.cmake
[50.111s] -- Up-to-date symlink: /home/orin/ros2_ws/install/ros2_control_demo_example_12/share/ros2_control_demo_example_12/package.xml
[50.111s] -- Installing: /home/orin/ros2_ws/install/ros2_control_demo_example_12/lib/libros2_control_demo_example_12.so
[50.111s] -- Set runtime path of "/home/orin/ros2_ws/install/ros2_control_demo_example_12/lib/libros2_control_demo_example_12.so" to ""
[50.111s] -- Installing: /home/orin/ros2_ws/install/ros2_control_demo_example_12/lib/libpassthrough_controller.so
[50.111s] -- Set runtime path of "/home/orin/ros2_ws/install/ros2_control_demo_example_12/lib/libpassthrough_controller.so" to ""
[50.111s] -- Old export file "/home/orin/ros2_ws/install/ros2_control_demo_example_12/share/ros2_control_demo_example_12/cmake/export_passthrough_controllerExport.cmake" will be replaced.  Removing files [/home/orin/ros2_ws/install/ros2_control_demo_example_12/share/ros2_control_demo_example_12/cmake/export_passthrough_controllerExport-noconfig.cmake].
[50.112s] -- Installing: /home/orin/ros2_ws/install/ros2_control_demo_example_12/share/ros2_control_demo_example_12/cmake/export_passthrough_controllerExport.cmake
[50.112s] -- Installing: /home/orin/ros2_ws/install/ros2_control_demo_example_12/share/ros2_control_demo_example_12/cmake/export_passthrough_controllerExport-noconfig.cmake
[50.112s] -- Up-to-date: /home/orin/ros2_ws/install/ros2_control_demo_example_12/share/ros2_control_demo_example_12/cmake/export_ros2_control_demo_example_12Export.cmake
[50.112s] -- Up-to-date: /home/orin/ros2_ws/install/ros2_control_demo_example_12/share/ros2_control_demo_example_12/cmake/export_ros2_control_demo_example_12Export-noconfig.cmake
[50.113s] Invoked command in '/home/orin/ros2_ws/build/ros2_control_demo_example_12' returned '0': AMENT_PREFIX_PATH=/home/orin/ros2_ws/install/ros2_control_demo_testing:/home/orin/ros2_ws/install/ros2_control_demo_description:${AMENT_PREFIX_PATH} CMAKE_PREFIX_PATH=/home/orin/ros2_ws/install/ros2_control_demo_description:/opt/ros/humble PYTHONPATH=/home/orin/ros2_ws/install/ros2_control_demo_testing/lib/python3.10/site-packages:${PYTHONPATH} /usr/bin/cmake --install /home/orin/ros2_ws/build/ros2_control_demo_example_12
