[4.283s] Invoking command in '/home/orin/ros2_ws/src/hcsr04_sensor': PYTHONPATH=/home/orin/ros2_ws/build/hcsr04_sensor/prefix_override:/usr/lib/python3/dist-packages/colcon_core/task/python/colcon_distutils_commands:/home/orin/ros2_ws/install/hcsr04_sensor/lib/python3.10/site-packages:${PYTHONPATH} /usr/bin/python3 -W ignore:setup.py install is deprecated setup.py egg_info --egg-base ../../build/hcsr04_sensor build --build-base /home/orin/ros2_ws/build/hcsr04_sensor/build install --record /home/orin/ros2_ws/build/hcsr04_sensor/install.log --single-version-externally-managed install_data
[5.500s] /home/orin/.local/lib/python3.10/site-packages/setuptools/_distutils/dist.py:261: UserWarning: Unknown distribution option: 'tests_require'
[5.500s]   warnings.warn(msg)
[5.963s] running egg_info
[5.964s] creating ../../build/hcsr04_sensor/hcsr04_sensor.egg-info
[6.038s] writing ../../build/hcsr04_sensor/hcsr04_sensor.egg-info/PKG-INFO
[6.040s] writing dependency_links to ../../build/hcsr04_sensor/hcsr04_sensor.egg-info/dependency_links.txt
[6.042s] writing entry points to ../../build/hcsr04_sensor/hcsr04_sensor.egg-info/entry_points.txt
[6.045s] writing requirements to ../../build/hcsr04_sensor/hcsr04_sensor.egg-info/requires.txt
[6.045s] writing top-level names to ../../build/hcsr04_sensor/hcsr04_sensor.egg-info/top_level.txt
[6.045s] writing manifest file '../../build/hcsr04_sensor/hcsr04_sensor.egg-info/SOURCES.txt'
[6.197s] reading manifest file '../../build/hcsr04_sensor/hcsr04_sensor.egg-info/SOURCES.txt'
[6.200s] writing manifest file '../../build/hcsr04_sensor/hcsr04_sensor.egg-info/SOURCES.txt'
[6.202s] running build
[6.203s] running build_py
[6.203s] creating /home/orin/ros2_ws/build/hcsr04_sensor/build/lib/hcsr04_sensor
[6.203s] copying hcsr04_sensor/__init__.py -> /home/orin/ros2_ws/build/hcsr04_sensor/build/lib/hcsr04_sensor
[6.209s] copying hcsr04_sensor/hcsr04_subscriber.py -> /home/orin/ros2_ws/build/hcsr04_sensor/build/lib/hcsr04_sensor
[6.209s] copying hcsr04_sensor/hcsr04_publisher.py -> /home/orin/ros2_ws/build/hcsr04_sensor/build/lib/hcsr04_sensor
[6.209s] running install
[6.218s] running install_lib
[6.295s] creating /home/orin/ros2_ws/install/hcsr04_sensor/lib/python3.10/site-packages/hcsr04_sensor
[6.296s] copying /home/orin/ros2_ws/build/hcsr04_sensor/build/lib/hcsr04_sensor/__init__.py -> /home/orin/ros2_ws/install/hcsr04_sensor/lib/python3.10/site-packages/hcsr04_sensor
[6.296s] copying /home/orin/ros2_ws/build/hcsr04_sensor/build/lib/hcsr04_sensor/hcsr04_subscriber.py -> /home/orin/ros2_ws/install/hcsr04_sensor/lib/python3.10/site-packages/hcsr04_sensor
[6.296s] copying /home/orin/ros2_ws/build/hcsr04_sensor/build/lib/hcsr04_sensor/hcsr04_publisher.py -> /home/orin/ros2_ws/install/hcsr04_sensor/lib/python3.10/site-packages/hcsr04_sensor
[6.297s] byte-compiling /home/orin/ros2_ws/install/hcsr04_sensor/lib/python3.10/site-packages/hcsr04_sensor/__init__.py to __init__.cpython-310.pyc
[6.298s] byte-compiling /home/orin/ros2_ws/install/hcsr04_sensor/lib/python3.10/site-packages/hcsr04_sensor/hcsr04_subscriber.py to hcsr04_subscriber.cpython-310.pyc
[6.299s] byte-compiling /home/orin/ros2_ws/install/hcsr04_sensor/lib/python3.10/site-packages/hcsr04_sensor/hcsr04_publisher.py to hcsr04_publisher.cpython-310.pyc
[6.301s] running install_data
[6.302s] creating /home/orin/ros2_ws/install/hcsr04_sensor/share/ament_index/resource_index/packages
[6.303s] copying resource/hcsr04_sensor -> /home/orin/ros2_ws/install/hcsr04_sensor/share/ament_index/resource_index/packages
[6.305s] copying package.xml -> /home/orin/ros2_ws/install/hcsr04_sensor/share/hcsr04_sensor
[6.308s] running install_egg_info
[6.399s] Copying ../../build/hcsr04_sensor/hcsr04_sensor.egg-info to /home/orin/ros2_ws/install/hcsr04_sensor/lib/python3.10/site-packages/hcsr04_sensor-0.0.0-py3.10.egg-info
[6.402s] running install_scripts
[7.243s] Installing hcsr04_publisher script to /home/orin/ros2_ws/install/hcsr04_sensor/lib/hcsr04_sensor
[7.245s] writing list of installed files to '/home/orin/ros2_ws/build/hcsr04_sensor/install.log'
[7.674s] Invoked command in '/home/orin/ros2_ws/src/hcsr04_sensor' returned '0': PYTHONPATH=/home/orin/ros2_ws/build/hcsr04_sensor/prefix_override:/usr/lib/python3/dist-packages/colcon_core/task/python/colcon_distutils_commands:/home/orin/ros2_ws/install/hcsr04_sensor/lib/python3.10/site-packages:${PYTHONPATH} /usr/bin/python3 -W ignore:setup.py install is deprecated setup.py egg_info --egg-base ../../build/hcsr04_sensor build --build-base /home/orin/ros2_ws/build/hcsr04_sensor/build install --record /home/orin/ros2_ws/build/hcsr04_sensor/install.log --single-version-externally-managed install_data
