[4.480s] Invoking command in '/home/orin/ros2_ws/build/examples_rclpy_executors': PYTHONPATH=/home/orin/ros2_ws/build/examples_rclpy_executors/prefix_override:/usr/lib/python3/dist-packages/colcon_core/task/python/colcon_distutils_commands:/home/orin/ros2_ws/install/examples_rclpy_executors/lib/python3.10/site-packages:${PYTHONPATH} /usr/bin/python3 -W ignore:setup.py install is deprecated setup.py develop --editable --build-directory /home/orin/ros2_ws/build/examples_rclpy_executors/build --no-deps symlink_data --force
[5.198s] /home/orin/.local/lib/python3.10/site-packages/setuptools/_distutils/dist.py:261: UserWarning: Unknown distribution option: 'tests_require'
[5.198s]   warnings.warn(msg)
[6.060s] running develop
[6.063s] /home/orin/.local/lib/python3.10/site-packages/setuptools/command/develop.py:41: EasyInstallDeprecationWarning: easy_install command is deprecated.
[6.067s] !!
[6.067s] 
[6.067s]         ********************************************************************************
[6.068s]         Please avoid running ``setup.py`` and ``easy_install``.
[6.068s]         Instead, use pypa/build, pypa/installer or other
[6.068s]         standards-based tools.
[6.068s] 
[6.068s]         See https://github.com/pypa/setuptools/issues/917 for details.
[6.068s]         ********************************************************************************
[6.068s] 
[6.068s] !!
[6.069s]   easy_install.initialize_options(self)
[7.679s] running egg_info
[7.796s] writing examples_rclpy_executors.egg-info/PKG-INFO
[7.800s] writing dependency_links to examples_rclpy_executors.egg-info/dependency_links.txt
[7.803s] writing entry points to examples_rclpy_executors.egg-info/entry_points.txt
[7.804s] writing requirements to examples_rclpy_executors.egg-info/requires.txt
[7.806s] writing top-level names to examples_rclpy_executors.egg-info/top_level.txt
[7.997s] reading manifest file 'examples_rclpy_executors.egg-info/SOURCES.txt'
[8.011s] writing manifest file 'examples_rclpy_executors.egg-info/SOURCES.txt'
[8.091s] running build_ext
[8.091s] Creating /home/orin/ros2_ws/install/examples_rclpy_executors/lib/python3.10/site-packages/examples-rclpy-executors.egg-link (link to .)
[8.099s] Installing callback_group script to /home/orin/ros2_ws/install/examples_rclpy_executors/lib/examples_rclpy_executors
[8.101s] Installing composed script to /home/orin/ros2_ws/install/examples_rclpy_executors/lib/examples_rclpy_executors
[8.101s] Installing custom_callback_group script to /home/orin/ros2_ws/install/examples_rclpy_executors/lib/examples_rclpy_executors
[8.101s] Installing custom_executor script to /home/orin/ros2_ws/install/examples_rclpy_executors/lib/examples_rclpy_executors
[8.103s] Installing listener script to /home/orin/ros2_ws/install/examples_rclpy_executors/lib/examples_rclpy_executors
[8.103s] Installing talker script to /home/orin/ros2_ws/install/examples_rclpy_executors/lib/examples_rclpy_executors
[8.105s] 
[8.105s] Installed /home/orin/ros2_ws/build/examples_rclpy_executors
[8.106s] running symlink_data
[8.106s] symbolically linking /home/orin/ros2_ws/build/examples_rclpy_executors/resource/examples_rclpy_executors -> /home/orin/ros2_ws/install/examples_rclpy_executors/share/ament_index/resource_index/packages
[8.106s] symbolically linking /home/orin/ros2_ws/build/examples_rclpy_executors/package.xml -> /home/orin/ros2_ws/install/examples_rclpy_executors/share/examples_rclpy_executors
[8.263s] Invoked command in '/home/orin/ros2_ws/build/examples_rclpy_executors' returned '0': PYTHONPATH=/home/orin/ros2_ws/build/examples_rclpy_executors/prefix_override:/usr/lib/python3/dist-packages/colcon_core/task/python/colcon_distutils_commands:/home/orin/ros2_ws/install/examples_rclpy_executors/lib/python3.10/site-packages:${PYTHONPATH} /usr/bin/python3 -W ignore:setup.py install is deprecated setup.py develop --editable --build-directory /home/orin/ros2_ws/build/examples_rclpy_executors/build --no-deps symlink_data --force
