[14.182s] Invoking command in '/home/orin/ros2_ws/build/hcsr04_sensor': PYTHONPATH=/home/orin/ros2_ws/build/hcsr04_sensor/prefix_override:/usr/lib/python3/dist-packages/colcon_core/task/python/colcon_distutils_commands:/home/orin/ros2_ws/install/hcsr04_sensor/lib/python3.10/site-packages:${PYTHONPATH} /usr/bin/python3 -W ignore:setup.py install is deprecated setup.py develop --editable --build-directory /home/orin/ros2_ws/build/hcsr04_sensor/build --no-deps symlink_data
[15.521s] /home/orin/.local/lib/python3.10/site-packages/setuptools/_distutils/dist.py:261: UserWarning: Unknown distribution option: 'tests_require'
[15.523s]   warnings.warn(msg)
[17.310s] running develop
[17.310s] /home/orin/.local/lib/python3.10/site-packages/setuptools/command/develop.py:41: EasyInstallDeprecationWarning: easy_install command is deprecated.
[17.310s] !!
[17.311s] 
[17.311s]         ********************************************************************************
[17.311s]         Please avoid running ``setup.py`` and ``easy_install``.
[17.314s]         Instead, use pypa/build, pypa/installer or other
[17.315s]         standards-based tools.
[17.315s] 
[17.315s]         See https://github.com/pypa/setuptools/issues/917 for details.
[17.315s]         ********************************************************************************
[17.315s] 
[17.315s] !!
[17.315s]   easy_install.initialize_options(self)
[19.857s] running egg_info
[20.048s] writing hcsr04_sensor.egg-info/PKG-INFO
[20.051s] writing dependency_links to hcsr04_sensor.egg-info/dependency_links.txt
[20.052s] writing entry points to hcsr04_sensor.egg-info/entry_points.txt
[20.052s] writing requirements to hcsr04_sensor.egg-info/requires.txt
[20.055s] writing top-level names to hcsr04_sensor.egg-info/top_level.txt
[20.307s] reading manifest file 'hcsr04_sensor.egg-info/SOURCES.txt'
[20.320s] writing manifest file 'hcsr04_sensor.egg-info/SOURCES.txt'
[20.572s] running build_ext
[20.573s] Creating /home/orin/ros2_ws/install/hcsr04_sensor/lib/python3.10/site-packages/hcsr04-sensor.egg-link (link to .)
[20.580s] Installing hcsr04_publisher script to /home/orin/ros2_ws/install/hcsr04_sensor/lib/hcsr04_sensor
[20.584s] 
[20.588s] Installed /home/orin/ros2_ws/build/hcsr04_sensor
[20.591s] running symlink_data
