[2.403s] Invoking command in '/home/orin/ros2_ws/src/keyboard_teleop': PYTHONPATH=/home/orin/ros2_ws/build/keyboard_teleop/prefix_override:/usr/lib/python3/dist-packages/colcon_core/task/python/colcon_distutils_commands:/home/orin/ros2_ws/install/keyboard_teleop/lib/python3.10/site-packages:${PYTHONPATH} /usr/bin/python3 -W ignore:setup.py install is deprecated -W ignore:easy_install command is deprecated setup.py egg_info --egg-base ../../build/keyboard_teleop build --build-base /home/orin/ros2_ws/build/keyboard_teleop/build install --record /home/orin/ros2_ws/build/keyboard_teleop/install.log --single-version-externally-managed install_data
[3.216s] running egg_info
[3.274s] writing ../../build/keyboard_teleop/keyboard_teleop.egg-info/PKG-INFO
[3.275s] writing dependency_links to ../../build/keyboard_teleop/keyboard_teleop.egg-info/dependency_links.txt
[3.275s] writing entry points to ../../build/keyboard_teleop/keyboard_teleop.egg-info/entry_points.txt
[3.276s] writing requirements to ../../build/keyboard_teleop/keyboard_teleop.egg-info/requires.txt
[3.276s] writing top-level names to ../../build/keyboard_teleop/keyboard_teleop.egg-info/top_level.txt
[3.390s] reading manifest file '../../build/keyboard_teleop/keyboard_teleop.egg-info/SOURCES.txt'
[3.392s] writing manifest file '../../build/keyboard_teleop/keyboard_teleop.egg-info/SOURCES.txt'
[3.393s] running build
[3.393s] running build_py
[3.394s] copying keyboard_teleop/__init__.py -> /home/orin/ros2_ws/build/keyboard_teleop/build/lib/keyboard_teleop
[3.394s] copying keyboard_teleop/keyboard_teleop.py -> /home/orin/ros2_ws/build/keyboard_teleop/build/lib/keyboard_teleop
[3.395s] running install
[3.411s] running install_lib
[3.478s] copying /home/orin/ros2_ws/build/keyboard_teleop/build/lib/keyboard_teleop/keyboard_teleop.py -> /home/orin/ros2_ws/install/keyboard_teleop/lib/python3.10/site-packages/keyboard_teleop
[3.479s] byte-compiling /home/orin/ros2_ws/install/keyboard_teleop/lib/python3.10/site-packages/keyboard_teleop/keyboard_teleop.py to keyboard_teleop.cpython-310.pyc
[3.483s] running install_data
[3.483s] copying resource/keyboard_teleop -> /home/orin/ros2_ws/install/keyboard_teleop/share/ament_index/resource_index/packages
[3.483s] copying package.xml -> /home/orin/ros2_ws/install/keyboard_teleop/share/keyboard_teleop
[3.483s] running install_egg_info
[3.541s] removing '/home/orin/ros2_ws/install/keyboard_teleop/lib/python3.10/site-packages/keyboard_teleop-0.0.0-py3.10.egg-info' (and everything under it)
[3.542s] Copying ../../build/keyboard_teleop/keyboard_teleop.egg-info to /home/orin/ros2_ws/install/keyboard_teleop/lib/python3.10/site-packages/keyboard_teleop-0.0.0-py3.10.egg-info
[3.545s] running install_scripts
[4.020s] Installing keyboard_teleop script to /home/orin/ros2_ws/install/keyboard_teleop/lib/keyboard_teleop
[4.021s] writing list of installed files to '/home/orin/ros2_ws/build/keyboard_teleop/install.log'
[4.119s] Invoked command in '/home/orin/ros2_ws/src/keyboard_teleop' returned '0': PYTHONPATH=/home/orin/ros2_ws/build/keyboard_teleop/prefix_override:/usr/lib/python3/dist-packages/colcon_core/task/python/colcon_distutils_commands:/home/orin/ros2_ws/install/keyboard_teleop/lib/python3.10/site-packages:${PYTHONPATH} /usr/bin/python3 -W ignore:setup.py install is deprecated -W ignore:easy_install command is deprecated setup.py egg_info --egg-base ../../build/keyboard_teleop build --build-base /home/orin/ros2_ws/build/keyboard_teleop/build install --record /home/orin/ros2_ws/build/keyboard_teleop/install.log --single-version-externally-managed install_data
