[0.216s] Invoking command in '/home/orin/ros2_ws/build/depthai_ros_msgs': CMAKE_PREFIX_PATH=/home/orin/ros2_ws/install/sllidar_ros2:/home/orin/ros2_ws/install/ros2_control_demos:/home/orin/ros2_ws/install/ros2_control_demo_example_9:/home/orin/ros2_ws/install/ros2_control_demo_example_8:/home/orin/ros2_ws/install/ros2_control_demo_example_7:/home/orin/ros2_ws/install/ros2_control_demo_example_6:/home/orin/ros2_ws/install/ros2_control_demo_example_15:/home/orin/ros2_ws/install/ros2_control_demo_example_13:/home/orin/ros2_ws/install/ros2_control_demo_example_5:/home/orin/ros2_ws/install/ros2_control_demo_example_4:/home/orin/ros2_ws/install/ros2_control_demo_example_3:/home/orin/ros2_ws/install/ros2_control_demo_example_2:/home/orin/ros2_ws/install/ros2_control_demo_example_14:/home/orin/ros2_ws/install/ros2_control_demo_example_12:/home/orin/ros2_ws/install/ros2_control_demo_example_11:/home/orin/ros2_ws/install/ros2_control_demo_example_10:/home/orin/ros2_ws/install/ros2_control_demo_example_1:/home/orin/ros2_ws/install/my_bot_description:/home/orin/ros2_ws/install/ros2_control_demo_description:/home/orin/ros2_ws/install/my_bot_imu:/home/orin/ros2_ws/install/wheel_encoder_odometry:/home/orin/ros2_ws/install/simple_map_test:/home/orin/ros2_ws/install/ros2_control_demo_testing:/home/orin/ros2_ws/install/launch_testing_examples:/home/orin/ros2_ws/install/hcsr04_sensor:/home/orin/ros2_ws/install/examples_rclpy_pointcloud_publisher:/home/orin/ros2_ws/install/examples_rclpy_minimal_subscriber:/home/orin/ros2_ws/install/examples_rclpy_minimal_service:/home/orin/ros2_ws/install/examples_rclpy_minimal_publisher:/home/orin/ros2_ws/install/examples_rclpy_minimal_client:/home/orin/ros2_ws/install/examples_rclpy_minimal_action_server:/home/orin/ros2_ws/install/examples_rclpy_minimal_action_client:/home/orin/ros2_ws/install/examples_rclpy_guard_conditions:/home/orin/ros2_ws/install/examples_rclpy_executors:/home/orin/ros2_ws/install/encoder_ultrasonic_package:/home/orin/ros2_ws/install/arduino_odometry:/home/orin/ros2_ws/install/arduino_encoder_odom:/opt/ros/humble:/home/orin/ros2_ws/install/mobile_robot_description:/home/orin/ros2_ws/install/image_geometry:/home/orin/ros2_ws/install/gazebo_dev:/home/orin/ros2_ws/install/examples_rclcpp_wait_set:/home/orin/ros2_ws/install/examples_rclcpp_multithreaded_executor:/home/orin/ros2_ws/install/examples_rclcpp_minimal_timer:/home/orin/ros2_ws/install/examples_rclcpp_minimal_subscriber:/home/orin/ros2_ws/install/examples_rclcpp_minimal_service:/home/orin/ros2_ws/install/examples_rclcpp_minimal_publisher:/home/orin/ros2_ws/install/examples_rclcpp_minimal_composition:/home/orin/ros2_ws/install/examples_rclcpp_minimal_client:/home/orin/ros2_ws/install/examples_rclcpp_minimal_action_server:/home/orin/ros2_ws/install/examples_rclcpp_minimal_action_client:/home/orin/ros2_ws/install/examples_rclcpp_cbg_executor:/home/orin/ros2_ws/install/examples_rclcpp_async_client:/home/orin/ros2_ws/install/diffdrive_arduino:/home/orin/ros2_ws/install/diffbot_description:/home/orin/ros2_ws/install/depthai-ros:/home/orin/ros2_ws/install/depthai_ros_driver:/home/orin/ros2_ws/install/depthai_filters:/home/orin/ros2_ws/install/depthai_examples:/home/orin/ros2_ws/install/depthai_bridge:/home/orin/ros2_ws/install/depthai_ros_msgs:/home/orin/ros2_ws/install/depthai_descriptions:/home/orin/ros2_ws/install/cv_bridge:/home/orin/ros2_ws/install/articubot_one:/home/orin/ros2_ws/install/arduino_serial_comm /usr/bin/cmake --build /home/orin/ros2_ws/build/depthai_ros_msgs -- -j6 -l6
[1.813s] [ 12%] Built target depthai_ros_msgs__rosidl_generator_c
[1.814s] [ 12%] Built target depthai_ros_msgs__cpp
[1.815s] [ 12%] Built target ament_cmake_python_symlink_depthai_ros_msgs
[1.815s] [ 31%] Built target depthai_ros_msgs__rosidl_typesupport_introspection_c
[1.815s] [ 36%] Built target depthai_ros_msgs__rosidl_typesupport_c
[1.817s] [ 48%] Built target depthai_ros_msgs__rosidl_typesupport_fastrtps_c
[1.817s] [ 60%] Built target depthai_ros_msgs__rosidl_typesupport_introspection_cpp
[1.818s] [ 72%] Built target depthai_ros_msgs__rosidl_typesupport_cpp
[1.819s] [ 83%] Built target depthai_ros_msgs__rosidl_typesupport_fastrtps_cpp
[1.819s] [ 83%] Built target depthai_ros_msgs
[1.819s] [ 84%] Built target depthai_ros_msgs__py
[1.820s] [ 95%] Built target depthai_ros_msgs__rosidl_generator_py
[1.820s] [ 97%] Built target depthai_ros_msgs__rosidl_typesupport_fastrtps_c__pyext
[1.821s] [ 99%] Built target depthai_ros_msgs__rosidl_typesupport_introspection_c__pyext
[1.822s] [100%] Built target depthai_ros_msgs__rosidl_typesupport_c__pyext
[1.822s] running egg_info
[1.823s] writing depthai_ros_msgs.egg-info/PKG-INFO
[1.824s] writing dependency_links to depthai_ros_msgs.egg-info/dependency_links.txt
[1.824s] writing top-level names to depthai_ros_msgs.egg-info/top_level.txt
[1.824s] reading manifest file 'depthai_ros_msgs.egg-info/SOURCES.txt'
[1.824s] writing manifest file 'depthai_ros_msgs.egg-info/SOURCES.txt'
[1.824s] [100%] Built target ament_cmake_python_build_depthai_ros_msgs_egg
[1.856s] Invoked command in '/home/orin/ros2_ws/build/depthai_ros_msgs' returned '0': CMAKE_PREFIX_PATH=/home/orin/ros2_ws/install/sllidar_ros2:/home/orin/ros2_ws/install/ros2_control_demos:/home/orin/ros2_ws/install/ros2_control_demo_example_9:/home/orin/ros2_ws/install/ros2_control_demo_example_8:/home/orin/ros2_ws/install/ros2_control_demo_example_7:/home/orin/ros2_ws/install/ros2_control_demo_example_6:/home/orin/ros2_ws/install/ros2_control_demo_example_15:/home/orin/ros2_ws/install/ros2_control_demo_example_13:/home/orin/ros2_ws/install/ros2_control_demo_example_5:/home/orin/ros2_ws/install/ros2_control_demo_example_4:/home/orin/ros2_ws/install/ros2_control_demo_example_3:/home/orin/ros2_ws/install/ros2_control_demo_example_2:/home/orin/ros2_ws/install/ros2_control_demo_example_14:/home/orin/ros2_ws/install/ros2_control_demo_example_12:/home/orin/ros2_ws/install/ros2_control_demo_example_11:/home/orin/ros2_ws/install/ros2_control_demo_example_10:/home/orin/ros2_ws/install/ros2_control_demo_example_1:/home/orin/ros2_ws/install/my_bot_description:/home/orin/ros2_ws/install/ros2_control_demo_description:/home/orin/ros2_ws/install/my_bot_imu:/home/orin/ros2_ws/install/wheel_encoder_odometry:/home/orin/ros2_ws/install/simple_map_test:/home/orin/ros2_ws/install/ros2_control_demo_testing:/home/orin/ros2_ws/install/launch_testing_examples:/home/orin/ros2_ws/install/hcsr04_sensor:/home/orin/ros2_ws/install/examples_rclpy_pointcloud_publisher:/home/orin/ros2_ws/install/examples_rclpy_minimal_subscriber:/home/orin/ros2_ws/install/examples_rclpy_minimal_service:/home/orin/ros2_ws/install/examples_rclpy_minimal_publisher:/home/orin/ros2_ws/install/examples_rclpy_minimal_client:/home/orin/ros2_ws/install/examples_rclpy_minimal_action_server:/home/orin/ros2_ws/install/examples_rclpy_minimal_action_client:/home/orin/ros2_ws/install/examples_rclpy_guard_conditions:/home/orin/ros2_ws/install/examples_rclpy_executors:/home/orin/ros2_ws/install/encoder_ultrasonic_package:/home/orin/ros2_ws/install/arduino_odometry:/home/orin/ros2_ws/install/arduino_encoder_odom:/opt/ros/humble:/home/orin/ros2_ws/install/mobile_robot_description:/home/orin/ros2_ws/install/image_geometry:/home/orin/ros2_ws/install/gazebo_dev:/home/orin/ros2_ws/install/examples_rclcpp_wait_set:/home/orin/ros2_ws/install/examples_rclcpp_multithreaded_executor:/home/orin/ros2_ws/install/examples_rclcpp_minimal_timer:/home/orin/ros2_ws/install/examples_rclcpp_minimal_subscriber:/home/orin/ros2_ws/install/examples_rclcpp_minimal_service:/home/orin/ros2_ws/install/examples_rclcpp_minimal_publisher:/home/orin/ros2_ws/install/examples_rclcpp_minimal_composition:/home/orin/ros2_ws/install/examples_rclcpp_minimal_client:/home/orin/ros2_ws/install/examples_rclcpp_minimal_action_server:/home/orin/ros2_ws/install/examples_rclcpp_minimal_action_client:/home/orin/ros2_ws/install/examples_rclcpp_cbg_executor:/home/orin/ros2_ws/install/examples_rclcpp_async_client:/home/orin/ros2_ws/install/diffdrive_arduino:/home/orin/ros2_ws/install/diffbot_description:/home/orin/ros2_ws/install/depthai-ros:/home/orin/ros2_ws/install/depthai_ros_driver:/home/orin/ros2_ws/install/depthai_filters:/home/orin/ros2_ws/install/depthai_examples:/home/orin/ros2_ws/install/depthai_bridge:/home/orin/ros2_ws/install/depthai_ros_msgs:/home/orin/ros2_ws/install/depthai_descriptions:/home/orin/ros2_ws/install/cv_bridge:/home/orin/ros2_ws/install/articubot_one:/home/orin/ros2_ws/install/arduino_serial_comm /usr/bin/cmake --build /home/orin/ros2_ws/build/depthai_ros_msgs -- -j6 -l6
[1.862s] Invoking command in '/home/orin/ros2_ws/build/depthai_ros_msgs': CMAKE_PREFIX_PATH=/home/orin/ros2_ws/install/sllidar_ros2:/home/orin/ros2_ws/install/ros2_control_demos:/home/orin/ros2_ws/install/ros2_control_demo_example_9:/home/orin/ros2_ws/install/ros2_control_demo_example_8:/home/orin/ros2_ws/install/ros2_control_demo_example_7:/home/orin/ros2_ws/install/ros2_control_demo_example_6:/home/orin/ros2_ws/install/ros2_control_demo_example_15:/home/orin/ros2_ws/install/ros2_control_demo_example_13:/home/orin/ros2_ws/install/ros2_control_demo_example_5:/home/orin/ros2_ws/install/ros2_control_demo_example_4:/home/orin/ros2_ws/install/ros2_control_demo_example_3:/home/orin/ros2_ws/install/ros2_control_demo_example_2:/home/orin/ros2_ws/install/ros2_control_demo_example_14:/home/orin/ros2_ws/install/ros2_control_demo_example_12:/home/orin/ros2_ws/install/ros2_control_demo_example_11:/home/orin/ros2_ws/install/ros2_control_demo_example_10:/home/orin/ros2_ws/install/ros2_control_demo_example_1:/home/orin/ros2_ws/install/my_bot_description:/home/orin/ros2_ws/install/ros2_control_demo_description:/home/orin/ros2_ws/install/my_bot_imu:/home/orin/ros2_ws/install/wheel_encoder_odometry:/home/orin/ros2_ws/install/simple_map_test:/home/orin/ros2_ws/install/ros2_control_demo_testing:/home/orin/ros2_ws/install/launch_testing_examples:/home/orin/ros2_ws/install/hcsr04_sensor:/home/orin/ros2_ws/install/examples_rclpy_pointcloud_publisher:/home/orin/ros2_ws/install/examples_rclpy_minimal_subscriber:/home/orin/ros2_ws/install/examples_rclpy_minimal_service:/home/orin/ros2_ws/install/examples_rclpy_minimal_publisher:/home/orin/ros2_ws/install/examples_rclpy_minimal_client:/home/orin/ros2_ws/install/examples_rclpy_minimal_action_server:/home/orin/ros2_ws/install/examples_rclpy_minimal_action_client:/home/orin/ros2_ws/install/examples_rclpy_guard_conditions:/home/orin/ros2_ws/install/examples_rclpy_executors:/home/orin/ros2_ws/install/encoder_ultrasonic_package:/home/orin/ros2_ws/install/arduino_odometry:/home/orin/ros2_ws/install/arduino_encoder_odom:/opt/ros/humble:/home/orin/ros2_ws/install/mobile_robot_description:/home/orin/ros2_ws/install/image_geometry:/home/orin/ros2_ws/install/gazebo_dev:/home/orin/ros2_ws/install/examples_rclcpp_wait_set:/home/orin/ros2_ws/install/examples_rclcpp_multithreaded_executor:/home/orin/ros2_ws/install/examples_rclcpp_minimal_timer:/home/orin/ros2_ws/install/examples_rclcpp_minimal_subscriber:/home/orin/ros2_ws/install/examples_rclcpp_minimal_service:/home/orin/ros2_ws/install/examples_rclcpp_minimal_publisher:/home/orin/ros2_ws/install/examples_rclcpp_minimal_composition:/home/orin/ros2_ws/install/examples_rclcpp_minimal_client:/home/orin/ros2_ws/install/examples_rclcpp_minimal_action_server:/home/orin/ros2_ws/install/examples_rclcpp_minimal_action_client:/home/orin/ros2_ws/install/examples_rclcpp_cbg_executor:/home/orin/ros2_ws/install/examples_rclcpp_async_client:/home/orin/ros2_ws/install/diffdrive_arduino:/home/orin/ros2_ws/install/diffbot_description:/home/orin/ros2_ws/install/depthai-ros:/home/orin/ros2_ws/install/depthai_ros_driver:/home/orin/ros2_ws/install/depthai_filters:/home/orin/ros2_ws/install/depthai_examples:/home/orin/ros2_ws/install/depthai_bridge:/home/orin/ros2_ws/install/depthai_ros_msgs:/home/orin/ros2_ws/install/depthai_descriptions:/home/orin/ros2_ws/install/cv_bridge:/home/orin/ros2_ws/install/articubot_one:/home/orin/ros2_ws/install/arduino_serial_comm /usr/bin/cmake --install /home/orin/ros2_ws/build/depthai_ros_msgs
[1.918s] -- Install configuration: "Release"
[1.919s] -- Execute custom install script
[1.919s] -- Up-to-date symlink: /home/orin/ros2_ws/install/depthai_ros_msgs/share/ament_index/resource_index/rosidl_interfaces/depthai_ros_msgs
[1.919s] -- Up-to-date symlink: /home/orin/ros2_ws/install/depthai_ros_msgs/include/depthai_ros_msgs/depthai_ros_msgs/msg/auto_focus_ctrl.h
[1.919s] -- Up-to-date symlink: /home/orin/ros2_ws/install/depthai_ros_msgs/include/depthai_ros_msgs/depthai_ros_msgs/msg/detail/auto_focus_ctrl__functions.h
[1.920s] -- Up-to-date symlink: /home/orin/ros2_ws/install/depthai_ros_msgs/include/depthai_ros_msgs/depthai_ros_msgs/msg/detail/auto_focus_ctrl__struct.h
[1.920s] -- Up-to-date symlink: /home/orin/ros2_ws/install/depthai_ros_msgs/include/depthai_ros_msgs/depthai_ros_msgs/msg/detail/auto_focus_ctrl__type_support.h
[1.920s] -- Up-to-date symlink: /home/orin/ros2_ws/install/depthai_ros_msgs/include/depthai_ros_msgs/depthai_ros_msgs/msg/detail/hand_landmark__functions.h
[1.920s] -- Up-to-date symlink: /home/orin/ros2_ws/install/depthai_ros_msgs/include/depthai_ros_msgs/depthai_ros_msgs/msg/detail/hand_landmark__struct.h
[1.920s] -- Up-to-date symlink: /home/orin/ros2_ws/install/depthai_ros_msgs/include/depthai_ros_msgs/depthai_ros_msgs/msg/detail/hand_landmark__type_support.h
[1.921s] -- Up-to-date symlink: /home/orin/ros2_ws/install/depthai_ros_msgs/include/depthai_ros_msgs/depthai_ros_msgs/msg/detail/hand_landmark_array__functions.h
[1.921s] -- Up-to-date symlink: /home/orin/ros2_ws/install/depthai_ros_msgs/include/depthai_ros_msgs/depthai_ros_msgs/msg/detail/hand_landmark_array__struct.h
[1.922s] -- Up-to-date symlink: /home/orin/ros2_ws/install/depthai_ros_msgs/include/depthai_ros_msgs/depthai_ros_msgs/msg/detail/hand_landmark_array__type_support.h
[1.923s] -- Up-to-date symlink: /home/orin/ros2_ws/install/depthai_ros_msgs/include/depthai_ros_msgs/depthai_ros_msgs/msg/detail/imu_with_magnetic_field__functions.h
[1.923s] -- Up-to-date symlink: /home/orin/ros2_ws/install/depthai_ros_msgs/include/depthai_ros_msgs/depthai_ros_msgs/msg/detail/imu_with_magnetic_field__struct.h
[1.923s] -- Up-to-date symlink: /home/orin/ros2_ws/install/depthai_ros_msgs/include/depthai_ros_msgs/depthai_ros_msgs/msg/detail/imu_with_magnetic_field__type_support.h
[1.923s] -- Up-to-date symlink: /home/orin/ros2_ws/install/depthai_ros_msgs/include/depthai_ros_msgs/depthai_ros_msgs/msg/detail/spatial_detection__functions.h
[1.923s] -- Up-to-date symlink: /home/orin/ros2_ws/install/depthai_ros_msgs/include/depthai_ros_msgs/depthai_ros_msgs/msg/detail/spatial_detection__struct.h
[1.923s] -- Up-to-date symlink: /home/orin/ros2_ws/install/depthai_ros_msgs/include/depthai_ros_msgs/depthai_ros_msgs/msg/detail/spatial_detection__type_support.h
[1.923s] -- Up-to-date symlink: /home/orin/ros2_ws/install/depthai_ros_msgs/include/depthai_ros_msgs/depthai_ros_msgs/msg/detail/spatial_detection_array__functions.h
[1.924s] -- Up-to-date symlink: /home/orin/ros2_ws/install/depthai_ros_msgs/include/depthai_ros_msgs/depthai_ros_msgs/msg/detail/spatial_detection_array__struct.h
[1.924s] -- Up-to-date symlink: /home/orin/ros2_ws/install/depthai_ros_msgs/include/depthai_ros_msgs/depthai_ros_msgs/msg/detail/spatial_detection_array__type_support.h
[1.924s] -- Up-to-date symlink: /home/orin/ros2_ws/install/depthai_ros_msgs/include/depthai_ros_msgs/depthai_ros_msgs/msg/detail/track_detection2_d__functions.h
[1.924s] -- Up-to-date symlink: /home/orin/ros2_ws/install/depthai_ros_msgs/include/depthai_ros_msgs/depthai_ros_msgs/msg/detail/track_detection2_d__struct.h
[1.924s] -- Up-to-date symlink: /home/orin/ros2_ws/install/depthai_ros_msgs/include/depthai_ros_msgs/depthai_ros_msgs/msg/detail/track_detection2_d__type_support.h
[1.924s] -- Up-to-date symlink: /home/orin/ros2_ws/install/depthai_ros_msgs/include/depthai_ros_msgs/depthai_ros_msgs/msg/detail/track_detection2_d_array__functions.h
[1.924s] -- Up-to-date symlink: /home/orin/ros2_ws/install/depthai_ros_msgs/include/depthai_ros_msgs/depthai_ros_msgs/msg/detail/track_detection2_d_array__struct.h
[1.925s] -- Up-to-date symlink: /home/orin/ros2_ws/install/depthai_ros_msgs/include/depthai_ros_msgs/depthai_ros_msgs/msg/detail/track_detection2_d_array__type_support.h
[1.925s] -- Up-to-date symlink: /home/orin/ros2_ws/install/depthai_ros_msgs/include/depthai_ros_msgs/depthai_ros_msgs/msg/detail/tracked_feature__functions.h
[1.925s] -- Up-to-date symlink: /home/orin/ros2_ws/install/depthai_ros_msgs/include/depthai_ros_msgs/depthai_ros_msgs/msg/detail/tracked_feature__struct.h
[1.925s] -- Up-to-date symlink: /home/orin/ros2_ws/install/depthai_ros_msgs/include/depthai_ros_msgs/depthai_ros_msgs/msg/detail/tracked_feature__type_support.h
[1.925s] -- Up-to-date symlink: /home/orin/ros2_ws/install/depthai_ros_msgs/include/depthai_ros_msgs/depthai_ros_msgs/msg/detail/tracked_features__functions.h
[1.925s] -- Up-to-date symlink: /home/orin/ros2_ws/install/depthai_ros_msgs/include/depthai_ros_msgs/depthai_ros_msgs/msg/detail/tracked_features__struct.h
[1.925s] -- Up-to-date symlink: /home/orin/ros2_ws/install/depthai_ros_msgs/include/depthai_ros_msgs/depthai_ros_msgs/msg/detail/tracked_features__type_support.h
[1.926s] -- Up-to-date symlink: /home/orin/ros2_ws/install/depthai_ros_msgs/include/depthai_ros_msgs/depthai_ros_msgs/msg/hand_landmark.h
[1.926s] -- Up-to-date symlink: /home/orin/ros2_ws/install/depthai_ros_msgs/include/depthai_ros_msgs/depthai_ros_msgs/msg/hand_landmark_array.h
[1.926s] -- Up-to-date symlink: /home/orin/ros2_ws/install/depthai_ros_msgs/include/depthai_ros_msgs/depthai_ros_msgs/msg/imu_with_magnetic_field.h
[1.927s] -- Up-to-date symlink: /home/orin/ros2_ws/install/depthai_ros_msgs/include/depthai_ros_msgs/depthai_ros_msgs/msg/rosidl_generator_c__visibility_control.h
[1.927s] -- Up-to-date symlink: /home/orin/ros2_ws/install/depthai_ros_msgs/include/depthai_ros_msgs/depthai_ros_msgs/msg/spatial_detection.h
[1.927s] -- Up-to-date symlink: /home/orin/ros2_ws/install/depthai_ros_msgs/include/depthai_ros_msgs/depthai_ros_msgs/msg/spatial_detection_array.h
[1.927s] -- Up-to-date symlink: /home/orin/ros2_ws/install/depthai_ros_msgs/include/depthai_ros_msgs/depthai_ros_msgs/msg/track_detection2_d.h
[1.927s] -- Up-to-date symlink: /home/orin/ros2_ws/install/depthai_ros_msgs/include/depthai_ros_msgs/depthai_ros_msgs/msg/track_detection2_d_array.h
[1.928s] -- Up-to-date symlink: /home/orin/ros2_ws/install/depthai_ros_msgs/include/depthai_ros_msgs/depthai_ros_msgs/msg/tracked_feature.h
[1.928s] -- Up-to-date symlink: /home/orin/ros2_ws/install/depthai_ros_msgs/include/depthai_ros_msgs/depthai_ros_msgs/msg/tracked_features.h
[1.928s] -- Up-to-date symlink: /home/orin/ros2_ws/install/depthai_ros_msgs/include/depthai_ros_msgs/depthai_ros_msgs/srv/detail/normalized_image_crop__functions.h
[1.928s] -- Up-to-date symlink: /home/orin/ros2_ws/install/depthai_ros_msgs/include/depthai_ros_msgs/depthai_ros_msgs/srv/detail/normalized_image_crop__struct.h
[1.928s] -- Up-to-date symlink: /home/orin/ros2_ws/install/depthai_ros_msgs/include/depthai_ros_msgs/depthai_ros_msgs/srv/detail/normalized_image_crop__type_support.h
[1.928s] -- Up-to-date symlink: /home/orin/ros2_ws/install/depthai_ros_msgs/include/depthai_ros_msgs/depthai_ros_msgs/srv/detail/trigger_named__functions.h
[1.928s] -- Up-to-date symlink: /home/orin/ros2_ws/install/depthai_ros_msgs/include/depthai_ros_msgs/depthai_ros_msgs/srv/detail/trigger_named__struct.h
[1.929s] -- Up-to-date symlink: /home/orin/ros2_ws/install/depthai_ros_msgs/include/depthai_ros_msgs/depthai_ros_msgs/srv/detail/trigger_named__type_support.h
[1.929s] -- Up-to-date symlink: /home/orin/ros2_ws/install/depthai_ros_msgs/include/depthai_ros_msgs/depthai_ros_msgs/srv/normalized_image_crop.h
[1.929s] -- Up-to-date symlink: /home/orin/ros2_ws/install/depthai_ros_msgs/include/depthai_ros_msgs/depthai_ros_msgs/srv/trigger_named.h
[1.929s] -- Up-to-date symlink: /home/orin/ros2_ws/install/depthai_ros_msgs/share/depthai_ros_msgs/environment/library_path.sh
[1.929s] -- Up-to-date symlink: /home/orin/ros2_ws/install/depthai_ros_msgs/share/depthai_ros_msgs/environment/library_path.dsv
[1.929s] -- Up-to-date symlink: /home/orin/ros2_ws/install/depthai_ros_msgs/include/depthai_ros_msgs/depthai_ros_msgs/msg/detail/auto_focus_ctrl__rosidl_typesupport_fastrtps_c.h
[1.929s] -- Up-to-date symlink: /home/orin/ros2_ws/install/depthai_ros_msgs/include/depthai_ros_msgs/depthai_ros_msgs/msg/detail/hand_landmark__rosidl_typesupport_fastrtps_c.h
[1.930s] -- Up-to-date symlink: /home/orin/ros2_ws/install/depthai_ros_msgs/include/depthai_ros_msgs/depthai_ros_msgs/msg/detail/hand_landmark_array__rosidl_typesupport_fastrtps_c.h
[1.930s] -- Up-to-date symlink: /home/orin/ros2_ws/install/depthai_ros_msgs/include/depthai_ros_msgs/depthai_ros_msgs/msg/detail/imu_with_magnetic_field__rosidl_typesupport_fastrtps_c.h
[1.930s] -- Up-to-date symlink: /home/orin/ros2_ws/install/depthai_ros_msgs/include/depthai_ros_msgs/depthai_ros_msgs/msg/detail/spatial_detection__rosidl_typesupport_fastrtps_c.h
[1.930s] -- Up-to-date symlink: /home/orin/ros2_ws/install/depthai_ros_msgs/include/depthai_ros_msgs/depthai_ros_msgs/msg/detail/spatial_detection_array__rosidl_typesupport_fastrtps_c.h
[1.930s] -- Up-to-date symlink: /home/orin/ros2_ws/install/depthai_ros_msgs/include/depthai_ros_msgs/depthai_ros_msgs/msg/detail/track_detection2_d__rosidl_typesupport_fastrtps_c.h
[1.930s] -- Up-to-date symlink: /home/orin/ros2_ws/install/depthai_ros_msgs/include/depthai_ros_msgs/depthai_ros_msgs/msg/detail/track_detection2_d_array__rosidl_typesupport_fastrtps_c.h
[1.931s] -- Up-to-date symlink: /home/orin/ros2_ws/install/depthai_ros_msgs/include/depthai_ros_msgs/depthai_ros_msgs/msg/detail/tracked_feature__rosidl_typesupport_fastrtps_c.h
[1.931s] -- Up-to-date symlink: /home/orin/ros2_ws/install/depthai_ros_msgs/include/depthai_ros_msgs/depthai_ros_msgs/msg/detail/tracked_features__rosidl_typesupport_fastrtps_c.h
[1.931s] -- Up-to-date symlink: /home/orin/ros2_ws/install/depthai_ros_msgs/include/depthai_ros_msgs/depthai_ros_msgs/msg/rosidl_typesupport_fastrtps_c__visibility_control.h
[1.931s] -- Up-to-date symlink: /home/orin/ros2_ws/install/depthai_ros_msgs/include/depthai_ros_msgs/depthai_ros_msgs/srv/detail/normalized_image_crop__rosidl_typesupport_fastrtps_c.h
[1.931s] -- Up-to-date symlink: /home/orin/ros2_ws/install/depthai_ros_msgs/include/depthai_ros_msgs/depthai_ros_msgs/srv/detail/trigger_named__rosidl_typesupport_fastrtps_c.h
[1.931s] -- Up-to-date symlink: /home/orin/ros2_ws/install/depthai_ros_msgs/include/depthai_ros_msgs/depthai_ros_msgs/msg/auto_focus_ctrl.hpp
[1.931s] -- Up-to-date symlink: /home/orin/ros2_ws/install/depthai_ros_msgs/include/depthai_ros_msgs/depthai_ros_msgs/msg/detail/auto_focus_ctrl__builder.hpp
[1.932s] -- Up-to-date symlink: /home/orin/ros2_ws/install/depthai_ros_msgs/include/depthai_ros_msgs/depthai_ros_msgs/msg/detail/auto_focus_ctrl__struct.hpp
[1.933s] -- Up-to-date symlink: /home/orin/ros2_ws/install/depthai_ros_msgs/include/depthai_ros_msgs/depthai_ros_msgs/msg/detail/auto_focus_ctrl__traits.hpp
[1.933s] -- Up-to-date symlink: /home/orin/ros2_ws/install/depthai_ros_msgs/include/depthai_ros_msgs/depthai_ros_msgs/msg/detail/auto_focus_ctrl__type_support.hpp
[1.933s] -- Up-to-date symlink: /home/orin/ros2_ws/install/depthai_ros_msgs/include/depthai_ros_msgs/depthai_ros_msgs/msg/detail/hand_landmark__builder.hpp
[1.933s] -- Up-to-date symlink: /home/orin/ros2_ws/install/depthai_ros_msgs/include/depthai_ros_msgs/depthai_ros_msgs/msg/detail/hand_landmark__struct.hpp
[1.933s] -- Up-to-date symlink: /home/orin/ros2_ws/install/depthai_ros_msgs/include/depthai_ros_msgs/depthai_ros_msgs/msg/detail/hand_landmark__traits.hpp
[1.934s] -- Up-to-date symlink: /home/orin/ros2_ws/install/depthai_ros_msgs/include/depthai_ros_msgs/depthai_ros_msgs/msg/detail/hand_landmark__type_support.hpp
[1.934s] -- Up-to-date symlink: /home/orin/ros2_ws/install/depthai_ros_msgs/include/depthai_ros_msgs/depthai_ros_msgs/msg/detail/hand_landmark_array__builder.hpp
[1.934s] -- Up-to-date symlink: /home/orin/ros2_ws/install/depthai_ros_msgs/include/depthai_ros_msgs/depthai_ros_msgs/msg/detail/hand_landmark_array__struct.hpp
[1.934s] -- Up-to-date symlink: /home/orin/ros2_ws/install/depthai_ros_msgs/include/depthai_ros_msgs/depthai_ros_msgs/msg/detail/hand_landmark_array__traits.hpp
[1.934s] -- Up-to-date symlink: /home/orin/ros2_ws/install/depthai_ros_msgs/include/depthai_ros_msgs/depthai_ros_msgs/msg/detail/hand_landmark_array__type_support.hpp
[1.935s] -- Up-to-date symlink: /home/orin/ros2_ws/install/depthai_ros_msgs/include/depthai_ros_msgs/depthai_ros_msgs/msg/detail/imu_with_magnetic_field__builder.hpp
[1.935s] -- Up-to-date symlink: /home/orin/ros2_ws/install/depthai_ros_msgs/include/depthai_ros_msgs/depthai_ros_msgs/msg/detail/imu_with_magnetic_field__struct.hpp
[1.935s] -- Up-to-date symlink: /home/orin/ros2_ws/install/depthai_ros_msgs/include/depthai_ros_msgs/depthai_ros_msgs/msg/detail/imu_with_magnetic_field__traits.hpp
[1.935s] -- Up-to-date symlink: /home/orin/ros2_ws/install/depthai_ros_msgs/include/depthai_ros_msgs/depthai_ros_msgs/msg/detail/imu_with_magnetic_field__type_support.hpp
[1.935s] -- Up-to-date symlink: /home/orin/ros2_ws/install/depthai_ros_msgs/include/depthai_ros_msgs/depthai_ros_msgs/msg/detail/spatial_detection__builder.hpp
[1.935s] -- Up-to-date symlink: /home/orin/ros2_ws/install/depthai_ros_msgs/include/depthai_ros_msgs/depthai_ros_msgs/msg/detail/spatial_detection__struct.hpp
[1.935s] -- Up-to-date symlink: /home/orin/ros2_ws/install/depthai_ros_msgs/include/depthai_ros_msgs/depthai_ros_msgs/msg/detail/spatial_detection__traits.hpp
[1.935s] -- Up-to-date symlink: /home/orin/ros2_ws/install/depthai_ros_msgs/include/depthai_ros_msgs/depthai_ros_msgs/msg/detail/spatial_detection__type_support.hpp
[1.936s] -- Up-to-date symlink: /home/orin/ros2_ws/install/depthai_ros_msgs/include/depthai_ros_msgs/depthai_ros_msgs/msg/detail/spatial_detection_array__builder.hpp
[1.936s] -- Up-to-date symlink: /home/orin/ros2_ws/install/depthai_ros_msgs/include/depthai_ros_msgs/depthai_ros_msgs/msg/detail/spatial_detection_array__struct.hpp
[1.936s] -- Up-to-date symlink: /home/orin/ros2_ws/install/depthai_ros_msgs/include/depthai_ros_msgs/depthai_ros_msgs/msg/detail/spatial_detection_array__traits.hpp
[1.936s] -- Up-to-date symlink: /home/orin/ros2_ws/install/depthai_ros_msgs/include/depthai_ros_msgs/depthai_ros_msgs/msg/detail/spatial_detection_array__type_support.hpp
[1.936s] -- Up-to-date symlink: /home/orin/ros2_ws/install/depthai_ros_msgs/include/depthai_ros_msgs/depthai_ros_msgs/msg/detail/track_detection2_d__builder.hpp
[1.936s] -- Up-to-date symlink: /home/orin/ros2_ws/install/depthai_ros_msgs/include/depthai_ros_msgs/depthai_ros_msgs/msg/detail/track_detection2_d__struct.hpp
[1.936s] -- Up-to-date symlink: /home/orin/ros2_ws/install/depthai_ros_msgs/include/depthai_ros_msgs/depthai_ros_msgs/msg/detail/track_detection2_d__traits.hpp
[1.937s] -- Up-to-date symlink: /home/orin/ros2_ws/install/depthai_ros_msgs/include/depthai_ros_msgs/depthai_ros_msgs/msg/detail/track_detection2_d__type_support.hpp
[1.937s] -- Up-to-date symlink: /home/orin/ros2_ws/install/depthai_ros_msgs/include/depthai_ros_msgs/depthai_ros_msgs/msg/detail/track_detection2_d_array__builder.hpp
[1.937s] -- Up-to-date symlink: /home/orin/ros2_ws/install/depthai_ros_msgs/include/depthai_ros_msgs/depthai_ros_msgs/msg/detail/track_detection2_d_array__struct.hpp
[1.937s] -- Up-to-date symlink: /home/orin/ros2_ws/install/depthai_ros_msgs/include/depthai_ros_msgs/depthai_ros_msgs/msg/detail/track_detection2_d_array__traits.hpp
[1.937s] -- Up-to-date symlink: /home/orin/ros2_ws/install/depthai_ros_msgs/include/depthai_ros_msgs/depthai_ros_msgs/msg/detail/track_detection2_d_array__type_support.hpp
[1.937s] -- Up-to-date symlink: /home/orin/ros2_ws/install/depthai_ros_msgs/include/depthai_ros_msgs/depthai_ros_msgs/msg/detail/tracked_feature__builder.hpp
[1.937s] -- Up-to-date symlink: /home/orin/ros2_ws/install/depthai_ros_msgs/include/depthai_ros_msgs/depthai_ros_msgs/msg/detail/tracked_feature__struct.hpp
[1.937s] -- Up-to-date symlink: /home/orin/ros2_ws/install/depthai_ros_msgs/include/depthai_ros_msgs/depthai_ros_msgs/msg/detail/tracked_feature__traits.hpp
[1.938s] -- Up-to-date symlink: /home/orin/ros2_ws/install/depthai_ros_msgs/include/depthai_ros_msgs/depthai_ros_msgs/msg/detail/tracked_feature__type_support.hpp
[1.938s] -- Up-to-date symlink: /home/orin/ros2_ws/install/depthai_ros_msgs/include/depthai_ros_msgs/depthai_ros_msgs/msg/detail/tracked_features__builder.hpp
[1.972s] -- Up-to-date symlink: /home/orin/ros2_ws/install/depthai_ros_msgs/include/depthai_ros_msgs/depthai_ros_msgs/msg/detail/tracked_features__struct.hpp
[1.972s] -- Up-to-date symlink: /home/orin/ros2_ws/install/depthai_ros_msgs/include/depthai_ros_msgs/depthai_ros_msgs/msg/detail/tracked_features__traits.hpp
[1.972s] -- Up-to-date symlink: /home/orin/ros2_ws/install/depthai_ros_msgs/include/depthai_ros_msgs/depthai_ros_msgs/msg/detail/tracked_features__type_support.hpp
[1.972s] -- Up-to-date symlink: /home/orin/ros2_ws/install/depthai_ros_msgs/include/depthai_ros_msgs/depthai_ros_msgs/msg/hand_landmark.hpp
[1.975s] -- Up-to-date symlink: /home/orin/ros2_ws/install/depthai_ros_msgs/include/depthai_ros_msgs/depthai_ros_msgs/msg/hand_landmark_array.hpp
[1.975s] -- Up-to-date symlink: /home/orin/ros2_ws/install/depthai_ros_msgs/include/depthai_ros_msgs/depthai_ros_msgs/msg/imu_with_magnetic_field.hpp
[1.976s] -- Up-to-date symlink: /home/orin/ros2_ws/install/depthai_ros_msgs/include/depthai_ros_msgs/depthai_ros_msgs/msg/rosidl_generator_cpp__visibility_control.hpp
[1.976s] -- Up-to-date symlink: /home/orin/ros2_ws/install/depthai_ros_msgs/include/depthai_ros_msgs/depthai_ros_msgs/msg/spatial_detection.hpp
[1.976s] -- Up-to-date symlink: /home/orin/ros2_ws/install/depthai_ros_msgs/include/depthai_ros_msgs/depthai_ros_msgs/msg/spatial_detection_array.hpp
[1.976s] -- Up-to-date symlink: /home/orin/ros2_ws/install/depthai_ros_msgs/include/depthai_ros_msgs/depthai_ros_msgs/msg/track_detection2_d.hpp
[1.976s] -- Up-to-date symlink: /home/orin/ros2_ws/install/depthai_ros_msgs/include/depthai_ros_msgs/depthai_ros_msgs/msg/track_detection2_d_array.hpp
[1.976s] -- Up-to-date symlink: /home/orin/ros2_ws/install/depthai_ros_msgs/include/depthai_ros_msgs/depthai_ros_msgs/msg/tracked_feature.hpp
[1.976s] -- Up-to-date symlink: /home/orin/ros2_ws/install/depthai_ros_msgs/include/depthai_ros_msgs/depthai_ros_msgs/msg/tracked_features.hpp
[1.977s] -- Up-to-date symlink: /home/orin/ros2_ws/install/depthai_ros_msgs/include/depthai_ros_msgs/depthai_ros_msgs/srv/detail/normalized_image_crop__builder.hpp
[1.977s] -- Up-to-date symlink: /home/orin/ros2_ws/install/depthai_ros_msgs/include/depthai_ros_msgs/depthai_ros_msgs/srv/detail/normalized_image_crop__struct.hpp
[1.977s] -- Up-to-date symlink: /home/orin/ros2_ws/install/depthai_ros_msgs/include/depthai_ros_msgs/depthai_ros_msgs/srv/detail/normalized_image_crop__traits.hpp
[1.977s] -- Up-to-date symlink: /home/orin/ros2_ws/install/depthai_ros_msgs/include/depthai_ros_msgs/depthai_ros_msgs/srv/detail/normalized_image_crop__type_support.hpp
[1.977s] -- Up-to-date symlink: /home/orin/ros2_ws/install/depthai_ros_msgs/include/depthai_ros_msgs/depthai_ros_msgs/srv/detail/trigger_named__builder.hpp
[1.977s] -- Up-to-date symlink: /home/orin/ros2_ws/install/depthai_ros_msgs/include/depthai_ros_msgs/depthai_ros_msgs/srv/detail/trigger_named__struct.hpp
[1.977s] -- Up-to-date symlink: /home/orin/ros2_ws/install/depthai_ros_msgs/include/depthai_ros_msgs/depthai_ros_msgs/srv/detail/trigger_named__traits.hpp
[1.977s] -- Up-to-date symlink: /home/orin/ros2_ws/install/depthai_ros_msgs/include/depthai_ros_msgs/depthai_ros_msgs/srv/detail/trigger_named__type_support.hpp
[1.978s] -- Up-to-date symlink: /home/orin/ros2_ws/install/depthai_ros_msgs/include/depthai_ros_msgs/depthai_ros_msgs/srv/normalized_image_crop.hpp
[1.982s] -- Up-to-date symlink: /home/orin/ros2_ws/install/depthai_ros_msgs/include/depthai_ros_msgs/depthai_ros_msgs/srv/trigger_named.hpp
[1.982s] -- Up-to-date symlink: /home/orin/ros2_ws/install/depthai_ros_msgs/include/depthai_ros_msgs/depthai_ros_msgs/msg/detail/auto_focus_ctrl__rosidl_typesupport_fastrtps_cpp.hpp
[1.982s] -- Up-to-date symlink: /home/orin/ros2_ws/install/depthai_ros_msgs/include/depthai_ros_msgs/depthai_ros_msgs/msg/detail/hand_landmark__rosidl_typesupport_fastrtps_cpp.hpp
[1.983s] -- Up-to-date symlink: /home/orin/ros2_ws/install/depthai_ros_msgs/include/depthai_ros_msgs/depthai_ros_msgs/msg/detail/hand_landmark_array__rosidl_typesupport_fastrtps_cpp.hpp
[1.983s] -- Up-to-date symlink: /home/orin/ros2_ws/install/depthai_ros_msgs/include/depthai_ros_msgs/depthai_ros_msgs/msg/detail/imu_with_magnetic_field__rosidl_typesupport_fastrtps_cpp.hpp
[1.983s] -- Up-to-date symlink: /home/orin/ros2_ws/install/depthai_ros_msgs/include/depthai_ros_msgs/depthai_ros_msgs/msg/detail/spatial_detection__rosidl_typesupport_fastrtps_cpp.hpp
[1.983s] -- Up-to-date symlink: /home/orin/ros2_ws/install/depthai_ros_msgs/include/depthai_ros_msgs/depthai_ros_msgs/msg/detail/spatial_detection_array__rosidl_typesupport_fastrtps_cpp.hpp
[1.983s] -- Up-to-date symlink: /home/orin/ros2_ws/install/depthai_ros_msgs/include/depthai_ros_msgs/depthai_ros_msgs/msg/detail/track_detection2_d__rosidl_typesupport_fastrtps_cpp.hpp
[1.983s] -- Up-to-date symlink: /home/orin/ros2_ws/install/depthai_ros_msgs/include/depthai_ros_msgs/depthai_ros_msgs/msg/detail/track_detection2_d_array__rosidl_typesupport_fastrtps_cpp.hpp
[1.984s] -- Up-to-date symlink: /home/orin/ros2_ws/install/depthai_ros_msgs/include/depthai_ros_msgs/depthai_ros_msgs/msg/detail/tracked_feature__rosidl_typesupport_fastrtps_cpp.hpp
[1.984s] -- Up-to-date symlink: /home/orin/ros2_ws/install/depthai_ros_msgs/include/depthai_ros_msgs/depthai_ros_msgs/msg/detail/tracked_features__rosidl_typesupport_fastrtps_cpp.hpp
[1.984s] -- Up-to-date symlink: /home/orin/ros2_ws/install/depthai_ros_msgs/include/depthai_ros_msgs/depthai_ros_msgs/msg/rosidl_typesupport_fastrtps_cpp__visibility_control.h
[1.984s] -- Up-to-date symlink: /home/orin/ros2_ws/install/depthai_ros_msgs/include/depthai_ros_msgs/depthai_ros_msgs/srv/detail/normalized_image_crop__rosidl_typesupport_fastrtps_cpp.hpp
[1.984s] -- Up-to-date symlink: /home/orin/ros2_ws/install/depthai_ros_msgs/include/depthai_ros_msgs/depthai_ros_msgs/srv/detail/trigger_named__rosidl_typesupport_fastrtps_cpp.hpp
[1.984s] -- Up-to-date symlink: /home/orin/ros2_ws/install/depthai_ros_msgs/include/depthai_ros_msgs/depthai_ros_msgs/msg/detail/auto_focus_ctrl__rosidl_typesupport_introspection_c.h
[1.984s] -- Up-to-date symlink: /home/orin/ros2_ws/install/depthai_ros_msgs/include/depthai_ros_msgs/depthai_ros_msgs/msg/detail/hand_landmark__rosidl_typesupport_introspection_c.h
[1.984s] -- Up-to-date symlink: /home/orin/ros2_ws/install/depthai_ros_msgs/include/depthai_ros_msgs/depthai_ros_msgs/msg/detail/hand_landmark_array__rosidl_typesupport_introspection_c.h
[1.985s] -- Up-to-date symlink: /home/orin/ros2_ws/install/depthai_ros_msgs/include/depthai_ros_msgs/depthai_ros_msgs/msg/detail/imu_with_magnetic_field__rosidl_typesupport_introspection_c.h
[1.985s] -- Up-to-date symlink: /home/orin/ros2_ws/install/depthai_ros_msgs/include/depthai_ros_msgs/depthai_ros_msgs/msg/detail/spatial_detection__rosidl_typesupport_introspection_c.h
[1.985s] -- Up-to-date symlink: /home/orin/ros2_ws/install/depthai_ros_msgs/include/depthai_ros_msgs/depthai_ros_msgs/msg/detail/spatial_detection_array__rosidl_typesupport_introspection_c.h
[1.985s] -- Up-to-date symlink: /home/orin/ros2_ws/install/depthai_ros_msgs/include/depthai_ros_msgs/depthai_ros_msgs/msg/detail/track_detection2_d__rosidl_typesupport_introspection_c.h
[1.985s] -- Up-to-date symlink: /home/orin/ros2_ws/install/depthai_ros_msgs/include/depthai_ros_msgs/depthai_ros_msgs/msg/detail/track_detection2_d_array__rosidl_typesupport_introspection_c.h
[1.985s] -- Up-to-date symlink: /home/orin/ros2_ws/install/depthai_ros_msgs/include/depthai_ros_msgs/depthai_ros_msgs/msg/detail/tracked_feature__rosidl_typesupport_introspection_c.h
[1.985s] -- Up-to-date symlink: /home/orin/ros2_ws/install/depthai_ros_msgs/include/depthai_ros_msgs/depthai_ros_msgs/msg/detail/tracked_features__rosidl_typesupport_introspection_c.h
[1.986s] -- Up-to-date symlink: /home/orin/ros2_ws/install/depthai_ros_msgs/include/depthai_ros_msgs/depthai_ros_msgs/msg/rosidl_typesupport_introspection_c__visibility_control.h
[1.986s] -- Up-to-date symlink: /home/orin/ros2_ws/install/depthai_ros_msgs/include/depthai_ros_msgs/depthai_ros_msgs/srv/detail/normalized_image_crop__rosidl_typesupport_introspection_c.h
[1.990s] -- Up-to-date symlink: /home/orin/ros2_ws/install/depthai_ros_msgs/include/depthai_ros_msgs/depthai_ros_msgs/srv/detail/trigger_named__rosidl_typesupport_introspection_c.h
[1.990s] -- Up-to-date symlink: /home/orin/ros2_ws/install/depthai_ros_msgs/include/depthai_ros_msgs/depthai_ros_msgs/msg/detail/auto_focus_ctrl__rosidl_typesupport_introspection_cpp.hpp
[1.990s] -- Up-to-date symlink: /home/orin/ros2_ws/install/depthai_ros_msgs/include/depthai_ros_msgs/depthai_ros_msgs/msg/detail/hand_landmark__rosidl_typesupport_introspection_cpp.hpp
[1.991s] -- Up-to-date symlink: /home/orin/ros2_ws/install/depthai_ros_msgs/include/depthai_ros_msgs/depthai_ros_msgs/msg/detail/hand_landmark_array__rosidl_typesupport_introspection_cpp.hpp
[1.991s] -- Up-to-date symlink: /home/orin/ros2_ws/install/depthai_ros_msgs/include/depthai_ros_msgs/depthai_ros_msgs/msg/detail/imu_with_magnetic_field__rosidl_typesupport_introspection_cpp.hpp
[1.991s] -- Up-to-date symlink: /home/orin/ros2_ws/install/depthai_ros_msgs/include/depthai_ros_msgs/depthai_ros_msgs/msg/detail/spatial_detection__rosidl_typesupport_introspection_cpp.hpp
[1.991s] -- Up-to-date symlink: /home/orin/ros2_ws/install/depthai_ros_msgs/include/depthai_ros_msgs/depthai_ros_msgs/msg/detail/spatial_detection_array__rosidl_typesupport_introspection_cpp.hpp
[1.991s] -- Up-to-date symlink: /home/orin/ros2_ws/install/depthai_ros_msgs/include/depthai_ros_msgs/depthai_ros_msgs/msg/detail/track_detection2_d__rosidl_typesupport_introspection_cpp.hpp
[1.991s] -- Up-to-date symlink: /home/orin/ros2_ws/install/depthai_ros_msgs/include/depthai_ros_msgs/depthai_ros_msgs/msg/detail/track_detection2_d_array__rosidl_typesupport_introspection_cpp.hpp
[1.991s] -- Up-to-date symlink: /home/orin/ros2_ws/install/depthai_ros_msgs/include/depthai_ros_msgs/depthai_ros_msgs/msg/detail/tracked_feature__rosidl_typesupport_introspection_cpp.hpp
[1.992s] -- Up-to-date symlink: /home/orin/ros2_ws/install/depthai_ros_msgs/include/depthai_ros_msgs/depthai_ros_msgs/msg/detail/tracked_features__rosidl_typesupport_introspection_cpp.hpp
[1.992s] -- Up-to-date symlink: /home/orin/ros2_ws/install/depthai_ros_msgs/include/depthai_ros_msgs/depthai_ros_msgs/srv/detail/normalized_image_crop__rosidl_typesupport_introspection_cpp.hpp
[1.992s] -- Up-to-date symlink: /home/orin/ros2_ws/install/depthai_ros_msgs/include/depthai_ros_msgs/depthai_ros_msgs/srv/detail/trigger_named__rosidl_typesupport_introspection_cpp.hpp
[1.992s] -- Up-to-date symlink: /home/orin/ros2_ws/install/depthai_ros_msgs/share/depthai_ros_msgs/environment/pythonpath.sh
[1.992s] -- Up-to-date symlink: /home/orin/ros2_ws/install/depthai_ros_msgs/share/depthai_ros_msgs/environment/pythonpath.dsv
[1.992s] -- Up-to-date symlink: /home/orin/ros2_ws/install/depthai_ros_msgs/local/lib/python3.10/dist-packages/depthai_ros_msgs-2.11.0-py3.10.egg-info/PKG-INFO
[1.992s] -- Up-to-date symlink: /home/orin/ros2_ws/install/depthai_ros_msgs/local/lib/python3.10/dist-packages/depthai_ros_msgs-2.11.0-py3.10.egg-info/SOURCES.txt
[1.993s] -- Up-to-date symlink: /home/orin/ros2_ws/install/depthai_ros_msgs/local/lib/python3.10/dist-packages/depthai_ros_msgs-2.11.0-py3.10.egg-info/dependency_links.txt
[1.993s] -- Up-to-date symlink: /home/orin/ros2_ws/install/depthai_ros_msgs/local/lib/python3.10/dist-packages/depthai_ros_msgs-2.11.0-py3.10.egg-info/top_level.txt
[1.993s] -- Up-to-date symlink: /home/orin/ros2_ws/install/depthai_ros_msgs/local/lib/python3.10/dist-packages/depthai_ros_msgs/__init__.py
[1.993s] -- Up-to-date symlink: /home/orin/ros2_ws/install/depthai_ros_msgs/local/lib/python3.10/dist-packages/depthai_ros_msgs/_depthai_ros_msgs_s.ep.rosidl_typesupport_c.c
[1.993s] -- Up-to-date symlink: /home/orin/ros2_ws/install/depthai_ros_msgs/local/lib/python3.10/dist-packages/depthai_ros_msgs/_depthai_ros_msgs_s.ep.rosidl_typesupport_fastrtps_c.c
[1.993s] -- Up-to-date symlink: /home/orin/ros2_ws/install/depthai_ros_msgs/local/lib/python3.10/dist-packages/depthai_ros_msgs/_depthai_ros_msgs_s.ep.rosidl_typesupport_introspection_c.c
[1.993s] -- Up-to-date symlink: /home/orin/ros2_ws/install/depthai_ros_msgs/local/lib/python3.10/dist-packages/depthai_ros_msgs/depthai_ros_msgs_s__rosidl_typesupport_c.cpython-310-aarch64-linux-gnu.so
[1.993s] -- Up-to-date symlink: /home/orin/ros2_ws/install/depthai_ros_msgs/local/lib/python3.10/dist-packages/depthai_ros_msgs/depthai_ros_msgs_s__rosidl_typesupport_fastrtps_c.cpython-310-aarch64-linux-gnu.so
[1.994s] -- Up-to-date symlink: /home/orin/ros2_ws/install/depthai_ros_msgs/local/lib/python3.10/dist-packages/depthai_ros_msgs/depthai_ros_msgs_s__rosidl_typesupport_introspection_c.cpython-310-aarch64-linux-gnu.so
[1.998s] -- Up-to-date symlink: /home/orin/ros2_ws/install/depthai_ros_msgs/local/lib/python3.10/dist-packages/depthai_ros_msgs/libdepthai_ros_msgs__rosidl_generator_py.so
[1.998s] -- Up-to-date symlink: /home/orin/ros2_ws/install/depthai_ros_msgs/local/lib/python3.10/dist-packages/depthai_ros_msgs/msg/__init__.py
[1.998s] -- Up-to-date symlink: /home/orin/ros2_ws/install/depthai_ros_msgs/local/lib/python3.10/dist-packages/depthai_ros_msgs/msg/_auto_focus_ctrl.py
[1.998s] -- Up-to-date symlink: /home/orin/ros2_ws/install/depthai_ros_msgs/local/lib/python3.10/dist-packages/depthai_ros_msgs/msg/_auto_focus_ctrl_s.c
[1.999s] -- Up-to-date symlink: /home/orin/ros2_ws/install/depthai_ros_msgs/local/lib/python3.10/dist-packages/depthai_ros_msgs/msg/_hand_landmark.py
[1.999s] -- Up-to-date symlink: /home/orin/ros2_ws/install/depthai_ros_msgs/local/lib/python3.10/dist-packages/depthai_ros_msgs/msg/_hand_landmark_array.py
[1.999s] -- Up-to-date symlink: /home/orin/ros2_ws/install/depthai_ros_msgs/local/lib/python3.10/dist-packages/depthai_ros_msgs/msg/_hand_landmark_array_s.c
[1.999s] -- Up-to-date symlink: /home/orin/ros2_ws/install/depthai_ros_msgs/local/lib/python3.10/dist-packages/depthai_ros_msgs/msg/_hand_landmark_s.c
[1.999s] -- Up-to-date symlink: /home/orin/ros2_ws/install/depthai_ros_msgs/local/lib/python3.10/dist-packages/depthai_ros_msgs/msg/_imu_with_magnetic_field.py
[1.999s] -- Up-to-date symlink: /home/orin/ros2_ws/install/depthai_ros_msgs/local/lib/python3.10/dist-packages/depthai_ros_msgs/msg/_imu_with_magnetic_field_s.c
[1.999s] -- Up-to-date symlink: /home/orin/ros2_ws/install/depthai_ros_msgs/local/lib/python3.10/dist-packages/depthai_ros_msgs/msg/_spatial_detection.py
[2.000s] -- Up-to-date symlink: /home/orin/ros2_ws/install/depthai_ros_msgs/local/lib/python3.10/dist-packages/depthai_ros_msgs/msg/_spatial_detection_array.py
[2.000s] -- Up-to-date symlink: /home/orin/ros2_ws/install/depthai_ros_msgs/local/lib/python3.10/dist-packages/depthai_ros_msgs/msg/_spatial_detection_array_s.c
[2.000s] -- Up-to-date symlink: /home/orin/ros2_ws/install/depthai_ros_msgs/local/lib/python3.10/dist-packages/depthai_ros_msgs/msg/_spatial_detection_s.c
[2.000s] -- Up-to-date symlink: /home/orin/ros2_ws/install/depthai_ros_msgs/local/lib/python3.10/dist-packages/depthai_ros_msgs/msg/_track_detection2_d.py
[2.000s] -- Up-to-date symlink: /home/orin/ros2_ws/install/depthai_ros_msgs/local/lib/python3.10/dist-packages/depthai_ros_msgs/msg/_track_detection2_d_array.py
[2.000s] -- Up-to-date symlink: /home/orin/ros2_ws/install/depthai_ros_msgs/local/lib/python3.10/dist-packages/depthai_ros_msgs/msg/_track_detection2_d_array_s.c
[2.000s] -- Up-to-date symlink: /home/orin/ros2_ws/install/depthai_ros_msgs/local/lib/python3.10/dist-packages/depthai_ros_msgs/msg/_track_detection2_d_s.c
[2.000s] -- Up-to-date symlink: /home/orin/ros2_ws/install/depthai_ros_msgs/local/lib/python3.10/dist-packages/depthai_ros_msgs/msg/_tracked_feature.py
[2.001s] -- Up-to-date symlink: /home/orin/ros2_ws/install/depthai_ros_msgs/local/lib/python3.10/dist-packages/depthai_ros_msgs/msg/_tracked_feature_s.c
[2.001s] -- Up-to-date symlink: /home/orin/ros2_ws/install/depthai_ros_msgs/local/lib/python3.10/dist-packages/depthai_ros_msgs/msg/_tracked_features.py
[2.001s] -- Up-to-date symlink: /home/orin/ros2_ws/install/depthai_ros_msgs/local/lib/python3.10/dist-packages/depthai_ros_msgs/msg/_tracked_features_s.c
[2.001s] -- Up-to-date symlink: /home/orin/ros2_ws/install/depthai_ros_msgs/local/lib/python3.10/dist-packages/depthai_ros_msgs/srv/__init__.py
[2.001s] -- Up-to-date symlink: /home/orin/ros2_ws/install/depthai_ros_msgs/local/lib/python3.10/dist-packages/depthai_ros_msgs/srv/_normalized_image_crop.py
[2.001s] -- Up-to-date symlink: /home/orin/ros2_ws/install/depthai_ros_msgs/local/lib/python3.10/dist-packages/depthai_ros_msgs/srv/_normalized_image_crop_s.c
[2.001s] -- Up-to-date symlink: /home/orin/ros2_ws/install/depthai_ros_msgs/local/lib/python3.10/dist-packages/depthai_ros_msgs/srv/_trigger_named.py
[2.002s] -- Up-to-date symlink: /home/orin/ros2_ws/install/depthai_ros_msgs/local/lib/python3.10/dist-packages/depthai_ros_msgs/srv/_trigger_named_s.c
[2.002s] -- Up-to-date symlink: /home/orin/ros2_ws/install/depthai_ros_msgs/local/lib/python3.10/dist-packages/depthai_ros_msgs/depthai_ros_msgs_s__rosidl_typesupport_fastrtps_c.cpython-310-aarch64-linux-gnu.so
[2.006s] -- Up-to-date symlink: /home/orin/ros2_ws/install/depthai_ros_msgs/local/lib/python3.10/dist-packages/depthai_ros_msgs/depthai_ros_msgs_s__rosidl_typesupport_introspection_c.cpython-310-aarch64-linux-gnu.so
[2.006s] -- Up-to-date symlink: /home/orin/ros2_ws/install/depthai_ros_msgs/local/lib/python3.10/dist-packages/depthai_ros_msgs/depthai_ros_msgs_s__rosidl_typesupport_c.cpython-310-aarch64-linux-gnu.so
[2.007s] -- Up-to-date symlink: /home/orin/ros2_ws/install/depthai_ros_msgs/share/depthai_ros_msgs/msg/AutoFocusCtrl.idl
[2.007s] -- Up-to-date symlink: /home/orin/ros2_ws/install/depthai_ros_msgs/share/depthai_ros_msgs/msg/HandLandmark.idl
[2.007s] -- Up-to-date symlink: /home/orin/ros2_ws/install/depthai_ros_msgs/share/depthai_ros_msgs/msg/HandLandmarkArray.idl
[2.010s] -- Up-to-date symlink: /home/orin/ros2_ws/install/depthai_ros_msgs/share/depthai_ros_msgs/msg/ImuWithMagneticField.idl
[2.010s] -- Up-to-date symlink: /home/orin/ros2_ws/install/depthai_ros_msgs/share/depthai_ros_msgs/msg/TrackedFeature.idl
[2.010s] -- Up-to-date symlink: /home/orin/ros2_ws/install/depthai_ros_msgs/share/depthai_ros_msgs/msg/TrackedFeatures.idl
[2.011s] -- Up-to-date symlink: /home/orin/ros2_ws/install/depthai_ros_msgs/share/depthai_ros_msgs/msg/SpatialDetection.idl
[2.011s] -- Up-to-date symlink: /home/orin/ros2_ws/install/depthai_ros_msgs/share/depthai_ros_msgs/msg/SpatialDetectionArray.idl
[2.011s] -- Up-to-date symlink: /home/orin/ros2_ws/install/depthai_ros_msgs/share/depthai_ros_msgs/msg/TrackDetection2D.idl
[2.011s] -- Up-to-date symlink: /home/orin/ros2_ws/install/depthai_ros_msgs/share/depthai_ros_msgs/msg/TrackDetection2DArray.idl
[2.011s] -- Up-to-date symlink: /home/orin/ros2_ws/install/depthai_ros_msgs/share/depthai_ros_msgs/srv/TriggerNamed.idl
[2.011s] -- Up-to-date symlink: /home/orin/ros2_ws/install/depthai_ros_msgs/share/depthai_ros_msgs/srv/NormalizedImageCrop.idl
[2.011s] -- Up-to-date symlink: /home/orin/ros2_ws/install/depthai_ros_msgs/share/depthai_ros_msgs/msg/AutoFocusCtrl.msg
[2.011s] -- Up-to-date symlink: /home/orin/ros2_ws/install/depthai_ros_msgs/share/depthai_ros_msgs/msg/HandLandmark.msg
[2.012s] -- Up-to-date symlink: /home/orin/ros2_ws/install/depthai_ros_msgs/share/depthai_ros_msgs/msg/HandLandmarkArray.msg
[2.012s] -- Up-to-date symlink: /home/orin/ros2_ws/install/depthai_ros_msgs/share/depthai_ros_msgs/msg/ImuWithMagneticField.msg
[2.012s] -- Up-to-date symlink: /home/orin/ros2_ws/install/depthai_ros_msgs/share/depthai_ros_msgs/msg/TrackedFeature.msg
[2.013s] -- Up-to-date symlink: /home/orin/ros2_ws/install/depthai_ros_msgs/share/depthai_ros_msgs/msg/TrackedFeatures.msg
[2.013s] -- Up-to-date symlink: /home/orin/ros2_ws/install/depthai_ros_msgs/share/depthai_ros_msgs/msg/SpatialDetection.msg
[2.013s] -- Up-to-date symlink: /home/orin/ros2_ws/install/depthai_ros_msgs/share/depthai_ros_msgs/msg/SpatialDetectionArray.msg
[2.013s] -- Up-to-date symlink: /home/orin/ros2_ws/install/depthai_ros_msgs/share/depthai_ros_msgs/msg/TrackDetection2D.msg
[2.014s] -- Up-to-date symlink: /home/orin/ros2_ws/install/depthai_ros_msgs/share/depthai_ros_msgs/msg/TrackDetection2DArray.msg
[2.014s] -- Up-to-date symlink: /home/orin/ros2_ws/install/depthai_ros_msgs/share/depthai_ros_msgs/srv/TriggerNamed.srv
[2.018s] -- Up-to-date symlink: /home/orin/ros2_ws/install/depthai_ros_msgs/share/depthai_ros_msgs/srv/TriggerNamed_Request.msg
[2.018s] -- Up-to-date symlink: /home/orin/ros2_ws/install/depthai_ros_msgs/share/depthai_ros_msgs/srv/TriggerNamed_Response.msg
[2.018s] -- Up-to-date symlink: /home/orin/ros2_ws/install/depthai_ros_msgs/share/depthai_ros_msgs/srv/NormalizedImageCrop.srv
[2.021s] -- Up-to-date symlink: /home/orin/ros2_ws/install/depthai_ros_msgs/share/depthai_ros_msgs/srv/NormalizedImageCrop_Request.msg
[2.021s] -- Up-to-date symlink: /home/orin/ros2_ws/install/depthai_ros_msgs/share/depthai_ros_msgs/srv/NormalizedImageCrop_Response.msg
[2.021s] -- Up-to-date symlink: /home/orin/ros2_ws/install/depthai_ros_msgs/share/ament_index/resource_index/package_run_dependencies/depthai_ros_msgs
[2.022s] -- Up-to-date symlink: /home/orin/ros2_ws/install/depthai_ros_msgs/share/ament_index/resource_index/parent_prefix_path/depthai_ros_msgs
[2.022s] -- Up-to-date symlink: /home/orin/ros2_ws/install/depthai_ros_msgs/share/depthai_ros_msgs/environment/ament_prefix_path.sh
[2.022s] -- Up-to-date symlink: /home/orin/ros2_ws/install/depthai_ros_msgs/share/depthai_ros_msgs/environment/ament_prefix_path.dsv
[2.022s] -- Up-to-date symlink: /home/orin/ros2_ws/install/depthai_ros_msgs/share/depthai_ros_msgs/environment/path.sh
[2.023s] -- Up-to-date symlink: /home/orin/ros2_ws/install/depthai_ros_msgs/share/depthai_ros_msgs/environment/path.dsv
[2.023s] -- Up-to-date symlink: /home/orin/ros2_ws/install/depthai_ros_msgs/share/depthai_ros_msgs/local_setup.bash
[2.023s] -- Up-to-date symlink: /home/orin/ros2_ws/install/depthai_ros_msgs/share/depthai_ros_msgs/local_setup.sh
[2.023s] -- Up-to-date symlink: /home/orin/ros2_ws/install/depthai_ros_msgs/share/depthai_ros_msgs/local_setup.zsh
[2.023s] -- Up-to-date symlink: /home/orin/ros2_ws/install/depthai_ros_msgs/share/depthai_ros_msgs/local_setup.dsv
[2.023s] -- Symlinking: /home/orin/ros2_ws/install/depthai_ros_msgs/share/depthai_ros_msgs/package.dsv
[2.047s] -- Up-to-date symlink: /home/orin/ros2_ws/install/depthai_ros_msgs/share/ament_index/resource_index/packages/depthai_ros_msgs
[2.047s] -- Up-to-date symlink: /home/orin/ros2_ws/install/depthai_ros_msgs/share/depthai_ros_msgs/cmake/rosidl_cmake-extras.cmake
[2.056s] -- Up-to-date symlink: /home/orin/ros2_ws/install/depthai_ros_msgs/share/depthai_ros_msgs/cmake/ament_cmake_export_dependencies-extras.cmake
[2.056s] -- Up-to-date symlink: /home/orin/ros2_ws/install/depthai_ros_msgs/share/depthai_ros_msgs/cmake/ament_cmake_export_include_directories-extras.cmake
[2.056s] -- Up-to-date symlink: /home/orin/ros2_ws/install/depthai_ros_msgs/share/depthai_ros_msgs/cmake/ament_cmake_export_libraries-extras.cmake
[2.056s] -- Up-to-date symlink: /home/orin/ros2_ws/install/depthai_ros_msgs/share/depthai_ros_msgs/cmake/ament_cmake_export_targets-extras.cmake
[2.056s] -- Up-to-date symlink: /home/orin/ros2_ws/install/depthai_ros_msgs/share/depthai_ros_msgs/cmake/rosidl_cmake_export_typesupport_targets-extras.cmake
[2.057s] -- Up-to-date symlink: /home/orin/ros2_ws/install/depthai_ros_msgs/share/depthai_ros_msgs/cmake/rosidl_cmake_export_typesupport_libraries-extras.cmake
[2.057s] -- Up-to-date symlink: /home/orin/ros2_ws/install/depthai_ros_msgs/share/depthai_ros_msgs/cmake/depthai_ros_msgsConfig.cmake
[2.057s] -- Up-to-date symlink: /home/orin/ros2_ws/install/depthai_ros_msgs/share/depthai_ros_msgs/cmake/depthai_ros_msgsConfig-version.cmake
[2.057s] -- Up-to-date symlink: /home/orin/ros2_ws/install/depthai_ros_msgs/share/depthai_ros_msgs/package.xml
[2.071s] -- Up-to-date: /home/orin/ros2_ws/install/depthai_ros_msgs/lib/libdepthai_ros_msgs__rosidl_generator_c.so
[2.072s] -- Up-to-date: /home/orin/ros2_ws/install/depthai_ros_msgs/lib/libdepthai_ros_msgs__rosidl_typesupport_fastrtps_c.so
[2.072s] -- Up-to-date: /home/orin/ros2_ws/install/depthai_ros_msgs/lib/libdepthai_ros_msgs__rosidl_typesupport_fastrtps_cpp.so
[2.072s] -- Up-to-date: /home/orin/ros2_ws/install/depthai_ros_msgs/lib/libdepthai_ros_msgs__rosidl_typesupport_introspection_c.so
[2.072s] -- Up-to-date: /home/orin/ros2_ws/install/depthai_ros_msgs/lib/libdepthai_ros_msgs__rosidl_typesupport_c.so
[2.072s] -- Up-to-date: /home/orin/ros2_ws/install/depthai_ros_msgs/lib/libdepthai_ros_msgs__rosidl_typesupport_introspection_cpp.so
[2.074s] -- Up-to-date: /home/orin/ros2_ws/install/depthai_ros_msgs/lib/libdepthai_ros_msgs__rosidl_typesupport_cpp.so
[2.283s] Listing '/home/orin/ros2_ws/install/depthai_ros_msgs/local/lib/python3.10/dist-packages/depthai_ros_msgs'...
[2.283s] Listing '/home/orin/ros2_ws/install/depthai_ros_msgs/local/lib/python3.10/dist-packages/depthai_ros_msgs/msg'...
[2.284s] Listing '/home/orin/ros2_ws/install/depthai_ros_msgs/local/lib/python3.10/dist-packages/depthai_ros_msgs/srv'...
[2.295s] -- Up-to-date: /home/orin/ros2_ws/install/depthai_ros_msgs/lib/libdepthai_ros_msgs__rosidl_generator_py.so
[2.295s] -- Up-to-date: /home/orin/ros2_ws/install/depthai_ros_msgs/share/depthai_ros_msgs/cmake/export_depthai_ros_msgs__rosidl_generator_cExport.cmake
[2.295s] -- Up-to-date: /home/orin/ros2_ws/install/depthai_ros_msgs/share/depthai_ros_msgs/cmake/export_depthai_ros_msgs__rosidl_generator_cExport-release.cmake
[2.296s] -- Up-to-date: /home/orin/ros2_ws/install/depthai_ros_msgs/share/depthai_ros_msgs/cmake/export_depthai_ros_msgs__rosidl_typesupport_fastrtps_cExport.cmake
[2.296s] -- Up-to-date: /home/orin/ros2_ws/install/depthai_ros_msgs/share/depthai_ros_msgs/cmake/export_depthai_ros_msgs__rosidl_typesupport_fastrtps_cExport-release.cmake
[2.296s] -- Up-to-date: /home/orin/ros2_ws/install/depthai_ros_msgs/share/depthai_ros_msgs/cmake/export_depthai_ros_msgs__rosidl_generator_cppExport.cmake
[2.296s] -- Up-to-date: /home/orin/ros2_ws/install/depthai_ros_msgs/share/depthai_ros_msgs/cmake/export_depthai_ros_msgs__rosidl_typesupport_fastrtps_cppExport.cmake
[2.296s] -- Up-to-date: /home/orin/ros2_ws/install/depthai_ros_msgs/share/depthai_ros_msgs/cmake/export_depthai_ros_msgs__rosidl_typesupport_fastrtps_cppExport-release.cmake
[2.296s] -- Up-to-date: /home/orin/ros2_ws/install/depthai_ros_msgs/share/depthai_ros_msgs/cmake/depthai_ros_msgs__rosidl_typesupport_introspection_cExport.cmake
[2.296s] -- Up-to-date: /home/orin/ros2_ws/install/depthai_ros_msgs/share/depthai_ros_msgs/cmake/depthai_ros_msgs__rosidl_typesupport_introspection_cExport-release.cmake
[2.297s] -- Up-to-date: /home/orin/ros2_ws/install/depthai_ros_msgs/share/depthai_ros_msgs/cmake/depthai_ros_msgs__rosidl_typesupport_cExport.cmake
[2.297s] -- Up-to-date: /home/orin/ros2_ws/install/depthai_ros_msgs/share/depthai_ros_msgs/cmake/depthai_ros_msgs__rosidl_typesupport_cExport-release.cmake
[2.297s] -- Up-to-date: /home/orin/ros2_ws/install/depthai_ros_msgs/share/depthai_ros_msgs/cmake/depthai_ros_msgs__rosidl_typesupport_introspection_cppExport.cmake
[2.297s] -- Up-to-date: /home/orin/ros2_ws/install/depthai_ros_msgs/share/depthai_ros_msgs/cmake/depthai_ros_msgs__rosidl_typesupport_introspection_cppExport-release.cmake
[2.297s] -- Up-to-date: /home/orin/ros2_ws/install/depthai_ros_msgs/share/depthai_ros_msgs/cmake/depthai_ros_msgs__rosidl_typesupport_cppExport.cmake
[2.297s] -- Up-to-date: /home/orin/ros2_ws/install/depthai_ros_msgs/share/depthai_ros_msgs/cmake/depthai_ros_msgs__rosidl_typesupport_cppExport-release.cmake
[2.297s] -- Up-to-date: /home/orin/ros2_ws/install/depthai_ros_msgs/share/depthai_ros_msgs/cmake/export_depthai_ros_msgs__rosidl_generator_pyExport.cmake
[2.297s] -- Up-to-date: /home/orin/ros2_ws/install/depthai_ros_msgs/share/depthai_ros_msgs/cmake/export_depthai_ros_msgs__rosidl_generator_pyExport-release.cmake
[2.324s] Invoked command in '/home/orin/ros2_ws/build/depthai_ros_msgs' returned '0': CMAKE_PREFIX_PATH=/home/orin/ros2_ws/install/sllidar_ros2:/home/orin/ros2_ws/install/ros2_control_demos:/home/orin/ros2_ws/install/ros2_control_demo_example_9:/home/orin/ros2_ws/install/ros2_control_demo_example_8:/home/orin/ros2_ws/install/ros2_control_demo_example_7:/home/orin/ros2_ws/install/ros2_control_demo_example_6:/home/orin/ros2_ws/install/ros2_control_demo_example_15:/home/orin/ros2_ws/install/ros2_control_demo_example_13:/home/orin/ros2_ws/install/ros2_control_demo_example_5:/home/orin/ros2_ws/install/ros2_control_demo_example_4:/home/orin/ros2_ws/install/ros2_control_demo_example_3:/home/orin/ros2_ws/install/ros2_control_demo_example_2:/home/orin/ros2_ws/install/ros2_control_demo_example_14:/home/orin/ros2_ws/install/ros2_control_demo_example_12:/home/orin/ros2_ws/install/ros2_control_demo_example_11:/home/orin/ros2_ws/install/ros2_control_demo_example_10:/home/orin/ros2_ws/install/ros2_control_demo_example_1:/home/orin/ros2_ws/install/my_bot_description:/home/orin/ros2_ws/install/ros2_control_demo_description:/home/orin/ros2_ws/install/my_bot_imu:/home/orin/ros2_ws/install/wheel_encoder_odometry:/home/orin/ros2_ws/install/simple_map_test:/home/orin/ros2_ws/install/ros2_control_demo_testing:/home/orin/ros2_ws/install/launch_testing_examples:/home/orin/ros2_ws/install/hcsr04_sensor:/home/orin/ros2_ws/install/examples_rclpy_pointcloud_publisher:/home/orin/ros2_ws/install/examples_rclpy_minimal_subscriber:/home/orin/ros2_ws/install/examples_rclpy_minimal_service:/home/orin/ros2_ws/install/examples_rclpy_minimal_publisher:/home/orin/ros2_ws/install/examples_rclpy_minimal_client:/home/orin/ros2_ws/install/examples_rclpy_minimal_action_server:/home/orin/ros2_ws/install/examples_rclpy_minimal_action_client:/home/orin/ros2_ws/install/examples_rclpy_guard_conditions:/home/orin/ros2_ws/install/examples_rclpy_executors:/home/orin/ros2_ws/install/encoder_ultrasonic_package:/home/orin/ros2_ws/install/arduino_odometry:/home/orin/ros2_ws/install/arduino_encoder_odom:/opt/ros/humble:/home/orin/ros2_ws/install/mobile_robot_description:/home/orin/ros2_ws/install/image_geometry:/home/orin/ros2_ws/install/gazebo_dev:/home/orin/ros2_ws/install/examples_rclcpp_wait_set:/home/orin/ros2_ws/install/examples_rclcpp_multithreaded_executor:/home/orin/ros2_ws/install/examples_rclcpp_minimal_timer:/home/orin/ros2_ws/install/examples_rclcpp_minimal_subscriber:/home/orin/ros2_ws/install/examples_rclcpp_minimal_service:/home/orin/ros2_ws/install/examples_rclcpp_minimal_publisher:/home/orin/ros2_ws/install/examples_rclcpp_minimal_composition:/home/orin/ros2_ws/install/examples_rclcpp_minimal_client:/home/orin/ros2_ws/install/examples_rclcpp_minimal_action_server:/home/orin/ros2_ws/install/examples_rclcpp_minimal_action_client:/home/orin/ros2_ws/install/examples_rclcpp_cbg_executor:/home/orin/ros2_ws/install/examples_rclcpp_async_client:/home/orin/ros2_ws/install/diffdrive_arduino:/home/orin/ros2_ws/install/diffbot_description:/home/orin/ros2_ws/install/depthai-ros:/home/orin/ros2_ws/install/depthai_ros_driver:/home/orin/ros2_ws/install/depthai_filters:/home/orin/ros2_ws/install/depthai_examples:/home/orin/ros2_ws/install/depthai_bridge:/home/orin/ros2_ws/install/depthai_ros_msgs:/home/orin/ros2_ws/install/depthai_descriptions:/home/orin/ros2_ws/install/cv_bridge:/home/orin/ros2_ws/install/articubot_one:/home/orin/ros2_ws/install/arduino_serial_comm /usr/bin/cmake --install /home/orin/ros2_ws/build/depthai_ros_msgs
