[2.600s] Invoking command in '/home/orin/ros2_ws/src/arduino_odometry': PYTHONPATH=/home/orin/ros2_ws/build/arduino_odometry/prefix_override:/usr/lib/python3/dist-packages/colcon_core/task/python/colcon_distutils_commands:/home/orin/ros2_ws/install/arduino_odometry/lib/python3.10/site-packages:${PYTHONPATH} /usr/bin/python3 -W ignore:setup.py install is deprecated -W ignore:easy_install command is deprecated setup.py egg_info --egg-base ../../build/arduino_odometry build --build-base /home/orin/ros2_ws/build/arduino_odometry/build install --record /home/orin/ros2_ws/build/arduino_odometry/install.log --single-version-externally-managed install_data
[3.279s] running egg_info
[3.329s] writing ../../build/arduino_odometry/arduino_odometry.egg-info/PKG-INFO
[3.330s] writing dependency_links to ../../build/arduino_odometry/arduino_odometry.egg-info/dependency_links.txt
[3.331s] writing entry points to ../../build/arduino_odometry/arduino_odometry.egg-info/entry_points.txt
[3.331s] writing requirements to ../../build/arduino_odometry/arduino_odometry.egg-info/requires.txt
[3.331s] writing top-level names to ../../build/arduino_odometry/arduino_odometry.egg-info/top_level.txt
[3.437s] reading manifest file '../../build/arduino_odometry/arduino_odometry.egg-info/SOURCES.txt'
[3.442s] writing manifest file '../../build/arduino_odometry/arduino_odometry.egg-info/SOURCES.txt'
[3.442s] running build
[3.443s] running build_py
[3.443s] copying arduino_odometry/__init__.py -> /home/orin/ros2_ws/build/arduino_odometry/build/lib/arduino_odometry
[3.444s] copying arduino_odometry/arduino_odometry_node.py -> /home/orin/ros2_ws/build/arduino_odometry/build/lib/arduino_odometry
[3.445s] running install
[3.454s] running install_lib
[3.507s] running install_data
[3.508s] copying resource/arduino_odometry -> /home/orin/ros2_ws/install/arduino_odometry/share/ament_index/resource_index/packages
[3.508s] copying package.xml -> /home/orin/ros2_ws/install/arduino_odometry/share/arduino_odometry
[3.509s] running install_egg_info
[3.568s] removing '/home/orin/ros2_ws/install/arduino_odometry/lib/python3.10/site-packages/arduino_odometry-0.0.0-py3.10.egg-info' (and everything under it)
[3.568s] Copying ../../build/arduino_odometry/arduino_odometry.egg-info to /home/orin/ros2_ws/install/arduino_odometry/lib/python3.10/site-packages/arduino_odometry-0.0.0-py3.10.egg-info
[3.573s] running install_scripts
[3.989s] Installing arduino_odometry_node script to /home/orin/ros2_ws/install/arduino_odometry/lib/arduino_odometry
[3.990s] writing list of installed files to '/home/orin/ros2_ws/build/arduino_odometry/install.log'
[4.069s] Invoked command in '/home/orin/ros2_ws/src/arduino_odometry' returned '0': PYTHONPATH=/home/orin/ros2_ws/build/arduino_odometry/prefix_override:/usr/lib/python3/dist-packages/colcon_core/task/python/colcon_distutils_commands:/home/orin/ros2_ws/install/arduino_odometry/lib/python3.10/site-packages:${PYTHONPATH} /usr/bin/python3 -W ignore:setup.py install is deprecated -W ignore:easy_install command is deprecated setup.py egg_info --egg-base ../../build/arduino_odometry build --build-base /home/orin/ros2_ws/build/arduino_odometry/build install --record /home/orin/ros2_ws/build/arduino_odometry/install.log --single-version-externally-managed install_data
