[0.079s] Invoking command in '/home/orin/ros2_ws/build/diffdrive_arduino': CMAKE_PREFIX_PATH=/opt/ros/humble /usr/bin/cmake /home/orin/ros2_ws/src/diffdrive_arduino -DCMAKE_INSTALL_PREFIX=/home/orin/ros2_ws/install/diffdrive_arduino
[1.765s] -- Found ament_cmake: 1.3.11 (/opt/ros/humble/share/ament_cmake/cmake)
[1.766s] -- Override CMake install command with custom implementation using symlinks instead of copying resources
[1.766s] -- Found hardware_interface: 2.48.0 (/opt/ros/humble/share/hardware_interface/cmake)
[1.766s] -- Found rosidl_generator_c: 3.1.6 (/opt/ros/humble/share/rosidl_generator_c/cmake)
[1.766s] -- Found rosidl_adapter: 3.1.6 (/opt/ros/humble/share/rosidl_adapter/cmake)
[1.766s] -- Found rosidl_generator_cpp: 3.1.6 (/opt/ros/humble/share/rosidl_generator_cpp/cmake)
[1.766s] -- Using all available rosidl_typesupport_c: rosidl_typesupport_fastrtps_c;rosidl_typesupport_introspection_c
[1.766s] -- Using all available rosidl_typesupport_cpp: rosidl_typesupport_fastrtps_cpp;rosidl_typesupport_introspection_cpp
[1.767s] -- Found rmw_implementation_cmake: 6.1.2 (/opt/ros/humble/share/rmw_implementation_cmake/cmake)
[1.767s] -- Found rmw_fastrtps_cpp: 6.2.7 (/opt/ros/humble/share/rmw_fastrtps_cpp/cmake)
[1.767s] -- Found TinyXML2 via Config file: TinyXML2_DIR-NOTFOUND
[1.767s] -- Found TinyXML2 via Config file: TinyXML2_DIR-NOTFOUND
[1.767s] -- Found TinyXML2 via Config file: TinyXML2_DIR-NOTFOUND
[1.767s] -- Found TinyXML2 via Config file: TinyXML2_DIR-NOTFOUND
[1.767s] -- Using RMW implementation 'rmw_fastrtps_cpp' as default
[1.767s] -- Found ament_cmake_gtest: 1.3.11 (/opt/ros/humble/share/ament_cmake_gtest/cmake)
[1.767s] -- Configuring done
[1.768s] -- Generating done
[1.783s] -- Build files have been written to: /home/orin/ros2_ws/build/diffdrive_arduino
[1.874s] Invoked command in '/home/orin/ros2_ws/build/diffdrive_arduino' returned '0': CMAKE_PREFIX_PATH=/opt/ros/humble /usr/bin/cmake /home/orin/ros2_ws/src/diffdrive_arduino -DCMAKE_INSTALL_PREFIX=/home/orin/ros2_ws/install/diffdrive_arduino
[1.875s] Invoking command in '/home/orin/ros2_ws/build/diffdrive_arduino': CMAKE_PREFIX_PATH=/opt/ros/humble /usr/bin/cmake --build /home/orin/ros2_ws/build/diffdrive_arduino -- -j6 -l6
[2.121s] [35m[1mConsolidate compiler generated dependencies of target diffdrive_arduino[0m
[2.202s] [100%] Built target diffdrive_arduino
[2.227s] Invoked command in '/home/orin/ros2_ws/build/diffdrive_arduino' returned '0': CMAKE_PREFIX_PATH=/opt/ros/humble /usr/bin/cmake --build /home/orin/ros2_ws/build/diffdrive_arduino -- -j6 -l6
[2.274s] Invoking command in '/home/orin/ros2_ws/build/diffdrive_arduino': CMAKE_PREFIX_PATH=/opt/ros/humble /usr/bin/cmake --install /home/orin/ros2_ws/build/diffdrive_arduino
[3.757s] -- Install configuration: ""
[3.757s] -- Execute custom install script
[3.757s] -- Up-to-date symlink: /home/orin/ros2_ws/install/diffdrive_arduino/share/diffdrive_arduino//diffdrive_arduino.xml
[3.757s] -- Up-to-date symlink: /home/orin/ros2_ws/install/diffdrive_arduino/include/diffdrive_arduino/diffdrive_arduino/arduino_comms.hpp
[3.758s] -- Up-to-date symlink: /home/orin/ros2_ws/install/diffdrive_arduino/include/diffdrive_arduino/diffdrive_arduino/diffbot_system.hpp
[3.758s] -- Up-to-date symlink: /home/orin/ros2_ws/install/diffdrive_arduino/include/diffdrive_arduino/diffdrive_arduino/visibility_control.h
[3.758s] -- Up-to-date symlink: /home/orin/ros2_ws/install/diffdrive_arduino/include/diffdrive_arduino/diffdrive_arduino/wheel.hpp
[3.758s] -- Up-to-date symlink: /home/orin/ros2_ws/install/diffdrive_arduino/share/diffdrive_arduino/launch/view_robot.launch.py
[3.758s] -- Up-to-date symlink: /home/orin/ros2_ws/install/diffdrive_arduino/share/diffdrive_arduino/ros2_control/diffbot.ros2_control.xacro
[3.758s] -- Up-to-date symlink: /home/orin/ros2_ws/install/diffdrive_arduino/share/diffdrive_arduino/urdf/diffbot.materials.xacro
[3.758s] -- Up-to-date symlink: /home/orin/ros2_ws/install/diffdrive_arduino/share/diffdrive_arduino/urdf/diffbot.urdf.xacro
[3.758s] -- Up-to-date symlink: /home/orin/ros2_ws/install/diffdrive_arduino/share/diffdrive_arduino/urdf/diffbot_description.urdf.xacro
[3.759s] -- Up-to-date symlink: /home/orin/ros2_ws/install/diffdrive_arduino/share/diffdrive_arduino/rviz/diffbot.rviz
[3.759s] -- Up-to-date symlink: /home/orin/ros2_ws/install/diffdrive_arduino/share/diffdrive_arduino/rviz/diffbot_view.rviz
[3.759s] -- Up-to-date symlink: /home/orin/ros2_ws/install/diffdrive_arduino/share/diffdrive_arduino/launch/diffbot.launch.py
[3.759s] -- Up-to-date symlink: /home/orin/ros2_ws/install/diffdrive_arduino/share/diffdrive_arduino/config/diffbot_controllers.yaml
[3.759s] -- Up-to-date symlink: /home/orin/ros2_ws/install/diffdrive_arduino/share/diffdrive_arduino/environment/library_path.sh
[3.759s] -- Up-to-date symlink: /home/orin/ros2_ws/install/diffdrive_arduino/share/diffdrive_arduino/environment/library_path.dsv
[3.759s] -- Up-to-date symlink: /home/orin/ros2_ws/install/diffdrive_arduino/share/ament_index/resource_index/package_run_dependencies/diffdrive_arduino
[3.759s] -- Up-to-date symlink: /home/orin/ros2_ws/install/diffdrive_arduino/share/ament_index/resource_index/parent_prefix_path/diffdrive_arduino
[3.760s] -- Up-to-date symlink: /home/orin/ros2_ws/install/diffdrive_arduino/share/diffdrive_arduino/environment/ament_prefix_path.sh
[3.760s] -- Up-to-date symlink: /home/orin/ros2_ws/install/diffdrive_arduino/share/diffdrive_arduino/environment/ament_prefix_path.dsv
[3.760s] -- Up-to-date symlink: /home/orin/ros2_ws/install/diffdrive_arduino/share/diffdrive_arduino/environment/path.sh
[3.760s] -- Up-to-date symlink: /home/orin/ros2_ws/install/diffdrive_arduino/share/diffdrive_arduino/environment/path.dsv
[3.760s] -- Up-to-date symlink: /home/orin/ros2_ws/install/diffdrive_arduino/share/diffdrive_arduino/local_setup.bash
[3.760s] -- Up-to-date symlink: /home/orin/ros2_ws/install/diffdrive_arduino/share/diffdrive_arduino/local_setup.sh
[3.760s] -- Up-to-date symlink: /home/orin/ros2_ws/install/diffdrive_arduino/share/diffdrive_arduino/local_setup.zsh
[3.760s] -- Up-to-date symlink: /home/orin/ros2_ws/install/diffdrive_arduino/share/diffdrive_arduino/local_setup.dsv
[3.762s] -- Symlinking: /home/orin/ros2_ws/install/diffdrive_arduino/share/diffdrive_arduino/package.dsv
[3.763s] -- Up-to-date symlink: /home/orin/ros2_ws/install/diffdrive_arduino/share/ament_index/resource_index/packages/diffdrive_arduino
[3.763s] -- Up-to-date symlink: /home/orin/ros2_ws/install/diffdrive_arduino/share/ament_index/resource_index/hardware_interface__pluginlib__plugin/diffdrive_arduino
[3.763s] -- Up-to-date symlink: /home/orin/ros2_ws/install/diffdrive_arduino/share/diffdrive_arduino/cmake/ament_cmake_export_targets-extras.cmake
[3.763s] -- Up-to-date symlink: /home/orin/ros2_ws/install/diffdrive_arduino/share/diffdrive_arduino/cmake/ament_cmake_export_dependencies-extras.cmake
[3.763s] -- Up-to-date symlink: /home/orin/ros2_ws/install/diffdrive_arduino/share/diffdrive_arduino/cmake/diffdrive_arduinoConfig.cmake
[3.763s] -- Up-to-date symlink: /home/orin/ros2_ws/install/diffdrive_arduino/share/diffdrive_arduino/cmake/diffdrive_arduinoConfig-version.cmake
[3.764s] -- Up-to-date symlink: /home/orin/ros2_ws/install/diffdrive_arduino/share/diffdrive_arduino/package.xml
[3.764s] -- Up-to-date: /home/orin/ros2_ws/install/diffdrive_arduino/lib/libdiffdrive_arduino.so
[3.764s] -- Up-to-date: /home/orin/ros2_ws/install/diffdrive_arduino/share/diffdrive_arduino/cmake/export_diffdrive_arduinoExport.cmake
[3.767s] -- Up-to-date: /home/orin/ros2_ws/install/diffdrive_arduino/share/diffdrive_arduino/cmake/export_diffdrive_arduinoExport-noconfig.cmake
[3.767s] Invoked command in '/home/orin/ros2_ws/build/diffdrive_arduino' returned '0': CMAKE_PREFIX_PATH=/opt/ros/humble /usr/bin/cmake --install /home/orin/ros2_ws/build/diffdrive_arduino
