[3.534s] Invoking command in '/home/orin/ros2_ws/build/examples_rclpy_minimal_service': PYTHONPATH=/home/orin/ros2_ws/build/examples_rclpy_minimal_service/prefix_override:/usr/lib/python3/dist-packages/colcon_core/task/python/colcon_distutils_commands:/home/orin/ros2_ws/install/examples_rclpy_minimal_service/lib/python3.10/site-packages:${PYTHONPATH} /usr/bin/python3 -W ignore:setup.py install is deprecated -W ignore:easy_install command is deprecated setup.py develop --editable --build-directory /home/orin/ros2_ws/build/examples_rclpy_minimal_service/build --no-deps symlink_data
[4.151s] /home/orin/.local/lib/python3.10/site-packages/setuptools/_distutils/dist.py:261: UserWarning: Unknown distribution option: 'tests_require'
[4.151s]   warnings.warn(msg)
[4.855s] running develop
[5.989s] running egg_info
[6.101s] writing examples_rclpy_minimal_service.egg-info/PKG-INFO
[6.117s] writing dependency_links to examples_rclpy_minimal_service.egg-info/dependency_links.txt
[6.117s] writing entry points to examples_rclpy_minimal_service.egg-info/entry_points.txt
[6.117s] writing requirements to examples_rclpy_minimal_service.egg-info/requires.txt
[6.118s] writing top-level names to examples_rclpy_minimal_service.egg-info/top_level.txt
[6.250s] reading manifest file 'examples_rclpy_minimal_service.egg-info/SOURCES.txt'
[6.254s] writing manifest file 'examples_rclpy_minimal_service.egg-info/SOURCES.txt'
[6.308s] running build_ext
[6.311s] Creating /home/orin/ros2_ws/install/examples_rclpy_minimal_service/lib/python3.10/site-packages/examples-rclpy-minimal-service.egg-link (link to .)
[6.324s] Installing service script to /home/orin/ros2_ws/install/examples_rclpy_minimal_service/lib/examples_rclpy_minimal_service
[6.329s] Installing service_member_function script to /home/orin/ros2_ws/install/examples_rclpy_minimal_service/lib/examples_rclpy_minimal_service
[6.331s] 
[6.331s] Installed /home/orin/ros2_ws/build/examples_rclpy_minimal_service
[6.337s] running symlink_data
[6.469s] Invoked command in '/home/orin/ros2_ws/build/examples_rclpy_minimal_service' returned '0': PYTHONPATH=/home/orin/ros2_ws/build/examples_rclpy_minimal_service/prefix_override:/usr/lib/python3/dist-packages/colcon_core/task/python/colcon_distutils_commands:/home/orin/ros2_ws/install/examples_rclpy_minimal_service/lib/python3.10/site-packages:${PYTHONPATH} /usr/bin/python3 -W ignore:setup.py install is deprecated -W ignore:easy_install command is deprecated setup.py develop --editable --build-directory /home/orin/ros2_ws/build/examples_rclpy_minimal_service/build --no-deps symlink_data
