[7.238s] Invoking command in '/home/orin/ros2_ws/build/examples_rclpy_guard_conditions': PYTHONPATH=/home/orin/ros2_ws/build/examples_rclpy_guard_conditions/prefix_override:/usr/lib/python3/dist-packages/colcon_core/task/python/colcon_distutils_commands:/home/orin/ros2_ws/install/examples_rclpy_guard_conditions/lib/python3.10/site-packages:${PYTHONPATH} /usr/bin/python3 -W ignore:setup.py install is deprecated setup.py develop --editable --build-directory /home/orin/ros2_ws/build/examples_rclpy_guard_conditions/build --no-deps symlink_data --force
[8.135s] /home/orin/.local/lib/python3.10/site-packages/setuptools/_distutils/dist.py:261: UserWarning: Unknown distribution option: 'tests_require'
[8.135s]   warnings.warn(msg)
[9.295s] running develop
[9.301s] /home/orin/.local/lib/python3.10/site-packages/setuptools/command/develop.py:41: EasyInstallDeprecationWarning: easy_install command is deprecated.
[9.301s] !!
[9.301s] 
[9.301s]         ********************************************************************************
[9.302s]         Please avoid running ``setup.py`` and ``easy_install``.
[9.302s]         Instead, use pypa/build, pypa/installer or other
[9.302s]         standards-based tools.
[9.302s] 
[9.302s]         See https://github.com/pypa/setuptools/issues/917 for details.
[9.302s]         ********************************************************************************
[9.302s] 
[9.302s] !!
[9.303s]   easy_install.initialize_options(self)
[10.852s] running egg_info
[10.958s] writing examples_rclpy_guard_conditions.egg-info/PKG-INFO
[10.963s] writing dependency_links to examples_rclpy_guard_conditions.egg-info/dependency_links.txt
[10.965s] writing entry points to examples_rclpy_guard_conditions.egg-info/entry_points.txt
[10.967s] writing requirements to examples_rclpy_guard_conditions.egg-info/requires.txt
[10.970s] writing top-level names to examples_rclpy_guard_conditions.egg-info/top_level.txt
[11.197s] reading manifest file 'examples_rclpy_guard_conditions.egg-info/SOURCES.txt'
[11.199s] writing manifest file 'examples_rclpy_guard_conditions.egg-info/SOURCES.txt'
[11.301s] running build_ext
[11.301s] Creating /home/orin/ros2_ws/install/examples_rclpy_guard_conditions/lib/python3.10/site-packages/examples-rclpy-guard-conditions.egg-link (link to .)
[11.302s] Installing trigger_guard_condition script to /home/orin/ros2_ws/install/examples_rclpy_guard_conditions/lib/examples_rclpy_guard_conditions
[11.302s] 
[11.302s] Installed /home/orin/ros2_ws/build/examples_rclpy_guard_conditions
[11.302s] running symlink_data
[11.302s] symbolically linking /home/orin/ros2_ws/build/examples_rclpy_guard_conditions/resource/examples_rclpy_guard_conditions -> /home/orin/ros2_ws/install/examples_rclpy_guard_conditions/share/ament_index/resource_index/packages
[11.302s] symbolically linking /home/orin/ros2_ws/build/examples_rclpy_guard_conditions/package.xml -> /home/orin/ros2_ws/install/examples_rclpy_guard_conditions/share/examples_rclpy_guard_conditions
[11.551s] Invoked command in '/home/orin/ros2_ws/build/examples_rclpy_guard_conditions' returned '0': PYTHONPATH=/home/orin/ros2_ws/build/examples_rclpy_guard_conditions/prefix_override:/usr/lib/python3/dist-packages/colcon_core/task/python/colcon_distutils_commands:/home/orin/ros2_ws/install/examples_rclpy_guard_conditions/lib/python3.10/site-packages:${PYTHONPATH} /usr/bin/python3 -W ignore:setup.py install is deprecated setup.py develop --editable --build-directory /home/orin/ros2_ws/build/examples_rclpy_guard_conditions/build --no-deps symlink_data --force
