[6.716s] Invoking command in '/home/orin/ros2_ws/src/hcsr04_sensor': PYTHONPATH=/home/orin/ros2_ws/build/hcsr04_sensor/prefix_override:/usr/lib/python3/dist-packages/colcon_core/task/python/colcon_distutils_commands:/home/orin/ros2_ws/install/hcsr04_sensor/lib/python3.10/site-packages:${PYTHONPATH} /usr/bin/python3 -W ignore:setup.py install is deprecated setup.py egg_info --egg-base ../../build/hcsr04_sensor build --build-base /home/orin/ros2_ws/build/hcsr04_sensor/build install --record /home/orin/ros2_ws/build/hcsr04_sensor/install.log --single-version-externally-managed install_data
[7.531s] /home/orin/.local/lib/python3.10/site-packages/setuptools/_distutils/dist.py:261: UserWarning: Unknown distribution option: 'tests_require'
[7.531s]   warnings.warn(msg)
[8.080s] running egg_info
[8.154s] writing ../../build/hcsr04_sensor/hcsr04_sensor.egg-info/PKG-INFO
[8.154s] writing dependency_links to ../../build/hcsr04_sensor/hcsr04_sensor.egg-info/dependency_links.txt
[8.157s] writing entry points to ../../build/hcsr04_sensor/hcsr04_sensor.egg-info/entry_points.txt
[8.159s] writing requirements to ../../build/hcsr04_sensor/hcsr04_sensor.egg-info/requires.txt
[8.159s] writing top-level names to ../../build/hcsr04_sensor/hcsr04_sensor.egg-info/top_level.txt
[8.327s] reading manifest file '../../build/hcsr04_sensor/hcsr04_sensor.egg-info/SOURCES.txt'
[8.331s] writing manifest file '../../build/hcsr04_sensor/hcsr04_sensor.egg-info/SOURCES.txt'
[8.337s] running build
[8.337s] running build_py
[8.338s] copying hcsr04_sensor/__init__.py -> /home/orin/ros2_ws/build/hcsr04_sensor/build/lib/hcsr04_sensor
[8.342s] copying hcsr04_sensor/hcsr04_subscriber.py -> /home/orin/ros2_ws/build/hcsr04_sensor/build/lib/hcsr04_sensor
[8.342s] copying hcsr04_sensor/hcsr04_publisher.py -> /home/orin/ros2_ws/build/hcsr04_sensor/build/lib/hcsr04_sensor
[8.342s] running install
[8.364s] running install_lib
[8.459s] running install_data
[8.459s] copying resource/hcsr04_sensor -> /home/orin/ros2_ws/install/hcsr04_sensor/share/ament_index/resource_index/packages
[8.460s] copying package.xml -> /home/orin/ros2_ws/install/hcsr04_sensor/share/hcsr04_sensor
[8.460s] running install_egg_info
[8.525s] removing '/home/orin/ros2_ws/install/hcsr04_sensor/lib/python3.10/site-packages/hcsr04_sensor-0.0.0-py3.10.egg-info' (and everything under it)
[8.528s] Copying ../../build/hcsr04_sensor/hcsr04_sensor.egg-info to /home/orin/ros2_ws/install/hcsr04_sensor/lib/python3.10/site-packages/hcsr04_sensor-0.0.0-py3.10.egg-info
[8.534s] running install_scripts
[9.315s] Installing hcsr04_publisher script to /home/orin/ros2_ws/install/hcsr04_sensor/lib/hcsr04_sensor
[9.318s] writing list of installed files to '/home/orin/ros2_ws/build/hcsr04_sensor/install.log'
[9.511s] Invoked command in '/home/orin/ros2_ws/src/hcsr04_sensor' returned '0': PYTHONPATH=/home/orin/ros2_ws/build/hcsr04_sensor/prefix_override:/usr/lib/python3/dist-packages/colcon_core/task/python/colcon_distutils_commands:/home/orin/ros2_ws/install/hcsr04_sensor/lib/python3.10/site-packages:${PYTHONPATH} /usr/bin/python3 -W ignore:setup.py install is deprecated setup.py egg_info --egg-base ../../build/hcsr04_sensor build --build-base /home/orin/ros2_ws/build/hcsr04_sensor/build install --record /home/orin/ros2_ws/build/hcsr04_sensor/install.log --single-version-externally-managed install_data
