[3.249s] Invoking command in '/home/orin/ros2_ws/build/diffdrive_arduino': /usr/bin/cmake --build /home/orin/ros2_ws/build/diffdrive_arduino -- -j6 -l6
[3.861s] [100%] Built target diffdrive_arduino
[5.041s] Invoked command in '/home/orin/ros2_ws/build/diffdrive_arduino' returned '0': /usr/bin/cmake --build /home/orin/ros2_ws/build/diffdrive_arduino -- -j6 -l6
[5.518s] Invoking command in '/home/orin/ros2_ws/build/diffdrive_arduino': /usr/bin/cmake --install /home/orin/ros2_ws/build/diffdrive_arduino
[5.652s] -- Install configuration: ""
[5.655s] -- Execute custom install script
[5.661s] -- Up-to-date symlink: /home/orin/ros2_ws/install/diffdrive_arduino/share/diffdrive_arduino//diffdrive_arduino.xml
[5.687s] -- Up-to-date symlink: /home/orin/ros2_ws/install/diffdrive_arduino/include/diffdrive_arduino/diffdrive_arduino/arduino_comms.hpp
[5.701s] -- Up-to-date symlink: /home/orin/ros2_ws/install/diffdrive_arduino/include/diffdrive_arduino/diffdrive_arduino/diffbot_system.hpp
[5.702s] -- Up-to-date symlink: /home/orin/ros2_ws/install/diffdrive_arduino/include/diffdrive_arduino/diffdrive_arduino/visibility_control.h
[5.702s] -- Up-to-date symlink: /home/orin/ros2_ws/install/diffdrive_arduino/include/diffdrive_arduino/diffdrive_arduino/wheel.hpp
[5.702s] -- Up-to-date symlink: /home/orin/ros2_ws/install/diffdrive_arduino/share/diffdrive_arduino/launch/view_robot.launch.py
[5.702s] -- Up-to-date symlink: /home/orin/ros2_ws/install/diffdrive_arduino/share/diffdrive_arduino/ros2_control/diffbot.ros2_control.xacro
[5.727s] -- Up-to-date symlink: /home/orin/ros2_ws/install/diffdrive_arduino/share/diffdrive_arduino/urdf/diffbot.materials.xacro
[5.727s] -- Up-to-date symlink: /home/orin/ros2_ws/install/diffdrive_arduino/share/diffdrive_arduino/urdf/diffbot.urdf.xacro
[5.727s] -- Up-to-date symlink: /home/orin/ros2_ws/install/diffdrive_arduino/share/diffdrive_arduino/urdf/diffbot_description.urdf.xacro
[5.741s] -- Up-to-date symlink: /home/orin/ros2_ws/install/diffdrive_arduino/share/diffdrive_arduino/rviz/diffbot.rviz
[5.742s] -- Up-to-date symlink: /home/orin/ros2_ws/install/diffdrive_arduino/share/diffdrive_arduino/rviz/diffbot_view.rviz
[5.742s] -- Up-to-date symlink: /home/orin/ros2_ws/install/diffdrive_arduino/share/diffdrive_arduino/launch/diffbot.launch.py
[5.742s] -- Up-to-date symlink: /home/orin/ros2_ws/install/diffdrive_arduino/share/diffdrive_arduino/config/diffbot_controllers.yaml
[5.742s] -- Up-to-date symlink: /home/orin/ros2_ws/install/diffdrive_arduino/share/diffdrive_arduino/environment/library_path.sh
[5.761s] -- Up-to-date symlink: /home/orin/ros2_ws/install/diffdrive_arduino/share/diffdrive_arduino/environment/library_path.dsv
[5.762s] -- Up-to-date symlink: /home/orin/ros2_ws/install/diffdrive_arduino/share/ament_index/resource_index/package_run_dependencies/diffdrive_arduino
[5.762s] -- Up-to-date symlink: /home/orin/ros2_ws/install/diffdrive_arduino/share/ament_index/resource_index/parent_prefix_path/diffdrive_arduino
[5.762s] -- Up-to-date symlink: /home/orin/ros2_ws/install/diffdrive_arduino/share/diffdrive_arduino/environment/ament_prefix_path.sh
[5.762s] -- Up-to-date symlink: /home/orin/ros2_ws/install/diffdrive_arduino/share/diffdrive_arduino/environment/ament_prefix_path.dsv
[5.762s] -- Up-to-date symlink: /home/orin/ros2_ws/install/diffdrive_arduino/share/diffdrive_arduino/environment/path.sh
[5.762s] -- Up-to-date symlink: /home/orin/ros2_ws/install/diffdrive_arduino/share/diffdrive_arduino/environment/path.dsv
[5.762s] -- Up-to-date symlink: /home/orin/ros2_ws/install/diffdrive_arduino/share/diffdrive_arduino/local_setup.bash
[5.763s] -- Up-to-date symlink: /home/orin/ros2_ws/install/diffdrive_arduino/share/diffdrive_arduino/local_setup.sh
[5.763s] -- Up-to-date symlink: /home/orin/ros2_ws/install/diffdrive_arduino/share/diffdrive_arduino/local_setup.zsh
[5.763s] -- Up-to-date symlink: /home/orin/ros2_ws/install/diffdrive_arduino/share/diffdrive_arduino/local_setup.dsv
[5.763s] -- Symlinking: /home/orin/ros2_ws/install/diffdrive_arduino/share/diffdrive_arduino/package.dsv
[5.972s] -- Up-to-date symlink: /home/orin/ros2_ws/install/diffdrive_arduino/share/ament_index/resource_index/packages/diffdrive_arduino
[5.983s] -- Up-to-date symlink: /home/orin/ros2_ws/install/diffdrive_arduino/share/ament_index/resource_index/hardware_interface__pluginlib__plugin/diffdrive_arduino
[5.983s] -- Up-to-date symlink: /home/orin/ros2_ws/install/diffdrive_arduino/share/diffdrive_arduino/cmake/ament_cmake_export_targets-extras.cmake
[5.984s] -- Up-to-date symlink: /home/orin/ros2_ws/install/diffdrive_arduino/share/diffdrive_arduino/cmake/ament_cmake_export_dependencies-extras.cmake
[5.984s] -- Up-to-date symlink: /home/orin/ros2_ws/install/diffdrive_arduino/share/diffdrive_arduino/cmake/diffdrive_arduinoConfig.cmake
[6.000s] -- Up-to-date symlink: /home/orin/ros2_ws/install/diffdrive_arduino/share/diffdrive_arduino/cmake/diffdrive_arduinoConfig-version.cmake
[6.001s] -- Up-to-date symlink: /home/orin/ros2_ws/install/diffdrive_arduino/share/diffdrive_arduino/package.xml
[6.001s] -- Up-to-date: /home/orin/ros2_ws/install/diffdrive_arduino/lib/libdiffdrive_arduino.so
[6.001s] -- Up-to-date: /home/orin/ros2_ws/install/diffdrive_arduino/share/diffdrive_arduino/cmake/export_diffdrive_arduinoExport.cmake
[6.001s] -- Up-to-date: /home/orin/ros2_ws/install/diffdrive_arduino/share/diffdrive_arduino/cmake/export_diffdrive_arduinoExport-noconfig.cmake
[6.022s] Invoked command in '/home/orin/ros2_ws/build/diffdrive_arduino' returned '0': /usr/bin/cmake --install /home/orin/ros2_ws/build/diffdrive_arduino
