[0.100s] Invoking command in '/home/orin/ros2_ws/build/examples_rclcpp_wait_set': CMAKE_PREFIX_PATH=/opt/ros/humble /usr/bin/cmake --build /home/orin/ros2_ws/build/examples_rclcpp_wait_set -- -j6 -l6
[0.327s] [  8%] Built target talker
[0.464s] [ 16%] Built target static_wait_set
[0.570s] [ 25%] Built target thread_safe_wait_set
[0.649s] [ 33%] Built target wait_set_topics_and_timer
[0.752s] [ 41%] Built target wait_set_random_order
[0.858s] [ 50%] Built target executor_random_order
[0.927s] [ 58%] Built target wait_set_topics_with_different_rates
[1.034s] [ 66%] Built target wait_set
[1.187s] [ 75%] Built target wait_set_listener
[1.378s] [ 83%] Built target listener
[1.502s] [ 91%] Built target wait_set_talker
[1.683s] [100%] Built target wait_set_composed
[1.763s] Invoked command in '/home/orin/ros2_ws/build/examples_rclcpp_wait_set' returned '0': CMAKE_PREFIX_PATH=/opt/ros/humble /usr/bin/cmake --build /home/orin/ros2_ws/build/examples_rclcpp_wait_set -- -j6 -l6
[1.979s] Invoking command in '/home/orin/ros2_ws/build/examples_rclcpp_wait_set': CMAKE_PREFIX_PATH=/opt/ros/humble /usr/bin/cmake --install /home/orin/ros2_ws/build/examples_rclcpp_wait_set
[1.990s] -- Install configuration: ""
[1.992s] -- Execute custom install script
[1.996s] -- Up-to-date symlink: /home/orin/ros2_ws/install/examples_rclcpp_wait_set/lib/examples_rclcpp_wait_set/wait_set_talker
[1.998s] -- Up-to-date symlink: /home/orin/ros2_ws/install/examples_rclcpp_wait_set/lib/examples_rclcpp_wait_set/wait_set_listener
[1.998s] -- Up-to-date symlink: /home/orin/ros2_ws/install/examples_rclcpp_wait_set/lib/libtalker.so
[1.999s] -- Up-to-date symlink: /home/orin/ros2_ws/install/examples_rclcpp_wait_set/lib/liblistener.so
[2.002s] -- Up-to-date symlink: /home/orin/ros2_ws/install/examples_rclcpp_wait_set/lib/examples_rclcpp_wait_set/wait_set
[2.002s] -- Up-to-date symlink: /home/orin/ros2_ws/install/examples_rclcpp_wait_set/lib/examples_rclcpp_wait_set/static_wait_set
[2.002s] -- Up-to-date symlink: /home/orin/ros2_ws/install/examples_rclcpp_wait_set/lib/examples_rclcpp_wait_set/thread_safe_wait_set
[2.003s] -- Up-to-date symlink: /home/orin/ros2_ws/install/examples_rclcpp_wait_set/lib/examples_rclcpp_wait_set/wait_set_topics_and_timer
[2.003s] -- Up-to-date symlink: /home/orin/ros2_ws/install/examples_rclcpp_wait_set/lib/examples_rclcpp_wait_set/wait_set_random_order
[2.003s] -- Up-to-date symlink: /home/orin/ros2_ws/install/examples_rclcpp_wait_set/lib/examples_rclcpp_wait_set/executor_random_order
[2.003s] -- Up-to-date symlink: /home/orin/ros2_ws/install/examples_rclcpp_wait_set/lib/examples_rclcpp_wait_set/wait_set_topics_with_different_rates
[2.003s] -- Up-to-date symlink: /home/orin/ros2_ws/install/examples_rclcpp_wait_set/lib/examples_rclcpp_wait_set/wait_set_composed
[2.008s] -- Up-to-date symlink: /home/orin/ros2_ws/install/examples_rclcpp_wait_set/share/ament_index/resource_index/package_run_dependencies/examples_rclcpp_wait_set
[2.009s] -- Up-to-date symlink: /home/orin/ros2_ws/install/examples_rclcpp_wait_set/share/ament_index/resource_index/parent_prefix_path/examples_rclcpp_wait_set
[2.009s] -- Up-to-date symlink: /home/orin/ros2_ws/install/examples_rclcpp_wait_set/share/examples_rclcpp_wait_set/environment/ament_prefix_path.sh
[2.009s] -- Up-to-date symlink: /home/orin/ros2_ws/install/examples_rclcpp_wait_set/share/examples_rclcpp_wait_set/environment/ament_prefix_path.dsv
[2.009s] -- Up-to-date symlink: /home/orin/ros2_ws/install/examples_rclcpp_wait_set/share/examples_rclcpp_wait_set/environment/path.sh
[2.009s] -- Up-to-date symlink: /home/orin/ros2_ws/install/examples_rclcpp_wait_set/share/examples_rclcpp_wait_set/environment/path.dsv
[2.009s] -- Up-to-date symlink: /home/orin/ros2_ws/install/examples_rclcpp_wait_set/share/examples_rclcpp_wait_set/local_setup.bash
[2.009s] -- Up-to-date symlink: /home/orin/ros2_ws/install/examples_rclcpp_wait_set/share/examples_rclcpp_wait_set/local_setup.sh
[2.010s] -- Up-to-date symlink: /home/orin/ros2_ws/install/examples_rclcpp_wait_set/share/examples_rclcpp_wait_set/local_setup.zsh
[2.010s] -- Up-to-date symlink: /home/orin/ros2_ws/install/examples_rclcpp_wait_set/share/examples_rclcpp_wait_set/local_setup.dsv
[2.014s] -- Symlinking: /home/orin/ros2_ws/install/examples_rclcpp_wait_set/share/examples_rclcpp_wait_set/package.dsv
[2.034s] -- Up-to-date symlink: /home/orin/ros2_ws/install/examples_rclcpp_wait_set/share/ament_index/resource_index/packages/examples_rclcpp_wait_set
[2.034s] -- Up-to-date symlink: /home/orin/ros2_ws/install/examples_rclcpp_wait_set/share/ament_index/resource_index/rclcpp_components/examples_rclcpp_wait_set
[2.035s] -- Up-to-date symlink: /home/orin/ros2_ws/install/examples_rclcpp_wait_set/share/examples_rclcpp_wait_set/cmake/examples_rclcpp_wait_setConfig.cmake
[2.035s] -- Up-to-date symlink: /home/orin/ros2_ws/install/examples_rclcpp_wait_set/share/examples_rclcpp_wait_set/cmake/examples_rclcpp_wait_setConfig-version.cmake
[2.035s] -- Up-to-date symlink: /home/orin/ros2_ws/install/examples_rclcpp_wait_set/share/examples_rclcpp_wait_set/package.xml
[2.066s] Invoked command in '/home/orin/ros2_ws/build/examples_rclcpp_wait_set' returned '0': CMAKE_PREFIX_PATH=/opt/ros/humble /usr/bin/cmake --install /home/orin/ros2_ws/build/examples_rclcpp_wait_set
