[2.884s] Invoking command in '/home/orin/ros2_ws/src/encoder_odom': PYTHONPATH=/home/orin/ros2_ws/build/encoder_odom/prefix_override:/usr/lib/python3/dist-packages/colcon_core/task/python/colcon_distutils_commands:/home/orin/ros2_ws/install/encoder_odom/lib/python3.10/site-packages:${PYTHONPATH} /usr/bin/python3 -W ignore:setup.py install is deprecated -W ignore:easy_install command is deprecated setup.py egg_info --egg-base ../../build/encoder_odom build --build-base /home/orin/ros2_ws/build/encoder_odom/build install --record /home/orin/ros2_ws/build/encoder_odom/install.log --single-version-externally-managed install_data
[3.348s] /home/orin/.local/lib/python3.10/site-packages/setuptools/_distutils/dist.py:261: UserWarning: Unknown distribution option: 'tests_require'
[3.348s]   warnings.warn(msg)
[3.707s] running egg_info
[3.707s] creating ../../build/encoder_odom/encoder_odom.egg-info
[3.783s] writing ../../build/encoder_odom/encoder_odom.egg-info/PKG-INFO
[3.783s] writing dependency_links to ../../build/encoder_odom/encoder_odom.egg-info/dependency_links.txt
[3.783s] writing requirements to ../../build/encoder_odom/encoder_odom.egg-info/requires.txt
[3.783s] writing top-level names to ../../build/encoder_odom/encoder_odom.egg-info/top_level.txt
[3.784s] writing manifest file '../../build/encoder_odom/encoder_odom.egg-info/SOURCES.txt'
[3.889s] reading manifest file '../../build/encoder_odom/encoder_odom.egg-info/SOURCES.txt'
[3.889s] adding license file 'LICENSE'
[3.891s] writing manifest file '../../build/encoder_odom/encoder_odom.egg-info/SOURCES.txt'
[3.892s] running build
[3.892s] running build_py
[3.892s] creating /home/orin/ros2_ws/build/encoder_odom/build/lib/encoder_odom
[3.893s] copying encoder_odom/__init__.py -> /home/orin/ros2_ws/build/encoder_odom/build/lib/encoder_odom
[3.893s] running install
[3.904s] running install_lib
[3.959s] creating /home/orin/ros2_ws/install/encoder_odom/lib/python3.10/site-packages/encoder_odom
[3.960s] copying /home/orin/ros2_ws/build/encoder_odom/build/lib/encoder_odom/__init__.py -> /home/orin/ros2_ws/install/encoder_odom/lib/python3.10/site-packages/encoder_odom
[3.961s] byte-compiling /home/orin/ros2_ws/install/encoder_odom/lib/python3.10/site-packages/encoder_odom/__init__.py to __init__.cpython-310.pyc
[3.962s] running install_data
[3.963s] creating /home/orin/ros2_ws/install/encoder_odom/share/ament_index/resource_index/packages
[3.964s] copying resource/encoder_odom -> /home/orin/ros2_ws/install/encoder_odom/share/ament_index/resource_index/packages
[3.966s] copying package.xml -> /home/orin/ros2_ws/install/encoder_odom/share/encoder_odom
[3.966s] running install_egg_info
[4.023s] Copying ../../build/encoder_odom/encoder_odom.egg-info to /home/orin/ros2_ws/install/encoder_odom/lib/python3.10/site-packages/encoder_odom-0.0.0-py3.10.egg-info
[4.025s] running install_scripts
[4.453s] writing list of installed files to '/home/orin/ros2_ws/build/encoder_odom/install.log'
[4.536s] Invoked command in '/home/orin/ros2_ws/src/encoder_odom' returned '0': PYTHONPATH=/home/orin/ros2_ws/build/encoder_odom/prefix_override:/usr/lib/python3/dist-packages/colcon_core/task/python/colcon_distutils_commands:/home/orin/ros2_ws/install/encoder_odom/lib/python3.10/site-packages:${PYTHONPATH} /usr/bin/python3 -W ignore:setup.py install is deprecated -W ignore:easy_install command is deprecated setup.py egg_info --egg-base ../../build/encoder_odom build --build-base /home/orin/ros2_ws/build/encoder_odom/build install --record /home/orin/ros2_ws/build/encoder_odom/install.log --single-version-externally-managed install_data
