[0.084s] Invoking command in '/home/orin/ros2_ws/build/rtabmap': AMENT_PREFIX_PATH=/home/orin/ros2_ws/install/cv_bridge:${AMENT_PREFIX_PATH} CMAKE_PREFIX_PATH=/home/orin/ros2_ws/install/cv_bridge:/opt/ros/humble LD_LIBRARY_PATH=/home/orin/ros2_ws/install/cv_bridge/lib:${LD_LIBRARY_PATH} PYTHONPATH=/home/orin/ros2_ws/install/cv_bridge/local/lib/python3.10/dist-packages:${PYTHONPATH} /usr/bin/cmake /home/orin/ros2_ws/src/rtabmap -DCMAKE_BUILD_TYPE=Release -DCMAKE_INSTALL_PREFIX=/home/orin/ros2_ws/install/rtabmap
[16.512s] -- The C compiler identification is GNU 11.4.0
[16.514s] -- The CXX compiler identification is GNU 11.4.0
[16.514s] -- Detecting C compiler ABI info
[16.514s] -- Detecting C compiler ABI info - done
[16.514s] -- Check for working C compiler: /usr/bin/cc - skipped
[16.514s] -- Detecting C compile features
[16.514s] -- Detecting C compile features - done
[16.515s] -- Detecting CXX compiler ABI info
[16.518s] -- Detecting CXX compiler ABI info - done
[16.518s] -- Check for working CXX compiler: /usr/bin/c++ - skipped
[16.518s] -- Detecting CXX compile features
[16.518s] -- Detecting CXX compile features - done
[16.518s] -- MOBILE_BUILD=OFF
[16.518s] -- Looking for pthread.h
[16.518s] -- Looking for pthread.h - found
[16.519s] -- Performing Test CMAKE_HAVE_LIBC_PTHREAD
[16.519s] -- Performing Test CMAKE_HAVE_LIBC_PTHREAD - Success
[16.519s] -- Found Threads: TRUE  
[16.519s] -- Found CUDA: /usr/local/cuda (found suitable exact version "12.2") 
[16.519s] -- Checking for module 'eigen3'
[16.519s] --   Found eigen3, version 3.4.0
[16.519s] -- Found Eigen: /usr/include/eigen3 (Required is at least version "3.1") 
[16.520s] -- Eigen found (include: /usr/include/eigen3, version: 3.4.0)
[16.520s] -- Checking for module 'libusb-1.0'
[16.520s] --   Found libusb-1.0, version 1.0.25
[16.520s] -- Found libusb: /usr/lib/aarch64-linux-gnu/libusb-1.0.so  
[16.520s] -- OpenNI found (version: 1.5.4.0, include: /usr/include/ni, lib: /usr/lib/libOpenNI.so;libusb::libusb)
[18.556s] -- Eigen found (include: /usr/include/eigen3, version: 3.4.0)
[18.662s] -- Checking for module 'flann'
[18.880s] --   Found flann, version 1.9.1
[19.369s] -- Found FLANN: /usr/lib/aarch64-linux-gnu/libflann_cpp.so  
[19.371s] -- FLANN found (include: /usr/include, lib: /usr/lib/aarch64-linux-gnu/libflann_cpp.so)
[19.417s] -- Found Qhull version 8.0.2
[22.337s] -- OpenNI found (version: 1.5.4.0, include: /usr/include/ni, lib: /usr/lib/libOpenNI.so;libusb::libusb)
[23.451s] -- Found PCL_COMMON: /usr/lib/aarch64-linux-gnu/libpcl_common.so  
[23.467s] -- Found PCL_OCTREE: /usr/lib/aarch64-linux-gnu/libpcl_octree.so  
[23.479s] -- Found PCL_IO: /usr/lib/aarch64-linux-gnu/libpcl_io.so  
[23.495s] -- Found PCL_KDTREE: /usr/lib/aarch64-linux-gnu/libpcl_kdtree.so  
[23.506s] -- Found PCL_SEARCH: /usr/lib/aarch64-linux-gnu/libpcl_search.so  
[23.511s] -- Found PCL_SURFACE: /usr/lib/aarch64-linux-gnu/libpcl_surface.so  
[23.512s] -- Found PCL_FILTERS: /usr/lib/aarch64-linux-gnu/libpcl_filters.so  
[23.515s] -- Found PCL_2D: /usr/include/pcl-1.12  
[23.515s] -- Found PCL_FEATURES: /usr/lib/aarch64-linux-gnu/libpcl_features.so  
[23.517s] -- Found PCL_REGISTRATION: /usr/lib/aarch64-linux-gnu/libpcl_registration.so  
[23.519s] -- Found PCL_SAMPLE_CONSENSUS: /usr/lib/aarch64-linux-gnu/libpcl_sample_consensus.so  
[23.522s] -- Found PCL_GEOMETRY: /usr/include/pcl-1.12  
[23.522s] -- Found PCL_ML: /usr/lib/aarch64-linux-gnu/libpcl_ml.so  
[23.527s] -- Found PCL_SEGMENTATION: /usr/lib/aarch64-linux-gnu/libpcl_segmentation.so  
[23.535s] -- Found PCL_VISUALIZATION: /usr/lib/aarch64-linux-gnu/libpcl_visualization.so  
[23.536s] -- PCL definitions don't contain "-march=native", make sure all libraries using Eigen are also compiled without that flag to avoid some segmentation faults (with gdb referring to some Eigen functions).
[23.556s] -- Found SQLite3: /usr/include /usr/lib/aarch64-linux-gnu/libsqlite3.so
[25.683s] -- Found OpenMP_C: -fopenmp (found version "4.5") 
[26.547s] -- Found OpenMP_CXX: -fopenmp (found version "4.5") 
[26.549s] -- Found OpenMP: TRUE (found version "4.5") found components: C CXX 
[26.556s] -- Found OpenMP: /usr/lib/gcc/aarch64-linux-gnu/11/libgomp.so;/usr/lib/aarch64-linux-gnu/libpthread.a
[26.560s] -- Add PCL_OMP to definitions
[26.560s] -- Found OpenCV: /usr/include/opencv4
[26.563s] -- Found PCL: /usr/include/pcl-1.12;/usr/include/eigen3;/usr/include;/usr/include/ni
[26.563s] -- Found ZLIB: /usr/include
[26.644s] -- Found GLEW: /usr/lib/aarch64-linux-gnu/libGLEW.so  
[26.653s] -- Found OpenGL: /usr/lib/aarch64-linux-gnu/libOpenGL.so  found components: OpenGL GLX 
[34.310s] -- Found Python3: /usr/bin/python3.10 (found suitable version "3.10.12", minimum required is "3.10") found components: Interpreter Development.Module Development.Embed 
[34.384s] -- Found MPI_C: /usr/lib/aarch64-linux-gnu/libmpi.so (found version "3.1") 
[34.385s] -- Found MPI: TRUE (found version "3.1") found components: C 
[35.886s] -- Found HDF5: /usr/lib/aarch64-linux-gnu/hdf5/serial/libhdf5.so;/usr/lib/aarch64-linux-gnu/libcrypto.so;/usr/lib/aarch64-linux-gnu/libcurl.so;/usr/lib/aarch64-linux-gnu/libpthread.a;/usr/lib/aarch64-linux-gnu/libsz.so;/usr/lib/aarch64-linux-gnu/libz.so;/usr/lib/aarch64-linux-gnu/libdl.a;/usr/lib/aarch64-linux-gnu/libm.so (found version "1.10.7") found components: C HL 
[35.914s] -- Found NetCDF: /usr/include (found version "4.8.1") 
[35.932s] -- Found OGG: /usr/lib/aarch64-linux-gnu/libogg.so  
[35.949s] -- Found THEORA: /usr/lib/aarch64-linux-gnu/libtheora.so  
[35.958s] -- Found JsonCpp: /usr/lib/aarch64-linux-gnu/libjsoncpp.so (found suitable version "1.9.5", minimum required is "0.7.0") 
[36.539s] -- Found LibXml2: /usr/lib/aarch64-linux-gnu/libxml2.so (found version "2.9.13") 
[36.605s] -- Found ZLIB: /usr/lib/aarch64-linux-gnu/libz.so (found version "1.2.11") 
[36.630s] -- Found GL2PS: /usr/lib/aarch64-linux-gnu/libgl2ps.so (found suitable version "1.4.2", minimum required is "1.4.2") 
[36.672s] -- Found PNG: /usr/lib/aarch64-linux-gnu/libpng.so (found version "1.6.37") 
[36.681s] -- Found SQLite3: /usr/include (found version "3.37.2") 
[36.727s] -- Found LibPROJ: /usr/lib/aarch64-linux-gnu/libproj.so (found version "8.2.1") 
[36.740s] -- Found Eigen3: /usr/include/eigen3 (found version "3.4.0") 
[36.866s] -- Found X11: /usr/include   
[37.063s] -- Found EXPAT: /usr/lib/aarch64-linux-gnu/libexpat.so (found version "2.4.7") 
[37.064s] -- Found double-conversion: /usr/lib/aarch64-linux-gnu/libdouble-conversion.so  
[37.071s] -- Found LZ4: /usr/lib/aarch64-linux-gnu/liblz4.so (found version "1.9.3") 
[37.079s] -- Found LZMA: /usr/lib/aarch64-linux-gnu/liblzma.so (found version "5.2.5") 
[37.123s] -- Found JPEG: /usr/lib/aarch64-linux-gnu/libjpeg.so (found version "80") 
[37.131s] -- Found TIFF: /usr/lib/aarch64-linux-gnu/libtiff.so (found version "4.3.0")  
[37.153s] -- Found Freetype: /usr/lib/aarch64-linux-gnu/libfreetype.so (found version "2.11.1") 
[37.189s] -- Found utf8cpp: /usr/include/utf8cpp  
[37.242s] -- VTK>=9 detected, will use VTK_QT_VERSION=5 for Qt version.
[37.511s] -- VTK_RENDERING_BACKEND=
[37.741s] -- Found OpenNI2: /usr/include/openni2
[37.752s] -- Found DC1394: /usr/include/dc1394
[37.863s] -- Found Eigen3: /usr/include/eigen3 (Required is at least version "2.91.0") 
[37.875s] -- Found OpenGL: /usr/lib/aarch64-linux-gnu/libOpenGL.so   
[37.907s] -- Found g2o (targets)
[37.910s] -- g2o include dir: /opt/ros/humble/include
[37.924s] -- Latest g2o factory version detected with shared ptr (factory file: /opt/ros/humble/include/g2o/core/factory.h).
[38.138s] -- GTSAM include directory:  /opt/ros/humble/lib/cmake/GTSAM/../../../include
[38.259s] -- FlyCapture2_INCLUDE_DIR=FlyCapture2_INCLUDE_DIR-NOTFOUND
[38.259s] -- FlyCapture2_LIBRARY=FlyCapture2_LIBRARY-NOTFOUND
[38.259s] -- Triclops_INCLUDE_DIR=Triclops_INCLUDE_DIR-NOTFOUND
[38.260s] -- Triclops_LIBRARY=Triclops_LIBRARY-NOTFOUND
[38.260s] -- FlyCaptureBridge_LIBRARY=FlyCaptureBridge_LIBRARY-NOTFOUND
[38.333s] -- Found Boost: /usr/lib/aarch64-linux-gnu/cmake/Boost-1.74.0/BoostConfig.cmake (found version "1.74.0") found components: thread filesystem system program_options date_time 
[38.362s] -- Found Boost: /usr/lib/aarch64-linux-gnu/cmake/Boost-1.74.0/BoostConfig.cmake (found version "1.74.0") found components: thread filesystem system program_options date_time chrono 
[38.394s] -- Found libpointmatcher: /opt/ros/humble/include;/usr/include/eigen3
[38.405s] -- Found Boost: /usr/lib/aarch64-linux-gnu/cmake/Boost-1.74.0/BoostConfig.cmake (found version "1.74.0") found components: thread filesystem system program_options date_time 
[38.433s] -- Found Boost: /usr/lib/aarch64-linux-gnu/cmake/Boost-1.74.0/BoostConfig.cmake (found version "1.74.0") found components: thread filesystem system program_options date_time chrono timer serialization 
[38.659s] -- Found RealSense2: 
[38.788s] -- Found octomap 1.9.7: /usr/include
[39.225s] -- Found grid_map_core 2.0.0: /opt/ros/humble/include;/usr/include/eigen3
[39.267s] -- Architecture: aarch64
[39.366s] -- Performing Test COMPILER_SUPPORTS_CXX17
[39.855s] -- Performing Test COMPILER_SUPPORTS_CXX17 - Success
[39.932s] -- Found Pthreads
[39.962s] -- Performing Test COMPILER_HAS_HIDDEN_VISIBILITY
[40.456s] -- Performing Test COMPILER_HAS_HIDDEN_VISIBILITY - Success
[40.459s] -- Performing Test COMPILER_HAS_HIDDEN_INLINE_VISIBILITY
[41.011s] -- Performing Test COMPILER_HAS_HIDDEN_INLINE_VISIBILITY - Success
[41.012s] -- Performing Test COMPILER_HAS_DEPRECATED_ATTR
[41.354s] -- Performing Test COMPILER_HAS_DEPRECATED_ATTR - Success
[41.750s] [0mCMake Deprecation Warning at examples/LidarMapping/CMakeLists.txt:1 (cmake_minimum_required):
[41.750s]   Compatibility with CMake < 2.8.12 will be removed from a future version of
[41.750s]   CMake.
[41.750s] 
[41.751s]   Update the VERSION argument <min> value or use a ...<max> suffix to tell
[41.753s]   CMake that the project does not need compatibility with older versions.
[41.753s] 
[41.755s] [0m
[42.135s] -- --------------------------------------------
[42.135s] -- Info :
[42.135s] --   RTAB-Map Version =     0.21.9
[42.135s] --   CMAKE_VERSION =        3.22.1
[42.135s] --   CMAKE_INSTALL_PREFIX = /home/orin/ros2_ws/install/rtabmap
[42.144s] --   CMAKE_BUILD_TYPE =     Release
[42.144s] --   CMAKE_INSTALL_LIBDIR = lib
[42.144s] --   BUILD_APP =            ON
[42.144s] --   BUILD_TOOLS =          ON
[42.144s] --   BUILD_EXAMPLES =       ON
[42.144s] --   BUILD_SHARED_LIBS =    ON
[42.145s] --   CMAKE_CXX_FLAGS =  -fmessage-length=0 -fopenmp -std=c++17
[42.145s] --   FLANN_KDTREE_MEM_OPT = OFF
[42.145s] --   PCL_DEFINITIONS = -DDISABLE_OPENNI2;-DDISABLE_PCAP;-DDISABLE_PNG
[42.145s] --   PCL_VERSION = 1.12.1
[42.145s] -- 
[42.150s] -- Optional dependencies ('*' affects some default parameters) :
[42.150s] --  *With OpenCV 4.10.0 xfeatures2d = YES, nonfree = YES (License: Non commercial)
[42.150s] --   With Qt 5.15.3            = YES (License: Open Source or Commercial)
[42.150s] --   With VTK 9.1              = YES (License: BSD)
[42.150s] --   With external SQLite3     = YES (License: Public Domain)
[42.151s] --   With ORB OcTree           = YES (License: GPLv3)
[42.156s] --   With SupertPoint          = NO (WITH_TORCH=OFF)
[42.157s] --   With Python3              = NO (WITH_PYTHON=OFF)
[42.157s] --   With Madgwick             = YES (License: GPL)
[42.157s] --   With FastCV               = NO (FastCV not found)
[42.157s] --   With PDAL                 = NO (PDAL not found)
[42.157s] --   With libLAS               = NO (WITH_LIBLAS=OFF)
[42.157s] --   With CudaSift             = NO (WITH_CUDASIFT=OFF)
[42.158s] -- 
[42.158s] --  Solvers:
[42.158s] --   With TORO                 = YES (License: Creative Commons [Attribution-NonCommercial-ShareAlike])
[42.158s] --  *With g2o 1.0.0            = YES (License: BSD)
[42.158s] --  *With GTSAM 4.2.0          = YES (License: BSD)
[42.158s] --  *With Ceres                = NO (WITH_CERES=OFF)
[42.158s] --   With MRPT                 = NO (MRPT not found)
[42.158s] --   With VERTIGO              = YES (License: GPLv3)
[42.159s] --   With cvsba                = NO (WITH_CVSBA=OFF)
[42.170s] --  *With libpointmatcher 1.3.1 = YES (License: BSD)
[42.170s] --   With CCCoreLib            = NO (WITH_CCCORELIB=OFF)
[42.170s] --   With Open3D               = NO (WITH_OPEN3D=OFF)
[42.171s] --   With OpenGV               = NO (OpenGV not found)
[42.175s] -- 
[42.175s] --  Reconstruction Approaches:
[42.176s] --   With OctoMap 1.9.7        = YES (License: BSD)
[42.176s] --   With GridMap 2.0.0        = YES (License: BSD)
[42.176s] --   With CPUTSDF              = NO (WITH_CPUTSDF=OFF)
[42.176s] --   With OpenChisel           = NO (WITH_OPENCHISEL=OFF)
[42.176s] --   With AliceVision          = NO (WITH_ALICE_VISION=OFF)
[42.176s] -- 
[42.176s] --  Camera Drivers:
[42.177s] --   With Freenect             = NO (libfreenect not found)
[42.177s] --   With OpenNI               = YES (License: Apache v2)
[42.177s] --   With OpenNI2              = YES (License: Apache v2)
[42.177s] --   With Freenect2            = NO (libfreenect2 not found)
[42.177s] --   With Kinect for Windows 2 = NO (Kinect for Windows 2 SDK not found)
[42.177s] --   With Kinect for Azure     = NO (Kinect for Azure SDK not found)
[42.177s] --   With dc1394               = YES (License: LGPL)
[42.177s] --   With FlyCapture2/Triclops = NO (Point Grey SDK not found)
[42.178s] --   With ZED                  = NO (ZED sdk and/or cuda not found)
[42.178s] --   With ZEDOC                = NO (ZED Open Capture not found)
[42.178s] --   With RealSense            = NO (librealsense not found)
[42.178s] --   With RealSense2 2.55.1    = YES (License: Apache-2)
[42.178s] --   With MyntEyeS             = NO (mynteye s sdk not found)
[42.178s] --   With DepthAI              = NO (WITH_DEPTHAI=OFF)
[42.178s] --   With XVisio SDK           = NO (WITH_XVSDK=OFF)
[42.178s] -- 
[42.178s] --  Odometry Approaches:
[42.179s] --   With loam_velodyne        = NO (WITH_LOAM=OFF)
[42.185s] --   With floam                = NO (WITH_FLOAM=OFF)
[42.185s] --   With libfovis             = NO (WITH_FOVIS=OFF)
[42.186s] --   With libviso2             = NO (WITH_VISO2=OFF)
[42.186s] --   With dvo_core             = NO (WITH_DVO=OFF)
[42.186s] --   With okvis                = NO (WITH_OKVIS=OFF)
[42.186s] --   With msckf_vio            = NO (WITH_MSCKF_VIO=OFF)
[42.186s] --   With VINS-Fusion          = NO (WITH_VINS=OFF)
[42.186s] --   With OpenVINS             = NO (WITH_OPENVINS=OFF)
[42.186s] --   With ORB_SLAM             = NO (WITH_ORB_SLAM=OFF)
[42.187s] -- Show all options with: cmake -LA | grep WITH_
[42.195s] -- --------------------------------------------
[42.195s] -- Configuring done
[45.751s] -- Generating done
[45.798s] -- Build files have been written to: /home/orin/ros2_ws/build/rtabmap
