[0.918s] Invoking command in '/home/orin/ros2_ws/build/examples_rclcpp_async_client': CMAKE_PREFIX_PATH=/opt/ros/humble /usr/bin/cmake /home/orin/ros2_ws/src/examples/rclcpp/services/async_client -DCMAKE_INSTALL_PREFIX=/home/orin/ros2_ws/install/examples_rclcpp_async_client
[0.983s] -- Found ament_cmake: 1.3.11 (/opt/ros/humble/share/ament_cmake/cmake)
[1.666s] -- Override CMake install command with custom implementation using symlinks instead of copying resources
[1.717s] -- Found example_interfaces: 0.9.3 (/opt/ros/humble/share/example_interfaces/cmake)
[1.973s] -- Found rosidl_generator_c: 3.1.6 (/opt/ros/humble/share/rosidl_generator_c/cmake)
[1.978s] -- Found rosidl_adapter: 3.1.6 (/opt/ros/humble/share/rosidl_adapter/cmake)
[2.045s] -- Found rosidl_generator_cpp: 3.1.6 (/opt/ros/humble/share/rosidl_generator_cpp/cmake)
[2.045s] -- Using all available rosidl_typesupport_c: rosidl_typesupport_fastrtps_c;rosidl_typesupport_introspection_c
[2.074s] -- Using all available rosidl_typesupport_cpp: rosidl_typesupport_fastrtps_cpp;rosidl_typesupport_introspection_cpp
[2.259s] -- Found rclcpp: 16.0.11 (/opt/ros/humble/share/rclcpp/cmake)
[2.357s] -- Found rmw_implementation_cmake: 6.1.2 (/opt/ros/humble/share/rmw_implementation_cmake/cmake)
[2.361s] -- Found rmw_fastrtps_cpp: 6.2.7 (/opt/ros/humble/share/rmw_fastrtps_cpp/cmake)
[3.001s] -- Using RMW implementation 'rmw_fastrtps_cpp' as default
[3.229s] -- Found ament_lint_auto: 0.12.11 (/opt/ros/humble/share/ament_lint_auto/cmake)
[3.856s] -- Added test 'copyright' to check source files copyright and LICENSE
[3.870s] -- Added test 'cppcheck' to perform static code analysis on C / C++ code
[3.873s] -- Configured cppcheck include dirs: 
[3.873s] -- Configured cppcheck exclude dirs and/or files: 
[3.878s] -- Added test 'cpplint' to check C / C++ code against the Google style
[3.881s] -- Configured cpplint exclude dirs and/or files: 
[3.886s] -- Added test 'lint_cmake' to check CMake code style
[3.894s] -- Added test 'uncrustify' to check C / C++ code style
[3.897s] -- Configured uncrustify additional arguments: 
[3.897s] -- Added test 'xmllint' to check XML markup files
[3.919s] -- Configuring done
[4.038s] -- Generating done
[4.062s] -- Build files have been written to: /home/orin/ros2_ws/build/examples_rclcpp_async_client
[4.103s] Invoked command in '/home/orin/ros2_ws/build/examples_rclcpp_async_client' returned '0': CMAKE_PREFIX_PATH=/opt/ros/humble /usr/bin/cmake /home/orin/ros2_ws/src/examples/rclcpp/services/async_client -DCMAKE_INSTALL_PREFIX=/home/orin/ros2_ws/install/examples_rclcpp_async_client
[4.114s] Invoking command in '/home/orin/ros2_ws/build/examples_rclcpp_async_client': CMAKE_PREFIX_PATH=/opt/ros/humble /usr/bin/cmake --build /home/orin/ros2_ws/build/examples_rclcpp_async_client -- -j6 -l6
[6.840s] [35m[1mConsolidate compiler generated dependencies of target client_main[0m
[6.842s] [ 50%] [32mBuilding CXX object CMakeFiles/client_main.dir/main.cpp.o[0m
[20.941s] [100%] [32m[1mLinking CXX executable client_main[0m
[21.692s] [100%] Built target client_main
[21.763s] Invoked command in '/home/orin/ros2_ws/build/examples_rclcpp_async_client' returned '0': CMAKE_PREFIX_PATH=/opt/ros/humble /usr/bin/cmake --build /home/orin/ros2_ws/build/examples_rclcpp_async_client -- -j6 -l6
[21.764s] Invoking command in '/home/orin/ros2_ws/build/examples_rclcpp_async_client': CMAKE_PREFIX_PATH=/opt/ros/humble /usr/bin/cmake --install /home/orin/ros2_ws/build/examples_rclcpp_async_client
[28.888s] -- Install configuration: ""
[28.888s] -- Execute custom install script
[28.888s] -- Up-to-date symlink: /home/orin/ros2_ws/install/examples_rclcpp_async_client/lib/examples_rclcpp_async_client/client_main
[28.888s] -- Up-to-date symlink: /home/orin/ros2_ws/install/examples_rclcpp_async_client/share/ament_index/resource_index/package_run_dependencies/examples_rclcpp_async_client
[28.888s] -- Up-to-date symlink: /home/orin/ros2_ws/install/examples_rclcpp_async_client/share/ament_index/resource_index/parent_prefix_path/examples_rclcpp_async_client
[28.888s] -- Up-to-date symlink: /home/orin/ros2_ws/install/examples_rclcpp_async_client/share/examples_rclcpp_async_client/environment/ament_prefix_path.sh
[28.893s] -- Up-to-date symlink: /home/orin/ros2_ws/install/examples_rclcpp_async_client/share/examples_rclcpp_async_client/environment/ament_prefix_path.dsv
[28.893s] -- Up-to-date symlink: /home/orin/ros2_ws/install/examples_rclcpp_async_client/share/examples_rclcpp_async_client/environment/path.sh
[28.893s] -- Up-to-date symlink: /home/orin/ros2_ws/install/examples_rclcpp_async_client/share/examples_rclcpp_async_client/environment/path.dsv
[28.893s] -- Up-to-date symlink: /home/orin/ros2_ws/install/examples_rclcpp_async_client/share/examples_rclcpp_async_client/local_setup.bash
[28.894s] -- Up-to-date symlink: /home/orin/ros2_ws/install/examples_rclcpp_async_client/share/examples_rclcpp_async_client/local_setup.sh
[28.894s] -- Up-to-date symlink: /home/orin/ros2_ws/install/examples_rclcpp_async_client/share/examples_rclcpp_async_client/local_setup.zsh
[28.894s] -- Up-to-date symlink: /home/orin/ros2_ws/install/examples_rclcpp_async_client/share/examples_rclcpp_async_client/local_setup.dsv
[28.894s] -- Symlinking: /home/orin/ros2_ws/install/examples_rclcpp_async_client/share/examples_rclcpp_async_client/package.dsv
[28.894s] -- Up-to-date symlink: /home/orin/ros2_ws/install/examples_rclcpp_async_client/share/ament_index/resource_index/packages/examples_rclcpp_async_client
[28.894s] -- Up-to-date symlink: /home/orin/ros2_ws/install/examples_rclcpp_async_client/share/examples_rclcpp_async_client/cmake/examples_rclcpp_async_clientConfig.cmake
[28.894s] -- Up-to-date symlink: /home/orin/ros2_ws/install/examples_rclcpp_async_client/share/examples_rclcpp_async_client/cmake/examples_rclcpp_async_clientConfig-version.cmake
[28.894s] -- Up-to-date symlink: /home/orin/ros2_ws/install/examples_rclcpp_async_client/share/examples_rclcpp_async_client/package.xml
[28.895s] Invoked command in '/home/orin/ros2_ws/build/examples_rclcpp_async_client' returned '0': CMAKE_PREFIX_PATH=/opt/ros/humble /usr/bin/cmake --install /home/orin/ros2_ws/build/examples_rclcpp_async_client
