[0.039s] Invoking command in '/home/orin/ros2_ws/build/examples_rclcpp_minimal_action_client': CMAKE_PREFIX_PATH=/opt/ros/humble /usr/bin/cmake /home/orin/ros2_ws/src/examples/rclcpp/actions/minimal_action_client -DCMAKE_INSTALL_PREFIX=/home/orin/ros2_ws/install/examples_rclcpp_minimal_action_client
[1.315s] -- Found ament_cmake: 1.3.11 (/opt/ros/humble/share/ament_cmake/cmake)
[1.315s] -- Override CMake install command with custom implementation using symlinks instead of copying resources
[1.315s] -- Found example_interfaces: 0.9.3 (/opt/ros/humble/share/example_interfaces/cmake)
[1.315s] -- Found rosidl_generator_c: 3.1.6 (/opt/ros/humble/share/rosidl_generator_c/cmake)
[1.316s] -- Found rosidl_adapter: 3.1.6 (/opt/ros/humble/share/rosidl_adapter/cmake)
[1.316s] -- Found rosidl_generator_cpp: 3.1.6 (/opt/ros/humble/share/rosidl_generator_cpp/cmake)
[1.316s] -- Using all available rosidl_typesupport_c: rosidl_typesupport_fastrtps_c;rosidl_typesupport_introspection_c
[1.316s] -- Using all available rosidl_typesupport_cpp: rosidl_typesupport_fastrtps_cpp;rosidl_typesupport_introspection_cpp
[1.317s] -- Found rclcpp: 16.0.11 (/opt/ros/humble/share/rclcpp/cmake)
[1.318s] -- Found rmw_implementation_cmake: 6.1.2 (/opt/ros/humble/share/rmw_implementation_cmake/cmake)
[1.321s] -- Found rmw_fastrtps_cpp: 6.2.7 (/opt/ros/humble/share/rmw_fastrtps_cpp/cmake)
[1.321s] -- Using RMW implementation 'rmw_fastrtps_cpp' as default
[1.321s] -- Found rclcpp_action: 16.0.11 (/opt/ros/humble/share/rclcpp_action/cmake)
[1.321s] -- Found ament_lint_auto: 0.12.11 (/opt/ros/humble/share/ament_lint_auto/cmake)
[1.414s] -- Added test 'copyright' to check source files copyright and LICENSE
[1.414s] -- Added test 'cppcheck' to perform static code analysis on C / C++ code
[1.415s] -- Configured cppcheck include dirs: 
[1.415s] -- Configured cppcheck exclude dirs and/or files: 
[1.416s] -- Added test 'cpplint' to check C / C++ code against the Google style
[1.417s] -- Configured cpplint exclude dirs and/or files: 
[1.417s] -- Added test 'lint_cmake' to check CMake code style
[1.418s] -- Added test 'uncrustify' to check C / C++ code style
[1.418s] -- Configured uncrustify additional arguments: 
[1.418s] -- Added test 'xmllint' to check XML markup files
[1.425s] -- Configuring done
[1.538s] -- Generating done
[1.562s] -- Build files have been written to: /home/orin/ros2_ws/build/examples_rclcpp_minimal_action_client
[1.598s] Invoked command in '/home/orin/ros2_ws/build/examples_rclcpp_minimal_action_client' returned '0': CMAKE_PREFIX_PATH=/opt/ros/humble /usr/bin/cmake /home/orin/ros2_ws/src/examples/rclcpp/actions/minimal_action_client -DCMAKE_INSTALL_PREFIX=/home/orin/ros2_ws/install/examples_rclcpp_minimal_action_client
[1.607s] Invoking command in '/home/orin/ros2_ws/build/examples_rclcpp_minimal_action_client': CMAKE_PREFIX_PATH=/opt/ros/humble /usr/bin/cmake --build /home/orin/ros2_ws/build/examples_rclcpp_minimal_action_client -- -j6 -l6
[6.483s] [35m[1mConsolidate compiler generated dependencies of target action_client_member_functions[0m
[6.484s] [ 12%] [32mBuilding CXX object CMakeFiles/action_client_member_functions.dir/member_functions.cpp.o[0m
[13.215s] [ 25%] [32m[1mLinking CXX executable action_client_member_functions[0m
[13.678s] [ 25%] Built target action_client_member_functions
[13.706s] [35m[1mConsolidate compiler generated dependencies of target action_client_not_composable_with_feedback[0m
[13.746s] [ 37%] [32mBuilding CXX object CMakeFiles/action_client_not_composable_with_feedback.dir/not_composable_with_feedback.cpp.o[0m
[23.857s] [ 50%] [32m[1mLinking CXX executable action_client_not_composable_with_feedback[0m
[24.470s] [ 50%] Built target action_client_not_composable_with_feedback
[24.494s] [35m[1mConsolidate compiler generated dependencies of target action_client_not_composable_with_cancel[0m
[24.535s] [ 62%] [32mBuilding CXX object CMakeFiles/action_client_not_composable_with_cancel.dir/not_composable_with_cancel.cpp.o[0m
[35.327s] [ 75%] [32m[1mLinking CXX executable action_client_not_composable_with_cancel[0m
[35.834s] [ 75%] Built target action_client_not_composable_with_cancel
[35.862s] [35m[1mConsolidate compiler generated dependencies of target action_client_not_composable[0m
[35.902s] [ 87%] [32mBuilding CXX object CMakeFiles/action_client_not_composable.dir/not_composable.cpp.o[0m
[47.200s] [100%] [32m[1mLinking CXX executable action_client_not_composable[0m
[47.604s] [100%] Built target action_client_not_composable
[47.647s] Invoked command in '/home/orin/ros2_ws/build/examples_rclcpp_minimal_action_client' returned '0': CMAKE_PREFIX_PATH=/opt/ros/humble /usr/bin/cmake --build /home/orin/ros2_ws/build/examples_rclcpp_minimal_action_client -- -j6 -l6
[47.649s] Invoking command in '/home/orin/ros2_ws/build/examples_rclcpp_minimal_action_client': CMAKE_PREFIX_PATH=/opt/ros/humble /usr/bin/cmake --install /home/orin/ros2_ws/build/examples_rclcpp_minimal_action_client
[47.673s] -- Install configuration: ""
[47.686s] -- Execute custom install script
[47.693s] -- Up-to-date symlink: /home/orin/ros2_ws/install/examples_rclcpp_minimal_action_client/lib/examples_rclcpp_minimal_action_client/action_client_member_functions
[47.693s] -- Up-to-date symlink: /home/orin/ros2_ws/install/examples_rclcpp_minimal_action_client/lib/examples_rclcpp_minimal_action_client/action_client_not_composable
[47.694s] -- Up-to-date symlink: /home/orin/ros2_ws/install/examples_rclcpp_minimal_action_client/lib/examples_rclcpp_minimal_action_client/action_client_not_composable_with_cancel
[47.695s] -- Up-to-date symlink: /home/orin/ros2_ws/install/examples_rclcpp_minimal_action_client/lib/examples_rclcpp_minimal_action_client/action_client_not_composable_with_feedback
[47.698s] -- Up-to-date symlink: /home/orin/ros2_ws/install/examples_rclcpp_minimal_action_client/share/ament_index/resource_index/package_run_dependencies/examples_rclcpp_minimal_action_client
[47.700s] -- Up-to-date symlink: /home/orin/ros2_ws/install/examples_rclcpp_minimal_action_client/share/ament_index/resource_index/parent_prefix_path/examples_rclcpp_minimal_action_client
[47.702s] -- Up-to-date symlink: /home/orin/ros2_ws/install/examples_rclcpp_minimal_action_client/share/examples_rclcpp_minimal_action_client/environment/ament_prefix_path.sh
[47.703s] -- Up-to-date symlink: /home/orin/ros2_ws/install/examples_rclcpp_minimal_action_client/share/examples_rclcpp_minimal_action_client/environment/ament_prefix_path.dsv
[47.704s] -- Up-to-date symlink: /home/orin/ros2_ws/install/examples_rclcpp_minimal_action_client/share/examples_rclcpp_minimal_action_client/environment/path.sh
[47.705s] -- Up-to-date symlink: /home/orin/ros2_ws/install/examples_rclcpp_minimal_action_client/share/examples_rclcpp_minimal_action_client/environment/path.dsv
[47.706s] -- Up-to-date symlink: /home/orin/ros2_ws/install/examples_rclcpp_minimal_action_client/share/examples_rclcpp_minimal_action_client/local_setup.bash
[47.708s] -- Up-to-date symlink: /home/orin/ros2_ws/install/examples_rclcpp_minimal_action_client/share/examples_rclcpp_minimal_action_client/local_setup.sh
[47.709s] -- Up-to-date symlink: /home/orin/ros2_ws/install/examples_rclcpp_minimal_action_client/share/examples_rclcpp_minimal_action_client/local_setup.zsh
[47.710s] -- Up-to-date symlink: /home/orin/ros2_ws/install/examples_rclcpp_minimal_action_client/share/examples_rclcpp_minimal_action_client/local_setup.dsv
[47.711s] -- Symlinking: /home/orin/ros2_ws/install/examples_rclcpp_minimal_action_client/share/examples_rclcpp_minimal_action_client/package.dsv
[47.735s] -- Up-to-date symlink: /home/orin/ros2_ws/install/examples_rclcpp_minimal_action_client/share/ament_index/resource_index/packages/examples_rclcpp_minimal_action_client
[47.737s] -- Up-to-date symlink: /home/orin/ros2_ws/install/examples_rclcpp_minimal_action_client/share/examples_rclcpp_minimal_action_client/cmake/examples_rclcpp_minimal_action_clientConfig.cmake
[47.739s] -- Up-to-date symlink: /home/orin/ros2_ws/install/examples_rclcpp_minimal_action_client/share/examples_rclcpp_minimal_action_client/cmake/examples_rclcpp_minimal_action_clientConfig-version.cmake
[47.740s] -- Up-to-date symlink: /home/orin/ros2_ws/install/examples_rclcpp_minimal_action_client/share/examples_rclcpp_minimal_action_client/package.xml
[47.751s] Invoked command in '/home/orin/ros2_ws/build/examples_rclcpp_minimal_action_client' returned '0': CMAKE_PREFIX_PATH=/opt/ros/humble /usr/bin/cmake --install /home/orin/ros2_ws/build/examples_rclcpp_minimal_action_client
