[0.043s] Invoking command in '/home/orin/ros2_ws/build/my_bot_description': CMAKE_PREFIX_PATH=/opt/ros/humble /usr/bin/cmake --build /home/orin/ros2_ws/build/my_bot_description -- -j6 -l6
[0.547s] [100%] Built target my_bot_description
[0.578s] Invoked command in '/home/orin/ros2_ws/build/my_bot_description' returned '0': CMAKE_PREFIX_PATH=/opt/ros/humble /usr/bin/cmake --build /home/orin/ros2_ws/build/my_bot_description -- -j6 -l6
[0.613s] Invoking command in '/home/orin/ros2_ws/build/my_bot_description': CMAKE_PREFIX_PATH=/opt/ros/humble /usr/bin/cmake --install /home/orin/ros2_ws/build/my_bot_description
[0.639s] -- Install configuration: ""
[0.643s] -- Execute custom install script
[0.649s] -- Up-to-date symlink: /home/orin/ros2_ws/install/my_bot_description/share/my_bot_description//my_bot_ros2_control.xml
[0.658s] -- Up-to-date symlink: /home/orin/ros2_ws/install/my_bot_description/share/my_bot_description/config/my_bot/back_wheel.yaml
[0.658s] -- Up-to-date symlink: /home/orin/ros2_ws/install/my_bot_description/share/my_bot_description/config/my_bot/base.yaml
[0.660s] -- Up-to-date symlink: /home/orin/ros2_ws/install/my_bot_description/share/my_bot_description/config/my_bot/front_wheel.yaml
[0.661s] -- Up-to-date symlink: /home/orin/ros2_ws/install/my_bot_description/share/my_bot_description/config/my_bot/imu.yaml
[0.661s] -- Up-to-date symlink: /home/orin/ros2_ws/install/my_bot_description/share/my_bot_description/config/my_bot/motor.yaml
[0.662s] -- Up-to-date symlink: /home/orin/ros2_ws/install/my_bot_description/share/my_bot_description/config/my_bot/sensors.yaml
[0.663s] -- Up-to-date symlink: /home/orin/ros2_ws/install/my_bot_description/share/my_bot_description/config/my_bot/wheel.yaml
[0.663s] -- Up-to-date symlink: /home/orin/ros2_ws/install/my_bot_description/share/my_bot_description/config/my_controllers.yaml
[0.664s] -- Up-to-date symlink: /home/orin/ros2_ws/install/my_bot_description/share/my_bot_description/config/twist_mux.yaml
[0.685s] -- Up-to-date symlink: /home/orin/ros2_ws/install/my_bot_description/share/my_bot_description/description/depth_camera.xacro
[0.686s] -- Up-to-date symlink: /home/orin/ros2_ws/install/my_bot_description/share/my_bot_description/description/gazebo_control.xacro
[0.687s] -- Up-to-date symlink: /home/orin/ros2_ws/install/my_bot_description/share/my_bot_description/description/imu.xacro
[0.687s] -- Up-to-date symlink: /home/orin/ros2_ws/install/my_bot_description/share/my_bot_description/description/inertial_macros.xacro
[0.688s] -- Up-to-date symlink: /home/orin/ros2_ws/install/my_bot_description/share/my_bot_description/description/lidar.xacro
[0.689s] -- Up-to-date symlink: /home/orin/ros2_ws/install/my_bot_description/share/my_bot_description/description/meshes/components/wheel.stl
[0.691s] -- Up-to-date symlink: /home/orin/ros2_ws/install/my_bot_description/share/my_bot_description/description/meshes/my_bot/bottom_plate.stl
[0.692s] -- Up-to-date symlink: /home/orin/ros2_ws/install/my_bot_description/share/my_bot_description/description/meshes/my_bot/bottom_plate_original.stl
[0.693s] -- Up-to-date symlink: /home/orin/ros2_ws/install/my_bot_description/share/my_bot_description/description/meshes/my_bot/dead_plate.stl
[0.694s] -- Up-to-date symlink: /home/orin/ros2_ws/install/my_bot_description/share/my_bot_description/description/meshes/my_bot/motor.stl
[0.695s] -- Up-to-date symlink: /home/orin/ros2_ws/install/my_bot_description/share/my_bot_description/description/meshes/my_bot/top_plate.stl
[0.695s] -- Up-to-date symlink: /home/orin/ros2_ws/install/my_bot_description/share/my_bot_description/description/meshes/my_bot/wheel_rim.stl
[0.696s] -- Up-to-date symlink: /home/orin/ros2_ws/install/my_bot_description/share/my_bot_description/description/meshes/my_bot/wheel_tire.stl
[0.698s] -- Up-to-date symlink: /home/orin/ros2_ws/install/my_bot_description/share/my_bot_description/description/meshes/sensors/OAK-D-LITE.stl
[0.698s] -- Up-to-date symlink: /home/orin/ros2_ws/install/my_bot_description/share/my_bot_description/description/meshes/sensors/rplidar_main.stl
[0.699s] -- Up-to-date symlink: /home/orin/ros2_ws/install/my_bot_description/share/my_bot_description/description/my_bot.urdf.xacro
[0.700s] -- Up-to-date symlink: /home/orin/ros2_ws/install/my_bot_description/share/my_bot_description/description/robot.urdf
[0.700s] -- Up-to-date symlink: /home/orin/ros2_ws/install/my_bot_description/share/my_bot_description/description/robot.urdf.xacro
[0.701s] -- Up-to-date symlink: /home/orin/ros2_ws/install/my_bot_description/share/my_bot_description/description/robot_core.xacro
[0.707s] -- Up-to-date symlink: /home/orin/ros2_ws/install/my_bot_description/share/my_bot_description/description/ros2_control/my_bot_ros2_control.xacro
[0.707s] -- Up-to-date symlink: /home/orin/ros2_ws/install/my_bot_description/share/my_bot_description/description/ros2_control/ros2_control.xacro
[0.710s] -- Up-to-date symlink: /home/orin/ros2_ws/install/my_bot_description/share/my_bot_description/hardware/ROSArduinoBridge.ino
[0.711s] -- Up-to-date symlink: /home/orin/ros2_ws/install/my_bot_description/share/my_bot_description/hardware/ROSArduinoBridge/.encoder_driver.h.swp
[0.712s] -- Up-to-date symlink: /home/orin/ros2_ws/install/my_bot_description/share/my_bot_description/hardware/ROSArduinoBridge/ROSArduinoBridge.ino
[0.713s] -- Up-to-date symlink: /home/orin/ros2_ws/install/my_bot_description/share/my_bot_description/hardware/ROSArduinoBridge/commands.h
[0.713s] -- Up-to-date symlink: /home/orin/ros2_ws/install/my_bot_description/share/my_bot_description/hardware/ROSArduinoBridge/diff_controller.h
[0.714s] -- Up-to-date symlink: /home/orin/ros2_ws/install/my_bot_description/share/my_bot_description/hardware/ROSArduinoBridge/encoder_driver.h
[0.714s] -- Up-to-date symlink: /home/orin/ros2_ws/install/my_bot_description/share/my_bot_description/hardware/ROSArduinoBridge/encoder_driver.ino
[0.715s] -- Up-to-date symlink: /home/orin/ros2_ws/install/my_bot_description/share/my_bot_description/hardware/ROSArduinoBridge/motor_driver.h
[0.716s] -- Up-to-date symlink: /home/orin/ros2_ws/install/my_bot_description/share/my_bot_description/hardware/ROSArduinoBridge/motor_driver.ino
[0.716s] -- Up-to-date symlink: /home/orin/ros2_ws/install/my_bot_description/share/my_bot_description/hardware/ROSArduinoBridge/sensors.h
[0.717s] -- Up-to-date symlink: /home/orin/ros2_ws/install/my_bot_description/share/my_bot_description/hardware/ROSArduinoBridge/servos.h
[0.717s] -- Up-to-date symlink: /home/orin/ros2_ws/install/my_bot_description/share/my_bot_description/hardware/ROSArduinoBridge/servos.ino
[0.718s] -- Up-to-date symlink: /home/orin/ros2_ws/install/my_bot_description/share/my_bot_description/hardware/diffbot_system.cpp
[0.720s] -- Up-to-date symlink: /home/orin/ros2_ws/install/my_bot_description/share/my_bot_description/hardware/include/my_bot_ros2_control/diffbot_system.hpp
[0.722s] -- Up-to-date symlink: /home/orin/ros2_ws/install/my_bot_description/share/my_bot_description/launch/display.launch.py
[0.723s] -- Up-to-date symlink: /home/orin/ros2_ws/install/my_bot_description/share/my_bot_description/launch/displaytest.launch.py
[0.723s] -- Up-to-date symlink: /home/orin/ros2_ws/install/my_bot_description/share/my_bot_description/launch/rsp.launch.py
[0.725s] -- Up-to-date symlink: /home/orin/ros2_ws/install/my_bot_description/share/my_bot_description/rviz/my_bot_description.rviz
[0.728s] -- Up-to-date symlink: /home/orin/ros2_ws/install/my_bot_description/share/my_bot_description/urdf/include/addon_macro.urdf.xacro
[0.729s] -- Up-to-date symlink: /home/orin/ros2_ws/install/my_bot_description/share/my_bot_description/urdf/include/common_macros.urdf.xacro
[0.729s] -- Up-to-date symlink: /home/orin/ros2_ws/install/my_bot_description/share/my_bot_description/urdf/include/common_sensors.xacro
[0.730s] -- Up-to-date symlink: /home/orin/ros2_ws/install/my_bot_description/share/my_bot_description/urdf/include/robot.gazebo.xacro
[0.731s] -- Up-to-date symlink: /home/orin/ros2_ws/install/my_bot_description/share/my_bot_description/urdf/my_bot.urdf.xacro
[0.737s] -- Up-to-date symlink: /home/orin/ros2_ws/install/my_bot_description/share/my_bot_description/worlds/empty.world
[0.737s] -- Up-to-date symlink: /home/orin/ros2_ws/install/my_bot_description/share/my_bot_description/worlds/obstacles.world
[0.738s] -- Up-to-date symlink: /home/orin/ros2_ws/install/my_bot_description/include/my_bot_description/my_bot_ros2_control/diffbot_system.hpp
[0.740s] -- Up-to-date symlink: /home/orin/ros2_ws/install/my_bot_description/share/ament_index/resource_index/package_run_dependencies/my_bot_description
[0.741s] -- Up-to-date symlink: /home/orin/ros2_ws/install/my_bot_description/share/ament_index/resource_index/parent_prefix_path/my_bot_description
[0.742s] -- Up-to-date symlink: /home/orin/ros2_ws/install/my_bot_description/share/my_bot_description/environment/ament_prefix_path.sh
[0.743s] -- Up-to-date symlink: /home/orin/ros2_ws/install/my_bot_description/share/my_bot_description/environment/ament_prefix_path.dsv
[0.744s] -- Up-to-date symlink: /home/orin/ros2_ws/install/my_bot_description/share/my_bot_description/environment/path.sh
[0.744s] -- Up-to-date symlink: /home/orin/ros2_ws/install/my_bot_description/share/my_bot_description/environment/path.dsv
[0.745s] -- Up-to-date symlink: /home/orin/ros2_ws/install/my_bot_description/share/my_bot_description/local_setup.bash
[0.746s] -- Up-to-date symlink: /home/orin/ros2_ws/install/my_bot_description/share/my_bot_description/local_setup.sh
[0.746s] -- Up-to-date symlink: /home/orin/ros2_ws/install/my_bot_description/share/my_bot_description/local_setup.zsh
[0.747s] -- Up-to-date symlink: /home/orin/ros2_ws/install/my_bot_description/share/my_bot_description/local_setup.dsv
[0.748s] -- Symlinking: /home/orin/ros2_ws/install/my_bot_description/share/my_bot_description/package.dsv
[0.775s] -- Up-to-date symlink: /home/orin/ros2_ws/install/my_bot_description/share/ament_index/resource_index/packages/my_bot_description
[0.777s] -- Up-to-date symlink: /home/orin/ros2_ws/install/my_bot_description/share/ament_index/resource_index/hardware_interface__pluginlib__plugin/my_bot_description
[0.778s] -- Up-to-date symlink: /home/orin/ros2_ws/install/my_bot_description/share/my_bot_description/cmake/my_bot_descriptionConfig.cmake
[0.778s] -- Up-to-date symlink: /home/orin/ros2_ws/install/my_bot_description/share/my_bot_description/cmake/my_bot_descriptionConfig-version.cmake
[0.779s] -- Up-to-date symlink: /home/orin/ros2_ws/install/my_bot_description/share/my_bot_description/package.xml
[0.785s] Invoked command in '/home/orin/ros2_ws/build/my_bot_description' returned '0': CMAKE_PREFIX_PATH=/opt/ros/humble /usr/bin/cmake --install /home/orin/ros2_ws/build/my_bot_description
