[0.147s] Invoking command in '/home/orin/ros2_ws/build/ros2_control_demo_example_1': AMENT_PREFIX_PATH=/home/orin/ros2_ws/install/ros2_control_demo_testing:/home/orin/ros2_ws/install/ros2_control_demo_description:${AMENT_PREFIX_PATH} CMAKE_PREFIX_PATH=/home/orin/ros2_ws/install/ros2_control_demo_description:/opt/ros/humble PYTHONPATH=/home/orin/ros2_ws/install/ros2_control_demo_testing/lib/python3.10/site-packages:${PYTHONPATH} /usr/bin/cmake /home/orin/ros2_ws/src/ros2_control_demos/example_1 -DCMAKE_INSTALL_PREFIX=/home/orin/ros2_ws/install/ros2_control_demo_example_1
[0.234s] -- Found ament_cmake: 1.3.11 (/opt/ros/humble/share/ament_cmake/cmake)
[1.179s] -- Override CMake install command with custom implementation using symlinks instead of copying resources
[1.213s] -- Found hardware_interface: 2.48.0 (/opt/ros/humble/share/hardware_interface/cmake)
[1.361s] -- Found rosidl_generator_c: 3.1.6 (/opt/ros/humble/share/rosidl_generator_c/cmake)
[1.368s] -- Found rosidl_adapter: 3.1.6 (/opt/ros/humble/share/rosidl_adapter/cmake)
[1.392s] -- Found rosidl_generator_cpp: 3.1.6 (/opt/ros/humble/share/rosidl_generator_cpp/cmake)
[1.433s] -- Using all available rosidl_typesupport_c: rosidl_typesupport_fastrtps_c;rosidl_typesupport_introspection_c
[1.467s] -- Using all available rosidl_typesupport_cpp: rosidl_typesupport_fastrtps_cpp;rosidl_typesupport_introspection_cpp
[1.914s] -- Found rmw_implementation_cmake: 6.1.2 (/opt/ros/humble/share/rmw_implementation_cmake/cmake)
[1.914s] -- Found rmw_fastrtps_cpp: 6.2.7 (/opt/ros/humble/share/rmw_fastrtps_cpp/cmake)
[2.050s] -- Found TinyXML2 via Config file: TinyXML2_DIR-NOTFOUND
[2.098s] -- Found TinyXML2 via Config file: TinyXML2_DIR-NOTFOUND
[2.214s] -- Found TinyXML2 via Config file: TinyXML2_DIR-NOTFOUND
[2.266s] -- Found TinyXML2 via Config file: TinyXML2_DIR-NOTFOUND
[2.365s] -- Using RMW implementation 'rmw_fastrtps_cpp' as default
[2.703s] -- Found ament_cmake_pytest: 1.3.11 (/opt/ros/humble/share/ament_cmake_pytest/cmake)
[12.640s] -- Configuring done
[12.915s] -- Generating done
[13.002s] -- Build files have been written to: /home/orin/ros2_ws/build/ros2_control_demo_example_1
[13.103s] Invoked command in '/home/orin/ros2_ws/build/ros2_control_demo_example_1' returned '0': AMENT_PREFIX_PATH=/home/orin/ros2_ws/install/ros2_control_demo_testing:/home/orin/ros2_ws/install/ros2_control_demo_description:${AMENT_PREFIX_PATH} CMAKE_PREFIX_PATH=/home/orin/ros2_ws/install/ros2_control_demo_description:/opt/ros/humble PYTHONPATH=/home/orin/ros2_ws/install/ros2_control_demo_testing/lib/python3.10/site-packages:${PYTHONPATH} /usr/bin/cmake /home/orin/ros2_ws/src/ros2_control_demos/example_1 -DCMAKE_INSTALL_PREFIX=/home/orin/ros2_ws/install/ros2_control_demo_example_1
[13.104s] Invoking command in '/home/orin/ros2_ws/build/ros2_control_demo_example_1': AMENT_PREFIX_PATH=/home/orin/ros2_ws/install/ros2_control_demo_testing:/home/orin/ros2_ws/install/ros2_control_demo_description:${AMENT_PREFIX_PATH} CMAKE_PREFIX_PATH=/home/orin/ros2_ws/install/ros2_control_demo_description:/opt/ros/humble PYTHONPATH=/home/orin/ros2_ws/install/ros2_control_demo_testing/lib/python3.10/site-packages:${PYTHONPATH} /usr/bin/cmake --build /home/orin/ros2_ws/build/ros2_control_demo_example_1 -- -j6 -l6
[20.342s] [35m[1mConsolidate compiler generated dependencies of target ros2_control_demo_example_1[0m
[20.342s] [ 50%] [32mBuilding CXX object CMakeFiles/ros2_control_demo_example_1.dir/hardware/rrbot.cpp.o[0m
[28.513s] [100%] [32m[1mLinking CXX shared library libros2_control_demo_example_1.so[0m
[29.014s] [100%] Built target ros2_control_demo_example_1
[29.062s] Invoked command in '/home/orin/ros2_ws/build/ros2_control_demo_example_1' returned '0': AMENT_PREFIX_PATH=/home/orin/ros2_ws/install/ros2_control_demo_testing:/home/orin/ros2_ws/install/ros2_control_demo_description:${AMENT_PREFIX_PATH} CMAKE_PREFIX_PATH=/home/orin/ros2_ws/install/ros2_control_demo_description:/opt/ros/humble PYTHONPATH=/home/orin/ros2_ws/install/ros2_control_demo_testing/lib/python3.10/site-packages:${PYTHONPATH} /usr/bin/cmake --build /home/orin/ros2_ws/build/ros2_control_demo_example_1 -- -j6 -l6
[29.063s] Invoking command in '/home/orin/ros2_ws/build/ros2_control_demo_example_1': AMENT_PREFIX_PATH=/home/orin/ros2_ws/install/ros2_control_demo_testing:/home/orin/ros2_ws/install/ros2_control_demo_description:${AMENT_PREFIX_PATH} CMAKE_PREFIX_PATH=/home/orin/ros2_ws/install/ros2_control_demo_description:/opt/ros/humble PYTHONPATH=/home/orin/ros2_ws/install/ros2_control_demo_testing/lib/python3.10/site-packages:${PYTHONPATH} /usr/bin/cmake --install /home/orin/ros2_ws/build/ros2_control_demo_example_1
[33.500s] -- Install configuration: "Release"
[33.500s] -- Execute custom install script
[33.500s] -- Up-to-date symlink: /home/orin/ros2_ws/install/ros2_control_demo_example_1/share/ros2_control_demo_example_1//ros2_control_demo_example_1.xml
[33.500s] -- Up-to-date symlink: /home/orin/ros2_ws/install/ros2_control_demo_example_1/include/ros2_control_demo_example_1/ros2_control_demo_example_1/rrbot.hpp
[33.501s] -- Up-to-date symlink: /home/orin/ros2_ws/install/ros2_control_demo_example_1/share/ros2_control_demo_example_1/launch/view_robot.launch.py
[33.501s] -- Up-to-date symlink: /home/orin/ros2_ws/install/ros2_control_demo_example_1/share/ros2_control_demo_example_1/ros2_control/rrbot.ros2_control.xacro
[33.501s] -- Up-to-date symlink: /home/orin/ros2_ws/install/ros2_control_demo_example_1/share/ros2_control_demo_example_1/urdf/rrbot.urdf.xacro
[33.501s] -- Up-to-date symlink: /home/orin/ros2_ws/install/ros2_control_demo_example_1/share/ros2_control_demo_example_1/launch/rrbot.launch.py
[33.501s] -- Up-to-date symlink: /home/orin/ros2_ws/install/ros2_control_demo_example_1/share/ros2_control_demo_example_1/launch/test_forward_position_controller.launch.py
[33.501s] -- Up-to-date symlink: /home/orin/ros2_ws/install/ros2_control_demo_example_1/share/ros2_control_demo_example_1/launch/test_joint_trajectory_controller.launch.py
[33.501s] -- Up-to-date symlink: /home/orin/ros2_ws/install/ros2_control_demo_example_1/share/ros2_control_demo_example_1/config/rrbot_controllers.yaml
[33.506s] -- Up-to-date symlink: /home/orin/ros2_ws/install/ros2_control_demo_example_1/share/ros2_control_demo_example_1/config/rrbot_forward_position_publisher.yaml
[33.510s] -- Up-to-date symlink: /home/orin/ros2_ws/install/ros2_control_demo_example_1/share/ros2_control_demo_example_1/config/rrbot_joint_trajectory_publisher.yaml
[33.511s] -- Up-to-date symlink: /home/orin/ros2_ws/install/ros2_control_demo_example_1/share/ros2_control_demo_example_1/environment/library_path.sh
[33.511s] -- Up-to-date symlink: /home/orin/ros2_ws/install/ros2_control_demo_example_1/share/ros2_control_demo_example_1/environment/library_path.dsv
[33.511s] -- Up-to-date symlink: /home/orin/ros2_ws/install/ros2_control_demo_example_1/share/ament_index/resource_index/package_run_dependencies/ros2_control_demo_example_1
[33.511s] -- Up-to-date symlink: /home/orin/ros2_ws/install/ros2_control_demo_example_1/share/ament_index/resource_index/parent_prefix_path/ros2_control_demo_example_1
[33.511s] -- Up-to-date symlink: /home/orin/ros2_ws/install/ros2_control_demo_example_1/share/ros2_control_demo_example_1/environment/ament_prefix_path.sh
[33.511s] -- Up-to-date symlink: /home/orin/ros2_ws/install/ros2_control_demo_example_1/share/ros2_control_demo_example_1/environment/ament_prefix_path.dsv
[33.512s] -- Up-to-date symlink: /home/orin/ros2_ws/install/ros2_control_demo_example_1/share/ros2_control_demo_example_1/environment/path.sh
[33.512s] -- Up-to-date symlink: /home/orin/ros2_ws/install/ros2_control_demo_example_1/share/ros2_control_demo_example_1/environment/path.dsv
[33.512s] -- Up-to-date symlink: /home/orin/ros2_ws/install/ros2_control_demo_example_1/share/ros2_control_demo_example_1/local_setup.bash
[33.512s] -- Up-to-date symlink: /home/orin/ros2_ws/install/ros2_control_demo_example_1/share/ros2_control_demo_example_1/local_setup.sh
[33.512s] -- Up-to-date symlink: /home/orin/ros2_ws/install/ros2_control_demo_example_1/share/ros2_control_demo_example_1/local_setup.zsh
[33.512s] -- Up-to-date symlink: /home/orin/ros2_ws/install/ros2_control_demo_example_1/share/ros2_control_demo_example_1/local_setup.dsv
[33.512s] -- Symlinking: /home/orin/ros2_ws/install/ros2_control_demo_example_1/share/ros2_control_demo_example_1/package.dsv
[33.512s] -- Up-to-date symlink: /home/orin/ros2_ws/install/ros2_control_demo_example_1/share/ament_index/resource_index/packages/ros2_control_demo_example_1
[33.513s] -- Up-to-date symlink: /home/orin/ros2_ws/install/ros2_control_demo_example_1/share/ament_index/resource_index/hardware_interface__pluginlib__plugin/ros2_control_demo_example_1
[33.513s] -- Up-to-date symlink: /home/orin/ros2_ws/install/ros2_control_demo_example_1/share/ros2_control_demo_example_1/cmake/ament_cmake_export_targets-extras.cmake
[33.513s] -- Up-to-date symlink: /home/orin/ros2_ws/install/ros2_control_demo_example_1/share/ros2_control_demo_example_1/cmake/ament_cmake_export_dependencies-extras.cmake
[33.513s] -- Up-to-date symlink: /home/orin/ros2_ws/install/ros2_control_demo_example_1/share/ros2_control_demo_example_1/cmake/ros2_control_demo_example_1Config.cmake
[33.513s] -- Up-to-date symlink: /home/orin/ros2_ws/install/ros2_control_demo_example_1/share/ros2_control_demo_example_1/cmake/ros2_control_demo_example_1Config-version.cmake
[33.513s] -- Up-to-date symlink: /home/orin/ros2_ws/install/ros2_control_demo_example_1/share/ros2_control_demo_example_1/package.xml
[33.513s] -- Installing: /home/orin/ros2_ws/install/ros2_control_demo_example_1/lib/libros2_control_demo_example_1.so
[33.515s] -- Set runtime path of "/home/orin/ros2_ws/install/ros2_control_demo_example_1/lib/libros2_control_demo_example_1.so" to ""
[33.516s] -- Up-to-date: /home/orin/ros2_ws/install/ros2_control_demo_example_1/share/ros2_control_demo_example_1/cmake/export_ros2_control_demo_example_1Export.cmake
[33.516s] -- Up-to-date: /home/orin/ros2_ws/install/ros2_control_demo_example_1/share/ros2_control_demo_example_1/cmake/export_ros2_control_demo_example_1Export-release.cmake
[33.516s] Invoked command in '/home/orin/ros2_ws/build/ros2_control_demo_example_1' returned '0': AMENT_PREFIX_PATH=/home/orin/ros2_ws/install/ros2_control_demo_testing:/home/orin/ros2_ws/install/ros2_control_demo_description:${AMENT_PREFIX_PATH} CMAKE_PREFIX_PATH=/home/orin/ros2_ws/install/ros2_control_demo_description:/opt/ros/humble PYTHONPATH=/home/orin/ros2_ws/install/ros2_control_demo_testing/lib/python3.10/site-packages:${PYTHONPATH} /usr/bin/cmake --install /home/orin/ros2_ws/build/ros2_control_demo_example_1
