[2.524s] Invoking command in '/home/orin/ros2_ws/src/encoder_ultrasonic_package': PYTHONPATH=/home/orin/ros2_ws/build/encoder_ultrasonic_package/prefix_override:/usr/lib/python3/dist-packages/colcon_core/task/python/colcon_distutils_commands:/home/orin/ros2_ws/install/encoder_ultrasonic_package/lib/python3.10/site-packages:${PYTHONPATH} /usr/bin/python3 -W ignore:setup.py install is deprecated setup.py egg_info --egg-base ../../build/encoder_ultrasonic_package build --build-base /home/orin/ros2_ws/build/encoder_ultrasonic_package/build install --record /home/orin/ros2_ws/build/encoder_ultrasonic_package/install.log --single-version-externally-managed install_data
[3.055s] /home/orin/.local/lib/python3.10/site-packages/setuptools/_distutils/dist.py:261: UserWarning: Unknown distribution option: 'tests_require'
[3.055s]   warnings.warn(msg)
[3.415s] running egg_info
[3.415s] creating ../../build/encoder_ultrasonic_package/encoder_ultrasonic_package.egg-info
[3.514s] writing ../../build/encoder_ultrasonic_package/encoder_ultrasonic_package.egg-info/PKG-INFO
[3.515s] writing dependency_links to ../../build/encoder_ultrasonic_package/encoder_ultrasonic_package.egg-info/dependency_links.txt
[3.515s] writing entry points to ../../build/encoder_ultrasonic_package/encoder_ultrasonic_package.egg-info/entry_points.txt
[3.515s] writing requirements to ../../build/encoder_ultrasonic_package/encoder_ultrasonic_package.egg-info/requires.txt
[3.515s] writing top-level names to ../../build/encoder_ultrasonic_package/encoder_ultrasonic_package.egg-info/top_level.txt
[3.515s] writing manifest file '../../build/encoder_ultrasonic_package/encoder_ultrasonic_package.egg-info/SOURCES.txt'
[3.613s] reading manifest file '../../build/encoder_ultrasonic_package/encoder_ultrasonic_package.egg-info/SOURCES.txt'
[3.617s] writing manifest file '../../build/encoder_ultrasonic_package/encoder_ultrasonic_package.egg-info/SOURCES.txt'
[3.620s] running build
[3.621s] running build_py
[3.622s] creating /home/orin/ros2_ws/build/encoder_ultrasonic_package/build/lib/encoder_ultrasonic_package
[3.624s] copying encoder_ultrasonic_package/__init__.py -> /home/orin/ros2_ws/build/encoder_ultrasonic_package/build/lib/encoder_ultrasonic_package
[3.626s] copying encoder_ultrasonic_package/encoder_ultrasonic_node.py -> /home/orin/ros2_ws/build/encoder_ultrasonic_package/build/lib/encoder_ultrasonic_package
[3.628s] running install
[3.640s] running install_lib
[3.721s] creating /home/orin/ros2_ws/install/encoder_ultrasonic_package/lib/python3.10/site-packages/encoder_ultrasonic_package
[3.722s] copying /home/orin/ros2_ws/build/encoder_ultrasonic_package/build/lib/encoder_ultrasonic_package/__init__.py -> /home/orin/ros2_ws/install/encoder_ultrasonic_package/lib/python3.10/site-packages/encoder_ultrasonic_package
[3.724s] copying /home/orin/ros2_ws/build/encoder_ultrasonic_package/build/lib/encoder_ultrasonic_package/encoder_ultrasonic_node.py -> /home/orin/ros2_ws/install/encoder_ultrasonic_package/lib/python3.10/site-packages/encoder_ultrasonic_package
[3.727s] byte-compiling /home/orin/ros2_ws/install/encoder_ultrasonic_package/lib/python3.10/site-packages/encoder_ultrasonic_package/__init__.py to __init__.cpython-310.pyc
[3.728s] byte-compiling /home/orin/ros2_ws/install/encoder_ultrasonic_package/lib/python3.10/site-packages/encoder_ultrasonic_package/encoder_ultrasonic_node.py to encoder_ultrasonic_node.cpython-310.pyc
[3.733s] running install_data
[3.735s] creating /home/orin/ros2_ws/install/encoder_ultrasonic_package/share/ament_index/resource_index/packages
[3.739s] copying resource/encoder_ultrasonic_package -> /home/orin/ros2_ws/install/encoder_ultrasonic_package/share/ament_index/resource_index/packages
[3.743s] copying package.xml -> /home/orin/ros2_ws/install/encoder_ultrasonic_package/share/encoder_ultrasonic_package
[3.744s] running install_egg_info
[3.816s] Copying ../../build/encoder_ultrasonic_package/encoder_ultrasonic_package.egg-info to /home/orin/ros2_ws/install/encoder_ultrasonic_package/lib/python3.10/site-packages/encoder_ultrasonic_package-0.0.0-py3.10.egg-info
[3.818s] running install_scripts
[4.296s] Installing encoder_ultrasonic_node script to /home/orin/ros2_ws/install/encoder_ultrasonic_package/lib/encoder_ultrasonic_package
[4.297s] writing list of installed files to '/home/orin/ros2_ws/build/encoder_ultrasonic_package/install.log'
[4.458s] Invoked command in '/home/orin/ros2_ws/src/encoder_ultrasonic_package' returned '0': PYTHONPATH=/home/orin/ros2_ws/build/encoder_ultrasonic_package/prefix_override:/usr/lib/python3/dist-packages/colcon_core/task/python/colcon_distutils_commands:/home/orin/ros2_ws/install/encoder_ultrasonic_package/lib/python3.10/site-packages:${PYTHONPATH} /usr/bin/python3 -W ignore:setup.py install is deprecated setup.py egg_info --egg-base ../../build/encoder_ultrasonic_package build --build-base /home/orin/ros2_ws/build/encoder_ultrasonic_package/build install --record /home/orin/ros2_ws/build/encoder_ultrasonic_package/install.log --single-version-externally-managed install_data
