[0.044s] Invoking command in '/home/orin/ros2_ws/build/my_bot_description': CMAKE_PREFIX_PATH=/home/orin/ros2_ws/src/my_bot_description/install/my_bot_description:/home/orin/ros2_ws/install/sllidar_ros2:/home/orin/ros2_ws/install/ros2_control_demos:/home/orin/ros2_ws/install/ros2_control_demo_example_9:/home/orin/ros2_ws/install/ros2_control_demo_example_8:/home/orin/ros2_ws/install/ros2_control_demo_example_7:/home/orin/ros2_ws/install/ros2_control_demo_example_6:/home/orin/ros2_ws/install/ros2_control_demo_example_15:/home/orin/ros2_ws/install/ros2_control_demo_example_13:/home/orin/ros2_ws/install/ros2_control_demo_example_5:/home/orin/ros2_ws/install/ros2_control_demo_example_4:/home/orin/ros2_ws/install/ros2_control_demo_example_3:/home/orin/ros2_ws/install/ros2_control_demo_example_2:/home/orin/ros2_ws/install/ros2_control_demo_example_14:/home/orin/ros2_ws/install/ros2_control_demo_example_12:/home/orin/ros2_ws/install/ros2_control_demo_example_11:/home/orin/ros2_ws/install/ros2_control_demo_example_10:/home/orin/ros2_ws/install/ros2_control_demo_example_1:/home/orin/ros2_ws/install/ros2_control_demo_description:/home/orin/ros2_ws/install/my_bot_imu:/home/orin/ros2_ws/install/my_bot_description:/home/orin/ros2_ws/install/wheel_encoder_odometry:/home/orin/ros2_ws/install/ros2_control_demo_testing:/home/orin/ros2_ws/install/launch_testing_examples:/home/orin/ros2_ws/install/hcsr04_sensor:/home/orin/ros2_ws/install/examples_rclpy_pointcloud_publisher:/home/orin/ros2_ws/install/examples_rclpy_minimal_subscriber:/home/orin/ros2_ws/install/examples_rclpy_minimal_service:/home/orin/ros2_ws/install/examples_rclpy_minimal_publisher:/home/orin/ros2_ws/install/examples_rclpy_minimal_client:/home/orin/ros2_ws/install/examples_rclpy_minimal_action_server:/home/orin/ros2_ws/install/examples_rclpy_minimal_action_client:/home/orin/ros2_ws/install/examples_rclpy_guard_conditions:/home/orin/ros2_ws/install/examples_rclpy_executors:/home/orin/ros2_ws/install/encoder_ultrasonic_package:/home/orin/ros2_ws/install/arduino_odometry:/opt/ros/humble:/home/orin/ros2_ws/install/mobile_robot_description:/home/orin/ros2_ws/install/image_geometry:/home/orin/ros2_ws/install/gazebo_dev:/home/orin/ros2_ws/install/examples_rclcpp_wait_set:/home/orin/ros2_ws/install/examples_rclcpp_multithreaded_executor:/home/orin/ros2_ws/install/examples_rclcpp_minimal_timer:/home/orin/ros2_ws/install/examples_rclcpp_minimal_subscriber:/home/orin/ros2_ws/install/examples_rclcpp_minimal_service:/home/orin/ros2_ws/install/examples_rclcpp_minimal_publisher:/home/orin/ros2_ws/install/examples_rclcpp_minimal_composition:/home/orin/ros2_ws/install/examples_rclcpp_minimal_client:/home/orin/ros2_ws/install/examples_rclcpp_minimal_action_server:/home/orin/ros2_ws/install/examples_rclcpp_minimal_action_client:/home/orin/ros2_ws/install/examples_rclcpp_cbg_executor:/home/orin/ros2_ws/install/examples_rclcpp_async_client:/home/orin/ros2_ws/install/diffdrive_arduino:/home/orin/ros2_ws/install/depthai-ros:/home/orin/ros2_ws/install/depthai_ros_driver:/home/orin/ros2_ws/install/depthai_filters:/home/orin/ros2_ws/install/depthai_examples:/home/orin/ros2_ws/install/depthai_bridge:/home/orin/ros2_ws/install/depthai_ros_msgs:/home/orin/ros2_ws/install/depthai_descriptions:/home/orin/ros2_ws/install/cv_bridge:/home/orin/ros2_ws/install/articubot_one:/home/orin/ros2_ws/install/arduino_serial_comm /usr/bin/cmake --build /home/orin/ros2_ws/build/my_bot_description -- -j6 -l6
[0.135s] -- Found hardware_interface: 2.43.1 (/opt/ros/humble/share/hardware_interface/cmake)
[0.649s] -- Found rosidl_generator_c: 3.1.5 (/opt/ros/humble/share/rosidl_generator_c/cmake)
[0.654s] -- Found rosidl_adapter: 3.1.5 (/opt/ros/humble/share/rosidl_adapter/cmake)
[0.668s] -- Found rosidl_generator_cpp: 3.1.5 (/opt/ros/humble/share/rosidl_generator_cpp/cmake)
[0.692s] -- Using all available rosidl_typesupport_c: rosidl_typesupport_fastrtps_c;rosidl_typesupport_introspection_c
[0.721s] -- Using all available rosidl_typesupport_cpp: rosidl_typesupport_fastrtps_cpp;rosidl_typesupport_introspection_cpp
[1.072s] -- Found rmw_implementation_cmake: 6.1.2 (/opt/ros/humble/share/rmw_implementation_cmake/cmake)
[1.079s] -- Found rmw_fastrtps_cpp: 6.2.7 (/opt/ros/humble/share/rmw_fastrtps_cpp/cmake)
[1.117s] -- Found TinyXML2 via Config file: TinyXML2_DIR-NOTFOUND
[1.136s] -- Found TinyXML2 via Config file: TinyXML2_DIR-NOTFOUND
[1.175s] -- Found TinyXML2 via Config file: TinyXML2_DIR-NOTFOUND
[1.193s] -- Found TinyXML2 via Config file: TinyXML2_DIR-NOTFOUND
[1.230s] -- Using RMW implementation 'rmw_fastrtps_cpp' as default
[1.324s] -- Found ament_lint_auto: 0.12.11 (/opt/ros/humble/share/ament_lint_auto/cmake)
[1.611s] -- Added test 'cppcheck' to perform static code analysis on C / C++ code
[1.612s] -- Configured cppcheck include dirs: $<BUILD_INTERFACE:/home/orin/ros2_ws/src/my_bot_description/hardware/include>
[1.612s] -- Configured cppcheck exclude dirs and/or files: 
[1.618s] -- Added test 'flake8' to check Python code syntax and style conventions
[1.630s] -- Added test 'lint_cmake' to check CMake code style
[1.636s] -- Added test 'pep257' to check Python code against some of the docstring style conventions in PEP 257
[1.680s] -- Added test 'uncrustify' to check C / C++ code style
[1.681s] -- Configured uncrustify additional arguments: 
[1.687s] -- Added test 'xmllint' to check XML markup files
[1.691s] -- Configuring done
[1.758s] -- Generating done
[1.763s] -- Build files have been written to: /home/orin/ros2_ws/build/my_bot_description
[1.863s] [35m[1mConsolidate compiler generated dependencies of target my_bot_description[0m
[1.920s] [100%] Built target my_bot_description
[1.960s] Invoked command in '/home/orin/ros2_ws/build/my_bot_description' returned '0': CMAKE_PREFIX_PATH=/home/orin/ros2_ws/src/my_bot_description/install/my_bot_description:/home/orin/ros2_ws/install/sllidar_ros2:/home/orin/ros2_ws/install/ros2_control_demos:/home/orin/ros2_ws/install/ros2_control_demo_example_9:/home/orin/ros2_ws/install/ros2_control_demo_example_8:/home/orin/ros2_ws/install/ros2_control_demo_example_7:/home/orin/ros2_ws/install/ros2_control_demo_example_6:/home/orin/ros2_ws/install/ros2_control_demo_example_15:/home/orin/ros2_ws/install/ros2_control_demo_example_13:/home/orin/ros2_ws/install/ros2_control_demo_example_5:/home/orin/ros2_ws/install/ros2_control_demo_example_4:/home/orin/ros2_ws/install/ros2_control_demo_example_3:/home/orin/ros2_ws/install/ros2_control_demo_example_2:/home/orin/ros2_ws/install/ros2_control_demo_example_14:/home/orin/ros2_ws/install/ros2_control_demo_example_12:/home/orin/ros2_ws/install/ros2_control_demo_example_11:/home/orin/ros2_ws/install/ros2_control_demo_example_10:/home/orin/ros2_ws/install/ros2_control_demo_example_1:/home/orin/ros2_ws/install/ros2_control_demo_description:/home/orin/ros2_ws/install/my_bot_imu:/home/orin/ros2_ws/install/my_bot_description:/home/orin/ros2_ws/install/wheel_encoder_odometry:/home/orin/ros2_ws/install/ros2_control_demo_testing:/home/orin/ros2_ws/install/launch_testing_examples:/home/orin/ros2_ws/install/hcsr04_sensor:/home/orin/ros2_ws/install/examples_rclpy_pointcloud_publisher:/home/orin/ros2_ws/install/examples_rclpy_minimal_subscriber:/home/orin/ros2_ws/install/examples_rclpy_minimal_service:/home/orin/ros2_ws/install/examples_rclpy_minimal_publisher:/home/orin/ros2_ws/install/examples_rclpy_minimal_client:/home/orin/ros2_ws/install/examples_rclpy_minimal_action_server:/home/orin/ros2_ws/install/examples_rclpy_minimal_action_client:/home/orin/ros2_ws/install/examples_rclpy_guard_conditions:/home/orin/ros2_ws/install/examples_rclpy_executors:/home/orin/ros2_ws/install/encoder_ultrasonic_package:/home/orin/ros2_ws/install/arduino_odometry:/opt/ros/humble:/home/orin/ros2_ws/install/mobile_robot_description:/home/orin/ros2_ws/install/image_geometry:/home/orin/ros2_ws/install/gazebo_dev:/home/orin/ros2_ws/install/examples_rclcpp_wait_set:/home/orin/ros2_ws/install/examples_rclcpp_multithreaded_executor:/home/orin/ros2_ws/install/examples_rclcpp_minimal_timer:/home/orin/ros2_ws/install/examples_rclcpp_minimal_subscriber:/home/orin/ros2_ws/install/examples_rclcpp_minimal_service:/home/orin/ros2_ws/install/examples_rclcpp_minimal_publisher:/home/orin/ros2_ws/install/examples_rclcpp_minimal_composition:/home/orin/ros2_ws/install/examples_rclcpp_minimal_client:/home/orin/ros2_ws/install/examples_rclcpp_minimal_action_server:/home/orin/ros2_ws/install/examples_rclcpp_minimal_action_client:/home/orin/ros2_ws/install/examples_rclcpp_cbg_executor:/home/orin/ros2_ws/install/examples_rclcpp_async_client:/home/orin/ros2_ws/install/diffdrive_arduino:/home/orin/ros2_ws/install/depthai-ros:/home/orin/ros2_ws/install/depthai_ros_driver:/home/orin/ros2_ws/install/depthai_filters:/home/orin/ros2_ws/install/depthai_examples:/home/orin/ros2_ws/install/depthai_bridge:/home/orin/ros2_ws/install/depthai_ros_msgs:/home/orin/ros2_ws/install/depthai_descriptions:/home/orin/ros2_ws/install/cv_bridge:/home/orin/ros2_ws/install/articubot_one:/home/orin/ros2_ws/install/arduino_serial_comm /usr/bin/cmake --build /home/orin/ros2_ws/build/my_bot_description -- -j6 -l6
[2.084s] Invoking command in '/home/orin/ros2_ws/build/my_bot_description': CMAKE_PREFIX_PATH=/home/orin/ros2_ws/src/my_bot_description/install/my_bot_description:/home/orin/ros2_ws/install/sllidar_ros2:/home/orin/ros2_ws/install/ros2_control_demos:/home/orin/ros2_ws/install/ros2_control_demo_example_9:/home/orin/ros2_ws/install/ros2_control_demo_example_8:/home/orin/ros2_ws/install/ros2_control_demo_example_7:/home/orin/ros2_ws/install/ros2_control_demo_example_6:/home/orin/ros2_ws/install/ros2_control_demo_example_15:/home/orin/ros2_ws/install/ros2_control_demo_example_13:/home/orin/ros2_ws/install/ros2_control_demo_example_5:/home/orin/ros2_ws/install/ros2_control_demo_example_4:/home/orin/ros2_ws/install/ros2_control_demo_example_3:/home/orin/ros2_ws/install/ros2_control_demo_example_2:/home/orin/ros2_ws/install/ros2_control_demo_example_14:/home/orin/ros2_ws/install/ros2_control_demo_example_12:/home/orin/ros2_ws/install/ros2_control_demo_example_11:/home/orin/ros2_ws/install/ros2_control_demo_example_10:/home/orin/ros2_ws/install/ros2_control_demo_example_1:/home/orin/ros2_ws/install/ros2_control_demo_description:/home/orin/ros2_ws/install/my_bot_imu:/home/orin/ros2_ws/install/my_bot_description:/home/orin/ros2_ws/install/wheel_encoder_odometry:/home/orin/ros2_ws/install/ros2_control_demo_testing:/home/orin/ros2_ws/install/launch_testing_examples:/home/orin/ros2_ws/install/hcsr04_sensor:/home/orin/ros2_ws/install/examples_rclpy_pointcloud_publisher:/home/orin/ros2_ws/install/examples_rclpy_minimal_subscriber:/home/orin/ros2_ws/install/examples_rclpy_minimal_service:/home/orin/ros2_ws/install/examples_rclpy_minimal_publisher:/home/orin/ros2_ws/install/examples_rclpy_minimal_client:/home/orin/ros2_ws/install/examples_rclpy_minimal_action_server:/home/orin/ros2_ws/install/examples_rclpy_minimal_action_client:/home/orin/ros2_ws/install/examples_rclpy_guard_conditions:/home/orin/ros2_ws/install/examples_rclpy_executors:/home/orin/ros2_ws/install/encoder_ultrasonic_package:/home/orin/ros2_ws/install/arduino_odometry:/opt/ros/humble:/home/orin/ros2_ws/install/mobile_robot_description:/home/orin/ros2_ws/install/image_geometry:/home/orin/ros2_ws/install/gazebo_dev:/home/orin/ros2_ws/install/examples_rclcpp_wait_set:/home/orin/ros2_ws/install/examples_rclcpp_multithreaded_executor:/home/orin/ros2_ws/install/examples_rclcpp_minimal_timer:/home/orin/ros2_ws/install/examples_rclcpp_minimal_subscriber:/home/orin/ros2_ws/install/examples_rclcpp_minimal_service:/home/orin/ros2_ws/install/examples_rclcpp_minimal_publisher:/home/orin/ros2_ws/install/examples_rclcpp_minimal_composition:/home/orin/ros2_ws/install/examples_rclcpp_minimal_client:/home/orin/ros2_ws/install/examples_rclcpp_minimal_action_server:/home/orin/ros2_ws/install/examples_rclcpp_minimal_action_client:/home/orin/ros2_ws/install/examples_rclcpp_cbg_executor:/home/orin/ros2_ws/install/examples_rclcpp_async_client:/home/orin/ros2_ws/install/diffdrive_arduino:/home/orin/ros2_ws/install/depthai-ros:/home/orin/ros2_ws/install/depthai_ros_driver:/home/orin/ros2_ws/install/depthai_filters:/home/orin/ros2_ws/install/depthai_examples:/home/orin/ros2_ws/install/depthai_bridge:/home/orin/ros2_ws/install/depthai_ros_msgs:/home/orin/ros2_ws/install/depthai_descriptions:/home/orin/ros2_ws/install/cv_bridge:/home/orin/ros2_ws/install/articubot_one:/home/orin/ros2_ws/install/arduino_serial_comm /usr/bin/cmake --install /home/orin/ros2_ws/build/my_bot_description
[2.109s] -- Install configuration: ""
[2.109s] -- Up-to-date: /home/orin/ros2_ws/install/my_bot_description/share/my_bot_description/my_bot_ros2_control.xml
[2.110s] -- Up-to-date: /home/orin/ros2_ws/install/my_bot_description/share/my_bot_description/config
[2.110s] -- Up-to-date: /home/orin/ros2_ws/install/my_bot_description/share/my_bot_description/config/my_controllers.yaml
[2.110s] -- Up-to-date: /home/orin/ros2_ws/install/my_bot_description/share/my_bot_description/config/my_bot
[2.110s] -- Up-to-date: /home/orin/ros2_ws/install/my_bot_description/share/my_bot_description/config/my_bot/base.yaml
[2.111s] -- Up-to-date: /home/orin/ros2_ws/install/my_bot_description/share/my_bot_description/config/my_bot/motor.yaml
[2.112s] -- Up-to-date: /home/orin/ros2_ws/install/my_bot_description/share/my_bot_description/config/my_bot/front_wheel.yaml
[2.112s] -- Up-to-date: /home/orin/ros2_ws/install/my_bot_description/share/my_bot_description/config/my_bot/back_wheel.yaml
[2.113s] -- Up-to-date: /home/orin/ros2_ws/install/my_bot_description/share/my_bot_description/config/my_bot/wheel.yaml
[2.113s] -- Up-to-date: /home/orin/ros2_ws/install/my_bot_description/share/my_bot_description/config/my_bot/imu.yaml
[2.113s] -- Up-to-date: /home/orin/ros2_ws/install/my_bot_description/share/my_bot_description/config/my_bot/sensors.yaml
[2.114s] -- Up-to-date: /home/orin/ros2_ws/install/my_bot_description/share/my_bot_description/config/twist_mux.yaml
[2.114s] -- Up-to-date: /home/orin/ros2_ws/install/my_bot_description/share/my_bot_description/description
[2.114s] -- Up-to-date: /home/orin/ros2_ws/install/my_bot_description/share/my_bot_description/description/ros2_control
[2.114s] -- Up-to-date: /home/orin/ros2_ws/install/my_bot_description/share/my_bot_description/description/ros2_control/my_bot_ros2_control.xacro
[2.115s] -- Up-to-date: /home/orin/ros2_ws/install/my_bot_description/share/my_bot_description/description/ros2_control/ros2_control.xacro
[2.115s] -- Up-to-date: /home/orin/ros2_ws/install/my_bot_description/share/my_bot_description/description/robot.urdf.xacro
[2.115s] -- Up-to-date: /home/orin/ros2_ws/install/my_bot_description/share/my_bot_description/description/imu.xacro
[2.115s] -- Up-to-date: /home/orin/ros2_ws/install/my_bot_description/share/my_bot_description/description/my_bot.urdf.xacro
[2.115s] -- Up-to-date: /home/orin/ros2_ws/install/my_bot_description/share/my_bot_description/description/depth_camera.xacro
[2.116s] -- Up-to-date: /home/orin/ros2_ws/install/my_bot_description/share/my_bot_description/description/robot.urdf
[2.116s] -- Up-to-date: /home/orin/ros2_ws/install/my_bot_description/share/my_bot_description/description/gazeo_control.xacro
[2.116s] -- Up-to-date: /home/orin/ros2_ws/install/my_bot_description/share/my_bot_description/description/meshes
[2.116s] -- Up-to-date: /home/orin/ros2_ws/install/my_bot_description/share/my_bot_description/description/meshes/components
[2.116s] -- Up-to-date: /home/orin/ros2_ws/install/my_bot_description/share/my_bot_description/description/meshes/components/wheel.stl
[2.117s] -- Up-to-date: /home/orin/ros2_ws/install/my_bot_description/share/my_bot_description/description/meshes/sensors
[2.117s] -- Up-to-date: /home/orin/ros2_ws/install/my_bot_description/share/my_bot_description/description/meshes/sensors/rplidar_main.stl
[2.117s] -- Up-to-date: /home/orin/ros2_ws/install/my_bot_description/share/my_bot_description/description/meshes/sensors/OAK-D-LITE.stl
[2.117s] -- Up-to-date: /home/orin/ros2_ws/install/my_bot_description/share/my_bot_description/description/meshes/my_bot
[2.118s] -- Up-to-date: /home/orin/ros2_ws/install/my_bot_description/share/my_bot_description/description/meshes/my_bot/wheel_rim.stl
[2.118s] -- Up-to-date: /home/orin/ros2_ws/install/my_bot_description/share/my_bot_description/description/meshes/my_bot/dead_plate.stl
[2.118s] -- Up-to-date: /home/orin/ros2_ws/install/my_bot_description/share/my_bot_description/description/meshes/my_bot/bottom_plate.stl
[2.118s] -- Up-to-date: /home/orin/ros2_ws/install/my_bot_description/share/my_bot_description/description/meshes/my_bot/bottom_plate_original.stl
[2.119s] -- Up-to-date: /home/orin/ros2_ws/install/my_bot_description/share/my_bot_description/description/meshes/my_bot/top_plate.stl
[2.119s] -- Up-to-date: /home/orin/ros2_ws/install/my_bot_description/share/my_bot_description/description/meshes/my_bot/wheel_tire.stl
[2.119s] -- Up-to-date: /home/orin/ros2_ws/install/my_bot_description/share/my_bot_description/description/meshes/my_bot/motor.stl
[2.119s] -- Up-to-date: /home/orin/ros2_ws/install/my_bot_description/share/my_bot_description/description/inertial_macros.xacro
[2.120s] -- Up-to-date: /home/orin/ros2_ws/install/my_bot_description/share/my_bot_description/description/robot_core.xacro
[2.120s] -- Up-to-date: /home/orin/ros2_ws/install/my_bot_description/share/my_bot_description/description/camera.xacro
[2.120s] -- Up-to-date: /home/orin/ros2_ws/install/my_bot_description/share/my_bot_description/description/lidar.xacro
[2.121s] -- Up-to-date: /home/orin/ros2_ws/install/my_bot_description/share/my_bot_description/hardware
[2.121s] -- Up-to-date: /home/orin/ros2_ws/install/my_bot_description/share/my_bot_description/hardware/diffbot_system.cpp
[2.121s] -- Up-to-date: /home/orin/ros2_ws/install/my_bot_description/share/my_bot_description/hardware/ROSArduinoBridge.ino
[2.121s] -- Up-to-date: /home/orin/ros2_ws/install/my_bot_description/share/my_bot_description/hardware/ROSArduinoBridge
[2.121s] -- Up-to-date: /home/orin/ros2_ws/install/my_bot_description/share/my_bot_description/hardware/ROSArduinoBridge/servos.ino
[2.122s] -- Up-to-date: /home/orin/ros2_ws/install/my_bot_description/share/my_bot_description/hardware/ROSArduinoBridge/encoder_driver.h
[2.122s] -- Up-to-date: /home/orin/ros2_ws/install/my_bot_description/share/my_bot_description/hardware/ROSArduinoBridge/sensors.h
[2.122s] -- Up-to-date: /home/orin/ros2_ws/install/my_bot_description/share/my_bot_description/hardware/ROSArduinoBridge/encoder_driver.ino
[2.122s] -- Up-to-date: /home/orin/ros2_ws/install/my_bot_description/share/my_bot_description/hardware/ROSArduinoBridge/commands.h
[2.123s] -- Up-to-date: /home/orin/ros2_ws/install/my_bot_description/share/my_bot_description/hardware/ROSArduinoBridge/ROSArduinoBridge.ino
[2.123s] -- Up-to-date: /home/orin/ros2_ws/install/my_bot_description/share/my_bot_description/hardware/ROSArduinoBridge/diff_controller.h
[2.124s] -- Up-to-date: /home/orin/ros2_ws/install/my_bot_description/share/my_bot_description/hardware/ROSArduinoBridge/motor_driver.ino
[2.124s] -- Up-to-date: /home/orin/ros2_ws/install/my_bot_description/share/my_bot_description/hardware/ROSArduinoBridge/motor_driver.h
[2.125s] -- Up-to-date: /home/orin/ros2_ws/install/my_bot_description/share/my_bot_description/hardware/ROSArduinoBridge/.encoder_driver.h.swp
[2.125s] -- Up-to-date: /home/orin/ros2_ws/install/my_bot_description/share/my_bot_description/hardware/ROSArduinoBridge/servos.h
[2.125s] -- Up-to-date: /home/orin/ros2_ws/install/my_bot_description/share/my_bot_description/hardware/include
[2.125s] -- Up-to-date: /home/orin/ros2_ws/install/my_bot_description/share/my_bot_description/hardware/include/my_bot_ros2_control
[2.125s] -- Up-to-date: /home/orin/ros2_ws/install/my_bot_description/share/my_bot_description/hardware/include/my_bot_ros2_control/diffbot_system.hpp
[2.126s] -- Up-to-date: /home/orin/ros2_ws/install/my_bot_description/share/my_bot_description/launch
[2.126s] -- Up-to-date: /home/orin/ros2_ws/install/my_bot_description/share/my_bot_description/launch/displaytest.launch.py
[2.126s] -- Up-to-date: /home/orin/ros2_ws/install/my_bot_description/share/my_bot_description/launch/rsp.launch.py
[2.127s] -- Up-to-date: /home/orin/ros2_ws/install/my_bot_description/share/my_bot_description/launch/display.launch.py
[2.127s] -- Installing: /home/orin/ros2_ws/install/my_bot_description/share/my_bot_description/rviz
[2.127s] -- Installing: /home/orin/ros2_ws/install/my_bot_description/share/my_bot_description/rviz/my_bot_description.rviz
[2.128s] -- Up-to-date: /home/orin/ros2_ws/install/my_bot_description/share/my_bot_description/urdf
[2.128s] -- Up-to-date: /home/orin/ros2_ws/install/my_bot_description/share/my_bot_description/urdf/my_bot.urdf.xacro
[2.128s] -- Up-to-date: /home/orin/ros2_ws/install/my_bot_description/share/my_bot_description/urdf/include
[2.128s] -- Up-to-date: /home/orin/ros2_ws/install/my_bot_description/share/my_bot_description/urdf/include/addon_macro.urdf.xacro
[2.129s] -- Up-to-date: /home/orin/ros2_ws/install/my_bot_description/share/my_bot_description/urdf/include/common_macros.urdf.xacro
[2.129s] -- Up-to-date: /home/orin/ros2_ws/install/my_bot_description/share/my_bot_description/urdf/include/robot.gazebo.xacro
[2.129s] -- Up-to-date: /home/orin/ros2_ws/install/my_bot_description/share/my_bot_description/urdf/include/common_sensors.xacro
[2.129s] -- Up-to-date: /home/orin/ros2_ws/install/my_bot_description/share/my_bot_description/worlds
[2.130s] -- Up-to-date: /home/orin/ros2_ws/install/my_bot_description/share/my_bot_description/worlds/empty.world
[2.130s] -- Up-to-date: /home/orin/ros2_ws/install/my_bot_description/share/my_bot_description/worlds/obstacles.world
[2.131s] -- Up-to-date: /home/orin/ros2_ws/install/my_bot_description/include/my_bot_description
[2.133s] -- Up-to-date: /home/orin/ros2_ws/install/my_bot_description/include/my_bot_description/my_bot_ros2_control
[2.133s] -- Up-to-date: /home/orin/ros2_ws/install/my_bot_description/include/my_bot_description/my_bot_ros2_control/diffbot_system.hpp
[2.133s] -- Up-to-date: /home/orin/ros2_ws/install/my_bot_description/share/ament_index/resource_index/package_run_dependencies/my_bot_description
[2.133s] -- Installing: /home/orin/ros2_ws/install/my_bot_description/share/ament_index/resource_index/parent_prefix_path/my_bot_description
[2.134s] -- Up-to-date: /home/orin/ros2_ws/install/my_bot_description/share/my_bot_description/environment/ament_prefix_path.sh
[2.134s] -- Installing: /home/orin/ros2_ws/install/my_bot_description/share/my_bot_description/environment/ament_prefix_path.dsv
[2.134s] -- Up-to-date: /home/orin/ros2_ws/install/my_bot_description/share/my_bot_description/environment/path.sh
[2.134s] -- Installing: /home/orin/ros2_ws/install/my_bot_description/share/my_bot_description/environment/path.dsv
[2.135s] -- Up-to-date: /home/orin/ros2_ws/install/my_bot_description/share/my_bot_description/local_setup.bash
[2.135s] -- Up-to-date: /home/orin/ros2_ws/install/my_bot_description/share/my_bot_description/local_setup.sh
[2.135s] -- Up-to-date: /home/orin/ros2_ws/install/my_bot_description/share/my_bot_description/local_setup.zsh
[2.135s] -- Installing: /home/orin/ros2_ws/install/my_bot_description/share/my_bot_description/local_setup.dsv
[2.135s] -- Installing: /home/orin/ros2_ws/install/my_bot_description/share/my_bot_description/package.dsv
[2.135s] -- Up-to-date: /home/orin/ros2_ws/install/my_bot_description/share/ament_index/resource_index/packages/my_bot_description
[2.136s] -- Up-to-date: /home/orin/ros2_ws/install/my_bot_description/share/ament_index/resource_index/hardware_interface__pluginlib__plugin/my_bot_description
[2.136s] -- Up-to-date: /home/orin/ros2_ws/install/my_bot_description/share/my_bot_description/cmake/my_bot_descriptionConfig.cmake
[2.136s] -- Up-to-date: /home/orin/ros2_ws/install/my_bot_description/share/my_bot_description/cmake/my_bot_descriptionConfig-version.cmake
[2.136s] -- Up-to-date: /home/orin/ros2_ws/install/my_bot_description/share/my_bot_description/package.xml
[2.149s] Invoked command in '/home/orin/ros2_ws/build/my_bot_description' returned '0': CMAKE_PREFIX_PATH=/home/orin/ros2_ws/src/my_bot_description/install/my_bot_description:/home/orin/ros2_ws/install/sllidar_ros2:/home/orin/ros2_ws/install/ros2_control_demos:/home/orin/ros2_ws/install/ros2_control_demo_example_9:/home/orin/ros2_ws/install/ros2_control_demo_example_8:/home/orin/ros2_ws/install/ros2_control_demo_example_7:/home/orin/ros2_ws/install/ros2_control_demo_example_6:/home/orin/ros2_ws/install/ros2_control_demo_example_15:/home/orin/ros2_ws/install/ros2_control_demo_example_13:/home/orin/ros2_ws/install/ros2_control_demo_example_5:/home/orin/ros2_ws/install/ros2_control_demo_example_4:/home/orin/ros2_ws/install/ros2_control_demo_example_3:/home/orin/ros2_ws/install/ros2_control_demo_example_2:/home/orin/ros2_ws/install/ros2_control_demo_example_14:/home/orin/ros2_ws/install/ros2_control_demo_example_12:/home/orin/ros2_ws/install/ros2_control_demo_example_11:/home/orin/ros2_ws/install/ros2_control_demo_example_10:/home/orin/ros2_ws/install/ros2_control_demo_example_1:/home/orin/ros2_ws/install/ros2_control_demo_description:/home/orin/ros2_ws/install/my_bot_imu:/home/orin/ros2_ws/install/my_bot_description:/home/orin/ros2_ws/install/wheel_encoder_odometry:/home/orin/ros2_ws/install/ros2_control_demo_testing:/home/orin/ros2_ws/install/launch_testing_examples:/home/orin/ros2_ws/install/hcsr04_sensor:/home/orin/ros2_ws/install/examples_rclpy_pointcloud_publisher:/home/orin/ros2_ws/install/examples_rclpy_minimal_subscriber:/home/orin/ros2_ws/install/examples_rclpy_minimal_service:/home/orin/ros2_ws/install/examples_rclpy_minimal_publisher:/home/orin/ros2_ws/install/examples_rclpy_minimal_client:/home/orin/ros2_ws/install/examples_rclpy_minimal_action_server:/home/orin/ros2_ws/install/examples_rclpy_minimal_action_client:/home/orin/ros2_ws/install/examples_rclpy_guard_conditions:/home/orin/ros2_ws/install/examples_rclpy_executors:/home/orin/ros2_ws/install/encoder_ultrasonic_package:/home/orin/ros2_ws/install/arduino_odometry:/opt/ros/humble:/home/orin/ros2_ws/install/mobile_robot_description:/home/orin/ros2_ws/install/image_geometry:/home/orin/ros2_ws/install/gazebo_dev:/home/orin/ros2_ws/install/examples_rclcpp_wait_set:/home/orin/ros2_ws/install/examples_rclcpp_multithreaded_executor:/home/orin/ros2_ws/install/examples_rclcpp_minimal_timer:/home/orin/ros2_ws/install/examples_rclcpp_minimal_subscriber:/home/orin/ros2_ws/install/examples_rclcpp_minimal_service:/home/orin/ros2_ws/install/examples_rclcpp_minimal_publisher:/home/orin/ros2_ws/install/examples_rclcpp_minimal_composition:/home/orin/ros2_ws/install/examples_rclcpp_minimal_client:/home/orin/ros2_ws/install/examples_rclcpp_minimal_action_server:/home/orin/ros2_ws/install/examples_rclcpp_minimal_action_client:/home/orin/ros2_ws/install/examples_rclcpp_cbg_executor:/home/orin/ros2_ws/install/examples_rclcpp_async_client:/home/orin/ros2_ws/install/diffdrive_arduino:/home/orin/ros2_ws/install/depthai-ros:/home/orin/ros2_ws/install/depthai_ros_driver:/home/orin/ros2_ws/install/depthai_filters:/home/orin/ros2_ws/install/depthai_examples:/home/orin/ros2_ws/install/depthai_bridge:/home/orin/ros2_ws/install/depthai_ros_msgs:/home/orin/ros2_ws/install/depthai_descriptions:/home/orin/ros2_ws/install/cv_bridge:/home/orin/ros2_ws/install/articubot_one:/home/orin/ros2_ws/install/arduino_serial_comm /usr/bin/cmake --install /home/orin/ros2_ws/build/my_bot_description
