[0.032s] Invoking command in '/home/orin/ros2_ws/build/depthai_examples': CMAKE_PREFIX_PATH=/home/orin/ros2_ws/install/depthai_ros_msgs:/home/orin/ros2_ws/install/depthai_descriptions:/home/orin/ros2_ws/install/cv_bridge:/home/orin/ros2_ws/install/sllidar_ros2:/home/orin/ros2_ws/install/ros2_control_demo_example_5:/home/orin/ros2_ws/install/ros2_control_demo_description:/home/orin/ros2_ws/install/my_bot_imu:/home/orin/ros2_ws/install/my_bot_description:/home/orin/ros2_ws/install/wheel_encoder_odometry:/home/orin/ros2_ws/install/ros2_control_demo_testing:/home/orin/ros2_ws/install/arduino_odometry:/opt/ros/humble:/home/orin/ros2_ws/install/mobile_robot_description:/home/orin/ros2_ws/install/image_geometry:/home/orin/ros2_ws/install/gazebo_dev:/home/orin/ros2_ws/install/depthai-ros:/home/orin/ros2_ws/install/depthai_examples GAZEBO_MODEL_PATH=/home/orin/ros2_ws/install/depthai_descriptions:${GAZEBO_MODEL_PATH} GAZEBO_RESOURCE_PATH=/home/orin/ros2_ws/install/depthai_descriptions:${GAZEBO_RESOURCE_PATH} IGN_GAZEBO_MODEL_PATH=/home/orin/ros2_ws/install/depthai_descriptions:${IGN_GAZEBO_MODEL_PATH} IGN_GAZEBO_RESOURCE_PATH=/home/orin/ros2_ws/install/depthai_descriptions:${IGN_GAZEBO_RESOURCE_PATH} LD_LIBRARY_PATH=/home/orin/ros2_ws/install/depthai_ros_msgs/lib:/home/orin/ros2_ws/install/cv_bridge/lib:/home/orin/ros2_ws/install/ros2_control_demo_example_5/lib:/home/orin/ros2_ws/install/image_geometry/lib:/opt/ros/humble/opt/rviz_ogre_vendor/lib:/opt/ros/humble/lib/aarch64-linux-gnu:/opt/ros/humble/lib /usr/bin/cmake --build /home/orin/ros2_ws/build/depthai_examples -- -j6 -l6
[0.179s] [35m[1mConsolidate compiler generated dependencies of target crop_control_service[0m
[0.244s] [ 10%] Built target crop_control_service
[0.276s] [35m[1mConsolidate compiler generated dependencies of target stereo_node[0m
[0.435s] [ 20%] Built target stereo_node
[0.471s] [35m[1mConsolidate compiler generated dependencies of target yolov4_spatial_node[0m
[0.532s] [ 30%] Built target yolov4_spatial_node
[0.566s] [35m[1mConsolidate compiler generated dependencies of target yolov4_node[0m
[0.619s] [ 40%] Built target yolov4_node
[0.654s] [35m[1mConsolidate compiler generated dependencies of target tracker_yolov4_node[0m
[0.712s] [ 50%] Built target tracker_yolov4_node
[0.745s] [35m[1mConsolidate compiler generated dependencies of target tracker_yolov4_spatial_node[0m
[0.802s] [ 60%] Built target tracker_yolov4_spatial_node
[0.834s] [35m[1mConsolidate compiler generated dependencies of target feature_tracker[0m
[0.893s] [ 70%] Built target feature_tracker
[0.930s] [35m[1mConsolidate compiler generated dependencies of target stereo_inertial_node[0m
[0.985s] [ 80%] Built target stereo_inertial_node
[1.017s] [35m[1mConsolidate compiler generated dependencies of target rgb_stereo_node[0m
[1.073s] [ 90%] Built target rgb_stereo_node
[1.105s] [35m[1mConsolidate compiler generated dependencies of target mobilenet_node[0m
[1.155s] [100%] Built target mobilenet_node
[1.184s] Invoked command in '/home/orin/ros2_ws/build/depthai_examples' returned '0': CMAKE_PREFIX_PATH=/home/orin/ros2_ws/install/depthai_ros_msgs:/home/orin/ros2_ws/install/depthai_descriptions:/home/orin/ros2_ws/install/cv_bridge:/home/orin/ros2_ws/install/sllidar_ros2:/home/orin/ros2_ws/install/ros2_control_demo_example_5:/home/orin/ros2_ws/install/ros2_control_demo_description:/home/orin/ros2_ws/install/my_bot_imu:/home/orin/ros2_ws/install/my_bot_description:/home/orin/ros2_ws/install/wheel_encoder_odometry:/home/orin/ros2_ws/install/ros2_control_demo_testing:/home/orin/ros2_ws/install/arduino_odometry:/opt/ros/humble:/home/orin/ros2_ws/install/mobile_robot_description:/home/orin/ros2_ws/install/image_geometry:/home/orin/ros2_ws/install/gazebo_dev:/home/orin/ros2_ws/install/depthai-ros:/home/orin/ros2_ws/install/depthai_examples GAZEBO_MODEL_PATH=/home/orin/ros2_ws/install/depthai_descriptions:${GAZEBO_MODEL_PATH} GAZEBO_RESOURCE_PATH=/home/orin/ros2_ws/install/depthai_descriptions:${GAZEBO_RESOURCE_PATH} IGN_GAZEBO_MODEL_PATH=/home/orin/ros2_ws/install/depthai_descriptions:${IGN_GAZEBO_MODEL_PATH} IGN_GAZEBO_RESOURCE_PATH=/home/orin/ros2_ws/install/depthai_descriptions:${IGN_GAZEBO_RESOURCE_PATH} LD_LIBRARY_PATH=/home/orin/ros2_ws/install/depthai_ros_msgs/lib:/home/orin/ros2_ws/install/cv_bridge/lib:/home/orin/ros2_ws/install/ros2_control_demo_example_5/lib:/home/orin/ros2_ws/install/image_geometry/lib:/opt/ros/humble/opt/rviz_ogre_vendor/lib:/opt/ros/humble/lib/aarch64-linux-gnu:/opt/ros/humble/lib /usr/bin/cmake --build /home/orin/ros2_ws/build/depthai_examples -- -j6 -l6
[1.320s] Invoking command in '/home/orin/ros2_ws/build/depthai_examples': CMAKE_PREFIX_PATH=/home/orin/ros2_ws/install/depthai_ros_msgs:/home/orin/ros2_ws/install/depthai_descriptions:/home/orin/ros2_ws/install/cv_bridge:/home/orin/ros2_ws/install/sllidar_ros2:/home/orin/ros2_ws/install/ros2_control_demo_example_5:/home/orin/ros2_ws/install/ros2_control_demo_description:/home/orin/ros2_ws/install/my_bot_imu:/home/orin/ros2_ws/install/my_bot_description:/home/orin/ros2_ws/install/wheel_encoder_odometry:/home/orin/ros2_ws/install/ros2_control_demo_testing:/home/orin/ros2_ws/install/arduino_odometry:/opt/ros/humble:/home/orin/ros2_ws/install/mobile_robot_description:/home/orin/ros2_ws/install/image_geometry:/home/orin/ros2_ws/install/gazebo_dev:/home/orin/ros2_ws/install/depthai-ros:/home/orin/ros2_ws/install/depthai_examples GAZEBO_MODEL_PATH=/home/orin/ros2_ws/install/depthai_descriptions:${GAZEBO_MODEL_PATH} GAZEBO_RESOURCE_PATH=/home/orin/ros2_ws/install/depthai_descriptions:${GAZEBO_RESOURCE_PATH} IGN_GAZEBO_MODEL_PATH=/home/orin/ros2_ws/install/depthai_descriptions:${IGN_GAZEBO_MODEL_PATH} IGN_GAZEBO_RESOURCE_PATH=/home/orin/ros2_ws/install/depthai_descriptions:${IGN_GAZEBO_RESOURCE_PATH} LD_LIBRARY_PATH=/home/orin/ros2_ws/install/depthai_ros_msgs/lib:/home/orin/ros2_ws/install/cv_bridge/lib:/home/orin/ros2_ws/install/ros2_control_demo_example_5/lib:/home/orin/ros2_ws/install/image_geometry/lib:/opt/ros/humble/opt/rviz_ogre_vendor/lib:/opt/ros/humble/lib/aarch64-linux-gnu:/opt/ros/humble/lib /usr/bin/cmake --install /home/orin/ros2_ws/build/depthai_examples
[1.345s] -- Install configuration: ""
[1.345s] -- Up-to-date: /home/orin/ros2_ws/install/depthai_examples/share/depthai_examples/params
[1.346s] -- Up-to-date: /home/orin/ros2_ws/install/depthai_examples/share/depthai_examples/params/camera
[1.346s] -- Up-to-date: /home/orin/ros2_ws/install/depthai_examples/share/depthai_examples/params/camera/right.yaml
[1.346s] -- Up-to-date: /home/orin/ros2_ws/install/depthai_examples/share/depthai_examples/params/camera/left.yaml
[1.347s] -- Up-to-date: /home/orin/ros2_ws/install/depthai_examples/share/depthai_examples/params/camera/color.yaml
[1.347s] -- Up-to-date: /home/orin/ros2_ws/install/depthai_examples/share/depthai_examples/rviz
[1.347s] -- Up-to-date: /home/orin/ros2_ws/install/depthai_examples/share/depthai_examples/rviz/stereoInertialROS1.rviz
[1.347s] -- Up-to-date: /home/orin/ros2_ws/install/depthai_examples/share/depthai_examples/rviz/stereoPointCloud.rviz
[1.347s] -- Up-to-date: /home/orin/ros2_ws/install/depthai_examples/share/depthai_examples/rviz/rgb_camera.rviz
[1.347s] -- Up-to-date: /home/orin/ros2_ws/install/depthai_examples/share/depthai_examples/rviz/stereoInertial.rviz
[1.347s] -- Up-to-date: /home/orin/ros2_ws/install/depthai_examples/share/depthai_examples/rviz/stereoInertialDepthAlign.rviz
[1.348s] -- Up-to-date: /home/orin/ros2_ws/install/depthai_examples/share/depthai_examples/rviz/stereoPointCloud_v1.rviz
[1.348s] -- Up-to-date: /home/orin/ros2_ws/install/depthai_examples/share/depthai_examples/rviz/pointCloud.rviz
[1.348s] -- Up-to-date: /home/orin/ros2_ws/install/depthai_examples/share/depthai_examples/rviz/stereoInertialDepthAlignROS2.rviz
[1.348s] -- Up-to-date: /home/orin/ros2_ws/install/depthai_examples/share/depthai_examples/rviz/stereo_config.rviz
[1.348s] -- Up-to-date: /home/orin/ros2_ws/install/depthai_examples/share/depthai_examples/rviz/stereo_nodelet.rviz
[1.348s] -- Up-to-date: /home/orin/ros2_ws/install/depthai_examples/share/depthai_examples/resources
[1.348s] -- Up-to-date: /home/orin/ros2_ws/install/depthai_examples/share/depthai_examples/resources/yolov4_tiny_coco_416x416_openvino_2021.4_6shave_bgr.blob
[1.349s] -- Up-to-date: /home/orin/ros2_ws/install/depthai_examples/share/depthai_examples/resources/mobilenet-ssd_openvino_2021.2_6shave.blob
[1.349s] -- Up-to-date: /home/orin/ros2_ws/install/depthai_examples/share/depthai_examples/resources/deeplab_v3_plus_mnv2_decoder_256_openvino_2021.4.blob
[1.349s] -- Up-to-date: /home/orin/ros2_ws/install/depthai_examples/share/depthai_examples/launch
[1.349s] -- Up-to-date: /home/orin/ros2_ws/install/depthai_examples/share/depthai_examples/launch/tracker_yolov4_node.launch.py
[1.349s] -- Installing: /home/orin/ros2_ws/install/depthai_examples/share/depthai_examples/launch/stereo_inertial_node.launch.py
[1.349s] -- Up-to-date: /home/orin/ros2_ws/install/depthai_examples/share/depthai_examples/launch/mobile_publisher.launch.py
[1.349s] -- Up-to-date: /home/orin/ros2_ws/install/depthai_examples/share/depthai_examples/launch/tracker_yolov4_spatial_node.launch.py
[1.350s] -- Up-to-date: /home/orin/ros2_ws/install/depthai_examples/share/depthai_examples/launch/rgb_stereo_node.launch.py
[1.350s] -- Installing: /home/orin/ros2_ws/install/depthai_examples/share/depthai_examples/launch/stereo.launch.py
[1.350s] -- Up-to-date: /home/orin/ros2_ws/install/depthai_examples/share/depthai_examples/launch/yolov4_publisher.launch.py
[1.362s] -- Up-to-date: /home/orin/ros2_ws/install/depthai_examples/lib/depthai_examples/crop_control_service
[1.370s] -- Up-to-date: /home/orin/ros2_ws/install/depthai_examples/lib/depthai_examples/mobilenet_node
[1.378s] -- Up-to-date: /home/orin/ros2_ws/install/depthai_examples/lib/depthai_examples/rgb_stereo_node
[1.379s] -- Up-to-date: /home/orin/ros2_ws/install/depthai_examples/lib/depthai_examples/stereo_inertial_node
[1.381s] -- Up-to-date: /home/orin/ros2_ws/install/depthai_examples/lib/depthai_examples/stereo_node
[1.388s] -- Up-to-date: /home/orin/ros2_ws/install/depthai_examples/lib/depthai_examples/yolov4_spatial_node
[1.396s] -- Up-to-date: /home/orin/ros2_ws/install/depthai_examples/lib/depthai_examples/yolov4_node
[1.404s] -- Up-to-date: /home/orin/ros2_ws/install/depthai_examples/lib/depthai_examples/feature_tracker
[1.411s] -- Up-to-date: /home/orin/ros2_ws/install/depthai_examples/lib/depthai_examples/tracker_yolov4_node
[1.419s] -- Up-to-date: /home/orin/ros2_ws/install/depthai_examples/lib/depthai_examples/tracker_yolov4_spatial_node
[1.419s] -- Up-to-date: /home/orin/ros2_ws/install/depthai_examples/share/ament_index/resource_index/package_run_dependencies/depthai_examples
[1.420s] -- Up-to-date: /home/orin/ros2_ws/install/depthai_examples/share/ament_index/resource_index/parent_prefix_path/depthai_examples
[1.420s] -- Up-to-date: /home/orin/ros2_ws/install/depthai_examples/share/depthai_examples/environment/ament_prefix_path.sh
[1.420s] -- Up-to-date: /home/orin/ros2_ws/install/depthai_examples/share/depthai_examples/environment/ament_prefix_path.dsv
[1.421s] -- Up-to-date: /home/orin/ros2_ws/install/depthai_examples/share/depthai_examples/environment/path.sh
[1.421s] -- Up-to-date: /home/orin/ros2_ws/install/depthai_examples/share/depthai_examples/environment/path.dsv
[1.421s] -- Up-to-date: /home/orin/ros2_ws/install/depthai_examples/share/depthai_examples/local_setup.bash
[1.421s] -- Up-to-date: /home/orin/ros2_ws/install/depthai_examples/share/depthai_examples/local_setup.sh
[1.421s] -- Up-to-date: /home/orin/ros2_ws/install/depthai_examples/share/depthai_examples/local_setup.zsh
[1.422s] -- Up-to-date: /home/orin/ros2_ws/install/depthai_examples/share/depthai_examples/local_setup.dsv
[1.422s] -- Installing: /home/orin/ros2_ws/install/depthai_examples/share/depthai_examples/package.dsv
[1.422s] -- Up-to-date: /home/orin/ros2_ws/install/depthai_examples/share/ament_index/resource_index/packages/depthai_examples
[1.422s] -- Up-to-date: /home/orin/ros2_ws/install/depthai_examples/share/depthai_examples/cmake/depthai_examplesConfig.cmake
[1.422s] -- Up-to-date: /home/orin/ros2_ws/install/depthai_examples/share/depthai_examples/cmake/depthai_examplesConfig-version.cmake
[1.423s] -- Up-to-date: /home/orin/ros2_ws/install/depthai_examples/share/depthai_examples/package.xml
[1.430s] Invoked command in '/home/orin/ros2_ws/build/depthai_examples' returned '0': CMAKE_PREFIX_PATH=/home/orin/ros2_ws/install/depthai_ros_msgs:/home/orin/ros2_ws/install/depthai_descriptions:/home/orin/ros2_ws/install/cv_bridge:/home/orin/ros2_ws/install/sllidar_ros2:/home/orin/ros2_ws/install/ros2_control_demo_example_5:/home/orin/ros2_ws/install/ros2_control_demo_description:/home/orin/ros2_ws/install/my_bot_imu:/home/orin/ros2_ws/install/my_bot_description:/home/orin/ros2_ws/install/wheel_encoder_odometry:/home/orin/ros2_ws/install/ros2_control_demo_testing:/home/orin/ros2_ws/install/arduino_odometry:/opt/ros/humble:/home/orin/ros2_ws/install/mobile_robot_description:/home/orin/ros2_ws/install/image_geometry:/home/orin/ros2_ws/install/gazebo_dev:/home/orin/ros2_ws/install/depthai-ros:/home/orin/ros2_ws/install/depthai_examples GAZEBO_MODEL_PATH=/home/orin/ros2_ws/install/depthai_descriptions:${GAZEBO_MODEL_PATH} GAZEBO_RESOURCE_PATH=/home/orin/ros2_ws/install/depthai_descriptions:${GAZEBO_RESOURCE_PATH} IGN_GAZEBO_MODEL_PATH=/home/orin/ros2_ws/install/depthai_descriptions:${IGN_GAZEBO_MODEL_PATH} IGN_GAZEBO_RESOURCE_PATH=/home/orin/ros2_ws/install/depthai_descriptions:${IGN_GAZEBO_RESOURCE_PATH} LD_LIBRARY_PATH=/home/orin/ros2_ws/install/depthai_ros_msgs/lib:/home/orin/ros2_ws/install/cv_bridge/lib:/home/orin/ros2_ws/install/ros2_control_demo_example_5/lib:/home/orin/ros2_ws/install/image_geometry/lib:/opt/ros/humble/opt/rviz_ogre_vendor/lib:/opt/ros/humble/lib/aarch64-linux-gnu:/opt/ros/humble/lib /usr/bin/cmake --install /home/orin/ros2_ws/build/depthai_examples
