[0.321s] Invoking command in '/home/orin/ros2_ws/build/examples_rclcpp_multithreaded_executor': /usr/bin/cmake --build /home/orin/ros2_ws/build/examples_rclcpp_multithreaded_executor -- -j6 -l6
[0.918s] [100%] Built target multithreaded_executor
[1.028s] Invoked command in '/home/orin/ros2_ws/build/examples_rclcpp_multithreaded_executor' returned '0': /usr/bin/cmake --build /home/orin/ros2_ws/build/examples_rclcpp_multithreaded_executor -- -j6 -l6
[1.459s] Invoking command in '/home/orin/ros2_ws/build/examples_rclcpp_multithreaded_executor': /usr/bin/cmake --install /home/orin/ros2_ws/build/examples_rclcpp_multithreaded_executor
[1.554s] -- Install configuration: ""
[1.557s] -- Execute custom install script
[1.581s] -- Up-to-date symlink: /home/orin/ros2_ws/install/examples_rclcpp_multithreaded_executor/lib/examples_rclcpp_multithreaded_executor/multithreaded_executor
[1.583s] -- Up-to-date symlink: /home/orin/ros2_ws/install/examples_rclcpp_multithreaded_executor/share/ament_index/resource_index/package_run_dependencies/examples_rclcpp_multithreaded_executor
[1.586s] -- Up-to-date symlink: /home/orin/ros2_ws/install/examples_rclcpp_multithreaded_executor/share/ament_index/resource_index/parent_prefix_path/examples_rclcpp_multithreaded_executor
[1.588s] -- Up-to-date symlink: /home/orin/ros2_ws/install/examples_rclcpp_multithreaded_executor/share/examples_rclcpp_multithreaded_executor/environment/ament_prefix_path.sh
[1.590s] -- Up-to-date symlink: /home/orin/ros2_ws/install/examples_rclcpp_multithreaded_executor/share/examples_rclcpp_multithreaded_executor/environment/ament_prefix_path.dsv
[1.592s] -- Up-to-date symlink: /home/orin/ros2_ws/install/examples_rclcpp_multithreaded_executor/share/examples_rclcpp_multithreaded_executor/environment/path.sh
[1.593s] -- Up-to-date symlink: /home/orin/ros2_ws/install/examples_rclcpp_multithreaded_executor/share/examples_rclcpp_multithreaded_executor/environment/path.dsv
[1.604s] -- Up-to-date symlink: /home/orin/ros2_ws/install/examples_rclcpp_multithreaded_executor/share/examples_rclcpp_multithreaded_executor/local_setup.bash
[1.606s] -- Up-to-date symlink: /home/orin/ros2_ws/install/examples_rclcpp_multithreaded_executor/share/examples_rclcpp_multithreaded_executor/local_setup.sh
[1.622s] -- Up-to-date symlink: /home/orin/ros2_ws/install/examples_rclcpp_multithreaded_executor/share/examples_rclcpp_multithreaded_executor/local_setup.zsh
[1.631s] -- Up-to-date symlink: /home/orin/ros2_ws/install/examples_rclcpp_multithreaded_executor/share/examples_rclcpp_multithreaded_executor/local_setup.dsv
[1.637s] -- Symlinking: /home/orin/ros2_ws/install/examples_rclcpp_multithreaded_executor/share/examples_rclcpp_multithreaded_executor/package.dsv
[1.807s] -- Up-to-date symlink: /home/orin/ros2_ws/install/examples_rclcpp_multithreaded_executor/share/ament_index/resource_index/packages/examples_rclcpp_multithreaded_executor
[1.808s] -- Up-to-date symlink: /home/orin/ros2_ws/install/examples_rclcpp_multithreaded_executor/share/examples_rclcpp_multithreaded_executor/cmake/examples_rclcpp_multithreaded_executorConfig.cmake
[1.810s] -- Up-to-date symlink: /home/orin/ros2_ws/install/examples_rclcpp_multithreaded_executor/share/examples_rclcpp_multithreaded_executor/cmake/examples_rclcpp_multithreaded_executorConfig-version.cmake
[1.810s] -- Up-to-date symlink: /home/orin/ros2_ws/install/examples_rclcpp_multithreaded_executor/share/examples_rclcpp_multithreaded_executor/package.xml
[1.848s] Invoked command in '/home/orin/ros2_ws/build/examples_rclcpp_multithreaded_executor' returned '0': /usr/bin/cmake --install /home/orin/ros2_ws/build/examples_rclcpp_multithreaded_executor
