[5.127s] Invoking command in '/home/orin/ros2_ws/src/examples/rclpy/services/minimal_service': PYTHONPATH=/home/orin/ros2_ws/build/examples_rclpy_minimal_service/prefix_override:/usr/lib/python3/dist-packages/colcon_core/task/python/colcon_distutils_commands:/home/orin/ros2_ws/install/examples_rclpy_minimal_service/lib/python3.10/site-packages:${PYTHONPATH} /usr/bin/python3 -W ignore:setup.py install is deprecated setup.py egg_info --egg-base ../../../../../build/examples_rclpy_minimal_service build --build-base /home/orin/ros2_ws/build/examples_rclpy_minimal_service/build install --record /home/orin/ros2_ws/build/examples_rclpy_minimal_service/install.log --single-version-externally-managed install_data
[6.506s] /home/orin/.local/lib/python3.10/site-packages/setuptools/_distutils/dist.py:261: UserWarning: Unknown distribution option: 'tests_require'
[6.506s]   warnings.warn(msg)
[7.254s] running egg_info
[7.349s] writing ../../../../../build/examples_rclpy_minimal_service/examples_rclpy_minimal_service.egg-info/PKG-INFO
[7.355s] writing dependency_links to ../../../../../build/examples_rclpy_minimal_service/examples_rclpy_minimal_service.egg-info/dependency_links.txt
[7.359s] writing entry points to ../../../../../build/examples_rclpy_minimal_service/examples_rclpy_minimal_service.egg-info/entry_points.txt
[7.362s] writing requirements to ../../../../../build/examples_rclpy_minimal_service/examples_rclpy_minimal_service.egg-info/requires.txt
[7.365s] writing top-level names to ../../../../../build/examples_rclpy_minimal_service/examples_rclpy_minimal_service.egg-info/top_level.txt
[7.503s] reading manifest file '../../../../../build/examples_rclpy_minimal_service/examples_rclpy_minimal_service.egg-info/SOURCES.txt'
[7.514s] writing manifest file '../../../../../build/examples_rclpy_minimal_service/examples_rclpy_minimal_service.egg-info/SOURCES.txt'
[7.516s] running build
[7.518s] running build_py
[7.520s] copying examples_rclpy_minimal_service/__init__.py -> /home/orin/ros2_ws/build/examples_rclpy_minimal_service/build/lib/examples_rclpy_minimal_service
[7.522s] copying examples_rclpy_minimal_service/service_member_function.py -> /home/orin/ros2_ws/build/examples_rclpy_minimal_service/build/lib/examples_rclpy_minimal_service
[7.526s] copying examples_rclpy_minimal_service/service.py -> /home/orin/ros2_ws/build/examples_rclpy_minimal_service/build/lib/examples_rclpy_minimal_service
[7.530s] running install
[7.535s] running install_lib
[7.618s] running install_data
[7.619s] copying resource/examples_rclpy_minimal_service -> /home/orin/ros2_ws/install/examples_rclpy_minimal_service/share/ament_index/resource_index/packages
[7.622s] copying package.xml -> /home/orin/ros2_ws/install/examples_rclpy_minimal_service/share/examples_rclpy_minimal_service
[7.625s] running install_egg_info
[7.705s] removing '/home/orin/ros2_ws/install/examples_rclpy_minimal_service/lib/python3.10/site-packages/examples_rclpy_minimal_service-0.15.2-py3.10.egg-info' (and everything under it)
[7.706s] Copying ../../../../../build/examples_rclpy_minimal_service/examples_rclpy_minimal_service.egg-info to /home/orin/ros2_ws/install/examples_rclpy_minimal_service/lib/python3.10/site-packages/examples_rclpy_minimal_service-0.15.2-py3.10.egg-info
[7.715s] running install_scripts
[9.774s] Installing service script to /home/orin/ros2_ws/install/examples_rclpy_minimal_service/lib/examples_rclpy_minimal_service
[9.774s] Installing service_member_function script to /home/orin/ros2_ws/install/examples_rclpy_minimal_service/lib/examples_rclpy_minimal_service
[9.777s] writing list of installed files to '/home/orin/ros2_ws/build/examples_rclpy_minimal_service/install.log'
[9.995s] Invoked command in '/home/orin/ros2_ws/src/examples/rclpy/services/minimal_service' returned '0': PYTHONPATH=/home/orin/ros2_ws/build/examples_rclpy_minimal_service/prefix_override:/usr/lib/python3/dist-packages/colcon_core/task/python/colcon_distutils_commands:/home/orin/ros2_ws/install/examples_rclpy_minimal_service/lib/python3.10/site-packages:${PYTHONPATH} /usr/bin/python3 -W ignore:setup.py install is deprecated setup.py egg_info --egg-base ../../../../../build/examples_rclpy_minimal_service build --build-base /home/orin/ros2_ws/build/examples_rclpy_minimal_service/build install --record /home/orin/ros2_ws/build/examples_rclpy_minimal_service/install.log --single-version-externally-managed install_data
