[0.057s] Invoking command in '/home/orin/ros2_ws/build/arduino_serial_comm': CMAKE_PREFIX_PATH=/opt/ros/humble /usr/bin/cmake /home/orin/ros2_ws/src/arduino_serial_comm -DCMAKE_INSTALL_PREFIX=/home/orin/ros2_ws/install/arduino_serial_comm
[0.091s] -- Found ament_cmake: 1.3.11 (/opt/ros/humble/share/ament_cmake/cmake)
[0.414s] -- Override CMake install command with custom implementation using symlinks instead of copying resources
[0.436s] -- Found rclcpp: 16.0.11 (/opt/ros/humble/share/rclcpp/cmake)
[0.523s] -- Found rosidl_generator_c: 3.1.6 (/opt/ros/humble/share/rosidl_generator_c/cmake)
[0.528s] -- Found rosidl_adapter: 3.1.6 (/opt/ros/humble/share/rosidl_adapter/cmake)
[0.539s] -- Found rosidl_generator_cpp: 3.1.6 (/opt/ros/humble/share/rosidl_generator_cpp/cmake)
[0.558s] -- Using all available rosidl_typesupport_c: rosidl_typesupport_fastrtps_c;rosidl_typesupport_introspection_c
[0.582s] -- Using all available rosidl_typesupport_cpp: rosidl_typesupport_fastrtps_cpp;rosidl_typesupport_introspection_cpp
[0.722s] -- Found rmw_implementation_cmake: 6.1.2 (/opt/ros/humble/share/rmw_implementation_cmake/cmake)
[0.733s] -- Found rmw_fastrtps_cpp: 6.2.7 (/opt/ros/humble/share/rmw_fastrtps_cpp/cmake)
[1.079s] -- Using RMW implementation 'rmw_fastrtps_cpp' as default
[1.296s] -- Found sensor_msgs: 4.2.4 (/opt/ros/humble/share/sensor_msgs/cmake)
[1.550s] -- Configuring done
[1.651s] -- Generating done
[1.675s] -- Build files have been written to: /home/orin/ros2_ws/build/arduino_serial_comm
[1.706s] Invoked command in '/home/orin/ros2_ws/build/arduino_serial_comm' returned '0': CMAKE_PREFIX_PATH=/opt/ros/humble /usr/bin/cmake /home/orin/ros2_ws/src/arduino_serial_comm -DCMAKE_INSTALL_PREFIX=/home/orin/ros2_ws/install/arduino_serial_comm
[1.707s] Invoking command in '/home/orin/ros2_ws/build/arduino_serial_comm': CMAKE_PREFIX_PATH=/opt/ros/humble /usr/bin/cmake --build /home/orin/ros2_ws/build/arduino_serial_comm -- -j6 -l6
[1.803s] [35m[1mConsolidate compiler generated dependencies of target serial_comm_node[0m
[2.182s] [ 50%] [32mBuilding CXX object CMakeFiles/serial_comm_node.dir/src/serial_comm_node.cpp.o[0m
[44.505s] [100%] [32m[1mLinking CXX executable serial_comm_node[0m
[46.172s] [100%] Built target serial_comm_node
[46.232s] Invoked command in '/home/orin/ros2_ws/build/arduino_serial_comm' returned '0': CMAKE_PREFIX_PATH=/opt/ros/humble /usr/bin/cmake --build /home/orin/ros2_ws/build/arduino_serial_comm -- -j6 -l6
[46.252s] Invoking command in '/home/orin/ros2_ws/build/arduino_serial_comm': CMAKE_PREFIX_PATH=/opt/ros/humble /usr/bin/cmake --install /home/orin/ros2_ws/build/arduino_serial_comm
[46.302s] -- Install configuration: ""
[46.302s] -- Execute custom install script
[46.324s] -- Up-to-date symlink: /home/orin/ros2_ws/install/arduino_serial_comm/lib/arduino_serial_comm/serial_comm_node
[46.331s] -- Up-to-date symlink: /home/orin/ros2_ws/install/arduino_serial_comm/share/ament_index/resource_index/package_run_dependencies/arduino_serial_comm
[46.340s] -- Up-to-date symlink: /home/orin/ros2_ws/install/arduino_serial_comm/share/ament_index/resource_index/parent_prefix_path/arduino_serial_comm
[46.352s] -- Up-to-date symlink: /home/orin/ros2_ws/install/arduino_serial_comm/share/arduino_serial_comm/environment/ament_prefix_path.sh
[46.355s] -- Up-to-date symlink: /home/orin/ros2_ws/install/arduino_serial_comm/share/arduino_serial_comm/environment/ament_prefix_path.dsv
[46.358s] -- Up-to-date symlink: /home/orin/ros2_ws/install/arduino_serial_comm/share/arduino_serial_comm/environment/path.sh
[46.360s] -- Up-to-date symlink: /home/orin/ros2_ws/install/arduino_serial_comm/share/arduino_serial_comm/environment/path.dsv
[46.368s] -- Up-to-date symlink: /home/orin/ros2_ws/install/arduino_serial_comm/share/arduino_serial_comm/local_setup.bash
[46.372s] -- Up-to-date symlink: /home/orin/ros2_ws/install/arduino_serial_comm/share/arduino_serial_comm/local_setup.sh
[46.377s] -- Up-to-date symlink: /home/orin/ros2_ws/install/arduino_serial_comm/share/arduino_serial_comm/local_setup.zsh
[46.378s] -- Up-to-date symlink: /home/orin/ros2_ws/install/arduino_serial_comm/share/arduino_serial_comm/local_setup.dsv
[46.379s] -- Symlinking: /home/orin/ros2_ws/install/arduino_serial_comm/share/arduino_serial_comm/package.dsv
[46.408s] -- Up-to-date symlink: /home/orin/ros2_ws/install/arduino_serial_comm/share/ament_index/resource_index/packages/arduino_serial_comm
[46.412s] -- Up-to-date symlink: /home/orin/ros2_ws/install/arduino_serial_comm/share/arduino_serial_comm/cmake/arduino_serial_commConfig.cmake
[46.414s] -- Up-to-date symlink: /home/orin/ros2_ws/install/arduino_serial_comm/share/arduino_serial_comm/cmake/arduino_serial_commConfig-version.cmake
[46.415s] -- Up-to-date symlink: /home/orin/ros2_ws/install/arduino_serial_comm/share/arduino_serial_comm/package.xml
[46.425s] Invoked command in '/home/orin/ros2_ws/build/arduino_serial_comm' returned '0': CMAKE_PREFIX_PATH=/opt/ros/humble /usr/bin/cmake --install /home/orin/ros2_ws/build/arduino_serial_comm
