[0.649s] Invoking command in '/home/orin/ros2_ws/build/depthai_descriptions': CMAKE_PREFIX_PATH=/opt/ros/humble /usr/bin/cmake --build /home/orin/ros2_ws/build/depthai_descriptions -- -j6 -l6
[1.208s] -- Found ament_cmake: 1.3.11 (/opt/ros/humble/share/ament_cmake/cmake)
[1.208s] -- Override CMake install command with custom implementation using symlinks instead of copying resources
[1.220s] -- Configuring done
[1.239s] -- Generating done
[1.241s] -- Build files have been written to: /home/orin/ros2_ws/build/depthai_descriptions
[1.790s] Invoked command in '/home/orin/ros2_ws/build/depthai_descriptions' returned '0': CMAKE_PREFIX_PATH=/opt/ros/humble /usr/bin/cmake --build /home/orin/ros2_ws/build/depthai_descriptions -- -j6 -l6
[1.859s] Invoking command in '/home/orin/ros2_ws/build/depthai_descriptions': CMAKE_PREFIX_PATH=/opt/ros/humble /usr/bin/cmake --install /home/orin/ros2_ws/build/depthai_descriptions
[1.878s] -- Install configuration: "Release"
[1.879s] -- Execute custom install script
[1.884s] -- Up-to-date symlink: /home/orin/ros2_ws/install/depthai_descriptions/share/depthai_descriptions/urdf/base_descr.urdf.xacro
[1.886s] -- Up-to-date symlink: /home/orin/ros2_ws/install/depthai_descriptions/share/depthai_descriptions/urdf/depthai_descr.urdf.xacro
[1.886s] -- Up-to-date symlink: /home/orin/ros2_ws/install/depthai_descriptions/share/depthai_descriptions/urdf/include/base_macro.urdf.xacro
[1.886s] -- Up-to-date symlink: /home/orin/ros2_ws/install/depthai_descriptions/share/depthai_descriptions/urdf/include/depthai_macro.urdf.xacro
[1.888s] -- Up-to-date symlink: /home/orin/ros2_ws/install/depthai_descriptions/share/depthai_descriptions/urdf/models/OAK-D-CM4-POE.stl
[1.889s] -- Up-to-date symlink: /home/orin/ros2_ws/install/depthai_descriptions/share/depthai_descriptions/urdf/models/OAK-D-IOT-75.stl
[1.889s] -- Up-to-date symlink: /home/orin/ros2_ws/install/depthai_descriptions/share/depthai_descriptions/urdf/models/OAK-D-LITE.stl
[1.890s] -- Up-to-date symlink: /home/orin/ros2_ws/install/depthai_descriptions/share/depthai_descriptions/urdf/models/OAK-D-LR.stl
[1.890s] -- Up-to-date symlink: /home/orin/ros2_ws/install/depthai_descriptions/share/depthai_descriptions/urdf/models/OAK-D-POE.stl
[1.891s] -- Up-to-date symlink: /home/orin/ros2_ws/install/depthai_descriptions/share/depthai_descriptions/urdf/models/OAK-D-PRO-W.stl
[1.892s] -- Up-to-date symlink: /home/orin/ros2_ws/install/depthai_descriptions/share/depthai_descriptions/urdf/models/OAK-D-PRO.stl
[1.892s] -- Symlinking: /home/orin/ros2_ws/install/depthai_descriptions/share/depthai_descriptions/urdf/models/OAK-D-S2-POE.stl
[1.918s] -- Up-to-date symlink: /home/orin/ros2_ws/install/depthai_descriptions/share/depthai_descriptions/urdf/models/OAK-D-S2.stl
[1.919s] -- Up-to-date symlink: /home/orin/ros2_ws/install/depthai_descriptions/share/depthai_descriptions/urdf/models/OAK-D-SR-POE.stl
[1.921s] -- Up-to-date symlink: /home/orin/ros2_ws/install/depthai_descriptions/share/depthai_descriptions/urdf/models/OAK-D-SR.stl
[1.921s] -- Up-to-date symlink: /home/orin/ros2_ws/install/depthai_descriptions/share/depthai_descriptions/urdf/models/OAK-D.stl
[1.922s] -- Symlinking: /home/orin/ros2_ws/install/depthai_descriptions/share/depthai_descriptions/urdf/models/OAK-T.stl
[1.944s] -- Up-to-date symlink: /home/orin/ros2_ws/install/depthai_descriptions/share/depthai_descriptions/environment/depthai_descriptions.sh
[1.945s] -- Up-to-date symlink: /home/orin/ros2_ws/install/depthai_descriptions/share/depthai_descriptions/environment/depthai_descriptions.dsv
[1.947s] -- Up-to-date symlink: /home/orin/ros2_ws/install/depthai_descriptions/share/ament_index/resource_index/package_run_dependencies/depthai_descriptions
[1.948s] -- Up-to-date symlink: /home/orin/ros2_ws/install/depthai_descriptions/share/ament_index/resource_index/parent_prefix_path/depthai_descriptions
[1.949s] -- Up-to-date symlink: /home/orin/ros2_ws/install/depthai_descriptions/share/depthai_descriptions/environment/ament_prefix_path.sh
[1.951s] -- Up-to-date symlink: /home/orin/ros2_ws/install/depthai_descriptions/share/depthai_descriptions/environment/ament_prefix_path.dsv
[1.953s] -- Up-to-date symlink: /home/orin/ros2_ws/install/depthai_descriptions/share/depthai_descriptions/environment/path.sh
[1.954s] -- Up-to-date symlink: /home/orin/ros2_ws/install/depthai_descriptions/share/depthai_descriptions/environment/path.dsv
[1.955s] -- Up-to-date symlink: /home/orin/ros2_ws/install/depthai_descriptions/share/depthai_descriptions/local_setup.bash
[1.956s] -- Up-to-date symlink: /home/orin/ros2_ws/install/depthai_descriptions/share/depthai_descriptions/local_setup.sh
[1.957s] -- Up-to-date symlink: /home/orin/ros2_ws/install/depthai_descriptions/share/depthai_descriptions/local_setup.zsh
[1.957s] -- Up-to-date symlink: /home/orin/ros2_ws/install/depthai_descriptions/share/depthai_descriptions/local_setup.dsv
[1.958s] -- Symlinking: /home/orin/ros2_ws/install/depthai_descriptions/share/depthai_descriptions/package.dsv
[1.979s] -- Up-to-date symlink: /home/orin/ros2_ws/install/depthai_descriptions/share/ament_index/resource_index/packages/depthai_descriptions
[1.981s] -- Up-to-date symlink: /home/orin/ros2_ws/install/depthai_descriptions/share/depthai_descriptions/cmake/depthai_descriptionsConfig.cmake
[1.982s] -- Up-to-date symlink: /home/orin/ros2_ws/install/depthai_descriptions/share/depthai_descriptions/cmake/depthai_descriptionsConfig-version.cmake
[1.983s] -- Up-to-date symlink: /home/orin/ros2_ws/install/depthai_descriptions/share/depthai_descriptions/package.xml
[1.984s] -- Up-to-date: /home/orin/ros2_ws/install/depthai_descriptions/share/depthai_descriptions/launch
[1.986s] -- Installing: /home/orin/ros2_ws/install/depthai_descriptions/share/depthai_descriptions/launch/urdf_launch.py
[2.000s] Invoked command in '/home/orin/ros2_ws/build/depthai_descriptions' returned '0': CMAKE_PREFIX_PATH=/opt/ros/humble /usr/bin/cmake --install /home/orin/ros2_ws/build/depthai_descriptions
