[4.067s] Invoking command in '/home/orin/ros2_ws/src/arduino_odometry': PYTHONPATH=/home/orin/ros2_ws/build/arduino_odometry/prefix_override:/usr/lib/python3/dist-packages/colcon_core/task/python/colcon_distutils_commands:/home/orin/ros2_ws/install/arduino_odometry/lib/python3.10/site-packages:${PYTHONPATH} /usr/bin/python3 -W ignore:setup.py install is deprecated setup.py egg_info --egg-base ../../build/arduino_odometry build --build-base /home/orin/ros2_ws/build/arduino_odometry/build install --record /home/orin/ros2_ws/build/arduino_odometry/install.log --single-version-externally-managed install_data
[5.292s] running egg_info
[5.366s] writing ../../build/arduino_odometry/arduino_odometry.egg-info/PKG-INFO
[5.366s] writing dependency_links to ../../build/arduino_odometry/arduino_odometry.egg-info/dependency_links.txt
[5.369s] writing entry points to ../../build/arduino_odometry/arduino_odometry.egg-info/entry_points.txt
[5.370s] writing requirements to ../../build/arduino_odometry/arduino_odometry.egg-info/requires.txt
[5.373s] writing top-level names to ../../build/arduino_odometry/arduino_odometry.egg-info/top_level.txt
[5.526s] reading manifest file '../../build/arduino_odometry/arduino_odometry.egg-info/SOURCES.txt'
[5.534s] writing manifest file '../../build/arduino_odometry/arduino_odometry.egg-info/SOURCES.txt'
[5.534s] running build
[5.534s] running build_py
[5.534s] copying arduino_odometry/__init__.py -> /home/orin/ros2_ws/build/arduino_odometry/build/lib/arduino_odometry
[5.534s] copying arduino_odometry/arduino_odometry_node.py -> /home/orin/ros2_ws/build/arduino_odometry/build/lib/arduino_odometry
[5.549s] running install
[5.551s] running install_lib
[5.624s] running install_data
[5.631s] copying resource/arduino_odometry -> /home/orin/ros2_ws/install/arduino_odometry/share/ament_index/resource_index/packages
[5.632s] copying package.xml -> /home/orin/ros2_ws/install/arduino_odometry/share/arduino_odometry
[5.633s] running install_egg_info
[5.713s] removing '/home/orin/ros2_ws/install/arduino_odometry/lib/python3.10/site-packages/arduino_odometry-0.0.0-py3.10.egg-info' (and everything under it)
[5.713s] Copying ../../build/arduino_odometry/arduino_odometry.egg-info to /home/orin/ros2_ws/install/arduino_odometry/lib/python3.10/site-packages/arduino_odometry-0.0.0-py3.10.egg-info
[5.714s] running install_scripts
[6.423s] Installing arduino_odometry_node script to /home/orin/ros2_ws/install/arduino_odometry/lib/arduino_odometry
[6.427s] writing list of installed files to '/home/orin/ros2_ws/build/arduino_odometry/install.log'
[6.569s] Invoked command in '/home/orin/ros2_ws/src/arduino_odometry' returned '0': PYTHONPATH=/home/orin/ros2_ws/build/arduino_odometry/prefix_override:/usr/lib/python3/dist-packages/colcon_core/task/python/colcon_distutils_commands:/home/orin/ros2_ws/install/arduino_odometry/lib/python3.10/site-packages:${PYTHONPATH} /usr/bin/python3 -W ignore:setup.py install is deprecated setup.py egg_info --egg-base ../../build/arduino_odometry build --build-base /home/orin/ros2_ws/build/arduino_odometry/build install --record /home/orin/ros2_ws/build/arduino_odometry/install.log --single-version-externally-managed install_data
