[0.045s] Invoking command in '/home/orin/ros2_ws/build/diffbot_description': CMAKE_PREFIX_PATH=/opt/ros/humble /usr/bin/cmake /home/orin/ros2_ws/src/diffbot_description -DCMAKE_INSTALL_PREFIX=/home/orin/ros2_ws/install/diffbot_description
[0.084s] -- Found ament_cmake: 1.3.11 (/opt/ros/humble/share/ament_cmake/cmake)
[0.440s] -- Override CMake install command with custom implementation using symlinks instead of copying resources
[0.468s] -- Found hardware_interface: 2.48.0 (/opt/ros/humble/share/hardware_interface/cmake)
[0.536s] -- Found rosidl_generator_c: 3.1.6 (/opt/ros/humble/share/rosidl_generator_c/cmake)
[0.544s] -- Found rosidl_adapter: 3.1.6 (/opt/ros/humble/share/rosidl_adapter/cmake)
[0.553s] -- Found rosidl_generator_cpp: 3.1.6 (/opt/ros/humble/share/rosidl_generator_cpp/cmake)
[0.572s] -- Using all available rosidl_typesupport_c: rosidl_typesupport_fastrtps_c;rosidl_typesupport_introspection_c
[0.600s] -- Using all available rosidl_typesupport_cpp: rosidl_typesupport_fastrtps_cpp;rosidl_typesupport_introspection_cpp
[1.135s] -- Found rmw_implementation_cmake: 6.1.2 (/opt/ros/humble/share/rmw_implementation_cmake/cmake)
[1.138s] -- Found rmw_fastrtps_cpp: 6.2.7 (/opt/ros/humble/share/rmw_fastrtps_cpp/cmake)
[1.180s] -- Found TinyXML2 via Config file: TinyXML2_DIR-NOTFOUND
[1.199s] -- Found TinyXML2 via Config file: TinyXML2_DIR-NOTFOUND
[1.235s] -- Found TinyXML2 via Config file: TinyXML2_DIR-NOTFOUND
[1.252s] -- Found TinyXML2 via Config file: TinyXML2_DIR-NOTFOUND
[1.281s] -- Using RMW implementation 'rmw_fastrtps_cpp' as default
[1.397s] -- Found ament_cmake_gtest: 1.3.11 (/opt/ros/humble/share/ament_cmake_gtest/cmake)
[1.611s] -- Configuring done
[1.784s] -- Generating done
[1.804s] -- Build files have been written to: /home/orin/ros2_ws/build/diffbot_description
[1.839s] Invoked command in '/home/orin/ros2_ws/build/diffbot_description' returned '0': CMAKE_PREFIX_PATH=/opt/ros/humble /usr/bin/cmake /home/orin/ros2_ws/src/diffbot_description -DCMAKE_INSTALL_PREFIX=/home/orin/ros2_ws/install/diffbot_description
[1.840s] Invoking command in '/home/orin/ros2_ws/build/diffbot_description': CMAKE_PREFIX_PATH=/opt/ros/humble /usr/bin/cmake --build /home/orin/ros2_ws/build/diffbot_description -- -j6 -l6
[1.944s] [35m[1mConsolidate compiler generated dependencies of target diffbot_description[0m
[2.030s] [100%] Built target diffbot_description
[2.068s] Invoked command in '/home/orin/ros2_ws/build/diffbot_description' returned '0': CMAKE_PREFIX_PATH=/opt/ros/humble /usr/bin/cmake --build /home/orin/ros2_ws/build/diffbot_description -- -j6 -l6
[2.081s] Invoking command in '/home/orin/ros2_ws/build/diffbot_description': CMAKE_PREFIX_PATH=/opt/ros/humble /usr/bin/cmake --install /home/orin/ros2_ws/build/diffbot_description
[2.104s] -- Install configuration: ""
[2.106s] -- Execute custom install script
[2.107s] -- Up-to-date symlink: /home/orin/ros2_ws/install/diffbot_description/share/diffbot_description//diffbot_description.xml
[2.111s] -- Up-to-date symlink: /home/orin/ros2_ws/install/diffbot_description/include/diffbot_description/diffbot_description/arduino_comms.hpp
[2.111s] -- Up-to-date symlink: /home/orin/ros2_ws/install/diffbot_description/include/diffbot_description/diffbot_description/diffbot_system.hpp
[2.112s] -- Up-to-date symlink: /home/orin/ros2_ws/install/diffbot_description/include/diffbot_description/diffbot_description/visibility_control.h
[2.113s] -- Up-to-date symlink: /home/orin/ros2_ws/install/diffbot_description/include/diffbot_description/diffbot_description/wheel.hpp
[2.116s] -- Up-to-date symlink: /home/orin/ros2_ws/install/diffbot_description/share/diffbot_description/launch/view_robot.launch.py
[2.118s] -- Up-to-date symlink: /home/orin/ros2_ws/install/diffbot_description/share/diffbot_description/ros2_control/diffbot.ros2_control.xacro
[2.124s] -- Up-to-date symlink: /home/orin/ros2_ws/install/diffbot_description/share/diffbot_description/urdf/depth_camera.xacro
[2.126s] -- Up-to-date symlink: /home/orin/ros2_ws/install/diffbot_description/share/diffbot_description/urdf/diffbot.materials.xacro
[2.126s] -- Up-to-date symlink: /home/orin/ros2_ws/install/diffbot_description/share/diffbot_description/urdf/diffbot.urdf.xacro
[2.127s] -- Up-to-date symlink: /home/orin/ros2_ws/install/diffbot_description/share/diffbot_description/urdf/diffbot_description.urdf.xacro
[2.127s] -- Up-to-date symlink: /home/orin/ros2_ws/install/diffbot_description/share/diffbot_description/urdf/imu.xacro
[2.129s] -- Up-to-date symlink: /home/orin/ros2_ws/install/diffbot_description/share/diffbot_description/urdf/lidar.xacro
[2.130s] -- Up-to-date symlink: /home/orin/ros2_ws/install/diffbot_description/share/diffbot_description/urdf/meshes/components/wheel.stl
[2.130s] -- Up-to-date symlink: /home/orin/ros2_ws/install/diffbot_description/share/diffbot_description/urdf/meshes/my_bot/bottom_plate.stl
[2.131s] -- Up-to-date symlink: /home/orin/ros2_ws/install/diffbot_description/share/diffbot_description/urdf/meshes/my_bot/bottom_plate_original.stl
[2.132s] -- Up-to-date symlink: /home/orin/ros2_ws/install/diffbot_description/share/diffbot_description/urdf/meshes/my_bot/dead_plate.stl
[2.133s] -- Up-to-date symlink: /home/orin/ros2_ws/install/diffbot_description/share/diffbot_description/urdf/meshes/my_bot/motor.stl
[2.133s] -- Up-to-date symlink: /home/orin/ros2_ws/install/diffbot_description/share/diffbot_description/urdf/meshes/my_bot/top_plate.stl
[2.134s] -- Up-to-date symlink: /home/orin/ros2_ws/install/diffbot_description/share/diffbot_description/urdf/meshes/my_bot/wheel_rim.stl
[2.134s] -- Up-to-date symlink: /home/orin/ros2_ws/install/diffbot_description/share/diffbot_description/urdf/meshes/my_bot/wheel_tire.stl
[2.136s] -- Up-to-date symlink: /home/orin/ros2_ws/install/diffbot_description/share/diffbot_description/urdf/meshes/sensors/OAK-D-LITE.stl
[2.137s] -- Up-to-date symlink: /home/orin/ros2_ws/install/diffbot_description/share/diffbot_description/urdf/meshes/sensors/rplidar_main.stl
[2.137s] -- Up-to-date symlink: /home/orin/ros2_ws/install/diffbot_description/share/diffbot_description/urdf/my_bot.urdf.xacro
[2.137s] -- Up-to-date symlink: /home/orin/ros2_ws/install/diffbot_description/share/diffbot_description/urdf/robot.urdf
[2.138s] -- Up-to-date symlink: /home/orin/ros2_ws/install/diffbot_description/share/diffbot_description/urdf/robot.urdf.xacro
[2.141s] -- Up-to-date symlink: /home/orin/ros2_ws/install/diffbot_description/share/diffbot_description/launch/diffbot.launch.py
[2.143s] -- Up-to-date symlink: /home/orin/ros2_ws/install/diffbot_description/share/diffbot_description/config/diffbot_controllers.yaml
[2.145s] -- Up-to-date symlink: /home/orin/ros2_ws/install/diffbot_description/share/diffbot_description/config/my_bot/back_wheel.yaml
[2.145s] -- Up-to-date symlink: /home/orin/ros2_ws/install/diffbot_description/share/diffbot_description/config/my_bot/base.yaml
[2.146s] -- Up-to-date symlink: /home/orin/ros2_ws/install/diffbot_description/share/diffbot_description/config/my_bot/front_wheel.yaml
[2.147s] -- Up-to-date symlink: /home/orin/ros2_ws/install/diffbot_description/share/diffbot_description/config/my_bot/imu.yaml
[2.147s] -- Up-to-date symlink: /home/orin/ros2_ws/install/diffbot_description/share/diffbot_description/config/my_bot/motor.yaml
[2.148s] -- Up-to-date symlink: /home/orin/ros2_ws/install/diffbot_description/share/diffbot_description/config/my_bot/sensors.yaml
[2.149s] -- Up-to-date symlink: /home/orin/ros2_ws/install/diffbot_description/share/diffbot_description/config/my_bot/wheel.yaml
[2.150s] -- Up-to-date symlink: /home/orin/ros2_ws/install/diffbot_description/share/diffbot_description/environment/library_path.sh
[2.152s] -- Up-to-date symlink: /home/orin/ros2_ws/install/diffbot_description/share/diffbot_description/environment/library_path.dsv
[2.152s] -- Up-to-date symlink: /home/orin/ros2_ws/install/diffbot_description/share/ament_index/resource_index/package_run_dependencies/diffbot_description
[2.153s] -- Up-to-date symlink: /home/orin/ros2_ws/install/diffbot_description/share/ament_index/resource_index/parent_prefix_path/diffbot_description
[2.154s] -- Up-to-date symlink: /home/orin/ros2_ws/install/diffbot_description/share/diffbot_description/environment/ament_prefix_path.sh
[2.160s] -- Up-to-date symlink: /home/orin/ros2_ws/install/diffbot_description/share/diffbot_description/environment/ament_prefix_path.dsv
[2.160s] -- Up-to-date symlink: /home/orin/ros2_ws/install/diffbot_description/share/diffbot_description/environment/path.sh
[2.160s] -- Up-to-date symlink: /home/orin/ros2_ws/install/diffbot_description/share/diffbot_description/environment/path.dsv
[2.161s] -- Up-to-date symlink: /home/orin/ros2_ws/install/diffbot_description/share/diffbot_description/local_setup.bash
[2.161s] -- Up-to-date symlink: /home/orin/ros2_ws/install/diffbot_description/share/diffbot_description/local_setup.sh
[2.161s] -- Up-to-date symlink: /home/orin/ros2_ws/install/diffbot_description/share/diffbot_description/local_setup.zsh
[2.161s] -- Up-to-date symlink: /home/orin/ros2_ws/install/diffbot_description/share/diffbot_description/local_setup.dsv
[2.161s] -- Symlinking: /home/orin/ros2_ws/install/diffbot_description/share/diffbot_description/package.dsv
[2.196s] -- Up-to-date symlink: /home/orin/ros2_ws/install/diffbot_description/share/ament_index/resource_index/packages/diffbot_description
[2.222s] -- Up-to-date symlink: /home/orin/ros2_ws/install/diffbot_description/share/ament_index/resource_index/hardware_interface__pluginlib__plugin/diffbot_description
[2.241s] -- Up-to-date symlink: /home/orin/ros2_ws/install/diffbot_description/share/diffbot_description/cmake/ament_cmake_export_targets-extras.cmake
[2.243s] -- Up-to-date symlink: /home/orin/ros2_ws/install/diffbot_description/share/diffbot_description/cmake/ament_cmake_export_dependencies-extras.cmake
[2.251s] -- Up-to-date symlink: /home/orin/ros2_ws/install/diffbot_description/share/diffbot_description/cmake/diffbot_descriptionConfig.cmake
[2.255s] -- Up-to-date symlink: /home/orin/ros2_ws/install/diffbot_description/share/diffbot_description/cmake/diffbot_descriptionConfig-version.cmake
[2.255s] -- Up-to-date symlink: /home/orin/ros2_ws/install/diffbot_description/share/diffbot_description/package.xml
[2.271s] -- Up-to-date: /home/orin/ros2_ws/install/diffbot_description/lib/libdiffbot_description.so
[2.282s] -- Up-to-date: /home/orin/ros2_ws/install/diffbot_description/share/diffbot_description/cmake/export_diffbot_descriptionExport.cmake
[2.283s] -- Up-to-date: /home/orin/ros2_ws/install/diffbot_description/share/diffbot_description/cmake/export_diffbot_descriptionExport-noconfig.cmake
[2.296s] Invoked command in '/home/orin/ros2_ws/build/diffbot_description' returned '0': CMAKE_PREFIX_PATH=/opt/ros/humble /usr/bin/cmake --install /home/orin/ros2_ws/build/diffbot_description
