[3.807s] Invoking command in '/home/orin/ros2_ws/src/arduino_encoder_odom': PYTHONPATH=/home/orin/ros2_ws/build/arduino_encoder_odom/prefix_override:/usr/lib/python3/dist-packages/colcon_core/task/python/colcon_distutils_commands:/home/orin/ros2_ws/install/arduino_encoder_odom/lib/python3.10/site-packages:${PYTHONPATH} /usr/bin/python3 -W ignore:setup.py install is deprecated -W ignore:easy_install command is deprecated setup.py egg_info --egg-base ../../build/arduino_encoder_odom build --build-base /home/orin/ros2_ws/build/arduino_encoder_odom/build install --record /home/orin/ros2_ws/build/arduino_encoder_odom/install.log --single-version-externally-managed install_data
[4.576s] running egg_info
[4.630s] writing ../../build/arduino_encoder_odom/arduino_encoder_odom.egg-info/PKG-INFO
[4.631s] writing dependency_links to ../../build/arduino_encoder_odom/arduino_encoder_odom.egg-info/dependency_links.txt
[4.631s] writing entry points to ../../build/arduino_encoder_odom/arduino_encoder_odom.egg-info/entry_points.txt
[4.632s] writing requirements to ../../build/arduino_encoder_odom/arduino_encoder_odom.egg-info/requires.txt
[4.632s] writing top-level names to ../../build/arduino_encoder_odom/arduino_encoder_odom.egg-info/top_level.txt
[4.743s] reading manifest file '../../build/arduino_encoder_odom/arduino_encoder_odom.egg-info/SOURCES.txt'
[4.746s] adding license file 'LICENSE'
[4.748s] writing manifest file '../../build/arduino_encoder_odom/arduino_encoder_odom.egg-info/SOURCES.txt'
[4.748s] running build
[4.748s] running build_py
[4.749s] copying arduino_encoder_odom/__init__.py -> /home/orin/ros2_ws/build/arduino_encoder_odom/build/lib/arduino_encoder_odom
[4.750s] running install
[4.761s] running install_lib
[4.817s] running install_data
[4.817s] copying resource/arduino_encoder_odom -> /home/orin/ros2_ws/install/arduino_encoder_odom/share/ament_index/resource_index/packages
[4.818s] copying package.xml -> /home/orin/ros2_ws/install/arduino_encoder_odom/share/arduino_encoder_odom
[4.819s] running install_egg_info
[4.876s] removing '/home/orin/ros2_ws/install/arduino_encoder_odom/lib/python3.10/site-packages/arduino_encoder_odom-0.0.0-py3.10.egg-info' (and everything under it)
[4.877s] Copying ../../build/arduino_encoder_odom/arduino_encoder_odom.egg-info to /home/orin/ros2_ws/install/arduino_encoder_odom/lib/python3.10/site-packages/arduino_encoder_odom-0.0.0-py3.10.egg-info
[4.881s] running install_scripts
[5.332s] Installing arduino_encoder_odom script to /home/orin/ros2_ws/install/arduino_encoder_odom/lib/arduino_encoder_odom
[5.333s] writing list of installed files to '/home/orin/ros2_ws/build/arduino_encoder_odom/install.log'
[5.412s] Invoked command in '/home/orin/ros2_ws/src/arduino_encoder_odom' returned '0': PYTHONPATH=/home/orin/ros2_ws/build/arduino_encoder_odom/prefix_override:/usr/lib/python3/dist-packages/colcon_core/task/python/colcon_distutils_commands:/home/orin/ros2_ws/install/arduino_encoder_odom/lib/python3.10/site-packages:${PYTHONPATH} /usr/bin/python3 -W ignore:setup.py install is deprecated -W ignore:easy_install command is deprecated setup.py egg_info --egg-base ../../build/arduino_encoder_odom build --build-base /home/orin/ros2_ws/build/arduino_encoder_odom/build install --record /home/orin/ros2_ws/build/arduino_encoder_odom/install.log --single-version-externally-managed install_data
