running egg_info
creating ../../build/keyboard_control/keyboard_control.egg-info
writing ../../build/keyboard_control/keyboard_control.egg-info/PKG-INFO
writing dependency_links to ../../build/keyboard_control/keyboard_control.egg-info/dependency_links.txt
writing entry points to ../../build/keyboard_control/keyboard_control.egg-info/entry_points.txt
writing requirements to ../../build/keyboard_control/keyboard_control.egg-info/requires.txt
writing top-level names to ../../build/keyboard_control/keyboard_control.egg-info/top_level.txt
writing manifest file '../../build/keyboard_control/keyboard_control.egg-info/SOURCES.txt'
reading manifest file '../../build/keyboard_control/keyboard_control.egg-info/SOURCES.txt'
adding license file 'LICENSE'
writing manifest file '../../build/keyboard_control/keyboard_control.egg-info/SOURCES.txt'
running build
running build_py
creating /home/orin/ros2_ws/build/keyboard_control/build/lib/keyboard_control
copying keyboard_control/__init__.py -> /home/orin/ros2_ws/build/keyboard_control/build/lib/keyboard_control
copying keyboard_control/keyboard_control.py -> /home/orin/ros2_ws/build/keyboard_control/build/lib/keyboard_control
running install
running install_lib
creating /home/orin/ros2_ws/install/keyboard_control/lib/python3.10/site-packages/keyboard_control
copying /home/orin/ros2_ws/build/keyboard_control/build/lib/keyboard_control/__init__.py -> /home/orin/ros2_ws/install/keyboard_control/lib/python3.10/site-packages/keyboard_control
copying /home/orin/ros2_ws/build/keyboard_control/build/lib/keyboard_control/keyboard_control.py -> /home/orin/ros2_ws/install/keyboard_control/lib/python3.10/site-packages/keyboard_control
byte-compiling /home/orin/ros2_ws/install/keyboard_control/lib/python3.10/site-packages/keyboard_control/__init__.py to __init__.cpython-310.pyc
byte-compiling /home/orin/ros2_ws/install/keyboard_control/lib/python3.10/site-packages/keyboard_control/keyboard_control.py to keyboard_control.cpython-310.pyc
running install_data
creating /home/orin/ros2_ws/install/keyboard_control/share/ament_index/resource_index/packages
copying resource/keyboard_control -> /home/orin/ros2_ws/install/keyboard_control/share/ament_index/resource_index/packages
copying package.xml -> /home/orin/ros2_ws/install/keyboard_control/share/keyboard_control
running install_egg_info
Copying ../../build/keyboard_control/keyboard_control.egg-info to /home/orin/ros2_ws/install/keyboard_control/lib/python3.10/site-packages/keyboard_control-0.0.0-py3.10.egg-info
running install_scripts
Installing keyboard_control script to /home/orin/ros2_ws/install/keyboard_control/lib/keyboard_control
writing list of installed files to '/home/orin/ros2_ws/build/keyboard_control/install.log'
