[3.702s] Invoking command in '/home/orin/ros2_ws/src/teleop_motor': PYTHONPATH=/home/orin/ros2_ws/build/teleop_motor/prefix_override:/usr/lib/python3/dist-packages/colcon_core/task/python/colcon_distutils_commands:/home/orin/ros2_ws/install/teleop_motor/lib/python3.10/site-packages:${PYTHONPATH} /usr/bin/python3 -W ignore:setup.py install is deprecated -W ignore:easy_install command is deprecated setup.py egg_info --egg-base ../../build/teleop_motor build --build-base /home/orin/ros2_ws/build/teleop_motor/build install --record /home/orin/ros2_ws/build/teleop_motor/install.log --single-version-externally-managed install_data
[4.410s] running egg_info
[4.462s] writing ../../build/teleop_motor/teleop_motor.egg-info/PKG-INFO
[4.463s] writing dependency_links to ../../build/teleop_motor/teleop_motor.egg-info/dependency_links.txt
[4.464s] writing entry points to ../../build/teleop_motor/teleop_motor.egg-info/entry_points.txt
[4.464s] writing requirements to ../../build/teleop_motor/teleop_motor.egg-info/requires.txt
[4.465s] writing top-level names to ../../build/teleop_motor/teleop_motor.egg-info/top_level.txt
[4.575s] reading manifest file '../../build/teleop_motor/teleop_motor.egg-info/SOURCES.txt'
[4.580s] writing manifest file '../../build/teleop_motor/teleop_motor.egg-info/SOURCES.txt'
[4.581s] running build
[4.581s] running build_py
[4.582s] copying teleop_motor/__init__.py -> /home/orin/ros2_ws/build/teleop_motor/build/lib/teleop_motor
[4.587s] copying teleop_motor/teleop_motor.py -> /home/orin/ros2_ws/build/teleop_motor/build/lib/teleop_motor
[4.589s] running install
[4.599s] running install_lib
[4.653s] copying /home/orin/ros2_ws/build/teleop_motor/build/lib/teleop_motor/teleop_motor.py -> /home/orin/ros2_ws/install/teleop_motor/lib/python3.10/site-packages/teleop_motor
[4.654s] byte-compiling /home/orin/ros2_ws/install/teleop_motor/lib/python3.10/site-packages/teleop_motor/teleop_motor.py to teleop_motor.cpython-310.pyc
[4.657s] running install_data
[4.658s] copying resource/teleop_motor -> /home/orin/ros2_ws/install/teleop_motor/share/ament_index/resource_index/packages
[4.659s] copying package.xml -> /home/orin/ros2_ws/install/teleop_motor/share/teleop_motor
[4.659s] running install_egg_info
[4.719s] removing '/home/orin/ros2_ws/install/teleop_motor/lib/python3.10/site-packages/teleop_motor-0.0.0-py3.10.egg-info' (and everything under it)
[4.719s] Copying ../../build/teleop_motor/teleop_motor.egg-info to /home/orin/ros2_ws/install/teleop_motor/lib/python3.10/site-packages/teleop_motor-0.0.0-py3.10.egg-info
[4.724s] running install_scripts
[5.156s] Installing teleop_motor script to /home/orin/ros2_ws/install/teleop_motor/lib/teleop_motor
[5.157s] writing list of installed files to '/home/orin/ros2_ws/build/teleop_motor/install.log'
[5.237s] Invoked command in '/home/orin/ros2_ws/src/teleop_motor' returned '0': PYTHONPATH=/home/orin/ros2_ws/build/teleop_motor/prefix_override:/usr/lib/python3/dist-packages/colcon_core/task/python/colcon_distutils_commands:/home/orin/ros2_ws/install/teleop_motor/lib/python3.10/site-packages:${PYTHONPATH} /usr/bin/python3 -W ignore:setup.py install is deprecated -W ignore:easy_install command is deprecated setup.py egg_info --egg-base ../../build/teleop_motor build --build-base /home/orin/ros2_ws/build/teleop_motor/build install --record /home/orin/ros2_ws/build/teleop_motor/install.log --single-version-externally-managed install_data
