[2.476s] Invoking command in '/home/orin/ros2_ws/src/arduino_encoder_odom': PYTHONPATH=/home/orin/ros2_ws/build/arduino_encoder_odom/prefix_override:/usr/lib/python3/dist-packages/colcon_core/task/python/colcon_distutils_commands:/home/orin/ros2_ws/install/arduino_encoder_odom/lib/python3.10/site-packages:${PYTHONPATH} /usr/bin/python3 -W ignore:setup.py install is deprecated -W ignore:easy_install command is deprecated setup.py egg_info --egg-base ../../build/arduino_encoder_odom build --build-base /home/orin/ros2_ws/build/arduino_encoder_odom/build install --record /home/orin/ros2_ws/build/arduino_encoder_odom/install.log --single-version-externally-managed install_data
[3.279s] running egg_info
[3.333s] writing ../../build/arduino_encoder_odom/arduino_encoder_odom.egg-info/PKG-INFO
[3.334s] writing dependency_links to ../../build/arduino_encoder_odom/arduino_encoder_odom.egg-info/dependency_links.txt
[3.335s] writing entry points to ../../build/arduino_encoder_odom/arduino_encoder_odom.egg-info/entry_points.txt
[3.335s] writing requirements to ../../build/arduino_encoder_odom/arduino_encoder_odom.egg-info/requires.txt
[3.336s] writing top-level names to ../../build/arduino_encoder_odom/arduino_encoder_odom.egg-info/top_level.txt
[3.458s] reading manifest file '../../build/arduino_encoder_odom/arduino_encoder_odom.egg-info/SOURCES.txt'
[3.459s] adding license file 'LICENSE'
[3.461s] writing manifest file '../../build/arduino_encoder_odom/arduino_encoder_odom.egg-info/SOURCES.txt'
[3.461s] running build
[3.462s] running build_py
[3.462s] copying arduino_encoder_odom/__init__.py -> /home/orin/ros2_ws/build/arduino_encoder_odom/build/lib/arduino_encoder_odom
[3.463s] running install
[3.474s] running install_lib
[3.531s] running install_data
[3.532s] copying resource/arduino_encoder_odom -> /home/orin/ros2_ws/install/arduino_encoder_odom/share/ament_index/resource_index/packages
[3.532s] copying package.xml -> /home/orin/ros2_ws/install/arduino_encoder_odom/share/arduino_encoder_odom
[3.533s] running install_egg_info
[3.591s] removing '/home/orin/ros2_ws/install/arduino_encoder_odom/lib/python3.10/site-packages/arduino_encoder_odom-0.0.0-py3.10.egg-info' (and everything under it)
[3.592s] Copying ../../build/arduino_encoder_odom/arduino_encoder_odom.egg-info to /home/orin/ros2_ws/install/arduino_encoder_odom/lib/python3.10/site-packages/arduino_encoder_odom-0.0.0-py3.10.egg-info
[3.594s] running install_scripts
[4.061s] Installing arduino_encoder_odom script to /home/orin/ros2_ws/install/arduino_encoder_odom/lib/arduino_encoder_odom
[4.063s] writing list of installed files to '/home/orin/ros2_ws/build/arduino_encoder_odom/install.log'
[4.151s] Invoked command in '/home/orin/ros2_ws/src/arduino_encoder_odom' returned '0': PYTHONPATH=/home/orin/ros2_ws/build/arduino_encoder_odom/prefix_override:/usr/lib/python3/dist-packages/colcon_core/task/python/colcon_distutils_commands:/home/orin/ros2_ws/install/arduino_encoder_odom/lib/python3.10/site-packages:${PYTHONPATH} /usr/bin/python3 -W ignore:setup.py install is deprecated -W ignore:easy_install command is deprecated setup.py egg_info --egg-base ../../build/arduino_encoder_odom build --build-base /home/orin/ros2_ws/build/arduino_encoder_odom/build install --record /home/orin/ros2_ws/build/arduino_encoder_odom/install.log --single-version-externally-managed install_data
