[10.082s] Invoking command in '/home/orin/ros2_ws/build/wheel_encoder_odometry': PYTHONPATH=/home/orin/ros2_ws/build/wheel_encoder_odometry/prefix_override:/usr/lib/python3/dist-packages/colcon_core/task/python/colcon_distutils_commands:/home/orin/ros2_ws/install/wheel_encoder_odometry/lib/python3.10/site-packages:${PYTHONPATH} /usr/bin/python3 -W ignore:setup.py install is deprecated setup.py develop --editable --build-directory /home/orin/ros2_ws/build/wheel_encoder_odometry/build --no-deps symlink_data --force
[13.749s] running develop
[13.752s] /home/orin/.local/lib/python3.10/site-packages/setuptools/command/develop.py:41: EasyInstallDeprecationWarning: easy_install command is deprecated.
[13.754s] !!
[13.755s] 
[13.755s]         ********************************************************************************
[13.755s]         Please avoid running ``setup.py`` and ``easy_install``.
[13.756s]         Instead, use pypa/build, pypa/installer or other
[13.756s]         standards-based tools.
[13.756s] 
[13.756s]         See https://github.com/pypa/setuptools/issues/917 for details.
[13.758s]         ********************************************************************************
[13.759s] 
[13.759s] !!
[13.759s]   easy_install.initialize_options(self)
[15.683s] running egg_info
[15.843s] writing wheel_encoder_odometry.egg-info/PKG-INFO
[15.846s] writing dependency_links to wheel_encoder_odometry.egg-info/dependency_links.txt
[15.850s] writing entry points to wheel_encoder_odometry.egg-info/entry_points.txt
[15.853s] writing requirements to wheel_encoder_odometry.egg-info/requires.txt
[15.853s] writing top-level names to wheel_encoder_odometry.egg-info/top_level.txt
[16.097s] reading manifest file 'wheel_encoder_odometry.egg-info/SOURCES.txt'
[16.104s] writing manifest file 'wheel_encoder_odometry.egg-info/SOURCES.txt'
[16.216s] running build_ext
[16.219s] Creating /home/orin/ros2_ws/install/wheel_encoder_odometry/lib/python3.10/site-packages/wheel-encoder-odometry.egg-link (link to .)
[16.224s] Installing encoder_odometry_node script to /home/orin/ros2_ws/install/wheel_encoder_odometry/lib/wheel_encoder_odometry
[16.228s] 
[16.229s] Installed /home/orin/ros2_ws/build/wheel_encoder_odometry
[16.229s] running symlink_data
[16.232s] symbolically linking /home/orin/ros2_ws/build/wheel_encoder_odometry/resource/wheel_encoder_odometry -> /home/orin/ros2_ws/install/wheel_encoder_odometry/share/ament_index/resource_index/packages
[16.235s] symbolically linking /home/orin/ros2_ws/build/wheel_encoder_odometry/package.xml -> /home/orin/ros2_ws/install/wheel_encoder_odometry/share/wheel_encoder_odometry
[16.589s] Invoked command in '/home/orin/ros2_ws/build/wheel_encoder_odometry' returned '0': PYTHONPATH=/home/orin/ros2_ws/build/wheel_encoder_odometry/prefix_override:/usr/lib/python3/dist-packages/colcon_core/task/python/colcon_distutils_commands:/home/orin/ros2_ws/install/wheel_encoder_odometry/lib/python3.10/site-packages:${PYTHONPATH} /usr/bin/python3 -W ignore:setup.py install is deprecated setup.py develop --editable --build-directory /home/orin/ros2_ws/build/wheel_encoder_odometry/build --no-deps symlink_data --force
