[0.038s] Invoking command in '/home/orin/ros2_ws/build/depthai_examples': CMAKE_PREFIX_PATH=/home/orin/ros2_ws/install/depthai_ros_msgs:/home/orin/ros2_ws/install/depthai_descriptions:/home/orin/ros2_ws/install/cv_bridge:/home/orin/ros2_ws/install/sllidar_ros2:/home/orin/ros2_ws/install/ros2_control_demo_example_5:/home/orin/ros2_ws/install/ros2_control_demo_description:/home/orin/ros2_ws/install/my_bot_imu:/home/orin/ros2_ws/install/my_bot_description:/home/orin/ros2_ws/install/wheel_encoder_odometry:/home/orin/ros2_ws/install/ros2_control_demo_testing:/home/orin/ros2_ws/install/arduino_odometry:/opt/ros/humble:/home/orin/ros2_ws/install/mobile_robot_description:/home/orin/ros2_ws/install/image_geometry:/home/orin/ros2_ws/install/gazebo_dev:/home/orin/ros2_ws/install/depthai-ros:/home/orin/ros2_ws/install/depthai_examples GAZEBO_MODEL_PATH=/home/orin/ros2_ws/install/depthai_descriptions:${GAZEBO_MODEL_PATH} GAZEBO_RESOURCE_PATH=/home/orin/ros2_ws/install/depthai_descriptions:${GAZEBO_RESOURCE_PATH} IGN_GAZEBO_MODEL_PATH=/home/orin/ros2_ws/install/depthai_descriptions:${IGN_GAZEBO_MODEL_PATH} IGN_GAZEBO_RESOURCE_PATH=/home/orin/ros2_ws/install/depthai_descriptions:${IGN_GAZEBO_RESOURCE_PATH} LD_LIBRARY_PATH=/home/orin/ros2_ws/install/depthai_ros_msgs/lib:/home/orin/ros2_ws/install/cv_bridge/lib:/home/orin/ros2_ws/install/ros2_control_demo_example_5/lib:/home/orin/ros2_ws/install/image_geometry/lib:/opt/ros/humble/opt/rviz_ogre_vendor/lib:/opt/ros/humble/lib/aarch64-linux-gnu:/opt/ros/humble/lib /usr/bin/cmake --build /home/orin/ros2_ws/build/depthai_examples -- -j6 -l6
[0.181s] [ 10%] Built target crop_control_service
[0.249s] [ 20%] Built target stereo_node
[0.316s] [ 30%] Built target yolov4_spatial_node
[0.380s] [ 40%] Built target yolov4_node
[0.457s] [ 50%] Built target tracker_yolov4_node
[0.523s] [ 60%] Built target tracker_yolov4_spatial_node
[0.592s] [ 70%] Built target feature_tracker
[0.663s] [ 80%] Built target stereo_inertial_node
[0.729s] [ 90%] Built target rgb_stereo_node
[0.800s] [100%] Built target mobilenet_node
[0.832s] Invoked command in '/home/orin/ros2_ws/build/depthai_examples' returned '0': CMAKE_PREFIX_PATH=/home/orin/ros2_ws/install/depthai_ros_msgs:/home/orin/ros2_ws/install/depthai_descriptions:/home/orin/ros2_ws/install/cv_bridge:/home/orin/ros2_ws/install/sllidar_ros2:/home/orin/ros2_ws/install/ros2_control_demo_example_5:/home/orin/ros2_ws/install/ros2_control_demo_description:/home/orin/ros2_ws/install/my_bot_imu:/home/orin/ros2_ws/install/my_bot_description:/home/orin/ros2_ws/install/wheel_encoder_odometry:/home/orin/ros2_ws/install/ros2_control_demo_testing:/home/orin/ros2_ws/install/arduino_odometry:/opt/ros/humble:/home/orin/ros2_ws/install/mobile_robot_description:/home/orin/ros2_ws/install/image_geometry:/home/orin/ros2_ws/install/gazebo_dev:/home/orin/ros2_ws/install/depthai-ros:/home/orin/ros2_ws/install/depthai_examples GAZEBO_MODEL_PATH=/home/orin/ros2_ws/install/depthai_descriptions:${GAZEBO_MODEL_PATH} GAZEBO_RESOURCE_PATH=/home/orin/ros2_ws/install/depthai_descriptions:${GAZEBO_RESOURCE_PATH} IGN_GAZEBO_MODEL_PATH=/home/orin/ros2_ws/install/depthai_descriptions:${IGN_GAZEBO_MODEL_PATH} IGN_GAZEBO_RESOURCE_PATH=/home/orin/ros2_ws/install/depthai_descriptions:${IGN_GAZEBO_RESOURCE_PATH} LD_LIBRARY_PATH=/home/orin/ros2_ws/install/depthai_ros_msgs/lib:/home/orin/ros2_ws/install/cv_bridge/lib:/home/orin/ros2_ws/install/ros2_control_demo_example_5/lib:/home/orin/ros2_ws/install/image_geometry/lib:/opt/ros/humble/opt/rviz_ogre_vendor/lib:/opt/ros/humble/lib/aarch64-linux-gnu:/opt/ros/humble/lib /usr/bin/cmake --build /home/orin/ros2_ws/build/depthai_examples -- -j6 -l6
[0.984s] Invoking command in '/home/orin/ros2_ws/build/depthai_examples': CMAKE_PREFIX_PATH=/home/orin/ros2_ws/install/depthai_ros_msgs:/home/orin/ros2_ws/install/depthai_descriptions:/home/orin/ros2_ws/install/cv_bridge:/home/orin/ros2_ws/install/sllidar_ros2:/home/orin/ros2_ws/install/ros2_control_demo_example_5:/home/orin/ros2_ws/install/ros2_control_demo_description:/home/orin/ros2_ws/install/my_bot_imu:/home/orin/ros2_ws/install/my_bot_description:/home/orin/ros2_ws/install/wheel_encoder_odometry:/home/orin/ros2_ws/install/ros2_control_demo_testing:/home/orin/ros2_ws/install/arduino_odometry:/opt/ros/humble:/home/orin/ros2_ws/install/mobile_robot_description:/home/orin/ros2_ws/install/image_geometry:/home/orin/ros2_ws/install/gazebo_dev:/home/orin/ros2_ws/install/depthai-ros:/home/orin/ros2_ws/install/depthai_examples GAZEBO_MODEL_PATH=/home/orin/ros2_ws/install/depthai_descriptions:${GAZEBO_MODEL_PATH} GAZEBO_RESOURCE_PATH=/home/orin/ros2_ws/install/depthai_descriptions:${GAZEBO_RESOURCE_PATH} IGN_GAZEBO_MODEL_PATH=/home/orin/ros2_ws/install/depthai_descriptions:${IGN_GAZEBO_MODEL_PATH} IGN_GAZEBO_RESOURCE_PATH=/home/orin/ros2_ws/install/depthai_descriptions:${IGN_GAZEBO_RESOURCE_PATH} LD_LIBRARY_PATH=/home/orin/ros2_ws/install/depthai_ros_msgs/lib:/home/orin/ros2_ws/install/cv_bridge/lib:/home/orin/ros2_ws/install/ros2_control_demo_example_5/lib:/home/orin/ros2_ws/install/image_geometry/lib:/opt/ros/humble/opt/rviz_ogre_vendor/lib:/opt/ros/humble/lib/aarch64-linux-gnu:/opt/ros/humble/lib /usr/bin/cmake --install /home/orin/ros2_ws/build/depthai_examples
[1.005s] -- Install configuration: ""
[1.005s] -- Up-to-date: /home/orin/ros2_ws/install/depthai_examples/share/depthai_examples/params
[1.006s] -- Up-to-date: /home/orin/ros2_ws/install/depthai_examples/share/depthai_examples/params/camera
[1.006s] -- Up-to-date: /home/orin/ros2_ws/install/depthai_examples/share/depthai_examples/params/camera/right.yaml
[1.006s] -- Up-to-date: /home/orin/ros2_ws/install/depthai_examples/share/depthai_examples/params/camera/left.yaml
[1.007s] -- Up-to-date: /home/orin/ros2_ws/install/depthai_examples/share/depthai_examples/params/camera/color.yaml
[1.007s] -- Up-to-date: /home/orin/ros2_ws/install/depthai_examples/share/depthai_examples/rviz
[1.007s] -- Up-to-date: /home/orin/ros2_ws/install/depthai_examples/share/depthai_examples/rviz/stereoInertialROS1.rviz
[1.007s] -- Up-to-date: /home/orin/ros2_ws/install/depthai_examples/share/depthai_examples/rviz/stereoPointCloud.rviz
[1.008s] -- Up-to-date: /home/orin/ros2_ws/install/depthai_examples/share/depthai_examples/rviz/rgb_camera.rviz
[1.008s] -- Up-to-date: /home/orin/ros2_ws/install/depthai_examples/share/depthai_examples/rviz/stereoInertial.rviz
[1.008s] -- Up-to-date: /home/orin/ros2_ws/install/depthai_examples/share/depthai_examples/rviz/stereoInertialDepthAlign.rviz
[1.008s] -- Up-to-date: /home/orin/ros2_ws/install/depthai_examples/share/depthai_examples/rviz/stereoPointCloud_v1.rviz
[1.008s] -- Up-to-date: /home/orin/ros2_ws/install/depthai_examples/share/depthai_examples/rviz/pointCloud.rviz
[1.008s] -- Up-to-date: /home/orin/ros2_ws/install/depthai_examples/share/depthai_examples/rviz/stereoInertialDepthAlignROS2.rviz
[1.009s] -- Up-to-date: /home/orin/ros2_ws/install/depthai_examples/share/depthai_examples/rviz/stereo_config.rviz
[1.009s] -- Up-to-date: /home/orin/ros2_ws/install/depthai_examples/share/depthai_examples/rviz/stereo_nodelet.rviz
[1.009s] -- Up-to-date: /home/orin/ros2_ws/install/depthai_examples/share/depthai_examples/resources
[1.009s] -- Up-to-date: /home/orin/ros2_ws/install/depthai_examples/share/depthai_examples/resources/yolov4_tiny_coco_416x416_openvino_2021.4_6shave_bgr.blob
[1.009s] -- Up-to-date: /home/orin/ros2_ws/install/depthai_examples/share/depthai_examples/resources/mobilenet-ssd_openvino_2021.2_6shave.blob
[1.009s] -- Up-to-date: /home/orin/ros2_ws/install/depthai_examples/share/depthai_examples/resources/deeplab_v3_plus_mnv2_decoder_256_openvino_2021.4.blob
[1.009s] -- Up-to-date: /home/orin/ros2_ws/install/depthai_examples/share/depthai_examples/launch
[1.010s] -- Up-to-date: /home/orin/ros2_ws/install/depthai_examples/share/depthai_examples/launch/tracker_yolov4_node.launch.py
[1.010s] -- Up-to-date: /home/orin/ros2_ws/install/depthai_examples/share/depthai_examples/launch/stereo_inertial_node.launch.py
[1.010s] -- Up-to-date: /home/orin/ros2_ws/install/depthai_examples/share/depthai_examples/launch/mobile_publisher.launch.py
[1.010s] -- Up-to-date: /home/orin/ros2_ws/install/depthai_examples/share/depthai_examples/launch/tracker_yolov4_spatial_node.launch.py
[1.010s] -- Up-to-date: /home/orin/ros2_ws/install/depthai_examples/share/depthai_examples/launch/rgb_stereo_node.launch.py
[1.010s] -- Installing: /home/orin/ros2_ws/install/depthai_examples/share/depthai_examples/launch/stereo.launch.py
[1.010s] -- Up-to-date: /home/orin/ros2_ws/install/depthai_examples/share/depthai_examples/launch/yolov4_publisher.launch.py
[1.011s] -- Up-to-date: /home/orin/ros2_ws/install/depthai_examples/lib/depthai_examples/crop_control_service
[1.011s] -- Up-to-date: /home/orin/ros2_ws/install/depthai_examples/lib/depthai_examples/mobilenet_node
[1.011s] -- Up-to-date: /home/orin/ros2_ws/install/depthai_examples/lib/depthai_examples/rgb_stereo_node
[1.011s] -- Up-to-date: /home/orin/ros2_ws/install/depthai_examples/lib/depthai_examples/stereo_inertial_node
[1.011s] -- Up-to-date: /home/orin/ros2_ws/install/depthai_examples/lib/depthai_examples/stereo_node
[1.012s] -- Up-to-date: /home/orin/ros2_ws/install/depthai_examples/lib/depthai_examples/yolov4_spatial_node
[1.013s] -- Up-to-date: /home/orin/ros2_ws/install/depthai_examples/lib/depthai_examples/yolov4_node
[1.014s] -- Up-to-date: /home/orin/ros2_ws/install/depthai_examples/lib/depthai_examples/feature_tracker
[1.014s] -- Up-to-date: /home/orin/ros2_ws/install/depthai_examples/lib/depthai_examples/tracker_yolov4_node
[1.015s] -- Up-to-date: /home/orin/ros2_ws/install/depthai_examples/lib/depthai_examples/tracker_yolov4_spatial_node
[1.015s] -- Up-to-date: /home/orin/ros2_ws/install/depthai_examples/share/ament_index/resource_index/package_run_dependencies/depthai_examples
[1.015s] -- Up-to-date: /home/orin/ros2_ws/install/depthai_examples/share/ament_index/resource_index/parent_prefix_path/depthai_examples
[1.016s] -- Up-to-date: /home/orin/ros2_ws/install/depthai_examples/share/depthai_examples/environment/ament_prefix_path.sh
[1.016s] -- Up-to-date: /home/orin/ros2_ws/install/depthai_examples/share/depthai_examples/environment/ament_prefix_path.dsv
[1.016s] -- Up-to-date: /home/orin/ros2_ws/install/depthai_examples/share/depthai_examples/environment/path.sh
[1.016s] -- Up-to-date: /home/orin/ros2_ws/install/depthai_examples/share/depthai_examples/environment/path.dsv
[1.016s] -- Up-to-date: /home/orin/ros2_ws/install/depthai_examples/share/depthai_examples/local_setup.bash
[1.016s] -- Up-to-date: /home/orin/ros2_ws/install/depthai_examples/share/depthai_examples/local_setup.sh
[1.017s] -- Up-to-date: /home/orin/ros2_ws/install/depthai_examples/share/depthai_examples/local_setup.zsh
[1.017s] -- Up-to-date: /home/orin/ros2_ws/install/depthai_examples/share/depthai_examples/local_setup.dsv
[1.017s] -- Installing: /home/orin/ros2_ws/install/depthai_examples/share/depthai_examples/package.dsv
[1.017s] -- Up-to-date: /home/orin/ros2_ws/install/depthai_examples/share/ament_index/resource_index/packages/depthai_examples
[1.017s] -- Up-to-date: /home/orin/ros2_ws/install/depthai_examples/share/depthai_examples/cmake/depthai_examplesConfig.cmake
[1.017s] -- Up-to-date: /home/orin/ros2_ws/install/depthai_examples/share/depthai_examples/cmake/depthai_examplesConfig-version.cmake
[1.017s] -- Up-to-date: /home/orin/ros2_ws/install/depthai_examples/share/depthai_examples/package.xml
[1.023s] Invoked command in '/home/orin/ros2_ws/build/depthai_examples' returned '0': CMAKE_PREFIX_PATH=/home/orin/ros2_ws/install/depthai_ros_msgs:/home/orin/ros2_ws/install/depthai_descriptions:/home/orin/ros2_ws/install/cv_bridge:/home/orin/ros2_ws/install/sllidar_ros2:/home/orin/ros2_ws/install/ros2_control_demo_example_5:/home/orin/ros2_ws/install/ros2_control_demo_description:/home/orin/ros2_ws/install/my_bot_imu:/home/orin/ros2_ws/install/my_bot_description:/home/orin/ros2_ws/install/wheel_encoder_odometry:/home/orin/ros2_ws/install/ros2_control_demo_testing:/home/orin/ros2_ws/install/arduino_odometry:/opt/ros/humble:/home/orin/ros2_ws/install/mobile_robot_description:/home/orin/ros2_ws/install/image_geometry:/home/orin/ros2_ws/install/gazebo_dev:/home/orin/ros2_ws/install/depthai-ros:/home/orin/ros2_ws/install/depthai_examples GAZEBO_MODEL_PATH=/home/orin/ros2_ws/install/depthai_descriptions:${GAZEBO_MODEL_PATH} GAZEBO_RESOURCE_PATH=/home/orin/ros2_ws/install/depthai_descriptions:${GAZEBO_RESOURCE_PATH} IGN_GAZEBO_MODEL_PATH=/home/orin/ros2_ws/install/depthai_descriptions:${IGN_GAZEBO_MODEL_PATH} IGN_GAZEBO_RESOURCE_PATH=/home/orin/ros2_ws/install/depthai_descriptions:${IGN_GAZEBO_RESOURCE_PATH} LD_LIBRARY_PATH=/home/orin/ros2_ws/install/depthai_ros_msgs/lib:/home/orin/ros2_ws/install/cv_bridge/lib:/home/orin/ros2_ws/install/ros2_control_demo_example_5/lib:/home/orin/ros2_ws/install/image_geometry/lib:/opt/ros/humble/opt/rviz_ogre_vendor/lib:/opt/ros/humble/lib/aarch64-linux-gnu:/opt/ros/humble/lib /usr/bin/cmake --install /home/orin/ros2_ws/build/depthai_examples
