[2.076s] Invoking command in '/home/orin/ros2_ws/src/teleop_motor': PYTHONPATH=/home/orin/ros2_ws/build/teleop_motor/prefix_override:/usr/lib/python3/dist-packages/colcon_core/task/python/colcon_distutils_commands:/home/orin/ros2_ws/install/teleop_motor/lib/python3.10/site-packages:${PYTHONPATH} /usr/bin/python3 -W ignore:setup.py install is deprecated -W ignore:easy_install command is deprecated setup.py egg_info --egg-base ../../build/teleop_motor build --build-base /home/orin/ros2_ws/build/teleop_motor/build install --record /home/orin/ros2_ws/build/teleop_motor/install.log --single-version-externally-managed install_data
[2.778s] running egg_info
[2.829s] writing ../../build/teleop_motor/teleop_motor.egg-info/PKG-INFO
[2.831s] writing dependency_links to ../../build/teleop_motor/teleop_motor.egg-info/dependency_links.txt
[2.831s] writing entry points to ../../build/teleop_motor/teleop_motor.egg-info/entry_points.txt
[2.832s] writing requirements to ../../build/teleop_motor/teleop_motor.egg-info/requires.txt
[2.832s] writing top-level names to ../../build/teleop_motor/teleop_motor.egg-info/top_level.txt
[2.887s] reading manifest file '../../build/teleop_motor/teleop_motor.egg-info/SOURCES.txt'
[2.890s] writing manifest file '../../build/teleop_motor/teleop_motor.egg-info/SOURCES.txt'
[2.890s] running build
[2.890s] running install
[2.901s] running install_data
[2.901s] copying resource/teleop_motor -> /home/orin/ros2_ws/install/teleop_motor/share/ament_index/resource_index/packages
[2.902s] copying package.xml -> /home/orin/ros2_ws/install/teleop_motor/share/teleop_motor
[2.903s] running install_egg_info
[3.010s] removing '/home/orin/ros2_ws/install/teleop_motor/lib/python3.10/site-packages/teleop_motor-0.0.0-py3.10.egg-info' (and everything under it)
[3.011s] Copying ../../build/teleop_motor/teleop_motor.egg-info to /home/orin/ros2_ws/install/teleop_motor/lib/python3.10/site-packages/teleop_motor-0.0.0-py3.10.egg-info
[3.013s] running install_scripts
[3.433s] Installing teleop_motor script to /home/orin/ros2_ws/install/teleop_motor/lib/teleop_motor
[3.433s] writing list of installed files to '/home/orin/ros2_ws/build/teleop_motor/install.log'
[3.513s] Invoked command in '/home/orin/ros2_ws/src/teleop_motor' returned '0': PYTHONPATH=/home/orin/ros2_ws/build/teleop_motor/prefix_override:/usr/lib/python3/dist-packages/colcon_core/task/python/colcon_distutils_commands:/home/orin/ros2_ws/install/teleop_motor/lib/python3.10/site-packages:${PYTHONPATH} /usr/bin/python3 -W ignore:setup.py install is deprecated -W ignore:easy_install command is deprecated setup.py egg_info --egg-base ../../build/teleop_motor build --build-base /home/orin/ros2_ws/build/teleop_motor/build install --record /home/orin/ros2_ws/build/teleop_motor/install.log --single-version-externally-managed install_data
