-- Found ament_cmake: 1.3.10 (/opt/ros/humble/share/ament_cmake/cmake)
-- Override CMake install command with custom implementation using symlinks instead of copying resources
-- ------------------------------------------
-- Depthai Bridge is being built using AMENT.
-- ------------------------------------------
-- Found camera_info_manager: 3.1.9 (/opt/ros/humble/share/camera_info_manager/cmake)
-- Found rosidl_generator_c: 3.1.5 (/opt/ros/humble/share/rosidl_generator_c/cmake)
-- Found rosidl_adapter: 3.1.5 (/opt/ros/humble/share/rosidl_adapter/cmake)
-- Found rosidl_generator_cpp: 3.1.5 (/opt/ros/humble/share/rosidl_generator_cpp/cmake)
-- Using all available rosidl_typesupport_c: rosidl_typesupport_fastrtps_c;rosidl_typesupport_introspection_c
-- Using all available rosidl_typesupport_cpp: rosidl_typesupport_fastrtps_cpp;rosidl_typesupport_introspection_cpp
-- Found rmw_implementation_cmake: 6.1.2 (/opt/ros/humble/share/rmw_implementation_cmake/cmake)
-- Found rmw_fastrtps_cpp: 6.2.7 (/opt/ros/humble/share/rmw_fastrtps_cpp/cmake)
-- Using RMW implementation 'rmw_fastrtps_cpp' as default
-- Found cv_bridge: 3.2.1 (/opt/ros/humble/share/cv_bridge/cmake)
-- Found depthai_ros_msgs: 2.10.3 (/opt/ros/humble/share/depthai_ros_msgs/cmake)
-- Found depthai_bridge: 2.10.3 (/opt/ros/humble/share/depthai_bridge/cmake)
-- Found eigen3_cmake_module: 0.1.1 (/opt/ros/humble/share/eigen3_cmake_module/cmake)
-- Ensuring Eigen3 include directory is part of orocos-kdl CMake target
-- Configuring done
-- Generating done
-- Build files have been written to: /home/orin/ros2_ws/build/depthai_examples
[35m[1mConsolidate compiler generated dependencies of target crop_control_service[0m
[  5%] [32m[1mLinking CXX executable crop_control_service[0m
[ 10%] Built target crop_control_service
[35m[1mConsolidate compiler generated dependencies of target stereo_node[0m
[ 15%] [32m[1mLinking CXX executable stereo_node[0m
[ 20%] Built target stereo_node
[35m[1mConsolidate compiler generated dependencies of target yolov4_spatial_node[0m
[ 25%] [32m[1mLinking CXX executable yolov4_spatial_node[0m
[ 30%] Built target yolov4_spatial_node
[35m[1mConsolidate compiler generated dependencies of target yolov4_node[0m
[ 35%] [32m[1mLinking CXX executable yolov4_node[0m
[ 40%] Built target yolov4_node
[35m[1mConsolidate compiler generated dependencies of target tracker_yolov4_node[0m
[ 45%] [32m[1mLinking CXX executable tracker_yolov4_node[0m
[ 50%] Built target tracker_yolov4_node
[35m[1mConsolidate compiler generated dependencies of target tracker_yolov4_spatial_node[0m
[ 55%] [32m[1mLinking CXX executable tracker_yolov4_spatial_node[0m
[ 60%] Built target tracker_yolov4_spatial_node
[35m[1mConsolidate compiler generated dependencies of target feature_tracker[0m
[ 65%] [32m[1mLinking CXX executable feature_tracker[0m
[ 70%] Built target feature_tracker
[35m[1mConsolidate compiler generated dependencies of target stereo_inertial_node[0m
[ 75%] [32m[1mLinking CXX executable stereo_inertial_node[0m
[ 80%] Built target stereo_inertial_node
[35m[1mConsolidate compiler generated dependencies of target rgb_stereo_node[0m
[ 85%] [32m[1mLinking CXX executable rgb_stereo_node[0m
[ 90%] Built target rgb_stereo_node
[35m[1mConsolidate compiler generated dependencies of target mobilenet_node[0m
[ 95%] [32m[1mLinking CXX executable mobilenet_node[0m
[100%] Built target mobilenet_node
-- Install configuration: ""
-- Execute custom install script
-- Symlinking: /home/orin/ros2_ws/install/depthai_examples/share/depthai_examples/params/camera/color.yaml
-- Symlinking: /home/orin/ros2_ws/install/depthai_examples/share/depthai_examples/params/camera/left.yaml
-- Symlinking: /home/orin/ros2_ws/install/depthai_examples/share/depthai_examples/params/camera/right.yaml
-- Symlinking: /home/orin/ros2_ws/install/depthai_examples/share/depthai_examples/rviz/pointCloud.rviz
-- Symlinking: /home/orin/ros2_ws/install/depthai_examples/share/depthai_examples/rviz/rgb_camera.rviz
-- Symlinking: /home/orin/ros2_ws/install/depthai_examples/share/depthai_examples/rviz/stereoInertial.rviz
-- Symlinking: /home/orin/ros2_ws/install/depthai_examples/share/depthai_examples/rviz/stereoInertialDepthAlign.rviz
-- Symlinking: /home/orin/ros2_ws/install/depthai_examples/share/depthai_examples/rviz/stereoInertialDepthAlignROS2.rviz
-- Symlinking: /home/orin/ros2_ws/install/depthai_examples/share/depthai_examples/rviz/stereoInertialROS1.rviz
-- Symlinking: /home/orin/ros2_ws/install/depthai_examples/share/depthai_examples/rviz/stereoPointCloud.rviz
-- Symlinking: /home/orin/ros2_ws/install/depthai_examples/share/depthai_examples/rviz/stereoPointCloud_v1.rviz
-- Symlinking: /home/orin/ros2_ws/install/depthai_examples/share/depthai_examples/rviz/stereo_config.rviz
-- Symlinking: /home/orin/ros2_ws/install/depthai_examples/share/depthai_examples/rviz/stereo_nodelet.rviz
-- Symlinking: /home/orin/ros2_ws/install/depthai_examples/share/depthai_examples/resources/deeplab_v3_plus_mnv2_decoder_256_openvino_2021.4.blob
-- Symlinking: /home/orin/ros2_ws/install/depthai_examples/share/depthai_examples/resources/mobilenet-ssd_openvino_2021.2_6shave.blob
-- Symlinking: /home/orin/ros2_ws/install/depthai_examples/share/depthai_examples/resources/yolov4_tiny_coco_416x416_openvino_2021.4_6shave_bgr.blob
-- Symlinking: /home/orin/ros2_ws/install/depthai_examples/lib/depthai_examples/crop_control_service
-- Symlinking: /home/orin/ros2_ws/install/depthai_examples/lib/depthai_examples/mobilenet_node
-- Symlinking: /home/orin/ros2_ws/install/depthai_examples/lib/depthai_examples/rgb_stereo_node
-- Symlinking: /home/orin/ros2_ws/install/depthai_examples/lib/depthai_examples/stereo_inertial_node
-- Symlinking: /home/orin/ros2_ws/install/depthai_examples/lib/depthai_examples/stereo_node
-- Symlinking: /home/orin/ros2_ws/install/depthai_examples/lib/depthai_examples/yolov4_spatial_node
-- Symlinking: /home/orin/ros2_ws/install/depthai_examples/lib/depthai_examples/yolov4_node
-- Symlinking: /home/orin/ros2_ws/install/depthai_examples/lib/depthai_examples/feature_tracker
-- Symlinking: /home/orin/ros2_ws/install/depthai_examples/lib/depthai_examples/tracker_yolov4_node
-- Symlinking: /home/orin/ros2_ws/install/depthai_examples/lib/depthai_examples/tracker_yolov4_spatial_node
-- Symlinking: /home/orin/ros2_ws/install/depthai_examples/share/ament_index/resource_index/package_run_dependencies/depthai_examples
-- Symlinking: /home/orin/ros2_ws/install/depthai_examples/share/ament_index/resource_index/parent_prefix_path/depthai_examples
-- Symlinking: /home/orin/ros2_ws/install/depthai_examples/share/depthai_examples/environment/ament_prefix_path.sh
-- Symlinking: /home/orin/ros2_ws/install/depthai_examples/share/depthai_examples/environment/ament_prefix_path.dsv
-- Symlinking: /home/orin/ros2_ws/install/depthai_examples/share/depthai_examples/environment/path.sh
-- Symlinking: /home/orin/ros2_ws/install/depthai_examples/share/depthai_examples/environment/path.dsv
-- Symlinking: /home/orin/ros2_ws/install/depthai_examples/share/depthai_examples/local_setup.bash
-- Symlinking: /home/orin/ros2_ws/install/depthai_examples/share/depthai_examples/local_setup.sh
-- Symlinking: /home/orin/ros2_ws/install/depthai_examples/share/depthai_examples/local_setup.zsh
-- Symlinking: /home/orin/ros2_ws/install/depthai_examples/share/depthai_examples/local_setup.dsv
-- Symlinking: /home/orin/ros2_ws/install/depthai_examples/share/depthai_examples/package.dsv
-- Symlinking: /home/orin/ros2_ws/install/depthai_examples/share/ament_index/resource_index/packages/depthai_examples
-- Symlinking: /home/orin/ros2_ws/install/depthai_examples/share/depthai_examples/cmake/depthai_examplesConfig.cmake
-- Symlinking: /home/orin/ros2_ws/install/depthai_examples/share/depthai_examples/cmake/depthai_examplesConfig-version.cmake
-- Symlinking: /home/orin/ros2_ws/install/depthai_examples/share/depthai_examples/package.xml
-- Up-to-date: /home/orin/ros2_ws/install/depthai_examples/share/depthai_examples/launch
-- Up-to-date: /home/orin/ros2_ws/install/depthai_examples/share/depthai_examples/launch/tracker_yolov4_node.launch.py
-- Up-to-date: /home/orin/ros2_ws/install/depthai_examples/share/depthai_examples/launch/stereo_inertial_node.launch.py
-- Up-to-date: /home/orin/ros2_ws/install/depthai_examples/share/depthai_examples/launch/mobile_publisher.launch.py
-- Up-to-date: /home/orin/ros2_ws/install/depthai_examples/share/depthai_examples/launch/tracker_yolov4_spatial_node.launch.py
-- Up-to-date: /home/orin/ros2_ws/install/depthai_examples/share/depthai_examples/launch/rgb_stereo_node.launch.py
-- Up-to-date: /home/orin/ros2_ws/install/depthai_examples/share/depthai_examples/launch/stereo.launch.py
-- Up-to-date: /home/orin/ros2_ws/install/depthai_examples/share/depthai_examples/launch/yolov4_publisher.launch.py
