[0.040s] Invoking command in '/home/orin/ros2_ws/build/diffbot_description': CMAKE_PREFIX_PATH=/opt/ros/humble /usr/bin/cmake --build /home/orin/ros2_ws/build/diffbot_description -- -j6 -l6
[0.242s] [35m[1mConsolidate compiler generated dependencies of target diffbot_description[0m
[0.386s] [ 50%] [32mBuilding CXX object CMakeFiles/diffbot_description.dir/hardware/diffbot_system.cpp.o[0m
[9.662s] [100%] [32m[1mLinking CXX shared library libdiffbot_description.so[0m
[10.387s] [100%] Built target diffbot_description
[10.420s] Invoked command in '/home/orin/ros2_ws/build/diffbot_description' returned '0': CMAKE_PREFIX_PATH=/opt/ros/humble /usr/bin/cmake --build /home/orin/ros2_ws/build/diffbot_description -- -j6 -l6
[10.447s] Invoking command in '/home/orin/ros2_ws/build/diffbot_description': CMAKE_PREFIX_PATH=/opt/ros/humble /usr/bin/cmake --install /home/orin/ros2_ws/build/diffbot_description
[10.464s] -- Install configuration: ""
[10.465s] -- Execute custom install script
[10.466s] -- Symlinking: /home/orin/ros2_ws/install/diffbot_description/share/diffbot_description//diffbot_description.xml
[10.492s] -- Symlinking: /home/orin/ros2_ws/install/diffbot_description/include/diffbot_description/diffbot_description/arduino_comms.hpp
[10.519s] -- Symlinking: /home/orin/ros2_ws/install/diffbot_description/include/diffbot_description/diffbot_description/diffbot_system.hpp
[10.542s] -- Symlinking: /home/orin/ros2_ws/install/diffbot_description/include/diffbot_description/diffbot_description/visibility_control.h
[10.562s] -- Symlinking: /home/orin/ros2_ws/install/diffbot_description/include/diffbot_description/diffbot_description/wheel.hpp
[10.582s] -- Symlinking: /home/orin/ros2_ws/install/diffbot_description/share/diffbot_description/launch/view_robot.launch.py
[10.603s] -- Symlinking: /home/orin/ros2_ws/install/diffbot_description/share/diffbot_description/ros2_control/diffbot.ros2_control.xacro
[10.625s] -- Symlinking: /home/orin/ros2_ws/install/diffbot_description/share/diffbot_description/urdf/depth_camera.xacro
[10.646s] -- Symlinking: /home/orin/ros2_ws/install/diffbot_description/share/diffbot_description/urdf/diffbot.materials.xacro
[10.668s] -- Symlinking: /home/orin/ros2_ws/install/diffbot_description/share/diffbot_description/urdf/diffbot.urdf.xacro
[10.690s] -- Symlinking: /home/orin/ros2_ws/install/diffbot_description/share/diffbot_description/urdf/diffbot_description.urdf.xacro
[10.721s] -- Symlinking: /home/orin/ros2_ws/install/diffbot_description/share/diffbot_description/urdf/imu.xacro
[10.746s] -- Symlinking: /home/orin/ros2_ws/install/diffbot_description/share/diffbot_description/urdf/lidar.xacro
[10.764s] -- Symlinking: /home/orin/ros2_ws/install/diffbot_description/share/diffbot_description/urdf/meshes/components/wheel.stl
[10.784s] -- Symlinking: /home/orin/ros2_ws/install/diffbot_description/share/diffbot_description/urdf/meshes/my_bot/bottom_plate.stl
[10.804s] -- Symlinking: /home/orin/ros2_ws/install/diffbot_description/share/diffbot_description/urdf/meshes/my_bot/bottom_plate_original.stl
[10.827s] -- Symlinking: /home/orin/ros2_ws/install/diffbot_description/share/diffbot_description/urdf/meshes/my_bot/dead_plate.stl
[10.847s] -- Symlinking: /home/orin/ros2_ws/install/diffbot_description/share/diffbot_description/urdf/meshes/my_bot/motor.stl
[10.868s] -- Symlinking: /home/orin/ros2_ws/install/diffbot_description/share/diffbot_description/urdf/meshes/my_bot/top_plate.stl
[10.895s] -- Symlinking: /home/orin/ros2_ws/install/diffbot_description/share/diffbot_description/urdf/meshes/my_bot/wheel_rim.stl
[10.917s] -- Symlinking: /home/orin/ros2_ws/install/diffbot_description/share/diffbot_description/urdf/meshes/my_bot/wheel_tire.stl
[10.939s] -- Symlinking: /home/orin/ros2_ws/install/diffbot_description/share/diffbot_description/urdf/meshes/sensors/OAK-D-LITE.stl
[10.959s] -- Symlinking: /home/orin/ros2_ws/install/diffbot_description/share/diffbot_description/urdf/meshes/sensors/rplidar_main.stl
[10.979s] -- Symlinking: /home/orin/ros2_ws/install/diffbot_description/share/diffbot_description/urdf/my_bot.urdf.xacro
[10.998s] -- Symlinking: /home/orin/ros2_ws/install/diffbot_description/share/diffbot_description/urdf/robot.urdf
[11.021s] -- Symlinking: /home/orin/ros2_ws/install/diffbot_description/share/diffbot_description/urdf/robot.urdf.xacro
[11.041s] -- Symlinking: /home/orin/ros2_ws/install/diffbot_description/share/diffbot_description/launch/diffbot.launch.py
[11.061s] -- Symlinking: /home/orin/ros2_ws/install/diffbot_description/share/diffbot_description/config/diffbot_controllers.yaml
[11.085s] -- Symlinking: /home/orin/ros2_ws/install/diffbot_description/share/diffbot_description/config/my_bot/back_wheel.yaml
[11.111s] -- Symlinking: /home/orin/ros2_ws/install/diffbot_description/share/diffbot_description/config/my_bot/base.yaml
[11.137s] -- Symlinking: /home/orin/ros2_ws/install/diffbot_description/share/diffbot_description/config/my_bot/front_wheel.yaml
[11.158s] -- Symlinking: /home/orin/ros2_ws/install/diffbot_description/share/diffbot_description/config/my_bot/imu.yaml
[11.179s] -- Symlinking: /home/orin/ros2_ws/install/diffbot_description/share/diffbot_description/config/my_bot/motor.yaml
[11.199s] -- Symlinking: /home/orin/ros2_ws/install/diffbot_description/share/diffbot_description/config/my_bot/sensors.yaml
[11.228s] -- Symlinking: /home/orin/ros2_ws/install/diffbot_description/share/diffbot_description/config/my_bot/wheel.yaml
[11.253s] -- Symlinking: /home/orin/ros2_ws/install/diffbot_description/share/diffbot_description/environment/library_path.sh
[11.287s] -- Symlinking: /home/orin/ros2_ws/install/diffbot_description/share/diffbot_description/environment/library_path.dsv
[11.314s] -- Symlinking: /home/orin/ros2_ws/install/diffbot_description/share/ament_index/resource_index/package_run_dependencies/diffbot_description
[11.337s] -- Symlinking: /home/orin/ros2_ws/install/diffbot_description/share/ament_index/resource_index/parent_prefix_path/diffbot_description
[11.358s] -- Symlinking: /home/orin/ros2_ws/install/diffbot_description/share/diffbot_description/environment/ament_prefix_path.sh
[11.378s] -- Symlinking: /home/orin/ros2_ws/install/diffbot_description/share/diffbot_description/environment/ament_prefix_path.dsv
[11.398s] -- Symlinking: /home/orin/ros2_ws/install/diffbot_description/share/diffbot_description/environment/path.sh
[11.418s] -- Symlinking: /home/orin/ros2_ws/install/diffbot_description/share/diffbot_description/environment/path.dsv
[11.439s] -- Symlinking: /home/orin/ros2_ws/install/diffbot_description/share/diffbot_description/local_setup.bash
[11.460s] -- Symlinking: /home/orin/ros2_ws/install/diffbot_description/share/diffbot_description/local_setup.sh
[11.479s] -- Symlinking: /home/orin/ros2_ws/install/diffbot_description/share/diffbot_description/local_setup.zsh
[11.501s] -- Symlinking: /home/orin/ros2_ws/install/diffbot_description/share/diffbot_description/local_setup.dsv
[11.525s] -- Symlinking: /home/orin/ros2_ws/install/diffbot_description/share/diffbot_description/package.dsv
[11.546s] -- Symlinking: /home/orin/ros2_ws/install/diffbot_description/share/ament_index/resource_index/packages/diffbot_description
[11.567s] -- Symlinking: /home/orin/ros2_ws/install/diffbot_description/share/ament_index/resource_index/hardware_interface__pluginlib__plugin/diffbot_description
[11.587s] -- Symlinking: /home/orin/ros2_ws/install/diffbot_description/share/diffbot_description/cmake/ament_cmake_export_targets-extras.cmake
[11.608s] -- Symlinking: /home/orin/ros2_ws/install/diffbot_description/share/diffbot_description/cmake/ament_cmake_export_dependencies-extras.cmake
[11.632s] -- Symlinking: /home/orin/ros2_ws/install/diffbot_description/share/diffbot_description/cmake/diffbot_descriptionConfig.cmake
[11.650s] -- Symlinking: /home/orin/ros2_ws/install/diffbot_description/share/diffbot_description/cmake/diffbot_descriptionConfig-version.cmake
[11.671s] -- Symlinking: /home/orin/ros2_ws/install/diffbot_description/share/diffbot_description/package.xml
[11.690s] -- Installing: /home/orin/ros2_ws/install/diffbot_description/lib/libdiffbot_description.so
[11.693s] -- Set runtime path of "/home/orin/ros2_ws/install/diffbot_description/lib/libdiffbot_description.so" to ""
[11.695s] -- Installing: /home/orin/ros2_ws/install/diffbot_description/share/diffbot_description/cmake/export_diffbot_descriptionExport.cmake
[11.696s] -- Installing: /home/orin/ros2_ws/install/diffbot_description/share/diffbot_description/cmake/export_diffbot_descriptionExport-noconfig.cmake
[11.704s] Invoked command in '/home/orin/ros2_ws/build/diffbot_description' returned '0': CMAKE_PREFIX_PATH=/opt/ros/humble /usr/bin/cmake --install /home/orin/ros2_ws/build/diffbot_description
