[0.039s] Invoking command in '/home/orin/ros2_ws/build/diffdrive_arduino': CMAKE_PREFIX_PATH=${CMAKE_PREFIX_PATH}:/home/orin/install/py_pubsub:/home/orin/install/hc_sr04_publisher:/opt/ros/humble /usr/bin/cmake --build /home/orin/ros2_ws/build/diffdrive_arduino -- -j6 -l6
[0.231s] -- Found ament_cmake: 1.3.11 (/opt/ros/humble/share/ament_cmake/cmake)
[0.583s] -- Override CMake install command with custom implementation using symlinks instead of copying resources
[0.645s] -- Found hardware_interface: 2.47.0 (/opt/ros/humble/share/hardware_interface/cmake)
[0.752s] -- Found rosidl_generator_c: 3.1.6 (/opt/ros/humble/share/rosidl_generator_c/cmake)
[0.762s] -- Found rosidl_adapter: 3.1.6 (/opt/ros/humble/share/rosidl_adapter/cmake)
[0.784s] -- Found rosidl_generator_cpp: 3.1.6 (/opt/ros/humble/share/rosidl_generator_cpp/cmake)
[0.817s] -- Using all available rosidl_typesupport_c: rosidl_typesupport_fastrtps_c;rosidl_typesupport_introspection_c
[0.854s] -- Using all available rosidl_typesupport_cpp: rosidl_typesupport_fastrtps_cpp;rosidl_typesupport_introspection_cpp
[1.373s] -- Found rmw_implementation_cmake: 6.1.2 (/opt/ros/humble/share/rmw_implementation_cmake/cmake)
[1.381s] -- Found rmw_fastrtps_cpp: 6.2.7 (/opt/ros/humble/share/rmw_fastrtps_cpp/cmake)
[1.445s] -- Found TinyXML2 via Config file: TinyXML2_DIR-NOTFOUND
[1.490s] -- Found TinyXML2 via Config file: TinyXML2_DIR-NOTFOUND
[1.537s] -- Found TinyXML2 via Config file: TinyXML2_DIR-NOTFOUND
[1.557s] -- Found TinyXML2 via Config file: TinyXML2_DIR-NOTFOUND
[1.583s] -- Using RMW implementation 'rmw_fastrtps_cpp' as default
[1.735s] -- Found ament_cmake_gtest: 1.3.11 (/opt/ros/humble/share/ament_cmake_gtest/cmake)
[1.929s] -- Configuring done
[2.062s] -- Generating done
[2.067s] -- Build files have been written to: /home/orin/ros2_ws/build/diffdrive_arduino
[2.148s] [35m[1mConsolidate compiler generated dependencies of target diffdrive_arduino[0m
[2.196s] [100%] Built target diffdrive_arduino
[2.225s] Invoked command in '/home/orin/ros2_ws/build/diffdrive_arduino' returned '0': CMAKE_PREFIX_PATH=${CMAKE_PREFIX_PATH}:/home/orin/install/py_pubsub:/home/orin/install/hc_sr04_publisher:/opt/ros/humble /usr/bin/cmake --build /home/orin/ros2_ws/build/diffdrive_arduino -- -j6 -l6
[2.297s] Invoking command in '/home/orin/ros2_ws/build/diffdrive_arduino': CMAKE_PREFIX_PATH=${CMAKE_PREFIX_PATH}:/home/orin/install/py_pubsub:/home/orin/install/hc_sr04_publisher:/opt/ros/humble /usr/bin/cmake --install /home/orin/ros2_ws/build/diffdrive_arduino
[2.319s] -- Install configuration: ""
[2.320s] -- Execute custom install script
[2.321s] -- Up-to-date symlink: /home/orin/ros2_ws/install/diffdrive_arduino/share/diffdrive_arduino//diffdrive_arduino.xml
[2.322s] -- Up-to-date symlink: /home/orin/ros2_ws/install/diffdrive_arduino/include/diffdrive_arduino/diffdrive_arduino/arduino_comms.hpp
[2.322s] -- Up-to-date symlink: /home/orin/ros2_ws/install/diffdrive_arduino/include/diffdrive_arduino/diffdrive_arduino/diffbot_system.hpp
[2.322s] -- Up-to-date symlink: /home/orin/ros2_ws/install/diffdrive_arduino/include/diffdrive_arduino/diffdrive_arduino/visibility_control.h
[2.323s] -- Up-to-date symlink: /home/orin/ros2_ws/install/diffdrive_arduino/include/diffdrive_arduino/diffdrive_arduino/wheel.hpp
[2.323s] -- Up-to-date symlink: /home/orin/ros2_ws/install/diffdrive_arduino/share/diffdrive_arduino/launch/view_robot.launch.py
[2.324s] -- Up-to-date symlink: /home/orin/ros2_ws/install/diffdrive_arduino/share/diffdrive_arduino/ros2_control/diffbot.ros2_control.xacro
[2.324s] -- Up-to-date symlink: /home/orin/ros2_ws/install/diffdrive_arduino/share/diffdrive_arduino/urdf/diffbot.materials.xacro
[2.325s] -- Up-to-date symlink: /home/orin/ros2_ws/install/diffdrive_arduino/share/diffdrive_arduino/urdf/diffbot.urdf.xacro
[2.325s] -- Up-to-date symlink: /home/orin/ros2_ws/install/diffdrive_arduino/share/diffdrive_arduino/urdf/diffbot_description.urdf.xacro
[2.325s] -- Up-to-date symlink: /home/orin/ros2_ws/install/diffdrive_arduino/share/diffdrive_arduino/rviz/diffbot.rviz
[2.326s] -- Up-to-date symlink: /home/orin/ros2_ws/install/diffdrive_arduino/share/diffdrive_arduino/rviz/diffbot_view.rviz
[2.326s] -- Up-to-date symlink: /home/orin/ros2_ws/install/diffdrive_arduino/share/diffdrive_arduino/launch/diffbot.launch.py
[2.326s] -- Up-to-date symlink: /home/orin/ros2_ws/install/diffdrive_arduino/share/diffdrive_arduino/config/diffbot_controllers.yaml
[2.327s] -- Up-to-date symlink: /home/orin/ros2_ws/install/diffdrive_arduino/share/diffdrive_arduino/environment/library_path.sh
[2.327s] -- Up-to-date symlink: /home/orin/ros2_ws/install/diffdrive_arduino/share/diffdrive_arduino/environment/library_path.dsv
[2.328s] -- Up-to-date symlink: /home/orin/ros2_ws/install/diffdrive_arduino/share/ament_index/resource_index/package_run_dependencies/diffdrive_arduino
[2.328s] -- Up-to-date symlink: /home/orin/ros2_ws/install/diffdrive_arduino/share/ament_index/resource_index/parent_prefix_path/diffdrive_arduino
[2.328s] -- Up-to-date symlink: /home/orin/ros2_ws/install/diffdrive_arduino/share/diffdrive_arduino/environment/ament_prefix_path.sh
[2.329s] -- Up-to-date symlink: /home/orin/ros2_ws/install/diffdrive_arduino/share/diffdrive_arduino/environment/ament_prefix_path.dsv
[2.329s] -- Up-to-date symlink: /home/orin/ros2_ws/install/diffdrive_arduino/share/diffdrive_arduino/environment/path.sh
[2.330s] -- Up-to-date symlink: /home/orin/ros2_ws/install/diffdrive_arduino/share/diffdrive_arduino/environment/path.dsv
[2.330s] -- Up-to-date symlink: /home/orin/ros2_ws/install/diffdrive_arduino/share/diffdrive_arduino/local_setup.bash
[2.331s] -- Up-to-date symlink: /home/orin/ros2_ws/install/diffdrive_arduino/share/diffdrive_arduino/local_setup.sh
[2.331s] -- Up-to-date symlink: /home/orin/ros2_ws/install/diffdrive_arduino/share/diffdrive_arduino/local_setup.zsh
[2.331s] -- Up-to-date symlink: /home/orin/ros2_ws/install/diffdrive_arduino/share/diffdrive_arduino/local_setup.dsv
[2.332s] -- Symlinking: /home/orin/ros2_ws/install/diffdrive_arduino/share/diffdrive_arduino/package.dsv
[2.355s] -- Up-to-date symlink: /home/orin/ros2_ws/install/diffdrive_arduino/share/ament_index/resource_index/packages/diffdrive_arduino
[2.356s] -- Up-to-date symlink: /home/orin/ros2_ws/install/diffdrive_arduino/share/ament_index/resource_index/hardware_interface__pluginlib__plugin/diffdrive_arduino
[2.357s] -- Up-to-date symlink: /home/orin/ros2_ws/install/diffdrive_arduino/share/diffdrive_arduino/cmake/ament_cmake_export_targets-extras.cmake
[2.357s] -- Up-to-date symlink: /home/orin/ros2_ws/install/diffdrive_arduino/share/diffdrive_arduino/cmake/ament_cmake_export_dependencies-extras.cmake
[2.357s] -- Up-to-date symlink: /home/orin/ros2_ws/install/diffdrive_arduino/share/diffdrive_arduino/cmake/diffdrive_arduinoConfig.cmake
[2.357s] -- Up-to-date symlink: /home/orin/ros2_ws/install/diffdrive_arduino/share/diffdrive_arduino/cmake/diffdrive_arduinoConfig-version.cmake
[2.357s] -- Up-to-date symlink: /home/orin/ros2_ws/install/diffdrive_arduino/share/diffdrive_arduino/package.xml
[2.360s] -- Up-to-date: /home/orin/ros2_ws/install/diffdrive_arduino/lib/libdiffdrive_arduino.so
[2.362s] -- Up-to-date: /home/orin/ros2_ws/install/diffdrive_arduino/share/diffdrive_arduino/cmake/export_diffdrive_arduinoExport.cmake
[2.362s] -- Up-to-date: /home/orin/ros2_ws/install/diffdrive_arduino/share/diffdrive_arduino/cmake/export_diffdrive_arduinoExport-noconfig.cmake
[2.368s] Invoked command in '/home/orin/ros2_ws/build/diffdrive_arduino' returned '0': CMAKE_PREFIX_PATH=${CMAKE_PREFIX_PATH}:/home/orin/install/py_pubsub:/home/orin/install/hc_sr04_publisher:/opt/ros/humble /usr/bin/cmake --install /home/orin/ros2_ws/build/diffdrive_arduino
