[0.053s] Invoking command in '/home/orin/ros2_ws/build/ros2_control_demo_example_12': AMENT_PREFIX_PATH=/home/orin/ros2_ws/install/ros2_control_demo_testing:/home/orin/ros2_ws/install/ros2_control_demo_description:${AMENT_PREFIX_PATH} CMAKE_PREFIX_PATH=/home/orin/ros2_ws/install/ros2_control_demo_description:/opt/ros/humble PYTHONPATH=/home/orin/ros2_ws/build/ros2_control_demo_testing:/home/orin/ros2_ws/install/ros2_control_demo_testing/lib/python3.10/site-packages:${PYTHONPATH} /usr/bin/cmake --build /home/orin/ros2_ws/build/ros2_control_demo_example_12 -- -j6 -l6
[11.829s] [ 20%] [32mBuilding CXX object CMakeFiles/ros2_control_demo_example_12.dir/hardware/rrbot.cpp.o[0m
[13.555s] [ 40%] [32m[1mLinking CXX shared library libros2_control_demo_example_12.so[0m
[14.127s] [ 40%] Built target ros2_control_demo_example_12
[14.192s] [ 60%] Built target passthrough_controller_parameters
[14.307s] [ 80%] [32mBuilding CXX object CMakeFiles/passthrough_controller.dir/controllers/src/passthrough_controller.cpp.o[0m
[22.284s] In file included from [01m[K/home/orin/ros2_ws/src/ros2_control_demos/example_12/controllers/include/passthrough_controller/passthrough_controller.hpp:25[m[K,
[22.284s]                  from [01m[K/home/orin/ros2_ws/src/ros2_control_demos/example_12/controllers/src/passthrough_controller.cpp:15[m[K:
[22.284s] [01m[K/opt/ros/humble/include/realtime_tools/realtime_tools/realtime_buffer.h:22:100:[m[K [01;36m[Knote: [m[K‘[01m[K#pragma message: This header include is deprecated. Please update your code to use 'realtime_buffer.hpp' header.[m[K’
[22.284s]    22 |   "This header include is deprecated. Please update your code to use 'realtime_buffer.hpp' header."[01;36m[K)[m[K  //NOLINT
[22.284s]       |                                                                                                    [01;36m[K^[m[K
[43.225s] [100%] [32m[1mLinking CXX shared library libpassthrough_controller.so[0m
[45.275s] [100%] Built target passthrough_controller
[45.332s] Invoked command in '/home/orin/ros2_ws/build/ros2_control_demo_example_12' returned '0': AMENT_PREFIX_PATH=/home/orin/ros2_ws/install/ros2_control_demo_testing:/home/orin/ros2_ws/install/ros2_control_demo_description:${AMENT_PREFIX_PATH} CMAKE_PREFIX_PATH=/home/orin/ros2_ws/install/ros2_control_demo_description:/opt/ros/humble PYTHONPATH=/home/orin/ros2_ws/build/ros2_control_demo_testing:/home/orin/ros2_ws/install/ros2_control_demo_testing/lib/python3.10/site-packages:${PYTHONPATH} /usr/bin/cmake --build /home/orin/ros2_ws/build/ros2_control_demo_example_12 -- -j6 -l6
[45.529s] Invoking command in '/home/orin/ros2_ws/build/ros2_control_demo_example_12': AMENT_PREFIX_PATH=/home/orin/ros2_ws/install/ros2_control_demo_testing:/home/orin/ros2_ws/install/ros2_control_demo_description:${AMENT_PREFIX_PATH} CMAKE_PREFIX_PATH=/home/orin/ros2_ws/install/ros2_control_demo_description:/opt/ros/humble PYTHONPATH=/home/orin/ros2_ws/build/ros2_control_demo_testing:/home/orin/ros2_ws/install/ros2_control_demo_testing/lib/python3.10/site-packages:${PYTHONPATH} /usr/bin/cmake --install /home/orin/ros2_ws/build/ros2_control_demo_example_12
[45.567s] -- Install configuration: ""
[45.571s] -- Execute custom install script
[45.572s] -- Up-to-date symlink: /home/orin/ros2_ws/install/ros2_control_demo_example_12/share/ros2_control_demo_example_12//ros2_control_demo_example_12.xml
[45.572s] -- Up-to-date symlink: /home/orin/ros2_ws/install/ros2_control_demo_example_12/include/passthrough_controller_parameters/passthrough_controller_parameters.hpp
[45.572s] -- Up-to-date symlink: /home/orin/ros2_ws/install/ros2_control_demo_example_12/share/ros2_control_demo_example_12//passthrough_controller.xml
[45.572s] -- Up-to-date symlink: /home/orin/ros2_ws/install/ros2_control_demo_example_12/include/ros2_control_demo_example_12/ros2_control_demo_example_12/rrbot.hpp
[45.572s] -- Up-to-date symlink: /home/orin/ros2_ws/install/ros2_control_demo_example_12/share/ros2_control_demo_example_12/launch/view_robot.launch.py
[45.572s] -- Up-to-date symlink: /home/orin/ros2_ws/install/ros2_control_demo_example_12/share/ros2_control_demo_example_12/ros2_control/rrbot.ros2_control.xacro
[45.572s] -- Up-to-date symlink: /home/orin/ros2_ws/install/ros2_control_demo_example_12/share/ros2_control_demo_example_12/urdf/rrbot.urdf.xacro
[45.573s] -- Up-to-date symlink: /home/orin/ros2_ws/install/ros2_control_demo_example_12/share/ros2_control_demo_example_12/launch/launch_chained_controllers.launch.py
[45.573s] -- Up-to-date symlink: /home/orin/ros2_ws/install/ros2_control_demo_example_12/share/ros2_control_demo_example_12/launch/rrbot.launch.py
[45.573s] -- Up-to-date symlink: /home/orin/ros2_ws/install/ros2_control_demo_example_12/share/ros2_control_demo_example_12/config/rrbot_chained_controllers.yaml
[45.582s] -- Up-to-date symlink: /home/orin/ros2_ws/install/ros2_control_demo_example_12/include/passthrough_controller/passthrough_controller/passthrough_controller.hpp
[45.583s] -- Up-to-date symlink: /home/orin/ros2_ws/install/ros2_control_demo_example_12/share/ros2_control_demo_example_12/environment/library_path.sh
[45.583s] -- Up-to-date symlink: /home/orin/ros2_ws/install/ros2_control_demo_example_12/share/ros2_control_demo_example_12/environment/library_path.dsv
[45.583s] -- Up-to-date symlink: /home/orin/ros2_ws/install/ros2_control_demo_example_12/share/ament_index/resource_index/package_run_dependencies/ros2_control_demo_example_12
[45.583s] -- Up-to-date symlink: /home/orin/ros2_ws/install/ros2_control_demo_example_12/share/ament_index/resource_index/parent_prefix_path/ros2_control_demo_example_12
[45.583s] -- Up-to-date symlink: /home/orin/ros2_ws/install/ros2_control_demo_example_12/share/ros2_control_demo_example_12/environment/ament_prefix_path.sh
[45.584s] -- Up-to-date symlink: /home/orin/ros2_ws/install/ros2_control_demo_example_12/share/ros2_control_demo_example_12/environment/ament_prefix_path.dsv
[45.584s] -- Up-to-date symlink: /home/orin/ros2_ws/install/ros2_control_demo_example_12/share/ros2_control_demo_example_12/environment/path.sh
[45.584s] -- Up-to-date symlink: /home/orin/ros2_ws/install/ros2_control_demo_example_12/share/ros2_control_demo_example_12/environment/path.dsv
[45.584s] -- Up-to-date symlink: /home/orin/ros2_ws/install/ros2_control_demo_example_12/share/ros2_control_demo_example_12/local_setup.bash
[45.584s] -- Up-to-date symlink: /home/orin/ros2_ws/install/ros2_control_demo_example_12/share/ros2_control_demo_example_12/local_setup.sh
[45.584s] -- Up-to-date symlink: /home/orin/ros2_ws/install/ros2_control_demo_example_12/share/ros2_control_demo_example_12/local_setup.zsh
[45.584s] -- Up-to-date symlink: /home/orin/ros2_ws/install/ros2_control_demo_example_12/share/ros2_control_demo_example_12/local_setup.dsv
[45.585s] -- Symlinking: /home/orin/ros2_ws/install/ros2_control_demo_example_12/share/ros2_control_demo_example_12/package.dsv
[45.616s] -- Up-to-date symlink: /home/orin/ros2_ws/install/ros2_control_demo_example_12/share/ament_index/resource_index/packages/ros2_control_demo_example_12
[45.616s] -- Up-to-date symlink: /home/orin/ros2_ws/install/ros2_control_demo_example_12/share/ament_index/resource_index/hardware_interface__pluginlib__plugin/ros2_control_demo_example_12
[45.616s] -- Up-to-date symlink: /home/orin/ros2_ws/install/ros2_control_demo_example_12/share/ament_index/resource_index/controller_interface__pluginlib__plugin/ros2_control_demo_example_12
[45.616s] -- Up-to-date symlink: /home/orin/ros2_ws/install/ros2_control_demo_example_12/share/ros2_control_demo_example_12/cmake/ament_cmake_export_targets-extras.cmake
[45.617s] -- Up-to-date symlink: /home/orin/ros2_ws/install/ros2_control_demo_example_12/share/ros2_control_demo_example_12/cmake/ament_cmake_export_dependencies-extras.cmake
[45.617s] -- Up-to-date symlink: /home/orin/ros2_ws/install/ros2_control_demo_example_12/share/ros2_control_demo_example_12/cmake/ros2_control_demo_example_12Config.cmake
[45.617s] -- Up-to-date symlink: /home/orin/ros2_ws/install/ros2_control_demo_example_12/share/ros2_control_demo_example_12/cmake/ros2_control_demo_example_12Config-version.cmake
[45.617s] -- Up-to-date symlink: /home/orin/ros2_ws/install/ros2_control_demo_example_12/share/ros2_control_demo_example_12/package.xml
[45.617s] -- Installing: /home/orin/ros2_ws/install/ros2_control_demo_example_12/lib/libros2_control_demo_example_12.so
[45.619s] -- Set runtime path of "/home/orin/ros2_ws/install/ros2_control_demo_example_12/lib/libros2_control_demo_example_12.so" to ""
[45.623s] -- Installing: /home/orin/ros2_ws/install/ros2_control_demo_example_12/lib/libpassthrough_controller.so
[45.648s] -- Set runtime path of "/home/orin/ros2_ws/install/ros2_control_demo_example_12/lib/libpassthrough_controller.so" to ""
[45.648s] -- Up-to-date: /home/orin/ros2_ws/install/ros2_control_demo_example_12/share/ros2_control_demo_example_12/cmake/export_passthrough_controllerExport.cmake
[45.648s] -- Up-to-date: /home/orin/ros2_ws/install/ros2_control_demo_example_12/share/ros2_control_demo_example_12/cmake/export_passthrough_controllerExport-noconfig.cmake
[45.648s] -- Up-to-date: /home/orin/ros2_ws/install/ros2_control_demo_example_12/share/ros2_control_demo_example_12/cmake/export_ros2_control_demo_example_12Export.cmake
[45.648s] -- Up-to-date: /home/orin/ros2_ws/install/ros2_control_demo_example_12/share/ros2_control_demo_example_12/cmake/export_ros2_control_demo_example_12Export-noconfig.cmake
[45.659s] Invoked command in '/home/orin/ros2_ws/build/ros2_control_demo_example_12' returned '0': AMENT_PREFIX_PATH=/home/orin/ros2_ws/install/ros2_control_demo_testing:/home/orin/ros2_ws/install/ros2_control_demo_description:${AMENT_PREFIX_PATH} CMAKE_PREFIX_PATH=/home/orin/ros2_ws/install/ros2_control_demo_description:/opt/ros/humble PYTHONPATH=/home/orin/ros2_ws/build/ros2_control_demo_testing:/home/orin/ros2_ws/install/ros2_control_demo_testing/lib/python3.10/site-packages:${PYTHONPATH} /usr/bin/cmake --install /home/orin/ros2_ws/build/ros2_control_demo_example_12
