[4.679s] Invoking command in '/home/orin/ros2_ws/src/examples/rclpy/services/minimal_service': PYTHONPATH=/home/orin/ros2_ws/build/examples_rclpy_minimal_service/prefix_override:/usr/lib/python3/dist-packages/colcon_core/task/python/colcon_distutils_commands:/home/orin/ros2_ws/install/examples_rclpy_minimal_service/lib/python3.10/site-packages:${PYTHONPATH} /usr/bin/python3 -W ignore:setup.py install is deprecated -W ignore:easy_install command is deprecated setup.py egg_info --egg-base ../../../../../build/examples_rclpy_minimal_service build --build-base /home/orin/ros2_ws/build/examples_rclpy_minimal_service/build install --record /home/orin/ros2_ws/build/examples_rclpy_minimal_service/install.log --single-version-externally-managed install_data
[5.218s] /home/orin/.local/lib/python3.10/site-packages/setuptools/_distutils/dist.py:261: UserWarning: Unknown distribution option: 'tests_require'
[5.218s]   warnings.warn(msg)
[5.613s] running egg_info
[5.706s] writing ../../../../../build/examples_rclpy_minimal_service/examples_rclpy_minimal_service.egg-info/PKG-INFO
[5.707s] writing dependency_links to ../../../../../build/examples_rclpy_minimal_service/examples_rclpy_minimal_service.egg-info/dependency_links.txt
[5.708s] writing entry points to ../../../../../build/examples_rclpy_minimal_service/examples_rclpy_minimal_service.egg-info/entry_points.txt
[5.708s] writing requirements to ../../../../../build/examples_rclpy_minimal_service/examples_rclpy_minimal_service.egg-info/requires.txt
[5.708s] writing top-level names to ../../../../../build/examples_rclpy_minimal_service/examples_rclpy_minimal_service.egg-info/top_level.txt
[5.845s] reading manifest file '../../../../../build/examples_rclpy_minimal_service/examples_rclpy_minimal_service.egg-info/SOURCES.txt'
[5.845s] writing manifest file '../../../../../build/examples_rclpy_minimal_service/examples_rclpy_minimal_service.egg-info/SOURCES.txt'
[5.845s] running build
[5.845s] running build_py
[5.845s] copying examples_rclpy_minimal_service/__init__.py -> /home/orin/ros2_ws/build/examples_rclpy_minimal_service/build/lib/examples_rclpy_minimal_service
[5.845s] copying examples_rclpy_minimal_service/service_member_function.py -> /home/orin/ros2_ws/build/examples_rclpy_minimal_service/build/lib/examples_rclpy_minimal_service
[5.846s] copying examples_rclpy_minimal_service/service.py -> /home/orin/ros2_ws/build/examples_rclpy_minimal_service/build/lib/examples_rclpy_minimal_service
[5.846s] running install
[5.853s] running install_lib
[5.909s] running install_data
[5.915s] copying resource/examples_rclpy_minimal_service -> /home/orin/ros2_ws/install/examples_rclpy_minimal_service/share/ament_index/resource_index/packages
[5.915s] copying package.xml -> /home/orin/ros2_ws/install/examples_rclpy_minimal_service/share/examples_rclpy_minimal_service
[5.916s] running install_egg_info
[5.981s] removing '/home/orin/ros2_ws/install/examples_rclpy_minimal_service/lib/python3.10/site-packages/examples_rclpy_minimal_service-0.15.2-py3.10.egg-info' (and everything under it)
[5.982s] Copying ../../../../../build/examples_rclpy_minimal_service/examples_rclpy_minimal_service.egg-info to /home/orin/ros2_ws/install/examples_rclpy_minimal_service/lib/python3.10/site-packages/examples_rclpy_minimal_service-0.15.2-py3.10.egg-info
[5.982s] running install_scripts
[6.636s] Installing service script to /home/orin/ros2_ws/install/examples_rclpy_minimal_service/lib/examples_rclpy_minimal_service
[6.651s] Installing service_member_function script to /home/orin/ros2_ws/install/examples_rclpy_minimal_service/lib/examples_rclpy_minimal_service
[6.651s] writing list of installed files to '/home/orin/ros2_ws/build/examples_rclpy_minimal_service/install.log'
[6.911s] Invoked command in '/home/orin/ros2_ws/src/examples/rclpy/services/minimal_service' returned '0': PYTHONPATH=/home/orin/ros2_ws/build/examples_rclpy_minimal_service/prefix_override:/usr/lib/python3/dist-packages/colcon_core/task/python/colcon_distutils_commands:/home/orin/ros2_ws/install/examples_rclpy_minimal_service/lib/python3.10/site-packages:${PYTHONPATH} /usr/bin/python3 -W ignore:setup.py install is deprecated -W ignore:easy_install command is deprecated setup.py egg_info --egg-base ../../../../../build/examples_rclpy_minimal_service build --build-base /home/orin/ros2_ws/build/examples_rclpy_minimal_service/build install --record /home/orin/ros2_ws/build/examples_rclpy_minimal_service/install.log --single-version-externally-managed install_data
