[0.097s] Invoking command in '/home/orin/ros2_ws/build/depthai_bridge': AMENT_PREFIX_PATH=/home/orin/ros2_ws/install/depthai_ros_msgs:${AMENT_PREFIX_PATH} CMAKE_PREFIX_PATH=/home/orin/ros2_ws/install/depthai_ros_msgs:/opt/ros/humble LD_LIBRARY_PATH=/home/orin/ros2_ws/install/depthai_ros_msgs/lib:${LD_LIBRARY_PATH} PYTHONPATH=/home/orin/ros2_ws/install/depthai_ros_msgs/local/lib/python3.10/dist-packages:${PYTHONPATH} /usr/bin/cmake --build /home/orin/ros2_ws/build/depthai_bridge -- -j6 -l6
[1.008s] -- ------------------------------------------
[1.009s] -- Depthai Bridge is being built using AMENT.
[1.009s] -- ------------------------------------------
[1.009s] -- Found ament_index_cpp: 1.4.0 (/opt/ros/humble/share/ament_index_cpp/cmake)
[1.009s] -- Found camera_info_manager: 3.1.10 (/opt/ros/humble/share/camera_info_manager/cmake)
[1.041s] -- Override CMake install command with custom implementation using symlinks instead of copying resources
[1.132s] -- Found rosidl_generator_c: 3.1.6 (/opt/ros/humble/share/rosidl_generator_c/cmake)
[1.140s] -- Found rosidl_adapter: 3.1.6 (/opt/ros/humble/share/rosidl_adapter/cmake)
[1.149s] -- Found rosidl_generator_cpp: 3.1.6 (/opt/ros/humble/share/rosidl_generator_cpp/cmake)
[1.172s] -- Using all available rosidl_typesupport_c: rosidl_typesupport_fastrtps_c;rosidl_typesupport_introspection_c
[1.201s] -- Using all available rosidl_typesupport_cpp: rosidl_typesupport_fastrtps_cpp;rosidl_typesupport_introspection_cpp
[1.268s] -- Found rmw_implementation_cmake: 6.1.2 (/opt/ros/humble/share/rmw_implementation_cmake/cmake)
[1.270s] -- Found rmw_fastrtps_cpp: 6.2.7 (/opt/ros/humble/share/rmw_fastrtps_cpp/cmake)
[1.576s] -- Using RMW implementation 'rmw_fastrtps_cpp' as default
[1.777s] -- Found cv_bridge: 3.2.1 (/opt/ros/humble/share/cv_bridge/cmake)
[1.785s] -- Found depthai_ros_msgs: 2.11.0 (/home/orin/ros2_ws/install/depthai_ros_msgs/share/depthai_ros_msgs/cmake)
[1.912s] -- Found image_transport: 3.1.10 (/opt/ros/humble/share/image_transport/cmake)
[1.976s] -- Found stereo_msgs: 4.2.4 (/opt/ros/humble/share/stereo_msgs/cmake)
[2.036s] -- Found tf2_ros: 0.25.12 (/opt/ros/humble/share/tf2_ros/cmake)
[2.294s] -- Found tf2_geometry_msgs: 0.25.12 (/opt/ros/humble/share/tf2_geometry_msgs/cmake)
[2.314s] -- Found eigen3_cmake_module: 0.1.1 (/opt/ros/humble/share/eigen3_cmake_module/cmake)
[2.318s] -- Ensuring Eigen3 include directory is part of orocos-kdl CMake target
[2.323s] -- Found ffmpeg_image_transport_msgs: 1.1.2 (/opt/ros/humble/share/ffmpeg_image_transport_msgs/cmake)
[2.372s] -- --------------------------humble ---
[2.373s] -- humble
[2.696s] -- Configuring done
[2.808s] -- Generating done
[2.819s] -- Build files have been written to: /home/orin/ros2_ws/build/depthai_bridge
[2.933s] [35m[1mConsolidate compiler generated dependencies of target depthai_bridge[0m
[3.044s] [ 10%] [32mBuilding CXX object CMakeFiles/depthai_bridge.dir/src/DisparityConverter.cpp.o[0m
[14.707s] [ 20%] [32mBuilding CXX object CMakeFiles/depthai_bridge.dir/src/TFPublisher.cpp.o[0m
[32.320s] [ 30%] [32mBuilding CXX object CMakeFiles/depthai_bridge.dir/src/TrackDetectionConverter.cpp.o[0m
[62.572s] [ 40%] [32mBuilding CXX object CMakeFiles/depthai_bridge.dir/src/TrackSpatialDetectionConverter.cpp.o[0m
[91.397s] [ 50%] [32mBuilding CXX object CMakeFiles/depthai_bridge.dir/src/TrackedFeaturesConverter.cpp.o[0m
[103.593s] [ 60%] [32mBuilding CXX object CMakeFiles/depthai_bridge.dir/src/SpatialDetectionConverter.cpp.o[0m
[114.934s] [ 70%] [32mBuilding CXX object CMakeFiles/depthai_bridge.dir/src/ImuConverter.cpp.o[0m
[125.979s] [ 80%] [32mBuilding CXX object CMakeFiles/depthai_bridge.dir/src/ImgDetectionConverter.cpp.o[0m
[137.201s] [ 90%] [32mBuilding CXX object CMakeFiles/depthai_bridge.dir/src/ImageConverter.cpp.o[0m
[152.174s] [100%] [32m[1mLinking CXX shared library libdepthai_bridge.so[0m
[154.056s] [100%] Built target depthai_bridge
[154.095s] Invoked command in '/home/orin/ros2_ws/build/depthai_bridge' returned '0': AMENT_PREFIX_PATH=/home/orin/ros2_ws/install/depthai_ros_msgs:${AMENT_PREFIX_PATH} CMAKE_PREFIX_PATH=/home/orin/ros2_ws/install/depthai_ros_msgs:/opt/ros/humble LD_LIBRARY_PATH=/home/orin/ros2_ws/install/depthai_ros_msgs/lib:${LD_LIBRARY_PATH} PYTHONPATH=/home/orin/ros2_ws/install/depthai_ros_msgs/local/lib/python3.10/dist-packages:${PYTHONPATH} /usr/bin/cmake --build /home/orin/ros2_ws/build/depthai_bridge -- -j6 -l6
[154.249s] Invoking command in '/home/orin/ros2_ws/build/depthai_bridge': AMENT_PREFIX_PATH=/home/orin/ros2_ws/install/depthai_ros_msgs:${AMENT_PREFIX_PATH} CMAKE_PREFIX_PATH=/home/orin/ros2_ws/install/depthai_ros_msgs:/opt/ros/humble LD_LIBRARY_PATH=/home/orin/ros2_ws/install/depthai_ros_msgs/lib:${LD_LIBRARY_PATH} PYTHONPATH=/home/orin/ros2_ws/install/depthai_ros_msgs/local/lib/python3.10/dist-packages:${PYTHONPATH} /usr/bin/cmake --install /home/orin/ros2_ws/build/depthai_bridge
[155.528s] -- Install configuration: ""
[155.529s] -- Execute custom install script
[155.529s] -- Up-to-date symlink: /home/orin/ros2_ws/install/depthai_bridge/share/depthai_bridge/environment/library_path.sh
[155.529s] -- Up-to-date symlink: /home/orin/ros2_ws/install/depthai_bridge/share/depthai_bridge/environment/library_path.dsv
[155.529s] -- Up-to-date symlink: /home/orin/ros2_ws/install/depthai_bridge/include//depthai_bridge/BridgePublisher.hpp
[155.529s] -- Up-to-date symlink: /home/orin/ros2_ws/install/depthai_bridge/include//depthai_bridge/DisparityConverter.hpp
[155.529s] -- Up-to-date symlink: /home/orin/ros2_ws/install/depthai_bridge/include//depthai_bridge/ImageConverter.hpp
[155.529s] -- Up-to-date symlink: /home/orin/ros2_ws/install/depthai_bridge/include//depthai_bridge/ImgDetectionConverter.hpp
[155.529s] -- Up-to-date symlink: /home/orin/ros2_ws/install/depthai_bridge/include//depthai_bridge/ImuConverter.hpp
[155.530s] -- Up-to-date symlink: /home/orin/ros2_ws/install/depthai_bridge/include//depthai_bridge/SpatialDetectionConverter.hpp
[155.530s] -- Up-to-date symlink: /home/orin/ros2_ws/install/depthai_bridge/include//depthai_bridge/TFPublisher.hpp
[155.530s] -- Up-to-date symlink: /home/orin/ros2_ws/install/depthai_bridge/include//depthai_bridge/TrackDetectionConverter.hpp
[155.530s] -- Up-to-date symlink: /home/orin/ros2_ws/install/depthai_bridge/include//depthai_bridge/TrackSpatialDetectionConverter.hpp
[155.530s] -- Up-to-date symlink: /home/orin/ros2_ws/install/depthai_bridge/include//depthai_bridge/TrackedFeaturesConverter.hpp
[155.530s] -- Up-to-date symlink: /home/orin/ros2_ws/install/depthai_bridge/include//depthai_bridge/depthaiUtility.hpp
[155.530s] -- Up-to-date symlink: /home/orin/ros2_ws/install/depthai_bridge/share/depthai_bridge/rviz/pointCloud.rviz
[155.530s] -- Up-to-date symlink: /home/orin/ros2_ws/install/depthai_bridge/share/ament_index/resource_index/package_run_dependencies/depthai_bridge
[155.531s] -- Up-to-date symlink: /home/orin/ros2_ws/install/depthai_bridge/share/ament_index/resource_index/parent_prefix_path/depthai_bridge
[155.531s] -- Up-to-date symlink: /home/orin/ros2_ws/install/depthai_bridge/share/depthai_bridge/environment/ament_prefix_path.sh
[155.531s] -- Up-to-date symlink: /home/orin/ros2_ws/install/depthai_bridge/share/depthai_bridge/environment/ament_prefix_path.dsv
[155.531s] -- Up-to-date symlink: /home/orin/ros2_ws/install/depthai_bridge/share/depthai_bridge/environment/path.sh
[155.531s] -- Up-to-date symlink: /home/orin/ros2_ws/install/depthai_bridge/share/depthai_bridge/environment/path.dsv
[155.531s] -- Up-to-date symlink: /home/orin/ros2_ws/install/depthai_bridge/share/depthai_bridge/local_setup.bash
[155.531s] -- Up-to-date symlink: /home/orin/ros2_ws/install/depthai_bridge/share/depthai_bridge/local_setup.sh
[155.531s] -- Up-to-date symlink: /home/orin/ros2_ws/install/depthai_bridge/share/depthai_bridge/local_setup.zsh
[155.531s] -- Up-to-date symlink: /home/orin/ros2_ws/install/depthai_bridge/share/depthai_bridge/local_setup.dsv
[155.532s] -- Symlinking: /home/orin/ros2_ws/install/depthai_bridge/share/depthai_bridge/package.dsv
[155.532s] -- Up-to-date symlink: /home/orin/ros2_ws/install/depthai_bridge/share/ament_index/resource_index/packages/depthai_bridge
[155.532s] -- Up-to-date symlink: /home/orin/ros2_ws/install/depthai_bridge/share/depthai_bridge/cmake/ament_cmake_export_targets-extras.cmake
[155.532s] -- Up-to-date symlink: /home/orin/ros2_ws/install/depthai_bridge/share/depthai_bridge/cmake/ament_cmake_export_include_directories-extras.cmake
[155.532s] -- Up-to-date symlink: /home/orin/ros2_ws/install/depthai_bridge/share/depthai_bridge/cmake/ament_cmake_export_libraries-extras.cmake
[155.532s] -- Up-to-date symlink: /home/orin/ros2_ws/install/depthai_bridge/share/depthai_bridge/cmake/ament_cmake_export_dependencies-extras.cmake
[155.532s] -- Up-to-date symlink: /home/orin/ros2_ws/install/depthai_bridge/share/depthai_bridge/cmake/depthai_bridgeConfig.cmake
[155.533s] -- Up-to-date symlink: /home/orin/ros2_ws/install/depthai_bridge/share/depthai_bridge/cmake/depthai_bridgeConfig-version.cmake
[155.533s] -- Up-to-date symlink: /home/orin/ros2_ws/install/depthai_bridge/share/depthai_bridge/package.xml
[155.533s] -- Installing: /home/orin/ros2_ws/install/depthai_bridge/lib/libdepthai_bridge.so
[155.533s] -- Set runtime path of "/home/orin/ros2_ws/install/depthai_bridge/lib/libdepthai_bridge.so" to ""
[155.533s] -- Old export file "/home/orin/ros2_ws/install/depthai_bridge/share/depthai_bridge/cmake/depthai_bridgeTargets.cmake" will be replaced.  Removing files [/home/orin/ros2_ws/install/depthai_bridge/share/depthai_bridge/cmake/depthai_bridgeTargets-noconfig.cmake].
[155.533s] -- Installing: /home/orin/ros2_ws/install/depthai_bridge/share/depthai_bridge/cmake/depthai_bridgeTargets.cmake
[155.533s] -- Installing: /home/orin/ros2_ws/install/depthai_bridge/share/depthai_bridge/cmake/depthai_bridgeTargets-noconfig.cmake
[155.533s] -- Old export file "/home/orin/ros2_ws/install/depthai_bridge/share/depthai_bridge/cmake/depthai_bridgeTargetsExport.cmake" will be replaced.  Removing files [/home/orin/ros2_ws/install/depthai_bridge/share/depthai_bridge/cmake/depthai_bridgeTargetsExport-noconfig.cmake].
[155.534s] -- Installing: /home/orin/ros2_ws/install/depthai_bridge/share/depthai_bridge/cmake/depthai_bridgeTargetsExport.cmake
[155.534s] -- Installing: /home/orin/ros2_ws/install/depthai_bridge/share/depthai_bridge/cmake/depthai_bridgeTargetsExport-noconfig.cmake
[155.539s] Invoked command in '/home/orin/ros2_ws/build/depthai_bridge' returned '0': AMENT_PREFIX_PATH=/home/orin/ros2_ws/install/depthai_ros_msgs:${AMENT_PREFIX_PATH} CMAKE_PREFIX_PATH=/home/orin/ros2_ws/install/depthai_ros_msgs:/opt/ros/humble LD_LIBRARY_PATH=/home/orin/ros2_ws/install/depthai_ros_msgs/lib:${LD_LIBRARY_PATH} PYTHONPATH=/home/orin/ros2_ws/install/depthai_ros_msgs/local/lib/python3.10/dist-packages:${PYTHONPATH} /usr/bin/cmake --install /home/orin/ros2_ws/build/depthai_bridge
