[0.045s] Invoking command in '/home/orin/ros2_ws/build/ros2_control_demo_example_6': AMENT_PREFIX_PATH=/home/orin/ros2_ws/install/ros2_control_demo_testing:/home/orin/ros2_ws/install/wheel_encoder_odometry:/home/orin/ros2_ws/install/sllidar_ros2:/home/orin/ros2_ws/install/ros2_control_demo_example_5:/home/orin/ros2_ws/install/ros2_control_demo_description:/home/orin/ros2_ws/install/my_bot_imu:/home/orin/ros2_ws/install/my_bot_description:/home/orin/ros2_ws/install/mobile_robot_description:/home/orin/ros2_ws/install/image_geometry:/home/orin/ros2_ws/install/gazebo_dev:/home/orin/ros2_ws/install/depthai-ros:/home/orin/ros2_ws/install/depthai_examples:/home/orin/ros2_ws/install/depthai_ros_msgs:/home/orin/ros2_ws/install/depthai_descriptions:/home/orin/ros2_ws/install/cv_bridge:/home/orin/ros2_ws/install/arduino_odometry:/opt/ros/humble CMAKE_PREFIX_PATH=/home/orin/ros2_ws/install/ros2_control_demo_description:/home/orin/ros2_ws/install/sllidar_ros2:/home/orin/ros2_ws/install/ros2_control_demo_example_5:/home/orin/ros2_ws/install/my_bot_imu:/home/orin/ros2_ws/install/my_bot_description:/home/orin/ros2_ws/install/wheel_encoder_odometry:/home/orin/ros2_ws/install/ros2_control_demo_testing:/home/orin/ros2_ws/install/arduino_odometry:/opt/ros/humble:/home/orin/ros2_ws/install/mobile_robot_description:/home/orin/ros2_ws/install/image_geometry:/home/orin/ros2_ws/install/gazebo_dev:/home/orin/ros2_ws/install/depthai-ros:/home/orin/ros2_ws/install/depthai_examples:/home/orin/ros2_ws/install/depthai_ros_msgs:/home/orin/ros2_ws/install/depthai_descriptions:/home/orin/ros2_ws/install/cv_bridge PYTHONPATH=/home/orin/ros2_ws/install/ros2_control_demo_testing/lib/python3.10/site-packages:/home/orin/ros2_ws/install/wheel_encoder_odometry/lib/python3.10/site-packages:/home/orin/ros2_ws/build/ros2_control_demo_testing:/home/orin/ros2_ws/install/image_geometry/local/lib/python3.10/dist-packages:/home/orin/ros2_ws/install/depthai_ros_msgs/local/lib/python3.10/dist-packages:/home/orin/ros2_ws/install/cv_bridge/local/lib/python3.10/dist-packages:/home/orin/ros2_ws/install/arduino_odometry/lib/python3.10/site-packages:/opt/ros/humble/lib/python3.10/site-packages:/opt/ros/humble/local/lib/python3.10/dist-packages /usr/bin/cmake /home/orin/ros2_ws/src/ros2_control_demos/example_6 -DCMAKE_INSTALL_PREFIX=/home/orin/ros2_ws/install/ros2_control_demo_example_6
[4.293s] -- The CXX compiler identification is GNU 11.4.0
[4.294s] -- Detecting CXX compiler ABI info
[4.294s] -- Detecting CXX compiler ABI info - done
[4.294s] -- Check for working CXX compiler: /usr/bin/c++ - skipped
[4.295s] -- Detecting CXX compile features
[4.295s] -- Detecting CXX compile features - done
[4.295s] -- Found ament_cmake: 1.3.10 (/opt/ros/humble/share/ament_cmake/cmake)
[4.295s] -- Found Python3: /usr/bin/python3 (found version "3.10.12") found components: Interpreter 
[4.295s] -- Found hardware_interface: 2.43.1 (/opt/ros/humble/share/hardware_interface/cmake)
[4.295s] -- Found rosidl_generator_c: 3.1.5 (/opt/ros/humble/share/rosidl_generator_c/cmake)
[4.295s] -- Found rosidl_adapter: 3.1.5 (/opt/ros/humble/share/rosidl_adapter/cmake)
[4.296s] -- Found rosidl_generator_cpp: 3.1.5 (/opt/ros/humble/share/rosidl_generator_cpp/cmake)
[4.298s] -- Using all available rosidl_typesupport_c: rosidl_typesupport_fastrtps_c;rosidl_typesupport_introspection_c
[4.298s] -- Using all available rosidl_typesupport_cpp: rosidl_typesupport_fastrtps_cpp;rosidl_typesupport_introspection_cpp
[4.298s] -- Found rmw_implementation_cmake: 6.1.2 (/opt/ros/humble/share/rmw_implementation_cmake/cmake)
[4.298s] -- Found rmw_fastrtps_cpp: 6.2.7 (/opt/ros/humble/share/rmw_fastrtps_cpp/cmake)
[4.298s] -- Found TinyXML2 via Config file: TinyXML2_DIR-NOTFOUND
[4.298s] -- Found OpenSSL: /usr/lib/aarch64-linux-gnu/libcrypto.so (found version "3.0.2")  
[4.299s] -- Found TinyXML2 via Config file: TinyXML2_DIR-NOTFOUND
[4.299s] -- Found FastRTPS: /opt/ros/humble/include  
[4.299s] -- Found TinyXML2 via Config file: TinyXML2_DIR-NOTFOUND
[4.299s] -- Found TinyXML2 via Config file: TinyXML2_DIR-NOTFOUND
[4.299s] -- Using RMW implementation 'rmw_fastrtps_cpp' as default
[4.299s] -- Looking for C++ include pthread.h
[4.300s] -- Looking for C++ include pthread.h - found
[4.300s] -- Performing Test CMAKE_HAVE_LIBC_PTHREAD
[4.484s] -- Performing Test CMAKE_HAVE_LIBC_PTHREAD - Success
[4.492s] -- Found Threads: TRUE  
[4.676s] -- Found ament_cmake_pytest: 1.3.10 (/opt/ros/humble/share/ament_cmake_pytest/cmake)
[9.176s] -- Configuring done
[9.237s] -- Generating done
[9.248s] -- Build files have been written to: /home/orin/ros2_ws/build/ros2_control_demo_example_6
[9.297s] Invoked command in '/home/orin/ros2_ws/build/ros2_control_demo_example_6' returned '0': AMENT_PREFIX_PATH=/home/orin/ros2_ws/install/ros2_control_demo_testing:/home/orin/ros2_ws/install/wheel_encoder_odometry:/home/orin/ros2_ws/install/sllidar_ros2:/home/orin/ros2_ws/install/ros2_control_demo_example_5:/home/orin/ros2_ws/install/ros2_control_demo_description:/home/orin/ros2_ws/install/my_bot_imu:/home/orin/ros2_ws/install/my_bot_description:/home/orin/ros2_ws/install/mobile_robot_description:/home/orin/ros2_ws/install/image_geometry:/home/orin/ros2_ws/install/gazebo_dev:/home/orin/ros2_ws/install/depthai-ros:/home/orin/ros2_ws/install/depthai_examples:/home/orin/ros2_ws/install/depthai_ros_msgs:/home/orin/ros2_ws/install/depthai_descriptions:/home/orin/ros2_ws/install/cv_bridge:/home/orin/ros2_ws/install/arduino_odometry:/opt/ros/humble CMAKE_PREFIX_PATH=/home/orin/ros2_ws/install/ros2_control_demo_description:/home/orin/ros2_ws/install/sllidar_ros2:/home/orin/ros2_ws/install/ros2_control_demo_example_5:/home/orin/ros2_ws/install/my_bot_imu:/home/orin/ros2_ws/install/my_bot_description:/home/orin/ros2_ws/install/wheel_encoder_odometry:/home/orin/ros2_ws/install/ros2_control_demo_testing:/home/orin/ros2_ws/install/arduino_odometry:/opt/ros/humble:/home/orin/ros2_ws/install/mobile_robot_description:/home/orin/ros2_ws/install/image_geometry:/home/orin/ros2_ws/install/gazebo_dev:/home/orin/ros2_ws/install/depthai-ros:/home/orin/ros2_ws/install/depthai_examples:/home/orin/ros2_ws/install/depthai_ros_msgs:/home/orin/ros2_ws/install/depthai_descriptions:/home/orin/ros2_ws/install/cv_bridge PYTHONPATH=/home/orin/ros2_ws/install/ros2_control_demo_testing/lib/python3.10/site-packages:/home/orin/ros2_ws/install/wheel_encoder_odometry/lib/python3.10/site-packages:/home/orin/ros2_ws/build/ros2_control_demo_testing:/home/orin/ros2_ws/install/image_geometry/local/lib/python3.10/dist-packages:/home/orin/ros2_ws/install/depthai_ros_msgs/local/lib/python3.10/dist-packages:/home/orin/ros2_ws/install/cv_bridge/local/lib/python3.10/dist-packages:/home/orin/ros2_ws/install/arduino_odometry/lib/python3.10/site-packages:/opt/ros/humble/lib/python3.10/site-packages:/opt/ros/humble/local/lib/python3.10/dist-packages /usr/bin/cmake /home/orin/ros2_ws/src/ros2_control_demos/example_6 -DCMAKE_INSTALL_PREFIX=/home/orin/ros2_ws/install/ros2_control_demo_example_6
[9.301s] Invoking command in '/home/orin/ros2_ws/build/ros2_control_demo_example_6': AMENT_PREFIX_PATH=/home/orin/ros2_ws/install/ros2_control_demo_testing:/home/orin/ros2_ws/install/wheel_encoder_odometry:/home/orin/ros2_ws/install/sllidar_ros2:/home/orin/ros2_ws/install/ros2_control_demo_example_5:/home/orin/ros2_ws/install/ros2_control_demo_description:/home/orin/ros2_ws/install/my_bot_imu:/home/orin/ros2_ws/install/my_bot_description:/home/orin/ros2_ws/install/mobile_robot_description:/home/orin/ros2_ws/install/image_geometry:/home/orin/ros2_ws/install/gazebo_dev:/home/orin/ros2_ws/install/depthai-ros:/home/orin/ros2_ws/install/depthai_examples:/home/orin/ros2_ws/install/depthai_ros_msgs:/home/orin/ros2_ws/install/depthai_descriptions:/home/orin/ros2_ws/install/cv_bridge:/home/orin/ros2_ws/install/arduino_odometry:/opt/ros/humble CMAKE_PREFIX_PATH=/home/orin/ros2_ws/install/ros2_control_demo_description:/home/orin/ros2_ws/install/sllidar_ros2:/home/orin/ros2_ws/install/ros2_control_demo_example_5:/home/orin/ros2_ws/install/my_bot_imu:/home/orin/ros2_ws/install/my_bot_description:/home/orin/ros2_ws/install/wheel_encoder_odometry:/home/orin/ros2_ws/install/ros2_control_demo_testing:/home/orin/ros2_ws/install/arduino_odometry:/opt/ros/humble:/home/orin/ros2_ws/install/mobile_robot_description:/home/orin/ros2_ws/install/image_geometry:/home/orin/ros2_ws/install/gazebo_dev:/home/orin/ros2_ws/install/depthai-ros:/home/orin/ros2_ws/install/depthai_examples:/home/orin/ros2_ws/install/depthai_ros_msgs:/home/orin/ros2_ws/install/depthai_descriptions:/home/orin/ros2_ws/install/cv_bridge PYTHONPATH=/home/orin/ros2_ws/install/ros2_control_demo_testing/lib/python3.10/site-packages:/home/orin/ros2_ws/install/wheel_encoder_odometry/lib/python3.10/site-packages:/home/orin/ros2_ws/build/ros2_control_demo_testing:/home/orin/ros2_ws/install/image_geometry/local/lib/python3.10/dist-packages:/home/orin/ros2_ws/install/depthai_ros_msgs/local/lib/python3.10/dist-packages:/home/orin/ros2_ws/install/cv_bridge/local/lib/python3.10/dist-packages:/home/orin/ros2_ws/install/arduino_odometry/lib/python3.10/site-packages:/opt/ros/humble/lib/python3.10/site-packages:/opt/ros/humble/local/lib/python3.10/dist-packages /usr/bin/cmake --build /home/orin/ros2_ws/build/ros2_control_demo_example_6 -- -j6 -l6
[9.423s] [ 50%] [32mBuilding CXX object CMakeFiles/ros2_control_demo_example_6.dir/hardware/rrbot_actuator.cpp.o[0m
[18.616s] [100%] [32m[1mLinking CXX shared library libros2_control_demo_example_6.so[0m
[19.144s] [100%] Built target ros2_control_demo_example_6
[19.205s] Invoked command in '/home/orin/ros2_ws/build/ros2_control_demo_example_6' returned '0': AMENT_PREFIX_PATH=/home/orin/ros2_ws/install/ros2_control_demo_testing:/home/orin/ros2_ws/install/wheel_encoder_odometry:/home/orin/ros2_ws/install/sllidar_ros2:/home/orin/ros2_ws/install/ros2_control_demo_example_5:/home/orin/ros2_ws/install/ros2_control_demo_description:/home/orin/ros2_ws/install/my_bot_imu:/home/orin/ros2_ws/install/my_bot_description:/home/orin/ros2_ws/install/mobile_robot_description:/home/orin/ros2_ws/install/image_geometry:/home/orin/ros2_ws/install/gazebo_dev:/home/orin/ros2_ws/install/depthai-ros:/home/orin/ros2_ws/install/depthai_examples:/home/orin/ros2_ws/install/depthai_ros_msgs:/home/orin/ros2_ws/install/depthai_descriptions:/home/orin/ros2_ws/install/cv_bridge:/home/orin/ros2_ws/install/arduino_odometry:/opt/ros/humble CMAKE_PREFIX_PATH=/home/orin/ros2_ws/install/ros2_control_demo_description:/home/orin/ros2_ws/install/sllidar_ros2:/home/orin/ros2_ws/install/ros2_control_demo_example_5:/home/orin/ros2_ws/install/my_bot_imu:/home/orin/ros2_ws/install/my_bot_description:/home/orin/ros2_ws/install/wheel_encoder_odometry:/home/orin/ros2_ws/install/ros2_control_demo_testing:/home/orin/ros2_ws/install/arduino_odometry:/opt/ros/humble:/home/orin/ros2_ws/install/mobile_robot_description:/home/orin/ros2_ws/install/image_geometry:/home/orin/ros2_ws/install/gazebo_dev:/home/orin/ros2_ws/install/depthai-ros:/home/orin/ros2_ws/install/depthai_examples:/home/orin/ros2_ws/install/depthai_ros_msgs:/home/orin/ros2_ws/install/depthai_descriptions:/home/orin/ros2_ws/install/cv_bridge PYTHONPATH=/home/orin/ros2_ws/install/ros2_control_demo_testing/lib/python3.10/site-packages:/home/orin/ros2_ws/install/wheel_encoder_odometry/lib/python3.10/site-packages:/home/orin/ros2_ws/build/ros2_control_demo_testing:/home/orin/ros2_ws/install/image_geometry/local/lib/python3.10/dist-packages:/home/orin/ros2_ws/install/depthai_ros_msgs/local/lib/python3.10/dist-packages:/home/orin/ros2_ws/install/cv_bridge/local/lib/python3.10/dist-packages:/home/orin/ros2_ws/install/arduino_odometry/lib/python3.10/site-packages:/opt/ros/humble/lib/python3.10/site-packages:/opt/ros/humble/local/lib/python3.10/dist-packages /usr/bin/cmake --build /home/orin/ros2_ws/build/ros2_control_demo_example_6 -- -j6 -l6
[19.265s] Invoking command in '/home/orin/ros2_ws/build/ros2_control_demo_example_6': AMENT_PREFIX_PATH=/home/orin/ros2_ws/install/ros2_control_demo_testing:/home/orin/ros2_ws/install/wheel_encoder_odometry:/home/orin/ros2_ws/install/sllidar_ros2:/home/orin/ros2_ws/install/ros2_control_demo_example_5:/home/orin/ros2_ws/install/ros2_control_demo_description:/home/orin/ros2_ws/install/my_bot_imu:/home/orin/ros2_ws/install/my_bot_description:/home/orin/ros2_ws/install/mobile_robot_description:/home/orin/ros2_ws/install/image_geometry:/home/orin/ros2_ws/install/gazebo_dev:/home/orin/ros2_ws/install/depthai-ros:/home/orin/ros2_ws/install/depthai_examples:/home/orin/ros2_ws/install/depthai_ros_msgs:/home/orin/ros2_ws/install/depthai_descriptions:/home/orin/ros2_ws/install/cv_bridge:/home/orin/ros2_ws/install/arduino_odometry:/opt/ros/humble CMAKE_PREFIX_PATH=/home/orin/ros2_ws/install/ros2_control_demo_description:/home/orin/ros2_ws/install/sllidar_ros2:/home/orin/ros2_ws/install/ros2_control_demo_example_5:/home/orin/ros2_ws/install/my_bot_imu:/home/orin/ros2_ws/install/my_bot_description:/home/orin/ros2_ws/install/wheel_encoder_odometry:/home/orin/ros2_ws/install/ros2_control_demo_testing:/home/orin/ros2_ws/install/arduino_odometry:/opt/ros/humble:/home/orin/ros2_ws/install/mobile_robot_description:/home/orin/ros2_ws/install/image_geometry:/home/orin/ros2_ws/install/gazebo_dev:/home/orin/ros2_ws/install/depthai-ros:/home/orin/ros2_ws/install/depthai_examples:/home/orin/ros2_ws/install/depthai_ros_msgs:/home/orin/ros2_ws/install/depthai_descriptions:/home/orin/ros2_ws/install/cv_bridge PYTHONPATH=/home/orin/ros2_ws/install/ros2_control_demo_testing/lib/python3.10/site-packages:/home/orin/ros2_ws/install/wheel_encoder_odometry/lib/python3.10/site-packages:/home/orin/ros2_ws/build/ros2_control_demo_testing:/home/orin/ros2_ws/install/image_geometry/local/lib/python3.10/dist-packages:/home/orin/ros2_ws/install/depthai_ros_msgs/local/lib/python3.10/dist-packages:/home/orin/ros2_ws/install/cv_bridge/local/lib/python3.10/dist-packages:/home/orin/ros2_ws/install/arduino_odometry/lib/python3.10/site-packages:/opt/ros/humble/lib/python3.10/site-packages:/opt/ros/humble/local/lib/python3.10/dist-packages /usr/bin/cmake --install /home/orin/ros2_ws/build/ros2_control_demo_example_6
[19.891s] -- Install configuration: ""
[19.891s] -- Installing: /home/orin/ros2_ws/install/ros2_control_demo_example_6/share/ros2_control_demo_example_6/ros2_control_demo_example_6.xml
[19.893s] -- Installing: /home/orin/ros2_ws/install/ros2_control_demo_example_6/include/ros2_control_demo_example_6
[19.894s] -- Installing: /home/orin/ros2_ws/install/ros2_control_demo_example_6/include/ros2_control_demo_example_6/ros2_control_demo_example_6
[19.894s] -- Installing: /home/orin/ros2_ws/install/ros2_control_demo_example_6/include/ros2_control_demo_example_6/ros2_control_demo_example_6/rrbot_actuator.hpp
[19.894s] -- Installing: /home/orin/ros2_ws/install/ros2_control_demo_example_6/share/ros2_control_demo_example_6/launch
[19.894s] -- Installing: /home/orin/ros2_ws/install/ros2_control_demo_example_6/share/ros2_control_demo_example_6/launch/view_robot.launch.py
[19.894s] -- Installing: /home/orin/ros2_ws/install/ros2_control_demo_example_6/share/ros2_control_demo_example_6/ros2_control
[19.894s] -- Installing: /home/orin/ros2_ws/install/ros2_control_demo_example_6/share/ros2_control_demo_example_6/ros2_control/rrbot_modular_actuators.ros2_control.xacro
[19.895s] -- Installing: /home/orin/ros2_ws/install/ros2_control_demo_example_6/share/ros2_control_demo_example_6/urdf
[19.895s] -- Installing: /home/orin/ros2_ws/install/ros2_control_demo_example_6/share/ros2_control_demo_example_6/urdf/rrbot_modular_actuators.urdf.xacro
[19.895s] -- Up-to-date: /home/orin/ros2_ws/install/ros2_control_demo_example_6/share/ros2_control_demo_example_6/launch
[19.895s] -- Installing: /home/orin/ros2_ws/install/ros2_control_demo_example_6/share/ros2_control_demo_example_6/launch/rrbot_modular_actuators.launch.py
[19.895s] -- Installing: /home/orin/ros2_ws/install/ros2_control_demo_example_6/share/ros2_control_demo_example_6/launch/test_forward_position_controller.launch.py
[19.895s] -- Installing: /home/orin/ros2_ws/install/ros2_control_demo_example_6/share/ros2_control_demo_example_6/config
[19.895s] -- Installing: /home/orin/ros2_ws/install/ros2_control_demo_example_6/share/ros2_control_demo_example_6/config/rrbot_modular_actuators.yaml
[19.896s] -- Installing: /home/orin/ros2_ws/install/ros2_control_demo_example_6/share/ros2_control_demo_example_6/config/rrbot_forward_position_publisher.yaml
[19.921s] -- Installing: /home/orin/ros2_ws/install/ros2_control_demo_example_6/lib/libros2_control_demo_example_6.so
[19.921s] -- Set runtime path of "/home/orin/ros2_ws/install/ros2_control_demo_example_6/lib/libros2_control_demo_example_6.so" to ""
[19.921s] -- Installing: /home/orin/ros2_ws/install/ros2_control_demo_example_6/share/ros2_control_demo_example_6/environment/library_path.sh
[19.922s] -- Installing: /home/orin/ros2_ws/install/ros2_control_demo_example_6/share/ros2_control_demo_example_6/environment/library_path.dsv
[19.922s] -- Installing: /home/orin/ros2_ws/install/ros2_control_demo_example_6/share/ament_index/resource_index/package_run_dependencies/ros2_control_demo_example_6
[19.922s] -- Installing: /home/orin/ros2_ws/install/ros2_control_demo_example_6/share/ament_index/resource_index/parent_prefix_path/ros2_control_demo_example_6
[19.922s] -- Installing: /home/orin/ros2_ws/install/ros2_control_demo_example_6/share/ros2_control_demo_example_6/environment/ament_prefix_path.sh
[19.922s] -- Installing: /home/orin/ros2_ws/install/ros2_control_demo_example_6/share/ros2_control_demo_example_6/environment/ament_prefix_path.dsv
[19.922s] -- Installing: /home/orin/ros2_ws/install/ros2_control_demo_example_6/share/ros2_control_demo_example_6/environment/path.sh
[19.923s] -- Installing: /home/orin/ros2_ws/install/ros2_control_demo_example_6/share/ros2_control_demo_example_6/environment/path.dsv
[19.923s] -- Installing: /home/orin/ros2_ws/install/ros2_control_demo_example_6/share/ros2_control_demo_example_6/local_setup.bash
[19.923s] -- Installing: /home/orin/ros2_ws/install/ros2_control_demo_example_6/share/ros2_control_demo_example_6/local_setup.sh
[19.923s] -- Installing: /home/orin/ros2_ws/install/ros2_control_demo_example_6/share/ros2_control_demo_example_6/local_setup.zsh
[19.923s] -- Installing: /home/orin/ros2_ws/install/ros2_control_demo_example_6/share/ros2_control_demo_example_6/local_setup.dsv
[19.923s] -- Installing: /home/orin/ros2_ws/install/ros2_control_demo_example_6/share/ros2_control_demo_example_6/package.dsv
[19.923s] -- Installing: /home/orin/ros2_ws/install/ros2_control_demo_example_6/share/ament_index/resource_index/packages/ros2_control_demo_example_6
[19.923s] -- Installing: /home/orin/ros2_ws/install/ros2_control_demo_example_6/share/ament_index/resource_index/hardware_interface__pluginlib__plugin/ros2_control_demo_example_6
[19.924s] -- Installing: /home/orin/ros2_ws/install/ros2_control_demo_example_6/share/ros2_control_demo_example_6/cmake/export_ros2_control_demo_example_6Export.cmake
[19.928s] -- Installing: /home/orin/ros2_ws/install/ros2_control_demo_example_6/share/ros2_control_demo_example_6/cmake/export_ros2_control_demo_example_6Export-noconfig.cmake
[19.929s] -- Installing: /home/orin/ros2_ws/install/ros2_control_demo_example_6/share/ros2_control_demo_example_6/cmake/ament_cmake_export_targets-extras.cmake
[19.929s] -- Installing: /home/orin/ros2_ws/install/ros2_control_demo_example_6/share/ros2_control_demo_example_6/cmake/ament_cmake_export_dependencies-extras.cmake
[19.929s] -- Installing: /home/orin/ros2_ws/install/ros2_control_demo_example_6/share/ros2_control_demo_example_6/cmake/ros2_control_demo_example_6Config.cmake
[19.929s] -- Installing: /home/orin/ros2_ws/install/ros2_control_demo_example_6/share/ros2_control_demo_example_6/cmake/ros2_control_demo_example_6Config-version.cmake
[19.929s] -- Installing: /home/orin/ros2_ws/install/ros2_control_demo_example_6/share/ros2_control_demo_example_6/package.xml
[19.932s] Invoked command in '/home/orin/ros2_ws/build/ros2_control_demo_example_6' returned '0': AMENT_PREFIX_PATH=/home/orin/ros2_ws/install/ros2_control_demo_testing:/home/orin/ros2_ws/install/wheel_encoder_odometry:/home/orin/ros2_ws/install/sllidar_ros2:/home/orin/ros2_ws/install/ros2_control_demo_example_5:/home/orin/ros2_ws/install/ros2_control_demo_description:/home/orin/ros2_ws/install/my_bot_imu:/home/orin/ros2_ws/install/my_bot_description:/home/orin/ros2_ws/install/mobile_robot_description:/home/orin/ros2_ws/install/image_geometry:/home/orin/ros2_ws/install/gazebo_dev:/home/orin/ros2_ws/install/depthai-ros:/home/orin/ros2_ws/install/depthai_examples:/home/orin/ros2_ws/install/depthai_ros_msgs:/home/orin/ros2_ws/install/depthai_descriptions:/home/orin/ros2_ws/install/cv_bridge:/home/orin/ros2_ws/install/arduino_odometry:/opt/ros/humble CMAKE_PREFIX_PATH=/home/orin/ros2_ws/install/ros2_control_demo_description:/home/orin/ros2_ws/install/sllidar_ros2:/home/orin/ros2_ws/install/ros2_control_demo_example_5:/home/orin/ros2_ws/install/my_bot_imu:/home/orin/ros2_ws/install/my_bot_description:/home/orin/ros2_ws/install/wheel_encoder_odometry:/home/orin/ros2_ws/install/ros2_control_demo_testing:/home/orin/ros2_ws/install/arduino_odometry:/opt/ros/humble:/home/orin/ros2_ws/install/mobile_robot_description:/home/orin/ros2_ws/install/image_geometry:/home/orin/ros2_ws/install/gazebo_dev:/home/orin/ros2_ws/install/depthai-ros:/home/orin/ros2_ws/install/depthai_examples:/home/orin/ros2_ws/install/depthai_ros_msgs:/home/orin/ros2_ws/install/depthai_descriptions:/home/orin/ros2_ws/install/cv_bridge PYTHONPATH=/home/orin/ros2_ws/install/ros2_control_demo_testing/lib/python3.10/site-packages:/home/orin/ros2_ws/install/wheel_encoder_odometry/lib/python3.10/site-packages:/home/orin/ros2_ws/build/ros2_control_demo_testing:/home/orin/ros2_ws/install/image_geometry/local/lib/python3.10/dist-packages:/home/orin/ros2_ws/install/depthai_ros_msgs/local/lib/python3.10/dist-packages:/home/orin/ros2_ws/install/cv_bridge/local/lib/python3.10/dist-packages:/home/orin/ros2_ws/install/arduino_odometry/lib/python3.10/site-packages:/opt/ros/humble/lib/python3.10/site-packages:/opt/ros/humble/local/lib/python3.10/dist-packages /usr/bin/cmake --install /home/orin/ros2_ws/build/ros2_control_demo_example_6
