-- Found hardware_interface: 2.43.1 (/opt/ros/humble/share/hardware_interface/cmake)
-- Found rosidl_generator_c: 3.1.5 (/opt/ros/humble/share/rosidl_generator_c/cmake)
-- Found rosidl_adapter: 3.1.5 (/opt/ros/humble/share/rosidl_adapter/cmake)
-- Found rosidl_generator_cpp: 3.1.5 (/opt/ros/humble/share/rosidl_generator_cpp/cmake)
-- Using all available rosidl_typesupport_c: rosidl_typesupport_fastrtps_c;rosidl_typesupport_introspection_c
-- Using all available rosidl_typesupport_cpp: rosidl_typesupport_fastrtps_cpp;rosidl_typesupport_introspection_cpp
-- Found rmw_implementation_cmake: 6.1.2 (/opt/ros/humble/share/rmw_implementation_cmake/cmake)
-- Found rmw_fastrtps_cpp: 6.2.7 (/opt/ros/humble/share/rmw_fastrtps_cpp/cmake)
-- Found TinyXML2 via Config file: TinyXML2_DIR-NOTFOUND
-- Found TinyXML2 via Config file: TinyXML2_DIR-NOTFOUND
-- Found TinyXML2 via Config file: TinyXML2_DIR-NOTFOUND
-- Found TinyXML2 via Config file: TinyXML2_DIR-NOTFOUND
-- Using RMW implementation 'rmw_fastrtps_cpp' as default
-- Found ament_lint_auto: 0.12.11 (/opt/ros/humble/share/ament_lint_auto/cmake)
-- Added test 'copyright' to check source files copyright and LICENSE
-- Added test 'cppcheck' to perform static code analysis on C / C++ code
-- Configured cppcheck include dirs: $<BUILD_INTERFACE:/home/orin/ros2_ws/src/my_bot_description/hardware/include>
-- Configured cppcheck exclude dirs and/or files: 
-- Added test 'cpplint' to check C / C++ code against the Google style
-- Configured cpplint exclude dirs and/or files: 
-- Added test 'flake8' to check Python code syntax and style conventions
-- Added test 'lint_cmake' to check CMake code style
-- Added test 'pep257' to check Python code against some of the docstring style conventions in PEP 257
-- Added test 'uncrustify' to check C / C++ code style
-- Configured uncrustify additional arguments: 
-- Added test 'xmllint' to check XML markup files
-- Configuring done
-- Generating done
-- Build files have been written to: /home/orin/ros2_ws/build/my_bot_description
[35m[1mConsolidate compiler generated dependencies of target my_bot_description[0m
[100%] Built target my_bot_description
-- Install configuration: ""
-- Up-to-date: /home/orin/ros2_ws/install/my_bot_description/share/my_bot_description/my_bot_ros2_control.xml
-- Up-to-date: /home/orin/ros2_ws/install/my_bot_description/share/my_bot_description/config
-- Up-to-date: /home/orin/ros2_ws/install/my_bot_description/share/my_bot_description/config/my_controllers.yaml
-- Up-to-date: /home/orin/ros2_ws/install/my_bot_description/share/my_bot_description/config/my_bot
-- Up-to-date: /home/orin/ros2_ws/install/my_bot_description/share/my_bot_description/config/my_bot/base.yaml
-- Up-to-date: /home/orin/ros2_ws/install/my_bot_description/share/my_bot_description/config/my_bot/motor.yaml
-- Up-to-date: /home/orin/ros2_ws/install/my_bot_description/share/my_bot_description/config/my_bot/front_wheel.yaml
-- Up-to-date: /home/orin/ros2_ws/install/my_bot_description/share/my_bot_description/config/my_bot/back_wheel.yaml
-- Up-to-date: /home/orin/ros2_ws/install/my_bot_description/share/my_bot_description/config/my_bot/wheel.yaml
-- Up-to-date: /home/orin/ros2_ws/install/my_bot_description/share/my_bot_description/config/my_bot/imu.yaml
-- Up-to-date: /home/orin/ros2_ws/install/my_bot_description/share/my_bot_description/config/my_bot/sensors.yaml
-- Up-to-date: /home/orin/ros2_ws/install/my_bot_description/share/my_bot_description/config/twist_mux.yaml
-- Up-to-date: /home/orin/ros2_ws/install/my_bot_description/share/my_bot_description/description
-- Up-to-date: /home/orin/ros2_ws/install/my_bot_description/share/my_bot_description/description/ros2_control
-- Up-to-date: /home/orin/ros2_ws/install/my_bot_description/share/my_bot_description/description/ros2_control/my_bot_ros2_control.xacro
-- Up-to-date: /home/orin/ros2_ws/install/my_bot_description/share/my_bot_description/description/ros2_control/ros2_control.xacro
-- Up-to-date: /home/orin/ros2_ws/install/my_bot_description/share/my_bot_description/description/robot.urdf.xacro
-- Up-to-date: /home/orin/ros2_ws/install/my_bot_description/share/my_bot_description/description/imu.xacro
-- Up-to-date: /home/orin/ros2_ws/install/my_bot_description/share/my_bot_description/description/my_bot.urdf.xacro
-- Up-to-date: /home/orin/ros2_ws/install/my_bot_description/share/my_bot_description/description/depth_camera.xacro
-- Up-to-date: /home/orin/ros2_ws/install/my_bot_description/share/my_bot_description/description/robot.urdf
-- Up-to-date: /home/orin/ros2_ws/install/my_bot_description/share/my_bot_description/description/meshes
-- Up-to-date: /home/orin/ros2_ws/install/my_bot_description/share/my_bot_description/description/meshes/components
-- Up-to-date: /home/orin/ros2_ws/install/my_bot_description/share/my_bot_description/description/meshes/components/wheel.stl
-- Up-to-date: /home/orin/ros2_ws/install/my_bot_description/share/my_bot_description/description/meshes/sensors
-- Up-to-date: /home/orin/ros2_ws/install/my_bot_description/share/my_bot_description/description/meshes/sensors/rplidar_main.stl
-- Up-to-date: /home/orin/ros2_ws/install/my_bot_description/share/my_bot_description/description/meshes/sensors/OAK-D-LITE.stl
-- Up-to-date: /home/orin/ros2_ws/install/my_bot_description/share/my_bot_description/description/meshes/my_bot
-- Up-to-date: /home/orin/ros2_ws/install/my_bot_description/share/my_bot_description/description/meshes/my_bot/wheel_rim.stl
-- Up-to-date: /home/orin/ros2_ws/install/my_bot_description/share/my_bot_description/description/meshes/my_bot/dead_plate.stl
-- Up-to-date: /home/orin/ros2_ws/install/my_bot_description/share/my_bot_description/description/meshes/my_bot/bottom_plate.stl
-- Up-to-date: /home/orin/ros2_ws/install/my_bot_description/share/my_bot_description/description/meshes/my_bot/bottom_plate_original.stl
-- Up-to-date: /home/orin/ros2_ws/install/my_bot_description/share/my_bot_description/description/meshes/my_bot/top_plate.stl
-- Up-to-date: /home/orin/ros2_ws/install/my_bot_description/share/my_bot_description/description/meshes/my_bot/wheel_tire.stl
-- Up-to-date: /home/orin/ros2_ws/install/my_bot_description/share/my_bot_description/description/meshes/my_bot/motor.stl
-- Up-to-date: /home/orin/ros2_ws/install/my_bot_description/share/my_bot_description/description/inertial_macros.xacro
-- Up-to-date: /home/orin/ros2_ws/install/my_bot_description/share/my_bot_description/description/robot_core.xacro
-- Up-to-date: /home/orin/ros2_ws/install/my_bot_description/share/my_bot_description/description/camera.xacro
-- Up-to-date: /home/orin/ros2_ws/install/my_bot_description/share/my_bot_description/description/lidar.xacro
-- Up-to-date: /home/orin/ros2_ws/install/my_bot_description/share/my_bot_description/ros2_control
-- Up-to-date: /home/orin/ros2_ws/install/my_bot_description/share/my_bot_description/ros2_control/my_bot_ros2_control.xacro
-- Up-to-date: /home/orin/ros2_ws/install/my_bot_description/share/my_bot_description/ros2_control/ros2_control.xacro
-- Up-to-date: /home/orin/ros2_ws/install/my_bot_description/share/my_bot_description/launch
-- Up-to-date: /home/orin/ros2_ws/install/my_bot_description/share/my_bot_description/launch/displaytest.launch.py
-- Installing: /home/orin/ros2_ws/install/my_bot_description/share/my_bot_description/launch/rsp.launch.py
-- Up-to-date: /home/orin/ros2_ws/install/my_bot_description/share/my_bot_description/launch/display.launch.py
-- Up-to-date: /home/orin/ros2_ws/install/my_bot_description/share/my_bot_description/worlds
-- Up-to-date: /home/orin/ros2_ws/install/my_bot_description/share/my_bot_description/worlds/empty.world
-- Up-to-date: /home/orin/ros2_ws/install/my_bot_description/share/my_bot_description/worlds/obstacles.world
-- Up-to-date: /home/orin/ros2_ws/install/my_bot_description/share/my_bot_description/hardware
-- Up-to-date: /home/orin/ros2_ws/install/my_bot_description/share/my_bot_description/hardware/diffbot_system.cpp
-- Up-to-date: /home/orin/ros2_ws/install/my_bot_description/share/my_bot_description/hardware/ROSArduinoBridge.ino
-- Up-to-date: /home/orin/ros2_ws/install/my_bot_description/share/my_bot_description/hardware/ROSArduinoBridge
-- Up-to-date: /home/orin/ros2_ws/install/my_bot_description/share/my_bot_description/hardware/ROSArduinoBridge/servos.ino
-- Up-to-date: /home/orin/ros2_ws/install/my_bot_description/share/my_bot_description/hardware/ROSArduinoBridge/encoder_driver.h
-- Up-to-date: /home/orin/ros2_ws/install/my_bot_description/share/my_bot_description/hardware/ROSArduinoBridge/sensors.h
-- Up-to-date: /home/orin/ros2_ws/install/my_bot_description/share/my_bot_description/hardware/ROSArduinoBridge/encoder_driver.ino
-- Up-to-date: /home/orin/ros2_ws/install/my_bot_description/share/my_bot_description/hardware/ROSArduinoBridge/commands.h
-- Up-to-date: /home/orin/ros2_ws/install/my_bot_description/share/my_bot_description/hardware/ROSArduinoBridge/ROSArduinoBridge.ino
-- Up-to-date: /home/orin/ros2_ws/install/my_bot_description/share/my_bot_description/hardware/ROSArduinoBridge/diff_controller.h
-- Up-to-date: /home/orin/ros2_ws/install/my_bot_description/share/my_bot_description/hardware/ROSArduinoBridge/motor_driver.ino
-- Up-to-date: /home/orin/ros2_ws/install/my_bot_description/share/my_bot_description/hardware/ROSArduinoBridge/motor_driver.h
-- Up-to-date: /home/orin/ros2_ws/install/my_bot_description/share/my_bot_description/hardware/ROSArduinoBridge/.encoder_driver.h.swp
-- Up-to-date: /home/orin/ros2_ws/install/my_bot_description/share/my_bot_description/hardware/ROSArduinoBridge/servos.h
-- Up-to-date: /home/orin/ros2_ws/install/my_bot_description/share/my_bot_description/hardware/include
-- Up-to-date: /home/orin/ros2_ws/install/my_bot_description/share/my_bot_description/hardware/include/my_bot_ros2_control
-- Up-to-date: /home/orin/ros2_ws/install/my_bot_description/share/my_bot_description/hardware/include/my_bot_ros2_control/diffbot_system.hpp
-- Up-to-date: /home/orin/ros2_ws/install/my_bot_description/share/my_bot_description/urdf
-- Up-to-date: /home/orin/ros2_ws/install/my_bot_description/share/my_bot_description/urdf/my_bot.urdf.xacro
-- Up-to-date: /home/orin/ros2_ws/install/my_bot_description/share/my_bot_description/urdf/include
-- Up-to-date: /home/orin/ros2_ws/install/my_bot_description/share/my_bot_description/urdf/include/addon_macro.urdf.xacro
-- Up-to-date: /home/orin/ros2_ws/install/my_bot_description/share/my_bot_description/urdf/include/common_macros.urdf.xacro
-- Up-to-date: /home/orin/ros2_ws/install/my_bot_description/share/my_bot_description/urdf/include/robot.gazebo.xacro
-- Up-to-date: /home/orin/ros2_ws/install/my_bot_description/share/my_bot_description/urdf/include/common_sensors.xacro
-- Up-to-date: /home/orin/ros2_ws/install/my_bot_description/share/my_bot_description/description
-- Up-to-date: /home/orin/ros2_ws/install/my_bot_description/share/my_bot_description/description/ros2_control
-- Up-to-date: /home/orin/ros2_ws/install/my_bot_description/share/my_bot_description/description/ros2_control/my_bot_ros2_control.xacro
-- Up-to-date: /home/orin/ros2_ws/install/my_bot_description/share/my_bot_description/description/ros2_control/ros2_control.xacro
-- Up-to-date: /home/orin/ros2_ws/install/my_bot_description/share/my_bot_description/description/robot.urdf.xacro
-- Up-to-date: /home/orin/ros2_ws/install/my_bot_description/share/my_bot_description/description/imu.xacro
-- Up-to-date: /home/orin/ros2_ws/install/my_bot_description/share/my_bot_description/description/my_bot.urdf.xacro
-- Up-to-date: /home/orin/ros2_ws/install/my_bot_description/share/my_bot_description/description/depth_camera.xacro
-- Up-to-date: /home/orin/ros2_ws/install/my_bot_description/share/my_bot_description/description/robot.urdf
-- Up-to-date: /home/orin/ros2_ws/install/my_bot_description/share/my_bot_description/description/meshes
-- Up-to-date: /home/orin/ros2_ws/install/my_bot_description/share/my_bot_description/description/meshes/components
-- Up-to-date: /home/orin/ros2_ws/install/my_bot_description/share/my_bot_description/description/meshes/components/wheel.stl
-- Up-to-date: /home/orin/ros2_ws/install/my_bot_description/share/my_bot_description/description/meshes/sensors
-- Up-to-date: /home/orin/ros2_ws/install/my_bot_description/share/my_bot_description/description/meshes/sensors/rplidar_main.stl
-- Up-to-date: /home/orin/ros2_ws/install/my_bot_description/share/my_bot_description/description/meshes/sensors/OAK-D-LITE.stl
-- Up-to-date: /home/orin/ros2_ws/install/my_bot_description/share/my_bot_description/description/meshes/my_bot
-- Up-to-date: /home/orin/ros2_ws/install/my_bot_description/share/my_bot_description/description/meshes/my_bot/wheel_rim.stl
-- Up-to-date: /home/orin/ros2_ws/install/my_bot_description/share/my_bot_description/description/meshes/my_bot/dead_plate.stl
-- Up-to-date: /home/orin/ros2_ws/install/my_bot_description/share/my_bot_description/description/meshes/my_bot/bottom_plate.stl
-- Up-to-date: /home/orin/ros2_ws/install/my_bot_description/share/my_bot_description/description/meshes/my_bot/bottom_plate_original.stl
-- Up-to-date: /home/orin/ros2_ws/install/my_bot_description/share/my_bot_description/description/meshes/my_bot/top_plate.stl
-- Up-to-date: /home/orin/ros2_ws/install/my_bot_description/share/my_bot_description/description/meshes/my_bot/wheel_tire.stl
-- Up-to-date: /home/orin/ros2_ws/install/my_bot_description/share/my_bot_description/description/meshes/my_bot/motor.stl
-- Up-to-date: /home/orin/ros2_ws/install/my_bot_description/share/my_bot_description/description/inertial_macros.xacro
-- Up-to-date: /home/orin/ros2_ws/install/my_bot_description/share/my_bot_description/description/robot_core.xacro
-- Up-to-date: /home/orin/ros2_ws/install/my_bot_description/share/my_bot_description/description/camera.xacro
-- Up-to-date: /home/orin/ros2_ws/install/my_bot_description/share/my_bot_description/description/lidar.xacro
-- Up-to-date: /home/orin/ros2_ws/install/my_bot_description/share/my_bot_description/config
-- Up-to-date: /home/orin/ros2_ws/install/my_bot_description/share/my_bot_description/config/my_controllers.yaml
-- Up-to-date: /home/orin/ros2_ws/install/my_bot_description/share/my_bot_description/config/my_bot
-- Up-to-date: /home/orin/ros2_ws/install/my_bot_description/share/my_bot_description/config/my_bot/base.yaml
-- Up-to-date: /home/orin/ros2_ws/install/my_bot_description/share/my_bot_description/config/my_bot/motor.yaml
-- Up-to-date: /home/orin/ros2_ws/install/my_bot_description/share/my_bot_description/config/my_bot/front_wheel.yaml
-- Up-to-date: /home/orin/ros2_ws/install/my_bot_description/share/my_bot_description/config/my_bot/back_wheel.yaml
-- Up-to-date: /home/orin/ros2_ws/install/my_bot_description/share/my_bot_description/config/my_bot/wheel.yaml
-- Up-to-date: /home/orin/ros2_ws/install/my_bot_description/share/my_bot_description/config/my_bot/imu.yaml
-- Up-to-date: /home/orin/ros2_ws/install/my_bot_description/share/my_bot_description/config/my_bot/sensors.yaml
-- Up-to-date: /home/orin/ros2_ws/install/my_bot_description/share/my_bot_description/config/twist_mux.yaml
-- Up-to-date: /home/orin/ros2_ws/install/my_bot_description/include/my_bot_description
-- Up-to-date: /home/orin/ros2_ws/install/my_bot_description/include/my_bot_description/my_bot_ros2_control
-- Up-to-date: /home/orin/ros2_ws/install/my_bot_description/include/my_bot_description/my_bot_ros2_control/diffbot_system.hpp
-- Installing: /home/orin/ros2_ws/install/my_bot_description/share/ament_index/resource_index/package_run_dependencies/my_bot_description
-- Up-to-date: /home/orin/ros2_ws/install/my_bot_description/share/ament_index/resource_index/parent_prefix_path/my_bot_description
-- Up-to-date: /home/orin/ros2_ws/install/my_bot_description/share/my_bot_description/environment/ament_prefix_path.sh
-- Installing: /home/orin/ros2_ws/install/my_bot_description/share/my_bot_description/environment/ament_prefix_path.dsv
-- Up-to-date: /home/orin/ros2_ws/install/my_bot_description/share/my_bot_description/environment/path.sh
-- Installing: /home/orin/ros2_ws/install/my_bot_description/share/my_bot_description/environment/path.dsv
-- Up-to-date: /home/orin/ros2_ws/install/my_bot_description/share/my_bot_description/local_setup.bash
-- Up-to-date: /home/orin/ros2_ws/install/my_bot_description/share/my_bot_description/local_setup.sh
-- Up-to-date: /home/orin/ros2_ws/install/my_bot_description/share/my_bot_description/local_setup.zsh
-- Installing: /home/orin/ros2_ws/install/my_bot_description/share/my_bot_description/local_setup.dsv
-- Installing: /home/orin/ros2_ws/install/my_bot_description/share/my_bot_description/package.dsv
-- Up-to-date: /home/orin/ros2_ws/install/my_bot_description/share/ament_index/resource_index/packages/my_bot_description
-- Up-to-date: /home/orin/ros2_ws/install/my_bot_description/share/ament_index/resource_index/hardware_interface__pluginlib__plugin/my_bot_description
-- Up-to-date: /home/orin/ros2_ws/install/my_bot_description/share/my_bot_description/cmake/my_bot_descriptionConfig.cmake
-- Up-to-date: /home/orin/ros2_ws/install/my_bot_description/share/my_bot_description/cmake/my_bot_descriptionConfig-version.cmake
-- Installing: /home/orin/ros2_ws/install/my_bot_description/share/my_bot_description/package.xml
