[14.658s] Invoking command in '/home/orin/ros2_ws/build/examples_rclpy_minimal_client': PYTHONPATH=/home/orin/ros2_ws/build/examples_rclpy_minimal_client/prefix_override:/usr/lib/python3/dist-packages/colcon_core/task/python/colcon_distutils_commands:/home/orin/ros2_ws/install/examples_rclpy_minimal_client/lib/python3.10/site-packages:${PYTHONPATH} /usr/bin/python3 -W ignore:setup.py install is deprecated setup.py develop --editable --build-directory /home/orin/ros2_ws/build/examples_rclpy_minimal_client/build --no-deps symlink_data
[17.583s] /home/orin/.local/lib/python3.10/site-packages/setuptools/_distutils/dist.py:261: UserWarning: Unknown distribution option: 'tests_require'
[17.584s]   warnings.warn(msg)
[19.121s] running develop
[19.123s] /home/orin/.local/lib/python3.10/site-packages/setuptools/command/develop.py:41: EasyInstallDeprecationWarning: easy_install command is deprecated.
[19.126s] !!
[19.126s] 
[19.131s]         ********************************************************************************
[19.131s]         Please avoid running ``setup.py`` and ``easy_install``.
[19.132s]         Instead, use pypa/build, pypa/installer or other
[19.133s]         standards-based tools.
[19.133s] 
[19.133s]         See https://github.com/pypa/setuptools/issues/917 for details.
[19.134s]         ********************************************************************************
[19.135s] 
[19.135s] !!
[19.135s]   easy_install.initialize_options(self)
[22.729s] running egg_info
[23.313s] writing examples_rclpy_minimal_client.egg-info/PKG-INFO
[23.324s] writing dependency_links to examples_rclpy_minimal_client.egg-info/dependency_links.txt
[23.334s] writing entry points to examples_rclpy_minimal_client.egg-info/entry_points.txt
[23.334s] writing requirements to examples_rclpy_minimal_client.egg-info/requires.txt
[23.335s] writing top-level names to examples_rclpy_minimal_client.egg-info/top_level.txt
[23.927s] reading manifest file 'examples_rclpy_minimal_client.egg-info/SOURCES.txt'
[23.964s] writing manifest file 'examples_rclpy_minimal_client.egg-info/SOURCES.txt'
[24.310s] running build_ext
[24.313s] Creating /home/orin/ros2_ws/install/examples_rclpy_minimal_client/lib/python3.10/site-packages/examples-rclpy-minimal-client.egg-link (link to .)
[24.337s] Installing client script to /home/orin/ros2_ws/install/examples_rclpy_minimal_client/lib/examples_rclpy_minimal_client
[24.342s] Installing client_async script to /home/orin/ros2_ws/install/examples_rclpy_minimal_client/lib/examples_rclpy_minimal_client
[24.345s] Installing client_async_callback script to /home/orin/ros2_ws/install/examples_rclpy_minimal_client/lib/examples_rclpy_minimal_client
[24.349s] Installing client_async_member_function script to /home/orin/ros2_ws/install/examples_rclpy_minimal_client/lib/examples_rclpy_minimal_client
[24.351s] 
[24.353s] Installed /home/orin/ros2_ws/build/examples_rclpy_minimal_client
[24.353s] running symlink_data
[25.181s] Invoked command in '/home/orin/ros2_ws/build/examples_rclpy_minimal_client' returned '0': PYTHONPATH=/home/orin/ros2_ws/build/examples_rclpy_minimal_client/prefix_override:/usr/lib/python3/dist-packages/colcon_core/task/python/colcon_distutils_commands:/home/orin/ros2_ws/install/examples_rclpy_minimal_client/lib/python3.10/site-packages:${PYTHONPATH} /usr/bin/python3 -W ignore:setup.py install is deprecated setup.py develop --editable --build-directory /home/orin/ros2_ws/build/examples_rclpy_minimal_client/build --no-deps symlink_data
