/home/orin/.local/lib/python3.10/site-packages/setuptools/_distutils/dist.py:261: UserWarning: Unknown distribution option: 'tests_require'
  warnings.warn(msg)
/home/orin/.local/lib/python3.10/site-packages/setuptools/command/develop.py:41: EasyInstallDeprecationWarning: easy_install command is deprecated.
!!

        ********************************************************************************
        Please avoid running ``setup.py`` and ``easy_install``.
        Instead, use pypa/build, pypa/installer or other
        standards-based tools.

        See https://github.com/pypa/setuptools/issues/917 for details.
        ********************************************************************************

!!
  easy_install.initialize_options(self)
running develop
Removing /home/orin/ros2_ws/install/examples_rclpy_executors/lib/python3.10/site-packages/examples-rclpy-executors.egg-link (link to .)
/home/orin/.local/lib/python3.10/site-packages/setuptools/_distutils/dist.py:261: UserWarning: Unknown distribution option: 'tests_require'
  warnings.warn(msg)
running egg_info
writing ../../../../build/examples_rclpy_executors/examples_rclpy_executors.egg-info/PKG-INFO
writing dependency_links to ../../../../build/examples_rclpy_executors/examples_rclpy_executors.egg-info/dependency_links.txt
writing entry points to ../../../../build/examples_rclpy_executors/examples_rclpy_executors.egg-info/entry_points.txt
writing requirements to ../../../../build/examples_rclpy_executors/examples_rclpy_executors.egg-info/requires.txt
writing top-level names to ../../../../build/examples_rclpy_executors/examples_rclpy_executors.egg-info/top_level.txt
reading manifest file '../../../../build/examples_rclpy_executors/examples_rclpy_executors.egg-info/SOURCES.txt'
writing manifest file '../../../../build/examples_rclpy_executors/examples_rclpy_executors.egg-info/SOURCES.txt'
running build
running build_py
copying examples_rclpy_executors/listener.py -> /home/orin/ros2_ws/build/examples_rclpy_executors/build/lib/examples_rclpy_executors
copying examples_rclpy_executors/__init__.py -> /home/orin/ros2_ws/build/examples_rclpy_executors/build/lib/examples_rclpy_executors
copying examples_rclpy_executors/callback_group.py -> /home/orin/ros2_ws/build/examples_rclpy_executors/build/lib/examples_rclpy_executors
copying examples_rclpy_executors/talker.py -> /home/orin/ros2_ws/build/examples_rclpy_executors/build/lib/examples_rclpy_executors
copying examples_rclpy_executors/custom_executor.py -> /home/orin/ros2_ws/build/examples_rclpy_executors/build/lib/examples_rclpy_executors
copying examples_rclpy_executors/custom_callback_group.py -> /home/orin/ros2_ws/build/examples_rclpy_executors/build/lib/examples_rclpy_executors
copying examples_rclpy_executors/composed.py -> /home/orin/ros2_ws/build/examples_rclpy_executors/build/lib/examples_rclpy_executors
running install
running install_lib
creating /home/orin/ros2_ws/install/examples_rclpy_executors/lib/python3.10/site-packages/examples_rclpy_executors
copying /home/orin/ros2_ws/build/examples_rclpy_executors/build/lib/examples_rclpy_executors/listener.py -> /home/orin/ros2_ws/install/examples_rclpy_executors/lib/python3.10/site-packages/examples_rclpy_executors
copying /home/orin/ros2_ws/build/examples_rclpy_executors/build/lib/examples_rclpy_executors/__init__.py -> /home/orin/ros2_ws/install/examples_rclpy_executors/lib/python3.10/site-packages/examples_rclpy_executors
copying /home/orin/ros2_ws/build/examples_rclpy_executors/build/lib/examples_rclpy_executors/callback_group.py -> /home/orin/ros2_ws/install/examples_rclpy_executors/lib/python3.10/site-packages/examples_rclpy_executors
copying /home/orin/ros2_ws/build/examples_rclpy_executors/build/lib/examples_rclpy_executors/talker.py -> /home/orin/ros2_ws/install/examples_rclpy_executors/lib/python3.10/site-packages/examples_rclpy_executors
copying /home/orin/ros2_ws/build/examples_rclpy_executors/build/lib/examples_rclpy_executors/custom_executor.py -> /home/orin/ros2_ws/install/examples_rclpy_executors/lib/python3.10/site-packages/examples_rclpy_executors
copying /home/orin/ros2_ws/build/examples_rclpy_executors/build/lib/examples_rclpy_executors/custom_callback_group.py -> /home/orin/ros2_ws/install/examples_rclpy_executors/lib/python3.10/site-packages/examples_rclpy_executors
copying /home/orin/ros2_ws/build/examples_rclpy_executors/build/lib/examples_rclpy_executors/composed.py -> /home/orin/ros2_ws/install/examples_rclpy_executors/lib/python3.10/site-packages/examples_rclpy_executors
byte-compiling /home/orin/ros2_ws/install/examples_rclpy_executors/lib/python3.10/site-packages/examples_rclpy_executors/listener.py to listener.cpython-310.pyc
byte-compiling /home/orin/ros2_ws/install/examples_rclpy_executors/lib/python3.10/site-packages/examples_rclpy_executors/__init__.py to __init__.cpython-310.pyc
byte-compiling /home/orin/ros2_ws/install/examples_rclpy_executors/lib/python3.10/site-packages/examples_rclpy_executors/callback_group.py to callback_group.cpython-310.pyc
byte-compiling /home/orin/ros2_ws/install/examples_rclpy_executors/lib/python3.10/site-packages/examples_rclpy_executors/talker.py to talker.cpython-310.pyc
byte-compiling /home/orin/ros2_ws/install/examples_rclpy_executors/lib/python3.10/site-packages/examples_rclpy_executors/custom_executor.py to custom_executor.cpython-310.pyc
byte-compiling /home/orin/ros2_ws/install/examples_rclpy_executors/lib/python3.10/site-packages/examples_rclpy_executors/custom_callback_group.py to custom_callback_group.cpython-310.pyc
byte-compiling /home/orin/ros2_ws/install/examples_rclpy_executors/lib/python3.10/site-packages/examples_rclpy_executors/composed.py to composed.cpython-310.pyc
running install_data
copying resource/examples_rclpy_executors -> /home/orin/ros2_ws/install/examples_rclpy_executors/share/ament_index/resource_index/packages
copying package.xml -> /home/orin/ros2_ws/install/examples_rclpy_executors/share/examples_rclpy_executors
running install_egg_info
Copying ../../../../build/examples_rclpy_executors/examples_rclpy_executors.egg-info to /home/orin/ros2_ws/install/examples_rclpy_executors/lib/python3.10/site-packages/examples_rclpy_executors-0.15.2-py3.10.egg-info
running install_scripts
Installing callback_group script to /home/orin/ros2_ws/install/examples_rclpy_executors/lib/examples_rclpy_executors
Installing composed script to /home/orin/ros2_ws/install/examples_rclpy_executors/lib/examples_rclpy_executors
Installing custom_callback_group script to /home/orin/ros2_ws/install/examples_rclpy_executors/lib/examples_rclpy_executors
Installing custom_executor script to /home/orin/ros2_ws/install/examples_rclpy_executors/lib/examples_rclpy_executors
Installing listener script to /home/orin/ros2_ws/install/examples_rclpy_executors/lib/examples_rclpy_executors
Installing talker script to /home/orin/ros2_ws/install/examples_rclpy_executors/lib/examples_rclpy_executors
writing list of installed files to '/home/orin/ros2_ws/build/examples_rclpy_executors/install.log'
