[4.983s] Invoking command in '/home/orin/ros2_ws/build/examples_rclpy_executors': PYTHONPATH=/home/orin/ros2_ws/build/examples_rclpy_executors/prefix_override:/usr/lib/python3/dist-packages/colcon_core/task/python/colcon_distutils_commands:/home/orin/ros2_ws/install/examples_rclpy_executors/lib/python3.10/site-packages:${PYTHONPATH} /usr/bin/python3 -W ignore:setup.py install is deprecated setup.py develop --uninstall --editable --build-directory /home/orin/ros2_ws/build/examples_rclpy_executors/build
[5.943s] /home/orin/.local/lib/python3.10/site-packages/setuptools/_distutils/dist.py:261: UserWarning: Unknown distribution option: 'tests_require'
[5.943s]   warnings.warn(msg)
[7.394s] /home/orin/.local/lib/python3.10/site-packages/setuptools/command/develop.py:41: EasyInstallDeprecationWarning: easy_install command is deprecated.
[7.399s] !!
[7.402s] 
[7.404s]         ********************************************************************************
[7.404s]         Please avoid running ``setup.py`` and ``easy_install``.
[7.405s]         Instead, use pypa/build, pypa/installer or other
[7.405s]         standards-based tools.
[7.405s] 
[7.408s]         See https://github.com/pypa/setuptools/issues/917 for details.
[7.408s]         ********************************************************************************
[7.408s] 
[7.409s] !!
[7.409s]   easy_install.initialize_options(self)
[7.411s] running develop
[9.322s] Removing /home/orin/ros2_ws/install/examples_rclpy_executors/lib/python3.10/site-packages/examples-rclpy-executors.egg-link (link to .)
[9.758s] Invoked command in '/home/orin/ros2_ws/build/examples_rclpy_executors' returned '0': PYTHONPATH=/home/orin/ros2_ws/build/examples_rclpy_executors/prefix_override:/usr/lib/python3/dist-packages/colcon_core/task/python/colcon_distutils_commands:/home/orin/ros2_ws/install/examples_rclpy_executors/lib/python3.10/site-packages:${PYTHONPATH} /usr/bin/python3 -W ignore:setup.py install is deprecated setup.py develop --uninstall --editable --build-directory /home/orin/ros2_ws/build/examples_rclpy_executors/build
[9.765s] Invoking command in '/home/orin/ros2_ws/src/examples/rclpy/executors': PYTHONPATH=/home/orin/ros2_ws/build/examples_rclpy_executors/prefix_override:/usr/lib/python3/dist-packages/colcon_core/task/python/colcon_distutils_commands:/home/orin/ros2_ws/install/examples_rclpy_executors/lib/python3.10/site-packages:${PYTHONPATH} /usr/bin/python3 -W ignore:setup.py install is deprecated setup.py egg_info --egg-base ../../../../build/examples_rclpy_executors build --build-base /home/orin/ros2_ws/build/examples_rclpy_executors/build install --record /home/orin/ros2_ws/build/examples_rclpy_executors/install.log --single-version-externally-managed install_data --force
[11.246s] /home/orin/.local/lib/python3.10/site-packages/setuptools/_distutils/dist.py:261: UserWarning: Unknown distribution option: 'tests_require'
[11.246s]   warnings.warn(msg)
[12.130s] running egg_info
[12.506s] writing ../../../../build/examples_rclpy_executors/examples_rclpy_executors.egg-info/PKG-INFO
[12.522s] writing dependency_links to ../../../../build/examples_rclpy_executors/examples_rclpy_executors.egg-info/dependency_links.txt
[12.529s] writing entry points to ../../../../build/examples_rclpy_executors/examples_rclpy_executors.egg-info/entry_points.txt
[12.531s] writing requirements to ../../../../build/examples_rclpy_executors/examples_rclpy_executors.egg-info/requires.txt
[12.531s] writing top-level names to ../../../../build/examples_rclpy_executors/examples_rclpy_executors.egg-info/top_level.txt
[13.172s] reading manifest file '../../../../build/examples_rclpy_executors/examples_rclpy_executors.egg-info/SOURCES.txt'
[13.189s] writing manifest file '../../../../build/examples_rclpy_executors/examples_rclpy_executors.egg-info/SOURCES.txt'
[13.195s] running build
[13.195s] running build_py
[13.197s] copying examples_rclpy_executors/listener.py -> /home/orin/ros2_ws/build/examples_rclpy_executors/build/lib/examples_rclpy_executors
[13.199s] copying examples_rclpy_executors/__init__.py -> /home/orin/ros2_ws/build/examples_rclpy_executors/build/lib/examples_rclpy_executors
[13.203s] copying examples_rclpy_executors/callback_group.py -> /home/orin/ros2_ws/build/examples_rclpy_executors/build/lib/examples_rclpy_executors
[13.207s] copying examples_rclpy_executors/talker.py -> /home/orin/ros2_ws/build/examples_rclpy_executors/build/lib/examples_rclpy_executors
[13.208s] copying examples_rclpy_executors/custom_executor.py -> /home/orin/ros2_ws/build/examples_rclpy_executors/build/lib/examples_rclpy_executors
[13.208s] copying examples_rclpy_executors/custom_callback_group.py -> /home/orin/ros2_ws/build/examples_rclpy_executors/build/lib/examples_rclpy_executors
[13.211s] copying examples_rclpy_executors/composed.py -> /home/orin/ros2_ws/build/examples_rclpy_executors/build/lib/examples_rclpy_executors
[13.211s] running install
[13.238s] running install_lib
[13.302s] creating /home/orin/ros2_ws/install/examples_rclpy_executors/lib/python3.10/site-packages/examples_rclpy_executors
[13.306s] copying /home/orin/ros2_ws/build/examples_rclpy_executors/build/lib/examples_rclpy_executors/listener.py -> /home/orin/ros2_ws/install/examples_rclpy_executors/lib/python3.10/site-packages/examples_rclpy_executors
[13.306s] copying /home/orin/ros2_ws/build/examples_rclpy_executors/build/lib/examples_rclpy_executors/__init__.py -> /home/orin/ros2_ws/install/examples_rclpy_executors/lib/python3.10/site-packages/examples_rclpy_executors
[13.307s] copying /home/orin/ros2_ws/build/examples_rclpy_executors/build/lib/examples_rclpy_executors/callback_group.py -> /home/orin/ros2_ws/install/examples_rclpy_executors/lib/python3.10/site-packages/examples_rclpy_executors
[13.311s] copying /home/orin/ros2_ws/build/examples_rclpy_executors/build/lib/examples_rclpy_executors/talker.py -> /home/orin/ros2_ws/install/examples_rclpy_executors/lib/python3.10/site-packages/examples_rclpy_executors
[13.311s] copying /home/orin/ros2_ws/build/examples_rclpy_executors/build/lib/examples_rclpy_executors/custom_executor.py -> /home/orin/ros2_ws/install/examples_rclpy_executors/lib/python3.10/site-packages/examples_rclpy_executors
[13.312s] copying /home/orin/ros2_ws/build/examples_rclpy_executors/build/lib/examples_rclpy_executors/custom_callback_group.py -> /home/orin/ros2_ws/install/examples_rclpy_executors/lib/python3.10/site-packages/examples_rclpy_executors
[13.314s] copying /home/orin/ros2_ws/build/examples_rclpy_executors/build/lib/examples_rclpy_executors/composed.py -> /home/orin/ros2_ws/install/examples_rclpy_executors/lib/python3.10/site-packages/examples_rclpy_executors
[13.314s] byte-compiling /home/orin/ros2_ws/install/examples_rclpy_executors/lib/python3.10/site-packages/examples_rclpy_executors/listener.py to listener.cpython-310.pyc
[13.314s] byte-compiling /home/orin/ros2_ws/install/examples_rclpy_executors/lib/python3.10/site-packages/examples_rclpy_executors/__init__.py to __init__.cpython-310.pyc
[13.315s] byte-compiling /home/orin/ros2_ws/install/examples_rclpy_executors/lib/python3.10/site-packages/examples_rclpy_executors/callback_group.py to callback_group.cpython-310.pyc
[13.317s] byte-compiling /home/orin/ros2_ws/install/examples_rclpy_executors/lib/python3.10/site-packages/examples_rclpy_executors/talker.py to talker.cpython-310.pyc
[13.318s] byte-compiling /home/orin/ros2_ws/install/examples_rclpy_executors/lib/python3.10/site-packages/examples_rclpy_executors/custom_executor.py to custom_executor.cpython-310.pyc
[13.321s] byte-compiling /home/orin/ros2_ws/install/examples_rclpy_executors/lib/python3.10/site-packages/examples_rclpy_executors/custom_callback_group.py to custom_callback_group.cpython-310.pyc
[13.321s] byte-compiling /home/orin/ros2_ws/install/examples_rclpy_executors/lib/python3.10/site-packages/examples_rclpy_executors/composed.py to composed.cpython-310.pyc
[13.322s] running install_data
[13.325s] copying resource/examples_rclpy_executors -> /home/orin/ros2_ws/install/examples_rclpy_executors/share/ament_index/resource_index/packages
[13.325s] copying package.xml -> /home/orin/ros2_ws/install/examples_rclpy_executors/share/examples_rclpy_executors
[13.325s] running install_egg_info
[13.387s] Copying ../../../../build/examples_rclpy_executors/examples_rclpy_executors.egg-info to /home/orin/ros2_ws/install/examples_rclpy_executors/lib/python3.10/site-packages/examples_rclpy_executors-0.15.2-py3.10.egg-info
[13.394s] running install_scripts
[14.130s] Installing callback_group script to /home/orin/ros2_ws/install/examples_rclpy_executors/lib/examples_rclpy_executors
[14.136s] Installing composed script to /home/orin/ros2_ws/install/examples_rclpy_executors/lib/examples_rclpy_executors
[14.136s] Installing custom_callback_group script to /home/orin/ros2_ws/install/examples_rclpy_executors/lib/examples_rclpy_executors
[14.137s] Installing custom_executor script to /home/orin/ros2_ws/install/examples_rclpy_executors/lib/examples_rclpy_executors
[14.138s] Installing listener script to /home/orin/ros2_ws/install/examples_rclpy_executors/lib/examples_rclpy_executors
[14.139s] Installing talker script to /home/orin/ros2_ws/install/examples_rclpy_executors/lib/examples_rclpy_executors
[14.139s] writing list of installed files to '/home/orin/ros2_ws/build/examples_rclpy_executors/install.log'
[15.254s] Invoked command in '/home/orin/ros2_ws/src/examples/rclpy/executors' returned '0': PYTHONPATH=/home/orin/ros2_ws/build/examples_rclpy_executors/prefix_override:/usr/lib/python3/dist-packages/colcon_core/task/python/colcon_distutils_commands:/home/orin/ros2_ws/install/examples_rclpy_executors/lib/python3.10/site-packages:${PYTHONPATH} /usr/bin/python3 -W ignore:setup.py install is deprecated setup.py egg_info --egg-base ../../../../build/examples_rclpy_executors build --build-base /home/orin/ros2_ws/build/examples_rclpy_executors/build install --record /home/orin/ros2_ws/build/examples_rclpy_executors/install.log --single-version-externally-managed install_data --force
