[13.613s] Invoking command in '/home/orin/ros2_ws/build/examples_rclpy_minimal_service': PYTHONPATH=/home/orin/ros2_ws/build/examples_rclpy_minimal_service/prefix_override:/usr/lib/python3/dist-packages/colcon_core/task/python/colcon_distutils_commands:/home/orin/ros2_ws/install/examples_rclpy_minimal_service/lib/python3.10/site-packages:${PYTHONPATH} /usr/bin/python3 -W ignore:setup.py install is deprecated setup.py develop --editable --build-directory /home/orin/ros2_ws/build/examples_rclpy_minimal_service/build --no-deps symlink_data
[15.494s] /home/orin/.local/lib/python3.10/site-packages/setuptools/_distutils/dist.py:261: UserWarning: Unknown distribution option: 'tests_require'
[15.494s]   warnings.warn(msg)
[18.536s] running develop
[18.552s] /home/orin/.local/lib/python3.10/site-packages/setuptools/command/develop.py:41: EasyInstallDeprecationWarning: easy_install command is deprecated.
[18.552s] !!
[18.552s] 
[18.553s]         ********************************************************************************
[18.553s]         Please avoid running ``setup.py`` and ``easy_install``.
[18.560s]         Instead, use pypa/build, pypa/installer or other
[18.560s]         standards-based tools.
[18.560s] 
[18.560s]         See https://github.com/pypa/setuptools/issues/917 for details.
[18.560s]         ********************************************************************************
[18.560s] 
[18.560s] !!
[18.561s]   easy_install.initialize_options(self)
[21.907s] running egg_info
[21.996s] writing examples_rclpy_minimal_service.egg-info/PKG-INFO
[22.005s] writing dependency_links to examples_rclpy_minimal_service.egg-info/dependency_links.txt
[22.006s] writing entry points to examples_rclpy_minimal_service.egg-info/entry_points.txt
[22.008s] writing requirements to examples_rclpy_minimal_service.egg-info/requires.txt
[22.012s] writing top-level names to examples_rclpy_minimal_service.egg-info/top_level.txt
[22.411s] reading manifest file 'examples_rclpy_minimal_service.egg-info/SOURCES.txt'
[22.417s] writing manifest file 'examples_rclpy_minimal_service.egg-info/SOURCES.txt'
[22.599s] running build_ext
[22.601s] Creating /home/orin/ros2_ws/install/examples_rclpy_minimal_service/lib/python3.10/site-packages/examples-rclpy-minimal-service.egg-link (link to .)
[22.611s] Installing service script to /home/orin/ros2_ws/install/examples_rclpy_minimal_service/lib/examples_rclpy_minimal_service
[22.614s] Installing service_member_function script to /home/orin/ros2_ws/install/examples_rclpy_minimal_service/lib/examples_rclpy_minimal_service
[22.615s] 
[22.615s] Installed /home/orin/ros2_ws/build/examples_rclpy_minimal_service
[22.615s] running symlink_data
[22.969s] Invoked command in '/home/orin/ros2_ws/build/examples_rclpy_minimal_service' returned '0': PYTHONPATH=/home/orin/ros2_ws/build/examples_rclpy_minimal_service/prefix_override:/usr/lib/python3/dist-packages/colcon_core/task/python/colcon_distutils_commands:/home/orin/ros2_ws/install/examples_rclpy_minimal_service/lib/python3.10/site-packages:${PYTHONPATH} /usr/bin/python3 -W ignore:setup.py install is deprecated setup.py develop --editable --build-directory /home/orin/ros2_ws/build/examples_rclpy_minimal_service/build --no-deps symlink_data
