[0.027s] Invoking command in '/home/orin/ros2_ws/build/articubot_one': CMAKE_PREFIX_PATH=/opt/ros/humble /usr/bin/cmake /home/orin/ros2_ws/src/articubot_one -DCMAKE_INSTALL_PREFIX=/home/orin/ros2_ws/install/articubot_one
[0.563s] -- The C compiler identification is GNU 11.4.0
[0.990s] -- The CXX compiler identification is GNU 11.4.0
[1.020s] -- Detecting C compiler ABI info
[1.250s] -- Detecting C compiler ABI info - done
[1.264s] -- Check for working C compiler: /usr/bin/cc - skipped
[1.265s] -- Detecting C compile features
[1.267s] -- Detecting C compile features - done
[1.275s] -- Detecting CXX compiler ABI info
[1.440s] -- Detecting CXX compiler ABI info - done
[1.454s] -- Check for working CXX compiler: /usr/bin/c++ - skipped
[1.454s] -- Detecting CXX compile features
[1.455s] -- Detecting CXX compile features - done
[1.477s] -- Found ament_cmake: 1.3.10 (/opt/ros/humble/share/ament_cmake/cmake)
[2.310s] -- Found Python3: /usr/bin/python3 (found version "3.10.12") found components: Interpreter 
[2.572s] -- Found ament_lint_auto: 0.12.11 (/opt/ros/humble/share/ament_lint_auto/cmake)
[2.794s] -- Added test 'copyright' to check source files copyright and LICENSE
[2.826s] -- Added test 'flake8' to check Python code syntax and style conventions
[2.829s] -- Added test 'lint_cmake' to check CMake code style
[2.832s] -- Added test 'pep257' to check Python code against some of the docstring style conventions in PEP 257
[2.843s] -- Added test 'xmllint' to check XML markup files
[2.849s] -- Configuring done
[2.858s] -- Generating done
[2.860s] -- Build files have been written to: /home/orin/ros2_ws/build/articubot_one
[2.872s] Invoked command in '/home/orin/ros2_ws/build/articubot_one' returned '0': CMAKE_PREFIX_PATH=/opt/ros/humble /usr/bin/cmake /home/orin/ros2_ws/src/articubot_one -DCMAKE_INSTALL_PREFIX=/home/orin/ros2_ws/install/articubot_one
[2.876s] Invoking command in '/home/orin/ros2_ws/build/articubot_one': CMAKE_PREFIX_PATH=/opt/ros/humble /usr/bin/cmake --build /home/orin/ros2_ws/build/articubot_one -- -j6 -l6
[2.959s] Invoked command in '/home/orin/ros2_ws/build/articubot_one' returned '0': CMAKE_PREFIX_PATH=/opt/ros/humble /usr/bin/cmake --build /home/orin/ros2_ws/build/articubot_one -- -j6 -l6
[3.026s] Invoking command in '/home/orin/ros2_ws/build/articubot_one': CMAKE_PREFIX_PATH=/opt/ros/humble /usr/bin/cmake --install /home/orin/ros2_ws/build/articubot_one
[3.043s] -- Install configuration: ""
[3.043s] -- Installing: /home/orin/ros2_ws/install/articubot_one/share/articubot_one/config
[3.043s] -- Installing: /home/orin/ros2_ws/install/articubot_one/share/articubot_one/config/gaz_ros2_ctl_use_sim.yaml
[3.044s] -- Installing: /home/orin/ros2_ws/install/articubot_one/share/articubot_one/config/nav2_params.yaml
[3.044s] -- Installing: /home/orin/ros2_ws/install/articubot_one/share/articubot_one/config/drive_bot.rviz
[3.045s] -- Installing: /home/orin/ros2_ws/install/articubot_one/share/articubot_one/config/empty.yaml
[3.045s] -- Installing: /home/orin/ros2_ws/install/articubot_one/share/articubot_one/config/ball_tracker_params_robot.yaml
[3.045s] -- Installing: /home/orin/ros2_ws/install/articubot_one/share/articubot_one/config/ball_tracker_params_sim.yaml
[3.046s] -- Installing: /home/orin/ros2_ws/install/articubot_one/share/articubot_one/config/gazebo_params.yaml
[3.046s] -- Installing: /home/orin/ros2_ws/install/articubot_one/share/articubot_one/config/map.rviz
[3.046s] -- Installing: /home/orin/ros2_ws/install/articubot_one/share/articubot_one/config/my_controllers.yaml
[3.046s] -- Installing: /home/orin/ros2_ws/install/articubot_one/share/articubot_one/config/mapper_params_online_async.yaml
[3.047s] -- Installing: /home/orin/ros2_ws/install/articubot_one/share/articubot_one/config/view_bot.rviz
[3.047s] -- Installing: /home/orin/ros2_ws/install/articubot_one/share/articubot_one/config/main.rviz
[3.047s] -- Installing: /home/orin/ros2_ws/install/articubot_one/share/articubot_one/config/joystick.yaml
[3.047s] -- Installing: /home/orin/ros2_ws/install/articubot_one/share/articubot_one/config/twist_mux.yaml
[3.047s] -- Installing: /home/orin/ros2_ws/install/articubot_one/share/articubot_one/description
[3.048s] -- Installing: /home/orin/ros2_ws/install/articubot_one/share/articubot_one/description/robot.urdf.xacro
[3.048s] -- Installing: /home/orin/ros2_ws/install/articubot_one/share/articubot_one/description/face.xacro
[3.048s] -- Installing: /home/orin/ros2_ws/install/articubot_one/share/articubot_one/description/depth_camera.xacro
[3.048s] -- Installing: /home/orin/ros2_ws/install/articubot_one/share/articubot_one/description/gazebo_control.xacro
[3.048s] -- Installing: /home/orin/ros2_ws/install/articubot_one/share/articubot_one/description/inertial_macros.xacro
[3.049s] -- Installing: /home/orin/ros2_ws/install/articubot_one/share/articubot_one/description/robot_core.xacro
[3.049s] -- Installing: /home/orin/ros2_ws/install/articubot_one/share/articubot_one/description/camera.xacro
[3.049s] -- Installing: /home/orin/ros2_ws/install/articubot_one/share/articubot_one/description/ros2_control.xacro
[3.049s] -- Installing: /home/orin/ros2_ws/install/articubot_one/share/articubot_one/description/lidar.xacro
[3.049s] -- Installing: /home/orin/ros2_ws/install/articubot_one/share/articubot_one/launch
[3.049s] -- Installing: /home/orin/ros2_ws/install/articubot_one/share/articubot_one/launch/rplidar.launch.py
[3.050s] -- Installing: /home/orin/ros2_ws/install/articubot_one/share/articubot_one/launch/launch_robot.launch.py
[3.050s] -- Installing: /home/orin/ros2_ws/install/articubot_one/share/articubot_one/launch/joystick.launch.py
[3.050s] -- Installing: /home/orin/ros2_ws/install/articubot_one/share/articubot_one/launch/ball_tracker.launch.py
[3.050s] -- Installing: /home/orin/ros2_ws/install/articubot_one/share/articubot_one/launch/navigation_launch.py
[3.051s] -- Installing: /home/orin/ros2_ws/install/articubot_one/share/articubot_one/launch/localization_launch.py
[3.051s] -- Installing: /home/orin/ros2_ws/install/articubot_one/share/articubot_one/launch/rsp.launch.py
[3.051s] -- Installing: /home/orin/ros2_ws/install/articubot_one/share/articubot_one/launch/online_async_launch.py
[3.051s] -- Installing: /home/orin/ros2_ws/install/articubot_one/share/articubot_one/launch/camera.launch.py
[3.052s] -- Installing: /home/orin/ros2_ws/install/articubot_one/share/articubot_one/launch/launch_sim.launch.py
[3.052s] -- Installing: /home/orin/ros2_ws/install/articubot_one/share/articubot_one/worlds
[3.052s] -- Installing: /home/orin/ros2_ws/install/articubot_one/share/articubot_one/worlds/empty.world
[3.052s] -- Installing: /home/orin/ros2_ws/install/articubot_one/share/articubot_one/worlds/obstacles.world
[3.053s] -- Installing: /home/orin/ros2_ws/install/articubot_one/share/ament_index/resource_index/package_run_dependencies/articubot_one
[3.053s] -- Installing: /home/orin/ros2_ws/install/articubot_one/share/ament_index/resource_index/parent_prefix_path/articubot_one
[3.054s] -- Installing: /home/orin/ros2_ws/install/articubot_one/share/articubot_one/environment/ament_prefix_path.sh
[3.054s] -- Installing: /home/orin/ros2_ws/install/articubot_one/share/articubot_one/environment/ament_prefix_path.dsv
[3.054s] -- Installing: /home/orin/ros2_ws/install/articubot_one/share/articubot_one/environment/path.sh
[3.055s] -- Installing: /home/orin/ros2_ws/install/articubot_one/share/articubot_one/environment/path.dsv
[3.055s] -- Installing: /home/orin/ros2_ws/install/articubot_one/share/articubot_one/local_setup.bash
[3.055s] -- Installing: /home/orin/ros2_ws/install/articubot_one/share/articubot_one/local_setup.sh
[3.055s] -- Installing: /home/orin/ros2_ws/install/articubot_one/share/articubot_one/local_setup.zsh
[3.056s] -- Installing: /home/orin/ros2_ws/install/articubot_one/share/articubot_one/local_setup.dsv
[3.056s] -- Installing: /home/orin/ros2_ws/install/articubot_one/share/articubot_one/package.dsv
[3.056s] -- Installing: /home/orin/ros2_ws/install/articubot_one/share/ament_index/resource_index/packages/articubot_one
[3.057s] -- Installing: /home/orin/ros2_ws/install/articubot_one/share/articubot_one/cmake/articubot_oneConfig.cmake
[3.057s] -- Installing: /home/orin/ros2_ws/install/articubot_one/share/articubot_one/cmake/articubot_oneConfig-version.cmake
[3.057s] -- Installing: /home/orin/ros2_ws/install/articubot_one/share/articubot_one/package.xml
[3.062s] Invoked command in '/home/orin/ros2_ws/build/articubot_one' returned '0': CMAKE_PREFIX_PATH=/opt/ros/humble /usr/bin/cmake --install /home/orin/ros2_ws/build/articubot_one
