[2.082s] Invoking command in '/home/orin/ros2_ws/src/teleop_twist_keyboard': PYTHONPATH=/home/orin/ros2_ws/build/teleop_twist_keyboard/prefix_override:/usr/lib/python3/dist-packages/colcon_core/task/python/colcon_distutils_commands:/home/orin/ros2_ws/install/teleop_twist_keyboard/lib/python3.10/site-packages:${PYTHONPATH} /usr/bin/python3 -W ignore:setup.py install is deprecated -W ignore:easy_install command is deprecated setup.py egg_info --egg-base ../../build/teleop_twist_keyboard build --build-base /home/orin/ros2_ws/build/teleop_twist_keyboard/build install --record /home/orin/ros2_ws/build/teleop_twist_keyboard/install.log --install-scripts $base/lib/teleop_twist_keyboard --single-version-externally-managed install_data
[2.419s] /home/orin/.local/lib/python3.10/site-packages/setuptools/dist.py:452: SetuptoolsDeprecationWarning: Invalid dash-separated options
[2.419s] !!
[2.419s] 
[2.420s]         ********************************************************************************
[2.420s]         Usage of dash-separated 'script-dir' will not be supported in future
[2.420s]         versions. Please use the underscore name 'script_dir' instead.
[2.421s] 
[2.421s]         This deprecation is overdue, please update your project and remove deprecated
[2.421s]         calls to avoid build errors in the future.
[2.421s] 
[2.422s]         See https://setuptools.pypa.io/en/latest/userguide/declarative_config.html for details.
[2.422s]         ********************************************************************************
[2.422s] 
[2.422s] !!
[2.422s]   opt = self.warn_dash_deprecation(opt, section)
[2.818s] running egg_info
[2.874s] writing ../../build/teleop_twist_keyboard/teleop_twist_keyboard.egg-info/PKG-INFO
[2.876s] writing dependency_links to ../../build/teleop_twist_keyboard/teleop_twist_keyboard.egg-info/dependency_links.txt
[2.876s] writing entry points to ../../build/teleop_twist_keyboard/teleop_twist_keyboard.egg-info/entry_points.txt
[2.876s] writing requirements to ../../build/teleop_twist_keyboard/teleop_twist_keyboard.egg-info/requires.txt
[2.877s] writing top-level names to ../../build/teleop_twist_keyboard/teleop_twist_keyboard.egg-info/top_level.txt
[2.988s] reading manifest file '../../build/teleop_twist_keyboard/teleop_twist_keyboard.egg-info/SOURCES.txt'
[2.989s] adding license file 'LICENSE'
[2.991s] writing manifest file '../../build/teleop_twist_keyboard/teleop_twist_keyboard.egg-info/SOURCES.txt'
[2.992s] running build
[2.992s] running build_py
[2.992s] copying teleop_twist_keyboard.py -> /home/orin/ros2_ws/build/teleop_twist_keyboard/build/lib
[2.993s] running install
[3.003s] running install_lib
[3.059s] running install_data
[3.060s] copying resource/teleop_twist_keyboard -> /home/orin/ros2_ws/install/teleop_twist_keyboard/share/ament_index/resource_index/packages
[3.060s] copying package.xml -> /home/orin/ros2_ws/install/teleop_twist_keyboard/share/teleop_twist_keyboard
[3.061s] running install_egg_info
[3.119s] removing '/home/orin/ros2_ws/install/teleop_twist_keyboard/lib/python3.10/site-packages/teleop_twist_keyboard-2.0.0-py3.10.egg-info' (and everything under it)
[3.119s] Copying ../../build/teleop_twist_keyboard/teleop_twist_keyboard.egg-info to /home/orin/ros2_ws/install/teleop_twist_keyboard/lib/python3.10/site-packages/teleop_twist_keyboard-2.0.0-py3.10.egg-info
[3.122s] running install_scripts
[3.557s] Installing teleop_twist_keyboard script to /home/orin/ros2_ws/install/teleop_twist_keyboard/lib/teleop_twist_keyboard
[3.557s] writing list of installed files to '/home/orin/ros2_ws/build/teleop_twist_keyboard/install.log'
[3.641s] Invoked command in '/home/orin/ros2_ws/src/teleop_twist_keyboard' returned '0': PYTHONPATH=/home/orin/ros2_ws/build/teleop_twist_keyboard/prefix_override:/usr/lib/python3/dist-packages/colcon_core/task/python/colcon_distutils_commands:/home/orin/ros2_ws/install/teleop_twist_keyboard/lib/python3.10/site-packages:${PYTHONPATH} /usr/bin/python3 -W ignore:setup.py install is deprecated -W ignore:easy_install command is deprecated setup.py egg_info --egg-base ../../build/teleop_twist_keyboard build --build-base /home/orin/ros2_ws/build/teleop_twist_keyboard/build install --record /home/orin/ros2_ws/build/teleop_twist_keyboard/install.log --install-scripts $base/lib/teleop_twist_keyboard --single-version-externally-managed install_data
