[0.074s] Invoking command in '/home/orin/ros2_ws/build/my_bot_description': AMENT_PREFIX_PATH=/home/orin/ros2_ws/install/ros2_control_demo_description:${AMENT_PREFIX_PATH} CMAKE_PREFIX_PATH=/home/orin/ros2_ws/install/ros2_control_demo_description:/opt/ros/humble /usr/bin/cmake --build /home/orin/ros2_ws/build/my_bot_description -- -j6 -l6
[0.663s] [100%] Built target my_bot_description
[0.685s] Invoked command in '/home/orin/ros2_ws/build/my_bot_description' returned '0': AMENT_PREFIX_PATH=/home/orin/ros2_ws/install/ros2_control_demo_description:${AMENT_PREFIX_PATH} CMAKE_PREFIX_PATH=/home/orin/ros2_ws/install/ros2_control_demo_description:/opt/ros/humble /usr/bin/cmake --build /home/orin/ros2_ws/build/my_bot_description -- -j6 -l6
[0.712s] Invoking command in '/home/orin/ros2_ws/build/my_bot_description': AMENT_PREFIX_PATH=/home/orin/ros2_ws/install/ros2_control_demo_description:${AMENT_PREFIX_PATH} CMAKE_PREFIX_PATH=/home/orin/ros2_ws/install/ros2_control_demo_description:/opt/ros/humble /usr/bin/cmake --install /home/orin/ros2_ws/build/my_bot_description
[0.731s] -- Install configuration: ""
[0.734s] -- Execute custom install script
[0.741s] -- Up-to-date symlink: /home/orin/ros2_ws/install/my_bot_description/share/my_bot_description//my_bot_ros2_control.xml
[0.759s] -- Up-to-date symlink: /home/orin/ros2_ws/install/my_bot_description/share/my_bot_description/config/my_bot/back_wheel.yaml
[0.760s] -- Up-to-date symlink: /home/orin/ros2_ws/install/my_bot_description/share/my_bot_description/config/my_bot/base.yaml
[0.761s] -- Up-to-date symlink: /home/orin/ros2_ws/install/my_bot_description/share/my_bot_description/config/my_bot/front_wheel.yaml
[0.762s] -- Up-to-date symlink: /home/orin/ros2_ws/install/my_bot_description/share/my_bot_description/config/my_bot/imu.yaml
[0.763s] -- Up-to-date symlink: /home/orin/ros2_ws/install/my_bot_description/share/my_bot_description/config/my_bot/motor.yaml
[0.764s] -- Up-to-date symlink: /home/orin/ros2_ws/install/my_bot_description/share/my_bot_description/config/my_bot/sensors.yaml
[0.764s] -- Up-to-date symlink: /home/orin/ros2_ws/install/my_bot_description/share/my_bot_description/config/my_bot/wheel.yaml
[0.766s] -- Up-to-date symlink: /home/orin/ros2_ws/install/my_bot_description/share/my_bot_description/config/my_controllers.yaml
[0.767s] -- Up-to-date symlink: /home/orin/ros2_ws/install/my_bot_description/share/my_bot_description/config/twist_mux.yaml
[0.793s] -- Up-to-date symlink: /home/orin/ros2_ws/install/my_bot_description/share/my_bot_description/description/depth_camera.xacro
[0.794s] -- Up-to-date symlink: /home/orin/ros2_ws/install/my_bot_description/share/my_bot_description/description/gazebo_control.xacro
[0.795s] -- Up-to-date symlink: /home/orin/ros2_ws/install/my_bot_description/share/my_bot_description/description/imu.xacro
[0.796s] -- Up-to-date symlink: /home/orin/ros2_ws/install/my_bot_description/share/my_bot_description/description/inertial_macros.xacro
[0.797s] -- Up-to-date symlink: /home/orin/ros2_ws/install/my_bot_description/share/my_bot_description/description/lidar.xacro
[0.800s] -- Up-to-date symlink: /home/orin/ros2_ws/install/my_bot_description/share/my_bot_description/description/meshes/components/wheel.stl
[0.801s] -- Up-to-date symlink: /home/orin/ros2_ws/install/my_bot_description/share/my_bot_description/description/meshes/my_bot/bottom_plate.stl
[0.802s] -- Up-to-date symlink: /home/orin/ros2_ws/install/my_bot_description/share/my_bot_description/description/meshes/my_bot/bottom_plate_original.stl
[0.803s] -- Up-to-date symlink: /home/orin/ros2_ws/install/my_bot_description/share/my_bot_description/description/meshes/my_bot/dead_plate.stl
[0.804s] -- Up-to-date symlink: /home/orin/ros2_ws/install/my_bot_description/share/my_bot_description/description/meshes/my_bot/motor.stl
[0.805s] -- Up-to-date symlink: /home/orin/ros2_ws/install/my_bot_description/share/my_bot_description/description/meshes/my_bot/top_plate.stl
[0.806s] -- Up-to-date symlink: /home/orin/ros2_ws/install/my_bot_description/share/my_bot_description/description/meshes/my_bot/wheel_rim.stl
[0.807s] -- Up-to-date symlink: /home/orin/ros2_ws/install/my_bot_description/share/my_bot_description/description/meshes/my_bot/wheel_tire.stl
[0.809s] -- Up-to-date symlink: /home/orin/ros2_ws/install/my_bot_description/share/my_bot_description/description/meshes/sensors/OAK-D-LITE.stl
[0.810s] -- Up-to-date symlink: /home/orin/ros2_ws/install/my_bot_description/share/my_bot_description/description/meshes/sensors/rplidar_main.stl
[0.810s] -- Up-to-date symlink: /home/orin/ros2_ws/install/my_bot_description/share/my_bot_description/description/my_bot.urdf.xacro
[0.811s] -- Up-to-date symlink: /home/orin/ros2_ws/install/my_bot_description/share/my_bot_description/description/robot.urdf
[0.812s] -- Up-to-date symlink: /home/orin/ros2_ws/install/my_bot_description/share/my_bot_description/description/robot.urdf.xacro
[0.813s] -- Up-to-date symlink: /home/orin/ros2_ws/install/my_bot_description/share/my_bot_description/description/robot_core.xacro
[0.820s] -- Up-to-date symlink: /home/orin/ros2_ws/install/my_bot_description/share/my_bot_description/description/ros2_control/my_bot_ros2_control.xacro
[0.820s] -- Up-to-date symlink: /home/orin/ros2_ws/install/my_bot_description/share/my_bot_description/description/ros2_control/ros2_control.xacro
[0.824s] -- Up-to-date symlink: /home/orin/ros2_ws/install/my_bot_description/share/my_bot_description/hardware/ROSArduinoBridge.ino
[0.827s] -- Up-to-date symlink: /home/orin/ros2_ws/install/my_bot_description/share/my_bot_description/hardware/ROSArduinoBridge/.encoder_driver.h.swp
[0.828s] -- Up-to-date symlink: /home/orin/ros2_ws/install/my_bot_description/share/my_bot_description/hardware/ROSArduinoBridge/ROSArduinoBridge.ino
[0.829s] -- Up-to-date symlink: /home/orin/ros2_ws/install/my_bot_description/share/my_bot_description/hardware/ROSArduinoBridge/commands.h
[0.830s] -- Up-to-date symlink: /home/orin/ros2_ws/install/my_bot_description/share/my_bot_description/hardware/ROSArduinoBridge/diff_controller.h
[0.831s] -- Up-to-date symlink: /home/orin/ros2_ws/install/my_bot_description/share/my_bot_description/hardware/ROSArduinoBridge/encoder_driver.h
[0.833s] -- Up-to-date symlink: /home/orin/ros2_ws/install/my_bot_description/share/my_bot_description/hardware/ROSArduinoBridge/encoder_driver.ino
[0.834s] -- Up-to-date symlink: /home/orin/ros2_ws/install/my_bot_description/share/my_bot_description/hardware/ROSArduinoBridge/motor_driver.h
[0.836s] -- Up-to-date symlink: /home/orin/ros2_ws/install/my_bot_description/share/my_bot_description/hardware/ROSArduinoBridge/motor_driver.ino
[0.837s] -- Up-to-date symlink: /home/orin/ros2_ws/install/my_bot_description/share/my_bot_description/hardware/ROSArduinoBridge/sensors.h
[0.838s] -- Up-to-date symlink: /home/orin/ros2_ws/install/my_bot_description/share/my_bot_description/hardware/ROSArduinoBridge/servos.h
[0.839s] -- Up-to-date symlink: /home/orin/ros2_ws/install/my_bot_description/share/my_bot_description/hardware/ROSArduinoBridge/servos.ino
[0.839s] -- Up-to-date symlink: /home/orin/ros2_ws/install/my_bot_description/share/my_bot_description/hardware/diffbot_system.cpp
[0.842s] -- Up-to-date symlink: /home/orin/ros2_ws/install/my_bot_description/share/my_bot_description/hardware/include/my_bot_ros2_control/diffbot_system.hpp
[0.845s] -- Up-to-date symlink: /home/orin/ros2_ws/install/my_bot_description/share/my_bot_description/launch/display.launch.py
[0.846s] -- Up-to-date symlink: /home/orin/ros2_ws/install/my_bot_description/share/my_bot_description/launch/displaytest.launch.py
[0.847s] -- Up-to-date symlink: /home/orin/ros2_ws/install/my_bot_description/share/my_bot_description/launch/rsp.launch.py
[0.849s] -- Up-to-date symlink: /home/orin/ros2_ws/install/my_bot_description/share/my_bot_description/rviz/my_bot_description.rviz
[0.853s] -- Up-to-date symlink: /home/orin/ros2_ws/install/my_bot_description/share/my_bot_description/urdf/include/addon_macro.urdf.xacro
[0.854s] -- Up-to-date symlink: /home/orin/ros2_ws/install/my_bot_description/share/my_bot_description/urdf/include/common_macros.urdf.xacro
[0.855s] -- Up-to-date symlink: /home/orin/ros2_ws/install/my_bot_description/share/my_bot_description/urdf/include/common_sensors.xacro
[0.856s] -- Up-to-date symlink: /home/orin/ros2_ws/install/my_bot_description/share/my_bot_description/urdf/include/robot.gazebo.xacro
[0.857s] -- Up-to-date symlink: /home/orin/ros2_ws/install/my_bot_description/share/my_bot_description/urdf/my_bot.urdf.xacro
[0.860s] -- Up-to-date symlink: /home/orin/ros2_ws/install/my_bot_description/share/my_bot_description/worlds/empty.world
[0.861s] -- Up-to-date symlink: /home/orin/ros2_ws/install/my_bot_description/share/my_bot_description/worlds/obstacles.world
[0.864s] -- Up-to-date symlink: /home/orin/ros2_ws/install/my_bot_description/include/my_bot_description/my_bot_ros2_control/diffbot_system.hpp
[0.867s] -- Up-to-date symlink: /home/orin/ros2_ws/install/my_bot_description/share/ament_index/resource_index/package_run_dependencies/my_bot_description
[0.869s] -- Up-to-date symlink: /home/orin/ros2_ws/install/my_bot_description/share/ament_index/resource_index/parent_prefix_path/my_bot_description
[0.871s] -- Up-to-date symlink: /home/orin/ros2_ws/install/my_bot_description/share/my_bot_description/environment/ament_prefix_path.sh
[0.872s] -- Up-to-date symlink: /home/orin/ros2_ws/install/my_bot_description/share/my_bot_description/environment/ament_prefix_path.dsv
[0.873s] -- Up-to-date symlink: /home/orin/ros2_ws/install/my_bot_description/share/my_bot_description/environment/path.sh
[0.874s] -- Up-to-date symlink: /home/orin/ros2_ws/install/my_bot_description/share/my_bot_description/environment/path.dsv
[0.875s] -- Up-to-date symlink: /home/orin/ros2_ws/install/my_bot_description/share/my_bot_description/local_setup.bash
[0.876s] -- Up-to-date symlink: /home/orin/ros2_ws/install/my_bot_description/share/my_bot_description/local_setup.sh
[0.877s] -- Up-to-date symlink: /home/orin/ros2_ws/install/my_bot_description/share/my_bot_description/local_setup.zsh
[0.878s] -- Up-to-date symlink: /home/orin/ros2_ws/install/my_bot_description/share/my_bot_description/local_setup.dsv
[0.879s] -- Symlinking: /home/orin/ros2_ws/install/my_bot_description/share/my_bot_description/package.dsv
[0.903s] -- Up-to-date symlink: /home/orin/ros2_ws/install/my_bot_description/share/ament_index/resource_index/packages/my_bot_description
[0.905s] -- Up-to-date symlink: /home/orin/ros2_ws/install/my_bot_description/share/ament_index/resource_index/hardware_interface__pluginlib__plugin/my_bot_description
[0.907s] -- Up-to-date symlink: /home/orin/ros2_ws/install/my_bot_description/share/my_bot_description/cmake/my_bot_descriptionConfig.cmake
[0.908s] -- Up-to-date symlink: /home/orin/ros2_ws/install/my_bot_description/share/my_bot_description/cmake/my_bot_descriptionConfig-version.cmake
[0.908s] -- Up-to-date symlink: /home/orin/ros2_ws/install/my_bot_description/share/my_bot_description/package.xml
[0.914s] Invoked command in '/home/orin/ros2_ws/build/my_bot_description' returned '0': AMENT_PREFIX_PATH=/home/orin/ros2_ws/install/ros2_control_demo_description:${AMENT_PREFIX_PATH} CMAKE_PREFIX_PATH=/home/orin/ros2_ws/install/ros2_control_demo_description:/opt/ros/humble /usr/bin/cmake --install /home/orin/ros2_ws/build/my_bot_description
