[0.024s] Invoking command in '/home/orin/ros2_ws/build/diffbot_description': CMAKE_PREFIX_PATH=/opt/ros/humble /usr/bin/cmake /home/orin/ros2_ws/src/diffbot_description -DCMAKE_INSTALL_PREFIX=/home/orin/ros2_ws/install/diffbot_description
[0.524s] -- The C compiler identification is GNU 11.4.0
[0.889s] -- The CXX compiler identification is GNU 11.4.0
[0.916s] -- Detecting C compiler ABI info
[1.093s] -- Detecting C compiler ABI info - done
[1.110s] -- Check for working C compiler: /usr/bin/cc - skipped
[1.112s] -- Detecting C compile features
[1.113s] -- Detecting C compile features - done
[1.122s] -- Detecting CXX compiler ABI info
[1.324s] -- Detecting CXX compiler ABI info - done
[1.348s] -- Check for working CXX compiler: /usr/bin/c++ - skipped
[1.349s] -- Detecting CXX compile features
[1.350s] -- Detecting CXX compile features - done
[1.366s] -- Found ament_cmake: 1.3.11 (/opt/ros/humble/share/ament_cmake/cmake)
[2.201s] -- Found Python3: /usr/bin/python3 (found version "3.10.12") found components: Interpreter 
[2.430s] -- Found ament_lint_auto: 0.12.11 (/opt/ros/humble/share/ament_lint_auto/cmake)
[2.633s] -- Added test 'lint_cmake' to check CMake code style
[2.639s] -- Added test 'xmllint' to check XML markup files
[2.643s] -- Configuring done
[2.654s] -- Generating done
[2.658s] -- Build files have been written to: /home/orin/ros2_ws/build/diffbot_description
[2.670s] Invoked command in '/home/orin/ros2_ws/build/diffbot_description' returned '0': CMAKE_PREFIX_PATH=/opt/ros/humble /usr/bin/cmake /home/orin/ros2_ws/src/diffbot_description -DCMAKE_INSTALL_PREFIX=/home/orin/ros2_ws/install/diffbot_description
[2.677s] Invoking command in '/home/orin/ros2_ws/build/diffbot_description': CMAKE_PREFIX_PATH=/opt/ros/humble /usr/bin/cmake --build /home/orin/ros2_ws/build/diffbot_description -- -j6 -l6
[2.777s] Invoked command in '/home/orin/ros2_ws/build/diffbot_description' returned '0': CMAKE_PREFIX_PATH=/opt/ros/humble /usr/bin/cmake --build /home/orin/ros2_ws/build/diffbot_description -- -j6 -l6
[2.809s] Invoking command in '/home/orin/ros2_ws/build/diffbot_description': CMAKE_PREFIX_PATH=/opt/ros/humble /usr/bin/cmake --install /home/orin/ros2_ws/build/diffbot_description
[2.829s] -- Install configuration: ""
[2.829s] -- Installing: /home/orin/ros2_ws/install/diffbot_description/share/ament_index/resource_index/package_run_dependencies/diffbot_description
[2.830s] -- Installing: /home/orin/ros2_ws/install/diffbot_description/share/ament_index/resource_index/parent_prefix_path/diffbot_description
[2.830s] -- Installing: /home/orin/ros2_ws/install/diffbot_description/share/diffbot_description/environment/ament_prefix_path.sh
[2.830s] -- Installing: /home/orin/ros2_ws/install/diffbot_description/share/diffbot_description/environment/ament_prefix_path.dsv
[2.831s] -- Installing: /home/orin/ros2_ws/install/diffbot_description/share/diffbot_description/environment/path.sh
[2.834s] -- Installing: /home/orin/ros2_ws/install/diffbot_description/share/diffbot_description/environment/path.dsv
[2.834s] -- Installing: /home/orin/ros2_ws/install/diffbot_description/share/diffbot_description/local_setup.bash
[2.835s] -- Installing: /home/orin/ros2_ws/install/diffbot_description/share/diffbot_description/local_setup.sh
[2.835s] -- Installing: /home/orin/ros2_ws/install/diffbot_description/share/diffbot_description/local_setup.zsh
[2.835s] -- Installing: /home/orin/ros2_ws/install/diffbot_description/share/diffbot_description/local_setup.dsv
[2.835s] -- Installing: /home/orin/ros2_ws/install/diffbot_description/share/diffbot_description/package.dsv
[2.835s] -- Installing: /home/orin/ros2_ws/install/diffbot_description/share/ament_index/resource_index/packages/diffbot_description
[2.835s] -- Installing: /home/orin/ros2_ws/install/diffbot_description/share/diffbot_description/cmake/diffbot_descriptionConfig.cmake
[2.835s] -- Installing: /home/orin/ros2_ws/install/diffbot_description/share/diffbot_description/cmake/diffbot_descriptionConfig-version.cmake
[2.835s] -- Installing: /home/orin/ros2_ws/install/diffbot_description/share/diffbot_description/package.xml
[2.841s] Invoked command in '/home/orin/ros2_ws/build/diffbot_description' returned '0': CMAKE_PREFIX_PATH=/opt/ros/humble /usr/bin/cmake --install /home/orin/ros2_ws/build/diffbot_description
