-- ------------------------------------------
-- Depthai Bridge is being built using AMENT.
-- ------------------------------------------
-- Found camera_info_manager: 3.1.9 (/opt/ros/humble/share/camera_info_manager/cmake)
-- Override CMake install command with custom implementation using symlinks instead of copying resources
-- Found rosidl_generator_c: 3.1.5 (/opt/ros/humble/share/rosidl_generator_c/cmake)
-- Found rosidl_adapter: 3.1.5 (/opt/ros/humble/share/rosidl_adapter/cmake)
-- Found rosidl_generator_cpp: 3.1.5 (/opt/ros/humble/share/rosidl_generator_cpp/cmake)
-- Using all available rosidl_typesupport_c: rosidl_typesupport_fastrtps_c;rosidl_typesupport_introspection_c
-- Using all available rosidl_typesupport_cpp: rosidl_typesupport_fastrtps_cpp;rosidl_typesupport_introspection_cpp
-- Found rmw_implementation_cmake: 6.1.2 (/opt/ros/humble/share/rmw_implementation_cmake/cmake)
-- Found rmw_fastrtps_cpp: 6.2.7 (/opt/ros/humble/share/rmw_fastrtps_cpp/cmake)
-- Using RMW implementation 'rmw_fastrtps_cpp' as default
-- Found cv_bridge: 3.2.1 (/opt/ros/humble/share/cv_bridge/cmake)
-- Found depthai_ros_msgs: 2.10.4 (/home/orin/ros2_ws/install/depthai_ros_msgs/share/depthai_ros_msgs/cmake)
-- Found image_transport: 3.1.9 (/opt/ros/humble/share/image_transport/cmake)
-- Found stereo_msgs: 4.2.4 (/opt/ros/humble/share/stereo_msgs/cmake)
-- Found tf2_ros: 0.25.8 (/opt/ros/humble/share/tf2_ros/cmake)
-- Found tf2_geometry_msgs: 0.25.8 (/opt/ros/humble/share/tf2_geometry_msgs/cmake)
-- Found eigen3_cmake_module: 0.1.1 (/opt/ros/humble/share/eigen3_cmake_module/cmake)
-- Ensuring Eigen3 include directory is part of orocos-kdl CMake target
-- Found ffmpeg_image_transport_msgs: 1.1.2 (/opt/ros/humble/share/ffmpeg_image_transport_msgs/cmake)
-- --------------------------humble ---
-- humble
-- Configuring done
-- Generating done
-- Build files have been written to: /home/orin/ros2_ws/build/depthai_bridge
[35m[1mConsolidate compiler generated dependencies of target depthai_bridge[0m
[100%] Built target depthai_bridge
-- Install configuration: ""
-- Execute custom install script
-- Up-to-date symlink: /home/orin/ros2_ws/install/depthai_bridge/share/depthai_bridge/environment/library_path.sh
-- Up-to-date symlink: /home/orin/ros2_ws/install/depthai_bridge/share/depthai_bridge/environment/library_path.dsv
-- Up-to-date symlink: /home/orin/ros2_ws/install/depthai_bridge/include//depthai_bridge/BridgePublisher.hpp
-- Up-to-date symlink: /home/orin/ros2_ws/install/depthai_bridge/include//depthai_bridge/DisparityConverter.hpp
-- Up-to-date symlink: /home/orin/ros2_ws/install/depthai_bridge/include//depthai_bridge/ImageConverter.hpp
-- Up-to-date symlink: /home/orin/ros2_ws/install/depthai_bridge/include//depthai_bridge/ImgDetectionConverter.hpp
-- Up-to-date symlink: /home/orin/ros2_ws/install/depthai_bridge/include//depthai_bridge/ImuConverter.hpp
-- Up-to-date symlink: /home/orin/ros2_ws/install/depthai_bridge/include//depthai_bridge/SpatialDetectionConverter.hpp
-- Up-to-date symlink: /home/orin/ros2_ws/install/depthai_bridge/include//depthai_bridge/TFPublisher.hpp
-- Up-to-date symlink: /home/orin/ros2_ws/install/depthai_bridge/include//depthai_bridge/TrackDetectionConverter.hpp
-- Up-to-date symlink: /home/orin/ros2_ws/install/depthai_bridge/include//depthai_bridge/TrackSpatialDetectionConverter.hpp
-- Up-to-date symlink: /home/orin/ros2_ws/install/depthai_bridge/include//depthai_bridge/TrackedFeaturesConverter.hpp
-- Up-to-date symlink: /home/orin/ros2_ws/install/depthai_bridge/include//depthai_bridge/depthaiUtility.hpp
-- Up-to-date symlink: /home/orin/ros2_ws/install/depthai_bridge/share/depthai_bridge/rviz/pointCloud.rviz
-- Up-to-date symlink: /home/orin/ros2_ws/install/depthai_bridge/share/ament_index/resource_index/package_run_dependencies/depthai_bridge
-- Up-to-date symlink: /home/orin/ros2_ws/install/depthai_bridge/share/ament_index/resource_index/parent_prefix_path/depthai_bridge
-- Up-to-date symlink: /home/orin/ros2_ws/install/depthai_bridge/share/depthai_bridge/environment/ament_prefix_path.sh
-- Up-to-date symlink: /home/orin/ros2_ws/install/depthai_bridge/share/depthai_bridge/environment/ament_prefix_path.dsv
-- Up-to-date symlink: /home/orin/ros2_ws/install/depthai_bridge/share/depthai_bridge/environment/path.sh
-- Up-to-date symlink: /home/orin/ros2_ws/install/depthai_bridge/share/depthai_bridge/environment/path.dsv
-- Up-to-date symlink: /home/orin/ros2_ws/install/depthai_bridge/share/depthai_bridge/local_setup.bash
-- Up-to-date symlink: /home/orin/ros2_ws/install/depthai_bridge/share/depthai_bridge/local_setup.sh
-- Up-to-date symlink: /home/orin/ros2_ws/install/depthai_bridge/share/depthai_bridge/local_setup.zsh
-- Up-to-date symlink: /home/orin/ros2_ws/install/depthai_bridge/share/depthai_bridge/local_setup.dsv
-- Symlinking: /home/orin/ros2_ws/install/depthai_bridge/share/depthai_bridge/package.dsv
-- Up-to-date symlink: /home/orin/ros2_ws/install/depthai_bridge/share/ament_index/resource_index/packages/depthai_bridge
-- Up-to-date symlink: /home/orin/ros2_ws/install/depthai_bridge/share/depthai_bridge/cmake/ament_cmake_export_targets-extras.cmake
-- Up-to-date symlink: /home/orin/ros2_ws/install/depthai_bridge/share/depthai_bridge/cmake/ament_cmake_export_include_directories-extras.cmake
-- Up-to-date symlink: /home/orin/ros2_ws/install/depthai_bridge/share/depthai_bridge/cmake/ament_cmake_export_libraries-extras.cmake
-- Up-to-date symlink: /home/orin/ros2_ws/install/depthai_bridge/share/depthai_bridge/cmake/ament_cmake_export_dependencies-extras.cmake
-- Up-to-date symlink: /home/orin/ros2_ws/install/depthai_bridge/share/depthai_bridge/cmake/depthai_bridgeConfig.cmake
-- Up-to-date symlink: /home/orin/ros2_ws/install/depthai_bridge/share/depthai_bridge/cmake/depthai_bridgeConfig-version.cmake
-- Up-to-date symlink: /home/orin/ros2_ws/install/depthai_bridge/share/depthai_bridge/package.xml
-- Up-to-date: /home/orin/ros2_ws/install/depthai_bridge/lib/libdepthai_bridge.so
-- Up-to-date: /home/orin/ros2_ws/install/depthai_bridge/share/depthai_bridge/cmake/depthai_bridgeTargets.cmake
-- Up-to-date: /home/orin/ros2_ws/install/depthai_bridge/share/depthai_bridge/cmake/depthai_bridgeTargets-noconfig.cmake
-- Up-to-date: /home/orin/ros2_ws/install/depthai_bridge/share/depthai_bridge/cmake/depthai_bridgeTargetsExport.cmake
-- Up-to-date: /home/orin/ros2_ws/install/depthai_bridge/share/depthai_bridge/cmake/depthai_bridgeTargetsExport-noconfig.cmake
