-- Found ament_cmake: 1.3.11 (/opt/ros/humble/share/ament_cmake/cmake)
-- Configuring done
-- Generating done
-- Build files have been written to: /home/orin/ros2_ws/build/depthai-ros
-- Install configuration: ""
-- Up-to-date: /home/orin/ros2_ws/install/depthai-ros/share/ament_index/resource_index/package_run_dependencies/depthai-ros
-- Installing: /home/orin/ros2_ws/install/depthai-ros/share/ament_index/resource_index/parent_prefix_path/depthai-ros
-- Installing: /home/orin/ros2_ws/install/depthai-ros/share/depthai-ros/environment/ament_prefix_path.sh
-- Installing: /home/orin/ros2_ws/install/depthai-ros/share/depthai-ros/environment/ament_prefix_path.dsv
-- Installing: /home/orin/ros2_ws/install/depthai-ros/share/depthai-ros/environment/path.sh
-- Installing: /home/orin/ros2_ws/install/depthai-ros/share/depthai-ros/environment/path.dsv
-- Up-to-date: /home/orin/ros2_ws/install/depthai-ros/share/depthai-ros/local_setup.bash
-- Up-to-date: /home/orin/ros2_ws/install/depthai-ros/share/depthai-ros/local_setup.sh
-- Up-to-date: /home/orin/ros2_ws/install/depthai-ros/share/depthai-ros/local_setup.zsh
-- Installing: /home/orin/ros2_ws/install/depthai-ros/share/depthai-ros/local_setup.dsv
-- Installing: /home/orin/ros2_ws/install/depthai-ros/share/depthai-ros/package.dsv
-- Up-to-date: /home/orin/ros2_ws/install/depthai-ros/share/ament_index/resource_index/packages/depthai-ros
-- Installing: /home/orin/ros2_ws/install/depthai-ros/share/depthai-ros/cmake/depthai-rosConfig.cmake
-- Installing: /home/orin/ros2_ws/install/depthai-ros/share/depthai-ros/cmake/depthai-rosConfig-version.cmake
-- Installing: /home/orin/ros2_ws/install/depthai-ros/share/depthai-ros/package.xml
