-- Found ament_cmake: 1.3.11 (/opt/ros/humble/share/ament_cmake/cmake)
-- Override CMake install command with custom implementation using symlinks instead of copying resources
-- Found hardware_interface: 2.48.0 (/opt/ros/humble/share/hardware_interface/cmake)
-- Found rosidl_generator_c: 3.1.6 (/opt/ros/humble/share/rosidl_generator_c/cmake)
-- Found rosidl_adapter: 3.1.6 (/opt/ros/humble/share/rosidl_adapter/cmake)
-- Found rosidl_generator_cpp: 3.1.6 (/opt/ros/humble/share/rosidl_generator_cpp/cmake)
-- Using all available rosidl_typesupport_c: rosidl_typesupport_fastrtps_c;rosidl_typesupport_introspection_c
-- Using all available rosidl_typesupport_cpp: rosidl_typesupport_fastrtps_cpp;rosidl_typesupport_introspection_cpp
-- Found rmw_implementation_cmake: 6.1.2 (/opt/ros/humble/share/rmw_implementation_cmake/cmake)
-- Found rmw_fastrtps_cpp: 6.2.7 (/opt/ros/humble/share/rmw_fastrtps_cpp/cmake)
-- Found TinyXML2 via Config file: TinyXML2_DIR-NOTFOUND
-- Found TinyXML2 via Config file: TinyXML2_DIR-NOTFOUND
-- Found TinyXML2 via Config file: TinyXML2_DIR-NOTFOUND
-- Found TinyXML2 via Config file: TinyXML2_DIR-NOTFOUND
-- Using RMW implementation 'rmw_fastrtps_cpp' as default
-- Found generate_parameter_library: 0.4.0 (/opt/ros/humble/share/generate_parameter_library/cmake)
-- Found parameter_traits: 0.4.0 (/opt/ros/humble/share/parameter_traits/cmake)
-- Found controller_interface: 2.48.0 (/opt/ros/humble/share/controller_interface/cmake)
-- Found realtime_tools: 2.11.0 (/opt/ros/humble/share/realtime_tools/cmake)
-- Found ament_cmake_pytest: 1.3.11 (/opt/ros/humble/share/ament_cmake_pytest/cmake)
-- Configuring done
-- Generating done
-- Build files have been written to: /home/orin/ros2_ws/build/ros2_control_demo_example_12
[35m[1mConsolidate compiler generated dependencies of target ros2_control_demo_example_12[0m
[ 16%] [32mBuilding CXX object CMakeFiles/ros2_control_demo_example_12.dir/hardware/rrbot.cpp.o[0m
[ 33%] [32m[1mLinking CXX shared library libros2_control_demo_example_12.so[0m
[ 33%] Built target ros2_control_demo_example_12
[ 50%] [34m[1mRunning `/opt/ros/humble/bin/generate_parameter_library_cpp /home/orin/ros2_ws/build/ros2_control_demo_example_12/include/ros2_control_demo_example_12/passthrough_controller_parameters.hpp /home/orin/ros2_ws/src/ros2_control_demos/example_12/controllers/src/passthrough_controller_parameters.yaml `[0m
[ 66%] [34m[1mCreating deprecated header file /home/orin/ros2_ws/build/ros2_control_demo_example_12/include/passthrough_controller_parameters.hpp[0m
[ 66%] Built target passthrough_controller_parameters
[35m[1mConsolidate compiler generated dependencies of target passthrough_controller[0m
[ 83%] [32mBuilding CXX object CMakeFiles/passthrough_controller.dir/controllers/src/passthrough_controller.cpp.o[0m
[100%] [32m[1mLinking CXX shared library libpassthrough_controller.so[0m
[100%] Built target passthrough_controller
-- Install configuration: ""
-- Execute custom install script
-- Up-to-date symlink: /home/orin/ros2_ws/install/ros2_control_demo_example_12/share/ros2_control_demo_example_12//ros2_control_demo_example_12.xml
-- Up-to-date symlink: /home/orin/ros2_ws/install/ros2_control_demo_example_12/include/ros2_control_demo_example_12/passthrough_controller_parameters.hpp
-- Up-to-date symlink: /home/orin/ros2_ws/install/ros2_control_demo_example_12/share/ros2_control_demo_example_12//passthrough_controller.xml
-- Up-to-date symlink: /home/orin/ros2_ws/install/ros2_control_demo_example_12/include/ros2_control_demo_example_12/ros2_control_demo_example_12/rrbot.hpp
-- Up-to-date symlink: /home/orin/ros2_ws/install/ros2_control_demo_example_12/share/ros2_control_demo_example_12/launch/view_robot.launch.py
-- Up-to-date symlink: /home/orin/ros2_ws/install/ros2_control_demo_example_12/share/ros2_control_demo_example_12/ros2_control/rrbot.ros2_control.xacro
-- Up-to-date symlink: /home/orin/ros2_ws/install/ros2_control_demo_example_12/share/ros2_control_demo_example_12/urdf/rrbot.urdf.xacro
-- Up-to-date symlink: /home/orin/ros2_ws/install/ros2_control_demo_example_12/share/ros2_control_demo_example_12/launch/launch_chained_controllers.launch.py
-- Up-to-date symlink: /home/orin/ros2_ws/install/ros2_control_demo_example_12/share/ros2_control_demo_example_12/launch/rrbot.launch.py
-- Up-to-date symlink: /home/orin/ros2_ws/install/ros2_control_demo_example_12/share/ros2_control_demo_example_12/config/rrbot_chained_controllers.yaml
-- Up-to-date symlink: /home/orin/ros2_ws/install/ros2_control_demo_example_12/include/passthrough_controller/passthrough_controller/passthrough_controller.hpp
-- Up-to-date symlink: /home/orin/ros2_ws/install/ros2_control_demo_example_12/share/ros2_control_demo_example_12/environment/library_path.sh
-- Up-to-date symlink: /home/orin/ros2_ws/install/ros2_control_demo_example_12/share/ros2_control_demo_example_12/environment/library_path.dsv
-- Up-to-date symlink: /home/orin/ros2_ws/install/ros2_control_demo_example_12/share/ament_index/resource_index/package_run_dependencies/ros2_control_demo_example_12
-- Up-to-date symlink: /home/orin/ros2_ws/install/ros2_control_demo_example_12/share/ament_index/resource_index/parent_prefix_path/ros2_control_demo_example_12
-- Up-to-date symlink: /home/orin/ros2_ws/install/ros2_control_demo_example_12/share/ros2_control_demo_example_12/environment/ament_prefix_path.sh
-- Up-to-date symlink: /home/orin/ros2_ws/install/ros2_control_demo_example_12/share/ros2_control_demo_example_12/environment/ament_prefix_path.dsv
-- Up-to-date symlink: /home/orin/ros2_ws/install/ros2_control_demo_example_12/share/ros2_control_demo_example_12/environment/path.sh
-- Up-to-date symlink: /home/orin/ros2_ws/install/ros2_control_demo_example_12/share/ros2_control_demo_example_12/environment/path.dsv
-- Up-to-date symlink: /home/orin/ros2_ws/install/ros2_control_demo_example_12/share/ros2_control_demo_example_12/local_setup.bash
-- Up-to-date symlink: /home/orin/ros2_ws/install/ros2_control_demo_example_12/share/ros2_control_demo_example_12/local_setup.sh
-- Up-to-date symlink: /home/orin/ros2_ws/install/ros2_control_demo_example_12/share/ros2_control_demo_example_12/local_setup.zsh
-- Up-to-date symlink: /home/orin/ros2_ws/install/ros2_control_demo_example_12/share/ros2_control_demo_example_12/local_setup.dsv
-- Symlinking: /home/orin/ros2_ws/install/ros2_control_demo_example_12/share/ros2_control_demo_example_12/package.dsv
-- Up-to-date symlink: /home/orin/ros2_ws/install/ros2_control_demo_example_12/share/ament_index/resource_index/packages/ros2_control_demo_example_12
-- Up-to-date symlink: /home/orin/ros2_ws/install/ros2_control_demo_example_12/share/ament_index/resource_index/hardware_interface__pluginlib__plugin/ros2_control_demo_example_12
-- Up-to-date symlink: /home/orin/ros2_ws/install/ros2_control_demo_example_12/share/ament_index/resource_index/controller_interface__pluginlib__plugin/ros2_control_demo_example_12
-- Up-to-date symlink: /home/orin/ros2_ws/install/ros2_control_demo_example_12/share/ros2_control_demo_example_12/cmake/ament_cmake_export_dependencies-extras.cmake
-- Up-to-date symlink: /home/orin/ros2_ws/install/ros2_control_demo_example_12/share/ros2_control_demo_example_12/cmake/ament_cmake_export_targets-extras.cmake
-- Up-to-date symlink: /home/orin/ros2_ws/install/ros2_control_demo_example_12/share/ros2_control_demo_example_12/cmake/ros2_control_demo_example_12Config.cmake
-- Up-to-date symlink: /home/orin/ros2_ws/install/ros2_control_demo_example_12/share/ros2_control_demo_example_12/cmake/ros2_control_demo_example_12Config-version.cmake
-- Up-to-date symlink: /home/orin/ros2_ws/install/ros2_control_demo_example_12/share/ros2_control_demo_example_12/package.xml
-- Installing: /home/orin/ros2_ws/install/ros2_control_demo_example_12/lib/libros2_control_demo_example_12.so
-- Set runtime path of "/home/orin/ros2_ws/install/ros2_control_demo_example_12/lib/libros2_control_demo_example_12.so" to ""
-- Installing: /home/orin/ros2_ws/install/ros2_control_demo_example_12/lib/libpassthrough_controller.so
-- Set runtime path of "/home/orin/ros2_ws/install/ros2_control_demo_example_12/lib/libpassthrough_controller.so" to ""
-- Up-to-date: /home/orin/ros2_ws/install/ros2_control_demo_example_12/share/ros2_control_demo_example_12/cmake/export_passthrough_controllerExport.cmake
-- Up-to-date: /home/orin/ros2_ws/install/ros2_control_demo_example_12/share/ros2_control_demo_example_12/cmake/export_passthrough_controllerExport-noconfig.cmake
-- Up-to-date: /home/orin/ros2_ws/install/ros2_control_demo_example_12/share/ros2_control_demo_example_12/cmake/export_ros2_control_demo_example_12Export.cmake
-- Up-to-date: /home/orin/ros2_ws/install/ros2_control_demo_example_12/share/ros2_control_demo_example_12/cmake/export_ros2_control_demo_example_12Export-noconfig.cmake
