[0.029s] Invoking command in '/home/orin/ros2_ws/build/sllidar_ros2': CMAKE_PREFIX_PATH=/opt/ros/humble /usr/bin/cmake /home/orin/ros2_ws/src/sllidar_ros2 -DCMAKE_INSTALL_PREFIX=/home/orin/ros2_ws/install/sllidar_ros2
[0.095s] -- Found ament_cmake: 1.3.11 (/opt/ros/humble/share/ament_cmake/cmake)
[0.458s] -- Override CMake install command with custom implementation using symlinks instead of copying resources
[0.483s] -- Found rclcpp: 16.0.11 (/opt/ros/humble/share/rclcpp/cmake)
[0.551s] -- Found rosidl_generator_c: 3.1.6 (/opt/ros/humble/share/rosidl_generator_c/cmake)
[0.557s] -- Found rosidl_adapter: 3.1.6 (/opt/ros/humble/share/rosidl_adapter/cmake)
[0.578s] -- Found rosidl_generator_cpp: 3.1.6 (/opt/ros/humble/share/rosidl_generator_cpp/cmake)
[0.601s] -- Using all available rosidl_typesupport_c: rosidl_typesupport_fastrtps_c;rosidl_typesupport_introspection_c
[0.628s] -- Using all available rosidl_typesupport_cpp: rosidl_typesupport_fastrtps_cpp;rosidl_typesupport_introspection_cpp
[0.709s] -- Found rmw_implementation_cmake: 6.1.2 (/opt/ros/humble/share/rmw_implementation_cmake/cmake)
[0.713s] -- Found rmw_fastrtps_cpp: 6.2.7 (/opt/ros/humble/share/rmw_fastrtps_cpp/cmake)
[1.027s] -- Using RMW implementation 'rmw_fastrtps_cpp' as default
[1.134s] -- Found sensor_msgs: 4.2.4 (/opt/ros/humble/share/sensor_msgs/cmake)
[1.199s] -- Found std_srvs: 4.2.4 (/opt/ros/humble/share/std_srvs/cmake)
[1.421s] -- Configuring done
[1.501s] -- Generating done
[1.516s] -- Build files have been written to: /home/orin/ros2_ws/build/sllidar_ros2
[1.555s] Invoked command in '/home/orin/ros2_ws/build/sllidar_ros2' returned '0': CMAKE_PREFIX_PATH=/opt/ros/humble /usr/bin/cmake /home/orin/ros2_ws/src/sllidar_ros2 -DCMAKE_INSTALL_PREFIX=/home/orin/ros2_ws/install/sllidar_ros2
[1.557s] Invoking command in '/home/orin/ros2_ws/build/sllidar_ros2': CMAKE_PREFIX_PATH=/opt/ros/humble /usr/bin/cmake --build /home/orin/ros2_ws/build/sllidar_ros2 -- -j6 -l6
[1.688s] [35m[1mConsolidate compiler generated dependencies of target sllidar_node[0m
[1.788s] [ 90%] Built target sllidar_node
[1.821s] [35m[1mConsolidate compiler generated dependencies of target sllidar_client[0m
[1.872s] [100%] Built target sllidar_client
[1.911s] Invoked command in '/home/orin/ros2_ws/build/sllidar_ros2' returned '0': CMAKE_PREFIX_PATH=/opt/ros/humble /usr/bin/cmake --build /home/orin/ros2_ws/build/sllidar_ros2 -- -j6 -l6
[1.915s] Invoking command in '/home/orin/ros2_ws/build/sllidar_ros2': CMAKE_PREFIX_PATH=/opt/ros/humble /usr/bin/cmake --install /home/orin/ros2_ws/build/sllidar_ros2
[1.933s] -- Install configuration: ""
[1.935s] -- Execute custom install script
[1.948s] -- Up-to-date symlink: /home/orin/ros2_ws/install/sllidar_ros2/share/sllidar_ros2/launch/__pycache__/sllidar_a1_launch.cpython-310.pyc
[1.951s] -- Up-to-date symlink: /home/orin/ros2_ws/install/sllidar_ros2/share/sllidar_ros2/launch/__pycache__/view_sllidar_a1_launch.cpython-310.pyc
[1.952s] -- Up-to-date symlink: /home/orin/ros2_ws/install/sllidar_ros2/share/sllidar_ros2/launch/sllidar_a1_launch.py
[1.954s] -- Up-to-date symlink: /home/orin/ros2_ws/install/sllidar_ros2/share/sllidar_ros2/launch/view_sllidar_a1_launch.py
[1.956s] -- Up-to-date symlink: /home/orin/ros2_ws/install/sllidar_ros2/share/sllidar_ros2/rviz/sllidar_ros2.rviz
[1.958s] -- Up-to-date symlink: /home/orin/ros2_ws/install/sllidar_ros2/lib/sllidar_ros2/sllidar_node
[1.959s] -- Up-to-date symlink: /home/orin/ros2_ws/install/sllidar_ros2/lib/sllidar_ros2/sllidar_client
[1.962s] -- Up-to-date symlink: /home/orin/ros2_ws/install/sllidar_ros2/share/ament_index/resource_index/package_run_dependencies/sllidar_ros2
[1.964s] -- Up-to-date symlink: /home/orin/ros2_ws/install/sllidar_ros2/share/ament_index/resource_index/parent_prefix_path/sllidar_ros2
[1.967s] -- Up-to-date symlink: /home/orin/ros2_ws/install/sllidar_ros2/share/sllidar_ros2/environment/ament_prefix_path.sh
[1.969s] -- Up-to-date symlink: /home/orin/ros2_ws/install/sllidar_ros2/share/sllidar_ros2/environment/ament_prefix_path.dsv
[1.971s] -- Up-to-date symlink: /home/orin/ros2_ws/install/sllidar_ros2/share/sllidar_ros2/environment/path.sh
[1.972s] -- Up-to-date symlink: /home/orin/ros2_ws/install/sllidar_ros2/share/sllidar_ros2/environment/path.dsv
[1.974s] -- Up-to-date symlink: /home/orin/ros2_ws/install/sllidar_ros2/share/sllidar_ros2/local_setup.bash
[1.976s] -- Up-to-date symlink: /home/orin/ros2_ws/install/sllidar_ros2/share/sllidar_ros2/local_setup.sh
[1.978s] -- Up-to-date symlink: /home/orin/ros2_ws/install/sllidar_ros2/share/sllidar_ros2/local_setup.zsh
[1.980s] -- Up-to-date symlink: /home/orin/ros2_ws/install/sllidar_ros2/share/sllidar_ros2/local_setup.dsv
[1.981s] -- Symlinking: /home/orin/ros2_ws/install/sllidar_ros2/share/sllidar_ros2/package.dsv
[2.002s] -- Up-to-date symlink: /home/orin/ros2_ws/install/sllidar_ros2/share/ament_index/resource_index/packages/sllidar_ros2
[2.004s] -- Up-to-date symlink: /home/orin/ros2_ws/install/sllidar_ros2/share/sllidar_ros2/cmake/ament_cmake_export_dependencies-extras.cmake
[2.005s] -- Up-to-date symlink: /home/orin/ros2_ws/install/sllidar_ros2/share/sllidar_ros2/cmake/ament_cmake_export_include_directories-extras.cmake
[2.006s] -- Up-to-date symlink: /home/orin/ros2_ws/install/sllidar_ros2/share/sllidar_ros2/cmake/sllidar_ros2Config.cmake
[2.011s] -- Up-to-date symlink: /home/orin/ros2_ws/install/sllidar_ros2/share/sllidar_ros2/cmake/sllidar_ros2Config-version.cmake
[2.011s] -- Up-to-date symlink: /home/orin/ros2_ws/install/sllidar_ros2/share/sllidar_ros2/package.xml
[2.021s] Invoked command in '/home/orin/ros2_ws/build/sllidar_ros2' returned '0': CMAKE_PREFIX_PATH=/opt/ros/humble /usr/bin/cmake --install /home/orin/ros2_ws/build/sllidar_ros2
