[2.440s] Invoking command in '/home/orin/ros2_ws/src/arduino_encoder_odom': PYTHONPATH=/home/orin/ros2_ws/build/arduino_encoder_odom/prefix_override:/usr/lib/python3/dist-packages/colcon_core/task/python/colcon_distutils_commands:/home/orin/ros2_ws/install/arduino_encoder_odom/lib/python3.10/site-packages:${PYTHONPATH} /usr/bin/python3 -W ignore:setup.py install is deprecated -W ignore:easy_install command is deprecated setup.py egg_info --egg-base ../../build/arduino_encoder_odom build --build-base /home/orin/ros2_ws/build/arduino_encoder_odom/build install --record /home/orin/ros2_ws/build/arduino_encoder_odom/install.log --single-version-externally-managed install_data
[3.293s] running egg_info
[3.347s] writing ../../build/arduino_encoder_odom/arduino_encoder_odom.egg-info/PKG-INFO
[3.347s] writing dependency_links to ../../build/arduino_encoder_odom/arduino_encoder_odom.egg-info/dependency_links.txt
[3.349s] writing entry points to ../../build/arduino_encoder_odom/arduino_encoder_odom.egg-info/entry_points.txt
[3.350s] writing requirements to ../../build/arduino_encoder_odom/arduino_encoder_odom.egg-info/requires.txt
[3.350s] writing top-level names to ../../build/arduino_encoder_odom/arduino_encoder_odom.egg-info/top_level.txt
[3.474s] reading manifest file '../../build/arduino_encoder_odom/arduino_encoder_odom.egg-info/SOURCES.txt'
[3.475s] adding license file 'LICENSE'
[3.477s] writing manifest file '../../build/arduino_encoder_odom/arduino_encoder_odom.egg-info/SOURCES.txt'
[3.477s] running build
[3.478s] running build_py
[3.478s] copying arduino_encoder_odom/__init__.py -> /home/orin/ros2_ws/build/arduino_encoder_odom/build/lib/arduino_encoder_odom
[3.479s] running install
[3.491s] running install_lib
[3.554s] running install_data
[3.554s] copying resource/arduino_encoder_odom -> /home/orin/ros2_ws/install/arduino_encoder_odom/share/ament_index/resource_index/packages
[3.555s] copying package.xml -> /home/orin/ros2_ws/install/arduino_encoder_odom/share/arduino_encoder_odom
[3.556s] running install_egg_info
[3.620s] removing '/home/orin/ros2_ws/install/arduino_encoder_odom/lib/python3.10/site-packages/arduino_encoder_odom-0.0.0-py3.10.egg-info' (and everything under it)
[3.621s] Copying ../../build/arduino_encoder_odom/arduino_encoder_odom.egg-info to /home/orin/ros2_ws/install/arduino_encoder_odom/lib/python3.10/site-packages/arduino_encoder_odom-0.0.0-py3.10.egg-info
[3.623s] running install_scripts
[4.129s] Installing arduino_encoder_odom script to /home/orin/ros2_ws/install/arduino_encoder_odom/lib/arduino_encoder_odom
[4.130s] writing list of installed files to '/home/orin/ros2_ws/build/arduino_encoder_odom/install.log'
[4.223s] Invoked command in '/home/orin/ros2_ws/src/arduino_encoder_odom' returned '0': PYTHONPATH=/home/orin/ros2_ws/build/arduino_encoder_odom/prefix_override:/usr/lib/python3/dist-packages/colcon_core/task/python/colcon_distutils_commands:/home/orin/ros2_ws/install/arduino_encoder_odom/lib/python3.10/site-packages:${PYTHONPATH} /usr/bin/python3 -W ignore:setup.py install is deprecated -W ignore:easy_install command is deprecated setup.py egg_info --egg-base ../../build/arduino_encoder_odom build --build-base /home/orin/ros2_ws/build/arduino_encoder_odom/build install --record /home/orin/ros2_ws/build/arduino_encoder_odom/install.log --single-version-externally-managed install_data
