[0.098s] Invoking command in '/home/orin/ros2_ws/build/depthai_bridge': AMENT_PREFIX_PATH=/home/orin/ros2_ws/install/depthai_ros_msgs:${AMENT_PREFIX_PATH} CMAKE_PREFIX_PATH=/home/orin/ros2_ws/install/depthai_ros_msgs:/opt/ros/humble LD_LIBRARY_PATH=/home/orin/ros2_ws/install/depthai_ros_msgs/lib:${LD_LIBRARY_PATH} PYTHONPATH=/home/orin/ros2_ws/install/depthai_ros_msgs/local/lib/python3.10/dist-packages:${PYTHONPATH} /usr/bin/cmake --build /home/orin/ros2_ws/build/depthai_bridge -- -j6 -l6
[0.727s] [100%] Built target depthai_bridge
[0.813s] Invoked command in '/home/orin/ros2_ws/build/depthai_bridge' returned '0': AMENT_PREFIX_PATH=/home/orin/ros2_ws/install/depthai_ros_msgs:${AMENT_PREFIX_PATH} CMAKE_PREFIX_PATH=/home/orin/ros2_ws/install/depthai_ros_msgs:/opt/ros/humble LD_LIBRARY_PATH=/home/orin/ros2_ws/install/depthai_ros_msgs/lib:${LD_LIBRARY_PATH} PYTHONPATH=/home/orin/ros2_ws/install/depthai_ros_msgs/local/lib/python3.10/dist-packages:${PYTHONPATH} /usr/bin/cmake --build /home/orin/ros2_ws/build/depthai_bridge -- -j6 -l6
[0.829s] Invoking command in '/home/orin/ros2_ws/build/depthai_bridge': AMENT_PREFIX_PATH=/home/orin/ros2_ws/install/depthai_ros_msgs:${AMENT_PREFIX_PATH} CMAKE_PREFIX_PATH=/home/orin/ros2_ws/install/depthai_ros_msgs:/opt/ros/humble LD_LIBRARY_PATH=/home/orin/ros2_ws/install/depthai_ros_msgs/lib:${LD_LIBRARY_PATH} PYTHONPATH=/home/orin/ros2_ws/install/depthai_ros_msgs/local/lib/python3.10/dist-packages:${PYTHONPATH} /usr/bin/cmake --install /home/orin/ros2_ws/build/depthai_bridge
[0.872s] -- Install configuration: ""
[0.880s] -- Execute custom install script
[0.880s] -- Up-to-date symlink: /home/orin/ros2_ws/install/depthai_bridge/share/depthai_bridge/environment/library_path.sh
[0.881s] -- Up-to-date symlink: /home/orin/ros2_ws/install/depthai_bridge/share/depthai_bridge/environment/library_path.dsv
[0.881s] -- Up-to-date symlink: /home/orin/ros2_ws/install/depthai_bridge/include//depthai_bridge/BridgePublisher.hpp
[0.881s] -- Up-to-date symlink: /home/orin/ros2_ws/install/depthai_bridge/include//depthai_bridge/DisparityConverter.hpp
[0.881s] -- Up-to-date symlink: /home/orin/ros2_ws/install/depthai_bridge/include//depthai_bridge/ImageConverter.hpp
[0.886s] -- Up-to-date symlink: /home/orin/ros2_ws/install/depthai_bridge/include//depthai_bridge/ImgDetectionConverter.hpp
[0.886s] -- Up-to-date symlink: /home/orin/ros2_ws/install/depthai_bridge/include//depthai_bridge/ImuConverter.hpp
[0.886s] -- Up-to-date symlink: /home/orin/ros2_ws/install/depthai_bridge/include//depthai_bridge/SpatialDetectionConverter.hpp
[0.887s] -- Up-to-date symlink: /home/orin/ros2_ws/install/depthai_bridge/include//depthai_bridge/TFPublisher.hpp
[0.887s] -- Up-to-date symlink: /home/orin/ros2_ws/install/depthai_bridge/include//depthai_bridge/TrackDetectionConverter.hpp
[0.887s] -- Up-to-date symlink: /home/orin/ros2_ws/install/depthai_bridge/include//depthai_bridge/TrackSpatialDetectionConverter.hpp
[0.887s] -- Up-to-date symlink: /home/orin/ros2_ws/install/depthai_bridge/include//depthai_bridge/TrackedFeaturesConverter.hpp
[0.888s] -- Up-to-date symlink: /home/orin/ros2_ws/install/depthai_bridge/include//depthai_bridge/depthaiUtility.hpp
[0.894s] -- Up-to-date symlink: /home/orin/ros2_ws/install/depthai_bridge/share/depthai_bridge/rviz/pointCloud.rviz
[0.895s] -- Up-to-date symlink: /home/orin/ros2_ws/install/depthai_bridge/share/ament_index/resource_index/package_run_dependencies/depthai_bridge
[0.895s] -- Up-to-date symlink: /home/orin/ros2_ws/install/depthai_bridge/share/ament_index/resource_index/parent_prefix_path/depthai_bridge
[0.895s] -- Up-to-date symlink: /home/orin/ros2_ws/install/depthai_bridge/share/depthai_bridge/environment/ament_prefix_path.sh
[0.895s] -- Up-to-date symlink: /home/orin/ros2_ws/install/depthai_bridge/share/depthai_bridge/environment/ament_prefix_path.dsv
[0.898s] -- Up-to-date symlink: /home/orin/ros2_ws/install/depthai_bridge/share/depthai_bridge/environment/path.sh
[0.899s] -- Up-to-date symlink: /home/orin/ros2_ws/install/depthai_bridge/share/depthai_bridge/environment/path.dsv
[0.899s] -- Up-to-date symlink: /home/orin/ros2_ws/install/depthai_bridge/share/depthai_bridge/local_setup.bash
[0.900s] -- Up-to-date symlink: /home/orin/ros2_ws/install/depthai_bridge/share/depthai_bridge/local_setup.sh
[0.900s] -- Up-to-date symlink: /home/orin/ros2_ws/install/depthai_bridge/share/depthai_bridge/local_setup.zsh
[0.900s] -- Up-to-date symlink: /home/orin/ros2_ws/install/depthai_bridge/share/depthai_bridge/local_setup.dsv
[0.900s] -- Symlinking: /home/orin/ros2_ws/install/depthai_bridge/share/depthai_bridge/package.dsv
[0.952s] -- Up-to-date symlink: /home/orin/ros2_ws/install/depthai_bridge/share/ament_index/resource_index/packages/depthai_bridge
[0.956s] -- Up-to-date symlink: /home/orin/ros2_ws/install/depthai_bridge/share/depthai_bridge/cmake/ament_cmake_export_targets-extras.cmake
[0.956s] -- Up-to-date symlink: /home/orin/ros2_ws/install/depthai_bridge/share/depthai_bridge/cmake/ament_cmake_export_include_directories-extras.cmake
[0.957s] -- Up-to-date symlink: /home/orin/ros2_ws/install/depthai_bridge/share/depthai_bridge/cmake/ament_cmake_export_libraries-extras.cmake
[0.957s] -- Up-to-date symlink: /home/orin/ros2_ws/install/depthai_bridge/share/depthai_bridge/cmake/ament_cmake_export_dependencies-extras.cmake
[0.957s] -- Up-to-date symlink: /home/orin/ros2_ws/install/depthai_bridge/share/depthai_bridge/cmake/depthai_bridgeConfig.cmake
[0.957s] -- Up-to-date symlink: /home/orin/ros2_ws/install/depthai_bridge/share/depthai_bridge/cmake/depthai_bridgeConfig-version.cmake
[0.957s] -- Up-to-date symlink: /home/orin/ros2_ws/install/depthai_bridge/share/depthai_bridge/package.xml
[0.968s] -- Up-to-date: /home/orin/ros2_ws/install/depthai_bridge/lib/libdepthai_bridge.so
[0.972s] -- Up-to-date: /home/orin/ros2_ws/install/depthai_bridge/share/depthai_bridge/cmake/depthai_bridgeTargets.cmake
[0.973s] -- Up-to-date: /home/orin/ros2_ws/install/depthai_bridge/share/depthai_bridge/cmake/depthai_bridgeTargets-noconfig.cmake
[0.974s] -- Up-to-date: /home/orin/ros2_ws/install/depthai_bridge/share/depthai_bridge/cmake/depthai_bridgeTargetsExport.cmake
[0.975s] -- Up-to-date: /home/orin/ros2_ws/install/depthai_bridge/share/depthai_bridge/cmake/depthai_bridgeTargetsExport-noconfig.cmake
[0.996s] Invoked command in '/home/orin/ros2_ws/build/depthai_bridge' returned '0': AMENT_PREFIX_PATH=/home/orin/ros2_ws/install/depthai_ros_msgs:${AMENT_PREFIX_PATH} CMAKE_PREFIX_PATH=/home/orin/ros2_ws/install/depthai_ros_msgs:/opt/ros/humble LD_LIBRARY_PATH=/home/orin/ros2_ws/install/depthai_ros_msgs/lib:${LD_LIBRARY_PATH} PYTHONPATH=/home/orin/ros2_ws/install/depthai_ros_msgs/local/lib/python3.10/dist-packages:${PYTHONPATH} /usr/bin/cmake --install /home/orin/ros2_ws/build/depthai_bridge
