[2.889s] Invoking command in '/home/orin/ros2_ws/src/hcsr04_sensor': PYTHONPATH=/home/orin/ros2_ws/src/hcsr04_sensor/build/hcsr04_sensor/prefix_override:/usr/lib/python3/dist-packages/colcon_core/task/python/colcon_distutils_commands:/home/orin/ros2_ws/src/hcsr04_sensor/install/hcsr04_sensor/lib/python3.10/site-packages:${PYTHONPATH} /usr/bin/python3 -W ignore:setup.py install is deprecated setup.py egg_info --egg-base build/hcsr04_sensor build --build-base /home/orin/ros2_ws/src/hcsr04_sensor/build/hcsr04_sensor/build install --record /home/orin/ros2_ws/src/hcsr04_sensor/build/hcsr04_sensor/install.log --single-version-externally-managed install_data
[3.262s] /home/orin/.local/lib/python3.10/site-packages/setuptools/_distutils/dist.py:261: UserWarning: Unknown distribution option: 'tests_require'
[3.262s]   warnings.warn(msg)
[3.579s] running egg_info
[3.580s] creating build/hcsr04_sensor/hcsr04_sensor.egg-info
[3.632s] writing build/hcsr04_sensor/hcsr04_sensor.egg-info/PKG-INFO
[3.633s] writing dependency_links to build/hcsr04_sensor/hcsr04_sensor.egg-info/dependency_links.txt
[3.634s] writing entry points to build/hcsr04_sensor/hcsr04_sensor.egg-info/entry_points.txt
[3.634s] writing requirements to build/hcsr04_sensor/hcsr04_sensor.egg-info/requires.txt
[3.634s] writing top-level names to build/hcsr04_sensor/hcsr04_sensor.egg-info/top_level.txt
[3.635s] writing manifest file 'build/hcsr04_sensor/hcsr04_sensor.egg-info/SOURCES.txt'
[3.743s] reading manifest file 'build/hcsr04_sensor/hcsr04_sensor.egg-info/SOURCES.txt'
[3.745s] writing manifest file 'build/hcsr04_sensor/hcsr04_sensor.egg-info/SOURCES.txt'
[3.746s] running build
[3.746s] running build_py
[3.746s] creating /home/orin/ros2_ws/src/hcsr04_sensor/build/hcsr04_sensor/build/lib/hcsr04_sensor
[3.749s] copying hcsr04_sensor/__init__.py -> /home/orin/ros2_ws/src/hcsr04_sensor/build/hcsr04_sensor/build/lib/hcsr04_sensor
[3.749s] copying hcsr04_sensor/hcsr04_subscriber.py -> /home/orin/ros2_ws/src/hcsr04_sensor/build/hcsr04_sensor/build/lib/hcsr04_sensor
[3.750s] copying hcsr04_sensor/hcsr04_publisher.py -> /home/orin/ros2_ws/src/hcsr04_sensor/build/hcsr04_sensor/build/lib/hcsr04_sensor
[3.752s] running install
[3.762s] running install_lib
[3.815s] creating /home/orin/ros2_ws/src/hcsr04_sensor/install/hcsr04_sensor/lib/python3.10/site-packages/hcsr04_sensor
[3.816s] copying /home/orin/ros2_ws/src/hcsr04_sensor/build/hcsr04_sensor/build/lib/hcsr04_sensor/__init__.py -> /home/orin/ros2_ws/src/hcsr04_sensor/install/hcsr04_sensor/lib/python3.10/site-packages/hcsr04_sensor
[3.816s] copying /home/orin/ros2_ws/src/hcsr04_sensor/build/hcsr04_sensor/build/lib/hcsr04_sensor/hcsr04_subscriber.py -> /home/orin/ros2_ws/src/hcsr04_sensor/install/hcsr04_sensor/lib/python3.10/site-packages/hcsr04_sensor
[3.817s] copying /home/orin/ros2_ws/src/hcsr04_sensor/build/hcsr04_sensor/build/lib/hcsr04_sensor/hcsr04_publisher.py -> /home/orin/ros2_ws/src/hcsr04_sensor/install/hcsr04_sensor/lib/python3.10/site-packages/hcsr04_sensor
[3.817s] byte-compiling /home/orin/ros2_ws/src/hcsr04_sensor/install/hcsr04_sensor/lib/python3.10/site-packages/hcsr04_sensor/__init__.py to __init__.cpython-310.pyc
[3.818s] byte-compiling /home/orin/ros2_ws/src/hcsr04_sensor/install/hcsr04_sensor/lib/python3.10/site-packages/hcsr04_sensor/hcsr04_subscriber.py to hcsr04_subscriber.cpython-310.pyc
[3.819s] byte-compiling /home/orin/ros2_ws/src/hcsr04_sensor/install/hcsr04_sensor/lib/python3.10/site-packages/hcsr04_sensor/hcsr04_publisher.py to hcsr04_publisher.cpython-310.pyc
[3.821s] running install_data
[3.821s] creating /home/orin/ros2_ws/src/hcsr04_sensor/install/hcsr04_sensor/share/ament_index/resource_index/packages
[3.822s] copying resource/hcsr04_sensor -> /home/orin/ros2_ws/src/hcsr04_sensor/install/hcsr04_sensor/share/ament_index/resource_index/packages
[3.822s] copying package.xml -> /home/orin/ros2_ws/src/hcsr04_sensor/install/hcsr04_sensor/share/hcsr04_sensor
[3.823s] running install_egg_info
[3.879s] Copying build/hcsr04_sensor/hcsr04_sensor.egg-info to /home/orin/ros2_ws/src/hcsr04_sensor/install/hcsr04_sensor/lib/python3.10/site-packages/hcsr04_sensor-0.0.0-py3.10.egg-info
[3.882s] running install_scripts
[4.375s] Installing hcsr04_publisher script to /home/orin/ros2_ws/src/hcsr04_sensor/install/hcsr04_sensor/lib/hcsr04_sensor
[4.377s] writing list of installed files to '/home/orin/ros2_ws/src/hcsr04_sensor/build/hcsr04_sensor/install.log'
[4.460s] Invoked command in '/home/orin/ros2_ws/src/hcsr04_sensor' returned '0': PYTHONPATH=/home/orin/ros2_ws/src/hcsr04_sensor/build/hcsr04_sensor/prefix_override:/usr/lib/python3/dist-packages/colcon_core/task/python/colcon_distutils_commands:/home/orin/ros2_ws/src/hcsr04_sensor/install/hcsr04_sensor/lib/python3.10/site-packages:${PYTHONPATH} /usr/bin/python3 -W ignore:setup.py install is deprecated setup.py egg_info --egg-base build/hcsr04_sensor build --build-base /home/orin/ros2_ws/src/hcsr04_sensor/build/hcsr04_sensor/build install --record /home/orin/ros2_ws/src/hcsr04_sensor/build/hcsr04_sensor/install.log --single-version-externally-managed install_data
