[4.624s] Invoking command in '/home/orin/ros2_ws/src/examples/rclpy/services/minimal_client': PYTHONPATH=/home/orin/ros2_ws/build/examples_rclpy_minimal_client/prefix_override:/usr/lib/python3/dist-packages/colcon_core/task/python/colcon_distutils_commands:/home/orin/ros2_ws/install/examples_rclpy_minimal_client/lib/python3.10/site-packages:${PYTHONPATH} /usr/bin/python3 -W ignore:setup.py install is deprecated setup.py egg_info --egg-base ../../../../../build/examples_rclpy_minimal_client build --build-base /home/orin/ros2_ws/build/examples_rclpy_minimal_client/build install --record /home/orin/ros2_ws/build/examples_rclpy_minimal_client/install.log --single-version-externally-managed install_data
[5.419s] /home/orin/.local/lib/python3.10/site-packages/setuptools/_distutils/dist.py:261: UserWarning: Unknown distribution option: 'tests_require'
[5.420s]   warnings.warn(msg)
[5.917s] running egg_info
[5.989s] writing ../../../../../build/examples_rclpy_minimal_client/examples_rclpy_minimal_client.egg-info/PKG-INFO
[5.994s] writing dependency_links to ../../../../../build/examples_rclpy_minimal_client/examples_rclpy_minimal_client.egg-info/dependency_links.txt
[5.996s] writing entry points to ../../../../../build/examples_rclpy_minimal_client/examples_rclpy_minimal_client.egg-info/entry_points.txt
[5.999s] writing requirements to ../../../../../build/examples_rclpy_minimal_client/examples_rclpy_minimal_client.egg-info/requires.txt
[6.002s] writing top-level names to ../../../../../build/examples_rclpy_minimal_client/examples_rclpy_minimal_client.egg-info/top_level.txt
[6.135s] reading manifest file '../../../../../build/examples_rclpy_minimal_client/examples_rclpy_minimal_client.egg-info/SOURCES.txt'
[6.141s] writing manifest file '../../../../../build/examples_rclpy_minimal_client/examples_rclpy_minimal_client.egg-info/SOURCES.txt'
[6.144s] running build
[6.145s] running build_py
[6.147s] copying examples_rclpy_minimal_client/client.py -> /home/orin/ros2_ws/build/examples_rclpy_minimal_client/build/lib/examples_rclpy_minimal_client
[6.148s] copying examples_rclpy_minimal_client/__init__.py -> /home/orin/ros2_ws/build/examples_rclpy_minimal_client/build/lib/examples_rclpy_minimal_client
[6.148s] copying examples_rclpy_minimal_client/client_async_member_function.py -> /home/orin/ros2_ws/build/examples_rclpy_minimal_client/build/lib/examples_rclpy_minimal_client
[6.148s] copying examples_rclpy_minimal_client/client_async.py -> /home/orin/ros2_ws/build/examples_rclpy_minimal_client/build/lib/examples_rclpy_minimal_client
[6.148s] copying examples_rclpy_minimal_client/client_async_callback.py -> /home/orin/ros2_ws/build/examples_rclpy_minimal_client/build/lib/examples_rclpy_minimal_client
[6.148s] running install
[6.158s] running install_lib
[6.241s] running install_data
[6.247s] copying resource/examples_rclpy_minimal_client -> /home/orin/ros2_ws/install/examples_rclpy_minimal_client/share/ament_index/resource_index/packages
[6.248s] copying package.xml -> /home/orin/ros2_ws/install/examples_rclpy_minimal_client/share/examples_rclpy_minimal_client
[6.248s] running install_egg_info
[6.310s] removing '/home/orin/ros2_ws/install/examples_rclpy_minimal_client/lib/python3.10/site-packages/examples_rclpy_minimal_client-0.15.2-py3.10.egg-info' (and everything under it)
[6.315s] Copying ../../../../../build/examples_rclpy_minimal_client/examples_rclpy_minimal_client.egg-info to /home/orin/ros2_ws/install/examples_rclpy_minimal_client/lib/python3.10/site-packages/examples_rclpy_minimal_client-0.15.2-py3.10.egg-info
[6.328s] running install_scripts
[7.202s] Installing client script to /home/orin/ros2_ws/install/examples_rclpy_minimal_client/lib/examples_rclpy_minimal_client
[7.207s] Installing client_async script to /home/orin/ros2_ws/install/examples_rclpy_minimal_client/lib/examples_rclpy_minimal_client
[7.213s] Installing client_async_callback script to /home/orin/ros2_ws/install/examples_rclpy_minimal_client/lib/examples_rclpy_minimal_client
[7.217s] Installing client_async_member_function script to /home/orin/ros2_ws/install/examples_rclpy_minimal_client/lib/examples_rclpy_minimal_client
[7.221s] writing list of installed files to '/home/orin/ros2_ws/build/examples_rclpy_minimal_client/install.log'
[7.469s] Invoked command in '/home/orin/ros2_ws/src/examples/rclpy/services/minimal_client' returned '0': PYTHONPATH=/home/orin/ros2_ws/build/examples_rclpy_minimal_client/prefix_override:/usr/lib/python3/dist-packages/colcon_core/task/python/colcon_distutils_commands:/home/orin/ros2_ws/install/examples_rclpy_minimal_client/lib/python3.10/site-packages:${PYTHONPATH} /usr/bin/python3 -W ignore:setup.py install is deprecated setup.py egg_info --egg-base ../../../../../build/examples_rclpy_minimal_client build --build-base /home/orin/ros2_ws/build/examples_rclpy_minimal_client/build install --record /home/orin/ros2_ws/build/examples_rclpy_minimal_client/install.log --single-version-externally-managed install_data
