-- Found ament_cmake: 1.3.11 (/opt/ros/humble/share/ament_cmake/cmake)
-- Override CMake install command with custom implementation using symlinks instead of copying resources
-- ------------------------------------------
-- Depthai Bridge is being built using AMENT.
-- ------------------------------------------
-- Found camera_info_manager: 3.1.10 (/opt/ros/humble/share/camera_info_manager/cmake)
-- Found rosidl_generator_c: 3.1.6 (/opt/ros/humble/share/rosidl_generator_c/cmake)
-- Found rosidl_adapter: 3.1.6 (/opt/ros/humble/share/rosidl_adapter/cmake)
-- Found rosidl_generator_cpp: 3.1.6 (/opt/ros/humble/share/rosidl_generator_cpp/cmake)
-- Using all available rosidl_typesupport_c: rosidl_typesupport_fastrtps_c;rosidl_typesupport_introspection_c
-- Using all available rosidl_typesupport_cpp: rosidl_typesupport_fastrtps_cpp;rosidl_typesupport_introspection_cpp
-- Found rmw_implementation_cmake: 6.1.2 (/opt/ros/humble/share/rmw_implementation_cmake/cmake)
-- Found rmw_fastrtps_cpp: 6.2.7 (/opt/ros/humble/share/rmw_fastrtps_cpp/cmake)
-- Using RMW implementation 'rmw_fastrtps_cpp' as default
-- Found cv_bridge: 3.2.1 (/opt/ros/humble/share/cv_bridge/cmake)
-- Found depthai_ros_msgs: 2.10.5 (/opt/ros/humble/share/depthai_ros_msgs/cmake)
-- Found depthai_bridge: 2.10.5 (/opt/ros/humble/share/depthai_bridge/cmake)
-- Found eigen3_cmake_module: 0.1.1 (/opt/ros/humble/share/eigen3_cmake_module/cmake)
-- Ensuring Eigen3 include directory is part of orocos-kdl CMake target
-- Configuring done
-- Generating done
-- Build files have been written to: /home/orin/ros2_ws/build/depthai_examples
[35m[1mConsolidate compiler generated dependencies of target crop_control_service[0m
[  5%] [32mBuilding CXX object CMakeFiles/crop_control_service.dir/src/crop_control_service.cpp.o[0m
[ 10%] [32m[1mLinking CXX executable crop_control_service[0m
[ 10%] Built target crop_control_service
[35m[1mConsolidate compiler generated dependencies of target stereo_node[0m
[ 15%] [32mBuilding CXX object CMakeFiles/stereo_node.dir/src/stereo_publisher.cpp.o[0m
