[8.910s] Invoking command in '/home/orin/ros2_ws/src/hcsr04_sensor': PYTHONPATH=/home/orin/ros2_ws/build/hcsr04_sensor/prefix_override:/usr/lib/python3/dist-packages/colcon_core/task/python/colcon_distutils_commands:/home/orin/ros2_ws/install/hcsr04_sensor/lib/python3.10/site-packages:${PYTHONPATH} /usr/bin/python3 -W ignore:setup.py install is deprecated setup.py egg_info --egg-base ../../build/hcsr04_sensor build --build-base /home/orin/ros2_ws/build/hcsr04_sensor/build install --record /home/orin/ros2_ws/build/hcsr04_sensor/install.log --single-version-externally-managed install_data
[10.251s] /home/orin/.local/lib/python3.10/site-packages/setuptools/_distutils/dist.py:261: UserWarning: Unknown distribution option: 'tests_require'
[10.251s]   warnings.warn(msg)
[10.885s] running egg_info
[10.984s] writing ../../build/hcsr04_sensor/hcsr04_sensor.egg-info/PKG-INFO
[10.992s] writing dependency_links to ../../build/hcsr04_sensor/hcsr04_sensor.egg-info/dependency_links.txt
[10.993s] writing entry points to ../../build/hcsr04_sensor/hcsr04_sensor.egg-info/entry_points.txt
[10.994s] writing requirements to ../../build/hcsr04_sensor/hcsr04_sensor.egg-info/requires.txt
[10.996s] writing top-level names to ../../build/hcsr04_sensor/hcsr04_sensor.egg-info/top_level.txt
[11.177s] reading manifest file '../../build/hcsr04_sensor/hcsr04_sensor.egg-info/SOURCES.txt'
[11.189s] writing manifest file '../../build/hcsr04_sensor/hcsr04_sensor.egg-info/SOURCES.txt'
[11.195s] running build
[11.205s] running build_py
[11.210s] copying hcsr04_sensor/__init__.py -> /home/orin/ros2_ws/build/hcsr04_sensor/build/lib/hcsr04_sensor
[11.210s] copying hcsr04_sensor/hcsr04_subscriber.py -> /home/orin/ros2_ws/build/hcsr04_sensor/build/lib/hcsr04_sensor
[11.210s] copying hcsr04_sensor/hcsr04_publisher.py -> /home/orin/ros2_ws/build/hcsr04_sensor/build/lib/hcsr04_sensor
[11.218s] running install
[11.234s] running install_lib
[11.389s] running install_data
[11.393s] copying resource/hcsr04_sensor -> /home/orin/ros2_ws/install/hcsr04_sensor/share/ament_index/resource_index/packages
[11.398s] copying package.xml -> /home/orin/ros2_ws/install/hcsr04_sensor/share/hcsr04_sensor
[11.400s] running install_egg_info
[11.557s] removing '/home/orin/ros2_ws/install/hcsr04_sensor/lib/python3.10/site-packages/hcsr04_sensor-0.0.0-py3.10.egg-info' (and everything under it)
[11.562s] Copying ../../build/hcsr04_sensor/hcsr04_sensor.egg-info to /home/orin/ros2_ws/install/hcsr04_sensor/lib/python3.10/site-packages/hcsr04_sensor-0.0.0-py3.10.egg-info
[11.576s] running install_scripts
[12.387s] Installing hcsr04_publisher script to /home/orin/ros2_ws/install/hcsr04_sensor/lib/hcsr04_sensor
[12.390s] writing list of installed files to '/home/orin/ros2_ws/build/hcsr04_sensor/install.log'
[12.520s] Invoked command in '/home/orin/ros2_ws/src/hcsr04_sensor' returned '0': PYTHONPATH=/home/orin/ros2_ws/build/hcsr04_sensor/prefix_override:/usr/lib/python3/dist-packages/colcon_core/task/python/colcon_distutils_commands:/home/orin/ros2_ws/install/hcsr04_sensor/lib/python3.10/site-packages:${PYTHONPATH} /usr/bin/python3 -W ignore:setup.py install is deprecated setup.py egg_info --egg-base ../../build/hcsr04_sensor build --build-base /home/orin/ros2_ws/build/hcsr04_sensor/build install --record /home/orin/ros2_ws/build/hcsr04_sensor/install.log --single-version-externally-managed install_data
