[7.602s] Invoking command in '/home/orin/ros2_ws/build/examples_rclpy_minimal_action_client': PYTHONPATH=/home/orin/ros2_ws/build/examples_rclpy_minimal_action_client/prefix_override:/usr/lib/python3/dist-packages/colcon_core/task/python/colcon_distutils_commands:/home/orin/ros2_ws/install/examples_rclpy_minimal_action_client/lib/python3.10/site-packages:${PYTHONPATH} /usr/bin/python3 -W ignore:setup.py install is deprecated setup.py develop --editable --build-directory /home/orin/ros2_ws/build/examples_rclpy_minimal_action_client/build --no-deps symlink_data --force
[9.586s] /home/orin/.local/lib/python3.10/site-packages/setuptools/_distutils/dist.py:261: UserWarning: Unknown distribution option: 'tests_require'
[9.592s]   warnings.warn(msg)
[11.425s] running develop
[11.431s] /home/orin/.local/lib/python3.10/site-packages/setuptools/command/develop.py:41: EasyInstallDeprecationWarning: easy_install command is deprecated.
[11.442s] !!
[11.456s] 
[11.456s]         ********************************************************************************
[11.456s]         Please avoid running ``setup.py`` and ``easy_install``.
[11.456s]         Instead, use pypa/build, pypa/installer or other
[11.456s]         standards-based tools.
[11.457s] 
[11.457s]         See https://github.com/pypa/setuptools/issues/917 for details.
[11.457s]         ********************************************************************************
[11.457s] 
[11.457s] !!
[11.457s]   easy_install.initialize_options(self)
[14.866s] running egg_info
[15.200s] writing examples_rclpy_minimal_action_client.egg-info/PKG-INFO
[15.206s] writing dependency_links to examples_rclpy_minimal_action_client.egg-info/dependency_links.txt
[15.208s] writing entry points to examples_rclpy_minimal_action_client.egg-info/entry_points.txt
[15.213s] writing requirements to examples_rclpy_minimal_action_client.egg-info/requires.txt
[15.214s] writing top-level names to examples_rclpy_minimal_action_client.egg-info/top_level.txt
[15.416s] reading manifest file 'examples_rclpy_minimal_action_client.egg-info/SOURCES.txt'
[15.423s] writing manifest file 'examples_rclpy_minimal_action_client.egg-info/SOURCES.txt'
[15.491s] running build_ext
[15.494s] Creating /home/orin/ros2_ws/install/examples_rclpy_minimal_action_client/lib/python3.10/site-packages/examples-rclpy-minimal-action-client.egg-link (link to .)
[15.499s] Installing client script to /home/orin/ros2_ws/install/examples_rclpy_minimal_action_client/lib/examples_rclpy_minimal_action_client
[15.510s] Installing client_asyncio script to /home/orin/ros2_ws/install/examples_rclpy_minimal_action_client/lib/examples_rclpy_minimal_action_client
[15.516s] Installing client_cancel script to /home/orin/ros2_ws/install/examples_rclpy_minimal_action_client/lib/examples_rclpy_minimal_action_client
[15.516s] Installing client_not_composable script to /home/orin/ros2_ws/install/examples_rclpy_minimal_action_client/lib/examples_rclpy_minimal_action_client
[15.517s] 
[15.517s] Installed /home/orin/ros2_ws/build/examples_rclpy_minimal_action_client
[15.521s] running symlink_data
[15.536s] symbolically linking /home/orin/ros2_ws/build/examples_rclpy_minimal_action_client/resource/examples_rclpy_minimal_action_client -> /home/orin/ros2_ws/install/examples_rclpy_minimal_action_client/share/ament_index/resource_index/packages
[15.542s] symbolically linking /home/orin/ros2_ws/build/examples_rclpy_minimal_action_client/package.xml -> /home/orin/ros2_ws/install/examples_rclpy_minimal_action_client/share/examples_rclpy_minimal_action_client
[16.113s] Invoked command in '/home/orin/ros2_ws/build/examples_rclpy_minimal_action_client' returned '0': PYTHONPATH=/home/orin/ros2_ws/build/examples_rclpy_minimal_action_client/prefix_override:/usr/lib/python3/dist-packages/colcon_core/task/python/colcon_distutils_commands:/home/orin/ros2_ws/install/examples_rclpy_minimal_action_client/lib/python3.10/site-packages:${PYTHONPATH} /usr/bin/python3 -W ignore:setup.py install is deprecated setup.py develop --editable --build-directory /home/orin/ros2_ws/build/examples_rclpy_minimal_action_client/build --no-deps symlink_data --force
