[0.084s] Invoking command in '/home/orin/ros2_ws/build/ros2_control_demo_example_11': AMENT_PREFIX_PATH=/home/orin/ros2_ws/install/ros2_control_demo_testing:/home/orin/ros2_ws/install/wheel_encoder_odometry:/home/orin/ros2_ws/install/sllidar_ros2:/home/orin/ros2_ws/install/ros2_control_demo_example_5:/home/orin/ros2_ws/install/ros2_control_demo_description:/home/orin/ros2_ws/install/my_bot_imu:/home/orin/ros2_ws/install/my_bot_description:/home/orin/ros2_ws/install/mobile_robot_description:/home/orin/ros2_ws/install/image_geometry:/home/orin/ros2_ws/install/gazebo_dev:/home/orin/ros2_ws/install/depthai-ros:/home/orin/ros2_ws/install/depthai_examples:/home/orin/ros2_ws/install/depthai_ros_msgs:/home/orin/ros2_ws/install/depthai_descriptions:/home/orin/ros2_ws/install/cv_bridge:/home/orin/ros2_ws/install/arduino_odometry:/opt/ros/humble CMAKE_PREFIX_PATH=/home/orin/ros2_ws/install/ros2_control_demo_description:/home/orin/ros2_ws/install/sllidar_ros2:/home/orin/ros2_ws/install/ros2_control_demo_example_5:/home/orin/ros2_ws/install/my_bot_imu:/home/orin/ros2_ws/install/my_bot_description:/home/orin/ros2_ws/install/wheel_encoder_odometry:/home/orin/ros2_ws/install/ros2_control_demo_testing:/home/orin/ros2_ws/install/arduino_odometry:/opt/ros/humble:/home/orin/ros2_ws/install/mobile_robot_description:/home/orin/ros2_ws/install/image_geometry:/home/orin/ros2_ws/install/gazebo_dev:/home/orin/ros2_ws/install/depthai-ros:/home/orin/ros2_ws/install/depthai_examples:/home/orin/ros2_ws/install/depthai_ros_msgs:/home/orin/ros2_ws/install/depthai_descriptions:/home/orin/ros2_ws/install/cv_bridge PYTHONPATH=/home/orin/ros2_ws/install/ros2_control_demo_testing/lib/python3.10/site-packages:/home/orin/ros2_ws/install/wheel_encoder_odometry/lib/python3.10/site-packages:/home/orin/ros2_ws/build/ros2_control_demo_testing:/home/orin/ros2_ws/install/image_geometry/local/lib/python3.10/dist-packages:/home/orin/ros2_ws/install/depthai_ros_msgs/local/lib/python3.10/dist-packages:/home/orin/ros2_ws/install/cv_bridge/local/lib/python3.10/dist-packages:/home/orin/ros2_ws/install/arduino_odometry/lib/python3.10/site-packages:/opt/ros/humble/lib/python3.10/site-packages:/opt/ros/humble/local/lib/python3.10/dist-packages /usr/bin/cmake /home/orin/ros2_ws/src/ros2_control_demos/example_11 -DCMAKE_INSTALL_PREFIX=/home/orin/ros2_ws/install/ros2_control_demo_example_11
[0.280s] -- The CXX compiler identification is GNU 11.4.0
[0.339s] -- Detecting CXX compiler ABI info
[0.598s] -- Detecting CXX compiler ABI info - done
[0.614s] -- Check for working CXX compiler: /usr/bin/c++ - skipped
[0.615s] -- Detecting CXX compile features
[0.615s] -- Detecting CXX compile features - done
[0.642s] -- Found ament_cmake: 1.3.10 (/opt/ros/humble/share/ament_cmake/cmake)
[1.913s] -- Found Python3: /usr/bin/python3 (found version "3.10.12") found components: Interpreter 
[2.225s] -- Found hardware_interface: 2.43.1 (/opt/ros/humble/share/hardware_interface/cmake)
[2.347s] -- Found rosidl_generator_c: 3.1.5 (/opt/ros/humble/share/rosidl_generator_c/cmake)
[2.367s] -- Found rosidl_adapter: 3.1.5 (/opt/ros/humble/share/rosidl_adapter/cmake)
[2.387s] -- Found rosidl_generator_cpp: 3.1.5 (/opt/ros/humble/share/rosidl_generator_cpp/cmake)
[2.423s] -- Using all available rosidl_typesupport_c: rosidl_typesupport_fastrtps_c;rosidl_typesupport_introspection_c
[2.467s] -- Using all available rosidl_typesupport_cpp: rosidl_typesupport_fastrtps_cpp;rosidl_typesupport_introspection_cpp
[3.010s] -- Found rmw_implementation_cmake: 6.1.2 (/opt/ros/humble/share/rmw_implementation_cmake/cmake)
[3.029s] -- Found rmw_fastrtps_cpp: 6.2.7 (/opt/ros/humble/share/rmw_fastrtps_cpp/cmake)
[3.148s] -- Found TinyXML2 via Config file: TinyXML2_DIR-NOTFOUND
[3.268s] -- Found OpenSSL: /usr/lib/aarch64-linux-gnu/libcrypto.so (found version "3.0.2")  
[3.279s] -- Found TinyXML2 via Config file: TinyXML2_DIR-NOTFOUND
[3.317s] -- Found FastRTPS: /opt/ros/humble/include  
[3.324s] -- Found TinyXML2 via Config file: TinyXML2_DIR-NOTFOUND
[3.342s] -- Found TinyXML2 via Config file: TinyXML2_DIR-NOTFOUND
[3.369s] -- Using RMW implementation 'rmw_fastrtps_cpp' as default
[3.400s] -- Looking for C++ include pthread.h
[3.594s] -- Looking for C++ include pthread.h - found
[3.599s] -- Performing Test CMAKE_HAVE_LIBC_PTHREAD
[3.805s] -- Performing Test CMAKE_HAVE_LIBC_PTHREAD - Success
[3.812s] -- Found Threads: TRUE  
[3.958s] -- Found ament_cmake_pytest: 1.3.10 (/opt/ros/humble/share/ament_cmake_pytest/cmake)
[8.493s] -- Configuring done
[8.570s] -- Generating done
[8.580s] -- Build files have been written to: /home/orin/ros2_ws/build/ros2_control_demo_example_11
[8.631s] Invoked command in '/home/orin/ros2_ws/build/ros2_control_demo_example_11' returned '0': AMENT_PREFIX_PATH=/home/orin/ros2_ws/install/ros2_control_demo_testing:/home/orin/ros2_ws/install/wheel_encoder_odometry:/home/orin/ros2_ws/install/sllidar_ros2:/home/orin/ros2_ws/install/ros2_control_demo_example_5:/home/orin/ros2_ws/install/ros2_control_demo_description:/home/orin/ros2_ws/install/my_bot_imu:/home/orin/ros2_ws/install/my_bot_description:/home/orin/ros2_ws/install/mobile_robot_description:/home/orin/ros2_ws/install/image_geometry:/home/orin/ros2_ws/install/gazebo_dev:/home/orin/ros2_ws/install/depthai-ros:/home/orin/ros2_ws/install/depthai_examples:/home/orin/ros2_ws/install/depthai_ros_msgs:/home/orin/ros2_ws/install/depthai_descriptions:/home/orin/ros2_ws/install/cv_bridge:/home/orin/ros2_ws/install/arduino_odometry:/opt/ros/humble CMAKE_PREFIX_PATH=/home/orin/ros2_ws/install/ros2_control_demo_description:/home/orin/ros2_ws/install/sllidar_ros2:/home/orin/ros2_ws/install/ros2_control_demo_example_5:/home/orin/ros2_ws/install/my_bot_imu:/home/orin/ros2_ws/install/my_bot_description:/home/orin/ros2_ws/install/wheel_encoder_odometry:/home/orin/ros2_ws/install/ros2_control_demo_testing:/home/orin/ros2_ws/install/arduino_odometry:/opt/ros/humble:/home/orin/ros2_ws/install/mobile_robot_description:/home/orin/ros2_ws/install/image_geometry:/home/orin/ros2_ws/install/gazebo_dev:/home/orin/ros2_ws/install/depthai-ros:/home/orin/ros2_ws/install/depthai_examples:/home/orin/ros2_ws/install/depthai_ros_msgs:/home/orin/ros2_ws/install/depthai_descriptions:/home/orin/ros2_ws/install/cv_bridge PYTHONPATH=/home/orin/ros2_ws/install/ros2_control_demo_testing/lib/python3.10/site-packages:/home/orin/ros2_ws/install/wheel_encoder_odometry/lib/python3.10/site-packages:/home/orin/ros2_ws/build/ros2_control_demo_testing:/home/orin/ros2_ws/install/image_geometry/local/lib/python3.10/dist-packages:/home/orin/ros2_ws/install/depthai_ros_msgs/local/lib/python3.10/dist-packages:/home/orin/ros2_ws/install/cv_bridge/local/lib/python3.10/dist-packages:/home/orin/ros2_ws/install/arduino_odometry/lib/python3.10/site-packages:/opt/ros/humble/lib/python3.10/site-packages:/opt/ros/humble/local/lib/python3.10/dist-packages /usr/bin/cmake /home/orin/ros2_ws/src/ros2_control_demos/example_11 -DCMAKE_INSTALL_PREFIX=/home/orin/ros2_ws/install/ros2_control_demo_example_11
[8.633s] Invoking command in '/home/orin/ros2_ws/build/ros2_control_demo_example_11': AMENT_PREFIX_PATH=/home/orin/ros2_ws/install/ros2_control_demo_testing:/home/orin/ros2_ws/install/wheel_encoder_odometry:/home/orin/ros2_ws/install/sllidar_ros2:/home/orin/ros2_ws/install/ros2_control_demo_example_5:/home/orin/ros2_ws/install/ros2_control_demo_description:/home/orin/ros2_ws/install/my_bot_imu:/home/orin/ros2_ws/install/my_bot_description:/home/orin/ros2_ws/install/mobile_robot_description:/home/orin/ros2_ws/install/image_geometry:/home/orin/ros2_ws/install/gazebo_dev:/home/orin/ros2_ws/install/depthai-ros:/home/orin/ros2_ws/install/depthai_examples:/home/orin/ros2_ws/install/depthai_ros_msgs:/home/orin/ros2_ws/install/depthai_descriptions:/home/orin/ros2_ws/install/cv_bridge:/home/orin/ros2_ws/install/arduino_odometry:/opt/ros/humble CMAKE_PREFIX_PATH=/home/orin/ros2_ws/install/ros2_control_demo_description:/home/orin/ros2_ws/install/sllidar_ros2:/home/orin/ros2_ws/install/ros2_control_demo_example_5:/home/orin/ros2_ws/install/my_bot_imu:/home/orin/ros2_ws/install/my_bot_description:/home/orin/ros2_ws/install/wheel_encoder_odometry:/home/orin/ros2_ws/install/ros2_control_demo_testing:/home/orin/ros2_ws/install/arduino_odometry:/opt/ros/humble:/home/orin/ros2_ws/install/mobile_robot_description:/home/orin/ros2_ws/install/image_geometry:/home/orin/ros2_ws/install/gazebo_dev:/home/orin/ros2_ws/install/depthai-ros:/home/orin/ros2_ws/install/depthai_examples:/home/orin/ros2_ws/install/depthai_ros_msgs:/home/orin/ros2_ws/install/depthai_descriptions:/home/orin/ros2_ws/install/cv_bridge PYTHONPATH=/home/orin/ros2_ws/install/ros2_control_demo_testing/lib/python3.10/site-packages:/home/orin/ros2_ws/install/wheel_encoder_odometry/lib/python3.10/site-packages:/home/orin/ros2_ws/build/ros2_control_demo_testing:/home/orin/ros2_ws/install/image_geometry/local/lib/python3.10/dist-packages:/home/orin/ros2_ws/install/depthai_ros_msgs/local/lib/python3.10/dist-packages:/home/orin/ros2_ws/install/cv_bridge/local/lib/python3.10/dist-packages:/home/orin/ros2_ws/install/arduino_odometry/lib/python3.10/site-packages:/opt/ros/humble/lib/python3.10/site-packages:/opt/ros/humble/local/lib/python3.10/dist-packages /usr/bin/cmake --build /home/orin/ros2_ws/build/ros2_control_demo_example_11 -- -j6 -l6
[9.249s] [ 50%] [32mBuilding CXX object CMakeFiles/ros2_control_demo_example_11.dir/hardware/carlikebot_system.cpp.o[0m
[17.666s] [100%] [32m[1mLinking CXX shared library libros2_control_demo_example_11.so[0m
[18.075s] [100%] Built target ros2_control_demo_example_11
[18.117s] Invoked command in '/home/orin/ros2_ws/build/ros2_control_demo_example_11' returned '0': AMENT_PREFIX_PATH=/home/orin/ros2_ws/install/ros2_control_demo_testing:/home/orin/ros2_ws/install/wheel_encoder_odometry:/home/orin/ros2_ws/install/sllidar_ros2:/home/orin/ros2_ws/install/ros2_control_demo_example_5:/home/orin/ros2_ws/install/ros2_control_demo_description:/home/orin/ros2_ws/install/my_bot_imu:/home/orin/ros2_ws/install/my_bot_description:/home/orin/ros2_ws/install/mobile_robot_description:/home/orin/ros2_ws/install/image_geometry:/home/orin/ros2_ws/install/gazebo_dev:/home/orin/ros2_ws/install/depthai-ros:/home/orin/ros2_ws/install/depthai_examples:/home/orin/ros2_ws/install/depthai_ros_msgs:/home/orin/ros2_ws/install/depthai_descriptions:/home/orin/ros2_ws/install/cv_bridge:/home/orin/ros2_ws/install/arduino_odometry:/opt/ros/humble CMAKE_PREFIX_PATH=/home/orin/ros2_ws/install/ros2_control_demo_description:/home/orin/ros2_ws/install/sllidar_ros2:/home/orin/ros2_ws/install/ros2_control_demo_example_5:/home/orin/ros2_ws/install/my_bot_imu:/home/orin/ros2_ws/install/my_bot_description:/home/orin/ros2_ws/install/wheel_encoder_odometry:/home/orin/ros2_ws/install/ros2_control_demo_testing:/home/orin/ros2_ws/install/arduino_odometry:/opt/ros/humble:/home/orin/ros2_ws/install/mobile_robot_description:/home/orin/ros2_ws/install/image_geometry:/home/orin/ros2_ws/install/gazebo_dev:/home/orin/ros2_ws/install/depthai-ros:/home/orin/ros2_ws/install/depthai_examples:/home/orin/ros2_ws/install/depthai_ros_msgs:/home/orin/ros2_ws/install/depthai_descriptions:/home/orin/ros2_ws/install/cv_bridge PYTHONPATH=/home/orin/ros2_ws/install/ros2_control_demo_testing/lib/python3.10/site-packages:/home/orin/ros2_ws/install/wheel_encoder_odometry/lib/python3.10/site-packages:/home/orin/ros2_ws/build/ros2_control_demo_testing:/home/orin/ros2_ws/install/image_geometry/local/lib/python3.10/dist-packages:/home/orin/ros2_ws/install/depthai_ros_msgs/local/lib/python3.10/dist-packages:/home/orin/ros2_ws/install/cv_bridge/local/lib/python3.10/dist-packages:/home/orin/ros2_ws/install/arduino_odometry/lib/python3.10/site-packages:/opt/ros/humble/lib/python3.10/site-packages:/opt/ros/humble/local/lib/python3.10/dist-packages /usr/bin/cmake --build /home/orin/ros2_ws/build/ros2_control_demo_example_11 -- -j6 -l6
[18.231s] Invoking command in '/home/orin/ros2_ws/build/ros2_control_demo_example_11': AMENT_PREFIX_PATH=/home/orin/ros2_ws/install/ros2_control_demo_testing:/home/orin/ros2_ws/install/wheel_encoder_odometry:/home/orin/ros2_ws/install/sllidar_ros2:/home/orin/ros2_ws/install/ros2_control_demo_example_5:/home/orin/ros2_ws/install/ros2_control_demo_description:/home/orin/ros2_ws/install/my_bot_imu:/home/orin/ros2_ws/install/my_bot_description:/home/orin/ros2_ws/install/mobile_robot_description:/home/orin/ros2_ws/install/image_geometry:/home/orin/ros2_ws/install/gazebo_dev:/home/orin/ros2_ws/install/depthai-ros:/home/orin/ros2_ws/install/depthai_examples:/home/orin/ros2_ws/install/depthai_ros_msgs:/home/orin/ros2_ws/install/depthai_descriptions:/home/orin/ros2_ws/install/cv_bridge:/home/orin/ros2_ws/install/arduino_odometry:/opt/ros/humble CMAKE_PREFIX_PATH=/home/orin/ros2_ws/install/ros2_control_demo_description:/home/orin/ros2_ws/install/sllidar_ros2:/home/orin/ros2_ws/install/ros2_control_demo_example_5:/home/orin/ros2_ws/install/my_bot_imu:/home/orin/ros2_ws/install/my_bot_description:/home/orin/ros2_ws/install/wheel_encoder_odometry:/home/orin/ros2_ws/install/ros2_control_demo_testing:/home/orin/ros2_ws/install/arduino_odometry:/opt/ros/humble:/home/orin/ros2_ws/install/mobile_robot_description:/home/orin/ros2_ws/install/image_geometry:/home/orin/ros2_ws/install/gazebo_dev:/home/orin/ros2_ws/install/depthai-ros:/home/orin/ros2_ws/install/depthai_examples:/home/orin/ros2_ws/install/depthai_ros_msgs:/home/orin/ros2_ws/install/depthai_descriptions:/home/orin/ros2_ws/install/cv_bridge PYTHONPATH=/home/orin/ros2_ws/install/ros2_control_demo_testing/lib/python3.10/site-packages:/home/orin/ros2_ws/install/wheel_encoder_odometry/lib/python3.10/site-packages:/home/orin/ros2_ws/build/ros2_control_demo_testing:/home/orin/ros2_ws/install/image_geometry/local/lib/python3.10/dist-packages:/home/orin/ros2_ws/install/depthai_ros_msgs/local/lib/python3.10/dist-packages:/home/orin/ros2_ws/install/cv_bridge/local/lib/python3.10/dist-packages:/home/orin/ros2_ws/install/arduino_odometry/lib/python3.10/site-packages:/opt/ros/humble/lib/python3.10/site-packages:/opt/ros/humble/local/lib/python3.10/dist-packages /usr/bin/cmake --install /home/orin/ros2_ws/build/ros2_control_demo_example_11
[18.245s] -- Install configuration: ""
[18.249s] -- Installing: /home/orin/ros2_ws/install/ros2_control_demo_example_11/share/ros2_control_demo_example_11/ros2_control_demo_example_11.xml
[18.249s] -- Installing: /home/orin/ros2_ws/install/ros2_control_demo_example_11/include/ros2_control_demo_example_11
[18.249s] -- Installing: /home/orin/ros2_ws/install/ros2_control_demo_example_11/include/ros2_control_demo_example_11/ros2_control_demo_example_11
[18.250s] -- Installing: /home/orin/ros2_ws/install/ros2_control_demo_example_11/include/ros2_control_demo_example_11/ros2_control_demo_example_11/carlikebot_system.hpp
[18.250s] -- Installing: /home/orin/ros2_ws/install/ros2_control_demo_example_11/share/ros2_control_demo_example_11/launch
[18.250s] -- Installing: /home/orin/ros2_ws/install/ros2_control_demo_example_11/share/ros2_control_demo_example_11/launch/view_robot.launch.py
[18.251s] -- Installing: /home/orin/ros2_ws/install/ros2_control_demo_example_11/share/ros2_control_demo_example_11/ros2_control
[18.255s] -- Installing: /home/orin/ros2_ws/install/ros2_control_demo_example_11/share/ros2_control_demo_example_11/ros2_control/carlikebot.ros2_control.xacro
[18.256s] -- Installing: /home/orin/ros2_ws/install/ros2_control_demo_example_11/share/ros2_control_demo_example_11/urdf
[18.257s] -- Installing: /home/orin/ros2_ws/install/ros2_control_demo_example_11/share/ros2_control_demo_example_11/urdf/carlikebot.urdf.xacro
[18.259s] -- Up-to-date: /home/orin/ros2_ws/install/ros2_control_demo_example_11/share/ros2_control_demo_example_11/launch
[18.260s] -- Installing: /home/orin/ros2_ws/install/ros2_control_demo_example_11/share/ros2_control_demo_example_11/launch/carlikebot.launch.py
[18.260s] -- Installing: /home/orin/ros2_ws/install/ros2_control_demo_example_11/share/ros2_control_demo_example_11/config
[18.261s] -- Installing: /home/orin/ros2_ws/install/ros2_control_demo_example_11/share/ros2_control_demo_example_11/config/carlikebot_controllers.yaml
[18.262s] -- Installing: /home/orin/ros2_ws/install/ros2_control_demo_example_11/lib/libros2_control_demo_example_11.so
[18.265s] -- Set runtime path of "/home/orin/ros2_ws/install/ros2_control_demo_example_11/lib/libros2_control_demo_example_11.so" to ""
[18.266s] -- Installing: /home/orin/ros2_ws/install/ros2_control_demo_example_11/share/ros2_control_demo_example_11/environment/library_path.sh
[18.267s] -- Installing: /home/orin/ros2_ws/install/ros2_control_demo_example_11/share/ros2_control_demo_example_11/environment/library_path.dsv
[18.268s] -- Installing: /home/orin/ros2_ws/install/ros2_control_demo_example_11/share/ament_index/resource_index/package_run_dependencies/ros2_control_demo_example_11
[18.268s] -- Installing: /home/orin/ros2_ws/install/ros2_control_demo_example_11/share/ament_index/resource_index/parent_prefix_path/ros2_control_demo_example_11
[18.268s] -- Installing: /home/orin/ros2_ws/install/ros2_control_demo_example_11/share/ros2_control_demo_example_11/environment/ament_prefix_path.sh
[18.268s] -- Installing: /home/orin/ros2_ws/install/ros2_control_demo_example_11/share/ros2_control_demo_example_11/environment/ament_prefix_path.dsv
[18.270s] -- Installing: /home/orin/ros2_ws/install/ros2_control_demo_example_11/share/ros2_control_demo_example_11/environment/path.sh
[18.270s] -- Installing: /home/orin/ros2_ws/install/ros2_control_demo_example_11/share/ros2_control_demo_example_11/environment/path.dsv
[18.270s] -- Installing: /home/orin/ros2_ws/install/ros2_control_demo_example_11/share/ros2_control_demo_example_11/local_setup.bash
[18.271s] -- Installing: /home/orin/ros2_ws/install/ros2_control_demo_example_11/share/ros2_control_demo_example_11/local_setup.sh
[18.271s] -- Installing: /home/orin/ros2_ws/install/ros2_control_demo_example_11/share/ros2_control_demo_example_11/local_setup.zsh
[18.271s] -- Installing: /home/orin/ros2_ws/install/ros2_control_demo_example_11/share/ros2_control_demo_example_11/local_setup.dsv
[18.271s] -- Installing: /home/orin/ros2_ws/install/ros2_control_demo_example_11/share/ros2_control_demo_example_11/package.dsv
[18.271s] -- Installing: /home/orin/ros2_ws/install/ros2_control_demo_example_11/share/ament_index/resource_index/packages/ros2_control_demo_example_11
[18.271s] -- Installing: /home/orin/ros2_ws/install/ros2_control_demo_example_11/share/ament_index/resource_index/hardware_interface__pluginlib__plugin/ros2_control_demo_example_11
[18.275s] -- Installing: /home/orin/ros2_ws/install/ros2_control_demo_example_11/share/ros2_control_demo_example_11/cmake/export_ros2_control_demo_example_11Export.cmake
[18.275s] -- Installing: /home/orin/ros2_ws/install/ros2_control_demo_example_11/share/ros2_control_demo_example_11/cmake/export_ros2_control_demo_example_11Export-noconfig.cmake
[18.275s] -- Installing: /home/orin/ros2_ws/install/ros2_control_demo_example_11/share/ros2_control_demo_example_11/cmake/ament_cmake_export_targets-extras.cmake
[18.275s] -- Installing: /home/orin/ros2_ws/install/ros2_control_demo_example_11/share/ros2_control_demo_example_11/cmake/ament_cmake_export_dependencies-extras.cmake
[18.275s] -- Installing: /home/orin/ros2_ws/install/ros2_control_demo_example_11/share/ros2_control_demo_example_11/cmake/ros2_control_demo_example_11Config.cmake
[18.276s] -- Installing: /home/orin/ros2_ws/install/ros2_control_demo_example_11/share/ros2_control_demo_example_11/cmake/ros2_control_demo_example_11Config-version.cmake
[18.276s] -- Installing: /home/orin/ros2_ws/install/ros2_control_demo_example_11/share/ros2_control_demo_example_11/package.xml
[18.292s] Invoked command in '/home/orin/ros2_ws/build/ros2_control_demo_example_11' returned '0': AMENT_PREFIX_PATH=/home/orin/ros2_ws/install/ros2_control_demo_testing:/home/orin/ros2_ws/install/wheel_encoder_odometry:/home/orin/ros2_ws/install/sllidar_ros2:/home/orin/ros2_ws/install/ros2_control_demo_example_5:/home/orin/ros2_ws/install/ros2_control_demo_description:/home/orin/ros2_ws/install/my_bot_imu:/home/orin/ros2_ws/install/my_bot_description:/home/orin/ros2_ws/install/mobile_robot_description:/home/orin/ros2_ws/install/image_geometry:/home/orin/ros2_ws/install/gazebo_dev:/home/orin/ros2_ws/install/depthai-ros:/home/orin/ros2_ws/install/depthai_examples:/home/orin/ros2_ws/install/depthai_ros_msgs:/home/orin/ros2_ws/install/depthai_descriptions:/home/orin/ros2_ws/install/cv_bridge:/home/orin/ros2_ws/install/arduino_odometry:/opt/ros/humble CMAKE_PREFIX_PATH=/home/orin/ros2_ws/install/ros2_control_demo_description:/home/orin/ros2_ws/install/sllidar_ros2:/home/orin/ros2_ws/install/ros2_control_demo_example_5:/home/orin/ros2_ws/install/my_bot_imu:/home/orin/ros2_ws/install/my_bot_description:/home/orin/ros2_ws/install/wheel_encoder_odometry:/home/orin/ros2_ws/install/ros2_control_demo_testing:/home/orin/ros2_ws/install/arduino_odometry:/opt/ros/humble:/home/orin/ros2_ws/install/mobile_robot_description:/home/orin/ros2_ws/install/image_geometry:/home/orin/ros2_ws/install/gazebo_dev:/home/orin/ros2_ws/install/depthai-ros:/home/orin/ros2_ws/install/depthai_examples:/home/orin/ros2_ws/install/depthai_ros_msgs:/home/orin/ros2_ws/install/depthai_descriptions:/home/orin/ros2_ws/install/cv_bridge PYTHONPATH=/home/orin/ros2_ws/install/ros2_control_demo_testing/lib/python3.10/site-packages:/home/orin/ros2_ws/install/wheel_encoder_odometry/lib/python3.10/site-packages:/home/orin/ros2_ws/build/ros2_control_demo_testing:/home/orin/ros2_ws/install/image_geometry/local/lib/python3.10/dist-packages:/home/orin/ros2_ws/install/depthai_ros_msgs/local/lib/python3.10/dist-packages:/home/orin/ros2_ws/install/cv_bridge/local/lib/python3.10/dist-packages:/home/orin/ros2_ws/install/arduino_odometry/lib/python3.10/site-packages:/opt/ros/humble/lib/python3.10/site-packages:/opt/ros/humble/local/lib/python3.10/dist-packages /usr/bin/cmake --install /home/orin/ros2_ws/build/ros2_control_demo_example_11
