/home/orin/.local/lib/python3.10/site-packages/setuptools/_distutils/dist.py:261: UserWarning: Unknown distribution option: 'tests_require'
  warnings.warn(msg)
running egg_info
creating ../../build/arduino_encoder_odom/arduino_encoder_odom.egg-info
writing ../../build/arduino_encoder_odom/arduino_encoder_odom.egg-info/PKG-INFO
writing dependency_links to ../../build/arduino_encoder_odom/arduino_encoder_odom.egg-info/dependency_links.txt
writing requirements to ../../build/arduino_encoder_odom/arduino_encoder_odom.egg-info/requires.txt
writing top-level names to ../../build/arduino_encoder_odom/arduino_encoder_odom.egg-info/top_level.txt
writing manifest file '../../build/arduino_encoder_odom/arduino_encoder_odom.egg-info/SOURCES.txt'
reading manifest file '../../build/arduino_encoder_odom/arduino_encoder_odom.egg-info/SOURCES.txt'
adding license file 'LICENSE'
writing manifest file '../../build/arduino_encoder_odom/arduino_encoder_odom.egg-info/SOURCES.txt'
running build
running build_py
creating /home/orin/ros2_ws/build/arduino_encoder_odom/build/lib/arduino_encoder_odom
copying arduino_encoder_odom/__init__.py -> /home/orin/ros2_ws/build/arduino_encoder_odom/build/lib/arduino_encoder_odom
running install
running install_lib
creating /home/orin/ros2_ws/install/arduino_encoder_odom/lib/python3.10/site-packages/arduino_encoder_odom
copying /home/orin/ros2_ws/build/arduino_encoder_odom/build/lib/arduino_encoder_odom/__init__.py -> /home/orin/ros2_ws/install/arduino_encoder_odom/lib/python3.10/site-packages/arduino_encoder_odom
byte-compiling /home/orin/ros2_ws/install/arduino_encoder_odom/lib/python3.10/site-packages/arduino_encoder_odom/__init__.py to __init__.cpython-310.pyc
running install_data
creating /home/orin/ros2_ws/install/arduino_encoder_odom/share/ament_index/resource_index/packages
copying resource/arduino_encoder_odom -> /home/orin/ros2_ws/install/arduino_encoder_odom/share/ament_index/resource_index/packages
copying package.xml -> /home/orin/ros2_ws/install/arduino_encoder_odom/share/arduino_encoder_odom
running install_egg_info
Copying ../../build/arduino_encoder_odom/arduino_encoder_odom.egg-info to /home/orin/ros2_ws/install/arduino_encoder_odom/lib/python3.10/site-packages/arduino_encoder_odom-0.0.0-py3.10.egg-info
running install_scripts
writing list of installed files to '/home/orin/ros2_ws/build/arduino_encoder_odom/install.log'
