[2.349s] Invoking command in '/home/orin/ros2_ws/src/encoder_odom': PYTHONPATH=/home/orin/ros2_ws/build/encoder_odom/prefix_override:/usr/lib/python3/dist-packages/colcon_core/task/python/colcon_distutils_commands:/home/orin/ros2_ws/install/encoder_odom/lib/python3.10/site-packages:${PYTHONPATH} /usr/bin/python3 -W ignore:setup.py install is deprecated -W ignore:easy_install command is deprecated setup.py egg_info --egg-base ../../build/encoder_odom build --build-base /home/orin/ros2_ws/build/encoder_odom/build install --record /home/orin/ros2_ws/build/encoder_odom/install.log --single-version-externally-managed install_data
[3.135s] running egg_info
[3.190s] writing ../../build/encoder_odom/encoder_odom.egg-info/PKG-INFO
[3.191s] writing dependency_links to ../../build/encoder_odom/encoder_odom.egg-info/dependency_links.txt
[3.191s] writing entry points to ../../build/encoder_odom/encoder_odom.egg-info/entry_points.txt
[3.192s] writing requirements to ../../build/encoder_odom/encoder_odom.egg-info/requires.txt
[3.192s] writing top-level names to ../../build/encoder_odom/encoder_odom.egg-info/top_level.txt
[3.306s] reading manifest file '../../build/encoder_odom/encoder_odom.egg-info/SOURCES.txt'
[3.307s] adding license file 'LICENSE'
[3.309s] writing manifest file '../../build/encoder_odom/encoder_odom.egg-info/SOURCES.txt'
[3.310s] running build
[3.310s] running build_py
[3.311s] copying encoder_odom/__init__.py -> /home/orin/ros2_ws/build/encoder_odom/build/lib/encoder_odom
[3.311s] copying encoder_odom/encoder_odom.py -> /home/orin/ros2_ws/build/encoder_odom/build/lib/encoder_odom
[3.312s] running install
[3.323s] running install_lib
[3.380s] running install_data
[3.380s] copying resource/encoder_odom -> /home/orin/ros2_ws/install/encoder_odom/share/ament_index/resource_index/packages
[3.381s] copying package.xml -> /home/orin/ros2_ws/install/encoder_odom/share/encoder_odom
[3.381s] running install_egg_info
[3.439s] removing '/home/orin/ros2_ws/install/encoder_odom/lib/python3.10/site-packages/encoder_odom-0.0.0-py3.10.egg-info' (and everything under it)
[3.440s] Copying ../../build/encoder_odom/encoder_odom.egg-info to /home/orin/ros2_ws/install/encoder_odom/lib/python3.10/site-packages/encoder_odom-0.0.0-py3.10.egg-info
[3.442s] running install_scripts
[3.903s] Installing encoder_odom script to /home/orin/ros2_ws/install/encoder_odom/lib/encoder_odom
[3.904s] writing list of installed files to '/home/orin/ros2_ws/build/encoder_odom/install.log'
[3.985s] Invoked command in '/home/orin/ros2_ws/src/encoder_odom' returned '0': PYTHONPATH=/home/orin/ros2_ws/build/encoder_odom/prefix_override:/usr/lib/python3/dist-packages/colcon_core/task/python/colcon_distutils_commands:/home/orin/ros2_ws/install/encoder_odom/lib/python3.10/site-packages:${PYTHONPATH} /usr/bin/python3 -W ignore:setup.py install is deprecated -W ignore:easy_install command is deprecated setup.py egg_info --egg-base ../../build/encoder_odom build --build-base /home/orin/ros2_ws/build/encoder_odom/build install --record /home/orin/ros2_ws/build/encoder_odom/install.log --single-version-externally-managed install_data
