[0.095s] Invoking command in '/home/orin/ros2_ws/build/ros2_control_demo_example_4': AMENT_PREFIX_PATH=/home/orin/ros2_ws/install/ros2_control_demo_testing:/home/orin/ros2_ws/install/ros2_control_demo_description:${AMENT_PREFIX_PATH} CMAKE_PREFIX_PATH=/home/orin/ros2_ws/install/ros2_control_demo_description:/opt/ros/humble PYTHONPATH=/home/orin/ros2_ws/build/ros2_control_demo_testing:/home/orin/ros2_ws/install/ros2_control_demo_testing/lib/python3.10/site-packages:${PYTHONPATH} /usr/bin/cmake /home/orin/ros2_ws/src/ros2_control_demos/example_4 -DCMAKE_BUILD_TYPE=Release -DAMENT_CMAKE_SYMLINK_INSTALL=1 -DCMAKE_INSTALL_PREFIX=/home/orin/ros2_ws/install/ros2_control_demo_example_4
[3.454s] -- The CXX compiler identification is GNU 11.4.0
[3.455s] -- Detecting CXX compiler ABI info
[3.463s] -- Detecting CXX compiler ABI info - done
[3.464s] -- Check for working CXX compiler: /usr/bin/c++ - skipped
[3.464s] -- Detecting CXX compile features
[3.464s] -- Detecting CXX compile features - done
[3.464s] -- Found ament_cmake: 1.3.10 (/opt/ros/humble/share/ament_cmake/cmake)
[5.720s] -- Found Python3: /usr/bin/python3 (found version "3.10.12") found components: Interpreter 
[6.415s] -- Override CMake install command with custom implementation using symlinks instead of copying resources
[6.566s] -- Found hardware_interface: 2.43.1 (/opt/ros/humble/share/hardware_interface/cmake)
[7.291s] -- Found rosidl_generator_c: 3.1.5 (/opt/ros/humble/share/rosidl_generator_c/cmake)
[7.381s] -- Found rosidl_adapter: 3.1.5 (/opt/ros/humble/share/rosidl_adapter/cmake)
[7.582s] -- Found rosidl_generator_cpp: 3.1.5 (/opt/ros/humble/share/rosidl_generator_cpp/cmake)
[7.871s] -- Using all available rosidl_typesupport_c: rosidl_typesupport_fastrtps_c;rosidl_typesupport_introspection_c
[8.245s] -- Using all available rosidl_typesupport_cpp: rosidl_typesupport_fastrtps_cpp;rosidl_typesupport_introspection_cpp
[10.802s] -- Found rmw_implementation_cmake: 6.1.2 (/opt/ros/humble/share/rmw_implementation_cmake/cmake)
[10.855s] -- Found rmw_fastrtps_cpp: 6.2.7 (/opt/ros/humble/share/rmw_fastrtps_cpp/cmake)
[11.289s] -- Found TinyXML2 via Config file: TinyXML2_DIR-NOTFOUND
[11.901s] -- Found OpenSSL: /usr/lib/aarch64-linux-gnu/libcrypto.so (found version "3.0.2")  
[11.953s] -- Found TinyXML2 via Config file: TinyXML2_DIR-NOTFOUND
[12.189s] -- Found FastRTPS: /opt/ros/humble/include  
[12.213s] -- Found TinyXML2 via Config file: TinyXML2_DIR-NOTFOUND
[12.345s] -- Found TinyXML2 via Config file: TinyXML2_DIR-NOTFOUND
[12.373s] -- Using RMW implementation 'rmw_fastrtps_cpp' as default
[12.489s] -- Looking for C++ include pthread.h
[13.989s] -- Looking for C++ include pthread.h - found
[14.014s] -- Performing Test CMAKE_HAVE_LIBC_PTHREAD
[15.293s] -- Performing Test CMAKE_HAVE_LIBC_PTHREAD - Success
[15.321s] -- Found Threads: TRUE  
[15.867s] -- Found ament_cmake_pytest: 1.3.10 (/opt/ros/humble/share/ament_cmake_pytest/cmake)
[36.821s] -- Configuring done
[36.953s] -- Generating done
[36.966s] -- Build files have been written to: /home/orin/ros2_ws/build/ros2_control_demo_example_4
