[35m[1mConsolidate compiler generated dependencies of target my_bot_description[0m
[ 50%] [32mBuilding CXX object CMakeFiles/my_bot_description.dir/hardware/diffbot_system.cpp.o[0m
In file included from [01m[K/home/orin/ros2_ws/src/my_bot_description/hardware/diffbot_system.cpp:15[m[K:
[01m[K/home/orin/ros2_ws/src/my_bot_description/hardware/include/my_bot_ros2_control/diffbot_system.hpp:38:55:[m[K [01;35m[Kwarning: [m[Kextra ‘[01m[K;[m[K’ [[01;35m[K]8;;https://gcc.gnu.org/onlinedocs/gcc/Warning-Options.html#index-Wpedantic-Wpedantic]8;;[m[K]
   38 |   RCLCPP_SHARED_PTR_DEFINITIONS(DiffBotSystemHardware)[01;35m[K;[m[K
      |                                                       [01;35m[K^[m[K
      |                                                       [31m[K-[m[K
[01m[K/home/orin/ros2_ws/src/my_bot_description/hardware/diffbot_system.cpp:30:36:[m[K [01;31m[Kerror: [m[K‘[01m[KDiffBotSystemHardware[m[K’ has not been declared
   30 | hardware_interface::CallbackReturn [01;31m[KDiffBotSystemHardware[m[K::on_init(
      |                                    [01;31m[K^~~~~~~~~~~~~~~~~~~~~[m[K
[01m[K/home/orin/ros2_ws/src/my_bot_description/hardware/diffbot_system.cpp:[m[K In function ‘[01m[Khardware_interface::CallbackReturn my_bot_ros2_control::on_init(const hardware_interface::HardwareInfo&)[m[K’:
[01m[K/home/orin/ros2_ws/src/my_bot_description/hardware/diffbot_system.cpp:34:49:[m[K [01;31m[Kerror: [m[Kcannot call member function ‘[01m[Kvirtual rclcpp_lifecycle::node_interfaces::LifecycleNodeInterface::CallbackReturn hardware_interface::SystemInterface::on_init(const hardware_interface::HardwareInfo&)[m[K’ without object
   34 |     [01;31m[Khardware_interface::SystemInterface::on_init(info)[m[K !=
      |     [01;31m[K~~~~~~~~~~~~~~~~~~~~~~~~~~~~~~~~~~~~~~~~~~~~^~~~~~[m[K
[01m[K/home/orin/ros2_ws/src/my_bot_description/hardware/diffbot_system.cpp:41:3:[m[K [01;31m[Kerror: [m[K‘[01m[Khw_start_sec_[m[K’ was not declared in this scope
   41 |   [01;31m[Khw_start_sec_[m[K =
      |   [01;31m[K^~~~~~~~~~~~~[m[K
[01m[K/home/orin/ros2_ws/src/my_bot_description/hardware/diffbot_system.cpp:42:30:[m[K [01;31m[Kerror: [m[K‘[01m[Kinfo_[m[K’ was not declared in this scope; did you mean ‘[01m[Kinfo[m[K’?
   42 |     hardware_interface::stod([01;31m[Kinfo_[m[K.hardware_parameters["example_param_hw_start_duration_sec"]);
      |                              [01;31m[K^~~~~[m[K
      |                              [32m[Kinfo[m[K
[01m[K/home/orin/ros2_ws/src/my_bot_description/hardware/diffbot_system.cpp:43:3:[m[K [01;31m[Kerror: [m[K‘[01m[Khw_stop_sec_[m[K’ was not declared in this scope
   43 |   [01;31m[Khw_stop_sec_[m[K =
      |   [01;31m[K^~~~~~~~~~~~[m[K
[01m[K/home/orin/ros2_ws/src/my_bot_description/hardware/diffbot_system.cpp:46:3:[m[K [01;31m[Kerror: [m[K‘[01m[Khw_positions_[m[K’ was not declared in this scope
   46 |   [01;31m[Khw_positions_[m[K.resize(info_.joints.size(), std::numeric_limits<double>::quiet_NaN());
      |   [01;31m[K^~~~~~~~~~~~~[m[K
[01m[K/home/orin/ros2_ws/src/my_bot_description/hardware/diffbot_system.cpp:47:3:[m[K [01;31m[Kerror: [m[K‘[01m[Khw_velocities_[m[K’ was not declared in this scope
   47 |   [01;31m[Khw_velocities_[m[K.resize(info_.joints.size(), std::numeric_limits<double>::quiet_NaN());
      |   [01;31m[K^~~~~~~~~~~~~~[m[K
[01m[K/home/orin/ros2_ws/src/my_bot_description/hardware/diffbot_system.cpp:48:3:[m[K [01;31m[Kerror: [m[K‘[01m[Khw_commands_[m[K’ was not declared in this scope
   48 |   [01;31m[Khw_commands_[m[K.resize(info_.joints.size(), std::numeric_limits<double>::quiet_NaN());
      |   [01;31m[K^~~~~~~~~~~~[m[K
[01m[K/home/orin/ros2_ws/src/my_bot_description/hardware/diffbot_system.cpp:[m[K At global scope:
[01m[K/home/orin/ros2_ws/src/my_bot_description/hardware/diffbot_system.cpp:102:49:[m[K [01;31m[Kerror: [m[K‘[01m[KDiffBotSystemHardware[m[K’ has not been declared
  102 | std::vector<hardware_interface::StateInterface> [01;31m[KDiffBotSystemHardware[m[K::export_state_interfaces()
      |                                                 [01;31m[K^~~~~~~~~~~~~~~~~~~~~[m[K
[01m[K/home/orin/ros2_ws/src/my_bot_description/hardware/diffbot_system.cpp:[m[K In function ‘[01m[Kstd::vector<hardware_interface::StateInterface> my_bot_ros2_control::export_state_interfaces()[m[K’:
[01m[K/home/orin/ros2_ws/src/my_bot_description/hardware/diffbot_system.cpp:105:25:[m[K [01;31m[Kerror: [m[K‘[01m[Kinfo_[m[K’ was not declared in this scope
  105 |   for (auto i = 0u; i < [01;31m[Kinfo_[m[K.joints.size(); i++)
      |                         [01;31m[K^~~~~[m[K
[01m[K/home/orin/ros2_ws/src/my_bot_description/hardware/diffbot_system.cpp:108:66:[m[K [01;31m[Kerror: [m[K‘[01m[Khw_positions_[m[K’ was not declared in this scope
  108 |       info_.joints[i].name, hardware_interface::HW_IF_POSITION, &[01;31m[Khw_positions_[m[K[i]));
      |                                                                  [01;31m[K^~~~~~~~~~~~~[m[K
[01m[K/home/orin/ros2_ws/src/my_bot_description/hardware/diffbot_system.cpp:110:66:[m[K [01;31m[Kerror: [m[K‘[01m[Khw_velocities_[m[K’ was not declared in this scope
  110 |       info_.joints[i].name, hardware_interface::HW_IF_VELOCITY, &[01;31m[Khw_velocities_[m[K[i]));
      |                                                                  [01;31m[K^~~~~~~~~~~~~~[m[K
[01m[K/home/orin/ros2_ws/src/my_bot_description/hardware/diffbot_system.cpp:[m[K At global scope:
[01m[K/home/orin/ros2_ws/src/my_bot_description/hardware/diffbot_system.cpp:116:51:[m[K [01;31m[Kerror: [m[K‘[01m[KDiffBotSystemHardware[m[K’ has not been declared
  116 | std::vector<hardware_interface::CommandInterface> [01;31m[KDiffBotSystemHardware[m[K::export_command_interfaces()
      |                                                   [01;31m[K^~~~~~~~~~~~~~~~~~~~~[m[K
[01m[K/home/orin/ros2_ws/src/my_bot_description/hardware/diffbot_system.cpp:[m[K In function ‘[01m[Kstd::vector<hardware_interface::CommandInterface> my_bot_ros2_control::export_command_interfaces()[m[K’:
[01m[K/home/orin/ros2_ws/src/my_bot_description/hardware/diffbot_system.cpp:119:25:[m[K [01;31m[Kerror: [m[K‘[01m[Kinfo_[m[K’ was not declared in this scope
  119 |   for (auto i = 0u; i < [01;31m[Kinfo_[m[K.joints.size(); i++)
      |                         [01;31m[K^~~~~[m[K
[01m[K/home/orin/ros2_ws/src/my_bot_description/hardware/diffbot_system.cpp:122:66:[m[K [01;31m[Kerror: [m[K‘[01m[Khw_commands_[m[K’ was not declared in this scope
  122 |       info_.joints[i].name, hardware_interface::HW_IF_VELOCITY, &[01;31m[Khw_commands_[m[K[i]));
      |                                                                  [01;31m[K^~~~~~~~~~~~[m[K
[01m[K/home/orin/ros2_ws/src/my_bot_description/hardware/diffbot_system.cpp:[m[K At global scope:
[01m[K/home/orin/ros2_ws/src/my_bot_description/hardware/diffbot_system.cpp:128:36:[m[K [01;31m[Kerror: [m[K‘[01m[KDiffBotSystemHardware[m[K’ has not been declared
  128 | hardware_interface::CallbackReturn [01;31m[KDiffBotSystemHardware[m[K::on_activate(
      |                                    [01;31m[K^~~~~~~~~~~~~~~~~~~~~[m[K
[01m[K/home/orin/ros2_ws/src/my_bot_description/hardware/diffbot_system.cpp:[m[K In function ‘[01m[Khardware_interface::CallbackReturn my_bot_ros2_control::on_activate(const rclcpp_lifecycle::State&)[m[K’:
[01m[K/home/orin/ros2_ws/src/my_bot_description/hardware/diffbot_system.cpp:134:24:[m[K [01;31m[Kerror: [m[K‘[01m[Khw_start_sec_[m[K’ was not declared in this scope
  134 |   for (auto i = 0; i < [01;31m[Khw_start_sec_[m[K; i++)
      |                        [01;31m[K^~~~~~~~~~~~~[m[K
[01m[K/home/orin/ros2_ws/src/my_bot_description/hardware/diffbot_system.cpp:143:25:[m[K [01;31m[Kerror: [m[K‘[01m[Khw_positions_[m[K’ was not declared in this scope
  143 |   for (auto i = 0u; i < [01;31m[Khw_positions_[m[K.size(); i++)
      |                         [01;31m[K^~~~~~~~~~~~~[m[K
[01m[K/home/orin/ros2_ws/src/my_bot_description/hardware/diffbot_system.cpp:148:7:[m[K [01;31m[Kerror: [m[K‘[01m[Khw_velocities_[m[K’ was not declared in this scope
  148 |       [01;31m[Khw_velocities_[m[K[i] = 0;
      |       [01;31m[K^~~~~~~~~~~~~~[m[K
[01m[K/home/orin/ros2_ws/src/my_bot_description/hardware/diffbot_system.cpp:149:7:[m[K [01;31m[Kerror: [m[K‘[01m[Khw_commands_[m[K’ was not declared in this scope
  149 |       [01;31m[Khw_commands_[m[K[i] = 0;
      |       [01;31m[K^~~~~~~~~~~~[m[K
[01m[K/home/orin/ros2_ws/src/my_bot_description/hardware/diffbot_system.cpp:[m[K At global scope:
[01m[K/home/orin/ros2_ws/src/my_bot_description/hardware/diffbot_system.cpp:158:36:[m[K [01;31m[Kerror: [m[K‘[01m[KDiffBotSystemHardware[m[K’ has not been declared
  158 | hardware_interface::CallbackReturn [01;31m[KDiffBotSystemHardware[m[K::on_deactivate(
      |                                    [01;31m[K^~~~~~~~~~~~~~~~~~~~~[m[K
[01m[K/home/orin/ros2_ws/src/my_bot_description/hardware/diffbot_system.cpp:[m[K In function ‘[01m[Khardware_interface::CallbackReturn my_bot_ros2_control::on_deactivate(const rclcpp_lifecycle::State&)[m[K’:
[01m[K/home/orin/ros2_ws/src/my_bot_description/hardware/diffbot_system.cpp:164:24:[m[K [01;31m[Kerror: [m[K‘[01m[Khw_stop_sec_[m[K’ was not declared in this scope
  164 |   for (auto i = 0; i < [01;31m[Khw_stop_sec_[m[K; i++)
      |                        [01;31m[K^~~~~~~~~~~~[m[K
[01m[K/home/orin/ros2_ws/src/my_bot_description/hardware/diffbot_system.cpp:[m[K At global scope:
[01m[K/home/orin/ros2_ws/src/my_bot_description/hardware/diffbot_system.cpp:177:33:[m[K [01;31m[Kerror: [m[K‘[01m[KDiffBotSystemHardware[m[K’ has not been declared
  177 | hardware_interface::return_type [01;31m[KDiffBotSystemHardware[m[K::read(
      |                                 [01;31m[K^~~~~~~~~~~~~~~~~~~~~[m[K
[01m[K/home/orin/ros2_ws/src/my_bot_description/hardware/diffbot_system.cpp:[m[K In function ‘[01m[Khardware_interface::return_type my_bot_ros2_control::read(const rclcpp::Time&, const rclcpp::Duration&)[m[K’:
[01m[K/home/orin/ros2_ws/src/my_bot_description/hardware/diffbot_system.cpp:181:31:[m[K [01;31m[Kerror: [m[K‘[01m[Khw_velocities_[m[K’ was not declared in this scope
  181 |   for (std::size_t i = 0; i < [01;31m[Khw_velocities_[m[K.size(); i++)
      |                               [01;31m[K^~~~~~~~~~~~~~[m[K
[01m[K/home/orin/ros2_ws/src/my_bot_description/hardware/diffbot_system.cpp:186:5:[m[K [01;31m[Kerror: [m[K‘[01m[Khw_positions_[m[K’ was not declared in this scope
  186 |     [01;31m[Khw_positions_[m[K[i] = hw_positions_[i] + period.seconds() * hw_velocities_[i];
      |     [01;31m[K^~~~~~~~~~~~~[m[K
In file included from [01m[K/opt/ros/humble/include/rclcpp/rclcpp/logging.hpp:24[m[K,
                 from [01m[K/opt/ros/humble/include/rclcpp/rclcpp/client.hpp:40[m[K,
                 from [01m[K/opt/ros/humble/include/rclcpp/rclcpp/callback_group.hpp:24[m[K,
                 from [01m[K/opt/ros/humble/include/rclcpp/rclcpp/any_executable.hpp:20[m[K,
                 from [01m[K/opt/ros/humble/include/rclcpp/rclcpp/memory_strategy.hpp:25[m[K,
                 from [01m[K/opt/ros/humble/include/rclcpp/rclcpp/memory_strategies.hpp:18[m[K,
                 from [01m[K/opt/ros/humble/include/rclcpp/rclcpp/executor_options.hpp:20[m[K,
                 from [01m[K/opt/ros/humble/include/rclcpp/rclcpp/executor.hpp:37[m[K,
                 from [01m[K/opt/ros/humble/include/rclcpp/rclcpp/executors/multi_threaded_executor.hpp:25[m[K,
                 from [01m[K/opt/ros/humble/include/rclcpp/rclcpp/executors.hpp:21[m[K,
                 from [01m[K/opt/ros/humble/include/rclcpp/rclcpp/rclcpp.hpp:155[m[K,
                 from [01m[K/home/orin/ros2_ws/src/my_bot_description/hardware/diffbot_system.cpp:26[m[K:
[01m[K/home/orin/ros2_ws/src/my_bot_description/hardware/diffbot_system.cpp:191:26:[m[K [01;31m[Kerror: [m[K‘[01m[Kinfo_[m[K’ was not declared in this scope
  191 |       hw_velocities_[i], [01;31m[Kinfo_[m[K.joints[i].name.c_str());
      |                          [01;31m[K^~~~~[m[K
[01m[K/home/orin/ros2_ws/src/my_bot_description/hardware/diffbot_system.cpp:[m[K At global scope:
[01m[K/home/orin/ros2_ws/src/my_bot_description/hardware/diffbot_system.cpp:198:55:[m[K [01;31m[Kerror: [m[K‘[01m[Kmy_bot_ros2_control::DiffBotSystemHardware[m[K’ has not been declared
  198 | hardware_interface::return_type my_bot_ros2_control ::[01;31m[KDiffBotSystemHardware[m[K::write(
      |                                                       [01;31m[K^~~~~~~~~~~~~~~~~~~~~[m[K
[01m[K/home/orin/ros2_ws/src/my_bot_description/hardware/diffbot_system.cpp:[m[K In function ‘[01m[Khardware_interface::return_type my_bot_ros2_control::write(const rclcpp::Time&, const rclcpp::Duration&)[m[K’:
[01m[K/home/orin/ros2_ws/src/my_bot_description/hardware/diffbot_system.cpp:204:25:[m[K [01;31m[Kerror: [m[K‘[01m[Khw_commands_[m[K’ was not declared in this scope
  204 |   for (auto i = 0u; i < [01;31m[Khw_commands_[m[K.size(); i++)
      |                         [01;31m[K^~~~~~~~~~~~[m[K
In file included from [01m[K/opt/ros/humble/include/rclcpp/rclcpp/logging.hpp:24[m[K,
                 from [01m[K/opt/ros/humble/include/rclcpp/rclcpp/client.hpp:40[m[K,
                 from [01m[K/opt/ros/humble/include/rclcpp/rclcpp/callback_group.hpp:24[m[K,
                 from [01m[K/opt/ros/humble/include/rclcpp/rclcpp/any_executable.hpp:20[m[K,
                 from [01m[K/opt/ros/humble/include/rclcpp/rclcpp/memory_strategy.hpp:25[m[K,
                 from [01m[K/opt/ros/humble/include/rclcpp/rclcpp/memory_strategies.hpp:18[m[K,
                 from [01m[K/opt/ros/humble/include/rclcpp/rclcpp/executor_options.hpp:20[m[K,
                 from [01m[K/opt/ros/humble/include/rclcpp/rclcpp/executor.hpp:37[m[K,
                 from [01m[K/opt/ros/humble/include/rclcpp/rclcpp/executors/multi_threaded_executor.hpp:25[m[K,
                 from [01m[K/opt/ros/humble/include/rclcpp/rclcpp/executors.hpp:21[m[K,
                 from [01m[K/opt/ros/humble/include/rclcpp/rclcpp/rclcpp.hpp:155[m[K,
                 from [01m[K/home/orin/ros2_ws/src/my_bot_description/hardware/diffbot_system.cpp:26[m[K:
[01m[K/home/orin/ros2_ws/src/my_bot_description/hardware/diffbot_system.cpp:209:7:[m[K [01;31m[Kerror: [m[K‘[01m[Kinfo_[m[K’ was not declared in this scope
  209 |       [01;31m[Kinfo_[m[K.joints[i].name.c_str());
      |       [01;31m[K^~~~~[m[K
[01m[K/home/orin/ros2_ws/src/my_bot_description/hardware/diffbot_system.cpp:211:5:[m[K [01;31m[Kerror: [m[K‘[01m[Khw_velocities_[m[K’ was not declared in this scope
  211 |     [01;31m[Khw_velocities_[m[K[i] = hw_commands_[i];
      |     [01;31m[K^~~~~~~~~~~~~~[m[K
In file included from [01m[K/opt/ros/humble/include/class_loader/class_loader/class_loader.hpp:56[m[K,
                 from [01m[K/opt/ros/humble/include/pluginlib/pluginlib/class_list_macros.hpp:40[m[K,
                 from [01m[K/home/orin/ros2_ws/src/my_bot_description/hardware/diffbot_system.cpp:221[m[K:
[01m[K/home/orin/ros2_ws/src/my_bot_description/hardware/diffbot_system.cpp:[m[K At global scope:
[01m[K/home/orin/ros2_ws/src/my_bot_description/hardware/diffbot_system.cpp:223:24:[m[K [01;31m[Kerror: [m[K‘[01m[KDiffBotSystemHardware[m[K’ in namespace ‘[01m[Kmy_bot_ros2_control[m[K’ does not name a type
  223 |   my_bot_ros2_control::[01;31m[KDiffBotSystemHardware[m[K, hardware_interface::SystemInterface)
      |                        [01;31m[K^~~~~~~~~~~~~~~~~~~~~[m[K
[01m[K/home/orin/ros2_ws/src/my_bot_description/hardware/diffbot_system.cpp:[m[K In constructor ‘[01m[K{anonymous}::ProxyExec0::ProxyExec0()[m[K’:
[01m[K/home/orin/ros2_ws/src/my_bot_description/hardware/diffbot_system.cpp:222:1:[m[K [01;31m[Kerror: [m[K‘[01m[K_derived[m[K’ was not declared in this scope
  222 | [01;31m[KPLUGINLIB_EXPORT_CLASS[m[K(
      | [01;31m[K^~~~~~~~~~~~~~~~~~~~~~[m[K
[01m[K/home/orin/ros2_ws/src/my_bot_description/hardware/diffbot_system.cpp:222:1:[m[K [01;31m[Kerror: [m[Kno matching function for call to ‘[01m[KregisterPlugin<<expression error>, {anonymous}::ProxyExec0::_base>(const char [43], const char [36])[m[K’
  222 | [01;31m[KPLUGINLIB_EXPORT_CLASS[m[K(
      | [01;31m[K^~~~~~~~~~~~~~~~~~~~~~[m[K
In file included from [01m[K/opt/ros/humble/include/class_loader/class_loader/class_loader.hpp:55[m[K,
                 from [01m[K/opt/ros/humble/include/pluginlib/pluginlib/class_list_macros.hpp:40[m[K,
                 from [01m[K/home/orin/ros2_ws/src/my_bot_description/hardware/diffbot_system.cpp:221[m[K:
[01m[K/opt/ros/humble/include/class_loader/class_loader/class_loader_core.hpp:210:6:[m[K [01;36m[Knote: [m[Kcandidate: ‘[01m[Ktemplate<class Derived, class Base> void class_loader::impl::registerPlugin(const string&, const string&)[m[K’
  210 | void [01;36m[KregisterPlugin[m[K(const std::string & class_name, const std::string & base_class_name)
      |      [01;36m[K^~~~~~~~~~~~~~[m[K
[01m[K/opt/ros/humble/include/class_loader/class_loader/class_loader_core.hpp:210:6:[m[K [01;36m[Knote: [m[K  template argument deduction/substitution failed:
In file included from [01m[K/opt/ros/humble/include/class_loader/class_loader/class_loader.hpp:56[m[K,
                 from [01m[K/opt/ros/humble/include/pluginlib/pluginlib/class_list_macros.hpp:40[m[K,
                 from [01m[K/home/orin/ros2_ws/src/my_bot_description/hardware/diffbot_system.cpp:221[m[K:
[01m[K/home/orin/ros2_ws/src/my_bot_description/hardware/diffbot_system.cpp:222:1:[m[K [01;31m[Kerror: [m[Ktemplate argument 1 is invalid
  222 | [01;31m[KPLUGINLIB_EXPORT_CLASS[m[K(
      | [01;31m[K^~~~~~~~~~~~~~~~~~~~~~[m[K
gmake[2]: *** [CMakeFiles/my_bot_description.dir/build.make:76: CMakeFiles/my_bot_description.dir/hardware/diffbot_system.cpp.o] Error 1
gmake[1]: *** [CMakeFiles/Makefile2:137: CMakeFiles/my_bot_description.dir/all] Error 2
gmake: *** [Makefile:146: all] Error 2
