[3.014s] Invoking command in '/home/orin/ros2_ws/src/examples/rclpy/executors': PYTHONPATH=/home/orin/ros2_ws/build/examples_rclpy_executors/prefix_override:/usr/lib/python3/dist-packages/colcon_core/task/python/colcon_distutils_commands:/home/orin/ros2_ws/install/examples_rclpy_executors/lib/python3.10/site-packages:${PYTHONPATH} /usr/bin/python3 -W ignore:setup.py install is deprecated -W ignore:easy_install command is deprecated setup.py egg_info --egg-base ../../../../build/examples_rclpy_executors build --build-base /home/orin/ros2_ws/build/examples_rclpy_executors/build install --record /home/orin/ros2_ws/build/examples_rclpy_executors/install.log --single-version-externally-managed install_data
[4.037s] /home/orin/.local/lib/python3.10/site-packages/setuptools/_distutils/dist.py:261: UserWarning: Unknown distribution option: 'tests_require'
[4.038s]   warnings.warn(msg)
[4.076s] running egg_info
[4.134s] writing ../../../../build/examples_rclpy_executors/examples_rclpy_executors.egg-info/PKG-INFO
[4.140s] writing dependency_links to ../../../../build/examples_rclpy_executors/examples_rclpy_executors.egg-info/dependency_links.txt
[4.140s] writing entry points to ../../../../build/examples_rclpy_executors/examples_rclpy_executors.egg-info/entry_points.txt
[4.144s] writing requirements to ../../../../build/examples_rclpy_executors/examples_rclpy_executors.egg-info/requires.txt
[4.144s] writing top-level names to ../../../../build/examples_rclpy_executors/examples_rclpy_executors.egg-info/top_level.txt
[4.285s] reading manifest file '../../../../build/examples_rclpy_executors/examples_rclpy_executors.egg-info/SOURCES.txt'
[4.295s] writing manifest file '../../../../build/examples_rclpy_executors/examples_rclpy_executors.egg-info/SOURCES.txt'
[4.297s] running build
[4.298s] running build_py
[4.300s] copying examples_rclpy_executors/listener.py -> /home/orin/ros2_ws/build/examples_rclpy_executors/build/lib/examples_rclpy_executors
[4.301s] copying examples_rclpy_executors/__init__.py -> /home/orin/ros2_ws/build/examples_rclpy_executors/build/lib/examples_rclpy_executors
[4.301s] copying examples_rclpy_executors/callback_group.py -> /home/orin/ros2_ws/build/examples_rclpy_executors/build/lib/examples_rclpy_executors
[4.301s] copying examples_rclpy_executors/talker.py -> /home/orin/ros2_ws/build/examples_rclpy_executors/build/lib/examples_rclpy_executors
[4.301s] copying examples_rclpy_executors/custom_executor.py -> /home/orin/ros2_ws/build/examples_rclpy_executors/build/lib/examples_rclpy_executors
[4.301s] copying examples_rclpy_executors/custom_callback_group.py -> /home/orin/ros2_ws/build/examples_rclpy_executors/build/lib/examples_rclpy_executors
[4.301s] copying examples_rclpy_executors/composed.py -> /home/orin/ros2_ws/build/examples_rclpy_executors/build/lib/examples_rclpy_executors
[4.336s] running install
[4.337s] running install_lib
[4.375s] running install_data
[4.375s] copying resource/examples_rclpy_executors -> /home/orin/ros2_ws/install/examples_rclpy_executors/share/ament_index/resource_index/packages
[4.376s] copying package.xml -> /home/orin/ros2_ws/install/examples_rclpy_executors/share/examples_rclpy_executors
[4.377s] running install_egg_info
[4.444s] removing '/home/orin/ros2_ws/install/examples_rclpy_executors/lib/python3.10/site-packages/examples_rclpy_executors-0.15.2-py3.10.egg-info' (and everything under it)
[4.452s] Copying ../../../../build/examples_rclpy_executors/examples_rclpy_executors.egg-info to /home/orin/ros2_ws/install/examples_rclpy_executors/lib/python3.10/site-packages/examples_rclpy_executors-0.15.2-py3.10.egg-info
[4.493s] running install_scripts
[5.108s] Installing callback_group script to /home/orin/ros2_ws/install/examples_rclpy_executors/lib/examples_rclpy_executors
[5.109s] Installing composed script to /home/orin/ros2_ws/install/examples_rclpy_executors/lib/examples_rclpy_executors
[5.110s] Installing custom_callback_group script to /home/orin/ros2_ws/install/examples_rclpy_executors/lib/examples_rclpy_executors
[5.111s] Installing custom_executor script to /home/orin/ros2_ws/install/examples_rclpy_executors/lib/examples_rclpy_executors
[5.112s] Installing listener script to /home/orin/ros2_ws/install/examples_rclpy_executors/lib/examples_rclpy_executors
[5.114s] Installing talker script to /home/orin/ros2_ws/install/examples_rclpy_executors/lib/examples_rclpy_executors
[5.115s] writing list of installed files to '/home/orin/ros2_ws/build/examples_rclpy_executors/install.log'
[5.270s] Invoked command in '/home/orin/ros2_ws/src/examples/rclpy/executors' returned '0': PYTHONPATH=/home/orin/ros2_ws/build/examples_rclpy_executors/prefix_override:/usr/lib/python3/dist-packages/colcon_core/task/python/colcon_distutils_commands:/home/orin/ros2_ws/install/examples_rclpy_executors/lib/python3.10/site-packages:${PYTHONPATH} /usr/bin/python3 -W ignore:setup.py install is deprecated -W ignore:easy_install command is deprecated setup.py egg_info --egg-base ../../../../build/examples_rclpy_executors build --build-base /home/orin/ros2_ws/build/examples_rclpy_executors/build install --record /home/orin/ros2_ws/build/examples_rclpy_executors/install.log --single-version-externally-managed install_data
