[2.099s] Invoking command in '/home/orin/ros2_ws/src/teleop_twist_keyboard': PYTHONPATH=/home/orin/ros2_ws/build/teleop_twist_keyboard/prefix_override:/usr/lib/python3/dist-packages/colcon_core/task/python/colcon_distutils_commands:/home/orin/ros2_ws/install/teleop_twist_keyboard/lib/python3.10/site-packages:${PYTHONPATH} /usr/bin/python3 -W ignore:setup.py install is deprecated -W ignore:easy_install command is deprecated setup.py egg_info --egg-base ../../build/teleop_twist_keyboard build --build-base /home/orin/ros2_ws/build/teleop_twist_keyboard/build install --record /home/orin/ros2_ws/build/teleop_twist_keyboard/install.log --install-scripts $base/lib/teleop_twist_keyboard --single-version-externally-managed install_data
[2.434s] /home/orin/.local/lib/python3.10/site-packages/setuptools/dist.py:452: SetuptoolsDeprecationWarning: Invalid dash-separated options
[2.434s] !!
[2.434s] 
[2.434s]         ********************************************************************************
[2.435s]         Usage of dash-separated 'script-dir' will not be supported in future
[2.435s]         versions. Please use the underscore name 'script_dir' instead.
[2.435s] 
[2.435s]         This deprecation is overdue, please update your project and remove deprecated
[2.435s]         calls to avoid build errors in the future.
[2.435s] 
[2.435s]         See https://setuptools.pypa.io/en/latest/userguide/declarative_config.html for details.
[2.435s]         ********************************************************************************
[2.436s] 
[2.436s] !!
[2.436s]   opt = self.warn_dash_deprecation(opt, section)
[2.495s] /home/orin/.local/lib/python3.10/site-packages/setuptools/_distutils/dist.py:261: UserWarning: Unknown distribution option: 'tests_require'
[2.496s]   warnings.warn(msg)
[2.810s] running egg_info
[2.811s] creating ../../build/teleop_twist_keyboard/teleop_twist_keyboard.egg-info
[2.863s] writing ../../build/teleop_twist_keyboard/teleop_twist_keyboard.egg-info/PKG-INFO
[2.864s] writing dependency_links to ../../build/teleop_twist_keyboard/teleop_twist_keyboard.egg-info/dependency_links.txt
[2.864s] writing entry points to ../../build/teleop_twist_keyboard/teleop_twist_keyboard.egg-info/entry_points.txt
[2.865s] writing requirements to ../../build/teleop_twist_keyboard/teleop_twist_keyboard.egg-info/requires.txt
[2.865s] writing top-level names to ../../build/teleop_twist_keyboard/teleop_twist_keyboard.egg-info/top_level.txt
[2.865s] writing manifest file '../../build/teleop_twist_keyboard/teleop_twist_keyboard.egg-info/SOURCES.txt'
[2.972s] reading manifest file '../../build/teleop_twist_keyboard/teleop_twist_keyboard.egg-info/SOURCES.txt'
[2.972s] adding license file 'LICENSE'
[2.974s] writing manifest file '../../build/teleop_twist_keyboard/teleop_twist_keyboard.egg-info/SOURCES.txt'
[2.974s] running build
[2.975s] running build_py
[2.975s] creating /home/orin/ros2_ws/build/teleop_twist_keyboard/build/lib
[2.976s] copying teleop_twist_keyboard.py -> /home/orin/ros2_ws/build/teleop_twist_keyboard/build/lib
[2.976s] running install
[2.986s] running install_lib
[3.038s] copying /home/orin/ros2_ws/build/teleop_twist_keyboard/build/lib/teleop_twist_keyboard.py -> /home/orin/ros2_ws/install/teleop_twist_keyboard/lib/python3.10/site-packages
[3.040s] byte-compiling /home/orin/ros2_ws/install/teleop_twist_keyboard/lib/python3.10/site-packages/teleop_twist_keyboard.py to teleop_twist_keyboard.cpython-310.pyc
[3.042s] running install_data
[3.043s] creating /home/orin/ros2_ws/install/teleop_twist_keyboard/share/ament_index/resource_index/packages
[3.043s] copying resource/teleop_twist_keyboard -> /home/orin/ros2_ws/install/teleop_twist_keyboard/share/ament_index/resource_index/packages
[3.044s] copying package.xml -> /home/orin/ros2_ws/install/teleop_twist_keyboard/share/teleop_twist_keyboard
[3.044s] running install_egg_info
[3.100s] Copying ../../build/teleop_twist_keyboard/teleop_twist_keyboard.egg-info to /home/orin/ros2_ws/install/teleop_twist_keyboard/lib/python3.10/site-packages/teleop_twist_keyboard-2.0.0-py3.10.egg-info
[3.102s] running install_scripts
[3.527s] Installing teleop_twist_keyboard script to /home/orin/ros2_ws/install/teleop_twist_keyboard/lib/teleop_twist_keyboard
[3.527s] writing list of installed files to '/home/orin/ros2_ws/build/teleop_twist_keyboard/install.log'
[3.612s] Invoked command in '/home/orin/ros2_ws/src/teleop_twist_keyboard' returned '0': PYTHONPATH=/home/orin/ros2_ws/build/teleop_twist_keyboard/prefix_override:/usr/lib/python3/dist-packages/colcon_core/task/python/colcon_distutils_commands:/home/orin/ros2_ws/install/teleop_twist_keyboard/lib/python3.10/site-packages:${PYTHONPATH} /usr/bin/python3 -W ignore:setup.py install is deprecated -W ignore:easy_install command is deprecated setup.py egg_info --egg-base ../../build/teleop_twist_keyboard build --build-base /home/orin/ros2_ws/build/teleop_twist_keyboard/build install --record /home/orin/ros2_ws/build/teleop_twist_keyboard/install.log --install-scripts $base/lib/teleop_twist_keyboard --single-version-externally-managed install_data
