[0.033s] Invoking command in '/home/orin/ros2_ws/build/diffdrive_arduino': CMAKE_PREFIX_PATH=/opt/ros/humble /usr/bin/cmake /home/orin/ros2_ws/src/diffdrive_arduino -DAMENT_CMAKE_SYMLINK_INSTALL=1 -DCMAKE_INSTALL_PREFIX=/home/orin/ros2_ws/install/diffdrive_arduino
[0.063s] -- Found ament_cmake: 1.3.11 (/opt/ros/humble/share/ament_cmake/cmake)
[0.674s] -- Override CMake install command with custom implementation using symlinks instead of copying resources
[0.691s] -- Found hardware_interface: 2.48.0 (/opt/ros/humble/share/hardware_interface/cmake)
[0.771s] -- Found rosidl_generator_c: 3.1.6 (/opt/ros/humble/share/rosidl_generator_c/cmake)
[0.774s] -- Found rosidl_adapter: 3.1.6 (/opt/ros/humble/share/rosidl_adapter/cmake)
[0.787s] -- Found rosidl_generator_cpp: 3.1.6 (/opt/ros/humble/share/rosidl_generator_cpp/cmake)
[0.837s] -- Using all available rosidl_typesupport_c: rosidl_typesupport_fastrtps_c;rosidl_typesupport_introspection_c
[0.902s] -- Using all available rosidl_typesupport_cpp: rosidl_typesupport_fastrtps_cpp;rosidl_typesupport_introspection_cpp
[1.703s] -- Found rmw_implementation_cmake: 6.1.2 (/opt/ros/humble/share/rmw_implementation_cmake/cmake)
[1.715s] -- Found rmw_fastrtps_cpp: 6.2.7 (/opt/ros/humble/share/rmw_fastrtps_cpp/cmake)
[1.821s] -- Found TinyXML2 via Config file: TinyXML2_DIR-NOTFOUND
[1.866s] -- Found TinyXML2 via Config file: TinyXML2_DIR-NOTFOUND
[1.924s] -- Found TinyXML2 via Config file: TinyXML2_DIR-NOTFOUND
[1.953s] -- Found TinyXML2 via Config file: TinyXML2_DIR-NOTFOUND
[1.983s] -- Using RMW implementation 'rmw_fastrtps_cpp' as default
[2.253s] -- Found ament_cmake_gtest: 1.3.11 (/opt/ros/humble/share/ament_cmake_gtest/cmake)
[2.615s] -- Configuring done
[2.795s] -- Generating done
[2.816s] -- Build files have been written to: /home/orin/ros2_ws/build/diffdrive_arduino
[2.863s] Invoked command in '/home/orin/ros2_ws/build/diffdrive_arduino' returned '0': CMAKE_PREFIX_PATH=/opt/ros/humble /usr/bin/cmake /home/orin/ros2_ws/src/diffdrive_arduino -DAMENT_CMAKE_SYMLINK_INSTALL=1 -DCMAKE_INSTALL_PREFIX=/home/orin/ros2_ws/install/diffdrive_arduino
[2.864s] Invoking command in '/home/orin/ros2_ws/build/diffdrive_arduino': CMAKE_PREFIX_PATH=/opt/ros/humble /usr/bin/cmake --build /home/orin/ros2_ws/build/diffdrive_arduino -- -j6 -l6
[3.085s] [35m[1mConsolidate compiler generated dependencies of target diffdrive_arduino[0m
[3.190s] [ 50%] [32mBuilding CXX object CMakeFiles/diffdrive_arduino.dir/hardware/diffbot_system.cpp.o[0m
[17.862s] [100%] [32m[1mLinking CXX shared library libdiffdrive_arduino.so[0m
[18.846s] [100%] Built target diffdrive_arduino
[18.934s] Invoked command in '/home/orin/ros2_ws/build/diffdrive_arduino' returned '0': CMAKE_PREFIX_PATH=/opt/ros/humble /usr/bin/cmake --build /home/orin/ros2_ws/build/diffdrive_arduino -- -j6 -l6
[18.936s] Invoking command in '/home/orin/ros2_ws/build/diffdrive_arduino': CMAKE_PREFIX_PATH=/opt/ros/humble /usr/bin/cmake --install /home/orin/ros2_ws/build/diffdrive_arduino
[21.255s] -- Install configuration: ""
[21.255s] -- Execute custom install script
[21.255s] -- Up-to-date symlink: /home/orin/ros2_ws/install/diffdrive_arduino/share/diffdrive_arduino//diffdrive_arduino.xml
[21.255s] -- Up-to-date symlink: /home/orin/ros2_ws/install/diffdrive_arduino/include/diffdrive_arduino/diffdrive_arduino/arduino_comms.hpp
[21.255s] -- Up-to-date symlink: /home/orin/ros2_ws/install/diffdrive_arduino/include/diffdrive_arduino/diffdrive_arduino/diffbot_system.hpp
[21.256s] -- Up-to-date symlink: /home/orin/ros2_ws/install/diffdrive_arduino/include/diffdrive_arduino/diffdrive_arduino/visibility_control.h
[21.256s] -- Up-to-date symlink: /home/orin/ros2_ws/install/diffdrive_arduino/include/diffdrive_arduino/diffdrive_arduino/wheel.hpp
[21.256s] -- Up-to-date symlink: /home/orin/ros2_ws/install/diffdrive_arduino/share/diffdrive_arduino/launch/view_robot.launch.py
[21.256s] -- Up-to-date symlink: /home/orin/ros2_ws/install/diffdrive_arduino/share/diffdrive_arduino/ros2_control/diffbot.ros2_control.xacro
[21.256s] -- Up-to-date symlink: /home/orin/ros2_ws/install/diffdrive_arduino/share/diffdrive_arduino/urdf/diffbot.materials.xacro
[21.256s] -- Up-to-date symlink: /home/orin/ros2_ws/install/diffdrive_arduino/share/diffdrive_arduino/urdf/diffbot.urdf.xacro
[21.256s] -- Up-to-date symlink: /home/orin/ros2_ws/install/diffdrive_arduino/share/diffdrive_arduino/urdf/diffbot_description.urdf.xacro
[21.257s] -- Up-to-date symlink: /home/orin/ros2_ws/install/diffdrive_arduino/share/diffdrive_arduino/rviz/diffbot.rviz
[21.257s] -- Up-to-date symlink: /home/orin/ros2_ws/install/diffdrive_arduino/share/diffdrive_arduino/rviz/diffbot_view.rviz
[21.257s] -- Up-to-date symlink: /home/orin/ros2_ws/install/diffdrive_arduino/share/diffdrive_arduino/launch/diffbot.launch.py
[21.257s] -- Up-to-date symlink: /home/orin/ros2_ws/install/diffdrive_arduino/share/diffdrive_arduino/config/diffbot_controllers.yaml
[21.257s] -- Up-to-date symlink: /home/orin/ros2_ws/install/diffdrive_arduino/share/diffdrive_arduino/environment/library_path.sh
[21.257s] -- Up-to-date symlink: /home/orin/ros2_ws/install/diffdrive_arduino/share/diffdrive_arduino/environment/library_path.dsv
[21.257s] -- Up-to-date symlink: /home/orin/ros2_ws/install/diffdrive_arduino/share/ament_index/resource_index/package_run_dependencies/diffdrive_arduino
[21.258s] -- Up-to-date symlink: /home/orin/ros2_ws/install/diffdrive_arduino/share/ament_index/resource_index/parent_prefix_path/diffdrive_arduino
[21.258s] -- Up-to-date symlink: /home/orin/ros2_ws/install/diffdrive_arduino/share/diffdrive_arduino/environment/ament_prefix_path.sh
[21.262s] -- Up-to-date symlink: /home/orin/ros2_ws/install/diffdrive_arduino/share/diffdrive_arduino/environment/ament_prefix_path.dsv
[21.263s] -- Up-to-date symlink: /home/orin/ros2_ws/install/diffdrive_arduino/share/diffdrive_arduino/environment/path.sh
[21.263s] -- Up-to-date symlink: /home/orin/ros2_ws/install/diffdrive_arduino/share/diffdrive_arduino/environment/path.dsv
[21.263s] -- Up-to-date symlink: /home/orin/ros2_ws/install/diffdrive_arduino/share/diffdrive_arduino/local_setup.bash
[21.263s] -- Up-to-date symlink: /home/orin/ros2_ws/install/diffdrive_arduino/share/diffdrive_arduino/local_setup.sh
[21.263s] -- Up-to-date symlink: /home/orin/ros2_ws/install/diffdrive_arduino/share/diffdrive_arduino/local_setup.zsh
[21.263s] -- Up-to-date symlink: /home/orin/ros2_ws/install/diffdrive_arduino/share/diffdrive_arduino/local_setup.dsv
[21.263s] -- Symlinking: /home/orin/ros2_ws/install/diffdrive_arduino/share/diffdrive_arduino/package.dsv
[21.264s] -- Up-to-date symlink: /home/orin/ros2_ws/install/diffdrive_arduino/share/ament_index/resource_index/packages/diffdrive_arduino
[21.264s] -- Up-to-date symlink: /home/orin/ros2_ws/install/diffdrive_arduino/share/ament_index/resource_index/hardware_interface__pluginlib__plugin/diffdrive_arduino
[21.264s] -- Up-to-date symlink: /home/orin/ros2_ws/install/diffdrive_arduino/share/diffdrive_arduino/cmake/ament_cmake_export_targets-extras.cmake
[21.264s] -- Up-to-date symlink: /home/orin/ros2_ws/install/diffdrive_arduino/share/diffdrive_arduino/cmake/ament_cmake_export_dependencies-extras.cmake
[21.264s] -- Up-to-date symlink: /home/orin/ros2_ws/install/diffdrive_arduino/share/diffdrive_arduino/cmake/diffdrive_arduinoConfig.cmake
[21.264s] -- Up-to-date symlink: /home/orin/ros2_ws/install/diffdrive_arduino/share/diffdrive_arduino/cmake/diffdrive_arduinoConfig-version.cmake
[21.264s] -- Up-to-date symlink: /home/orin/ros2_ws/install/diffdrive_arduino/share/diffdrive_arduino/package.xml
[21.264s] -- Installing: /home/orin/ros2_ws/install/diffdrive_arduino/lib/libdiffdrive_arduino.so
[21.265s] -- Set runtime path of "/home/orin/ros2_ws/install/diffdrive_arduino/lib/libdiffdrive_arduino.so" to ""
[21.265s] -- Up-to-date: /home/orin/ros2_ws/install/diffdrive_arduino/share/diffdrive_arduino/cmake/export_diffdrive_arduinoExport.cmake
[21.265s] -- Up-to-date: /home/orin/ros2_ws/install/diffdrive_arduino/share/diffdrive_arduino/cmake/export_diffdrive_arduinoExport-noconfig.cmake
[21.279s] Invoked command in '/home/orin/ros2_ws/build/diffdrive_arduino' returned '0': CMAKE_PREFIX_PATH=/opt/ros/humble /usr/bin/cmake --install /home/orin/ros2_ws/build/diffdrive_arduino
