[2.308s] Invoking command in '/home/orin/ros2_ws/src/keyboard_teleop': PYTHONPATH=/home/orin/ros2_ws/build/keyboard_teleop/prefix_override:/usr/lib/python3/dist-packages/colcon_core/task/python/colcon_distutils_commands:/home/orin/ros2_ws/install/keyboard_teleop/lib/python3.10/site-packages:${PYTHONPATH} /usr/bin/python3 -W ignore:setup.py install is deprecated -W ignore:easy_install command is deprecated setup.py egg_info --egg-base ../../build/keyboard_teleop build --build-base /home/orin/ros2_ws/build/keyboard_teleop/build install --record /home/orin/ros2_ws/build/keyboard_teleop/install.log --single-version-externally-managed install_data
[3.109s] running egg_info
[3.164s] writing ../../build/keyboard_teleop/keyboard_teleop.egg-info/PKG-INFO
[3.165s] writing dependency_links to ../../build/keyboard_teleop/keyboard_teleop.egg-info/dependency_links.txt
[3.166s] writing entry points to ../../build/keyboard_teleop/keyboard_teleop.egg-info/entry_points.txt
[3.166s] writing requirements to ../../build/keyboard_teleop/keyboard_teleop.egg-info/requires.txt
[3.167s] writing top-level names to ../../build/keyboard_teleop/keyboard_teleop.egg-info/top_level.txt
[3.280s] reading manifest file '../../build/keyboard_teleop/keyboard_teleop.egg-info/SOURCES.txt'
[3.283s] writing manifest file '../../build/keyboard_teleop/keyboard_teleop.egg-info/SOURCES.txt'
[3.283s] running build
[3.284s] running build_py
[3.284s] copying keyboard_teleop/__init__.py -> /home/orin/ros2_ws/build/keyboard_teleop/build/lib/keyboard_teleop
[3.285s] copying keyboard_teleop/keyboard_teleop.py -> /home/orin/ros2_ws/build/keyboard_teleop/build/lib/keyboard_teleop
[3.286s] running install
[3.296s] running install_lib
[3.351s] copying /home/orin/ros2_ws/build/keyboard_teleop/build/lib/keyboard_teleop/keyboard_teleop.py -> /home/orin/ros2_ws/install/keyboard_teleop/lib/python3.10/site-packages/keyboard_teleop
[3.355s] byte-compiling /home/orin/ros2_ws/install/keyboard_teleop/lib/python3.10/site-packages/keyboard_teleop/keyboard_teleop.py to keyboard_teleop.cpython-310.pyc
[3.356s] running install_data
[3.357s] copying resource/keyboard_teleop -> /home/orin/ros2_ws/install/keyboard_teleop/share/ament_index/resource_index/packages
[3.357s] copying package.xml -> /home/orin/ros2_ws/install/keyboard_teleop/share/keyboard_teleop
[3.358s] running install_egg_info
[3.415s] removing '/home/orin/ros2_ws/install/keyboard_teleop/lib/python3.10/site-packages/keyboard_teleop-0.0.0-py3.10.egg-info' (and everything under it)
[3.416s] Copying ../../build/keyboard_teleop/keyboard_teleop.egg-info to /home/orin/ros2_ws/install/keyboard_teleop/lib/python3.10/site-packages/keyboard_teleop-0.0.0-py3.10.egg-info
[3.418s] running install_scripts
[3.869s] Installing keyboard_teleop script to /home/orin/ros2_ws/install/keyboard_teleop/lib/keyboard_teleop
[3.870s] writing list of installed files to '/home/orin/ros2_ws/build/keyboard_teleop/install.log'
[3.948s] Invoked command in '/home/orin/ros2_ws/src/keyboard_teleop' returned '0': PYTHONPATH=/home/orin/ros2_ws/build/keyboard_teleop/prefix_override:/usr/lib/python3/dist-packages/colcon_core/task/python/colcon_distutils_commands:/home/orin/ros2_ws/install/keyboard_teleop/lib/python3.10/site-packages:${PYTHONPATH} /usr/bin/python3 -W ignore:setup.py install is deprecated -W ignore:easy_install command is deprecated setup.py egg_info --egg-base ../../build/keyboard_teleop build --build-base /home/orin/ros2_ws/build/keyboard_teleop/build install --record /home/orin/ros2_ws/build/keyboard_teleop/install.log --single-version-externally-managed install_data
