[5.299s] Invoking command in '/home/orin/ros2_ws/build/examples_rclpy_guard_conditions': PYTHONPATH=/home/orin/ros2_ws/build/examples_rclpy_guard_conditions/prefix_override:/usr/lib/python3/dist-packages/colcon_core/task/python/colcon_distutils_commands:/home/orin/ros2_ws/install/examples_rclpy_guard_conditions/lib/python3.10/site-packages:${PYTHONPATH} /usr/bin/python3 -W ignore:setup.py install is deprecated setup.py develop --uninstall --editable --build-directory /home/orin/ros2_ws/build/examples_rclpy_guard_conditions/build
[5.872s] /home/orin/.local/lib/python3.10/site-packages/setuptools/_distutils/dist.py:261: UserWarning: Unknown distribution option: 'tests_require'
[5.876s]   warnings.warn(msg)
[6.723s] running develop
[6.725s] /home/orin/.local/lib/python3.10/site-packages/setuptools/command/develop.py:41: EasyInstallDeprecationWarning: easy_install command is deprecated.
[6.725s] !!
[6.725s] 
[6.726s]         ********************************************************************************
[6.726s]         Please avoid running ``setup.py`` and ``easy_install``.
[6.726s]         Instead, use pypa/build, pypa/installer or other
[6.726s]         standards-based tools.
[6.726s] 
[6.726s]         See https://github.com/pypa/setuptools/issues/917 for details.
[6.726s]         ********************************************************************************
[6.726s] 
[6.727s] !!
[6.727s]   easy_install.initialize_options(self)
[8.043s] Removing /home/orin/ros2_ws/install/examples_rclpy_guard_conditions/lib/python3.10/site-packages/examples-rclpy-guard-conditions.egg-link (link to .)
[8.234s] Invoked command in '/home/orin/ros2_ws/build/examples_rclpy_guard_conditions' returned '0': PYTHONPATH=/home/orin/ros2_ws/build/examples_rclpy_guard_conditions/prefix_override:/usr/lib/python3/dist-packages/colcon_core/task/python/colcon_distutils_commands:/home/orin/ros2_ws/install/examples_rclpy_guard_conditions/lib/python3.10/site-packages:${PYTHONPATH} /usr/bin/python3 -W ignore:setup.py install is deprecated setup.py develop --uninstall --editable --build-directory /home/orin/ros2_ws/build/examples_rclpy_guard_conditions/build
[8.241s] Invoking command in '/home/orin/ros2_ws/src/examples/rclpy/guard_conditions': PYTHONPATH=/home/orin/ros2_ws/build/examples_rclpy_guard_conditions/prefix_override:/usr/lib/python3/dist-packages/colcon_core/task/python/colcon_distutils_commands:/home/orin/ros2_ws/install/examples_rclpy_guard_conditions/lib/python3.10/site-packages:${PYTHONPATH} /usr/bin/python3 -W ignore:setup.py install is deprecated setup.py egg_info --egg-base ../../../../build/examples_rclpy_guard_conditions build --build-base /home/orin/ros2_ws/build/examples_rclpy_guard_conditions/build install --record /home/orin/ros2_ws/build/examples_rclpy_guard_conditions/install.log --single-version-externally-managed install_data --force
[9.043s] /home/orin/.local/lib/python3.10/site-packages/setuptools/_distutils/dist.py:261: UserWarning: Unknown distribution option: 'tests_require'
[9.049s]   warnings.warn(msg)
[9.816s] running egg_info
[9.912s] writing ../../../../build/examples_rclpy_guard_conditions/examples_rclpy_guard_conditions.egg-info/PKG-INFO
[9.914s] writing dependency_links to ../../../../build/examples_rclpy_guard_conditions/examples_rclpy_guard_conditions.egg-info/dependency_links.txt
[9.916s] writing entry points to ../../../../build/examples_rclpy_guard_conditions/examples_rclpy_guard_conditions.egg-info/entry_points.txt
[9.918s] writing requirements to ../../../../build/examples_rclpy_guard_conditions/examples_rclpy_guard_conditions.egg-info/requires.txt
[9.920s] writing top-level names to ../../../../build/examples_rclpy_guard_conditions/examples_rclpy_guard_conditions.egg-info/top_level.txt
[10.127s] reading manifest file '../../../../build/examples_rclpy_guard_conditions/examples_rclpy_guard_conditions.egg-info/SOURCES.txt'
[10.140s] writing manifest file '../../../../build/examples_rclpy_guard_conditions/examples_rclpy_guard_conditions.egg-info/SOURCES.txt'
[10.142s] running build
[10.146s] running build_py
[10.148s] copying examples_rclpy_guard_conditions/__init__.py -> /home/orin/ros2_ws/build/examples_rclpy_guard_conditions/build/lib/examples_rclpy_guard_conditions
[10.151s] copying examples_rclpy_guard_conditions/trigger_guard_condition.py -> /home/orin/ros2_ws/build/examples_rclpy_guard_conditions/build/lib/examples_rclpy_guard_conditions
[10.156s] running install
[10.176s] running install_lib
[10.253s] creating /home/orin/ros2_ws/install/examples_rclpy_guard_conditions/lib/python3.10/site-packages/examples_rclpy_guard_conditions
[10.255s] copying /home/orin/ros2_ws/build/examples_rclpy_guard_conditions/build/lib/examples_rclpy_guard_conditions/__init__.py -> /home/orin/ros2_ws/install/examples_rclpy_guard_conditions/lib/python3.10/site-packages/examples_rclpy_guard_conditions
[10.257s] copying /home/orin/ros2_ws/build/examples_rclpy_guard_conditions/build/lib/examples_rclpy_guard_conditions/trigger_guard_condition.py -> /home/orin/ros2_ws/install/examples_rclpy_guard_conditions/lib/python3.10/site-packages/examples_rclpy_guard_conditions
[10.257s] byte-compiling /home/orin/ros2_ws/install/examples_rclpy_guard_conditions/lib/python3.10/site-packages/examples_rclpy_guard_conditions/__init__.py to __init__.cpython-310.pyc
[10.257s] byte-compiling /home/orin/ros2_ws/install/examples_rclpy_guard_conditions/lib/python3.10/site-packages/examples_rclpy_guard_conditions/trigger_guard_condition.py to trigger_guard_condition.cpython-310.pyc
[10.257s] running install_data
[10.257s] copying resource/examples_rclpy_guard_conditions -> /home/orin/ros2_ws/install/examples_rclpy_guard_conditions/share/ament_index/resource_index/packages
[10.258s] copying package.xml -> /home/orin/ros2_ws/install/examples_rclpy_guard_conditions/share/examples_rclpy_guard_conditions
[10.258s] running install_egg_info
[10.349s] Copying ../../../../build/examples_rclpy_guard_conditions/examples_rclpy_guard_conditions.egg-info to /home/orin/ros2_ws/install/examples_rclpy_guard_conditions/lib/python3.10/site-packages/examples_rclpy_guard_conditions-0.15.2-py3.10.egg-info
[10.365s] running install_scripts
[11.722s] Installing trigger_guard_condition script to /home/orin/ros2_ws/install/examples_rclpy_guard_conditions/lib/examples_rclpy_guard_conditions
[11.725s] writing list of installed files to '/home/orin/ros2_ws/build/examples_rclpy_guard_conditions/install.log'
[11.906s] Invoked command in '/home/orin/ros2_ws/src/examples/rclpy/guard_conditions' returned '0': PYTHONPATH=/home/orin/ros2_ws/build/examples_rclpy_guard_conditions/prefix_override:/usr/lib/python3/dist-packages/colcon_core/task/python/colcon_distutils_commands:/home/orin/ros2_ws/install/examples_rclpy_guard_conditions/lib/python3.10/site-packages:${PYTHONPATH} /usr/bin/python3 -W ignore:setup.py install is deprecated setup.py egg_info --egg-base ../../../../build/examples_rclpy_guard_conditions build --build-base /home/orin/ros2_ws/build/examples_rclpy_guard_conditions/build install --record /home/orin/ros2_ws/build/examples_rclpy_guard_conditions/install.log --single-version-externally-managed install_data --force
