[2.963s] Invoking command in '/home/orin/ros2_ws/build/examples_rclpy_minimal_service': PYTHONPATH=/home/orin/ros2_ws/build/examples_rclpy_minimal_service/prefix_override:/usr/lib/python3/dist-packages/colcon_core/task/python/colcon_distutils_commands:/home/orin/ros2_ws/install/examples_rclpy_minimal_service/lib/python3.10/site-packages:${PYTHONPATH} /usr/bin/python3 -W ignore:setup.py install is deprecated -W ignore:easy_install command is deprecated setup.py develop --editable --build-directory /home/orin/ros2_ws/build/examples_rclpy_minimal_service/build --no-deps symlink_data
[3.602s] /home/orin/.local/lib/python3.10/site-packages/setuptools/_distutils/dist.py:261: UserWarning: Unknown distribution option: 'tests_require'
[3.603s]   warnings.warn(msg)
[4.321s] running develop
[5.178s] running egg_info
[5.311s] writing examples_rclpy_minimal_service.egg-info/PKG-INFO
[5.319s] writing dependency_links to examples_rclpy_minimal_service.egg-info/dependency_links.txt
[5.320s] writing entry points to examples_rclpy_minimal_service.egg-info/entry_points.txt
[5.320s] writing requirements to examples_rclpy_minimal_service.egg-info/requires.txt
[5.320s] writing top-level names to examples_rclpy_minimal_service.egg-info/top_level.txt
[5.471s] reading manifest file 'examples_rclpy_minimal_service.egg-info/SOURCES.txt'
[5.481s] writing manifest file 'examples_rclpy_minimal_service.egg-info/SOURCES.txt'
[5.593s] running build_ext
[5.596s] Creating /home/orin/ros2_ws/install/examples_rclpy_minimal_service/lib/python3.10/site-packages/examples-rclpy-minimal-service.egg-link (link to .)
[5.597s] Installing service script to /home/orin/ros2_ws/install/examples_rclpy_minimal_service/lib/examples_rclpy_minimal_service
[5.600s] Installing service_member_function script to /home/orin/ros2_ws/install/examples_rclpy_minimal_service/lib/examples_rclpy_minimal_service
[5.600s] 
[5.600s] Installed /home/orin/ros2_ws/build/examples_rclpy_minimal_service
[5.600s] running symlink_data
[5.747s] Invoked command in '/home/orin/ros2_ws/build/examples_rclpy_minimal_service' returned '0': PYTHONPATH=/home/orin/ros2_ws/build/examples_rclpy_minimal_service/prefix_override:/usr/lib/python3/dist-packages/colcon_core/task/python/colcon_distutils_commands:/home/orin/ros2_ws/install/examples_rclpy_minimal_service/lib/python3.10/site-packages:${PYTHONPATH} /usr/bin/python3 -W ignore:setup.py install is deprecated -W ignore:easy_install command is deprecated setup.py develop --editable --build-directory /home/orin/ros2_ws/build/examples_rclpy_minimal_service/build --no-deps symlink_data
