-- Found ament_cmake: 1.3.10 (/opt/ros/humble/share/ament_cmake/cmake)
-- Override CMake install command with custom implementation using symlinks instead of copying resources
-- Found rclcpp: 16.0.10 (/opt/ros/humble/share/rclcpp/cmake)
-- Found rosidl_generator_c: 3.1.5 (/opt/ros/humble/share/rosidl_generator_c/cmake)
-- Found rosidl_adapter: 3.1.5 (/opt/ros/humble/share/rosidl_adapter/cmake)
-- Found rosidl_generator_cpp: 3.1.5 (/opt/ros/humble/share/rosidl_generator_cpp/cmake)
-- Using all available rosidl_typesupport_c: rosidl_typesupport_fastrtps_c;rosidl_typesupport_introspection_c
-- Using all available rosidl_typesupport_cpp: rosidl_typesupport_fastrtps_cpp;rosidl_typesupport_introspection_cpp
-- Found rmw_implementation_cmake: 6.1.2 (/opt/ros/humble/share/rmw_implementation_cmake/cmake)
-- Found rmw_fastrtps_cpp: 6.2.7 (/opt/ros/humble/share/rmw_fastrtps_cpp/cmake)
-- Using RMW implementation 'rmw_fastrtps_cpp' as default
-- Found sensor_msgs: 4.2.4 (/opt/ros/humble/share/sensor_msgs/cmake)
-- Found tf2: 0.25.8 (/opt/ros/humble/share/tf2/cmake)
-- Found tf2_ros: 0.25.8 (/opt/ros/humble/share/tf2_ros/cmake)
-- Found tf2_geometry_msgs: 0.25.8 (/opt/ros/humble/share/tf2_geometry_msgs/cmake)
-- Found eigen3_cmake_module: 0.1.1 (/opt/ros/humble/share/eigen3_cmake_module/cmake)
-- Ensuring Eigen3 include directory is part of orocos-kdl CMake target
-- Configuring done
-- Generating done
-- Build files have been written to: /home/orin/ros2_ws/build/my_bot_imu
[35m[1mConsolidate compiler generated dependencies of target my_bot_imu[0m
[ 50%] [32m[1mLinking CXX executable my_bot_imu[0m
[100%] Built target my_bot_imu
-- Install configuration: ""
-- Execute custom install script
-- Symlinking: /home/orin/ros2_ws/install/my_bot_imu/lib/my_bot_imu/my_bot_imu
-- Symlinking: /home/orin/ros2_ws/install/my_bot_imu/share/my_bot_imu//launch/my_bot_imu.launch.py
-- Symlinking: /home/orin/ros2_ws/install/my_bot_imu/share/ament_index/resource_index/package_run_dependencies/my_bot_imu
-- Symlinking: /home/orin/ros2_ws/install/my_bot_imu/share/ament_index/resource_index/parent_prefix_path/my_bot_imu
-- Symlinking: /home/orin/ros2_ws/install/my_bot_imu/share/my_bot_imu/environment/ament_prefix_path.sh
-- Symlinking: /home/orin/ros2_ws/install/my_bot_imu/share/my_bot_imu/environment/ament_prefix_path.dsv
-- Symlinking: /home/orin/ros2_ws/install/my_bot_imu/share/my_bot_imu/environment/path.sh
-- Symlinking: /home/orin/ros2_ws/install/my_bot_imu/share/my_bot_imu/environment/path.dsv
-- Symlinking: /home/orin/ros2_ws/install/my_bot_imu/share/my_bot_imu/local_setup.bash
-- Symlinking: /home/orin/ros2_ws/install/my_bot_imu/share/my_bot_imu/local_setup.sh
-- Symlinking: /home/orin/ros2_ws/install/my_bot_imu/share/my_bot_imu/local_setup.zsh
-- Symlinking: /home/orin/ros2_ws/install/my_bot_imu/share/my_bot_imu/local_setup.dsv
-- Symlinking: /home/orin/ros2_ws/install/my_bot_imu/share/my_bot_imu/package.dsv
-- Symlinking: /home/orin/ros2_ws/install/my_bot_imu/share/ament_index/resource_index/packages/my_bot_imu
-- Symlinking: /home/orin/ros2_ws/install/my_bot_imu/share/my_bot_imu/cmake/my_bot_imuConfig.cmake
-- Symlinking: /home/orin/ros2_ws/install/my_bot_imu/share/my_bot_imu/cmake/my_bot_imuConfig-version.cmake
-- Symlinking: /home/orin/ros2_ws/install/my_bot_imu/share/my_bot_imu/package.xml
