-- Found ament_cmake: 1.3.10 (/opt/ros/humble/share/ament_cmake/cmake)
-- Found ament_lint_auto: 0.12.11 (/opt/ros/humble/share/ament_lint_auto/cmake)
-- Added test 'copyright' to check source files copyright and LICENSE
-- Added test 'cppcheck' to perform static code analysis on C / C++ code
-- Configured cppcheck include dirs: 
-- Configured cppcheck exclude dirs and/or files: 
-- Added test 'cpplint' to check C / C++ code against the Google style
-- Configured cpplint exclude dirs and/or files: 
-- Added test 'flake8' to check Python code syntax and style conventions
-- Added test 'lint_cmake' to check CMake code style
-- Added test 'pep257' to check Python code against some of the docstring style conventions in PEP 257
-- Added test 'uncrustify' to check C / C++ code style
-- Configured uncrustify additional arguments: 
-- Added test 'xmllint' to check XML markup files
-- Configuring done
-- Generating done
-- Build files have been written to: /home/orin/ros2_ws/build/my_bot_description
[ 50%] [32mBuilding CXX object CMakeFiles/my_bot_description.dir/hardware/diffbot_system.cpp.o[0m
[01m[K/home/orin/ros2_ws/src/my_bot_description/hardware/diffbot_system.cpp:15:10:[m[K [01;31m[Kfatal error: [m[Kros2_control/diffbot_system.hpp: No such file or directory
   15 | #include [01;31m[K"ros2_control/diffbot_system.hpp"[m[K
      |          [01;31m[K^~~~~~~~~~~~~~~~~~~~~~~~~~~~~~~~~[m[K
compilation terminated.
gmake[2]: *** [CMakeFiles/my_bot_description.dir/build.make:76: CMakeFiles/my_bot_description.dir/hardware/diffbot_system.cpp.o] Error 1
gmake[1]: *** [CMakeFiles/Makefile2:85: CMakeFiles/my_bot_description.dir/all] Error 2
gmake: *** [Makefile:146: all] Error 2
