-- The C compiler identification is GNU 11.4.0
-- The CXX compiler identification is GNU 11.4.0
-- Detecting C compiler ABI info
-- Detecting C compiler ABI info - done
-- Check for working C compiler: /usr/bin/cc - skipped
-- Detecting C compile features
-- Detecting C compile features - done
-- Detecting CXX compiler ABI info
-- Detecting CXX compiler ABI info - done
-- Check for working CXX compiler: /usr/bin/c++ - skipped
-- Detecting CXX compile features
-- Detecting CXX compile features - done
-- Found ament_cmake_auto: 1.3.10 (/opt/ros/humble/share/ament_cmake_auto/cmake)
-- Found Python3: /usr/bin/python3 (found version "3.10.12") found components: Interpreter 
-- Found rosidl_generator_c: 3.1.5 (/opt/ros/humble/share/rosidl_generator_c/cmake)
-- Found rosidl_adapter: 3.1.5 (/opt/ros/humble/share/rosidl_adapter/cmake)
-- Found rosidl_generator_cpp: 3.1.5 (/opt/ros/humble/share/rosidl_generator_cpp/cmake)
-- Using all available rosidl_typesupport_c: rosidl_typesupport_fastrtps_c;rosidl_typesupport_introspection_c
-- Using all available rosidl_typesupport_cpp: rosidl_typesupport_fastrtps_cpp;rosidl_typesupport_introspection_cpp
-- Found rmw_implementation_cmake: 6.1.2 (/opt/ros/humble/share/rmw_implementation_cmake/cmake)
-- Found rmw_fastrtps_cpp: 6.2.7 (/opt/ros/humble/share/rmw_fastrtps_cpp/cmake)
-- Found OpenSSL: /usr/lib/aarch64-linux-gnu/libcrypto.so (found version "3.0.2")  
-- Found FastRTPS: /opt/ros/humble/include  
-- Using RMW implementation 'rmw_fastrtps_cpp' as default
-- Looking for pthread.h
-- Looking for pthread.h - found
-- Performing Test CMAKE_HAVE_LIBC_PTHREAD
-- Performing Test CMAKE_HAVE_LIBC_PTHREAD - Success
-- Found Threads: TRUE  
-- Found CUDA: /usr/local/cuda (found suitable exact version "12.2") 
-- Found eigen3_cmake_module: 0.1.1 (/opt/ros/humble/share/eigen3_cmake_module/cmake)
-- Found Eigen3: TRUE (found version "3.4.0") 
-- Ensuring Eigen3 include directory is part of orocos-kdl CMake target
-- Configuring done
-- Generating done
-- Build files have been written to: /home/orin/ros2_ws/build/depthai_ros_driver
[  2%] [32mBuilding CXX object CMakeFiles/depthai_ros_driver_common.dir/src/utils.cpp.o[0m
[  5%] [32mBuilding CXX object CMakeFiles/depthai_ros_driver_common.dir/src/dai_nodes/sensors/sensor_helpers.cpp.o[0m
[  8%] [32mBuilding CXX object CMakeFiles/depthai_ros_driver_common.dir/src/param_handlers/camera_param_handler.cpp.o[0m
[ 11%] [32mBuilding CXX object CMakeFiles/depthai_ros_driver_common.dir/src/param_handlers/imu_param_handler.cpp.o[0m
[ 14%] [32mBuilding CXX object CMakeFiles/depthai_ros_driver_common.dir/src/param_handlers/nn_param_handler.cpp.o[0m
[ 17%] [32mBuilding CXX object CMakeFiles/depthai_ros_driver_common.dir/src/param_handlers/sensor_param_handler.cpp.o[0m
[01m[K/home/orin/ros2_ws/src/depthai-ros/depthai_ros_driver/src/param_handlers/sensor_param_handler.cpp:[m[K In member function ‘[01m[Kvoid depthai_ros_driver::param_handlers::SensorParamHandler::declareParams(std::shared_ptr<dai::node::MonoCamera>, depthai_ros_driver::dai_nodes::sensor_helpers::ImageSensor, bool)[m[K’:
[01m[K/home/orin/ros2_ws/src/depthai-ros/depthai_ros_driver/src/param_handlers/sensor_param_handler.cpp:78:29:[m[K [01;35m[Kwarning: [m[K‘[01m[Kvoid dai::node::MonoCamera::setIsp3aFps(int)[m[K’ is deprecated: setIsp3aFps is unstable [[01;35m[K]8;;https://gcc.gnu.org/onlinedocs/gcc/Warning-Options.html#index-Wdeprecated-declarations-Wdeprecated-declarations]8;;[m[K]
   78 |         [01;35m[KmonoCam->setIsp3aFps(declareAndLogParam<int>("i_isp3a_fps", 10))[m[K;
      |         [01;35m[K~~~~~~~~~~~~~~~~~~~~^~~~~~~~~~~~~~~~~~~~~~~~~~~~~~~~~~~~~~~~~~~~[m[K
In file included from [01m[K/home/orin/ros2_ws/src/depthai-ros/depthai_ros_driver/src/param_handlers/sensor_param_handler.cpp:6[m[K:
[01m[K/opt/ros/humble/include/depthai/pipeline/node/MonoCamera.hpp:128:52:[m[K [01;36m[Knote: [m[Kdeclared here
  128 |     [[deprecated("setIsp3aFps is unstable")]] void [01;36m[KsetIsp3aFps[m[K(int isp3aFps);
      |                                                    [01;36m[K^~~~~~~~~~~[m[K
[01m[K/home/orin/ros2_ws/src/depthai-ros/depthai_ros_driver/src/param_handlers/sensor_param_handler.cpp:[m[K In member function ‘[01m[Kvoid depthai_ros_driver::param_handlers::SensorParamHandler::declareParams(std::shared_ptr<dai::node::ColorCamera>, depthai_ros_driver::dai_nodes::sensor_helpers::ImageSensor, bool)[m[K’:
[01m[K/home/orin/ros2_ws/src/depthai-ros/depthai_ros_driver/src/param_handlers/sensor_param_handler.cpp:193:30:[m[K [01;35m[Kwarning: [m[K‘[01m[Kvoid dai::node::ColorCamera::setIsp3aFps(int)[m[K’ is deprecated: setIsp3aFps is unstable [[01;35m[K]8;;https://gcc.gnu.org/onlinedocs/gcc/Warning-Options.html#index-Wdeprecated-declarations-Wdeprecated-declarations]8;;[m[K]
  193 |         [01;35m[KcolorCam->setIsp3aFps(declareAndLogParam<int>("i_isp3a_fps", 10))[m[K;
      |         [01;35m[K~~~~~~~~~~~~~~~~~~~~~^~~~~~~~~~~~~~~~~~~~~~~~~~~~~~~~~~~~~~~~~~~~[m[K
In file included from [01m[K/home/orin/ros2_ws/src/depthai-ros/depthai_ros_driver/src/param_handlers/sensor_param_handler.cpp:5[m[K:
[01m[K/opt/ros/humble/include/depthai/pipeline/node/ColorCamera.hpp:233:52:[m[K [01;36m[Knote: [m[Kdeclared here
  233 |     [[deprecated("setIsp3aFps is unstable")]] void [01;36m[KsetIsp3aFps[m[K(int isp3aFps);
      |                                                    [01;36m[K^~~~~~~~~~~[m[K
[ 20%] [32mBuilding CXX object CMakeFiles/depthai_ros_driver_common.dir/src/param_handlers/feature_tracker_param_handler.cpp.o[0m
[ 23%] [32mBuilding CXX object CMakeFiles/depthai_ros_driver_common.dir/src/param_handlers/stereo_param_handler.cpp.o[0m
[ 26%] [32mBuilding CXX object CMakeFiles/depthai_ros_driver_common.dir/src/param_handlers/tof_param_handler.cpp.o[0m
[ 29%] [32mBuilding CXX object CMakeFiles/depthai_ros_driver_common.dir/src/param_handlers/pipeline_gen_param_handler.cpp.o[0m
[ 32%] [32mBuilding CXX object CMakeFiles/depthai_ros_driver_common.dir/src/param_handlers/sync_param_handler.cpp.o[0m
[ 35%] [32mBuilding CXX object CMakeFiles/depthai_ros_driver_common.dir/src/dai_nodes/sensors/img_pub.cpp.o[0m
[ 38%] [32mBuilding CXX object CMakeFiles/depthai_ros_driver_common.dir/src/dai_nodes/sys_logger.cpp.o[0m
[ 41%] [32mBuilding CXX object CMakeFiles/depthai_ros_driver_common.dir/src/dai_nodes/base_node.cpp.o[0m
[ 44%] [32m[1mLinking CXX shared library libdepthai_ros_driver_common.so[0m
[ 44%] Built target depthai_ros_driver_common
[ 44%] Built target ament_cmake_python_copy_depthai_ros_driver
[ 47%] [32mBuilding CXX object CMakeFiles/depthai_ros_driver_nn_nodes.dir/src/dai_nodes/nn/nn_wrapper.cpp.o[0m
[ 50%] [32mBuilding CXX object CMakeFiles/depthai_ros_driver_nn_nodes.dir/src/dai_nodes/nn/segmentation.cpp.o[0m
[ 52%] [32mBuilding CXX object CMakeFiles/depthai_ros_driver_nn_nodes.dir/src/dai_nodes/nn/spatial_nn_wrapper.cpp.o[0m
[ 55%] [32m[1mLinking CXX shared library libdepthai_ros_driver_nn_nodes.so[0m
[ 55%] Built target depthai_ros_driver_nn_nodes
[ 61%] [32mBuilding CXX object CMakeFiles/depthai_ros_driver_sensor_nodes.dir/src/dai_nodes/sensors/feature_tracker.cpp.o[0m
[ 64%] [32mBuilding CXX object CMakeFiles/depthai_ros_driver_sensor_nodes.dir/src/dai_nodes/sensors/rgb.cpp.o[0m
[ 64%] [32mBuilding CXX object CMakeFiles/depthai_ros_driver_sensor_nodes.dir/src/dai_nodes/sensors/imu.cpp.o[0m
[ 67%] [32mBuilding CXX object CMakeFiles/depthai_ros_driver_sensor_nodes.dir/src/dai_nodes/sensors/mono.cpp.o[0m
running egg_info
creating depthai_ros_driver.egg-info
writing depthai_ros_driver.egg-info/PKG-INFO
writing dependency_links to depthai_ros_driver.egg-info/dependency_links.txt
writing top-level names to depthai_ros_driver.egg-info/top_level.txt
writing manifest file 'depthai_ros_driver.egg-info/SOURCES.txt'
reading manifest file 'depthai_ros_driver.egg-info/SOURCES.txt'
writing manifest file 'depthai_ros_driver.egg-info/SOURCES.txt'
[ 67%] Built target ament_cmake_python_build_depthai_ros_driver_egg
[ 70%] [32mBuilding CXX object CMakeFiles/depthai_ros_driver_sensor_nodes.dir/src/dai_nodes/sensors/sensor_wrapper.cpp.o[0m
[ 73%] [32mBuilding CXX object CMakeFiles/depthai_ros_driver_sensor_nodes.dir/src/dai_nodes/sensors/stereo.cpp.o[0m
[ 76%] [32mBuilding CXX object CMakeFiles/depthai_ros_driver_sensor_nodes.dir/src/dai_nodes/sensors/sync.cpp.o[0m
[ 79%] [32mBuilding CXX object CMakeFiles/depthai_ros_driver_sensor_nodes.dir/src/dai_nodes/sensors/tof.cpp.o[0m
[ 82%] [32m[1mLinking CXX shared library libdepthai_ros_driver_sensor_nodes.so[0m
[ 82%] Built target depthai_ros_driver_sensor_nodes
[ 85%] [32mBuilding CXX object CMakeFiles/depthai_ros_driver.dir/src/camera.cpp.o[0m
[ 91%] [32mBuilding CXX object CMakeFiles/depthai_ros_driver.dir/src/pipeline/base_types.cpp.o[0m
[ 91%] [32mBuilding CXX object CMakeFiles/depthai_ros_driver.dir/src/pipeline/pipeline_generator.cpp.o[0m
[ 94%] [32m[1mLinking CXX shared library libdepthai_ros_driver.so[0m
[ 94%] Built target depthai_ros_driver
[ 97%] [32mBuilding CXX object CMakeFiles/camera_node.dir/src/camera_node.cpp.o[0m
[100%] [32m[1mLinking CXX executable camera_node[0m
[100%] Built target camera_node
