[0.073s] Invoking command in '/home/orin/ros2_ws/build/depthai_ros_driver': AMENT_PREFIX_PATH=/home/orin/ros2_ws/install/depthai_bridge:${AMENT_PREFIX_PATH} CMAKE_PREFIX_PATH=/home/orin/ros2_ws/install/depthai_examples:/home/orin/ros2_ws/install/depthai_bridge:/home/orin/ros2_ws/install/depthai_ros_msgs:/home/orin/ros2_ws/install/depthai_descriptions:/home/orin/ros2_ws/install/sllidar_ros2:/home/orin/ros2_ws/install/ros2_control_demo_example_5:/home/orin/ros2_ws/install/ros2_control_demo_description:/home/orin/ros2_ws/install/my_bot_imu:/home/orin/ros2_ws/install/my_bot_description:/home/orin/ros2_ws/install/wheel_encoder_odometry:/home/orin/ros2_ws/install/ros2_control_demo_testing:/home/orin/ros2_ws/install/arduino_odometry:/opt/ros/humble:/home/orin/ros2_ws/install/mobile_robot_description:/home/orin/ros2_ws/install/image_geometry:/home/orin/ros2_ws/install/gazebo_dev:/home/orin/ros2_ws/install/depthai-ros:/home/orin/ros2_ws/install/cv_bridge GAZEBO_MODEL_PATH=/home/orin/ros2_ws/install/depthai_descriptions:${GAZEBO_MODEL_PATH} GAZEBO_RESOURCE_PATH=/home/orin/ros2_ws/install/depthai_descriptions:${GAZEBO_RESOURCE_PATH} IGN_GAZEBO_MODEL_PATH=/home/orin/ros2_ws/install/depthai_descriptions:${IGN_GAZEBO_MODEL_PATH} IGN_GAZEBO_RESOURCE_PATH=/home/orin/ros2_ws/install/depthai_descriptions:${IGN_GAZEBO_RESOURCE_PATH} LD_LIBRARY_PATH=/home/orin/ros2_ws/install/depthai_bridge/lib:/home/orin/ros2_ws/install/depthai_ros_msgs/lib:/home/orin/ros2_ws/install/ros2_control_demo_example_5/lib:/home/orin/ros2_ws/install/image_geometry/lib:/home/orin/ros2_ws/install/cv_bridge/lib:/opt/ros/humble/opt/rviz_ogre_vendor/lib:/opt/ros/humble/lib/aarch64-linux-gnu:/opt/ros/humble/lib /usr/bin/cmake /home/orin/ros2_ws/src/depthai-ros/depthai_ros_driver -DCMAKE_INSTALL_PREFIX=/home/orin/ros2_ws/install/depthai_ros_driver
[0.220s] -- The C compiler identification is GNU 11.4.0
[0.396s] -- The CXX compiler identification is GNU 11.4.0
[0.419s] -- Detecting C compiler ABI info
[0.664s] -- Detecting C compiler ABI info - done
[0.690s] -- Check for working C compiler: /usr/bin/cc - skipped
[0.690s] -- Detecting C compile features
[0.690s] -- Detecting C compile features - done
[0.698s] -- Detecting CXX compiler ABI info
[0.943s] -- Detecting CXX compiler ABI info - done
[0.963s] -- Check for working CXX compiler: /usr/bin/c++ - skipped
[0.964s] -- Detecting CXX compile features
[0.967s] -- Detecting CXX compile features - done
[0.983s] -- Found ament_cmake_auto: 1.3.10 (/opt/ros/humble/share/ament_cmake_auto/cmake)
[2.403s] -- Found Python3: /usr/bin/python3 (found version "3.10.12") found components: Interpreter 
[3.079s] -- Found rosidl_generator_c: 3.1.5 (/opt/ros/humble/share/rosidl_generator_c/cmake)
[3.096s] -- Found rosidl_adapter: 3.1.5 (/opt/ros/humble/share/rosidl_adapter/cmake)
[3.127s] -- Found rosidl_generator_cpp: 3.1.5 (/opt/ros/humble/share/rosidl_generator_cpp/cmake)
[3.167s] -- Using all available rosidl_typesupport_c: rosidl_typesupport_fastrtps_c;rosidl_typesupport_introspection_c
[3.215s] -- Using all available rosidl_typesupport_cpp: rosidl_typesupport_fastrtps_cpp;rosidl_typesupport_introspection_cpp
[3.411s] -- Found rmw_implementation_cmake: 6.1.2 (/opt/ros/humble/share/rmw_implementation_cmake/cmake)
[3.423s] -- Found rmw_fastrtps_cpp: 6.2.7 (/opt/ros/humble/share/rmw_fastrtps_cpp/cmake)
[3.690s] -- Found OpenSSL: /usr/lib/aarch64-linux-gnu/libcrypto.so (found version "3.0.2")  
[3.779s] -- Found FastRTPS: /opt/ros/humble/include  
[3.926s] -- Using RMW implementation 'rmw_fastrtps_cpp' as default
[3.968s] -- Looking for pthread.h
[4.190s] -- Looking for pthread.h - found
[4.190s] -- Performing Test CMAKE_HAVE_LIBC_PTHREAD
[4.451s] -- Performing Test CMAKE_HAVE_LIBC_PTHREAD - Success
[4.453s] -- Found Threads: TRUE  
[5.089s] -- Found CUDA: /usr/local/cuda (found suitable exact version "12.2") 
[5.971s] -- Found eigen3_cmake_module: 0.1.1 (/opt/ros/humble/share/eigen3_cmake_module/cmake)
[5.975s] -- Found Eigen3: TRUE (found version "3.4.0") 
[5.976s] -- Ensuring Eigen3 include directory is part of orocos-kdl CMake target
[6.351s] -- Configuring done
[6.525s] -- Generating done
[6.540s] -- Build files have been written to: /home/orin/ros2_ws/build/depthai_ros_driver
[6.632s] Invoked command in '/home/orin/ros2_ws/build/depthai_ros_driver' returned '0': AMENT_PREFIX_PATH=/home/orin/ros2_ws/install/depthai_bridge:${AMENT_PREFIX_PATH} CMAKE_PREFIX_PATH=/home/orin/ros2_ws/install/depthai_examples:/home/orin/ros2_ws/install/depthai_bridge:/home/orin/ros2_ws/install/depthai_ros_msgs:/home/orin/ros2_ws/install/depthai_descriptions:/home/orin/ros2_ws/install/sllidar_ros2:/home/orin/ros2_ws/install/ros2_control_demo_example_5:/home/orin/ros2_ws/install/ros2_control_demo_description:/home/orin/ros2_ws/install/my_bot_imu:/home/orin/ros2_ws/install/my_bot_description:/home/orin/ros2_ws/install/wheel_encoder_odometry:/home/orin/ros2_ws/install/ros2_control_demo_testing:/home/orin/ros2_ws/install/arduino_odometry:/opt/ros/humble:/home/orin/ros2_ws/install/mobile_robot_description:/home/orin/ros2_ws/install/image_geometry:/home/orin/ros2_ws/install/gazebo_dev:/home/orin/ros2_ws/install/depthai-ros:/home/orin/ros2_ws/install/cv_bridge GAZEBO_MODEL_PATH=/home/orin/ros2_ws/install/depthai_descriptions:${GAZEBO_MODEL_PATH} GAZEBO_RESOURCE_PATH=/home/orin/ros2_ws/install/depthai_descriptions:${GAZEBO_RESOURCE_PATH} IGN_GAZEBO_MODEL_PATH=/home/orin/ros2_ws/install/depthai_descriptions:${IGN_GAZEBO_MODEL_PATH} IGN_GAZEBO_RESOURCE_PATH=/home/orin/ros2_ws/install/depthai_descriptions:${IGN_GAZEBO_RESOURCE_PATH} LD_LIBRARY_PATH=/home/orin/ros2_ws/install/depthai_bridge/lib:/home/orin/ros2_ws/install/depthai_ros_msgs/lib:/home/orin/ros2_ws/install/ros2_control_demo_example_5/lib:/home/orin/ros2_ws/install/image_geometry/lib:/home/orin/ros2_ws/install/cv_bridge/lib:/opt/ros/humble/opt/rviz_ogre_vendor/lib:/opt/ros/humble/lib/aarch64-linux-gnu:/opt/ros/humble/lib /usr/bin/cmake /home/orin/ros2_ws/src/depthai-ros/depthai_ros_driver -DCMAKE_INSTALL_PREFIX=/home/orin/ros2_ws/install/depthai_ros_driver
[6.634s] Invoking command in '/home/orin/ros2_ws/build/depthai_ros_driver': AMENT_PREFIX_PATH=/home/orin/ros2_ws/install/depthai_bridge:${AMENT_PREFIX_PATH} CMAKE_PREFIX_PATH=/home/orin/ros2_ws/install/depthai_examples:/home/orin/ros2_ws/install/depthai_bridge:/home/orin/ros2_ws/install/depthai_ros_msgs:/home/orin/ros2_ws/install/depthai_descriptions:/home/orin/ros2_ws/install/sllidar_ros2:/home/orin/ros2_ws/install/ros2_control_demo_example_5:/home/orin/ros2_ws/install/ros2_control_demo_description:/home/orin/ros2_ws/install/my_bot_imu:/home/orin/ros2_ws/install/my_bot_description:/home/orin/ros2_ws/install/wheel_encoder_odometry:/home/orin/ros2_ws/install/ros2_control_demo_testing:/home/orin/ros2_ws/install/arduino_odometry:/opt/ros/humble:/home/orin/ros2_ws/install/mobile_robot_description:/home/orin/ros2_ws/install/image_geometry:/home/orin/ros2_ws/install/gazebo_dev:/home/orin/ros2_ws/install/depthai-ros:/home/orin/ros2_ws/install/cv_bridge GAZEBO_MODEL_PATH=/home/orin/ros2_ws/install/depthai_descriptions:${GAZEBO_MODEL_PATH} GAZEBO_RESOURCE_PATH=/home/orin/ros2_ws/install/depthai_descriptions:${GAZEBO_RESOURCE_PATH} IGN_GAZEBO_MODEL_PATH=/home/orin/ros2_ws/install/depthai_descriptions:${IGN_GAZEBO_MODEL_PATH} IGN_GAZEBO_RESOURCE_PATH=/home/orin/ros2_ws/install/depthai_descriptions:${IGN_GAZEBO_RESOURCE_PATH} LD_LIBRARY_PATH=/home/orin/ros2_ws/install/depthai_bridge/lib:/home/orin/ros2_ws/install/depthai_ros_msgs/lib:/home/orin/ros2_ws/install/ros2_control_demo_example_5/lib:/home/orin/ros2_ws/install/image_geometry/lib:/home/orin/ros2_ws/install/cv_bridge/lib:/opt/ros/humble/opt/rviz_ogre_vendor/lib:/opt/ros/humble/lib/aarch64-linux-gnu:/opt/ros/humble/lib /usr/bin/cmake --build /home/orin/ros2_ws/build/depthai_ros_driver -- -j6 -l6
[6.776s] [  2%] [32mBuilding CXX object CMakeFiles/depthai_ros_driver_common.dir/src/utils.cpp.o[0m
[24.638s] [  5%] [32mBuilding CXX object CMakeFiles/depthai_ros_driver_common.dir/src/dai_nodes/sensors/sensor_helpers.cpp.o[0m
[45.181s] [  8%] [32mBuilding CXX object CMakeFiles/depthai_ros_driver_common.dir/src/param_handlers/camera_param_handler.cpp.o[0m
[60.753s] [ 11%] [32mBuilding CXX object CMakeFiles/depthai_ros_driver_common.dir/src/param_handlers/imu_param_handler.cpp.o[0m
[84.579s] [ 14%] [32mBuilding CXX object CMakeFiles/depthai_ros_driver_common.dir/src/param_handlers/nn_param_handler.cpp.o[0m
[102.058s] [ 17%] [32mBuilding CXX object CMakeFiles/depthai_ros_driver_common.dir/src/param_handlers/sensor_param_handler.cpp.o[0m
[108.320s] [01m[K/home/orin/ros2_ws/src/depthai-ros/depthai_ros_driver/src/param_handlers/sensor_param_handler.cpp:[m[K In member function ‘[01m[Kvoid depthai_ros_driver::param_handlers::SensorParamHandler::declareParams(std::shared_ptr<dai::node::MonoCamera>, depthai_ros_driver::dai_nodes::sensor_helpers::ImageSensor, bool)[m[K’:
[108.320s] [01m[K/home/orin/ros2_ws/src/depthai-ros/depthai_ros_driver/src/param_handlers/sensor_param_handler.cpp:78:29:[m[K [01;35m[Kwarning: [m[K‘[01m[Kvoid dai::node::MonoCamera::setIsp3aFps(int)[m[K’ is deprecated: setIsp3aFps is unstable [[01;35m[K]8;;https://gcc.gnu.org/onlinedocs/gcc/Warning-Options.html#index-Wdeprecated-declarations-Wdeprecated-declarations]8;;[m[K]
[108.320s]    78 |         [01;35m[KmonoCam->setIsp3aFps(declareAndLogParam<int>("i_isp3a_fps", 10))[m[K;
[108.320s]       |         [01;35m[K~~~~~~~~~~~~~~~~~~~~^~~~~~~~~~~~~~~~~~~~~~~~~~~~~~~~~~~~~~~~~~~~[m[K
[108.321s] In file included from [01m[K/home/orin/ros2_ws/src/depthai-ros/depthai_ros_driver/src/param_handlers/sensor_param_handler.cpp:6[m[K:
[108.321s] [01m[K/opt/ros/humble/include/depthai/pipeline/node/MonoCamera.hpp:128:52:[m[K [01;36m[Knote: [m[Kdeclared here
[108.321s]   128 |     [[deprecated("setIsp3aFps is unstable")]] void [01;36m[KsetIsp3aFps[m[K(int isp3aFps);
[108.321s]       |                                                    [01;36m[K^~~~~~~~~~~[m[K
[108.349s] [01m[K/home/orin/ros2_ws/src/depthai-ros/depthai_ros_driver/src/param_handlers/sensor_param_handler.cpp:[m[K In member function ‘[01m[Kvoid depthai_ros_driver::param_handlers::SensorParamHandler::declareParams(std::shared_ptr<dai::node::ColorCamera>, depthai_ros_driver::dai_nodes::sensor_helpers::ImageSensor, bool)[m[K’:
[108.349s] [01m[K/home/orin/ros2_ws/src/depthai-ros/depthai_ros_driver/src/param_handlers/sensor_param_handler.cpp:193:30:[m[K [01;35m[Kwarning: [m[K‘[01m[Kvoid dai::node::ColorCamera::setIsp3aFps(int)[m[K’ is deprecated: setIsp3aFps is unstable [[01;35m[K]8;;https://gcc.gnu.org/onlinedocs/gcc/Warning-Options.html#index-Wdeprecated-declarations-Wdeprecated-declarations]8;;[m[K]
[108.349s]   193 |         [01;35m[KcolorCam->setIsp3aFps(declareAndLogParam<int>("i_isp3a_fps", 10))[m[K;
[108.350s]       |         [01;35m[K~~~~~~~~~~~~~~~~~~~~~^~~~~~~~~~~~~~~~~~~~~~~~~~~~~~~~~~~~~~~~~~~~[m[K
[108.350s] In file included from [01m[K/home/orin/ros2_ws/src/depthai-ros/depthai_ros_driver/src/param_handlers/sensor_param_handler.cpp:5[m[K:
[108.350s] [01m[K/opt/ros/humble/include/depthai/pipeline/node/ColorCamera.hpp:233:52:[m[K [01;36m[Knote: [m[Kdeclared here
[108.350s]   233 |     [[deprecated("setIsp3aFps is unstable")]] void [01;36m[KsetIsp3aFps[m[K(int isp3aFps);
[108.350s]       |                                                    [01;36m[K^~~~~~~~~~~[m[K
[112.474s] [ 20%] [32mBuilding CXX object CMakeFiles/depthai_ros_driver_common.dir/src/param_handlers/feature_tracker_param_handler.cpp.o[0m
[123.580s] [ 23%] [32mBuilding CXX object CMakeFiles/depthai_ros_driver_common.dir/src/param_handlers/stereo_param_handler.cpp.o[0m
[137.119s] [ 26%] [32mBuilding CXX object CMakeFiles/depthai_ros_driver_common.dir/src/param_handlers/tof_param_handler.cpp.o[0m
[150.103s] [ 29%] [32mBuilding CXX object CMakeFiles/depthai_ros_driver_common.dir/src/param_handlers/pipeline_gen_param_handler.cpp.o[0m
[158.826s] [ 32%] [32mBuilding CXX object CMakeFiles/depthai_ros_driver_common.dir/src/param_handlers/sync_param_handler.cpp.o[0m
[168.001s] [ 35%] [32mBuilding CXX object CMakeFiles/depthai_ros_driver_common.dir/src/dai_nodes/sensors/img_pub.cpp.o[0m
[190.040s] [ 38%] [32mBuilding CXX object CMakeFiles/depthai_ros_driver_common.dir/src/dai_nodes/sys_logger.cpp.o[0m
[210.500s] [ 41%] [32mBuilding CXX object CMakeFiles/depthai_ros_driver_common.dir/src/dai_nodes/base_node.cpp.o[0m
[224.877s] [ 44%] [32m[1mLinking CXX shared library libdepthai_ros_driver_common.so[0m
[227.406s] [ 44%] Built target depthai_ros_driver_common
[227.480s] [ 44%] Built target ament_cmake_python_copy_depthai_ros_driver
[227.536s] [ 47%] [32mBuilding CXX object CMakeFiles/depthai_ros_driver_nn_nodes.dir/src/dai_nodes/nn/nn_wrapper.cpp.o[0m
[251.978s] [ 50%] [32mBuilding CXX object CMakeFiles/depthai_ros_driver_nn_nodes.dir/src/dai_nodes/nn/segmentation.cpp.o[0m
[271.514s] [ 52%] [32mBuilding CXX object CMakeFiles/depthai_ros_driver_nn_nodes.dir/src/dai_nodes/nn/spatial_nn_wrapper.cpp.o[0m
[295.579s] [ 55%] [32m[1mLinking CXX shared library libdepthai_ros_driver_nn_nodes.so[0m
[297.882s] [ 55%] Built target depthai_ros_driver_nn_nodes
[297.939s] [ 61%] [32mBuilding CXX object CMakeFiles/depthai_ros_driver_sensor_nodes.dir/src/dai_nodes/sensors/feature_tracker.cpp.o[0m
[297.940s] [ 64%] [32mBuilding CXX object CMakeFiles/depthai_ros_driver_sensor_nodes.dir/src/dai_nodes/sensors/rgb.cpp.o[0m
[297.940s] [ 64%] [32mBuilding CXX object CMakeFiles/depthai_ros_driver_sensor_nodes.dir/src/dai_nodes/sensors/imu.cpp.o[0m
[297.940s] [ 67%] [32mBuilding CXX object CMakeFiles/depthai_ros_driver_sensor_nodes.dir/src/dai_nodes/sensors/mono.cpp.o[0m
[298.499s] running egg_info
[298.501s] creating depthai_ros_driver.egg-info
[298.557s] writing depthai_ros_driver.egg-info/PKG-INFO
[298.558s] writing dependency_links to depthai_ros_driver.egg-info/dependency_links.txt
[298.558s] writing top-level names to depthai_ros_driver.egg-info/top_level.txt
[298.559s] writing manifest file 'depthai_ros_driver.egg-info/SOURCES.txt'
[298.728s] reading manifest file 'depthai_ros_driver.egg-info/SOURCES.txt'
[298.730s] writing manifest file 'depthai_ros_driver.egg-info/SOURCES.txt'
[298.813s] [ 67%] Built target ament_cmake_python_build_depthai_ros_driver_egg
[298.834s] [ 70%] [32mBuilding CXX object CMakeFiles/depthai_ros_driver_sensor_nodes.dir/src/dai_nodes/sensors/sensor_wrapper.cpp.o[0m
[298.836s] [ 73%] [32mBuilding CXX object CMakeFiles/depthai_ros_driver_sensor_nodes.dir/src/dai_nodes/sensors/stereo.cpp.o[0m
[335.776s] [ 76%] [32mBuilding CXX object CMakeFiles/depthai_ros_driver_sensor_nodes.dir/src/dai_nodes/sensors/sync.cpp.o[0m
[351.223s] [ 79%] [32mBuilding CXX object CMakeFiles/depthai_ros_driver_sensor_nodes.dir/src/dai_nodes/sensors/tof.cpp.o[0m
[366.608s] [ 82%] [32m[1mLinking CXX shared library libdepthai_ros_driver_sensor_nodes.so[0m
[371.033s] [ 82%] Built target depthai_ros_driver_sensor_nodes
[371.112s] [ 85%] [32mBuilding CXX object CMakeFiles/depthai_ros_driver.dir/src/camera.cpp.o[0m
[404.293s] [ 91%] [32mBuilding CXX object CMakeFiles/depthai_ros_driver.dir/src/pipeline/base_types.cpp.o[0m
[404.294s] [ 91%] [32mBuilding CXX object CMakeFiles/depthai_ros_driver.dir/src/pipeline/pipeline_generator.cpp.o[0m
[429.132s] [ 94%] [32m[1mLinking CXX shared library libdepthai_ros_driver.so[0m
[433.231s] [ 94%] Built target depthai_ros_driver
[433.290s] [ 97%] [32mBuilding CXX object CMakeFiles/camera_node.dir/src/camera_node.cpp.o[0m
[445.404s] [100%] [32m[1mLinking CXX executable camera_node[0m
[448.114s] [100%] Built target camera_node
