[0.116s] Invoking command in '/home/orin/ros2_ws/build/ros2_control_demo_example_9': AMENT_PREFIX_PATH=/home/orin/ros2_ws/install/ros2_control_demo_testing:/home/orin/ros2_ws/install/wheel_encoder_odometry:/home/orin/ros2_ws/install/sllidar_ros2:/home/orin/ros2_ws/install/ros2_control_demo_example_5:/home/orin/ros2_ws/install/ros2_control_demo_description:/home/orin/ros2_ws/install/my_bot_imu:/home/orin/ros2_ws/install/my_bot_description:/home/orin/ros2_ws/install/mobile_robot_description:/home/orin/ros2_ws/install/image_geometry:/home/orin/ros2_ws/install/gazebo_dev:/home/orin/ros2_ws/install/depthai-ros:/home/orin/ros2_ws/install/depthai_examples:/home/orin/ros2_ws/install/depthai_ros_msgs:/home/orin/ros2_ws/install/depthai_descriptions:/home/orin/ros2_ws/install/cv_bridge:/home/orin/ros2_ws/install/arduino_odometry:/opt/ros/humble CMAKE_PREFIX_PATH=/home/orin/ros2_ws/install/ros2_control_demo_description:/home/orin/ros2_ws/install/sllidar_ros2:/home/orin/ros2_ws/install/ros2_control_demo_example_5:/home/orin/ros2_ws/install/my_bot_imu:/home/orin/ros2_ws/install/my_bot_description:/home/orin/ros2_ws/install/wheel_encoder_odometry:/home/orin/ros2_ws/install/ros2_control_demo_testing:/home/orin/ros2_ws/install/arduino_odometry:/opt/ros/humble:/home/orin/ros2_ws/install/mobile_robot_description:/home/orin/ros2_ws/install/image_geometry:/home/orin/ros2_ws/install/gazebo_dev:/home/orin/ros2_ws/install/depthai-ros:/home/orin/ros2_ws/install/depthai_examples:/home/orin/ros2_ws/install/depthai_ros_msgs:/home/orin/ros2_ws/install/depthai_descriptions:/home/orin/ros2_ws/install/cv_bridge PYTHONPATH=/home/orin/ros2_ws/install/ros2_control_demo_testing/lib/python3.10/site-packages:/home/orin/ros2_ws/install/wheel_encoder_odometry/lib/python3.10/site-packages:/home/orin/ros2_ws/build/ros2_control_demo_testing:/home/orin/ros2_ws/install/image_geometry/local/lib/python3.10/dist-packages:/home/orin/ros2_ws/install/depthai_ros_msgs/local/lib/python3.10/dist-packages:/home/orin/ros2_ws/install/cv_bridge/local/lib/python3.10/dist-packages:/home/orin/ros2_ws/install/arduino_odometry/lib/python3.10/site-packages:/opt/ros/humble/lib/python3.10/site-packages:/opt/ros/humble/local/lib/python3.10/dist-packages /usr/bin/cmake /home/orin/ros2_ws/src/ros2_control_demos/example_9 -DCMAKE_INSTALL_PREFIX=/home/orin/ros2_ws/install/ros2_control_demo_example_9
[0.351s] -- The CXX compiler identification is GNU 11.4.0
[0.382s] -- Detecting CXX compiler ABI info
[0.553s] -- Detecting CXX compiler ABI info - done
[0.568s] -- Check for working CXX compiler: /usr/bin/c++ - skipped
[0.568s] -- Detecting CXX compile features
[0.568s] -- Detecting CXX compile features - done
[0.583s] -- Found ament_cmake: 1.3.10 (/opt/ros/humble/share/ament_cmake/cmake)
[1.724s] -- Found Python3: /usr/bin/python3 (found version "3.10.12") found components: Interpreter 
[1.991s] -- Found hardware_interface: 2.43.1 (/opt/ros/humble/share/hardware_interface/cmake)
[2.108s] -- Found rosidl_generator_c: 3.1.5 (/opt/ros/humble/share/rosidl_generator_c/cmake)
[2.124s] -- Found rosidl_adapter: 3.1.5 (/opt/ros/humble/share/rosidl_adapter/cmake)
[2.164s] -- Found rosidl_generator_cpp: 3.1.5 (/opt/ros/humble/share/rosidl_generator_cpp/cmake)
[2.223s] -- Using all available rosidl_typesupport_c: rosidl_typesupport_fastrtps_c;rosidl_typesupport_introspection_c
[2.268s] -- Using all available rosidl_typesupport_cpp: rosidl_typesupport_fastrtps_cpp;rosidl_typesupport_introspection_cpp
[2.811s] -- Found rmw_implementation_cmake: 6.1.2 (/opt/ros/humble/share/rmw_implementation_cmake/cmake)
[2.824s] -- Found rmw_fastrtps_cpp: 6.2.7 (/opt/ros/humble/share/rmw_fastrtps_cpp/cmake)
[2.896s] -- Found TinyXML2 via Config file: TinyXML2_DIR-NOTFOUND
[3.081s] -- Found OpenSSL: /usr/lib/aarch64-linux-gnu/libcrypto.so (found version "3.0.2")  
[3.101s] -- Found TinyXML2 via Config file: TinyXML2_DIR-NOTFOUND
[3.159s] -- Found FastRTPS: /opt/ros/humble/include  
[3.168s] -- Found TinyXML2 via Config file: TinyXML2_DIR-NOTFOUND
[3.206s] -- Found TinyXML2 via Config file: TinyXML2_DIR-NOTFOUND
[3.254s] -- Using RMW implementation 'rmw_fastrtps_cpp' as default
[3.299s] -- Looking for C++ include pthread.h
[3.692s] -- Looking for C++ include pthread.h - found
[3.694s] -- Performing Test CMAKE_HAVE_LIBC_PTHREAD
[4.020s] -- Performing Test CMAKE_HAVE_LIBC_PTHREAD - Success
[4.024s] -- Found Threads: TRUE  
[4.315s] -- Found ament_cmake_pytest: 1.3.10 (/opt/ros/humble/share/ament_cmake_pytest/cmake)
[9.247s] -- Configuring done
[9.306s] -- Generating done
[9.310s] -- Build files have been written to: /home/orin/ros2_ws/build/ros2_control_demo_example_9
[9.356s] Invoked command in '/home/orin/ros2_ws/build/ros2_control_demo_example_9' returned '0': AMENT_PREFIX_PATH=/home/orin/ros2_ws/install/ros2_control_demo_testing:/home/orin/ros2_ws/install/wheel_encoder_odometry:/home/orin/ros2_ws/install/sllidar_ros2:/home/orin/ros2_ws/install/ros2_control_demo_example_5:/home/orin/ros2_ws/install/ros2_control_demo_description:/home/orin/ros2_ws/install/my_bot_imu:/home/orin/ros2_ws/install/my_bot_description:/home/orin/ros2_ws/install/mobile_robot_description:/home/orin/ros2_ws/install/image_geometry:/home/orin/ros2_ws/install/gazebo_dev:/home/orin/ros2_ws/install/depthai-ros:/home/orin/ros2_ws/install/depthai_examples:/home/orin/ros2_ws/install/depthai_ros_msgs:/home/orin/ros2_ws/install/depthai_descriptions:/home/orin/ros2_ws/install/cv_bridge:/home/orin/ros2_ws/install/arduino_odometry:/opt/ros/humble CMAKE_PREFIX_PATH=/home/orin/ros2_ws/install/ros2_control_demo_description:/home/orin/ros2_ws/install/sllidar_ros2:/home/orin/ros2_ws/install/ros2_control_demo_example_5:/home/orin/ros2_ws/install/my_bot_imu:/home/orin/ros2_ws/install/my_bot_description:/home/orin/ros2_ws/install/wheel_encoder_odometry:/home/orin/ros2_ws/install/ros2_control_demo_testing:/home/orin/ros2_ws/install/arduino_odometry:/opt/ros/humble:/home/orin/ros2_ws/install/mobile_robot_description:/home/orin/ros2_ws/install/image_geometry:/home/orin/ros2_ws/install/gazebo_dev:/home/orin/ros2_ws/install/depthai-ros:/home/orin/ros2_ws/install/depthai_examples:/home/orin/ros2_ws/install/depthai_ros_msgs:/home/orin/ros2_ws/install/depthai_descriptions:/home/orin/ros2_ws/install/cv_bridge PYTHONPATH=/home/orin/ros2_ws/install/ros2_control_demo_testing/lib/python3.10/site-packages:/home/orin/ros2_ws/install/wheel_encoder_odometry/lib/python3.10/site-packages:/home/orin/ros2_ws/build/ros2_control_demo_testing:/home/orin/ros2_ws/install/image_geometry/local/lib/python3.10/dist-packages:/home/orin/ros2_ws/install/depthai_ros_msgs/local/lib/python3.10/dist-packages:/home/orin/ros2_ws/install/cv_bridge/local/lib/python3.10/dist-packages:/home/orin/ros2_ws/install/arduino_odometry/lib/python3.10/site-packages:/opt/ros/humble/lib/python3.10/site-packages:/opt/ros/humble/local/lib/python3.10/dist-packages /usr/bin/cmake /home/orin/ros2_ws/src/ros2_control_demos/example_9 -DCMAKE_INSTALL_PREFIX=/home/orin/ros2_ws/install/ros2_control_demo_example_9
[9.357s] Invoking command in '/home/orin/ros2_ws/build/ros2_control_demo_example_9': AMENT_PREFIX_PATH=/home/orin/ros2_ws/install/ros2_control_demo_testing:/home/orin/ros2_ws/install/wheel_encoder_odometry:/home/orin/ros2_ws/install/sllidar_ros2:/home/orin/ros2_ws/install/ros2_control_demo_example_5:/home/orin/ros2_ws/install/ros2_control_demo_description:/home/orin/ros2_ws/install/my_bot_imu:/home/orin/ros2_ws/install/my_bot_description:/home/orin/ros2_ws/install/mobile_robot_description:/home/orin/ros2_ws/install/image_geometry:/home/orin/ros2_ws/install/gazebo_dev:/home/orin/ros2_ws/install/depthai-ros:/home/orin/ros2_ws/install/depthai_examples:/home/orin/ros2_ws/install/depthai_ros_msgs:/home/orin/ros2_ws/install/depthai_descriptions:/home/orin/ros2_ws/install/cv_bridge:/home/orin/ros2_ws/install/arduino_odometry:/opt/ros/humble CMAKE_PREFIX_PATH=/home/orin/ros2_ws/install/ros2_control_demo_description:/home/orin/ros2_ws/install/sllidar_ros2:/home/orin/ros2_ws/install/ros2_control_demo_example_5:/home/orin/ros2_ws/install/my_bot_imu:/home/orin/ros2_ws/install/my_bot_description:/home/orin/ros2_ws/install/wheel_encoder_odometry:/home/orin/ros2_ws/install/ros2_control_demo_testing:/home/orin/ros2_ws/install/arduino_odometry:/opt/ros/humble:/home/orin/ros2_ws/install/mobile_robot_description:/home/orin/ros2_ws/install/image_geometry:/home/orin/ros2_ws/install/gazebo_dev:/home/orin/ros2_ws/install/depthai-ros:/home/orin/ros2_ws/install/depthai_examples:/home/orin/ros2_ws/install/depthai_ros_msgs:/home/orin/ros2_ws/install/depthai_descriptions:/home/orin/ros2_ws/install/cv_bridge PYTHONPATH=/home/orin/ros2_ws/install/ros2_control_demo_testing/lib/python3.10/site-packages:/home/orin/ros2_ws/install/wheel_encoder_odometry/lib/python3.10/site-packages:/home/orin/ros2_ws/build/ros2_control_demo_testing:/home/orin/ros2_ws/install/image_geometry/local/lib/python3.10/dist-packages:/home/orin/ros2_ws/install/depthai_ros_msgs/local/lib/python3.10/dist-packages:/home/orin/ros2_ws/install/cv_bridge/local/lib/python3.10/dist-packages:/home/orin/ros2_ws/install/arduino_odometry/lib/python3.10/site-packages:/opt/ros/humble/lib/python3.10/site-packages:/opt/ros/humble/local/lib/python3.10/dist-packages /usr/bin/cmake --build /home/orin/ros2_ws/build/ros2_control_demo_example_9 -- -j6 -l6
[9.495s] [ 50%] [32mBuilding CXX object CMakeFiles/ros2_control_demo_example_9.dir/hardware/rrbot.cpp.o[0m
[18.828s] [100%] [32m[1mLinking CXX shared library libros2_control_demo_example_9.so[0m
[19.279s] [100%] Built target ros2_control_demo_example_9
[19.611s] Invoked command in '/home/orin/ros2_ws/build/ros2_control_demo_example_9' returned '0': AMENT_PREFIX_PATH=/home/orin/ros2_ws/install/ros2_control_demo_testing:/home/orin/ros2_ws/install/wheel_encoder_odometry:/home/orin/ros2_ws/install/sllidar_ros2:/home/orin/ros2_ws/install/ros2_control_demo_example_5:/home/orin/ros2_ws/install/ros2_control_demo_description:/home/orin/ros2_ws/install/my_bot_imu:/home/orin/ros2_ws/install/my_bot_description:/home/orin/ros2_ws/install/mobile_robot_description:/home/orin/ros2_ws/install/image_geometry:/home/orin/ros2_ws/install/gazebo_dev:/home/orin/ros2_ws/install/depthai-ros:/home/orin/ros2_ws/install/depthai_examples:/home/orin/ros2_ws/install/depthai_ros_msgs:/home/orin/ros2_ws/install/depthai_descriptions:/home/orin/ros2_ws/install/cv_bridge:/home/orin/ros2_ws/install/arduino_odometry:/opt/ros/humble CMAKE_PREFIX_PATH=/home/orin/ros2_ws/install/ros2_control_demo_description:/home/orin/ros2_ws/install/sllidar_ros2:/home/orin/ros2_ws/install/ros2_control_demo_example_5:/home/orin/ros2_ws/install/my_bot_imu:/home/orin/ros2_ws/install/my_bot_description:/home/orin/ros2_ws/install/wheel_encoder_odometry:/home/orin/ros2_ws/install/ros2_control_demo_testing:/home/orin/ros2_ws/install/arduino_odometry:/opt/ros/humble:/home/orin/ros2_ws/install/mobile_robot_description:/home/orin/ros2_ws/install/image_geometry:/home/orin/ros2_ws/install/gazebo_dev:/home/orin/ros2_ws/install/depthai-ros:/home/orin/ros2_ws/install/depthai_examples:/home/orin/ros2_ws/install/depthai_ros_msgs:/home/orin/ros2_ws/install/depthai_descriptions:/home/orin/ros2_ws/install/cv_bridge PYTHONPATH=/home/orin/ros2_ws/install/ros2_control_demo_testing/lib/python3.10/site-packages:/home/orin/ros2_ws/install/wheel_encoder_odometry/lib/python3.10/site-packages:/home/orin/ros2_ws/build/ros2_control_demo_testing:/home/orin/ros2_ws/install/image_geometry/local/lib/python3.10/dist-packages:/home/orin/ros2_ws/install/depthai_ros_msgs/local/lib/python3.10/dist-packages:/home/orin/ros2_ws/install/cv_bridge/local/lib/python3.10/dist-packages:/home/orin/ros2_ws/install/arduino_odometry/lib/python3.10/site-packages:/opt/ros/humble/lib/python3.10/site-packages:/opt/ros/humble/local/lib/python3.10/dist-packages /usr/bin/cmake --build /home/orin/ros2_ws/build/ros2_control_demo_example_9 -- -j6 -l6
[19.676s] Invoking command in '/home/orin/ros2_ws/build/ros2_control_demo_example_9': AMENT_PREFIX_PATH=/home/orin/ros2_ws/install/ros2_control_demo_testing:/home/orin/ros2_ws/install/wheel_encoder_odometry:/home/orin/ros2_ws/install/sllidar_ros2:/home/orin/ros2_ws/install/ros2_control_demo_example_5:/home/orin/ros2_ws/install/ros2_control_demo_description:/home/orin/ros2_ws/install/my_bot_imu:/home/orin/ros2_ws/install/my_bot_description:/home/orin/ros2_ws/install/mobile_robot_description:/home/orin/ros2_ws/install/image_geometry:/home/orin/ros2_ws/install/gazebo_dev:/home/orin/ros2_ws/install/depthai-ros:/home/orin/ros2_ws/install/depthai_examples:/home/orin/ros2_ws/install/depthai_ros_msgs:/home/orin/ros2_ws/install/depthai_descriptions:/home/orin/ros2_ws/install/cv_bridge:/home/orin/ros2_ws/install/arduino_odometry:/opt/ros/humble CMAKE_PREFIX_PATH=/home/orin/ros2_ws/install/ros2_control_demo_description:/home/orin/ros2_ws/install/sllidar_ros2:/home/orin/ros2_ws/install/ros2_control_demo_example_5:/home/orin/ros2_ws/install/my_bot_imu:/home/orin/ros2_ws/install/my_bot_description:/home/orin/ros2_ws/install/wheel_encoder_odometry:/home/orin/ros2_ws/install/ros2_control_demo_testing:/home/orin/ros2_ws/install/arduino_odometry:/opt/ros/humble:/home/orin/ros2_ws/install/mobile_robot_description:/home/orin/ros2_ws/install/image_geometry:/home/orin/ros2_ws/install/gazebo_dev:/home/orin/ros2_ws/install/depthai-ros:/home/orin/ros2_ws/install/depthai_examples:/home/orin/ros2_ws/install/depthai_ros_msgs:/home/orin/ros2_ws/install/depthai_descriptions:/home/orin/ros2_ws/install/cv_bridge PYTHONPATH=/home/orin/ros2_ws/install/ros2_control_demo_testing/lib/python3.10/site-packages:/home/orin/ros2_ws/install/wheel_encoder_odometry/lib/python3.10/site-packages:/home/orin/ros2_ws/build/ros2_control_demo_testing:/home/orin/ros2_ws/install/image_geometry/local/lib/python3.10/dist-packages:/home/orin/ros2_ws/install/depthai_ros_msgs/local/lib/python3.10/dist-packages:/home/orin/ros2_ws/install/cv_bridge/local/lib/python3.10/dist-packages:/home/orin/ros2_ws/install/arduino_odometry/lib/python3.10/site-packages:/opt/ros/humble/lib/python3.10/site-packages:/opt/ros/humble/local/lib/python3.10/dist-packages /usr/bin/cmake --install /home/orin/ros2_ws/build/ros2_control_demo_example_9
[19.697s] -- Install configuration: ""
[19.699s] -- Installing: /home/orin/ros2_ws/install/ros2_control_demo_example_9/share/ros2_control_demo_example_9/ros2_control_demo_example_9.xml
[19.701s] -- Installing: /home/orin/ros2_ws/install/ros2_control_demo_example_9/include/ros2_control_demo_example_9
[19.701s] -- Installing: /home/orin/ros2_ws/install/ros2_control_demo_example_9/include/ros2_control_demo_example_9/ros2_control_demo_example_9
[19.701s] -- Installing: /home/orin/ros2_ws/install/ros2_control_demo_example_9/include/ros2_control_demo_example_9/ros2_control_demo_example_9/rrbot.hpp
[19.701s] -- Installing: /home/orin/ros2_ws/install/ros2_control_demo_example_9/share/ros2_control_demo_example_9/launch
[19.703s] -- Installing: /home/orin/ros2_ws/install/ros2_control_demo_example_9/share/ros2_control_demo_example_9/launch/view_robot.launch.py
[19.704s] -- Installing: /home/orin/ros2_ws/install/ros2_control_demo_example_9/share/ros2_control_demo_example_9/ros2_control
[19.705s] -- Installing: /home/orin/ros2_ws/install/ros2_control_demo_example_9/share/ros2_control_demo_example_9/ros2_control/rrbot.ros2_control.xacro
[19.706s] -- Installing: /home/orin/ros2_ws/install/ros2_control_demo_example_9/share/ros2_control_demo_example_9/urdf
[19.709s] -- Installing: /home/orin/ros2_ws/install/ros2_control_demo_example_9/share/ros2_control_demo_example_9/urdf/rrbot.urdf.xacro
[19.709s] -- Installing: /home/orin/ros2_ws/install/ros2_control_demo_example_9/share/ros2_control_demo_example_9/gazebo
[19.711s] -- Installing: /home/orin/ros2_ws/install/ros2_control_demo_example_9/share/ros2_control_demo_example_9/gazebo/rrbot.gazebo.xacro
[19.713s] -- Up-to-date: /home/orin/ros2_ws/install/ros2_control_demo_example_9/share/ros2_control_demo_example_9/launch
[19.726s] -- Installing: /home/orin/ros2_ws/install/ros2_control_demo_example_9/share/ros2_control_demo_example_9/launch/rrbot.launch.py
[19.728s] -- Installing: /home/orin/ros2_ws/install/ros2_control_demo_example_9/share/ros2_control_demo_example_9/launch/rrbot_gazebo_classic.launch.py
[19.728s] -- Installing: /home/orin/ros2_ws/install/ros2_control_demo_example_9/share/ros2_control_demo_example_9/launch/test_forward_position_controller.launch.py
[19.728s] -- Installing: /home/orin/ros2_ws/install/ros2_control_demo_example_9/share/ros2_control_demo_example_9/config
[19.728s] -- Installing: /home/orin/ros2_ws/install/ros2_control_demo_example_9/share/ros2_control_demo_example_9/config/rrbot_controllers.yaml
[19.728s] -- Installing: /home/orin/ros2_ws/install/ros2_control_demo_example_9/share/ros2_control_demo_example_9/config/rrbot_forward_position_publisher.yaml
[19.728s] -- Installing: /home/orin/ros2_ws/install/ros2_control_demo_example_9/lib/libros2_control_demo_example_9.so
[19.733s] -- Set runtime path of "/home/orin/ros2_ws/install/ros2_control_demo_example_9/lib/libros2_control_demo_example_9.so" to ""
[19.733s] -- Installing: /home/orin/ros2_ws/install/ros2_control_demo_example_9/share/ros2_control_demo_example_9/environment/library_path.sh
[19.735s] -- Installing: /home/orin/ros2_ws/install/ros2_control_demo_example_9/share/ros2_control_demo_example_9/environment/library_path.dsv
[19.735s] -- Installing: /home/orin/ros2_ws/install/ros2_control_demo_example_9/share/ament_index/resource_index/package_run_dependencies/ros2_control_demo_example_9
[19.736s] -- Installing: /home/orin/ros2_ws/install/ros2_control_demo_example_9/share/ament_index/resource_index/parent_prefix_path/ros2_control_demo_example_9
[19.736s] -- Installing: /home/orin/ros2_ws/install/ros2_control_demo_example_9/share/ros2_control_demo_example_9/environment/ament_prefix_path.sh
[19.736s] -- Installing: /home/orin/ros2_ws/install/ros2_control_demo_example_9/share/ros2_control_demo_example_9/environment/ament_prefix_path.dsv
[19.736s] -- Installing: /home/orin/ros2_ws/install/ros2_control_demo_example_9/share/ros2_control_demo_example_9/environment/path.sh
[19.736s] -- Installing: /home/orin/ros2_ws/install/ros2_control_demo_example_9/share/ros2_control_demo_example_9/environment/path.dsv
[19.736s] -- Installing: /home/orin/ros2_ws/install/ros2_control_demo_example_9/share/ros2_control_demo_example_9/local_setup.bash
[19.736s] -- Installing: /home/orin/ros2_ws/install/ros2_control_demo_example_9/share/ros2_control_demo_example_9/local_setup.sh
[19.736s] -- Installing: /home/orin/ros2_ws/install/ros2_control_demo_example_9/share/ros2_control_demo_example_9/local_setup.zsh
[19.741s] -- Installing: /home/orin/ros2_ws/install/ros2_control_demo_example_9/share/ros2_control_demo_example_9/local_setup.dsv
[19.741s] -- Installing: /home/orin/ros2_ws/install/ros2_control_demo_example_9/share/ros2_control_demo_example_9/package.dsv
[19.741s] -- Installing: /home/orin/ros2_ws/install/ros2_control_demo_example_9/share/ament_index/resource_index/packages/ros2_control_demo_example_9
[19.742s] -- Installing: /home/orin/ros2_ws/install/ros2_control_demo_example_9/share/ament_index/resource_index/hardware_interface__pluginlib__plugin/ros2_control_demo_example_9
[19.742s] -- Installing: /home/orin/ros2_ws/install/ros2_control_demo_example_9/share/ros2_control_demo_example_9/cmake/export_ros2_control_demo_example_9Export.cmake
[19.742s] -- Installing: /home/orin/ros2_ws/install/ros2_control_demo_example_9/share/ros2_control_demo_example_9/cmake/export_ros2_control_demo_example_9Export-noconfig.cmake
[19.742s] -- Installing: /home/orin/ros2_ws/install/ros2_control_demo_example_9/share/ros2_control_demo_example_9/cmake/ament_cmake_export_targets-extras.cmake
[19.742s] -- Installing: /home/orin/ros2_ws/install/ros2_control_demo_example_9/share/ros2_control_demo_example_9/cmake/ament_cmake_export_dependencies-extras.cmake
[19.742s] -- Installing: /home/orin/ros2_ws/install/ros2_control_demo_example_9/share/ros2_control_demo_example_9/cmake/ros2_control_demo_example_9Config.cmake
[19.742s] -- Installing: /home/orin/ros2_ws/install/ros2_control_demo_example_9/share/ros2_control_demo_example_9/cmake/ros2_control_demo_example_9Config-version.cmake
[19.743s] -- Installing: /home/orin/ros2_ws/install/ros2_control_demo_example_9/share/ros2_control_demo_example_9/package.xml
[19.805s] Invoked command in '/home/orin/ros2_ws/build/ros2_control_demo_example_9' returned '0': AMENT_PREFIX_PATH=/home/orin/ros2_ws/install/ros2_control_demo_testing:/home/orin/ros2_ws/install/wheel_encoder_odometry:/home/orin/ros2_ws/install/sllidar_ros2:/home/orin/ros2_ws/install/ros2_control_demo_example_5:/home/orin/ros2_ws/install/ros2_control_demo_description:/home/orin/ros2_ws/install/my_bot_imu:/home/orin/ros2_ws/install/my_bot_description:/home/orin/ros2_ws/install/mobile_robot_description:/home/orin/ros2_ws/install/image_geometry:/home/orin/ros2_ws/install/gazebo_dev:/home/orin/ros2_ws/install/depthai-ros:/home/orin/ros2_ws/install/depthai_examples:/home/orin/ros2_ws/install/depthai_ros_msgs:/home/orin/ros2_ws/install/depthai_descriptions:/home/orin/ros2_ws/install/cv_bridge:/home/orin/ros2_ws/install/arduino_odometry:/opt/ros/humble CMAKE_PREFIX_PATH=/home/orin/ros2_ws/install/ros2_control_demo_description:/home/orin/ros2_ws/install/sllidar_ros2:/home/orin/ros2_ws/install/ros2_control_demo_example_5:/home/orin/ros2_ws/install/my_bot_imu:/home/orin/ros2_ws/install/my_bot_description:/home/orin/ros2_ws/install/wheel_encoder_odometry:/home/orin/ros2_ws/install/ros2_control_demo_testing:/home/orin/ros2_ws/install/arduino_odometry:/opt/ros/humble:/home/orin/ros2_ws/install/mobile_robot_description:/home/orin/ros2_ws/install/image_geometry:/home/orin/ros2_ws/install/gazebo_dev:/home/orin/ros2_ws/install/depthai-ros:/home/orin/ros2_ws/install/depthai_examples:/home/orin/ros2_ws/install/depthai_ros_msgs:/home/orin/ros2_ws/install/depthai_descriptions:/home/orin/ros2_ws/install/cv_bridge PYTHONPATH=/home/orin/ros2_ws/install/ros2_control_demo_testing/lib/python3.10/site-packages:/home/orin/ros2_ws/install/wheel_encoder_odometry/lib/python3.10/site-packages:/home/orin/ros2_ws/build/ros2_control_demo_testing:/home/orin/ros2_ws/install/image_geometry/local/lib/python3.10/dist-packages:/home/orin/ros2_ws/install/depthai_ros_msgs/local/lib/python3.10/dist-packages:/home/orin/ros2_ws/install/cv_bridge/local/lib/python3.10/dist-packages:/home/orin/ros2_ws/install/arduino_odometry/lib/python3.10/site-packages:/opt/ros/humble/lib/python3.10/site-packages:/opt/ros/humble/local/lib/python3.10/dist-packages /usr/bin/cmake --install /home/orin/ros2_ws/build/ros2_control_demo_example_9
