[01m[K/home/orin/ros2_ws/src/diffbot_description/hardware/diffbot_system.cpp:32:21:[m[K [01;31m[Kerror: [m[K‘[01m[KCallbackReturn[m[K’ in namespace ‘[01m[Khardware_interface[m[K’ does not name a type
   32 | hardware_interface::[01;31m[KCallbackReturn[m[K DiffBotSystemHardware::on_init(
      |                     [01;31m[K^~~~~~~~~~~~~~[m[K
[01m[K/home/orin/ros2_ws/src/diffbot_description/hardware/diffbot_system.cpp:105:33:[m[K [01;31m[Kerror: [m[K‘[01m[KStateInterface[m[K’ is not a member of ‘[01m[Khardware_interface[m[K’
  105 | std::vector<hardware_interface::[01;31m[KStateInterface[m[K> DiffBotSystemHardware::export_state_interfaces()
      |                                 [01;31m[K^~~~~~~~~~~~~~[m[K
[01m[K/home/orin/ros2_ws/src/diffbot_description/hardware/diffbot_system.cpp:105:47:[m[K [01;31m[Kerror: [m[Ktemplate argument 1 is invalid
  105 | std::vector<hardware_interface::StateInterface[01;31m[K>[m[K DiffBotSystemHardware::export_state_interfaces()
      |                                               [01;31m[K^[m[K
[01m[K/home/orin/ros2_ws/src/diffbot_description/hardware/diffbot_system.cpp:105:47:[m[K [01;31m[Kerror: [m[Ktemplate argument 2 is invalid
[01m[K/home/orin/ros2_ws/src/diffbot_description/hardware/diffbot_system.cpp:105:49:[m[K [01;31m[Kerror: [m[K‘[01m[KDiffBotSystemHardware[m[K’ has not been declared
  105 | std::vector<hardware_interface::StateInterface> [01;31m[KDiffBotSystemHardware[m[K::export_state_interfaces()
      |                                                 [01;31m[K^~~~~~~~~~~~~~~~~~~~~[m[K
[01m[K/home/orin/ros2_ws/src/diffbot_description/hardware/diffbot_system.cpp:[m[K In function ‘[01m[Kint diffbot_description::export_state_interfaces()[m[K’:
[01m[K/home/orin/ros2_ws/src/diffbot_description/hardware/diffbot_system.cpp:107:35:[m[K [01;31m[Kerror: [m[K‘[01m[KStateInterface[m[K’ is not a member of ‘[01m[Khardware_interface[m[K’
  107 |   std::vector<hardware_interface::[01;31m[KStateInterface[m[K> state_interfaces;
      |                                   [01;31m[K^~~~~~~~~~~~~~[m[K
[01m[K/home/orin/ros2_ws/src/diffbot_description/hardware/diffbot_system.cpp:107:49:[m[K [01;31m[Kerror: [m[Ktemplate argument 1 is invalid
  107 |   std::vector<hardware_interface::StateInterface[01;31m[K>[m[K state_interfaces;
      |                                                 [01;31m[K^[m[K
[01m[K/home/orin/ros2_ws/src/diffbot_description/hardware/diffbot_system.cpp:107:49:[m[K [01;31m[Kerror: [m[Ktemplate argument 2 is invalid
[01m[K/home/orin/ros2_ws/src/diffbot_description/hardware/diffbot_system.cpp:108:25:[m[K [01;31m[Kerror: [m[K‘[01m[Kinfo_[m[K’ was not declared in this scope
  108 |   for (auto i = 0u; i < [01;31m[Kinfo_[m[K.joints.size(); i++)
      |                         [01;31m[K^~~~~[m[K
[01m[K/home/orin/ros2_ws/src/diffbot_description/hardware/diffbot_system.cpp:110:22:[m[K [01;31m[Kerror: [m[Krequest for member ‘[01m[Kemplace_back[m[K’ in ‘[01m[Kstate_interfaces[m[K’, which is of non-class type ‘[01m[Kint[m[K’
  110 |     state_interfaces.[01;31m[Kemplace_back[m[K(hardware_interface::StateInterface(
      |                      [01;31m[K^~~~~~~~~~~~[m[K
[01m[K/home/orin/ros2_ws/src/diffbot_description/hardware/diffbot_system.cpp:110:55:[m[K [01;31m[Kerror: [m[K‘[01m[KStateInterface[m[K’ is not a member of ‘[01m[Khardware_interface[m[K’
  110 |     state_interfaces.emplace_back(hardware_interface::[01;31m[KStateInterface[m[K(
      |                                                       [01;31m[K^~~~~~~~~~~~~~[m[K
[01m[K/home/orin/ros2_ws/src/diffbot_description/hardware/diffbot_system.cpp:111:66:[m[K [01;31m[Kerror: [m[K‘[01m[Khw_positions_[m[K’ was not declared in this scope
  111 |       info_.joints[i].name, hardware_interface::HW_IF_POSITION, &[01;31m[Khw_positions_[m[K[i]));
      |                                                                  [01;31m[K^~~~~~~~~~~~~[m[K
[01m[K/home/orin/ros2_ws/src/diffbot_description/hardware/diffbot_system.cpp:112:22:[m[K [01;31m[Kerror: [m[Krequest for member ‘[01m[Kemplace_back[m[K’ in ‘[01m[Kstate_interfaces[m[K’, which is of non-class type ‘[01m[Kint[m[K’
  112 |     state_interfaces.[01;31m[Kemplace_back[m[K(hardware_interface::StateInterface(
      |                      [01;31m[K^~~~~~~~~~~~[m[K
[01m[K/home/orin/ros2_ws/src/diffbot_description/hardware/diffbot_system.cpp:112:55:[m[K [01;31m[Kerror: [m[K‘[01m[KStateInterface[m[K’ is not a member of ‘[01m[Khardware_interface[m[K’
  112 |     state_interfaces.emplace_back(hardware_interface::[01;31m[KStateInterface[m[K(
      |                                                       [01;31m[K^~~~~~~~~~~~~~[m[K
[01m[K/home/orin/ros2_ws/src/diffbot_description/hardware/diffbot_system.cpp:113:66:[m[K [01;31m[Kerror: [m[K‘[01m[Khw_velocities_[m[K’ was not declared in this scope
  113 |       info_.joints[i].name, hardware_interface::HW_IF_VELOCITY, &[01;31m[Khw_velocities_[m[K[i]));
      |                                                                  [01;31m[K^~~~~~~~~~~~~~[m[K
[01m[K/home/orin/ros2_ws/src/diffbot_description/hardware/diffbot_system.cpp:[m[K At global scope:
[01m[K/home/orin/ros2_ws/src/diffbot_description/hardware/diffbot_system.cpp:119:33:[m[K [01;31m[Kerror: [m[K‘[01m[KCommandInterface[m[K’ is not a member of ‘[01m[Khardware_interface[m[K’
  119 | std::vector<hardware_interface::[01;31m[KCommandInterface[m[K> DiffBotSystemHardware::export_command_interfaces()
      |                                 [01;31m[K^~~~~~~~~~~~~~~~[m[K
[01m[K/home/orin/ros2_ws/src/diffbot_description/hardware/diffbot_system.cpp:119:49:[m[K [01;31m[Kerror: [m[Ktemplate argument 1 is invalid
  119 | std::vector<hardware_interface::CommandInterface[01;31m[K>[m[K DiffBotSystemHardware::export_command_interfaces()
      |                                                 [01;31m[K^[m[K
[01m[K/home/orin/ros2_ws/src/diffbot_description/hardware/diffbot_system.cpp:119:49:[m[K [01;31m[Kerror: [m[Ktemplate argument 2 is invalid
[01m[K/home/orin/ros2_ws/src/diffbot_description/hardware/diffbot_system.cpp:119:51:[m[K [01;31m[Kerror: [m[K‘[01m[KDiffBotSystemHardware[m[K’ has not been declared
  119 | std::vector<hardware_interface::CommandInterface> [01;31m[KDiffBotSystemHardware[m[K::export_command_interfaces()
      |                                                   [01;31m[K^~~~~~~~~~~~~~~~~~~~~[m[K
[01m[K/home/orin/ros2_ws/src/diffbot_description/hardware/diffbot_system.cpp:[m[K In function ‘[01m[Kint diffbot_description::export_command_interfaces()[m[K’:
[01m[K/home/orin/ros2_ws/src/diffbot_description/hardware/diffbot_system.cpp:121:35:[m[K [01;31m[Kerror: [m[K‘[01m[KCommandInterface[m[K’ is not a member of ‘[01m[Khardware_interface[m[K’
  121 |   std::vector<hardware_interface::[01;31m[KCommandInterface[m[K> command_interfaces;
      |                                   [01;31m[K^~~~~~~~~~~~~~~~[m[K
[01m[K/home/orin/ros2_ws/src/diffbot_description/hardware/diffbot_system.cpp:121:51:[m[K [01;31m[Kerror: [m[Ktemplate argument 1 is invalid
  121 |   std::vector<hardware_interface::CommandInterface[01;31m[K>[m[K command_interfaces;
      |                                                   [01;31m[K^[m[K
[01m[K/home/orin/ros2_ws/src/diffbot_description/hardware/diffbot_system.cpp:121:51:[m[K [01;31m[Kerror: [m[Ktemplate argument 2 is invalid
[01m[K/home/orin/ros2_ws/src/diffbot_description/hardware/diffbot_system.cpp:122:25:[m[K [01;31m[Kerror: [m[K‘[01m[Kinfo_[m[K’ was not declared in this scope
  122 |   for (auto i = 0u; i < [01;31m[Kinfo_[m[K.joints.size(); i++)
      |                         [01;31m[K^~~~~[m[K
[01m[K/home/orin/ros2_ws/src/diffbot_description/hardware/diffbot_system.cpp:124:24:[m[K [01;31m[Kerror: [m[Krequest for member ‘[01m[Kemplace_back[m[K’ in ‘[01m[Kcommand_interfaces[m[K’, which is of non-class type ‘[01m[Kint[m[K’
  124 |     command_interfaces.[01;31m[Kemplace_back[m[K(hardware_interface::CommandInterface(
      |                        [01;31m[K^~~~~~~~~~~~[m[K
[01m[K/home/orin/ros2_ws/src/diffbot_description/hardware/diffbot_system.cpp:124:57:[m[K [01;31m[Kerror: [m[K‘[01m[KCommandInterface[m[K’ is not a member of ‘[01m[Khardware_interface[m[K’
  124 |     command_interfaces.emplace_back(hardware_interface::[01;31m[KCommandInterface[m[K(
      |                                                         [01;31m[K^~~~~~~~~~~~~~~~[m[K
[01m[K/home/orin/ros2_ws/src/diffbot_description/hardware/diffbot_system.cpp:125:66:[m[K [01;31m[Kerror: [m[K‘[01m[Khw_commands_[m[K’ was not declared in this scope
  125 |       info_.joints[i].name, hardware_interface::HW_IF_VELOCITY, &[01;31m[Khw_commands_[m[K[i]));
      |                                                                  [01;31m[K^~~~~~~~~~~~[m[K
[01m[K/home/orin/ros2_ws/src/diffbot_description/hardware/diffbot_system.cpp:[m[K At global scope:
[01m[K/home/orin/ros2_ws/src/diffbot_description/hardware/diffbot_system.cpp:131:21:[m[K [01;31m[Kerror: [m[K‘[01m[KCallbackReturn[m[K’ in namespace ‘[01m[Khardware_interface[m[K’ does not name a type
  131 | hardware_interface::[01;31m[KCallbackReturn[m[K DiffBotSystemHardware::on_activate(
      |                     [01;31m[K^~~~~~~~~~~~~~[m[K
[01m[K/home/orin/ros2_ws/src/diffbot_description/hardware/diffbot_system.cpp:160:21:[m[K [01;31m[Kerror: [m[K‘[01m[KCallbackReturn[m[K’ in namespace ‘[01m[Khardware_interface[m[K’ does not name a type
  160 | hardware_interface::[01;31m[KCallbackReturn[m[K DiffBotSystemHardware::on_deactivate(
      |                     [01;31m[K^~~~~~~~~~~~~~[m[K
[01m[K/home/orin/ros2_ws/src/diffbot_description/hardware/diffbot_system.cpp:178:21:[m[K [01;31m[Kerror: [m[K‘[01m[Kreturn_type[m[K’ in namespace ‘[01m[Khardware_interface[m[K’ does not name a type
  178 | hardware_interface::[01;31m[Kreturn_type[m[K DiffBotSystemHardware::read(
      |                     [01;31m[K^~~~~~~~~~~[m[K
[01m[K/home/orin/ros2_ws/src/diffbot_description/hardware/diffbot_system.cpp:203:21:[m[K [01;31m[Kerror: [m[K‘[01m[Kreturn_type[m[K’ in namespace ‘[01m[Khardware_interface[m[K’ does not name a type
  203 | hardware_interface::[01;31m[Kreturn_type[m[K ros2_control_demo_example_2 ::DiffBotSystemHardware::write(
      |                     [01;31m[K^~~~~~~~~~~[m[K
In file included from [01m[K/opt/ros/humble/include/class_loader/class_loader/class_loader.hpp:56[m[K,
                 from [01m[K/opt/ros/humble/include/pluginlib/pluginlib/class_list_macros.hpp:40[m[K,
                 from [01m[K/home/orin/ros2_ws/src/diffbot_description/hardware/diffbot_system.cpp:225[m[K:
[01m[K/home/orin/ros2_ws/src/diffbot_description/hardware/diffbot_system.cpp:227:3:[m[K [01;31m[Kerror: [m[K‘[01m[Kros2_control_demo_example_2[m[K’ does not name a type
  227 |   [01;31m[Kros2_control_demo_example_2[m[K::DiffBotSystemHardware, hardware_interface::SystemInterface)
      |   [01;31m[K^~~~~~~~~~~~~~~~~~~~~~~~~~~[m[K
[01m[K/home/orin/ros2_ws/src/diffbot_description/hardware/diffbot_system.cpp:227:75:[m[K [01;31m[Kerror: [m[K‘[01m[KSystemInterface[m[K’ in namespace ‘[01m[Khardware_interface[m[K’ does not name a type
  227 |   ros2_control_demo_example_2::DiffBotSystemHardware, hardware_interface::[01;31m[KSystemInterface[m[K)
      |                                                                           [01;31m[K^~~~~~~~~~~~~~~[m[K
[01m[K/home/orin/ros2_ws/src/diffbot_description/hardware/diffbot_system.cpp:[m[K In constructor ‘[01m[K{anonymous}::ProxyExec0::ProxyExec0()[m[K’:
[01m[K/home/orin/ros2_ws/src/diffbot_description/hardware/diffbot_system.cpp:226:1:[m[K [01;31m[Kerror: [m[K‘[01m[K_derived[m[K’ was not declared in this scope
  226 | [01;31m[KPLUGINLIB_EXPORT_CLASS[m[K(
      | [01;31m[K^~~~~~~~~~~~~~~~~~~~~~[m[K
[01m[K/home/orin/ros2_ws/src/diffbot_description/hardware/diffbot_system.cpp:226:1:[m[K [01;31m[Kerror: [m[K‘[01m[K_base[m[K’ was not declared in this scope
  226 | [01;31m[KPLUGINLIB_EXPORT_CLASS[m[K(
      | [01;31m[K^~~~~~~~~~~~~~~~~~~~~~[m[K
[01m[K/home/orin/ros2_ws/src/diffbot_description/hardware/diffbot_system.cpp:226:1:[m[K [01;31m[Kerror: [m[Kno matching function for call to ‘[01m[KregisterPlugin<<expression error>, <expression error> >(const char [51], const char [36])[m[K’
  226 | [01;31m[KPLUGINLIB_EXPORT_CLASS[m[K(
      | [01;31m[K^~~~~~~~~~~~~~~~~~~~~~[m[K
In file included from [01m[K/opt/ros/humble/include/class_loader/class_loader/class_loader.hpp:55[m[K,
                 from [01m[K/opt/ros/humble/include/pluginlib/pluginlib/class_list_macros.hpp:40[m[K,
                 from [01m[K/home/orin/ros2_ws/src/diffbot_description/hardware/diffbot_system.cpp:225[m[K:
[01m[K/opt/ros/humble/include/class_loader/class_loader/class_loader_core.hpp:210:6:[m[K [01;36m[Knote: [m[Kcandidate: ‘[01m[Ktemplate<class Derived, class Base> void class_loader::impl::registerPlugin(const string&, const string&)[m[K’
  210 | void [01;36m[KregisterPlugin[m[K(const std::string & class_name, const std::string & base_class_name)
      |      [01;36m[K^~~~~~~~~~~~~~[m[K
[01m[K/opt/ros/humble/include/class_loader/class_loader/class_loader_core.hpp:210:6:[m[K [01;36m[Knote: [m[K  template argument deduction/substitution failed:
In file included from [01m[K/opt/ros/humble/include/class_loader/class_loader/class_loader.hpp:56[m[K,
                 from [01m[K/opt/ros/humble/include/pluginlib/pluginlib/class_list_macros.hpp:40[m[K,
                 from [01m[K/home/orin/ros2_ws/src/diffbot_description/hardware/diffbot_system.cpp:225[m[K:
[01m[K/home/orin/ros2_ws/src/diffbot_description/hardware/diffbot_system.cpp:226:1:[m[K [01;31m[Kerror: [m[Ktemplate argument 1 is invalid
  226 | [01;31m[KPLUGINLIB_EXPORT_CLASS[m[K(
      | [01;31m[K^~~~~~~~~~~~~~~~~~~~~~[m[K
[01m[K/home/orin/ros2_ws/src/diffbot_description/hardware/diffbot_system.cpp:226:1:[m[K [01;31m[Kerror: [m[Ktemplate argument 2 is invalid
gmake[2]: *** [CMakeFiles/diffbot_description.dir/build.make:76: CMakeFiles/diffbot_description.dir/hardware/diffbot_system.cpp.o] Error 1
gmake[1]: *** [CMakeFiles/Makefile2:137: CMakeFiles/diffbot_description.dir/all] Error 2
gmake: *** [Makefile:146: all] Error 2
