[0.029s] Invoking command in '/home/orin/ros2_ws/build/diffbot_description': CMAKE_PREFIX_PATH=/opt/ros/humble /usr/bin/cmake --build /home/orin/ros2_ws/build/diffbot_description -- -j6 -l6
[0.135s] [35m[1mConsolidate compiler generated dependencies of target diffbot_description[0m
[0.182s] [ 50%] [32mBuilding CXX object CMakeFiles/diffbot_description.dir/hardware/diffbot_system.cpp.o[0m
[5.615s] [01m[K/home/orin/ros2_ws/src/diffbot_description/hardware/diffbot_system.cpp:32:21:[m[K [01;31m[Kerror: [m[K‘[01m[KCallbackReturn[m[K’ in namespace ‘[01m[Khardware_interface[m[K’ does not name a type
[5.616s]    32 | hardware_interface::[01;31m[KCallbackReturn[m[K DiffBotSystemHardware::on_init(
[5.616s]       |                     [01;31m[K^~~~~~~~~~~~~~[m[K
[5.617s] [01m[K/home/orin/ros2_ws/src/diffbot_description/hardware/diffbot_system.cpp:105:33:[m[K [01;31m[Kerror: [m[K‘[01m[KStateInterface[m[K’ is not a member of ‘[01m[Khardware_interface[m[K’
[5.617s]   105 | std::vector<hardware_interface::[01;31m[KStateInterface[m[K> DiffBotSystemHardware::export_state_interfaces()
[5.617s]       |                                 [01;31m[K^~~~~~~~~~~~~~[m[K
[5.617s] [01m[K/home/orin/ros2_ws/src/diffbot_description/hardware/diffbot_system.cpp:105:47:[m[K [01;31m[Kerror: [m[Ktemplate argument 1 is invalid
[5.617s]   105 | std::vector<hardware_interface::StateInterface[01;31m[K>[m[K DiffBotSystemHardware::export_state_interfaces()
[5.617s]       |                                               [01;31m[K^[m[K
[5.618s] [01m[K/home/orin/ros2_ws/src/diffbot_description/hardware/diffbot_system.cpp:105:47:[m[K [01;31m[Kerror: [m[Ktemplate argument 2 is invalid
[5.618s] [01m[K/home/orin/ros2_ws/src/diffbot_description/hardware/diffbot_system.cpp:105:49:[m[K [01;31m[Kerror: [m[K‘[01m[KDiffBotSystemHardware[m[K’ has not been declared
[5.618s]   105 | std::vector<hardware_interface::StateInterface> [01;31m[KDiffBotSystemHardware[m[K::export_state_interfaces()
[5.618s]       |                                                 [01;31m[K^~~~~~~~~~~~~~~~~~~~~[m[K
[5.618s] [01m[K/home/orin/ros2_ws/src/diffbot_description/hardware/diffbot_system.cpp:[m[K In function ‘[01m[Kint diffbot_description::export_state_interfaces()[m[K’:
[5.618s] [01m[K/home/orin/ros2_ws/src/diffbot_description/hardware/diffbot_system.cpp:107:35:[m[K [01;31m[Kerror: [m[K‘[01m[KStateInterface[m[K’ is not a member of ‘[01m[Khardware_interface[m[K’
[5.619s]   107 |   std::vector<hardware_interface::[01;31m[KStateInterface[m[K> state_interfaces;
[5.619s]       |                                   [01;31m[K^~~~~~~~~~~~~~[m[K
[5.619s] [01m[K/home/orin/ros2_ws/src/diffbot_description/hardware/diffbot_system.cpp:107:49:[m[K [01;31m[Kerror: [m[Ktemplate argument 1 is invalid
[5.619s]   107 |   std::vector<hardware_interface::StateInterface[01;31m[K>[m[K state_interfaces;
[5.619s]       |                                                 [01;31m[K^[m[K
[5.619s] [01m[K/home/orin/ros2_ws/src/diffbot_description/hardware/diffbot_system.cpp:107:49:[m[K [01;31m[Kerror: [m[Ktemplate argument 2 is invalid
[5.627s] [01m[K/home/orin/ros2_ws/src/diffbot_description/hardware/diffbot_system.cpp:108:25:[m[K [01;31m[Kerror: [m[K‘[01m[Kinfo_[m[K’ was not declared in this scope
[5.627s]   108 |   for (auto i = 0u; i < [01;31m[Kinfo_[m[K.joints.size(); i++)
[5.627s]       |                         [01;31m[K^~~~~[m[K
[5.627s] [01m[K/home/orin/ros2_ws/src/diffbot_description/hardware/diffbot_system.cpp:110:22:[m[K [01;31m[Kerror: [m[Krequest for member ‘[01m[Kemplace_back[m[K’ in ‘[01m[Kstate_interfaces[m[K’, which is of non-class type ‘[01m[Kint[m[K’
[5.627s]   110 |     state_interfaces.[01;31m[Kemplace_back[m[K(hardware_interface::StateInterface(
[5.628s]       |                      [01;31m[K^~~~~~~~~~~~[m[K
[5.628s] [01m[K/home/orin/ros2_ws/src/diffbot_description/hardware/diffbot_system.cpp:110:55:[m[K [01;31m[Kerror: [m[K‘[01m[KStateInterface[m[K’ is not a member of ‘[01m[Khardware_interface[m[K’
[5.628s]   110 |     state_interfaces.emplace_back(hardware_interface::[01;31m[KStateInterface[m[K(
[5.628s]       |                                                       [01;31m[K^~~~~~~~~~~~~~[m[K
[5.639s] [01m[K/home/orin/ros2_ws/src/diffbot_description/hardware/diffbot_system.cpp:111:66:[m[K [01;31m[Kerror: [m[K‘[01m[Khw_positions_[m[K’ was not declared in this scope
[5.639s]   111 |       info_.joints[i].name, hardware_interface::HW_IF_POSITION, &[01;31m[Khw_positions_[m[K[i]));
[5.639s]       |                                                                  [01;31m[K^~~~~~~~~~~~~[m[K
[5.639s] [01m[K/home/orin/ros2_ws/src/diffbot_description/hardware/diffbot_system.cpp:112:22:[m[K [01;31m[Kerror: [m[Krequest for member ‘[01m[Kemplace_back[m[K’ in ‘[01m[Kstate_interfaces[m[K’, which is of non-class type ‘[01m[Kint[m[K’
[5.640s]   112 |     state_interfaces.[01;31m[Kemplace_back[m[K(hardware_interface::StateInterface(
[5.640s]       |                      [01;31m[K^~~~~~~~~~~~[m[K
[5.640s] [01m[K/home/orin/ros2_ws/src/diffbot_description/hardware/diffbot_system.cpp:112:55:[m[K [01;31m[Kerror: [m[K‘[01m[KStateInterface[m[K’ is not a member of ‘[01m[Khardware_interface[m[K’
[5.640s]   112 |     state_interfaces.emplace_back(hardware_interface::[01;31m[KStateInterface[m[K(
[5.640s]       |                                                       [01;31m[K^~~~~~~~~~~~~~[m[K
[5.650s] [01m[K/home/orin/ros2_ws/src/diffbot_description/hardware/diffbot_system.cpp:113:66:[m[K [01;31m[Kerror: [m[K‘[01m[Khw_velocities_[m[K’ was not declared in this scope
[5.650s]   113 |       info_.joints[i].name, hardware_interface::HW_IF_VELOCITY, &[01;31m[Khw_velocities_[m[K[i]));
[5.650s]       |                                                                  [01;31m[K^~~~~~~~~~~~~~[m[K
[5.651s] [01m[K/home/orin/ros2_ws/src/diffbot_description/hardware/diffbot_system.cpp:[m[K At global scope:
[5.651s] [01m[K/home/orin/ros2_ws/src/diffbot_description/hardware/diffbot_system.cpp:119:33:[m[K [01;31m[Kerror: [m[K‘[01m[KCommandInterface[m[K’ is not a member of ‘[01m[Khardware_interface[m[K’
[5.651s]   119 | std::vector<hardware_interface::[01;31m[KCommandInterface[m[K> DiffBotSystemHardware::export_command_interfaces()
[5.651s]       |                                 [01;31m[K^~~~~~~~~~~~~~~~[m[K
[5.652s] [01m[K/home/orin/ros2_ws/src/diffbot_description/hardware/diffbot_system.cpp:119:49:[m[K [01;31m[Kerror: [m[Ktemplate argument 1 is invalid
[5.652s]   119 | std::vector<hardware_interface::CommandInterface[01;31m[K>[m[K DiffBotSystemHardware::export_command_interfaces()
[5.652s]       |                                                 [01;31m[K^[m[K
[5.652s] [01m[K/home/orin/ros2_ws/src/diffbot_description/hardware/diffbot_system.cpp:119:49:[m[K [01;31m[Kerror: [m[Ktemplate argument 2 is invalid
[5.652s] [01m[K/home/orin/ros2_ws/src/diffbot_description/hardware/diffbot_system.cpp:119:51:[m[K [01;31m[Kerror: [m[K‘[01m[KDiffBotSystemHardware[m[K’ has not been declared
[5.652s]   119 | std::vector<hardware_interface::CommandInterface> [01;31m[KDiffBotSystemHardware[m[K::export_command_interfaces()
[5.652s]       |                                                   [01;31m[K^~~~~~~~~~~~~~~~~~~~~[m[K
[5.653s] [01m[K/home/orin/ros2_ws/src/diffbot_description/hardware/diffbot_system.cpp:[m[K In function ‘[01m[Kint diffbot_description::export_command_interfaces()[m[K’:
[5.653s] [01m[K/home/orin/ros2_ws/src/diffbot_description/hardware/diffbot_system.cpp:121:35:[m[K [01;31m[Kerror: [m[K‘[01m[KCommandInterface[m[K’ is not a member of ‘[01m[Khardware_interface[m[K’
[5.653s]   121 |   std::vector<hardware_interface::[01;31m[KCommandInterface[m[K> command_interfaces;
[5.653s]       |                                   [01;31m[K^~~~~~~~~~~~~~~~[m[K
[5.653s] [01m[K/home/orin/ros2_ws/src/diffbot_description/hardware/diffbot_system.cpp:121:51:[m[K [01;31m[Kerror: [m[Ktemplate argument 1 is invalid
[5.653s]   121 |   std::vector<hardware_interface::CommandInterface[01;31m[K>[m[K command_interfaces;
[5.653s]       |                                                   [01;31m[K^[m[K
[5.654s] [01m[K/home/orin/ros2_ws/src/diffbot_description/hardware/diffbot_system.cpp:121:51:[m[K [01;31m[Kerror: [m[Ktemplate argument 2 is invalid
[5.659s] [01m[K/home/orin/ros2_ws/src/diffbot_description/hardware/diffbot_system.cpp:122:25:[m[K [01;31m[Kerror: [m[K‘[01m[Kinfo_[m[K’ was not declared in this scope
[5.659s]   122 |   for (auto i = 0u; i < [01;31m[Kinfo_[m[K.joints.size(); i++)
[5.659s]       |                         [01;31m[K^~~~~[m[K
[5.660s] [01m[K/home/orin/ros2_ws/src/diffbot_description/hardware/diffbot_system.cpp:124:24:[m[K [01;31m[Kerror: [m[Krequest for member ‘[01m[Kemplace_back[m[K’ in ‘[01m[Kcommand_interfaces[m[K’, which is of non-class type ‘[01m[Kint[m[K’
[5.660s]   124 |     command_interfaces.[01;31m[Kemplace_back[m[K(hardware_interface::CommandInterface(
[5.660s]       |                        [01;31m[K^~~~~~~~~~~~[m[K
[5.660s] [01m[K/home/orin/ros2_ws/src/diffbot_description/hardware/diffbot_system.cpp:124:57:[m[K [01;31m[Kerror: [m[K‘[01m[KCommandInterface[m[K’ is not a member of ‘[01m[Khardware_interface[m[K’
[5.660s]   124 |     command_interfaces.emplace_back(hardware_interface::[01;31m[KCommandInterface[m[K(
[5.660s]       |                                                         [01;31m[K^~~~~~~~~~~~~~~~[m[K
[5.670s] [01m[K/home/orin/ros2_ws/src/diffbot_description/hardware/diffbot_system.cpp:125:66:[m[K [01;31m[Kerror: [m[K‘[01m[Khw_commands_[m[K’ was not declared in this scope
[5.670s]   125 |       info_.joints[i].name, hardware_interface::HW_IF_VELOCITY, &[01;31m[Khw_commands_[m[K[i]));
[5.670s]       |                                                                  [01;31m[K^~~~~~~~~~~~[m[K
[5.670s] [01m[K/home/orin/ros2_ws/src/diffbot_description/hardware/diffbot_system.cpp:[m[K At global scope:
[5.670s] [01m[K/home/orin/ros2_ws/src/diffbot_description/hardware/diffbot_system.cpp:131:21:[m[K [01;31m[Kerror: [m[K‘[01m[KCallbackReturn[m[K’ in namespace ‘[01m[Khardware_interface[m[K’ does not name a type
[5.671s]   131 | hardware_interface::[01;31m[KCallbackReturn[m[K DiffBotSystemHardware::on_activate(
[5.671s]       |                     [01;31m[K^~~~~~~~~~~~~~[m[K
[5.671s] [01m[K/home/orin/ros2_ws/src/diffbot_description/hardware/diffbot_system.cpp:160:21:[m[K [01;31m[Kerror: [m[K‘[01m[KCallbackReturn[m[K’ in namespace ‘[01m[Khardware_interface[m[K’ does not name a type
[5.671s]   160 | hardware_interface::[01;31m[KCallbackReturn[m[K DiffBotSystemHardware::on_deactivate(
[5.671s]       |                     [01;31m[K^~~~~~~~~~~~~~[m[K
[5.671s] [01m[K/home/orin/ros2_ws/src/diffbot_description/hardware/diffbot_system.cpp:178:21:[m[K [01;31m[Kerror: [m[K‘[01m[Kreturn_type[m[K’ in namespace ‘[01m[Khardware_interface[m[K’ does not name a type
[5.672s]   178 | hardware_interface::[01;31m[Kreturn_type[m[K DiffBotSystemHardware::read(
[5.672s]       |                     [01;31m[K^~~~~~~~~~~[m[K
[5.672s] [01m[K/home/orin/ros2_ws/src/diffbot_description/hardware/diffbot_system.cpp:203:21:[m[K [01;31m[Kerror: [m[K‘[01m[Kreturn_type[m[K’ in namespace ‘[01m[Khardware_interface[m[K’ does not name a type
[5.672s]   203 | hardware_interface::[01;31m[Kreturn_type[m[K ros2_control_demo_example_2 ::DiffBotSystemHardware::write(
[5.672s]       |                     [01;31m[K^~~~~~~~~~~[m[K
[5.704s] In file included from [01m[K/opt/ros/humble/include/class_loader/class_loader/class_loader.hpp:56[m[K,
[5.704s]                  from [01m[K/opt/ros/humble/include/pluginlib/pluginlib/class_list_macros.hpp:40[m[K,
[5.704s]                  from [01m[K/home/orin/ros2_ws/src/diffbot_description/hardware/diffbot_system.cpp:225[m[K:
[5.704s] [01m[K/home/orin/ros2_ws/src/diffbot_description/hardware/diffbot_system.cpp:227:3:[m[K [01;31m[Kerror: [m[K‘[01m[Kros2_control_demo_example_2[m[K’ does not name a type
[5.704s]   227 |   [01;31m[Kros2_control_demo_example_2[m[K::DiffBotSystemHardware, hardware_interface::SystemInterface)
[5.704s]       |   [01;31m[K^~~~~~~~~~~~~~~~~~~~~~~~~~~[m[K
[5.705s] [01m[K/home/orin/ros2_ws/src/diffbot_description/hardware/diffbot_system.cpp:227:75:[m[K [01;31m[Kerror: [m[K‘[01m[KSystemInterface[m[K’ in namespace ‘[01m[Khardware_interface[m[K’ does not name a type
[5.705s]   227 |   ros2_control_demo_example_2::DiffBotSystemHardware, hardware_interface::[01;31m[KSystemInterface[m[K)
[5.705s]       |                                                                           [01;31m[K^~~~~~~~~~~~~~~[m[K
[5.722s] [01m[K/home/orin/ros2_ws/src/diffbot_description/hardware/diffbot_system.cpp:[m[K In constructor ‘[01m[K{anonymous}::ProxyExec0::ProxyExec0()[m[K’:
[5.722s] [01m[K/home/orin/ros2_ws/src/diffbot_description/hardware/diffbot_system.cpp:226:1:[m[K [01;31m[Kerror: [m[K‘[01m[K_derived[m[K’ was not declared in this scope
[5.722s]   226 | [01;31m[KPLUGINLIB_EXPORT_CLASS[m[K(
[5.722s]       | [01;31m[K^~~~~~~~~~~~~~~~~~~~~~[m[K
[5.733s] [01m[K/home/orin/ros2_ws/src/diffbot_description/hardware/diffbot_system.cpp:226:1:[m[K [01;31m[Kerror: [m[K‘[01m[K_base[m[K’ was not declared in this scope
[5.734s]   226 | [01;31m[KPLUGINLIB_EXPORT_CLASS[m[K(
[5.734s]       | [01;31m[K^~~~~~~~~~~~~~~~~~~~~~[m[K
[5.734s] [01m[K/home/orin/ros2_ws/src/diffbot_description/hardware/diffbot_system.cpp:226:1:[m[K [01;31m[Kerror: [m[Kno matching function for call to ‘[01m[KregisterPlugin<<expression error>, <expression error> >(const char [51], const char [36])[m[K’
[5.734s]   226 | [01;31m[KPLUGINLIB_EXPORT_CLASS[m[K(
[5.734s]       | [01;31m[K^~~~~~~~~~~~~~~~~~~~~~[m[K
[5.735s] In file included from [01m[K/opt/ros/humble/include/class_loader/class_loader/class_loader.hpp:55[m[K,
[5.735s]                  from [01m[K/opt/ros/humble/include/pluginlib/pluginlib/class_list_macros.hpp:40[m[K,
[5.735s]                  from [01m[K/home/orin/ros2_ws/src/diffbot_description/hardware/diffbot_system.cpp:225[m[K:
[5.735s] [01m[K/opt/ros/humble/include/class_loader/class_loader/class_loader_core.hpp:210:6:[m[K [01;36m[Knote: [m[Kcandidate: ‘[01m[Ktemplate<class Derived, class Base> void class_loader::impl::registerPlugin(const string&, const string&)[m[K’
[5.735s]   210 | void [01;36m[KregisterPlugin[m[K(const std::string & class_name, const std::string & base_class_name)
[5.735s]       |      [01;36m[K^~~~~~~~~~~~~~[m[K
[5.735s] [01m[K/opt/ros/humble/include/class_loader/class_loader/class_loader_core.hpp:210:6:[m[K [01;36m[Knote: [m[K  template argument deduction/substitution failed:
[5.735s] In file included from [01m[K/opt/ros/humble/include/class_loader/class_loader/class_loader.hpp:56[m[K,
[5.736s]                  from [01m[K/opt/ros/humble/include/pluginlib/pluginlib/class_list_macros.hpp:40[m[K,
[5.736s]                  from [01m[K/home/orin/ros2_ws/src/diffbot_description/hardware/diffbot_system.cpp:225[m[K:
[5.736s] [01m[K/home/orin/ros2_ws/src/diffbot_description/hardware/diffbot_system.cpp:226:1:[m[K [01;31m[Kerror: [m[Ktemplate argument 1 is invalid
[5.737s]   226 | [01;31m[KPLUGINLIB_EXPORT_CLASS[m[K(
[5.737s]       | [01;31m[K^~~~~~~~~~~~~~~~~~~~~~[m[K
[5.737s] [01m[K/home/orin/ros2_ws/src/diffbot_description/hardware/diffbot_system.cpp:226:1:[m[K [01;31m[Kerror: [m[Ktemplate argument 2 is invalid
[6.726s] gmake[2]: *** [CMakeFiles/diffbot_description.dir/build.make:76: CMakeFiles/diffbot_description.dir/hardware/diffbot_system.cpp.o] Error 1
[6.727s] gmake[1]: *** [CMakeFiles/Makefile2:137: CMakeFiles/diffbot_description.dir/all] Error 2
[6.727s] gmake: *** [Makefile:146: all] Error 2
[6.736s] Invoked command in '/home/orin/ros2_ws/build/diffbot_description' returned '2': CMAKE_PREFIX_PATH=/opt/ros/humble /usr/bin/cmake --build /home/orin/ros2_ws/build/diffbot_description -- -j6 -l6
