[0.028s] Invoking command in '/home/orin/ros2_ws/build/my_bot_description': CMAKE_PREFIX_PATH=/opt/ros/humble /usr/bin/cmake --build /home/orin/ros2_ws/build/my_bot_description -- -j6 -l6
[0.277s] [100%] Built target my_bot_description
[0.307s] Invoked command in '/home/orin/ros2_ws/build/my_bot_description' returned '0': CMAKE_PREFIX_PATH=/opt/ros/humble /usr/bin/cmake --build /home/orin/ros2_ws/build/my_bot_description -- -j6 -l6
[0.383s] Invoking command in '/home/orin/ros2_ws/build/my_bot_description': CMAKE_PREFIX_PATH=/opt/ros/humble /usr/bin/cmake --install /home/orin/ros2_ws/build/my_bot_description
[0.404s] -- Install configuration: ""
[0.404s] -- Up-to-date: /home/orin/ros2_ws/install/my_bot_description/share/my_bot_description/my_bot_ros2_control.xml
[0.404s] -- Up-to-date: /home/orin/ros2_ws/install/my_bot_description/share/my_bot_description/config
[0.405s] -- Up-to-date: /home/orin/ros2_ws/install/my_bot_description/share/my_bot_description/config/my_controllers.yaml
[0.405s] -- Up-to-date: /home/orin/ros2_ws/install/my_bot_description/share/my_bot_description/config/my_bot
[0.406s] -- Up-to-date: /home/orin/ros2_ws/install/my_bot_description/share/my_bot_description/config/my_bot/base.yaml
[0.406s] -- Up-to-date: /home/orin/ros2_ws/install/my_bot_description/share/my_bot_description/config/my_bot/motor.yaml
[0.406s] -- Up-to-date: /home/orin/ros2_ws/install/my_bot_description/share/my_bot_description/config/my_bot/front_wheel.yaml
[0.406s] -- Up-to-date: /home/orin/ros2_ws/install/my_bot_description/share/my_bot_description/config/my_bot/back_wheel.yaml
[0.406s] -- Up-to-date: /home/orin/ros2_ws/install/my_bot_description/share/my_bot_description/config/my_bot/wheel.yaml
[0.407s] -- Up-to-date: /home/orin/ros2_ws/install/my_bot_description/share/my_bot_description/config/my_bot/imu.yaml
[0.407s] -- Up-to-date: /home/orin/ros2_ws/install/my_bot_description/share/my_bot_description/config/my_bot/sensors.yaml
[0.407s] -- Up-to-date: /home/orin/ros2_ws/install/my_bot_description/share/my_bot_description/config/twist_mux.yaml
[0.407s] -- Up-to-date: /home/orin/ros2_ws/install/my_bot_description/share/my_bot_description/description
[0.407s] -- Up-to-date: /home/orin/ros2_ws/install/my_bot_description/share/my_bot_description/description/ros2_control
[0.407s] -- Up-to-date: /home/orin/ros2_ws/install/my_bot_description/share/my_bot_description/description/ros2_control/my_bot_ros2_control.xacro
[0.407s] -- Up-to-date: /home/orin/ros2_ws/install/my_bot_description/share/my_bot_description/description/ros2_control/ros2_control.xacro
[0.408s] -- Up-to-date: /home/orin/ros2_ws/install/my_bot_description/share/my_bot_description/description/robot.urdf.xacro
[0.408s] -- Up-to-date: /home/orin/ros2_ws/install/my_bot_description/share/my_bot_description/description/imu.xacro
[0.409s] -- Up-to-date: /home/orin/ros2_ws/install/my_bot_description/share/my_bot_description/description/my_bot.urdf.xacro
[0.409s] -- Up-to-date: /home/orin/ros2_ws/install/my_bot_description/share/my_bot_description/description/depth_camera.xacro
[0.409s] -- Up-to-date: /home/orin/ros2_ws/install/my_bot_description/share/my_bot_description/description/robot.urdf
[0.409s] -- Up-to-date: /home/orin/ros2_ws/install/my_bot_description/share/my_bot_description/description/meshes
[0.410s] -- Up-to-date: /home/orin/ros2_ws/install/my_bot_description/share/my_bot_description/description/meshes/components
[0.410s] -- Up-to-date: /home/orin/ros2_ws/install/my_bot_description/share/my_bot_description/description/meshes/components/wheel.stl
[0.411s] -- Up-to-date: /home/orin/ros2_ws/install/my_bot_description/share/my_bot_description/description/meshes/sensors
[0.412s] -- Up-to-date: /home/orin/ros2_ws/install/my_bot_description/share/my_bot_description/description/meshes/sensors/rplidar_main.stl
[0.412s] -- Up-to-date: /home/orin/ros2_ws/install/my_bot_description/share/my_bot_description/description/meshes/sensors/OAK-D-LITE.stl
[0.412s] -- Up-to-date: /home/orin/ros2_ws/install/my_bot_description/share/my_bot_description/description/meshes/my_bot
[0.412s] -- Up-to-date: /home/orin/ros2_ws/install/my_bot_description/share/my_bot_description/description/meshes/my_bot/wheel_rim.stl
[0.413s] -- Up-to-date: /home/orin/ros2_ws/install/my_bot_description/share/my_bot_description/description/meshes/my_bot/dead_plate.stl
[0.413s] -- Up-to-date: /home/orin/ros2_ws/install/my_bot_description/share/my_bot_description/description/meshes/my_bot/bottom_plate.stl
[0.413s] -- Up-to-date: /home/orin/ros2_ws/install/my_bot_description/share/my_bot_description/description/meshes/my_bot/bottom_plate_original.stl
[0.413s] -- Up-to-date: /home/orin/ros2_ws/install/my_bot_description/share/my_bot_description/description/meshes/my_bot/top_plate.stl
[0.413s] -- Up-to-date: /home/orin/ros2_ws/install/my_bot_description/share/my_bot_description/description/meshes/my_bot/wheel_tire.stl
[0.414s] -- Up-to-date: /home/orin/ros2_ws/install/my_bot_description/share/my_bot_description/description/meshes/my_bot/motor.stl
[0.414s] -- Up-to-date: /home/orin/ros2_ws/install/my_bot_description/share/my_bot_description/description/inertial_macros.xacro
[0.414s] -- Up-to-date: /home/orin/ros2_ws/install/my_bot_description/share/my_bot_description/description/robot_core.xacro
[0.414s] -- Up-to-date: /home/orin/ros2_ws/install/my_bot_description/share/my_bot_description/description/camera.xacro
[0.414s] -- Up-to-date: /home/orin/ros2_ws/install/my_bot_description/share/my_bot_description/description/lidar.xacro
[0.415s] -- Up-to-date: /home/orin/ros2_ws/install/my_bot_description/share/my_bot_description/ros2_control
[0.415s] -- Up-to-date: /home/orin/ros2_ws/install/my_bot_description/share/my_bot_description/ros2_control/my_bot_ros2_control.xacro
[0.415s] -- Up-to-date: /home/orin/ros2_ws/install/my_bot_description/share/my_bot_description/ros2_control/ros2_control.xacro
[0.415s] -- Up-to-date: /home/orin/ros2_ws/install/my_bot_description/share/my_bot_description/launch
[0.415s] -- Up-to-date: /home/orin/ros2_ws/install/my_bot_description/share/my_bot_description/launch/displaytest.launch.py
[0.415s] -- Up-to-date: /home/orin/ros2_ws/install/my_bot_description/share/my_bot_description/launch/rsp.launch.py
[0.415s] -- Installing: /home/orin/ros2_ws/install/my_bot_description/share/my_bot_description/launch/display.launch.py
[0.416s] -- Up-to-date: /home/orin/ros2_ws/install/my_bot_description/share/my_bot_description/worlds
[0.416s] -- Up-to-date: /home/orin/ros2_ws/install/my_bot_description/share/my_bot_description/worlds/empty.world
[0.416s] -- Up-to-date: /home/orin/ros2_ws/install/my_bot_description/share/my_bot_description/worlds/obstacles.world
[0.416s] -- Up-to-date: /home/orin/ros2_ws/install/my_bot_description/share/my_bot_description/hardware
[0.416s] -- Up-to-date: /home/orin/ros2_ws/install/my_bot_description/share/my_bot_description/hardware/diffbot_system.cpp
[0.416s] -- Up-to-date: /home/orin/ros2_ws/install/my_bot_description/share/my_bot_description/hardware/ROSArduinoBridge.ino
[0.417s] -- Up-to-date: /home/orin/ros2_ws/install/my_bot_description/share/my_bot_description/hardware/ROSArduinoBridge
[0.417s] -- Up-to-date: /home/orin/ros2_ws/install/my_bot_description/share/my_bot_description/hardware/ROSArduinoBridge/servos.ino
[0.417s] -- Up-to-date: /home/orin/ros2_ws/install/my_bot_description/share/my_bot_description/hardware/ROSArduinoBridge/encoder_driver.h
[0.417s] -- Up-to-date: /home/orin/ros2_ws/install/my_bot_description/share/my_bot_description/hardware/ROSArduinoBridge/sensors.h
[0.417s] -- Up-to-date: /home/orin/ros2_ws/install/my_bot_description/share/my_bot_description/hardware/ROSArduinoBridge/encoder_driver.ino
[0.417s] -- Up-to-date: /home/orin/ros2_ws/install/my_bot_description/share/my_bot_description/hardware/ROSArduinoBridge/commands.h
[0.417s] -- Up-to-date: /home/orin/ros2_ws/install/my_bot_description/share/my_bot_description/hardware/ROSArduinoBridge/ROSArduinoBridge.ino
[0.418s] -- Up-to-date: /home/orin/ros2_ws/install/my_bot_description/share/my_bot_description/hardware/ROSArduinoBridge/diff_controller.h
[0.419s] -- Up-to-date: /home/orin/ros2_ws/install/my_bot_description/share/my_bot_description/hardware/ROSArduinoBridge/motor_driver.ino
[0.420s] -- Up-to-date: /home/orin/ros2_ws/install/my_bot_description/share/my_bot_description/hardware/ROSArduinoBridge/motor_driver.h
[0.421s] -- Up-to-date: /home/orin/ros2_ws/install/my_bot_description/share/my_bot_description/hardware/ROSArduinoBridge/.encoder_driver.h.swp
[0.422s] -- Up-to-date: /home/orin/ros2_ws/install/my_bot_description/share/my_bot_description/hardware/ROSArduinoBridge/servos.h
[0.422s] -- Up-to-date: /home/orin/ros2_ws/install/my_bot_description/share/my_bot_description/hardware/include
[0.422s] -- Up-to-date: /home/orin/ros2_ws/install/my_bot_description/share/my_bot_description/hardware/include/my_bot_ros2_control
[0.422s] -- Up-to-date: /home/orin/ros2_ws/install/my_bot_description/share/my_bot_description/hardware/include/my_bot_ros2_control/diffbot_system.hpp
[0.422s] -- Up-to-date: /home/orin/ros2_ws/install/my_bot_description/share/my_bot_description/urdf
[0.423s] -- Up-to-date: /home/orin/ros2_ws/install/my_bot_description/share/my_bot_description/urdf/my_bot.urdf.xacro
[0.423s] -- Up-to-date: /home/orin/ros2_ws/install/my_bot_description/share/my_bot_description/urdf/include
[0.423s] -- Up-to-date: /home/orin/ros2_ws/install/my_bot_description/share/my_bot_description/urdf/include/addon_macro.urdf.xacro
[0.424s] -- Up-to-date: /home/orin/ros2_ws/install/my_bot_description/share/my_bot_description/urdf/include/common_macros.urdf.xacro
[0.424s] -- Up-to-date: /home/orin/ros2_ws/install/my_bot_description/share/my_bot_description/urdf/include/robot.gazebo.xacro
[0.424s] -- Up-to-date: /home/orin/ros2_ws/install/my_bot_description/share/my_bot_description/urdf/include/common_sensors.xacro
[0.424s] -- Up-to-date: /home/orin/ros2_ws/install/my_bot_description/share/my_bot_description/description
[0.425s] -- Up-to-date: /home/orin/ros2_ws/install/my_bot_description/share/my_bot_description/description/ros2_control
[0.425s] -- Up-to-date: /home/orin/ros2_ws/install/my_bot_description/share/my_bot_description/description/ros2_control/my_bot_ros2_control.xacro
[0.426s] -- Up-to-date: /home/orin/ros2_ws/install/my_bot_description/share/my_bot_description/description/ros2_control/ros2_control.xacro
[0.426s] -- Up-to-date: /home/orin/ros2_ws/install/my_bot_description/share/my_bot_description/description/robot.urdf.xacro
[0.426s] -- Up-to-date: /home/orin/ros2_ws/install/my_bot_description/share/my_bot_description/description/imu.xacro
[0.427s] -- Up-to-date: /home/orin/ros2_ws/install/my_bot_description/share/my_bot_description/description/my_bot.urdf.xacro
[0.427s] -- Up-to-date: /home/orin/ros2_ws/install/my_bot_description/share/my_bot_description/description/depth_camera.xacro
[0.427s] -- Up-to-date: /home/orin/ros2_ws/install/my_bot_description/share/my_bot_description/description/robot.urdf
[0.427s] -- Up-to-date: /home/orin/ros2_ws/install/my_bot_description/share/my_bot_description/description/meshes
[0.427s] -- Up-to-date: /home/orin/ros2_ws/install/my_bot_description/share/my_bot_description/description/meshes/components
[0.428s] -- Up-to-date: /home/orin/ros2_ws/install/my_bot_description/share/my_bot_description/description/meshes/components/wheel.stl
[0.428s] -- Up-to-date: /home/orin/ros2_ws/install/my_bot_description/share/my_bot_description/description/meshes/sensors
[0.428s] -- Up-to-date: /home/orin/ros2_ws/install/my_bot_description/share/my_bot_description/description/meshes/sensors/rplidar_main.stl
[0.428s] -- Up-to-date: /home/orin/ros2_ws/install/my_bot_description/share/my_bot_description/description/meshes/sensors/OAK-D-LITE.stl
[0.428s] -- Up-to-date: /home/orin/ros2_ws/install/my_bot_description/share/my_bot_description/description/meshes/my_bot
[0.429s] -- Up-to-date: /home/orin/ros2_ws/install/my_bot_description/share/my_bot_description/description/meshes/my_bot/wheel_rim.stl
[0.429s] -- Up-to-date: /home/orin/ros2_ws/install/my_bot_description/share/my_bot_description/description/meshes/my_bot/dead_plate.stl
[0.429s] -- Up-to-date: /home/orin/ros2_ws/install/my_bot_description/share/my_bot_description/description/meshes/my_bot/bottom_plate.stl
[0.429s] -- Up-to-date: /home/orin/ros2_ws/install/my_bot_description/share/my_bot_description/description/meshes/my_bot/bottom_plate_original.stl
[0.429s] -- Up-to-date: /home/orin/ros2_ws/install/my_bot_description/share/my_bot_description/description/meshes/my_bot/top_plate.stl
[0.430s] -- Up-to-date: /home/orin/ros2_ws/install/my_bot_description/share/my_bot_description/description/meshes/my_bot/wheel_tire.stl
[0.430s] -- Up-to-date: /home/orin/ros2_ws/install/my_bot_description/share/my_bot_description/description/meshes/my_bot/motor.stl
[0.430s] -- Up-to-date: /home/orin/ros2_ws/install/my_bot_description/share/my_bot_description/description/inertial_macros.xacro
[0.431s] -- Up-to-date: /home/orin/ros2_ws/install/my_bot_description/share/my_bot_description/description/robot_core.xacro
[0.431s] -- Up-to-date: /home/orin/ros2_ws/install/my_bot_description/share/my_bot_description/description/camera.xacro
[0.431s] -- Up-to-date: /home/orin/ros2_ws/install/my_bot_description/share/my_bot_description/description/lidar.xacro
[0.432s] -- Up-to-date: /home/orin/ros2_ws/install/my_bot_description/share/my_bot_description/config
[0.433s] -- Up-to-date: /home/orin/ros2_ws/install/my_bot_description/share/my_bot_description/config/my_controllers.yaml
[0.433s] -- Up-to-date: /home/orin/ros2_ws/install/my_bot_description/share/my_bot_description/config/my_bot
[0.433s] -- Up-to-date: /home/orin/ros2_ws/install/my_bot_description/share/my_bot_description/config/my_bot/base.yaml
[0.434s] -- Up-to-date: /home/orin/ros2_ws/install/my_bot_description/share/my_bot_description/config/my_bot/motor.yaml
[0.435s] -- Up-to-date: /home/orin/ros2_ws/install/my_bot_description/share/my_bot_description/config/my_bot/front_wheel.yaml
[0.435s] -- Up-to-date: /home/orin/ros2_ws/install/my_bot_description/share/my_bot_description/config/my_bot/back_wheel.yaml
[0.436s] -- Up-to-date: /home/orin/ros2_ws/install/my_bot_description/share/my_bot_description/config/my_bot/wheel.yaml
[0.436s] -- Up-to-date: /home/orin/ros2_ws/install/my_bot_description/share/my_bot_description/config/my_bot/imu.yaml
[0.437s] -- Up-to-date: /home/orin/ros2_ws/install/my_bot_description/share/my_bot_description/config/my_bot/sensors.yaml
[0.437s] -- Up-to-date: /home/orin/ros2_ws/install/my_bot_description/share/my_bot_description/config/twist_mux.yaml
[0.437s] -- Up-to-date: /home/orin/ros2_ws/install/my_bot_description/include/my_bot_description
[0.438s] -- Up-to-date: /home/orin/ros2_ws/install/my_bot_description/include/my_bot_description/my_bot_ros2_control
[0.438s] -- Up-to-date: /home/orin/ros2_ws/install/my_bot_description/include/my_bot_description/my_bot_ros2_control/diffbot_system.hpp
[0.438s] -- Up-to-date: /home/orin/ros2_ws/install/my_bot_description/share/ament_index/resource_index/package_run_dependencies/my_bot_description
[0.439s] -- Up-to-date: /home/orin/ros2_ws/install/my_bot_description/share/ament_index/resource_index/parent_prefix_path/my_bot_description
[0.440s] -- Up-to-date: /home/orin/ros2_ws/install/my_bot_description/share/my_bot_description/environment/ament_prefix_path.sh
[0.440s] -- Up-to-date: /home/orin/ros2_ws/install/my_bot_description/share/my_bot_description/environment/ament_prefix_path.dsv
[0.440s] -- Up-to-date: /home/orin/ros2_ws/install/my_bot_description/share/my_bot_description/environment/path.sh
[0.440s] -- Up-to-date: /home/orin/ros2_ws/install/my_bot_description/share/my_bot_description/environment/path.dsv
[0.441s] -- Up-to-date: /home/orin/ros2_ws/install/my_bot_description/share/my_bot_description/local_setup.bash
[0.442s] -- Up-to-date: /home/orin/ros2_ws/install/my_bot_description/share/my_bot_description/local_setup.sh
[0.442s] -- Up-to-date: /home/orin/ros2_ws/install/my_bot_description/share/my_bot_description/local_setup.zsh
[0.442s] -- Up-to-date: /home/orin/ros2_ws/install/my_bot_description/share/my_bot_description/local_setup.dsv
[0.443s] -- Installing: /home/orin/ros2_ws/install/my_bot_description/share/my_bot_description/package.dsv
[0.443s] -- Up-to-date: /home/orin/ros2_ws/install/my_bot_description/share/ament_index/resource_index/packages/my_bot_description
[0.443s] -- Up-to-date: /home/orin/ros2_ws/install/my_bot_description/share/ament_index/resource_index/hardware_interface__pluginlib__plugin/my_bot_description
[0.443s] -- Up-to-date: /home/orin/ros2_ws/install/my_bot_description/share/my_bot_description/cmake/my_bot_descriptionConfig.cmake
[0.444s] -- Up-to-date: /home/orin/ros2_ws/install/my_bot_description/share/my_bot_description/cmake/my_bot_descriptionConfig-version.cmake
[0.444s] -- Up-to-date: /home/orin/ros2_ws/install/my_bot_description/share/my_bot_description/package.xml
[0.444s] Invoked command in '/home/orin/ros2_ws/build/my_bot_description' returned '0': CMAKE_PREFIX_PATH=/opt/ros/humble /usr/bin/cmake --install /home/orin/ros2_ws/build/my_bot_description
