[2.368s] Invoking command in '/home/orin/ros2_ws/src/hcsr04_sensor': PYTHONPATH=/home/orin/ros2_ws/src/hcsr04_sensor/build/hcsr04_sensor/prefix_override:/usr/lib/python3/dist-packages/colcon_core/task/python/colcon_distutils_commands:/home/orin/ros2_ws/src/hcsr04_sensor/install/hcsr04_sensor/lib/python3.10/site-packages:${PYTHONPATH} /usr/bin/python3 -W ignore:setup.py install is deprecated setup.py egg_info --egg-base build/hcsr04_sensor build --build-base /home/orin/ros2_ws/src/hcsr04_sensor/build/hcsr04_sensor/build install --record /home/orin/ros2_ws/src/hcsr04_sensor/build/hcsr04_sensor/install.log --single-version-externally-managed install_data
[2.740s] /home/orin/.local/lib/python3.10/site-packages/setuptools/_distutils/dist.py:261: UserWarning: Unknown distribution option: 'tests_require'
[2.741s]   warnings.warn(msg)
[3.053s] running egg_info
[3.104s] writing build/hcsr04_sensor/hcsr04_sensor.egg-info/PKG-INFO
[3.105s] writing dependency_links to build/hcsr04_sensor/hcsr04_sensor.egg-info/dependency_links.txt
[3.105s] writing entry points to build/hcsr04_sensor/hcsr04_sensor.egg-info/entry_points.txt
[3.105s] writing requirements to build/hcsr04_sensor/hcsr04_sensor.egg-info/requires.txt
[3.106s] writing top-level names to build/hcsr04_sensor/hcsr04_sensor.egg-info/top_level.txt
[3.212s] reading manifest file 'build/hcsr04_sensor/hcsr04_sensor.egg-info/SOURCES.txt'
[3.217s] writing manifest file 'build/hcsr04_sensor/hcsr04_sensor.egg-info/SOURCES.txt'
[3.217s] running build
[3.217s] running build_py
[3.218s] copying hcsr04_sensor/__init__.py -> /home/orin/ros2_ws/src/hcsr04_sensor/build/hcsr04_sensor/build/lib/hcsr04_sensor
[3.218s] copying hcsr04_sensor/hcsr04_subscriber.py -> /home/orin/ros2_ws/src/hcsr04_sensor/build/hcsr04_sensor/build/lib/hcsr04_sensor
[3.219s] copying hcsr04_sensor/hcsr04_publisher.py -> /home/orin/ros2_ws/src/hcsr04_sensor/build/hcsr04_sensor/build/lib/hcsr04_sensor
[3.220s] running install
[3.229s] running install_lib
[3.282s] copying /home/orin/ros2_ws/src/hcsr04_sensor/build/hcsr04_sensor/build/lib/hcsr04_sensor/hcsr04_publisher.py -> /home/orin/ros2_ws/src/hcsr04_sensor/install/hcsr04_sensor/lib/python3.10/site-packages/hcsr04_sensor
[3.283s] byte-compiling /home/orin/ros2_ws/src/hcsr04_sensor/install/hcsr04_sensor/lib/python3.10/site-packages/hcsr04_sensor/hcsr04_publisher.py to hcsr04_publisher.cpython-310.pyc
[3.285s] running install_data
[3.286s] copying resource/hcsr04_sensor -> /home/orin/ros2_ws/src/hcsr04_sensor/install/hcsr04_sensor/share/ament_index/resource_index/packages
[3.287s] copying package.xml -> /home/orin/ros2_ws/src/hcsr04_sensor/install/hcsr04_sensor/share/hcsr04_sensor
[3.287s] running install_egg_info
[3.341s] removing '/home/orin/ros2_ws/src/hcsr04_sensor/install/hcsr04_sensor/lib/python3.10/site-packages/hcsr04_sensor-0.0.0-py3.10.egg-info' (and everything under it)
[3.342s] Copying build/hcsr04_sensor/hcsr04_sensor.egg-info to /home/orin/ros2_ws/src/hcsr04_sensor/install/hcsr04_sensor/lib/python3.10/site-packages/hcsr04_sensor-0.0.0-py3.10.egg-info
[3.381s] running install_scripts
[3.802s] Installing hcsr04_publisher script to /home/orin/ros2_ws/src/hcsr04_sensor/install/hcsr04_sensor/lib/hcsr04_sensor
[3.803s] writing list of installed files to '/home/orin/ros2_ws/src/hcsr04_sensor/build/hcsr04_sensor/install.log'
[3.878s] Invoked command in '/home/orin/ros2_ws/src/hcsr04_sensor' returned '0': PYTHONPATH=/home/orin/ros2_ws/src/hcsr04_sensor/build/hcsr04_sensor/prefix_override:/usr/lib/python3/dist-packages/colcon_core/task/python/colcon_distutils_commands:/home/orin/ros2_ws/src/hcsr04_sensor/install/hcsr04_sensor/lib/python3.10/site-packages:${PYTHONPATH} /usr/bin/python3 -W ignore:setup.py install is deprecated setup.py egg_info --egg-base build/hcsr04_sensor build --build-base /home/orin/ros2_ws/src/hcsr04_sensor/build/hcsr04_sensor/build install --record /home/orin/ros2_ws/src/hcsr04_sensor/build/hcsr04_sensor/install.log --single-version-externally-managed install_data
