[8.465s] Invoking command in '/home/orin/ros2_ws/build/examples_rclpy_minimal_action_server': PYTHONPATH=/home/orin/ros2_ws/build/examples_rclpy_minimal_action_server/prefix_override:/usr/lib/python3/dist-packages/colcon_core/task/python/colcon_distutils_commands:/home/orin/ros2_ws/install/examples_rclpy_minimal_action_server/lib/python3.10/site-packages:${PYTHONPATH} /usr/bin/python3 -W ignore:setup.py install is deprecated setup.py develop --editable --build-directory /home/orin/ros2_ws/build/examples_rclpy_minimal_action_server/build --no-deps symlink_data
[10.836s] /home/orin/.local/lib/python3.10/site-packages/setuptools/_distutils/dist.py:261: UserWarning: Unknown distribution option: 'tests_require'
[10.837s]   warnings.warn(msg)
[14.244s] /home/orin/.local/lib/python3.10/site-packages/setuptools/command/develop.py:41: EasyInstallDeprecationWarning: easy_install command is deprecated.
[14.244s] !!
[14.244s] 
[14.245s]         ********************************************************************************
[14.245s]         Please avoid running ``setup.py`` and ``easy_install``.
[14.245s]         Instead, use pypa/build, pypa/installer or other
[14.245s]         standards-based tools.
[14.245s] 
[14.245s]         See https://github.com/pypa/setuptools/issues/917 for details.
[14.245s]         ********************************************************************************
[14.245s] 
[14.246s] !!
[14.246s]   easy_install.initialize_options(self)
[14.252s] running develop
[17.695s] running egg_info
[17.778s] writing examples_rclpy_minimal_action_server.egg-info/PKG-INFO
[17.784s] writing dependency_links to examples_rclpy_minimal_action_server.egg-info/dependency_links.txt
[17.794s] writing entry points to examples_rclpy_minimal_action_server.egg-info/entry_points.txt
[17.796s] writing requirements to examples_rclpy_minimal_action_server.egg-info/requires.txt
[17.798s] writing top-level names to examples_rclpy_minimal_action_server.egg-info/top_level.txt
[18.963s] reading manifest file 'examples_rclpy_minimal_action_server.egg-info/SOURCES.txt'
[19.001s] writing manifest file 'examples_rclpy_minimal_action_server.egg-info/SOURCES.txt'
[19.534s] running build_ext
[19.537s] Creating /home/orin/ros2_ws/install/examples_rclpy_minimal_action_server/lib/python3.10/site-packages/examples-rclpy-minimal-action-server.egg-link (link to .)
[19.545s] Installing server script to /home/orin/ros2_ws/install/examples_rclpy_minimal_action_server/lib/examples_rclpy_minimal_action_server
[19.551s] Installing server_defer script to /home/orin/ros2_ws/install/examples_rclpy_minimal_action_server/lib/examples_rclpy_minimal_action_server
[19.555s] Installing server_not_composable script to /home/orin/ros2_ws/install/examples_rclpy_minimal_action_server/lib/examples_rclpy_minimal_action_server
[19.557s] Installing server_queue_goals script to /home/orin/ros2_ws/install/examples_rclpy_minimal_action_server/lib/examples_rclpy_minimal_action_server
[19.560s] Installing server_single_goal script to /home/orin/ros2_ws/install/examples_rclpy_minimal_action_server/lib/examples_rclpy_minimal_action_server
[19.564s] 
[19.565s] Installed /home/orin/ros2_ws/build/examples_rclpy_minimal_action_server
[19.566s] running symlink_data
[21.027s] Invoked command in '/home/orin/ros2_ws/build/examples_rclpy_minimal_action_server' returned '0': PYTHONPATH=/home/orin/ros2_ws/build/examples_rclpy_minimal_action_server/prefix_override:/usr/lib/python3/dist-packages/colcon_core/task/python/colcon_distutils_commands:/home/orin/ros2_ws/install/examples_rclpy_minimal_action_server/lib/python3.10/site-packages:${PYTHONPATH} /usr/bin/python3 -W ignore:setup.py install is deprecated setup.py develop --editable --build-directory /home/orin/ros2_ws/build/examples_rclpy_minimal_action_server/build --no-deps symlink_data
