[2.441s] Invoking command in '/home/orin/ros2_ws/src/teleop_motor': PYTHONPATH=/home/orin/ros2_ws/build/teleop_motor/prefix_override:/usr/lib/python3/dist-packages/colcon_core/task/python/colcon_distutils_commands:/home/orin/ros2_ws/install/teleop_motor/lib/python3.10/site-packages:${PYTHONPATH} /usr/bin/python3 -W ignore:setup.py install is deprecated -W ignore:easy_install command is deprecated setup.py egg_info --egg-base ../../build/teleop_motor build --build-base /home/orin/ros2_ws/build/teleop_motor/build install --record /home/orin/ros2_ws/build/teleop_motor/install.log --single-version-externally-managed install_data
[3.234s] running egg_info
[3.288s] writing ../../build/teleop_motor/teleop_motor.egg-info/PKG-INFO
[3.290s] writing dependency_links to ../../build/teleop_motor/teleop_motor.egg-info/dependency_links.txt
[3.291s] writing entry points to ../../build/teleop_motor/teleop_motor.egg-info/entry_points.txt
[3.292s] writing requirements to ../../build/teleop_motor/teleop_motor.egg-info/requires.txt
[3.292s] writing top-level names to ../../build/teleop_motor/teleop_motor.egg-info/top_level.txt
[3.408s] reading manifest file '../../build/teleop_motor/teleop_motor.egg-info/SOURCES.txt'
[3.411s] writing manifest file '../../build/teleop_motor/teleop_motor.egg-info/SOURCES.txt'
[3.411s] running build
[3.411s] running build_py
[3.412s] copying teleop_motor/__init__.py -> /home/orin/ros2_ws/build/teleop_motor/build/lib/teleop_motor
[3.412s] copying teleop_motor/teleop_motor.py -> /home/orin/ros2_ws/build/teleop_motor/build/lib/teleop_motor
[3.413s] running install
[3.423s] running install_lib
[3.481s] running install_data
[3.481s] copying resource/teleop_motor -> /home/orin/ros2_ws/install/teleop_motor/share/ament_index/resource_index/packages
[3.482s] copying package.xml -> /home/orin/ros2_ws/install/teleop_motor/share/teleop_motor
[3.482s] running install_egg_info
[3.543s] removing '/home/orin/ros2_ws/install/teleop_motor/lib/python3.10/site-packages/teleop_motor-0.0.0-py3.10.egg-info' (and everything under it)
[3.544s] Copying ../../build/teleop_motor/teleop_motor.egg-info to /home/orin/ros2_ws/install/teleop_motor/lib/python3.10/site-packages/teleop_motor-0.0.0-py3.10.egg-info
[3.545s] running install_scripts
[4.016s] Installing teleop_motor script to /home/orin/ros2_ws/install/teleop_motor/lib/teleop_motor
[4.016s] writing list of installed files to '/home/orin/ros2_ws/build/teleop_motor/install.log'
[4.097s] Invoked command in '/home/orin/ros2_ws/src/teleop_motor' returned '0': PYTHONPATH=/home/orin/ros2_ws/build/teleop_motor/prefix_override:/usr/lib/python3/dist-packages/colcon_core/task/python/colcon_distutils_commands:/home/orin/ros2_ws/install/teleop_motor/lib/python3.10/site-packages:${PYTHONPATH} /usr/bin/python3 -W ignore:setup.py install is deprecated -W ignore:easy_install command is deprecated setup.py egg_info --egg-base ../../build/teleop_motor build --build-base /home/orin/ros2_ws/build/teleop_motor/build install --record /home/orin/ros2_ws/build/teleop_motor/install.log --single-version-externally-managed install_data
