[1.437s] Invoking command in '/home/orin/ros2_ws/build/ros2_control_demo_example_1': AMENT_PREFIX_PATH=/home/orin/ros2_ws/install/ros2_control_demo_testing:/home/orin/ros2_ws/install/ros2_control_demo_description:${AMENT_PREFIX_PATH} CMAKE_PREFIX_PATH=/home/orin/ros2_ws/install/ros2_control_demo_description:/opt/ros/humble PYTHONPATH=/home/orin/ros2_ws/build/ros2_control_demo_testing:/home/orin/ros2_ws/install/ros2_control_demo_testing/lib/python3.10/site-packages:${PYTHONPATH} /usr/bin/cmake /home/orin/ros2_ws/src/ros2_control_demos/example_1 -DCMAKE_BUILD_TYPE=Release -DAMENT_CMAKE_SYMLINK_INSTALL=1 -DCMAKE_INSTALL_PREFIX=/home/orin/ros2_ws/install/ros2_control_demo_example_1
[2.729s] -- The CXX compiler identification is GNU 11.4.0
[3.148s] -- Detecting CXX compiler ABI info
[4.460s] -- Detecting CXX compiler ABI info - done
[4.613s] -- Check for working CXX compiler: /usr/bin/c++ - skipped
[4.624s] -- Detecting CXX compile features
[4.641s] -- Detecting CXX compile features - done
[5.070s] -- Found ament_cmake: 1.3.10 (/opt/ros/humble/share/ament_cmake/cmake)
[9.998s] -- Found Python3: /usr/bin/python3 (found version "3.10.12") found components: Interpreter 
[11.228s] -- Override CMake install command with custom implementation using symlinks instead of copying resources
[12.028s] -- Found hardware_interface: 2.43.1 (/opt/ros/humble/share/hardware_interface/cmake)
[13.100s] -- Found rosidl_generator_c: 3.1.5 (/opt/ros/humble/share/rosidl_generator_c/cmake)
[13.189s] -- Found rosidl_adapter: 3.1.5 (/opt/ros/humble/share/rosidl_adapter/cmake)
[13.404s] -- Found rosidl_generator_cpp: 3.1.5 (/opt/ros/humble/share/rosidl_generator_cpp/cmake)
[13.648s] -- Using all available rosidl_typesupport_c: rosidl_typesupport_fastrtps_c;rosidl_typesupport_introspection_c
[13.945s] -- Using all available rosidl_typesupport_cpp: rosidl_typesupport_fastrtps_cpp;rosidl_typesupport_introspection_cpp
[16.624s] -- Found rmw_implementation_cmake: 6.1.2 (/opt/ros/humble/share/rmw_implementation_cmake/cmake)
[16.670s] -- Found rmw_fastrtps_cpp: 6.2.7 (/opt/ros/humble/share/rmw_fastrtps_cpp/cmake)
[17.020s] -- Found TinyXML2 via Config file: TinyXML2_DIR-NOTFOUND
[17.952s] -- Found OpenSSL: /usr/lib/aarch64-linux-gnu/libcrypto.so (found version "3.0.2")  
[18.002s] -- Found TinyXML2 via Config file: TinyXML2_DIR-NOTFOUND
[18.288s] -- Found FastRTPS: /opt/ros/humble/include  
[18.329s] -- Found TinyXML2 via Config file: TinyXML2_DIR-NOTFOUND
[18.431s] -- Found TinyXML2 via Config file: TinyXML2_DIR-NOTFOUND
[18.600s] -- Using RMW implementation 'rmw_fastrtps_cpp' as default
[18.724s] -- Looking for C++ include pthread.h
[20.124s] -- Looking for C++ include pthread.h - found
[20.124s] -- Performing Test CMAKE_HAVE_LIBC_PTHREAD
[21.084s] -- Performing Test CMAKE_HAVE_LIBC_PTHREAD - Success
[21.088s] -- Found Threads: TRUE  
[21.684s] -- Found ament_cmake_pytest: 1.3.10 (/opt/ros/humble/share/ament_cmake_pytest/cmake)
[44.732s] -- Configuring done
[44.888s] -- Generating done
[44.904s] -- Build files have been written to: /home/orin/ros2_ws/build/ros2_control_demo_example_1
