[0.038s] Invoking command in '/home/orin/ros2_ws/build/diffdrive_arduino': CMAKE_PREFIX_PATH=/opt/ros/humble /usr/bin/cmake --build /home/orin/ros2_ws/build/diffdrive_arduino -- -j6 -l6
[0.291s] [100%] Built target diffdrive_arduino
[1.000s] Invoked command in '/home/orin/ros2_ws/build/diffdrive_arduino' returned '0': CMAKE_PREFIX_PATH=/opt/ros/humble /usr/bin/cmake --build /home/orin/ros2_ws/build/diffdrive_arduino -- -j6 -l6
[1.004s] Invoking command in '/home/orin/ros2_ws/build/diffdrive_arduino': CMAKE_PREFIX_PATH=/opt/ros/humble /usr/bin/cmake --install /home/orin/ros2_ws/build/diffdrive_arduino
[1.024s] -- Install configuration: ""
[1.025s] -- Execute custom install script
[1.025s] -- Up-to-date symlink: /home/orin/ros2_ws/install/diffdrive_arduino/share/diffdrive_arduino//diffdrive_arduino.xml
[1.025s] -- Up-to-date symlink: /home/orin/ros2_ws/install/diffdrive_arduino/include/diffdrive_arduino/diffdrive_arduino/arduino_comms.hpp
[1.026s] -- Up-to-date symlink: /home/orin/ros2_ws/install/diffdrive_arduino/include/diffdrive_arduino/diffdrive_arduino/diffbot_system.hpp
[1.026s] -- Up-to-date symlink: /home/orin/ros2_ws/install/diffdrive_arduino/include/diffdrive_arduino/diffdrive_arduino/visibility_control.h
[1.026s] -- Up-to-date symlink: /home/orin/ros2_ws/install/diffdrive_arduino/include/diffdrive_arduino/diffdrive_arduino/wheel.hpp
[1.026s] -- Up-to-date symlink: /home/orin/ros2_ws/install/diffdrive_arduino/share/diffdrive_arduino/launch/view_robot.launch.py
[1.026s] -- Up-to-date symlink: /home/orin/ros2_ws/install/diffdrive_arduino/share/diffdrive_arduino/ros2_control/diffbot.ros2_control.xacro
[1.029s] -- Up-to-date symlink: /home/orin/ros2_ws/install/diffdrive_arduino/share/diffdrive_arduino/urdf/diffbot.materials.xacro
[1.030s] -- Up-to-date symlink: /home/orin/ros2_ws/install/diffdrive_arduino/share/diffdrive_arduino/urdf/diffbot.urdf.xacro
[1.030s] -- Up-to-date symlink: /home/orin/ros2_ws/install/diffdrive_arduino/share/diffdrive_arduino/urdf/diffbot_description.urdf.xacro
[1.030s] -- Up-to-date symlink: /home/orin/ros2_ws/install/diffdrive_arduino/share/diffdrive_arduino/rviz/diffbot.rviz
[1.030s] -- Up-to-date symlink: /home/orin/ros2_ws/install/diffdrive_arduino/share/diffdrive_arduino/rviz/diffbot_view.rviz
[1.034s] -- Up-to-date symlink: /home/orin/ros2_ws/install/diffdrive_arduino/share/diffdrive_arduino/launch/diffbot.launch.py
[1.034s] -- Up-to-date symlink: /home/orin/ros2_ws/install/diffdrive_arduino/share/diffdrive_arduino/config/diffbot_controllers.yaml
[1.035s] -- Up-to-date symlink: /home/orin/ros2_ws/install/diffdrive_arduino/share/diffdrive_arduino/environment/library_path.sh
[1.035s] -- Up-to-date symlink: /home/orin/ros2_ws/install/diffdrive_arduino/share/diffdrive_arduino/environment/library_path.dsv
[1.035s] -- Up-to-date symlink: /home/orin/ros2_ws/install/diffdrive_arduino/share/ament_index/resource_index/package_run_dependencies/diffdrive_arduino
[1.035s] -- Up-to-date symlink: /home/orin/ros2_ws/install/diffdrive_arduino/share/ament_index/resource_index/parent_prefix_path/diffdrive_arduino
[1.035s] -- Up-to-date symlink: /home/orin/ros2_ws/install/diffdrive_arduino/share/diffdrive_arduino/environment/ament_prefix_path.sh
[1.035s] -- Up-to-date symlink: /home/orin/ros2_ws/install/diffdrive_arduino/share/diffdrive_arduino/environment/ament_prefix_path.dsv
[1.035s] -- Up-to-date symlink: /home/orin/ros2_ws/install/diffdrive_arduino/share/diffdrive_arduino/environment/path.sh
[1.037s] -- Up-to-date symlink: /home/orin/ros2_ws/install/diffdrive_arduino/share/diffdrive_arduino/environment/path.dsv
[1.037s] -- Up-to-date symlink: /home/orin/ros2_ws/install/diffdrive_arduino/share/diffdrive_arduino/local_setup.bash
[1.037s] -- Up-to-date symlink: /home/orin/ros2_ws/install/diffdrive_arduino/share/diffdrive_arduino/local_setup.sh
[1.038s] -- Up-to-date symlink: /home/orin/ros2_ws/install/diffdrive_arduino/share/diffdrive_arduino/local_setup.zsh
[1.038s] -- Up-to-date symlink: /home/orin/ros2_ws/install/diffdrive_arduino/share/diffdrive_arduino/local_setup.dsv
[1.038s] -- Symlinking: /home/orin/ros2_ws/install/diffdrive_arduino/share/diffdrive_arduino/package.dsv
[1.068s] -- Up-to-date symlink: /home/orin/ros2_ws/install/diffdrive_arduino/share/ament_index/resource_index/packages/diffdrive_arduino
[1.068s] -- Up-to-date symlink: /home/orin/ros2_ws/install/diffdrive_arduino/share/ament_index/resource_index/hardware_interface__pluginlib__plugin/diffdrive_arduino
[1.069s] -- Up-to-date symlink: /home/orin/ros2_ws/install/diffdrive_arduino/share/diffdrive_arduino/cmake/ament_cmake_export_targets-extras.cmake
[1.069s] -- Up-to-date symlink: /home/orin/ros2_ws/install/diffdrive_arduino/share/diffdrive_arduino/cmake/ament_cmake_export_dependencies-extras.cmake
[1.069s] -- Up-to-date symlink: /home/orin/ros2_ws/install/diffdrive_arduino/share/diffdrive_arduino/cmake/diffdrive_arduinoConfig.cmake
[1.069s] -- Up-to-date symlink: /home/orin/ros2_ws/install/diffdrive_arduino/share/diffdrive_arduino/cmake/diffdrive_arduinoConfig-version.cmake
[1.069s] -- Up-to-date symlink: /home/orin/ros2_ws/install/diffdrive_arduino/share/diffdrive_arduino/package.xml
[1.080s] -- Up-to-date: /home/orin/ros2_ws/install/diffdrive_arduino/lib/libdiffdrive_arduino.so
[1.080s] -- Up-to-date: /home/orin/ros2_ws/install/diffdrive_arduino/share/diffdrive_arduino/cmake/export_diffdrive_arduinoExport.cmake
[1.080s] -- Up-to-date: /home/orin/ros2_ws/install/diffdrive_arduino/share/diffdrive_arduino/cmake/export_diffdrive_arduinoExport-noconfig.cmake
[1.221s] Invoked command in '/home/orin/ros2_ws/build/diffdrive_arduino' returned '0': CMAKE_PREFIX_PATH=/opt/ros/humble /usr/bin/cmake --install /home/orin/ros2_ws/build/diffdrive_arduino
