[3.656s] Invoking command in '/home/orin/ros2_ws/src/encoder_odom': PYTHONPATH=/home/orin/ros2_ws/build/encoder_odom/prefix_override:/usr/lib/python3/dist-packages/colcon_core/task/python/colcon_distutils_commands:/home/orin/ros2_ws/install/encoder_odom/lib/python3.10/site-packages:${PYTHONPATH} /usr/bin/python3 -W ignore:setup.py install is deprecated -W ignore:easy_install command is deprecated setup.py egg_info --egg-base ../../build/encoder_odom build --build-base /home/orin/ros2_ws/build/encoder_odom/build install --record /home/orin/ros2_ws/build/encoder_odom/install.log --single-version-externally-managed install_data
[4.427s] running egg_info
[4.482s] writing ../../build/encoder_odom/encoder_odom.egg-info/PKG-INFO
[4.484s] writing dependency_links to ../../build/encoder_odom/encoder_odom.egg-info/dependency_links.txt
[4.485s] writing entry points to ../../build/encoder_odom/encoder_odom.egg-info/entry_points.txt
[4.486s] writing requirements to ../../build/encoder_odom/encoder_odom.egg-info/requires.txt
[4.486s] writing top-level names to ../../build/encoder_odom/encoder_odom.egg-info/top_level.txt
[4.600s] reading manifest file '../../build/encoder_odom/encoder_odom.egg-info/SOURCES.txt'
[4.603s] adding license file 'LICENSE'
[4.605s] writing manifest file '../../build/encoder_odom/encoder_odom.egg-info/SOURCES.txt'
[4.606s] running build
[4.606s] running build_py
[4.606s] copying encoder_odom/__init__.py -> /home/orin/ros2_ws/build/encoder_odom/build/lib/encoder_odom
[4.607s] copying encoder_odom/encoder_odom.py -> /home/orin/ros2_ws/build/encoder_odom/build/lib/encoder_odom
[4.609s] running install
[4.619s] running install_lib
[4.678s] running install_data
[4.679s] copying resource/encoder_odom -> /home/orin/ros2_ws/install/encoder_odom/share/ament_index/resource_index/packages
[4.679s] copying package.xml -> /home/orin/ros2_ws/install/encoder_odom/share/encoder_odom
[4.680s] running install_egg_info
[4.738s] removing '/home/orin/ros2_ws/install/encoder_odom/lib/python3.10/site-packages/encoder_odom-0.0.0-py3.10.egg-info' (and everything under it)
[4.738s] Copying ../../build/encoder_odom/encoder_odom.egg-info to /home/orin/ros2_ws/install/encoder_odom/lib/python3.10/site-packages/encoder_odom-0.0.0-py3.10.egg-info
[4.742s] running install_scripts
[5.196s] Installing encoder_odom_node script to /home/orin/ros2_ws/install/encoder_odom/lib/encoder_odom
[5.197s] writing list of installed files to '/home/orin/ros2_ws/build/encoder_odom/install.log'
[5.278s] Invoked command in '/home/orin/ros2_ws/src/encoder_odom' returned '0': PYTHONPATH=/home/orin/ros2_ws/build/encoder_odom/prefix_override:/usr/lib/python3/dist-packages/colcon_core/task/python/colcon_distutils_commands:/home/orin/ros2_ws/install/encoder_odom/lib/python3.10/site-packages:${PYTHONPATH} /usr/bin/python3 -W ignore:setup.py install is deprecated -W ignore:easy_install command is deprecated setup.py egg_info --egg-base ../../build/encoder_odom build --build-base /home/orin/ros2_ws/build/encoder_odom/build install --record /home/orin/ros2_ws/build/encoder_odom/install.log --single-version-externally-managed install_data
