[0.137s] Invoking command in '/home/orin/ros2_ws/build/ros2_control_demo_example_15': AMENT_PREFIX_PATH=/home/orin/ros2_ws/install/ros2_control_demo_example_5:/home/orin/ros2_ws/install/ros2_control_demo_example_1:/home/orin/ros2_ws/install/ros2_control_demo_testing:/home/orin/ros2_ws/install/ros2_control_demo_description:${AMENT_PREFIX_PATH} CMAKE_PREFIX_PATH=/home/orin/ros2_ws/install/ros2_control_demo_example_5:/home/orin/ros2_ws/install/ros2_control_demo_example_1:/home/orin/ros2_ws/install/ros2_control_demo_description:/opt/ros/humble LD_LIBRARY_PATH=/home/orin/ros2_ws/install/ros2_control_demo_example_5/lib:/home/orin/ros2_ws/install/ros2_control_demo_example_1/lib:${LD_LIBRARY_PATH} PYTHONPATH=/home/orin/ros2_ws/build/ros2_control_demo_testing:/home/orin/ros2_ws/install/ros2_control_demo_testing/lib/python3.10/site-packages:${PYTHONPATH} /usr/bin/cmake --build /home/orin/ros2_ws/build/ros2_control_demo_example_15 -- -j6 -l6
[0.312s] Invoked command in '/home/orin/ros2_ws/build/ros2_control_demo_example_15' returned '0': AMENT_PREFIX_PATH=/home/orin/ros2_ws/install/ros2_control_demo_example_5:/home/orin/ros2_ws/install/ros2_control_demo_example_1:/home/orin/ros2_ws/install/ros2_control_demo_testing:/home/orin/ros2_ws/install/ros2_control_demo_description:${AMENT_PREFIX_PATH} CMAKE_PREFIX_PATH=/home/orin/ros2_ws/install/ros2_control_demo_example_5:/home/orin/ros2_ws/install/ros2_control_demo_example_1:/home/orin/ros2_ws/install/ros2_control_demo_description:/opt/ros/humble LD_LIBRARY_PATH=/home/orin/ros2_ws/install/ros2_control_demo_example_5/lib:/home/orin/ros2_ws/install/ros2_control_demo_example_1/lib:${LD_LIBRARY_PATH} PYTHONPATH=/home/orin/ros2_ws/build/ros2_control_demo_testing:/home/orin/ros2_ws/install/ros2_control_demo_testing/lib/python3.10/site-packages:${PYTHONPATH} /usr/bin/cmake --build /home/orin/ros2_ws/build/ros2_control_demo_example_15 -- -j6 -l6
[0.485s] Invoking command in '/home/orin/ros2_ws/build/ros2_control_demo_example_15': AMENT_PREFIX_PATH=/home/orin/ros2_ws/install/ros2_control_demo_example_5:/home/orin/ros2_ws/install/ros2_control_demo_example_1:/home/orin/ros2_ws/install/ros2_control_demo_testing:/home/orin/ros2_ws/install/ros2_control_demo_description:${AMENT_PREFIX_PATH} CMAKE_PREFIX_PATH=/home/orin/ros2_ws/install/ros2_control_demo_example_5:/home/orin/ros2_ws/install/ros2_control_demo_example_1:/home/orin/ros2_ws/install/ros2_control_demo_description:/opt/ros/humble LD_LIBRARY_PATH=/home/orin/ros2_ws/install/ros2_control_demo_example_5/lib:/home/orin/ros2_ws/install/ros2_control_demo_example_1/lib:${LD_LIBRARY_PATH} PYTHONPATH=/home/orin/ros2_ws/build/ros2_control_demo_testing:/home/orin/ros2_ws/install/ros2_control_demo_testing/lib/python3.10/site-packages:${PYTHONPATH} /usr/bin/cmake --install /home/orin/ros2_ws/build/ros2_control_demo_example_15
[0.891s] -- Install configuration: ""
[0.892s] -- Execute custom install script
[0.892s] -- Up-to-date symlink: /home/orin/ros2_ws/install/ros2_control_demo_example_15/share/ros2_control_demo_example_15/rviz/multi_controller_manager.rviz
[0.892s] -- Up-to-date symlink: /home/orin/ros2_ws/install/ros2_control_demo_example_15/share/ros2_control_demo_example_15/rviz/rrbot_namespace.rviz
[0.893s] -- Up-to-date symlink: /home/orin/ros2_ws/install/ros2_control_demo_example_15/share/ros2_control_demo_example_15/launch/multi_controller_manager_example_two_rrbots.launch.py
[0.893s] -- Up-to-date symlink: /home/orin/ros2_ws/install/ros2_control_demo_example_15/share/ros2_control_demo_example_15/launch/rrbot_base.launch.py
[0.893s] -- Up-to-date symlink: /home/orin/ros2_ws/install/ros2_control_demo_example_15/share/ros2_control_demo_example_15/launch/rrbot_namespace.launch.py
[0.893s] -- Up-to-date symlink: /home/orin/ros2_ws/install/ros2_control_demo_example_15/share/ros2_control_demo_example_15/launch/test_forward_position_controller.launch.py
[0.893s] -- Up-to-date symlink: /home/orin/ros2_ws/install/ros2_control_demo_example_15/share/ros2_control_demo_example_15/launch/test_joint_trajectory_controller.launch.py
[0.893s] -- Up-to-date symlink: /home/orin/ros2_ws/install/ros2_control_demo_example_15/share/ros2_control_demo_example_15/launch/test_multi_controller_manager_forward_position_controller.launch.py
[0.894s] -- Up-to-date symlink: /home/orin/ros2_ws/install/ros2_control_demo_example_15/share/ros2_control_demo_example_15/launch/test_multi_controller_manager_joint_trajectory_controller.launch.py
[0.894s] -- Up-to-date symlink: /home/orin/ros2_ws/install/ros2_control_demo_example_15/share/ros2_control_demo_example_15/config/multi_controller_manager_forward_position_publisher.yaml
[0.894s] -- Up-to-date symlink: /home/orin/ros2_ws/install/ros2_control_demo_example_15/share/ros2_control_demo_example_15/config/multi_controller_manager_joint_trajectory_publisher.yaml
[0.894s] -- Up-to-date symlink: /home/orin/ros2_ws/install/ros2_control_demo_example_15/share/ros2_control_demo_example_15/config/multi_controller_manager_rrbot_1_controllers.yaml
[0.894s] -- Up-to-date symlink: /home/orin/ros2_ws/install/ros2_control_demo_example_15/share/ros2_control_demo_example_15/config/multi_controller_manager_rrbot_2_controllers.yaml
[0.894s] -- Up-to-date symlink: /home/orin/ros2_ws/install/ros2_control_demo_example_15/share/ros2_control_demo_example_15/config/rrbot_namespace_controllers.yaml
[0.894s] -- Up-to-date symlink: /home/orin/ros2_ws/install/ros2_control_demo_example_15/share/ros2_control_demo_example_15/config/rrbot_namespace_forward_position_publisher.yaml
[0.894s] -- Up-to-date symlink: /home/orin/ros2_ws/install/ros2_control_demo_example_15/share/ros2_control_demo_example_15/config/rrbot_namespace_joint_trajectory_publisher.yaml
[0.895s] -- Up-to-date symlink: /home/orin/ros2_ws/install/ros2_control_demo_example_15/share/ament_index/resource_index/package_run_dependencies/ros2_control_demo_example_15
[0.895s] -- Up-to-date symlink: /home/orin/ros2_ws/install/ros2_control_demo_example_15/share/ament_index/resource_index/parent_prefix_path/ros2_control_demo_example_15
[0.895s] -- Up-to-date symlink: /home/orin/ros2_ws/install/ros2_control_demo_example_15/share/ros2_control_demo_example_15/environment/ament_prefix_path.sh
[0.895s] -- Up-to-date symlink: /home/orin/ros2_ws/install/ros2_control_demo_example_15/share/ros2_control_demo_example_15/environment/ament_prefix_path.dsv
[0.895s] -- Up-to-date symlink: /home/orin/ros2_ws/install/ros2_control_demo_example_15/share/ros2_control_demo_example_15/environment/path.sh
[0.895s] -- Up-to-date symlink: /home/orin/ros2_ws/install/ros2_control_demo_example_15/share/ros2_control_demo_example_15/environment/path.dsv
[0.895s] -- Up-to-date symlink: /home/orin/ros2_ws/install/ros2_control_demo_example_15/share/ros2_control_demo_example_15/local_setup.bash
[0.895s] -- Up-to-date symlink: /home/orin/ros2_ws/install/ros2_control_demo_example_15/share/ros2_control_demo_example_15/local_setup.sh
[0.896s] -- Up-to-date symlink: /home/orin/ros2_ws/install/ros2_control_demo_example_15/share/ros2_control_demo_example_15/local_setup.zsh
[0.896s] -- Up-to-date symlink: /home/orin/ros2_ws/install/ros2_control_demo_example_15/share/ros2_control_demo_example_15/local_setup.dsv
[0.896s] -- Symlinking: /home/orin/ros2_ws/install/ros2_control_demo_example_15/share/ros2_control_demo_example_15/package.dsv
[0.897s] -- Up-to-date symlink: /home/orin/ros2_ws/install/ros2_control_demo_example_15/share/ament_index/resource_index/packages/ros2_control_demo_example_15
[0.897s] -- Up-to-date symlink: /home/orin/ros2_ws/install/ros2_control_demo_example_15/share/ros2_control_demo_example_15/cmake/ros2_control_demo_example_15Config.cmake
[0.897s] -- Up-to-date symlink: /home/orin/ros2_ws/install/ros2_control_demo_example_15/share/ros2_control_demo_example_15/cmake/ros2_control_demo_example_15Config-version.cmake
[0.897s] -- Up-to-date symlink: /home/orin/ros2_ws/install/ros2_control_demo_example_15/share/ros2_control_demo_example_15/package.xml
[0.900s] Invoked command in '/home/orin/ros2_ws/build/ros2_control_demo_example_15' returned '0': AMENT_PREFIX_PATH=/home/orin/ros2_ws/install/ros2_control_demo_example_5:/home/orin/ros2_ws/install/ros2_control_demo_example_1:/home/orin/ros2_ws/install/ros2_control_demo_testing:/home/orin/ros2_ws/install/ros2_control_demo_description:${AMENT_PREFIX_PATH} CMAKE_PREFIX_PATH=/home/orin/ros2_ws/install/ros2_control_demo_example_5:/home/orin/ros2_ws/install/ros2_control_demo_example_1:/home/orin/ros2_ws/install/ros2_control_demo_description:/opt/ros/humble LD_LIBRARY_PATH=/home/orin/ros2_ws/install/ros2_control_demo_example_5/lib:/home/orin/ros2_ws/install/ros2_control_demo_example_1/lib:${LD_LIBRARY_PATH} PYTHONPATH=/home/orin/ros2_ws/build/ros2_control_demo_testing:/home/orin/ros2_ws/install/ros2_control_demo_testing/lib/python3.10/site-packages:${PYTHONPATH} /usr/bin/cmake --install /home/orin/ros2_ws/build/ros2_control_demo_example_15
