running develop
Removing /home/orin/ros2_ws/install/wheel_encoder_odometry/lib/python3.10/site-packages/wheel-encoder-odometry.egg-link (link to .)
running egg_info
writing ../../build/wheel_encoder_odometry/wheel_encoder_odometry.egg-info/PKG-INFO
writing dependency_links to ../../build/wheel_encoder_odometry/wheel_encoder_odometry.egg-info/dependency_links.txt
writing entry points to ../../build/wheel_encoder_odometry/wheel_encoder_odometry.egg-info/entry_points.txt
writing requirements to ../../build/wheel_encoder_odometry/wheel_encoder_odometry.egg-info/requires.txt
writing top-level names to ../../build/wheel_encoder_odometry/wheel_encoder_odometry.egg-info/top_level.txt
reading manifest file '../../build/wheel_encoder_odometry/wheel_encoder_odometry.egg-info/SOURCES.txt'
writing manifest file '../../build/wheel_encoder_odometry/wheel_encoder_odometry.egg-info/SOURCES.txt'
running build
running build_py
copying wheel_encoder_odometry/__init__.py -> /home/orin/ros2_ws/build/wheel_encoder_odometry/build/lib/wheel_encoder_odometry
copying wheel_encoder_odometry/encoder_odometry_node.py -> /home/orin/ros2_ws/build/wheel_encoder_odometry/build/lib/wheel_encoder_odometry
running install
running install_lib
creating /home/orin/ros2_ws/install/wheel_encoder_odometry/lib/python3.10/site-packages/wheel_encoder_odometry
copying /home/orin/ros2_ws/build/wheel_encoder_odometry/build/lib/wheel_encoder_odometry/__init__.py -> /home/orin/ros2_ws/install/wheel_encoder_odometry/lib/python3.10/site-packages/wheel_encoder_odometry
copying /home/orin/ros2_ws/build/wheel_encoder_odometry/build/lib/wheel_encoder_odometry/encoder_odometry_node.py -> /home/orin/ros2_ws/install/wheel_encoder_odometry/lib/python3.10/site-packages/wheel_encoder_odometry
byte-compiling /home/orin/ros2_ws/install/wheel_encoder_odometry/lib/python3.10/site-packages/wheel_encoder_odometry/__init__.py to __init__.cpython-310.pyc
byte-compiling /home/orin/ros2_ws/install/wheel_encoder_odometry/lib/python3.10/site-packages/wheel_encoder_odometry/encoder_odometry_node.py to encoder_odometry_node.cpython-310.pyc
running install_data
copying resource/wheel_encoder_odometry -> /home/orin/ros2_ws/install/wheel_encoder_odometry/share/ament_index/resource_index/packages
copying package.xml -> /home/orin/ros2_ws/install/wheel_encoder_odometry/share/wheel_encoder_odometry
running install_egg_info
Copying ../../build/wheel_encoder_odometry/wheel_encoder_odometry.egg-info to /home/orin/ros2_ws/install/wheel_encoder_odometry/lib/python3.10/site-packages/wheel_encoder_odometry-0.0.1-py3.10.egg-info
running install_scripts
Installing encoder_odometry_node script to /home/orin/ros2_ws/install/wheel_encoder_odometry/lib/wheel_encoder_odometry
writing list of installed files to '/home/orin/ros2_ws/build/wheel_encoder_odometry/install.log'
