[4.761s] Invoking command in '/home/orin/ros2_ws/build/arduino_odometry': PYTHONPATH=/home/orin/ros2_ws/build/arduino_odometry/prefix_override:/usr/lib/python3/dist-packages/colcon_core/task/python/colcon_distutils_commands:/home/orin/ros2_ws/install/arduino_odometry/lib/python3.10/site-packages:${PYTHONPATH} /usr/bin/python3 -W ignore:setup.py install is deprecated setup.py develop --editable --build-directory /home/orin/ros2_ws/build/arduino_odometry/build --no-deps symlink_data --force
[6.645s] running develop
[6.646s] /home/orin/.local/lib/python3.10/site-packages/setuptools/command/develop.py:41: EasyInstallDeprecationWarning: easy_install command is deprecated.
[6.646s] !!
[6.646s] 
[6.646s]         ********************************************************************************
[6.647s]         Please avoid running ``setup.py`` and ``easy_install``.
[6.647s]         Instead, use pypa/build, pypa/installer or other
[6.647s]         standards-based tools.
[6.647s] 
[6.648s]         See https://github.com/pypa/setuptools/issues/917 for details.
[6.648s]         ********************************************************************************
[6.648s] 
[6.648s] !!
[6.648s]   easy_install.initialize_options(self)
[8.151s] running egg_info
[8.253s] writing arduino_odometry.egg-info/PKG-INFO
[8.254s] writing dependency_links to arduino_odometry.egg-info/dependency_links.txt
[8.254s] writing entry points to arduino_odometry.egg-info/entry_points.txt
[8.254s] writing requirements to arduino_odometry.egg-info/requires.txt
[8.255s] writing top-level names to arduino_odometry.egg-info/top_level.txt
[8.421s] reading manifest file 'arduino_odometry.egg-info/SOURCES.txt'
[8.422s] writing manifest file 'arduino_odometry.egg-info/SOURCES.txt'
[8.535s] running build_ext
[8.535s] Creating /home/orin/ros2_ws/install/arduino_odometry/lib/python3.10/site-packages/arduino-odometry.egg-link (link to .)
[8.539s] Installing arduino_odometry_node script to /home/orin/ros2_ws/install/arduino_odometry/lib/arduino_odometry
[8.539s] 
[8.539s] Installed /home/orin/ros2_ws/build/arduino_odometry
[8.539s] running symlink_data
[8.545s] symbolically linking /home/orin/ros2_ws/build/arduino_odometry/resource/arduino_odometry -> /home/orin/ros2_ws/install/arduino_odometry/share/ament_index/resource_index/packages
[8.547s] symbolically linking /home/orin/ros2_ws/build/arduino_odometry/package.xml -> /home/orin/ros2_ws/install/arduino_odometry/share/arduino_odometry
[8.831s] Invoked command in '/home/orin/ros2_ws/build/arduino_odometry' returned '0': PYTHONPATH=/home/orin/ros2_ws/build/arduino_odometry/prefix_override:/usr/lib/python3/dist-packages/colcon_core/task/python/colcon_distutils_commands:/home/orin/ros2_ws/install/arduino_odometry/lib/python3.10/site-packages:${PYTHONPATH} /usr/bin/python3 -W ignore:setup.py install is deprecated setup.py develop --editable --build-directory /home/orin/ros2_ws/build/arduino_odometry/build --no-deps symlink_data --force
