[10.301s] Invoking command in '/home/orin/ros2_ws/build/arduino_odometry': PYTHONPATH=/home/orin/ros2_ws/build/arduino_odometry/prefix_override:/usr/lib/python3/dist-packages/colcon_core/task/python/colcon_distutils_commands:/home/orin/ros2_ws/install/arduino_odometry/lib/python3.10/site-packages:${PYTHONPATH} /usr/bin/python3 -W ignore:setup.py install is deprecated setup.py develop --editable --build-directory /home/orin/ros2_ws/build/arduino_odometry/build --no-deps symlink_data
[13.111s] running develop
[13.111s] /home/orin/.local/lib/python3.10/site-packages/setuptools/command/develop.py:41: EasyInstallDeprecationWarning: easy_install command is deprecated.
[13.112s] !!
[13.112s] 
[13.112s]         ********************************************************************************
[13.112s]         Please avoid running ``setup.py`` and ``easy_install``.
[13.112s]         Instead, use pypa/build, pypa/installer or other
[13.112s]         standards-based tools.
[13.112s] 
[13.113s]         See https://github.com/pypa/setuptools/issues/917 for details.
[13.113s]         ********************************************************************************
[13.113s] 
[13.113s] !!
[13.113s]   easy_install.initialize_options(self)
[17.106s] running egg_info
[17.359s] writing arduino_odometry.egg-info/PKG-INFO
[17.359s] writing dependency_links to arduino_odometry.egg-info/dependency_links.txt
[17.359s] writing entry points to arduino_odometry.egg-info/entry_points.txt
[17.359s] writing requirements to arduino_odometry.egg-info/requires.txt
[17.360s] writing top-level names to arduino_odometry.egg-info/top_level.txt
[17.980s] reading manifest file 'arduino_odometry.egg-info/SOURCES.txt'
[18.011s] writing manifest file 'arduino_odometry.egg-info/SOURCES.txt'
[18.230s] running build_ext
[18.230s] Creating /home/orin/ros2_ws/install/arduino_odometry/lib/python3.10/site-packages/arduino-odometry.egg-link (link to .)
[18.258s] Installing arduino_odometry_node script to /home/orin/ros2_ws/install/arduino_odometry/lib/arduino_odometry
[18.261s] 
[18.261s] Installed /home/orin/ros2_ws/build/arduino_odometry
[18.262s] running symlink_data
[18.636s] Invoked command in '/home/orin/ros2_ws/build/arduino_odometry' returned '0': PYTHONPATH=/home/orin/ros2_ws/build/arduino_odometry/prefix_override:/usr/lib/python3/dist-packages/colcon_core/task/python/colcon_distutils_commands:/home/orin/ros2_ws/install/arduino_odometry/lib/python3.10/site-packages:${PYTHONPATH} /usr/bin/python3 -W ignore:setup.py install is deprecated setup.py develop --editable --build-directory /home/orin/ros2_ws/build/arduino_odometry/build --no-deps symlink_data
