[0.076s] Invoking command in '/home/orin/ros2_ws/build/my_bot_description': /usr/bin/cmake /home/orin/ros2_ws/src/my_bot_description -DAMENT_CMAKE_SYMLINK_INSTALL=1 -DCMAKE_INSTALL_PREFIX=/home/orin/ros2_ws/install/my_bot_description
[0.120s] -- Found hardware_interface: 2.43.1 (/opt/ros/humble/share/hardware_interface/cmake)
[0.940s] -- Override CMake install command with custom implementation using symlinks instead of copying resources
[1.137s] -- Found rosidl_generator_c: 3.1.5 (/opt/ros/humble/share/rosidl_generator_c/cmake)
[1.141s] -- Found rosidl_adapter: 3.1.5 (/opt/ros/humble/share/rosidl_adapter/cmake)
[1.156s] -- Found rosidl_generator_cpp: 3.1.5 (/opt/ros/humble/share/rosidl_generator_cpp/cmake)
[1.183s] [31mCMake Error at /opt/ros/humble/share/rosidl_typesupport_c/cmake/get_used_typesupports.cmake:35 (message):
[1.184s]   No 'rosidl_typesupport_c' found
[1.184s] Call Stack (most recent call first):
[1.184s]   /opt/ros/humble/share/rosidl_typesupport_c/cmake/rosidl_typesupport_c-extras.cmake:8 (get_used_typesupports)
[1.184s]   /opt/ros/humble/share/rosidl_typesupport_c/cmake/rosidl_typesupport_cConfig.cmake:41 (include)
[1.184s]   /opt/ros/humble/share/builtin_interfaces/cmake/ament_cmake_export_dependencies-extras.cmake:21 (find_package)
[1.184s]   /opt/ros/humble/share/builtin_interfaces/cmake/builtin_interfacesConfig.cmake:41 (include)
[1.185s]   /opt/ros/humble/share/action_msgs/cmake/ament_cmake_export_dependencies-extras.cmake:21 (find_package)
[1.185s]   /opt/ros/humble/share/action_msgs/cmake/action_msgsConfig.cmake:41 (include)
[1.185s]   /opt/ros/humble/share/control_msgs/cmake/ament_cmake_export_dependencies-extras.cmake:21 (find_package)
[1.185s]   /opt/ros/humble/share/control_msgs/cmake/control_msgsConfig.cmake:41 (include)
[1.212s]   /opt/ros/humble/share/hardware_interface/cmake/ament_cmake_export_dependencies-extras.cmake:21 (find_package)
[1.212s]   /opt/ros/humble/share/hardware_interface/cmake/hardware_interfaceConfig.cmake:41 (include)
[1.215s]   CMakeLists.txt:27 (find_package)
[1.216s] 
[1.216s] [0m
[1.216s] -- Configuring incomplete, errors occurred!
[1.216s] See also "/home/orin/ros2_ws/build/my_bot_description/CMakeFiles/CMakeOutput.log".
[1.255s] Invoked command in '/home/orin/ros2_ws/build/my_bot_description' returned '1': /usr/bin/cmake /home/orin/ros2_ws/src/my_bot_description -DAMENT_CMAKE_SYMLINK_INSTALL=1 -DCMAKE_INSTALL_PREFIX=/home/orin/ros2_ws/install/my_bot_description
