[3.169s] Invoking command in '/home/orin/ros2_ws/src/encoder_ultrasonic_package': PYTHONPATH=/home/orin/ros2_ws/build/encoder_ultrasonic_package/prefix_override:/usr/lib/python3/dist-packages/colcon_core/task/python/colcon_distutils_commands:/home/orin/ros2_ws/install/encoder_ultrasonic_package/lib/python3.10/site-packages:${PYTHONPATH} /usr/bin/python3 -W ignore:setup.py install is deprecated setup.py egg_info --egg-base ../../build/encoder_ultrasonic_package build --build-base /home/orin/ros2_ws/build/encoder_ultrasonic_package/build install --record /home/orin/ros2_ws/build/encoder_ultrasonic_package/install.log --single-version-externally-managed install_data
[3.999s] /home/orin/.local/lib/python3.10/site-packages/setuptools/_distutils/dist.py:261: UserWarning: Unknown distribution option: 'tests_require'
[4.000s]   warnings.warn(msg)
[4.641s] running egg_info
[4.746s] writing ../../build/encoder_ultrasonic_package/encoder_ultrasonic_package.egg-info/PKG-INFO
[4.746s] writing dependency_links to ../../build/encoder_ultrasonic_package/encoder_ultrasonic_package.egg-info/dependency_links.txt
[4.746s] writing entry points to ../../build/encoder_ultrasonic_package/encoder_ultrasonic_package.egg-info/entry_points.txt
[4.746s] writing requirements to ../../build/encoder_ultrasonic_package/encoder_ultrasonic_package.egg-info/requires.txt
[4.768s] writing top-level names to ../../build/encoder_ultrasonic_package/encoder_ultrasonic_package.egg-info/top_level.txt
[4.887s] reading manifest file '../../build/encoder_ultrasonic_package/encoder_ultrasonic_package.egg-info/SOURCES.txt'
[4.896s] writing manifest file '../../build/encoder_ultrasonic_package/encoder_ultrasonic_package.egg-info/SOURCES.txt'
[4.896s] running build
[4.896s] running build_py
[4.896s] copying encoder_ultrasonic_package/__init__.py -> /home/orin/ros2_ws/build/encoder_ultrasonic_package/build/lib/encoder_ultrasonic_package
[4.896s] copying encoder_ultrasonic_package/encoder_ultrasonic_node.py -> /home/orin/ros2_ws/build/encoder_ultrasonic_package/build/lib/encoder_ultrasonic_package
[4.897s] running install
[4.927s] running install_lib
[4.977s] running install_data
[4.978s] copying resource/encoder_ultrasonic_package -> /home/orin/ros2_ws/install/encoder_ultrasonic_package/share/ament_index/resource_index/packages
[4.978s] copying package.xml -> /home/orin/ros2_ws/install/encoder_ultrasonic_package/share/encoder_ultrasonic_package
[4.978s] running install_egg_info
[5.040s] removing '/home/orin/ros2_ws/install/encoder_ultrasonic_package/lib/python3.10/site-packages/encoder_ultrasonic_package-0.0.0-py3.10.egg-info' (and everything under it)
[5.044s] Copying ../../build/encoder_ultrasonic_package/encoder_ultrasonic_package.egg-info to /home/orin/ros2_ws/install/encoder_ultrasonic_package/lib/python3.10/site-packages/encoder_ultrasonic_package-0.0.0-py3.10.egg-info
[5.050s] running install_scripts
[5.688s] Installing encoder_ultrasonic_node script to /home/orin/ros2_ws/install/encoder_ultrasonic_package/lib/encoder_ultrasonic_package
[5.688s] writing list of installed files to '/home/orin/ros2_ws/build/encoder_ultrasonic_package/install.log'
[5.876s] Invoked command in '/home/orin/ros2_ws/src/encoder_ultrasonic_package' returned '0': PYTHONPATH=/home/orin/ros2_ws/build/encoder_ultrasonic_package/prefix_override:/usr/lib/python3/dist-packages/colcon_core/task/python/colcon_distutils_commands:/home/orin/ros2_ws/install/encoder_ultrasonic_package/lib/python3.10/site-packages:${PYTHONPATH} /usr/bin/python3 -W ignore:setup.py install is deprecated setup.py egg_info --egg-base ../../build/encoder_ultrasonic_package build --build-base /home/orin/ros2_ws/build/encoder_ultrasonic_package/build install --record /home/orin/ros2_ws/build/encoder_ultrasonic_package/install.log --single-version-externally-managed install_data
