running egg_info
writing ../../build/encoder_odom/encoder_odom.egg-info/PKG-INFO
writing dependency_links to ../../build/encoder_odom/encoder_odom.egg-info/dependency_links.txt
writing entry points to ../../build/encoder_odom/encoder_odom.egg-info/entry_points.txt
writing requirements to ../../build/encoder_odom/encoder_odom.egg-info/requires.txt
writing top-level names to ../../build/encoder_odom/encoder_odom.egg-info/top_level.txt
reading manifest file '../../build/encoder_odom/encoder_odom.egg-info/SOURCES.txt'
adding license file 'LICENSE'
writing manifest file '../../build/encoder_odom/encoder_odom.egg-info/SOURCES.txt'
running build
running build_py
copying encoder_odom/__init__.py -> /home/orin/ros2_ws/build/encoder_odom/build/lib/encoder_odom
copying encoder_odom/encoder_odom.py -> /home/orin/ros2_ws/build/encoder_odom/build/lib/encoder_odom
running install
running install_lib
copying /home/orin/ros2_ws/build/encoder_odom/build/lib/encoder_odom/encoder_odom.py -> /home/orin/ros2_ws/install/encoder_odom/lib/python3.10/site-packages/encoder_odom
byte-compiling /home/orin/ros2_ws/install/encoder_odom/lib/python3.10/site-packages/encoder_odom/encoder_odom.py to encoder_odom.cpython-310.pyc
running install_data
copying resource/encoder_odom -> /home/orin/ros2_ws/install/encoder_odom/share/ament_index/resource_index/packages
copying package.xml -> /home/orin/ros2_ws/install/encoder_odom/share/encoder_odom
running install_egg_info
removing '/home/orin/ros2_ws/install/encoder_odom/lib/python3.10/site-packages/encoder_odom-0.0.0-py3.10.egg-info' (and everything under it)
Copying ../../build/encoder_odom/encoder_odom.egg-info to /home/orin/ros2_ws/install/encoder_odom/lib/python3.10/site-packages/encoder_odom-0.0.0-py3.10.egg-info
running install_scripts
Installing encoder_odom_node script to /home/orin/ros2_ws/install/encoder_odom/lib/encoder_odom
writing list of installed files to '/home/orin/ros2_ws/build/encoder_odom/install.log'
