[3.232s] Invoking command in '/home/orin/ros2_ws/src/encoder_odom': PYTHONPATH=/home/orin/ros2_ws/build/encoder_odom/prefix_override:/usr/lib/python3/dist-packages/colcon_core/task/python/colcon_distutils_commands:/home/orin/ros2_ws/install/encoder_odom/lib/python3.10/site-packages:${PYTHONPATH} /usr/bin/python3 -W ignore:setup.py install is deprecated -W ignore:easy_install command is deprecated setup.py egg_info --egg-base ../../build/encoder_odom build --build-base /home/orin/ros2_ws/build/encoder_odom/build install --record /home/orin/ros2_ws/build/encoder_odom/install.log --single-version-externally-managed install_data
[4.365s] running egg_info
[4.396s] writing ../../build/encoder_odom/encoder_odom.egg-info/PKG-INFO
[4.396s] writing dependency_links to ../../build/encoder_odom/encoder_odom.egg-info/dependency_links.txt
[4.404s] writing entry points to ../../build/encoder_odom/encoder_odom.egg-info/entry_points.txt
[4.405s] writing requirements to ../../build/encoder_odom/encoder_odom.egg-info/requires.txt
[4.405s] writing top-level names to ../../build/encoder_odom/encoder_odom.egg-info/top_level.txt
[4.536s] reading manifest file '../../build/encoder_odom/encoder_odom.egg-info/SOURCES.txt'
[4.537s] adding license file 'LICENSE'
[4.540s] writing manifest file '../../build/encoder_odom/encoder_odom.egg-info/SOURCES.txt'
[4.543s] running build
[4.543s] running build_py
[4.543s] copying encoder_odom/__init__.py -> /home/orin/ros2_ws/build/encoder_odom/build/lib/encoder_odom
[4.546s] copying encoder_odom/encoder_odom.py -> /home/orin/ros2_ws/build/encoder_odom/build/lib/encoder_odom
[4.572s] running install
[4.576s] running install_lib
[4.624s] copying /home/orin/ros2_ws/build/encoder_odom/build/lib/encoder_odom/encoder_odom.py -> /home/orin/ros2_ws/install/encoder_odom/lib/python3.10/site-packages/encoder_odom
[4.625s] byte-compiling /home/orin/ros2_ws/install/encoder_odom/lib/python3.10/site-packages/encoder_odom/encoder_odom.py to encoder_odom.cpython-310.pyc
[4.629s] running install_data
[4.629s] copying resource/encoder_odom -> /home/orin/ros2_ws/install/encoder_odom/share/ament_index/resource_index/packages
[4.635s] copying package.xml -> /home/orin/ros2_ws/install/encoder_odom/share/encoder_odom
[4.635s] running install_egg_info
[4.760s] removing '/home/orin/ros2_ws/install/encoder_odom/lib/python3.10/site-packages/encoder_odom-0.0.0-py3.10.egg-info' (and everything under it)
[4.763s] Copying ../../build/encoder_odom/encoder_odom.egg-info to /home/orin/ros2_ws/install/encoder_odom/lib/python3.10/site-packages/encoder_odom-0.0.0-py3.10.egg-info
[4.763s] running install_scripts
[5.507s] Installing encoder_odom_node script to /home/orin/ros2_ws/install/encoder_odom/lib/encoder_odom
[5.507s] writing list of installed files to '/home/orin/ros2_ws/build/encoder_odom/install.log'
[5.780s] Invoked command in '/home/orin/ros2_ws/src/encoder_odom' returned '0': PYTHONPATH=/home/orin/ros2_ws/build/encoder_odom/prefix_override:/usr/lib/python3/dist-packages/colcon_core/task/python/colcon_distutils_commands:/home/orin/ros2_ws/install/encoder_odom/lib/python3.10/site-packages:${PYTHONPATH} /usr/bin/python3 -W ignore:setup.py install is deprecated -W ignore:easy_install command is deprecated setup.py egg_info --egg-base ../../build/encoder_odom build --build-base /home/orin/ros2_ws/build/encoder_odom/build install --record /home/orin/ros2_ws/build/encoder_odom/install.log --single-version-externally-managed install_data
