[0.165s] Invoking command in '/home/orin/ros2_ws/build/examples_rclcpp_minimal_composition': CMAKE_PREFIX_PATH=/opt/ros/humble /usr/bin/cmake /home/orin/ros2_ws/src/examples/rclcpp/composition/minimal_composition -DCMAKE_INSTALL_PREFIX=/home/orin/ros2_ws/install/examples_rclcpp_minimal_composition
[0.240s] -- Found ament_cmake: 1.3.11 (/opt/ros/humble/share/ament_cmake/cmake)
[0.650s] -- Override CMake install command with custom implementation using symlinks instead of copying resources
[0.682s] -- Found rclcpp: 16.0.11 (/opt/ros/humble/share/rclcpp/cmake)
[0.817s] -- Found rosidl_generator_c: 3.1.6 (/opt/ros/humble/share/rosidl_generator_c/cmake)
[0.827s] -- Found rosidl_adapter: 3.1.6 (/opt/ros/humble/share/rosidl_adapter/cmake)
[0.847s] -- Found rosidl_generator_cpp: 3.1.6 (/opt/ros/humble/share/rosidl_generator_cpp/cmake)
[0.882s] -- Using all available rosidl_typesupport_c: rosidl_typesupport_fastrtps_c;rosidl_typesupport_introspection_c
[0.963s] -- Using all available rosidl_typesupport_cpp: rosidl_typesupport_fastrtps_cpp;rosidl_typesupport_introspection_cpp
[1.078s] -- Found rmw_implementation_cmake: 6.1.2 (/opt/ros/humble/share/rmw_implementation_cmake/cmake)
[1.088s] -- Found rmw_fastrtps_cpp: 6.2.7 (/opt/ros/humble/share/rmw_fastrtps_cpp/cmake)
[1.440s] -- Using RMW implementation 'rmw_fastrtps_cpp' as default
[1.598s] -- Found rclcpp_components: 16.0.11 (/opt/ros/humble/share/rclcpp_components/cmake)
[1.690s] -- Found ament_lint_auto: 0.12.11 (/opt/ros/humble/share/ament_lint_auto/cmake)
[1.923s] -- Added test 'copyright' to check source files copyright and LICENSE
[1.936s] -- Added test 'cppcheck' to perform static code analysis on C / C++ code
[1.936s] -- Configured cppcheck include dirs: /home/orin/ros2_ws/src/examples/rclcpp/composition/minimal_composition/include
[1.936s] -- Configured cppcheck exclude dirs and/or files: 
[1.939s] -- Added test 'cpplint' to check C / C++ code against the Google style
[1.939s] -- Configured cpplint exclude dirs and/or files: 
[1.940s] -- Added test 'lint_cmake' to check CMake code style
[1.943s] -- Added test 'uncrustify' to check C / C++ code style
[1.944s] -- Configured uncrustify additional arguments: 
[1.944s] -- Added test 'xmllint' to check XML markup files
[1.974s] -- Configuring done
[2.508s] -- Generating done
[2.526s] -- Build files have been written to: /home/orin/ros2_ws/build/examples_rclcpp_minimal_composition
[2.557s] Invoked command in '/home/orin/ros2_ws/build/examples_rclcpp_minimal_composition' returned '0': CMAKE_PREFIX_PATH=/opt/ros/humble /usr/bin/cmake /home/orin/ros2_ws/src/examples/rclcpp/composition/minimal_composition -DCMAKE_INSTALL_PREFIX=/home/orin/ros2_ws/install/examples_rclcpp_minimal_composition
[2.576s] Invoking command in '/home/orin/ros2_ws/build/examples_rclcpp_minimal_composition': CMAKE_PREFIX_PATH=/opt/ros/humble /usr/bin/cmake --build /home/orin/ros2_ws/build/examples_rclcpp_minimal_composition -- -j6 -l6
[2.702s] [35m[1mConsolidate compiler generated dependencies of target composition_nodes[0m
[2.746s] [ 11%] [32mBuilding CXX object CMakeFiles/composition_nodes.dir/src/publisher_node.cpp.o[0m
[14.154s] [ 22%] [32mBuilding CXX object CMakeFiles/composition_nodes.dir/src/subscriber_node.cpp.o[0m
[35.217s] [ 33%] [32m[1mLinking CXX shared library libcomposition_nodes.so[0m
[36.298s] [ 33%] Built target composition_nodes
[36.328s] [35m[1mConsolidate compiler generated dependencies of target composition_publisher[0m
[36.365s] [ 44%] [32mBuilding CXX object CMakeFiles/composition_publisher.dir/src/standalone_publisher.cpp.o[0m
[43.846s] [ 55%] [32m[1mLinking CXX executable composition_publisher[0m
[44.351s] [ 55%] Built target composition_publisher
[44.379s] [35m[1mConsolidate compiler generated dependencies of target composition_composed[0m
[44.419s] [ 66%] [32mBuilding CXX object CMakeFiles/composition_composed.dir/src/composed.cpp.o[0m
[52.038s] [ 77%] [32m[1mLinking CXX executable composition_composed[0m
[52.547s] [ 77%] Built target composition_composed
[52.572s] [35m[1mConsolidate compiler generated dependencies of target composition_subscriber[0m
[52.610s] [ 88%] [32mBuilding CXX object CMakeFiles/composition_subscriber.dir/src/standalone_subscriber.cpp.o[0m
[60.303s] [100%] [32m[1mLinking CXX executable composition_subscriber[0m
[60.969s] [100%] Built target composition_subscriber
[61.003s] Invoked command in '/home/orin/ros2_ws/build/examples_rclcpp_minimal_composition' returned '0': CMAKE_PREFIX_PATH=/opt/ros/humble /usr/bin/cmake --build /home/orin/ros2_ws/build/examples_rclcpp_minimal_composition -- -j6 -l6
[61.006s] Invoking command in '/home/orin/ros2_ws/build/examples_rclcpp_minimal_composition': CMAKE_PREFIX_PATH=/opt/ros/humble /usr/bin/cmake --install /home/orin/ros2_ws/build/examples_rclcpp_minimal_composition
[69.844s] -- Install configuration: ""
[69.844s] -- Execute custom install script
[69.844s] -- Up-to-date symlink: /home/orin/ros2_ws/install/examples_rclcpp_minimal_composition/share/examples_rclcpp_minimal_composition/environment/library_path.sh
[69.845s] -- Up-to-date symlink: /home/orin/ros2_ws/install/examples_rclcpp_minimal_composition/share/examples_rclcpp_minimal_composition/environment/library_path.dsv
[69.845s] -- Up-to-date symlink: /home/orin/ros2_ws/install/examples_rclcpp_minimal_composition/lib/libcomposition_nodes.so
[69.845s] -- Up-to-date symlink: /home/orin/ros2_ws/install/examples_rclcpp_minimal_composition/lib/examples_rclcpp_minimal_composition/composition_publisher
[69.845s] -- Up-to-date symlink: /home/orin/ros2_ws/install/examples_rclcpp_minimal_composition/lib/examples_rclcpp_minimal_composition/composition_subscriber
[69.845s] -- Up-to-date symlink: /home/orin/ros2_ws/install/examples_rclcpp_minimal_composition/lib/examples_rclcpp_minimal_composition/composition_composed
[69.846s] -- Up-to-date symlink: /home/orin/ros2_ws/install/examples_rclcpp_minimal_composition/share/ament_index/resource_index/package_run_dependencies/examples_rclcpp_minimal_composition
[69.846s] -- Up-to-date symlink: /home/orin/ros2_ws/install/examples_rclcpp_minimal_composition/share/ament_index/resource_index/parent_prefix_path/examples_rclcpp_minimal_composition
[69.846s] -- Up-to-date symlink: /home/orin/ros2_ws/install/examples_rclcpp_minimal_composition/share/examples_rclcpp_minimal_composition/environment/ament_prefix_path.sh
[69.846s] -- Up-to-date symlink: /home/orin/ros2_ws/install/examples_rclcpp_minimal_composition/share/examples_rclcpp_minimal_composition/environment/ament_prefix_path.dsv
[69.846s] -- Up-to-date symlink: /home/orin/ros2_ws/install/examples_rclcpp_minimal_composition/share/examples_rclcpp_minimal_composition/environment/path.sh
[69.846s] -- Up-to-date symlink: /home/orin/ros2_ws/install/examples_rclcpp_minimal_composition/share/examples_rclcpp_minimal_composition/environment/path.dsv
[69.846s] -- Up-to-date symlink: /home/orin/ros2_ws/install/examples_rclcpp_minimal_composition/share/examples_rclcpp_minimal_composition/local_setup.bash
[69.846s] -- Up-to-date symlink: /home/orin/ros2_ws/install/examples_rclcpp_minimal_composition/share/examples_rclcpp_minimal_composition/local_setup.sh
[69.847s] -- Up-to-date symlink: /home/orin/ros2_ws/install/examples_rclcpp_minimal_composition/share/examples_rclcpp_minimal_composition/local_setup.zsh
[69.847s] -- Up-to-date symlink: /home/orin/ros2_ws/install/examples_rclcpp_minimal_composition/share/examples_rclcpp_minimal_composition/local_setup.dsv
[69.847s] -- Symlinking: /home/orin/ros2_ws/install/examples_rclcpp_minimal_composition/share/examples_rclcpp_minimal_composition/package.dsv
[69.847s] -- Up-to-date symlink: /home/orin/ros2_ws/install/examples_rclcpp_minimal_composition/share/ament_index/resource_index/packages/examples_rclcpp_minimal_composition
[69.847s] -- Up-to-date symlink: /home/orin/ros2_ws/install/examples_rclcpp_minimal_composition/share/examples_rclcpp_minimal_composition/cmake/examples_rclcpp_minimal_compositionConfig.cmake
[69.847s] -- Up-to-date symlink: /home/orin/ros2_ws/install/examples_rclcpp_minimal_composition/share/examples_rclcpp_minimal_composition/cmake/examples_rclcpp_minimal_compositionConfig-version.cmake
[69.847s] -- Up-to-date symlink: /home/orin/ros2_ws/install/examples_rclcpp_minimal_composition/share/examples_rclcpp_minimal_composition/package.xml
[69.858s] Invoked command in '/home/orin/ros2_ws/build/examples_rclcpp_minimal_composition' returned '0': CMAKE_PREFIX_PATH=/opt/ros/humble /usr/bin/cmake --install /home/orin/ros2_ws/build/examples_rclcpp_minimal_composition
