[0.174s] Invoking command in '/home/orin/ros2_ws/build/depthai_examples': AMENT_PREFIX_PATH=/home/orin/ros2_ws/install/depthai_bridge:/home/orin/ros2_ws/install/depthai_ros_msgs:/home/orin/ros2_ws/install/depthai_descriptions:${AMENT_PREFIX_PATH} CMAKE_PREFIX_PATH=/home/orin/ros2_ws/install/depthai_bridge:/home/orin/ros2_ws/install/depthai_ros_msgs:/home/orin/ros2_ws/install/depthai_descriptions:/opt/ros/humble GAZEBO_MODEL_PATH=/home/orin/ros2_ws/install/depthai_descriptions:${GAZEBO_MODEL_PATH} GAZEBO_RESOURCE_PATH=/home/orin/ros2_ws/install/depthai_descriptions:${GAZEBO_RESOURCE_PATH} IGN_GAZEBO_MODEL_PATH=/home/orin/ros2_ws/install/depthai_descriptions:${IGN_GAZEBO_MODEL_PATH} IGN_GAZEBO_RESOURCE_PATH=/home/orin/ros2_ws/install/depthai_descriptions:${IGN_GAZEBO_RESOURCE_PATH} LD_LIBRARY_PATH=/home/orin/ros2_ws/install/depthai_bridge/lib:/home/orin/ros2_ws/install/depthai_ros_msgs/lib:${LD_LIBRARY_PATH} PYTHONPATH=/home/orin/ros2_ws/install/depthai_ros_msgs/local/lib/python3.10/dist-packages:${PYTHONPATH} /usr/bin/cmake --build /home/orin/ros2_ws/build/depthai_examples -- -j6 -l6
[0.507s] [ 10%] Built target crop_control_service
[0.744s] [ 20%] Built target stereo_node
[0.960s] [ 30%] Built target yolov4_spatial_node
[1.264s] [ 40%] Built target yolov4_node
[1.420s] [ 50%] Built target tracker_yolov4_node
[1.605s] [ 60%] Built target tracker_yolov4_spatial_node
[1.905s] [ 70%] Built target feature_tracker
[2.073s] [ 80%] Built target stereo_inertial_node
[2.190s] [ 90%] Built target rgb_stereo_node
[2.406s] [100%] Built target mobilenet_node
[2.741s] Invoked command in '/home/orin/ros2_ws/build/depthai_examples' returned '0': AMENT_PREFIX_PATH=/home/orin/ros2_ws/install/depthai_bridge:/home/orin/ros2_ws/install/depthai_ros_msgs:/home/orin/ros2_ws/install/depthai_descriptions:${AMENT_PREFIX_PATH} CMAKE_PREFIX_PATH=/home/orin/ros2_ws/install/depthai_bridge:/home/orin/ros2_ws/install/depthai_ros_msgs:/home/orin/ros2_ws/install/depthai_descriptions:/opt/ros/humble GAZEBO_MODEL_PATH=/home/orin/ros2_ws/install/depthai_descriptions:${GAZEBO_MODEL_PATH} GAZEBO_RESOURCE_PATH=/home/orin/ros2_ws/install/depthai_descriptions:${GAZEBO_RESOURCE_PATH} IGN_GAZEBO_MODEL_PATH=/home/orin/ros2_ws/install/depthai_descriptions:${IGN_GAZEBO_MODEL_PATH} IGN_GAZEBO_RESOURCE_PATH=/home/orin/ros2_ws/install/depthai_descriptions:${IGN_GAZEBO_RESOURCE_PATH} LD_LIBRARY_PATH=/home/orin/ros2_ws/install/depthai_bridge/lib:/home/orin/ros2_ws/install/depthai_ros_msgs/lib:${LD_LIBRARY_PATH} PYTHONPATH=/home/orin/ros2_ws/install/depthai_ros_msgs/local/lib/python3.10/dist-packages:${PYTHONPATH} /usr/bin/cmake --build /home/orin/ros2_ws/build/depthai_examples -- -j6 -l6
[2.753s] Invoking command in '/home/orin/ros2_ws/build/depthai_examples': AMENT_PREFIX_PATH=/home/orin/ros2_ws/install/depthai_bridge:/home/orin/ros2_ws/install/depthai_ros_msgs:/home/orin/ros2_ws/install/depthai_descriptions:${AMENT_PREFIX_PATH} CMAKE_PREFIX_PATH=/home/orin/ros2_ws/install/depthai_bridge:/home/orin/ros2_ws/install/depthai_ros_msgs:/home/orin/ros2_ws/install/depthai_descriptions:/opt/ros/humble GAZEBO_MODEL_PATH=/home/orin/ros2_ws/install/depthai_descriptions:${GAZEBO_MODEL_PATH} GAZEBO_RESOURCE_PATH=/home/orin/ros2_ws/install/depthai_descriptions:${GAZEBO_RESOURCE_PATH} IGN_GAZEBO_MODEL_PATH=/home/orin/ros2_ws/install/depthai_descriptions:${IGN_GAZEBO_MODEL_PATH} IGN_GAZEBO_RESOURCE_PATH=/home/orin/ros2_ws/install/depthai_descriptions:${IGN_GAZEBO_RESOURCE_PATH} LD_LIBRARY_PATH=/home/orin/ros2_ws/install/depthai_bridge/lib:/home/orin/ros2_ws/install/depthai_ros_msgs/lib:${LD_LIBRARY_PATH} PYTHONPATH=/home/orin/ros2_ws/install/depthai_ros_msgs/local/lib/python3.10/dist-packages:${PYTHONPATH} /usr/bin/cmake --install /home/orin/ros2_ws/build/depthai_examples
[2.796s] -- Install configuration: ""
[2.796s] -- Execute custom install script
[2.797s] -- Up-to-date symlink: /home/orin/ros2_ws/install/depthai_examples/share/depthai_examples/params/camera/color.yaml
[2.797s] -- Up-to-date symlink: /home/orin/ros2_ws/install/depthai_examples/share/depthai_examples/params/camera/left.yaml
[2.798s] -- Up-to-date symlink: /home/orin/ros2_ws/install/depthai_examples/share/depthai_examples/params/camera/right.yaml
[2.798s] -- Up-to-date symlink: /home/orin/ros2_ws/install/depthai_examples/share/depthai_examples/rviz/pointCloud.rviz
[2.798s] -- Up-to-date symlink: /home/orin/ros2_ws/install/depthai_examples/share/depthai_examples/rviz/rgb_camera.rviz
[2.798s] -- Up-to-date symlink: /home/orin/ros2_ws/install/depthai_examples/share/depthai_examples/rviz/stereoInertial.rviz
[2.801s] -- Up-to-date symlink: /home/orin/ros2_ws/install/depthai_examples/share/depthai_examples/rviz/stereoInertialDepthAlign.rviz
[2.801s] -- Up-to-date symlink: /home/orin/ros2_ws/install/depthai_examples/share/depthai_examples/rviz/stereoInertialDepthAlignROS2.rviz
[2.801s] -- Up-to-date symlink: /home/orin/ros2_ws/install/depthai_examples/share/depthai_examples/rviz/stereoInertialROS1.rviz
[2.801s] -- Up-to-date symlink: /home/orin/ros2_ws/install/depthai_examples/share/depthai_examples/rviz/stereoPointCloud.rviz
[2.801s] -- Up-to-date symlink: /home/orin/ros2_ws/install/depthai_examples/share/depthai_examples/rviz/stereoPointCloud_v1.rviz
[2.801s] -- Up-to-date symlink: /home/orin/ros2_ws/install/depthai_examples/share/depthai_examples/rviz/stereo_config.rviz
[2.801s] -- Up-to-date symlink: /home/orin/ros2_ws/install/depthai_examples/share/depthai_examples/rviz/stereo_nodelet.rviz
[2.802s] -- Up-to-date symlink: /home/orin/ros2_ws/install/depthai_examples/share/depthai_examples/resources/deeplab_v3_plus_mnv2_decoder_256_openvino_2021.4.blob
[2.802s] -- Up-to-date symlink: /home/orin/ros2_ws/install/depthai_examples/share/depthai_examples/resources/mobilenet-ssd_openvino_2021.2_6shave.blob
[2.802s] -- Up-to-date symlink: /home/orin/ros2_ws/install/depthai_examples/share/depthai_examples/resources/yolov4_tiny_coco_416x416_openvino_2021.4_6shave_bgr.blob
[2.823s] -- Up-to-date symlink: /home/orin/ros2_ws/install/depthai_examples/lib/depthai_examples/crop_control_service
[2.846s] -- Up-to-date symlink: /home/orin/ros2_ws/install/depthai_examples/lib/depthai_examples/mobilenet_node
[2.846s] -- Up-to-date symlink: /home/orin/ros2_ws/install/depthai_examples/lib/depthai_examples/rgb_stereo_node
[2.846s] -- Up-to-date symlink: /home/orin/ros2_ws/install/depthai_examples/lib/depthai_examples/stereo_inertial_node
[2.848s] -- Up-to-date symlink: /home/orin/ros2_ws/install/depthai_examples/lib/depthai_examples/stereo_node
[2.849s] -- Up-to-date symlink: /home/orin/ros2_ws/install/depthai_examples/lib/depthai_examples/yolov4_spatial_node
[2.849s] -- Up-to-date symlink: /home/orin/ros2_ws/install/depthai_examples/lib/depthai_examples/yolov4_node
[2.849s] -- Up-to-date symlink: /home/orin/ros2_ws/install/depthai_examples/lib/depthai_examples/feature_tracker
[2.849s] -- Up-to-date symlink: /home/orin/ros2_ws/install/depthai_examples/lib/depthai_examples/tracker_yolov4_node
[2.849s] -- Up-to-date symlink: /home/orin/ros2_ws/install/depthai_examples/lib/depthai_examples/tracker_yolov4_spatial_node
[2.849s] -- Up-to-date symlink: /home/orin/ros2_ws/install/depthai_examples/share/ament_index/resource_index/package_run_dependencies/depthai_examples
[2.853s] -- Up-to-date symlink: /home/orin/ros2_ws/install/depthai_examples/share/ament_index/resource_index/parent_prefix_path/depthai_examples
[2.853s] -- Up-to-date symlink: /home/orin/ros2_ws/install/depthai_examples/share/depthai_examples/environment/ament_prefix_path.sh
[2.853s] -- Up-to-date symlink: /home/orin/ros2_ws/install/depthai_examples/share/depthai_examples/environment/ament_prefix_path.dsv
[2.853s] -- Up-to-date symlink: /home/orin/ros2_ws/install/depthai_examples/share/depthai_examples/environment/path.sh
[2.854s] -- Up-to-date symlink: /home/orin/ros2_ws/install/depthai_examples/share/depthai_examples/environment/path.dsv
[2.854s] -- Up-to-date symlink: /home/orin/ros2_ws/install/depthai_examples/share/depthai_examples/local_setup.bash
[2.854s] -- Up-to-date symlink: /home/orin/ros2_ws/install/depthai_examples/share/depthai_examples/local_setup.sh
[2.855s] -- Up-to-date symlink: /home/orin/ros2_ws/install/depthai_examples/share/depthai_examples/local_setup.zsh
[2.855s] -- Up-to-date symlink: /home/orin/ros2_ws/install/depthai_examples/share/depthai_examples/local_setup.dsv
[2.855s] -- Symlinking: /home/orin/ros2_ws/install/depthai_examples/share/depthai_examples/package.dsv
[2.869s] -- Up-to-date symlink: /home/orin/ros2_ws/install/depthai_examples/share/ament_index/resource_index/packages/depthai_examples
[2.869s] -- Up-to-date symlink: /home/orin/ros2_ws/install/depthai_examples/share/depthai_examples/cmake/depthai_examplesConfig.cmake
[2.870s] -- Up-to-date symlink: /home/orin/ros2_ws/install/depthai_examples/share/depthai_examples/cmake/depthai_examplesConfig-version.cmake
[2.872s] -- Up-to-date symlink: /home/orin/ros2_ws/install/depthai_examples/share/depthai_examples/package.xml
[2.877s] -- Up-to-date: /home/orin/ros2_ws/install/depthai_examples/share/depthai_examples/launch
[2.877s] -- Up-to-date: /home/orin/ros2_ws/install/depthai_examples/share/depthai_examples/launch/tracker_yolov4_node.launch.py
[2.877s] -- Up-to-date: /home/orin/ros2_ws/install/depthai_examples/share/depthai_examples/launch/stereo_inertial_node.launch.py
[2.878s] -- Up-to-date: /home/orin/ros2_ws/install/depthai_examples/share/depthai_examples/launch/mobile_publisher.launch.py
[2.878s] -- Up-to-date: /home/orin/ros2_ws/install/depthai_examples/share/depthai_examples/launch/tracker_yolov4_spatial_node.launch.py
[2.879s] -- Up-to-date: /home/orin/ros2_ws/install/depthai_examples/share/depthai_examples/launch/rgb_stereo_node.launch.py
[2.882s] -- Up-to-date: /home/orin/ros2_ws/install/depthai_examples/share/depthai_examples/launch/stereo.launch.py
[2.882s] -- Up-to-date: /home/orin/ros2_ws/install/depthai_examples/share/depthai_examples/launch/yolov4_publisher.launch.py
[3.028s] Invoked command in '/home/orin/ros2_ws/build/depthai_examples' returned '0': AMENT_PREFIX_PATH=/home/orin/ros2_ws/install/depthai_bridge:/home/orin/ros2_ws/install/depthai_ros_msgs:/home/orin/ros2_ws/install/depthai_descriptions:${AMENT_PREFIX_PATH} CMAKE_PREFIX_PATH=/home/orin/ros2_ws/install/depthai_bridge:/home/orin/ros2_ws/install/depthai_ros_msgs:/home/orin/ros2_ws/install/depthai_descriptions:/opt/ros/humble GAZEBO_MODEL_PATH=/home/orin/ros2_ws/install/depthai_descriptions:${GAZEBO_MODEL_PATH} GAZEBO_RESOURCE_PATH=/home/orin/ros2_ws/install/depthai_descriptions:${GAZEBO_RESOURCE_PATH} IGN_GAZEBO_MODEL_PATH=/home/orin/ros2_ws/install/depthai_descriptions:${IGN_GAZEBO_MODEL_PATH} IGN_GAZEBO_RESOURCE_PATH=/home/orin/ros2_ws/install/depthai_descriptions:${IGN_GAZEBO_RESOURCE_PATH} LD_LIBRARY_PATH=/home/orin/ros2_ws/install/depthai_bridge/lib:/home/orin/ros2_ws/install/depthai_ros_msgs/lib:${LD_LIBRARY_PATH} PYTHONPATH=/home/orin/ros2_ws/install/depthai_ros_msgs/local/lib/python3.10/dist-packages:${PYTHONPATH} /usr/bin/cmake --install /home/orin/ros2_ws/build/depthai_examples
