-- The C compiler identification is GNU 11.4.0
-- The CXX compiler identification is GNU 11.4.0
-- Detecting C compiler ABI info
-- Detecting C compiler ABI info - done
-- Check for working C compiler: /usr/bin/cc - skipped
-- Detecting C compile features
-- Detecting C compile features - done
-- Detecting CXX compiler ABI info
-- Detecting CXX compiler ABI info - done
-- Check for working CXX compiler: /usr/bin/c++ - skipped
-- Detecting CXX compile features
-- Detecting CXX compile features - done
-- Found ament_cmake_ros: 0.10.0 (/opt/ros/humble/share/ament_cmake_ros/cmake)
-- Found Python3: /usr/bin/python3 (found version "3.10.12") found components: Interpreter 
-- Override CMake install command with custom implementation using symlinks instead of copying resources
-- Found Python3: /usr/include/python3.10 (found version "3.10.12") found components: Development NumPy Interpreter Development.Module Development.Embed 
-- Found Boost: /usr/lib/aarch64-linux-gnu/cmake/Boost-1.74.0/BoostConfig.cmake (found version "1.74.0") found components: python310 
-- Found rclcpp: 16.0.10 (/opt/ros/humble/share/rclcpp/cmake)
-- Found rosidl_generator_c: 3.1.5 (/opt/ros/humble/share/rosidl_generator_c/cmake)
-- Found rosidl_adapter: 3.1.5 (/opt/ros/humble/share/rosidl_adapter/cmake)
-- Found rosidl_generator_cpp: 3.1.5 (/opt/ros/humble/share/rosidl_generator_cpp/cmake)
-- Using all available rosidl_typesupport_c: rosidl_typesupport_fastrtps_c;rosidl_typesupport_introspection_c
-- Using all available rosidl_typesupport_cpp: rosidl_typesupport_fastrtps_cpp;rosidl_typesupport_introspection_cpp
-- Found rmw_implementation_cmake: 6.1.2 (/opt/ros/humble/share/rmw_implementation_cmake/cmake)
-- Found rmw_fastrtps_cpp: 6.2.7 (/opt/ros/humble/share/rmw_fastrtps_cpp/cmake)
-- Found OpenSSL: /usr/lib/aarch64-linux-gnu/libcrypto.so (found version "3.0.2")  
-- Found FastRTPS: /opt/ros/humble/include  
-- Using RMW implementation 'rmw_fastrtps_cpp' as default
-- Looking for pthread.h
-- Looking for pthread.h - found
-- Performing Test CMAKE_HAVE_LIBC_PTHREAD
-- Performing Test CMAKE_HAVE_LIBC_PTHREAD - Success
-- Found Threads: TRUE  
-- Found sensor_msgs: 4.2.4 (/opt/ros/humble/share/sensor_msgs/cmake)
-- Found CUDA: /usr/local/cuda (found suitable exact version "12.2") 
-- Performing Test COMPILER_HAS_HIDDEN_VISIBILITY
-- Performing Test COMPILER_HAS_HIDDEN_VISIBILITY - Success
-- Performing Test COMPILER_HAS_HIDDEN_INLINE_VISIBILITY
-- Performing Test COMPILER_HAS_HIDDEN_INLINE_VISIBILITY - Success
-- Performing Test COMPILER_HAS_DEPRECATED_ATTR
-- Performing Test COMPILER_HAS_DEPRECATED_ATTR - Success
-- Found ament_lint_auto: 0.12.11 (/opt/ros/humble/share/ament_lint_auto/cmake)
-- Found gtest sources under '/opt/ros/humble/src/gtest_vendor': C++ tests using 'Google Test' will be built
-- Configuring done
-- Generating done
-- Build files have been written to: /home/orin/ros2_ws/build/cv_bridge
[  5%] [32mBuilding CXX object gtest/CMakeFiles/gtest_main.dir/src/gtest_main.cc.o[0m
[ 11%] [32mBuilding CXX object src/CMakeFiles/cv_bridge.dir/cv_bridge.cpp.o[0m
[ 16%] [32mBuilding CXX object src/CMakeFiles/cv_bridge.dir/rgb_colors.cpp.o[0m
[ 22%] [32mBuilding CXX object src/CMakeFiles/cv_bridge.dir/cv_mat_sensor_msgs_image_type_adapter.cpp.o[0m
[ 27%] [32mBuilding CXX object gtest/CMakeFiles/gtest.dir/src/gtest-all.cc.o[0m
[ 27%] Built target ament_cmake_python_symlink_cv_bridge
running egg_info
creating cv_bridge.egg-info
writing cv_bridge.egg-info/PKG-INFO
writing dependency_links to cv_bridge.egg-info/dependency_links.txt
writing top-level names to cv_bridge.egg-info/top_level.txt
writing manifest file 'cv_bridge.egg-info/SOURCES.txt'
reading manifest file 'cv_bridge.egg-info/SOURCES.txt'
writing manifest file 'cv_bridge.egg-info/SOURCES.txt'
[ 27%] Built target ament_cmake_python_build_cv_bridge_egg
[ 33%] [32m[1mLinking CXX static library libgtest_main.a[0m
[ 33%] Built target gtest_main
[ 38%] [32m[1mLinking CXX shared library libcv_bridge.so[0m
[ 38%] Built target cv_bridge
[ 44%] [32mBuilding CXX object src/CMakeFiles/cv_bridge_boost.dir/module.cpp.o[0m
[ 50%] [32mBuilding CXX object src/CMakeFiles/cv_bridge_boost.dir/module_opencv4.cpp.o[0m
[ 55%] [32m[1mLinking CXX static library libgtest.a[0m
[ 55%] Built target gtest
[ 61%] [32mBuilding CXX object test/CMakeFiles/cv_bridge-utest.dir/test_endian.cpp.o[0m
[ 66%] [32mBuilding CXX object test/CMakeFiles/cv_bridge-utest.dir/utest2.cpp.o[0m
[ 72%] [32mBuilding CXX object test/CMakeFiles/cv_bridge-utest.dir/test_compression.cpp.o[0m
[ 77%] [32mBuilding CXX object test/CMakeFiles/cv_bridge-utest.dir/utest.cpp.o[0m
[ 83%] [32mBuilding CXX object test/CMakeFiles/cv_bridge-utest.dir/test_rgb_colors.cpp.o[0m
[ 88%] [32mBuilding CXX object test/CMakeFiles/cv_bridge-utest.dir/test_dynamic_scaling.cpp.o[0m
[ 94%] [32m[1mLinking CXX shared module boost/cv_bridge_boost.so[0m
[ 94%] Built target cv_bridge_boost
[100%] [32m[1mLinking CXX executable cv_bridge-utest[0m
[100%] Built target cv_bridge-utest
-- Install configuration: "Release"
-- Execute custom install script
-- Symlinking: /home/orin/ros2_ws/install/cv_bridge/share/cv_bridge/environment/pythonpath.sh
-- Symlinking: /home/orin/ros2_ws/install/cv_bridge/share/cv_bridge/environment/pythonpath.dsv
-- Symlinking: /home/orin/ros2_ws/install/cv_bridge/local/lib/python3.10/dist-packages/cv_bridge-4.1.0-py3.10.egg-info/PKG-INFO
-- Symlinking: /home/orin/ros2_ws/install/cv_bridge/local/lib/python3.10/dist-packages/cv_bridge-4.1.0-py3.10.egg-info/SOURCES.txt
-- Symlinking: /home/orin/ros2_ws/install/cv_bridge/local/lib/python3.10/dist-packages/cv_bridge-4.1.0-py3.10.egg-info/dependency_links.txt
-- Symlinking: /home/orin/ros2_ws/install/cv_bridge/local/lib/python3.10/dist-packages/cv_bridge-4.1.0-py3.10.egg-info/top_level.txt
-- Symlinking: /home/orin/ros2_ws/install/cv_bridge/local/lib/python3.10/dist-packages/cv_bridge/__init__.py
-- Symlinking: /home/orin/ros2_ws/install/cv_bridge/local/lib/python3.10/dist-packages/cv_bridge/core.py
-- Symlinking: /home/orin/ros2_ws/install/cv_bridge/include/cv_bridge/cv_bridge/cv_bridge_export.h
-- Symlinking: /home/orin/ros2_ws/install/cv_bridge/local/lib/python3.10/dist-packages/cv_bridge/boost//cv_bridge_boost.so
-- Symlinking: /home/orin/ros2_ws/install/cv_bridge/include/cv_bridge/cv_bridge/cv_bridge.hpp
-- Symlinking: /home/orin/ros2_ws/install/cv_bridge/include/cv_bridge/cv_bridge/cv_mat_sensor_msgs_image_type_adapter.hpp
-- Symlinking: /home/orin/ros2_ws/install/cv_bridge/include/cv_bridge/cv_bridge/rgb_colors.hpp
-- Symlinking: /home/orin/ros2_ws/install/cv_bridge/include/cv_bridge/cv_bridge/visibility_control.h
-- Symlinking: /home/orin/ros2_ws/install/cv_bridge/lib/libcv_bridge.so
-- Symlinking: /home/orin/ros2_ws/install/cv_bridge/share/ament_index/resource_index/package_run_dependencies/cv_bridge
-- Symlinking: /home/orin/ros2_ws/install/cv_bridge/share/ament_index/resource_index/parent_prefix_path/cv_bridge
-- Symlinking: /home/orin/ros2_ws/install/cv_bridge/share/cv_bridge/environment/ament_prefix_path.sh
-- Symlinking: /home/orin/ros2_ws/install/cv_bridge/share/cv_bridge/environment/ament_prefix_path.dsv
-- Symlinking: /home/orin/ros2_ws/install/cv_bridge/share/cv_bridge/environment/path.sh
-- Symlinking: /home/orin/ros2_ws/install/cv_bridge/share/cv_bridge/environment/path.dsv
-- Symlinking: /home/orin/ros2_ws/install/cv_bridge/share/cv_bridge/local_setup.bash
-- Symlinking: /home/orin/ros2_ws/install/cv_bridge/share/cv_bridge/local_setup.sh
-- Symlinking: /home/orin/ros2_ws/install/cv_bridge/share/cv_bridge/local_setup.zsh
-- Symlinking: /home/orin/ros2_ws/install/cv_bridge/share/cv_bridge/local_setup.dsv
-- Symlinking: /home/orin/ros2_ws/install/cv_bridge/share/cv_bridge/package.dsv
-- Symlinking: /home/orin/ros2_ws/install/cv_bridge/share/ament_index/resource_index/packages/cv_bridge
-- Symlinking: /home/orin/ros2_ws/install/cv_bridge/share/cv_bridge/cmake/cv_bridge-extras.cmake
-- Symlinking: /home/orin/ros2_ws/install/cv_bridge/share/cv_bridge/cmake/ament_cmake_export_dependencies-extras.cmake
-- Symlinking: /home/orin/ros2_ws/install/cv_bridge/share/cv_bridge/cmake/ament_cmake_export_targets-extras.cmake
-- Symlinking: /home/orin/ros2_ws/install/cv_bridge/share/cv_bridge/cmake/cv_bridgeConfig.cmake
-- Symlinking: /home/orin/ros2_ws/install/cv_bridge/share/cv_bridge/cmake/cv_bridgeConfig-version.cmake
-- Symlinking: /home/orin/ros2_ws/install/cv_bridge/share/cv_bridge/package.xml
Listing '/home/orin/ros2_ws/install/cv_bridge/local/lib/python3.10/dist-packages/cv_bridge'...
Compiling '/home/orin/ros2_ws/install/cv_bridge/local/lib/python3.10/dist-packages/cv_bridge/__init__.py'...
Listing '/home/orin/ros2_ws/install/cv_bridge/local/lib/python3.10/dist-packages/cv_bridge/boost'...
Compiling '/home/orin/ros2_ws/install/cv_bridge/local/lib/python3.10/dist-packages/cv_bridge/core.py'...
-- Installing: /home/orin/ros2_ws/install/cv_bridge/share/cv_bridge/cmake/export_cv_bridgeExport.cmake
-- Installing: /home/orin/ros2_ws/install/cv_bridge/share/cv_bridge/cmake/export_cv_bridgeExport-release.cmake
