[0.108s] Invoking command in '/home/orin/ros2_ws/build/cv_bridge': CMAKE_PREFIX_PATH=/opt/ros/humble /usr/bin/cmake /home/orin/ros2_ws/src/vision_opencv/cv_bridge -DCMAKE_BUILD_TYPE=Release -DAMENT_CMAKE_SYMLINK_INSTALL=1 -DCMAKE_INSTALL_PREFIX=/home/orin/ros2_ws/install/cv_bridge
[0.924s] -- The C compiler identification is GNU 11.4.0
[1.220s] -- The CXX compiler identification is GNU 11.4.0
[1.267s] -- Detecting C compiler ABI info
[1.494s] -- Detecting C compiler ABI info - done
[1.523s] -- Check for working C compiler: /usr/bin/cc - skipped
[1.524s] -- Detecting C compile features
[1.524s] -- Detecting C compile features - done
[1.527s] -- Detecting CXX compiler ABI info
[1.780s] -- Detecting CXX compiler ABI info - done
[1.797s] -- Check for working CXX compiler: /usr/bin/c++ - skipped
[1.797s] -- Detecting CXX compile features
[1.798s] -- Detecting CXX compile features - done
[1.813s] -- Found ament_cmake_ros: 0.10.0 (/opt/ros/humble/share/ament_cmake_ros/cmake)
[3.095s] -- Found Python3: /usr/bin/python3 (found version "3.10.12") found components: Interpreter 
[3.255s] -- Override CMake install command with custom implementation using symlinks instead of copying resources
[5.781s] -- Found Python3: /usr/include/python3.10 (found version "3.10.12") found components: Development NumPy Interpreter Development.Module Development.Embed 
[6.307s] -- Found Boost: /usr/lib/aarch64-linux-gnu/cmake/Boost-1.74.0/BoostConfig.cmake (found version "1.74.0") found components: python310 
[6.322s] -- Found rclcpp: 16.0.10 (/opt/ros/humble/share/rclcpp/cmake)
[6.459s] -- Found rosidl_generator_c: 3.1.5 (/opt/ros/humble/share/rosidl_generator_c/cmake)
[6.471s] -- Found rosidl_adapter: 3.1.5 (/opt/ros/humble/share/rosidl_adapter/cmake)
[6.491s] -- Found rosidl_generator_cpp: 3.1.5 (/opt/ros/humble/share/rosidl_generator_cpp/cmake)
[6.519s] -- Using all available rosidl_typesupport_c: rosidl_typesupport_fastrtps_c;rosidl_typesupport_introspection_c
[6.555s] -- Using all available rosidl_typesupport_cpp: rosidl_typesupport_fastrtps_cpp;rosidl_typesupport_introspection_cpp
[6.939s] -- Found rmw_implementation_cmake: 6.1.2 (/opt/ros/humble/share/rmw_implementation_cmake/cmake)
[6.951s] -- Found rmw_fastrtps_cpp: 6.2.7 (/opt/ros/humble/share/rmw_fastrtps_cpp/cmake)
[7.538s] -- Found OpenSSL: /usr/lib/aarch64-linux-gnu/libcrypto.so (found version "3.0.2")  
[7.682s] -- Found FastRTPS: /opt/ros/humble/include  
[7.808s] -- Using RMW implementation 'rmw_fastrtps_cpp' as default
[7.868s] -- Looking for pthread.h
[8.094s] -- Looking for pthread.h - found
[8.099s] -- Performing Test CMAKE_HAVE_LIBC_PTHREAD
[8.346s] -- Performing Test CMAKE_HAVE_LIBC_PTHREAD - Success
[8.349s] -- Found Threads: TRUE  
[8.719s] -- Found sensor_msgs: 4.2.4 (/opt/ros/humble/share/sensor_msgs/cmake)
[8.959s] -- Found CUDA: /usr/local/cuda (found suitable exact version "12.2") 
[10.510s] -- Performing Test COMPILER_HAS_HIDDEN_VISIBILITY
[21.559s] -- Performing Test COMPILER_HAS_HIDDEN_VISIBILITY - Success
[21.567s] -- Performing Test COMPILER_HAS_HIDDEN_INLINE_VISIBILITY
[22.438s] -- Performing Test COMPILER_HAS_HIDDEN_INLINE_VISIBILITY - Success
[22.463s] -- Performing Test COMPILER_HAS_DEPRECATED_ATTR
[23.089s] -- Performing Test COMPILER_HAS_DEPRECATED_ATTR - Success
[23.124s] -- Found ament_lint_auto: 0.12.11 (/opt/ros/humble/share/ament_lint_auto/cmake)
[23.739s] -- Found gtest sources under '/opt/ros/humble/src/gtest_vendor': C++ tests using 'Google Test' will be built
[32.775s] -- Configuring done
[32.963s] -- Generating done
[32.979s] -- Build files have been written to: /home/orin/ros2_ws/build/cv_bridge
[33.110s] Invoked command in '/home/orin/ros2_ws/build/cv_bridge' returned '0': CMAKE_PREFIX_PATH=/opt/ros/humble /usr/bin/cmake /home/orin/ros2_ws/src/vision_opencv/cv_bridge -DCMAKE_BUILD_TYPE=Release -DAMENT_CMAKE_SYMLINK_INSTALL=1 -DCMAKE_INSTALL_PREFIX=/home/orin/ros2_ws/install/cv_bridge
[33.112s] Invoking command in '/home/orin/ros2_ws/build/cv_bridge': CMAKE_PREFIX_PATH=/opt/ros/humble /usr/bin/cmake --build /home/orin/ros2_ws/build/cv_bridge
[33.601s] [  5%] [32mBuilding CXX object gtest/CMakeFiles/gtest_main.dir/src/gtest_main.cc.o[0m
[33.619s] [ 11%] [32mBuilding CXX object src/CMakeFiles/cv_bridge.dir/cv_bridge.cpp.o[0m
[33.659s] [ 16%] [32mBuilding CXX object src/CMakeFiles/cv_bridge.dir/rgb_colors.cpp.o[0m
[33.669s] [ 22%] [32mBuilding CXX object src/CMakeFiles/cv_bridge.dir/cv_mat_sensor_msgs_image_type_adapter.cpp.o[0m
[33.718s] [ 27%] [32mBuilding CXX object gtest/CMakeFiles/gtest.dir/src/gtest-all.cc.o[0m
[33.783s] [ 27%] Built target ament_cmake_python_symlink_cv_bridge
[35.891s] running egg_info
[35.926s] creating cv_bridge.egg-info
[36.123s] writing cv_bridge.egg-info/PKG-INFO
[36.139s] writing dependency_links to cv_bridge.egg-info/dependency_links.txt
[36.139s] writing top-level names to cv_bridge.egg-info/top_level.txt
[36.139s] writing manifest file 'cv_bridge.egg-info/SOURCES.txt'
[37.011s] reading manifest file 'cv_bridge.egg-info/SOURCES.txt'
[37.031s] writing manifest file 'cv_bridge.egg-info/SOURCES.txt'
[38.090s] [ 27%] Built target ament_cmake_python_build_cv_bridge_egg
[41.587s] [ 33%] [32m[1mLinking CXX static library libgtest_main.a[0m
[41.995s] [ 33%] Built target gtest_main
[88.719s] [ 38%] [32m[1mLinking CXX shared library libcv_bridge.so[0m
[89.762s] [ 38%] Built target cv_bridge
[89.963s] [ 44%] [32mBuilding CXX object src/CMakeFiles/cv_bridge_boost.dir/module.cpp.o[0m
[89.983s] [ 50%] [32mBuilding CXX object src/CMakeFiles/cv_bridge_boost.dir/module_opencv4.cpp.o[0m
[103.240s] [ 55%] [32m[1mLinking CXX static library libgtest.a[0m
[104.050s] [ 55%] Built target gtest
[104.381s] [ 61%] [32mBuilding CXX object test/CMakeFiles/cv_bridge-utest.dir/test_endian.cpp.o[0m
[104.434s] [ 66%] [32mBuilding CXX object test/CMakeFiles/cv_bridge-utest.dir/utest2.cpp.o[0m
[104.489s] [ 72%] [32mBuilding CXX object test/CMakeFiles/cv_bridge-utest.dir/test_compression.cpp.o[0m
[104.516s] [ 77%] [32mBuilding CXX object test/CMakeFiles/cv_bridge-utest.dir/utest.cpp.o[0m
[130.188s] [ 83%] [32mBuilding CXX object test/CMakeFiles/cv_bridge-utest.dir/test_rgb_colors.cpp.o[0m
[131.040s] [ 88%] [32mBuilding CXX object test/CMakeFiles/cv_bridge-utest.dir/test_dynamic_scaling.cpp.o[0m
[137.331s] [ 94%] [32m[1mLinking CXX shared module boost/cv_bridge_boost.so[0m
[139.218s] [ 94%] Built target cv_bridge_boost
[149.595s] [100%] [32m[1mLinking CXX executable cv_bridge-utest[0m
[151.111s] [100%] Built target cv_bridge-utest
[151.455s] Invoked command in '/home/orin/ros2_ws/build/cv_bridge' returned '0': CMAKE_PREFIX_PATH=/opt/ros/humble /usr/bin/cmake --build /home/orin/ros2_ws/build/cv_bridge
[152.120s] Invoking command in '/home/orin/ros2_ws/build/cv_bridge': CMAKE_PREFIX_PATH=/opt/ros/humble /usr/bin/cmake --install /home/orin/ros2_ws/build/cv_bridge
[152.164s] -- Install configuration: "Release"
[152.164s] -- Execute custom install script
[152.169s] -- Symlinking: /home/orin/ros2_ws/install/cv_bridge/share/cv_bridge/environment/pythonpath.sh
[152.255s] -- Symlinking: /home/orin/ros2_ws/install/cv_bridge/share/cv_bridge/environment/pythonpath.dsv
[152.280s] -- Symlinking: /home/orin/ros2_ws/install/cv_bridge/local/lib/python3.10/dist-packages/cv_bridge-4.1.0-py3.10.egg-info/PKG-INFO
[152.423s] -- Symlinking: /home/orin/ros2_ws/install/cv_bridge/local/lib/python3.10/dist-packages/cv_bridge-4.1.0-py3.10.egg-info/SOURCES.txt
[152.480s] -- Symlinking: /home/orin/ros2_ws/install/cv_bridge/local/lib/python3.10/dist-packages/cv_bridge-4.1.0-py3.10.egg-info/dependency_links.txt
[152.533s] -- Symlinking: /home/orin/ros2_ws/install/cv_bridge/local/lib/python3.10/dist-packages/cv_bridge-4.1.0-py3.10.egg-info/top_level.txt
[152.678s] -- Symlinking: /home/orin/ros2_ws/install/cv_bridge/local/lib/python3.10/dist-packages/cv_bridge/__init__.py
[152.752s] -- Symlinking: /home/orin/ros2_ws/install/cv_bridge/local/lib/python3.10/dist-packages/cv_bridge/core.py
[152.995s] -- Symlinking: /home/orin/ros2_ws/install/cv_bridge/include/cv_bridge/cv_bridge/cv_bridge_export.h
[153.127s] -- Symlinking: /home/orin/ros2_ws/install/cv_bridge/local/lib/python3.10/dist-packages/cv_bridge/boost//cv_bridge_boost.so
[153.281s] -- Symlinking: /home/orin/ros2_ws/install/cv_bridge/include/cv_bridge/cv_bridge/cv_bridge.hpp
[153.337s] -- Symlinking: /home/orin/ros2_ws/install/cv_bridge/include/cv_bridge/cv_bridge/cv_mat_sensor_msgs_image_type_adapter.hpp
[153.400s] -- Symlinking: /home/orin/ros2_ws/install/cv_bridge/include/cv_bridge/cv_bridge/rgb_colors.hpp
[153.479s] -- Symlinking: /home/orin/ros2_ws/install/cv_bridge/include/cv_bridge/cv_bridge/visibility_control.h
[153.598s] -- Symlinking: /home/orin/ros2_ws/install/cv_bridge/lib/libcv_bridge.so
[153.799s] -- Symlinking: /home/orin/ros2_ws/install/cv_bridge/share/ament_index/resource_index/package_run_dependencies/cv_bridge
[153.968s] -- Symlinking: /home/orin/ros2_ws/install/cv_bridge/share/ament_index/resource_index/parent_prefix_path/cv_bridge
[154.012s] -- Symlinking: /home/orin/ros2_ws/install/cv_bridge/share/cv_bridge/environment/ament_prefix_path.sh
[154.075s] -- Symlinking: /home/orin/ros2_ws/install/cv_bridge/share/cv_bridge/environment/ament_prefix_path.dsv
[154.157s] -- Symlinking: /home/orin/ros2_ws/install/cv_bridge/share/cv_bridge/environment/path.sh
[154.204s] -- Symlinking: /home/orin/ros2_ws/install/cv_bridge/share/cv_bridge/environment/path.dsv
[154.259s] -- Symlinking: /home/orin/ros2_ws/install/cv_bridge/share/cv_bridge/local_setup.bash
[154.288s] -- Symlinking: /home/orin/ros2_ws/install/cv_bridge/share/cv_bridge/local_setup.sh
[154.353s] -- Symlinking: /home/orin/ros2_ws/install/cv_bridge/share/cv_bridge/local_setup.zsh
[154.411s] -- Symlinking: /home/orin/ros2_ws/install/cv_bridge/share/cv_bridge/local_setup.dsv
[154.488s] -- Symlinking: /home/orin/ros2_ws/install/cv_bridge/share/cv_bridge/package.dsv
[154.724s] -- Symlinking: /home/orin/ros2_ws/install/cv_bridge/share/ament_index/resource_index/packages/cv_bridge
[154.900s] -- Symlinking: /home/orin/ros2_ws/install/cv_bridge/share/cv_bridge/cmake/cv_bridge-extras.cmake
[155.031s] -- Symlinking: /home/orin/ros2_ws/install/cv_bridge/share/cv_bridge/cmake/ament_cmake_export_dependencies-extras.cmake
[155.187s] -- Symlinking: /home/orin/ros2_ws/install/cv_bridge/share/cv_bridge/cmake/ament_cmake_export_targets-extras.cmake
[155.275s] -- Symlinking: /home/orin/ros2_ws/install/cv_bridge/share/cv_bridge/cmake/cv_bridgeConfig.cmake
[155.348s] -- Symlinking: /home/orin/ros2_ws/install/cv_bridge/share/cv_bridge/cmake/cv_bridgeConfig-version.cmake
[155.395s] -- Symlinking: /home/orin/ros2_ws/install/cv_bridge/share/cv_bridge/package.xml
[155.699s] Listing '/home/orin/ros2_ws/install/cv_bridge/local/lib/python3.10/dist-packages/cv_bridge'...
[155.700s] Compiling '/home/orin/ros2_ws/install/cv_bridge/local/lib/python3.10/dist-packages/cv_bridge/__init__.py'...
[155.701s] Listing '/home/orin/ros2_ws/install/cv_bridge/local/lib/python3.10/dist-packages/cv_bridge/boost'...
[155.701s] Compiling '/home/orin/ros2_ws/install/cv_bridge/local/lib/python3.10/dist-packages/cv_bridge/core.py'...
[155.755s] -- Installing: /home/orin/ros2_ws/install/cv_bridge/share/cv_bridge/cmake/export_cv_bridgeExport.cmake
[155.755s] -- Installing: /home/orin/ros2_ws/install/cv_bridge/share/cv_bridge/cmake/export_cv_bridgeExport-release.cmake
[155.773s] Invoked command in '/home/orin/ros2_ws/build/cv_bridge' returned '0': CMAKE_PREFIX_PATH=/opt/ros/humble /usr/bin/cmake --install /home/orin/ros2_ws/build/cv_bridge
