[8.991s] Invoking command in '/home/orin/ros2_ws/build/examples_rclpy_executors': PYTHONPATH=/home/orin/ros2_ws/build/examples_rclpy_executors/prefix_override:/usr/lib/python3/dist-packages/colcon_core/task/python/colcon_distutils_commands:/home/orin/ros2_ws/install/examples_rclpy_executors/lib/python3.10/site-packages:${PYTHONPATH} /usr/bin/python3 -W ignore:setup.py install is deprecated setup.py develop --editable --build-directory /home/orin/ros2_ws/build/examples_rclpy_executors/build --no-deps symlink_data
[11.580s] /home/orin/.local/lib/python3.10/site-packages/setuptools/_distutils/dist.py:261: UserWarning: Unknown distribution option: 'tests_require'
[11.585s]   warnings.warn(msg)
[12.792s] running develop
[12.792s] /home/orin/.local/lib/python3.10/site-packages/setuptools/command/develop.py:41: EasyInstallDeprecationWarning: easy_install command is deprecated.
[12.792s] !!
[12.792s] 
[12.797s]         ********************************************************************************
[12.797s]         Please avoid running ``setup.py`` and ``easy_install``.
[12.797s]         Instead, use pypa/build, pypa/installer or other
[12.798s]         standards-based tools.
[12.798s] 
[12.798s]         See https://github.com/pypa/setuptools/issues/917 for details.
[12.803s]         ********************************************************************************
[12.804s] 
[12.804s] !!
[12.804s]   easy_install.initialize_options(self)
[15.552s] running egg_info
[15.733s] writing examples_rclpy_executors.egg-info/PKG-INFO
[15.739s] writing dependency_links to examples_rclpy_executors.egg-info/dependency_links.txt
[15.743s] writing entry points to examples_rclpy_executors.egg-info/entry_points.txt
[15.756s] writing requirements to examples_rclpy_executors.egg-info/requires.txt
[15.756s] writing top-level names to examples_rclpy_executors.egg-info/top_level.txt
[16.760s] reading manifest file 'examples_rclpy_executors.egg-info/SOURCES.txt'
[16.809s] writing manifest file 'examples_rclpy_executors.egg-info/SOURCES.txt'
[16.920s] running build_ext
[16.920s] Creating /home/orin/ros2_ws/install/examples_rclpy_executors/lib/python3.10/site-packages/examples-rclpy-executors.egg-link (link to .)
[16.920s] Installing callback_group script to /home/orin/ros2_ws/install/examples_rclpy_executors/lib/examples_rclpy_executors
[16.941s] Installing composed script to /home/orin/ros2_ws/install/examples_rclpy_executors/lib/examples_rclpy_executors
[16.948s] Installing custom_callback_group script to /home/orin/ros2_ws/install/examples_rclpy_executors/lib/examples_rclpy_executors
[16.951s] Installing custom_executor script to /home/orin/ros2_ws/install/examples_rclpy_executors/lib/examples_rclpy_executors
[16.953s] Installing listener script to /home/orin/ros2_ws/install/examples_rclpy_executors/lib/examples_rclpy_executors
[16.954s] Installing talker script to /home/orin/ros2_ws/install/examples_rclpy_executors/lib/examples_rclpy_executors
[16.958s] 
[16.958s] Installed /home/orin/ros2_ws/build/examples_rclpy_executors
[16.966s] running symlink_data
[20.374s] Invoked command in '/home/orin/ros2_ws/build/examples_rclpy_executors' returned '0': PYTHONPATH=/home/orin/ros2_ws/build/examples_rclpy_executors/prefix_override:/usr/lib/python3/dist-packages/colcon_core/task/python/colcon_distutils_commands:/home/orin/ros2_ws/install/examples_rclpy_executors/lib/python3.10/site-packages:${PYTHONPATH} /usr/bin/python3 -W ignore:setup.py install is deprecated setup.py develop --editable --build-directory /home/orin/ros2_ws/build/examples_rclpy_executors/build --no-deps symlink_data
