[3.818s] Invoking command in '/home/orin/ros2_ws/build/examples_rclpy_minimal_action_server': PYTHONPATH=/home/orin/ros2_ws/build/examples_rclpy_minimal_action_server/prefix_override:/usr/lib/python3/dist-packages/colcon_core/task/python/colcon_distutils_commands:/home/orin/ros2_ws/install/examples_rclpy_minimal_action_server/lib/python3.10/site-packages:${PYTHONPATH} /usr/bin/python3 -W ignore:setup.py install is deprecated -W ignore:easy_install command is deprecated setup.py develop --editable --build-directory /home/orin/ros2_ws/build/examples_rclpy_minimal_action_server/build --no-deps symlink_data
[4.425s] /home/orin/.local/lib/python3.10/site-packages/setuptools/_distutils/dist.py:261: UserWarning: Unknown distribution option: 'tests_require'
[4.426s]   warnings.warn(msg)
[5.336s] running develop
[6.120s] running egg_info
[6.188s] writing examples_rclpy_minimal_action_server.egg-info/PKG-INFO
[6.189s] writing dependency_links to examples_rclpy_minimal_action_server.egg-info/dependency_links.txt
[6.192s] writing entry points to examples_rclpy_minimal_action_server.egg-info/entry_points.txt
[6.193s] writing requirements to examples_rclpy_minimal_action_server.egg-info/requires.txt
[6.194s] writing top-level names to examples_rclpy_minimal_action_server.egg-info/top_level.txt
[6.353s] reading manifest file 'examples_rclpy_minimal_action_server.egg-info/SOURCES.txt'
[6.359s] writing manifest file 'examples_rclpy_minimal_action_server.egg-info/SOURCES.txt'
[6.417s] running build_ext
[6.419s] Creating /home/orin/ros2_ws/install/examples_rclpy_minimal_action_server/lib/python3.10/site-packages/examples-rclpy-minimal-action-server.egg-link (link to .)
[6.424s] Installing server script to /home/orin/ros2_ws/install/examples_rclpy_minimal_action_server/lib/examples_rclpy_minimal_action_server
[6.425s] Installing server_defer script to /home/orin/ros2_ws/install/examples_rclpy_minimal_action_server/lib/examples_rclpy_minimal_action_server
[6.428s] Installing server_not_composable script to /home/orin/ros2_ws/install/examples_rclpy_minimal_action_server/lib/examples_rclpy_minimal_action_server
[6.431s] Installing server_queue_goals script to /home/orin/ros2_ws/install/examples_rclpy_minimal_action_server/lib/examples_rclpy_minimal_action_server
[6.432s] Installing server_single_goal script to /home/orin/ros2_ws/install/examples_rclpy_minimal_action_server/lib/examples_rclpy_minimal_action_server
[6.433s] 
[6.440s] Installed /home/orin/ros2_ws/build/examples_rclpy_minimal_action_server
[6.440s] running symlink_data
[6.742s] Invoked command in '/home/orin/ros2_ws/build/examples_rclpy_minimal_action_server' returned '0': PYTHONPATH=/home/orin/ros2_ws/build/examples_rclpy_minimal_action_server/prefix_override:/usr/lib/python3/dist-packages/colcon_core/task/python/colcon_distutils_commands:/home/orin/ros2_ws/install/examples_rclpy_minimal_action_server/lib/python3.10/site-packages:${PYTHONPATH} /usr/bin/python3 -W ignore:setup.py install is deprecated -W ignore:easy_install command is deprecated setup.py develop --editable --build-directory /home/orin/ros2_ws/build/examples_rclpy_minimal_action_server/build --no-deps symlink_data
