[0.144s] Invoking command in '/home/orin/ros2_ws/build/ros2_control_demo_example_11': AMENT_PREFIX_PATH=/home/orin/ros2_ws/install/ros2_control_demo_testing:/home/orin/ros2_ws/install/ros2_control_demo_description:${AMENT_PREFIX_PATH} CMAKE_PREFIX_PATH=/home/orin/ros2_ws/install/ros2_control_demo_description:/opt/ros/humble PYTHONPATH=/home/orin/ros2_ws/install/ros2_control_demo_testing/lib/python3.10/site-packages:${PYTHONPATH} /usr/bin/cmake /home/orin/ros2_ws/src/ros2_control_demos/example_11 -DCMAKE_INSTALL_PREFIX=/home/orin/ros2_ws/install/ros2_control_demo_example_11
[0.200s] -- Found ament_cmake: 1.3.11 (/opt/ros/humble/share/ament_cmake/cmake)
[0.615s] -- Override CMake install command with custom implementation using symlinks instead of copying resources
[0.659s] -- Found hardware_interface: 2.48.0 (/opt/ros/humble/share/hardware_interface/cmake)
[0.755s] -- Found rosidl_generator_c: 3.1.6 (/opt/ros/humble/share/rosidl_generator_c/cmake)
[0.763s] -- Found rosidl_adapter: 3.1.6 (/opt/ros/humble/share/rosidl_adapter/cmake)
[0.779s] -- Found rosidl_generator_cpp: 3.1.6 (/opt/ros/humble/share/rosidl_generator_cpp/cmake)
[0.795s] -- Using all available rosidl_typesupport_c: rosidl_typesupport_fastrtps_c;rosidl_typesupport_introspection_c
[0.820s] -- Using all available rosidl_typesupport_cpp: rosidl_typesupport_fastrtps_cpp;rosidl_typesupport_introspection_cpp
[1.512s] -- Found rmw_implementation_cmake: 6.1.2 (/opt/ros/humble/share/rmw_implementation_cmake/cmake)
[1.515s] -- Found rmw_fastrtps_cpp: 6.2.7 (/opt/ros/humble/share/rmw_fastrtps_cpp/cmake)
[1.560s] -- Found TinyXML2 via Config file: TinyXML2_DIR-NOTFOUND
[1.579s] -- Found TinyXML2 via Config file: TinyXML2_DIR-NOTFOUND
[1.632s] -- Found TinyXML2 via Config file: TinyXML2_DIR-NOTFOUND
[1.707s] -- Found TinyXML2 via Config file: TinyXML2_DIR-NOTFOUND
[1.751s] -- Using RMW implementation 'rmw_fastrtps_cpp' as default
[1.968s] -- Found ament_cmake_pytest: 1.3.11 (/opt/ros/humble/share/ament_cmake_pytest/cmake)
[10.398s] -- Configuring done
[10.531s] -- Generating done
[10.545s] -- Build files have been written to: /home/orin/ros2_ws/build/ros2_control_demo_example_11
[10.591s] Invoked command in '/home/orin/ros2_ws/build/ros2_control_demo_example_11' returned '0': AMENT_PREFIX_PATH=/home/orin/ros2_ws/install/ros2_control_demo_testing:/home/orin/ros2_ws/install/ros2_control_demo_description:${AMENT_PREFIX_PATH} CMAKE_PREFIX_PATH=/home/orin/ros2_ws/install/ros2_control_demo_description:/opt/ros/humble PYTHONPATH=/home/orin/ros2_ws/install/ros2_control_demo_testing/lib/python3.10/site-packages:${PYTHONPATH} /usr/bin/cmake /home/orin/ros2_ws/src/ros2_control_demos/example_11 -DCMAKE_INSTALL_PREFIX=/home/orin/ros2_ws/install/ros2_control_demo_example_11
[10.592s] Invoking command in '/home/orin/ros2_ws/build/ros2_control_demo_example_11': AMENT_PREFIX_PATH=/home/orin/ros2_ws/install/ros2_control_demo_testing:/home/orin/ros2_ws/install/ros2_control_demo_description:${AMENT_PREFIX_PATH} CMAKE_PREFIX_PATH=/home/orin/ros2_ws/install/ros2_control_demo_description:/opt/ros/humble PYTHONPATH=/home/orin/ros2_ws/install/ros2_control_demo_testing/lib/python3.10/site-packages:${PYTHONPATH} /usr/bin/cmake --build /home/orin/ros2_ws/build/ros2_control_demo_example_11 -- -j6 -l6
[10.977s] [35m[1mConsolidate compiler generated dependencies of target ros2_control_demo_example_11[0m
[10.977s] [ 50%] [32mBuilding CXX object CMakeFiles/ros2_control_demo_example_11.dir/hardware/carlikebot_system.cpp.o[0m
[28.840s] [100%] [32m[1mLinking CXX shared library libros2_control_demo_example_11.so[0m
[29.575s] [100%] Built target ros2_control_demo_example_11
[29.694s] Invoked command in '/home/orin/ros2_ws/build/ros2_control_demo_example_11' returned '0': AMENT_PREFIX_PATH=/home/orin/ros2_ws/install/ros2_control_demo_testing:/home/orin/ros2_ws/install/ros2_control_demo_description:${AMENT_PREFIX_PATH} CMAKE_PREFIX_PATH=/home/orin/ros2_ws/install/ros2_control_demo_description:/opt/ros/humble PYTHONPATH=/home/orin/ros2_ws/install/ros2_control_demo_testing/lib/python3.10/site-packages:${PYTHONPATH} /usr/bin/cmake --build /home/orin/ros2_ws/build/ros2_control_demo_example_11 -- -j6 -l6
[29.715s] Invoking command in '/home/orin/ros2_ws/build/ros2_control_demo_example_11': AMENT_PREFIX_PATH=/home/orin/ros2_ws/install/ros2_control_demo_testing:/home/orin/ros2_ws/install/ros2_control_demo_description:${AMENT_PREFIX_PATH} CMAKE_PREFIX_PATH=/home/orin/ros2_ws/install/ros2_control_demo_description:/opt/ros/humble PYTHONPATH=/home/orin/ros2_ws/install/ros2_control_demo_testing/lib/python3.10/site-packages:${PYTHONPATH} /usr/bin/cmake --install /home/orin/ros2_ws/build/ros2_control_demo_example_11
[29.757s] -- Install configuration: ""
[29.761s] -- Execute custom install script
[29.764s] -- Up-to-date symlink: /home/orin/ros2_ws/install/ros2_control_demo_example_11/share/ros2_control_demo_example_11//ros2_control_demo_example_11.xml
[29.798s] -- Up-to-date symlink: /home/orin/ros2_ws/install/ros2_control_demo_example_11/include/ros2_control_demo_example_11/ros2_control_demo_example_11/carlikebot_system.hpp
[29.799s] -- Up-to-date symlink: /home/orin/ros2_ws/install/ros2_control_demo_example_11/share/ros2_control_demo_example_11/launch/view_robot.launch.py
[29.799s] -- Up-to-date symlink: /home/orin/ros2_ws/install/ros2_control_demo_example_11/share/ros2_control_demo_example_11/ros2_control/carlikebot.ros2_control.xacro
[29.799s] -- Up-to-date symlink: /home/orin/ros2_ws/install/ros2_control_demo_example_11/share/ros2_control_demo_example_11/urdf/carlikebot.urdf.xacro
[29.819s] -- Up-to-date symlink: /home/orin/ros2_ws/install/ros2_control_demo_example_11/share/ros2_control_demo_example_11/launch/carlikebot.launch.py
[29.823s] -- Up-to-date symlink: /home/orin/ros2_ws/install/ros2_control_demo_example_11/share/ros2_control_demo_example_11/config/carlikebot_controllers.yaml
[29.823s] -- Up-to-date symlink: /home/orin/ros2_ws/install/ros2_control_demo_example_11/share/ros2_control_demo_example_11/environment/library_path.sh
[29.840s] -- Up-to-date symlink: /home/orin/ros2_ws/install/ros2_control_demo_example_11/share/ros2_control_demo_example_11/environment/library_path.dsv
[29.854s] -- Up-to-date symlink: /home/orin/ros2_ws/install/ros2_control_demo_example_11/share/ament_index/resource_index/package_run_dependencies/ros2_control_demo_example_11
[29.855s] -- Up-to-date symlink: /home/orin/ros2_ws/install/ros2_control_demo_example_11/share/ament_index/resource_index/parent_prefix_path/ros2_control_demo_example_11
[29.857s] -- Up-to-date symlink: /home/orin/ros2_ws/install/ros2_control_demo_example_11/share/ros2_control_demo_example_11/environment/ament_prefix_path.sh
[29.868s] -- Up-to-date symlink: /home/orin/ros2_ws/install/ros2_control_demo_example_11/share/ros2_control_demo_example_11/environment/ament_prefix_path.dsv
[29.890s] -- Up-to-date symlink: /home/orin/ros2_ws/install/ros2_control_demo_example_11/share/ros2_control_demo_example_11/environment/path.sh
[29.891s] -- Up-to-date symlink: /home/orin/ros2_ws/install/ros2_control_demo_example_11/share/ros2_control_demo_example_11/environment/path.dsv
[29.891s] -- Up-to-date symlink: /home/orin/ros2_ws/install/ros2_control_demo_example_11/share/ros2_control_demo_example_11/local_setup.bash
[29.891s] -- Up-to-date symlink: /home/orin/ros2_ws/install/ros2_control_demo_example_11/share/ros2_control_demo_example_11/local_setup.sh
[29.899s] -- Up-to-date symlink: /home/orin/ros2_ws/install/ros2_control_demo_example_11/share/ros2_control_demo_example_11/local_setup.zsh
[29.899s] -- Up-to-date symlink: /home/orin/ros2_ws/install/ros2_control_demo_example_11/share/ros2_control_demo_example_11/local_setup.dsv
[29.899s] -- Symlinking: /home/orin/ros2_ws/install/ros2_control_demo_example_11/share/ros2_control_demo_example_11/package.dsv
[29.969s] -- Up-to-date symlink: /home/orin/ros2_ws/install/ros2_control_demo_example_11/share/ament_index/resource_index/packages/ros2_control_demo_example_11
[29.970s] -- Up-to-date symlink: /home/orin/ros2_ws/install/ros2_control_demo_example_11/share/ament_index/resource_index/hardware_interface__pluginlib__plugin/ros2_control_demo_example_11
[29.970s] -- Up-to-date symlink: /home/orin/ros2_ws/install/ros2_control_demo_example_11/share/ros2_control_demo_example_11/cmake/ament_cmake_export_targets-extras.cmake
[29.979s] -- Up-to-date symlink: /home/orin/ros2_ws/install/ros2_control_demo_example_11/share/ros2_control_demo_example_11/cmake/ament_cmake_export_dependencies-extras.cmake
[29.979s] -- Up-to-date symlink: /home/orin/ros2_ws/install/ros2_control_demo_example_11/share/ros2_control_demo_example_11/cmake/ros2_control_demo_example_11Config.cmake
[29.986s] -- Up-to-date symlink: /home/orin/ros2_ws/install/ros2_control_demo_example_11/share/ros2_control_demo_example_11/cmake/ros2_control_demo_example_11Config-version.cmake
[29.986s] -- Up-to-date symlink: /home/orin/ros2_ws/install/ros2_control_demo_example_11/share/ros2_control_demo_example_11/package.xml
[29.993s] -- Installing: /home/orin/ros2_ws/install/ros2_control_demo_example_11/lib/libros2_control_demo_example_11.so
[30.007s] -- Set runtime path of "/home/orin/ros2_ws/install/ros2_control_demo_example_11/lib/libros2_control_demo_example_11.so" to ""
[30.022s] -- Up-to-date: /home/orin/ros2_ws/install/ros2_control_demo_example_11/share/ros2_control_demo_example_11/cmake/export_ros2_control_demo_example_11Export.cmake
[30.022s] -- Up-to-date: /home/orin/ros2_ws/install/ros2_control_demo_example_11/share/ros2_control_demo_example_11/cmake/export_ros2_control_demo_example_11Export-noconfig.cmake
[30.155s] Invoked command in '/home/orin/ros2_ws/build/ros2_control_demo_example_11' returned '0': AMENT_PREFIX_PATH=/home/orin/ros2_ws/install/ros2_control_demo_testing:/home/orin/ros2_ws/install/ros2_control_demo_description:${AMENT_PREFIX_PATH} CMAKE_PREFIX_PATH=/home/orin/ros2_ws/install/ros2_control_demo_description:/opt/ros/humble PYTHONPATH=/home/orin/ros2_ws/install/ros2_control_demo_testing/lib/python3.10/site-packages:${PYTHONPATH} /usr/bin/cmake --install /home/orin/ros2_ws/build/ros2_control_demo_example_11
