[0.600s] Invoking command in '/home/orin/ros2_ws/build/depthai_examples': AMENT_PREFIX_PATH=/home/orin/ros2_ws/install/depthai_bridge:${AMENT_PREFIX_PATH} CMAKE_PREFIX_PATH=/home/orin/ros2_ws/install/depthai_bridge:/home/orin/ros2_ws/install/depthai_ros_msgs:/home/orin/ros2_ws/install/depthai_descriptions:/home/orin/ros2_ws/install/sllidar_ros2:/home/orin/ros2_ws/install/ros2_control_demo_example_5:/home/orin/ros2_ws/install/ros2_control_demo_description:/home/orin/ros2_ws/install/my_bot_imu:/home/orin/ros2_ws/install/my_bot_description:/home/orin/ros2_ws/install/wheel_encoder_odometry:/home/orin/ros2_ws/install/ros2_control_demo_testing:/home/orin/ros2_ws/install/arduino_odometry:/opt/ros/humble:/home/orin/ros2_ws/install/mobile_robot_description:/home/orin/ros2_ws/install/image_geometry:/home/orin/ros2_ws/install/gazebo_dev:/home/orin/ros2_ws/install/depthai-ros:/home/orin/ros2_ws/install/depthai_examples:/home/orin/ros2_ws/install/cv_bridge GAZEBO_MODEL_PATH=/home/orin/ros2_ws/install/depthai_descriptions:${GAZEBO_MODEL_PATH} GAZEBO_RESOURCE_PATH=/home/orin/ros2_ws/install/depthai_descriptions:${GAZEBO_RESOURCE_PATH} IGN_GAZEBO_MODEL_PATH=/home/orin/ros2_ws/install/depthai_descriptions:${IGN_GAZEBO_MODEL_PATH} IGN_GAZEBO_RESOURCE_PATH=/home/orin/ros2_ws/install/depthai_descriptions:${IGN_GAZEBO_RESOURCE_PATH} LD_LIBRARY_PATH=/home/orin/ros2_ws/install/depthai_bridge/lib:/home/orin/ros2_ws/install/depthai_ros_msgs/lib:/home/orin/ros2_ws/install/ros2_control_demo_example_5/lib:/home/orin/ros2_ws/install/image_geometry/lib:/home/orin/ros2_ws/install/cv_bridge/lib:/opt/ros/humble/opt/rviz_ogre_vendor/lib:/opt/ros/humble/lib/aarch64-linux-gnu:/opt/ros/humble/lib /usr/bin/cmake --build /home/orin/ros2_ws/build/depthai_examples -- -j6 -l6
[4.351s] [ 10%] Built target crop_control_service
[4.352s] [ 20%] Built target stereo_node
[4.352s] [ 30%] Built target yolov4_spatial_node
[4.352s] [ 40%] Built target yolov4_node
[4.352s] [ 50%] Built target tracker_yolov4_node
[4.352s] [ 60%] Built target tracker_yolov4_spatial_node
[4.352s] [ 70%] Built target feature_tracker
[4.353s] [ 80%] Built target stereo_inertial_node
[4.353s] [ 90%] Built target rgb_stereo_node
[4.353s] [100%] Built target mobilenet_node
[4.374s] Invoked command in '/home/orin/ros2_ws/build/depthai_examples' returned '0': AMENT_PREFIX_PATH=/home/orin/ros2_ws/install/depthai_bridge:${AMENT_PREFIX_PATH} CMAKE_PREFIX_PATH=/home/orin/ros2_ws/install/depthai_bridge:/home/orin/ros2_ws/install/depthai_ros_msgs:/home/orin/ros2_ws/install/depthai_descriptions:/home/orin/ros2_ws/install/sllidar_ros2:/home/orin/ros2_ws/install/ros2_control_demo_example_5:/home/orin/ros2_ws/install/ros2_control_demo_description:/home/orin/ros2_ws/install/my_bot_imu:/home/orin/ros2_ws/install/my_bot_description:/home/orin/ros2_ws/install/wheel_encoder_odometry:/home/orin/ros2_ws/install/ros2_control_demo_testing:/home/orin/ros2_ws/install/arduino_odometry:/opt/ros/humble:/home/orin/ros2_ws/install/mobile_robot_description:/home/orin/ros2_ws/install/image_geometry:/home/orin/ros2_ws/install/gazebo_dev:/home/orin/ros2_ws/install/depthai-ros:/home/orin/ros2_ws/install/depthai_examples:/home/orin/ros2_ws/install/cv_bridge GAZEBO_MODEL_PATH=/home/orin/ros2_ws/install/depthai_descriptions:${GAZEBO_MODEL_PATH} GAZEBO_RESOURCE_PATH=/home/orin/ros2_ws/install/depthai_descriptions:${GAZEBO_RESOURCE_PATH} IGN_GAZEBO_MODEL_PATH=/home/orin/ros2_ws/install/depthai_descriptions:${IGN_GAZEBO_MODEL_PATH} IGN_GAZEBO_RESOURCE_PATH=/home/orin/ros2_ws/install/depthai_descriptions:${IGN_GAZEBO_RESOURCE_PATH} LD_LIBRARY_PATH=/home/orin/ros2_ws/install/depthai_bridge/lib:/home/orin/ros2_ws/install/depthai_ros_msgs/lib:/home/orin/ros2_ws/install/ros2_control_demo_example_5/lib:/home/orin/ros2_ws/install/image_geometry/lib:/home/orin/ros2_ws/install/cv_bridge/lib:/opt/ros/humble/opt/rviz_ogre_vendor/lib:/opt/ros/humble/lib/aarch64-linux-gnu:/opt/ros/humble/lib /usr/bin/cmake --build /home/orin/ros2_ws/build/depthai_examples -- -j6 -l6
[4.560s] Invoking command in '/home/orin/ros2_ws/build/depthai_examples': AMENT_PREFIX_PATH=/home/orin/ros2_ws/install/depthai_bridge:${AMENT_PREFIX_PATH} CMAKE_PREFIX_PATH=/home/orin/ros2_ws/install/depthai_bridge:/home/orin/ros2_ws/install/depthai_ros_msgs:/home/orin/ros2_ws/install/depthai_descriptions:/home/orin/ros2_ws/install/sllidar_ros2:/home/orin/ros2_ws/install/ros2_control_demo_example_5:/home/orin/ros2_ws/install/ros2_control_demo_description:/home/orin/ros2_ws/install/my_bot_imu:/home/orin/ros2_ws/install/my_bot_description:/home/orin/ros2_ws/install/wheel_encoder_odometry:/home/orin/ros2_ws/install/ros2_control_demo_testing:/home/orin/ros2_ws/install/arduino_odometry:/opt/ros/humble:/home/orin/ros2_ws/install/mobile_robot_description:/home/orin/ros2_ws/install/image_geometry:/home/orin/ros2_ws/install/gazebo_dev:/home/orin/ros2_ws/install/depthai-ros:/home/orin/ros2_ws/install/depthai_examples:/home/orin/ros2_ws/install/cv_bridge GAZEBO_MODEL_PATH=/home/orin/ros2_ws/install/depthai_descriptions:${GAZEBO_MODEL_PATH} GAZEBO_RESOURCE_PATH=/home/orin/ros2_ws/install/depthai_descriptions:${GAZEBO_RESOURCE_PATH} IGN_GAZEBO_MODEL_PATH=/home/orin/ros2_ws/install/depthai_descriptions:${IGN_GAZEBO_MODEL_PATH} IGN_GAZEBO_RESOURCE_PATH=/home/orin/ros2_ws/install/depthai_descriptions:${IGN_GAZEBO_RESOURCE_PATH} LD_LIBRARY_PATH=/home/orin/ros2_ws/install/depthai_bridge/lib:/home/orin/ros2_ws/install/depthai_ros_msgs/lib:/home/orin/ros2_ws/install/ros2_control_demo_example_5/lib:/home/orin/ros2_ws/install/image_geometry/lib:/home/orin/ros2_ws/install/cv_bridge/lib:/opt/ros/humble/opt/rviz_ogre_vendor/lib:/opt/ros/humble/lib/aarch64-linux-gnu:/opt/ros/humble/lib /usr/bin/cmake --install /home/orin/ros2_ws/build/depthai_examples
[9.474s] -- Install configuration: ""
[9.474s] -- Up-to-date: /home/orin/ros2_ws/install/depthai_examples/share/depthai_examples/params
[9.474s] -- Up-to-date: /home/orin/ros2_ws/install/depthai_examples/share/depthai_examples/params/camera
[9.474s] -- Up-to-date: /home/orin/ros2_ws/install/depthai_examples/share/depthai_examples/params/camera/right.yaml
[9.475s] -- Up-to-date: /home/orin/ros2_ws/install/depthai_examples/share/depthai_examples/params/camera/left.yaml
[9.475s] -- Up-to-date: /home/orin/ros2_ws/install/depthai_examples/share/depthai_examples/params/camera/color.yaml
[9.475s] -- Up-to-date: /home/orin/ros2_ws/install/depthai_examples/share/depthai_examples/rviz
[9.475s] -- Up-to-date: /home/orin/ros2_ws/install/depthai_examples/share/depthai_examples/rviz/stereoInertialROS1.rviz
[9.475s] -- Up-to-date: /home/orin/ros2_ws/install/depthai_examples/share/depthai_examples/rviz/stereoPointCloud.rviz
[9.475s] -- Up-to-date: /home/orin/ros2_ws/install/depthai_examples/share/depthai_examples/rviz/rgb_camera.rviz
[9.476s] -- Up-to-date: /home/orin/ros2_ws/install/depthai_examples/share/depthai_examples/rviz/stereoInertial.rviz
[9.476s] -- Up-to-date: /home/orin/ros2_ws/install/depthai_examples/share/depthai_examples/rviz/stereoInertialDepthAlign.rviz
[9.476s] -- Up-to-date: /home/orin/ros2_ws/install/depthai_examples/share/depthai_examples/rviz/stereoPointCloud_v1.rviz
[9.476s] -- Up-to-date: /home/orin/ros2_ws/install/depthai_examples/share/depthai_examples/rviz/pointCloud.rviz
[9.476s] -- Up-to-date: /home/orin/ros2_ws/install/depthai_examples/share/depthai_examples/rviz/stereoInertialDepthAlignROS2.rviz
[9.476s] -- Up-to-date: /home/orin/ros2_ws/install/depthai_examples/share/depthai_examples/rviz/stereo_config.rviz
[9.476s] -- Up-to-date: /home/orin/ros2_ws/install/depthai_examples/share/depthai_examples/rviz/stereo_nodelet.rviz
[9.476s] -- Up-to-date: /home/orin/ros2_ws/install/depthai_examples/share/depthai_examples/resources
[9.477s] -- Up-to-date: /home/orin/ros2_ws/install/depthai_examples/share/depthai_examples/resources/yolov4_tiny_coco_416x416_openvino_2021.4_6shave_bgr.blob
[9.477s] -- Up-to-date: /home/orin/ros2_ws/install/depthai_examples/share/depthai_examples/resources/mobilenet-ssd_openvino_2021.2_6shave.blob
[9.477s] -- Up-to-date: /home/orin/ros2_ws/install/depthai_examples/share/depthai_examples/resources/deeplab_v3_plus_mnv2_decoder_256_openvino_2021.4.blob
[9.479s] -- Up-to-date: /home/orin/ros2_ws/install/depthai_examples/share/depthai_examples/launch
[9.479s] -- Up-to-date: /home/orin/ros2_ws/install/depthai_examples/share/depthai_examples/launch/tracker_yolov4_node.launch.py
[9.479s] -- Up-to-date: /home/orin/ros2_ws/install/depthai_examples/share/depthai_examples/launch/stereo_inertial_node.launch.py
[9.479s] -- Up-to-date: /home/orin/ros2_ws/install/depthai_examples/share/depthai_examples/launch/mobile_publisher.launch.py
[9.480s] -- Up-to-date: /home/orin/ros2_ws/install/depthai_examples/share/depthai_examples/launch/tracker_yolov4_spatial_node.launch.py
[9.480s] -- Up-to-date: /home/orin/ros2_ws/install/depthai_examples/share/depthai_examples/launch/rgb_stereo_node.launch.py
[9.480s] -- Up-to-date: /home/orin/ros2_ws/install/depthai_examples/share/depthai_examples/launch/stereo.launch.py
[9.480s] -- Up-to-date: /home/orin/ros2_ws/install/depthai_examples/share/depthai_examples/launch/yolov4_publisher.launch.py
[9.480s] -- Up-to-date: /home/orin/ros2_ws/install/depthai_examples/lib/depthai_examples/crop_control_service
[9.480s] -- Up-to-date: /home/orin/ros2_ws/install/depthai_examples/lib/depthai_examples/mobilenet_node
[9.480s] -- Up-to-date: /home/orin/ros2_ws/install/depthai_examples/lib/depthai_examples/rgb_stereo_node
[9.480s] -- Up-to-date: /home/orin/ros2_ws/install/depthai_examples/lib/depthai_examples/stereo_inertial_node
[9.481s] -- Up-to-date: /home/orin/ros2_ws/install/depthai_examples/lib/depthai_examples/stereo_node
[9.481s] -- Up-to-date: /home/orin/ros2_ws/install/depthai_examples/lib/depthai_examples/yolov4_spatial_node
[9.481s] -- Up-to-date: /home/orin/ros2_ws/install/depthai_examples/lib/depthai_examples/yolov4_node
[9.481s] -- Up-to-date: /home/orin/ros2_ws/install/depthai_examples/lib/depthai_examples/feature_tracker
[9.481s] -- Up-to-date: /home/orin/ros2_ws/install/depthai_examples/lib/depthai_examples/tracker_yolov4_node
[9.481s] -- Up-to-date: /home/orin/ros2_ws/install/depthai_examples/lib/depthai_examples/tracker_yolov4_spatial_node
[9.482s] -- Up-to-date: /home/orin/ros2_ws/install/depthai_examples/share/ament_index/resource_index/package_run_dependencies/depthai_examples
[9.482s] -- Up-to-date: /home/orin/ros2_ws/install/depthai_examples/share/ament_index/resource_index/parent_prefix_path/depthai_examples
[9.482s] -- Up-to-date: /home/orin/ros2_ws/install/depthai_examples/share/depthai_examples/environment/ament_prefix_path.sh
[9.482s] -- Up-to-date: /home/orin/ros2_ws/install/depthai_examples/share/depthai_examples/environment/ament_prefix_path.dsv
[9.482s] -- Up-to-date: /home/orin/ros2_ws/install/depthai_examples/share/depthai_examples/environment/path.sh
[9.482s] -- Up-to-date: /home/orin/ros2_ws/install/depthai_examples/share/depthai_examples/environment/path.dsv
[9.482s] -- Up-to-date: /home/orin/ros2_ws/install/depthai_examples/share/depthai_examples/local_setup.bash
[9.482s] -- Up-to-date: /home/orin/ros2_ws/install/depthai_examples/share/depthai_examples/local_setup.sh
[9.483s] -- Up-to-date: /home/orin/ros2_ws/install/depthai_examples/share/depthai_examples/local_setup.zsh
[9.483s] -- Up-to-date: /home/orin/ros2_ws/install/depthai_examples/share/depthai_examples/local_setup.dsv
[9.483s] -- Installing: /home/orin/ros2_ws/install/depthai_examples/share/depthai_examples/package.dsv
[9.483s] -- Up-to-date: /home/orin/ros2_ws/install/depthai_examples/share/ament_index/resource_index/packages/depthai_examples
[9.483s] -- Up-to-date: /home/orin/ros2_ws/install/depthai_examples/share/depthai_examples/cmake/depthai_examplesConfig.cmake
[9.483s] -- Up-to-date: /home/orin/ros2_ws/install/depthai_examples/share/depthai_examples/cmake/depthai_examplesConfig-version.cmake
[9.483s] -- Up-to-date: /home/orin/ros2_ws/install/depthai_examples/share/depthai_examples/package.xml
[9.493s] Invoked command in '/home/orin/ros2_ws/build/depthai_examples' returned '0': AMENT_PREFIX_PATH=/home/orin/ros2_ws/install/depthai_bridge:${AMENT_PREFIX_PATH} CMAKE_PREFIX_PATH=/home/orin/ros2_ws/install/depthai_bridge:/home/orin/ros2_ws/install/depthai_ros_msgs:/home/orin/ros2_ws/install/depthai_descriptions:/home/orin/ros2_ws/install/sllidar_ros2:/home/orin/ros2_ws/install/ros2_control_demo_example_5:/home/orin/ros2_ws/install/ros2_control_demo_description:/home/orin/ros2_ws/install/my_bot_imu:/home/orin/ros2_ws/install/my_bot_description:/home/orin/ros2_ws/install/wheel_encoder_odometry:/home/orin/ros2_ws/install/ros2_control_demo_testing:/home/orin/ros2_ws/install/arduino_odometry:/opt/ros/humble:/home/orin/ros2_ws/install/mobile_robot_description:/home/orin/ros2_ws/install/image_geometry:/home/orin/ros2_ws/install/gazebo_dev:/home/orin/ros2_ws/install/depthai-ros:/home/orin/ros2_ws/install/depthai_examples:/home/orin/ros2_ws/install/cv_bridge GAZEBO_MODEL_PATH=/home/orin/ros2_ws/install/depthai_descriptions:${GAZEBO_MODEL_PATH} GAZEBO_RESOURCE_PATH=/home/orin/ros2_ws/install/depthai_descriptions:${GAZEBO_RESOURCE_PATH} IGN_GAZEBO_MODEL_PATH=/home/orin/ros2_ws/install/depthai_descriptions:${IGN_GAZEBO_MODEL_PATH} IGN_GAZEBO_RESOURCE_PATH=/home/orin/ros2_ws/install/depthai_descriptions:${IGN_GAZEBO_RESOURCE_PATH} LD_LIBRARY_PATH=/home/orin/ros2_ws/install/depthai_bridge/lib:/home/orin/ros2_ws/install/depthai_ros_msgs/lib:/home/orin/ros2_ws/install/ros2_control_demo_example_5/lib:/home/orin/ros2_ws/install/image_geometry/lib:/home/orin/ros2_ws/install/cv_bridge/lib:/opt/ros/humble/opt/rviz_ogre_vendor/lib:/opt/ros/humble/lib/aarch64-linux-gnu:/opt/ros/humble/lib /usr/bin/cmake --install /home/orin/ros2_ws/build/depthai_examples
