[9.500s] Invoking command in '/home/orin/ros2_ws/build/examples_rclpy_minimal_client': PYTHONPATH=/home/orin/ros2_ws/build/examples_rclpy_minimal_client/prefix_override:/usr/lib/python3/dist-packages/colcon_core/task/python/colcon_distutils_commands:/home/orin/ros2_ws/install/examples_rclpy_minimal_client/lib/python3.10/site-packages:${PYTHONPATH} /usr/bin/python3 -W ignore:setup.py install is deprecated setup.py develop --editable --build-directory /home/orin/ros2_ws/build/examples_rclpy_minimal_client/build --no-deps symlink_data --force
[11.494s] /home/orin/.local/lib/python3.10/site-packages/setuptools/_distutils/dist.py:261: UserWarning: Unknown distribution option: 'tests_require'
[11.498s]   warnings.warn(msg)
[13.838s] running develop
[13.838s] /home/orin/.local/lib/python3.10/site-packages/setuptools/command/develop.py:41: EasyInstallDeprecationWarning: easy_install command is deprecated.
[13.838s] !!
[13.838s] 
[13.839s]         ********************************************************************************
[13.839s]         Please avoid running ``setup.py`` and ``easy_install``.
[13.839s]         Instead, use pypa/build, pypa/installer or other
[13.839s]         standards-based tools.
[13.839s] 
[13.839s]         See https://github.com/pypa/setuptools/issues/917 for details.
[13.839s]         ********************************************************************************
[13.839s] 
[13.840s] !!
[13.840s]   easy_install.initialize_options(self)
[16.847s] running egg_info
[16.946s] writing examples_rclpy_minimal_client.egg-info/PKG-INFO
[16.952s] writing dependency_links to examples_rclpy_minimal_client.egg-info/dependency_links.txt
[16.959s] writing entry points to examples_rclpy_minimal_client.egg-info/entry_points.txt
[16.962s] writing requirements to examples_rclpy_minimal_client.egg-info/requires.txt
[16.965s] writing top-level names to examples_rclpy_minimal_client.egg-info/top_level.txt
[17.816s] reading manifest file 'examples_rclpy_minimal_client.egg-info/SOURCES.txt'
[17.840s] writing manifest file 'examples_rclpy_minimal_client.egg-info/SOURCES.txt'
[18.340s] running build_ext
[18.377s] Creating /home/orin/ros2_ws/install/examples_rclpy_minimal_client/lib/python3.10/site-packages/examples-rclpy-minimal-client.egg-link (link to .)
[18.378s] Installing client script to /home/orin/ros2_ws/install/examples_rclpy_minimal_client/lib/examples_rclpy_minimal_client
[18.419s] Installing client_async script to /home/orin/ros2_ws/install/examples_rclpy_minimal_client/lib/examples_rclpy_minimal_client
[18.419s] Installing client_async_callback script to /home/orin/ros2_ws/install/examples_rclpy_minimal_client/lib/examples_rclpy_minimal_client
[18.420s] Installing client_async_member_function script to /home/orin/ros2_ws/install/examples_rclpy_minimal_client/lib/examples_rclpy_minimal_client
[18.420s] 
[18.420s] Installed /home/orin/ros2_ws/build/examples_rclpy_minimal_client
[18.426s] running symlink_data
[18.426s] symbolically linking /home/orin/ros2_ws/build/examples_rclpy_minimal_client/resource/examples_rclpy_minimal_client -> /home/orin/ros2_ws/install/examples_rclpy_minimal_client/share/ament_index/resource_index/packages
[18.443s] symbolically linking /home/orin/ros2_ws/build/examples_rclpy_minimal_client/package.xml -> /home/orin/ros2_ws/install/examples_rclpy_minimal_client/share/examples_rclpy_minimal_client
[18.949s] Invoked command in '/home/orin/ros2_ws/build/examples_rclpy_minimal_client' returned '0': PYTHONPATH=/home/orin/ros2_ws/build/examples_rclpy_minimal_client/prefix_override:/usr/lib/python3/dist-packages/colcon_core/task/python/colcon_distutils_commands:/home/orin/ros2_ws/install/examples_rclpy_minimal_client/lib/python3.10/site-packages:${PYTHONPATH} /usr/bin/python3 -W ignore:setup.py install is deprecated setup.py develop --editable --build-directory /home/orin/ros2_ws/build/examples_rclpy_minimal_client/build --no-deps symlink_data --force
