-- Found ament_cmake_auto: 1.3.11 (/opt/ros/humble/share/ament_cmake_auto/cmake)
-- Override CMake install command with custom implementation using symlinks instead of copying resources
-- Found rosidl_generator_c: 3.1.6 (/opt/ros/humble/share/rosidl_generator_c/cmake)
-- Found rosidl_adapter: 3.1.6 (/opt/ros/humble/share/rosidl_adapter/cmake)
-- Found rosidl_generator_cpp: 3.1.6 (/opt/ros/humble/share/rosidl_generator_cpp/cmake)
-- Using all available rosidl_typesupport_c: rosidl_typesupport_fastrtps_c;rosidl_typesupport_introspection_c
-- Using all available rosidl_typesupport_cpp: rosidl_typesupport_fastrtps_cpp;rosidl_typesupport_introspection_cpp
-- Found rmw_implementation_cmake: 6.1.2 (/opt/ros/humble/share/rmw_implementation_cmake/cmake)
-- Found rmw_fastrtps_cpp: 6.2.7 (/opt/ros/humble/share/rmw_fastrtps_cpp/cmake)
-- Using RMW implementation 'rmw_fastrtps_cpp' as default
-- Found eigen3_cmake_module: 0.1.1 (/opt/ros/humble/share/eigen3_cmake_module/cmake)
-- Ensuring Eigen3 include directory is part of orocos-kdl CMake target
-- Configuring done
-- Generating done
-- Build files have been written to: /home/orin/ros2_ws/build/depthai_ros_driver
[35m[1mConsolidate compiler generated dependencies of target depthai_ros_driver_common[0m
[  2%] [32mBuilding CXX object CMakeFiles/depthai_ros_driver_common.dir/src/utils.cpp.o[0m
[  5%] [32mBuilding CXX object CMakeFiles/depthai_ros_driver_common.dir/src/dai_nodes/base_node.cpp.o[0m
[  8%] [32mBuilding CXX object CMakeFiles/depthai_ros_driver_common.dir/src/dai_nodes/sys_logger.cpp.o[0m
[ 11%] [32mBuilding CXX object CMakeFiles/depthai_ros_driver_common.dir/src/param_handlers/camera_param_handler.cpp.o[0m
[ 14%] [32mBuilding CXX object CMakeFiles/depthai_ros_driver_common.dir/src/dai_nodes/sensors/sensor_helpers.cpp.o[0m
[ 17%] [32mBuilding CXX object CMakeFiles/depthai_ros_driver_common.dir/src/param_handlers/feature_tracker_param_handler.cpp.o[0m
[ 20%] [32mBuilding CXX object CMakeFiles/depthai_ros_driver_common.dir/src/param_handlers/stereo_param_handler.cpp.o[0m
[ 22%] [32mBuilding CXX object CMakeFiles/depthai_ros_driver_common.dir/src/param_handlers/tof_param_handler.cpp.o[0m
[ 25%] [32mBuilding CXX object CMakeFiles/depthai_ros_driver_common.dir/src/param_handlers/sensor_param_handler.cpp.o[0m
[ 28%] [32mBuilding CXX object CMakeFiles/depthai_ros_driver_common.dir/src/param_handlers/nn_param_handler.cpp.o[0m
[ 31%] [32mBuilding CXX object CMakeFiles/depthai_ros_driver_common.dir/src/param_handlers/imu_param_handler.cpp.o[0m
[ 34%] [32mBuilding CXX object CMakeFiles/depthai_ros_driver_common.dir/src/dai_nodes/sensors/img_pub.cpp.o[0m
[ 40%] [32mBuilding CXX object CMakeFiles/depthai_ros_driver_common.dir/src/param_handlers/sync_param_handler.cpp.o[0m
[ 40%] [32mBuilding CXX object CMakeFiles/depthai_ros_driver_common.dir/src/param_handlers/pipeline_gen_param_handler.cpp.o[0m
[ 42%] [32m[1mLinking CXX shared library libdepthai_ros_driver_common.so[0m
[ 42%] Built target depthai_ros_driver_common
