[5.226s] Invoking command in '/home/orin/ros2_ws/src/arduino_odometry': PYTHONPATH=/home/orin/ros2_ws/build/arduino_odometry/prefix_override:/usr/lib/python3/dist-packages/colcon_core/task/python/colcon_distutils_commands:/home/orin/ros2_ws/install/arduino_odometry/lib/python3.10/site-packages:${PYTHONPATH} /usr/bin/python3 -W ignore:setup.py install is deprecated setup.py egg_info --egg-base ../../build/arduino_odometry build --build-base /home/orin/ros2_ws/build/arduino_odometry/build install --record /home/orin/ros2_ws/build/arduino_odometry/install.log --single-version-externally-managed install_data
[6.906s] running egg_info
[6.998s] writing ../../build/arduino_odometry/arduino_odometry.egg-info/PKG-INFO
[7.000s] writing dependency_links to ../../build/arduino_odometry/arduino_odometry.egg-info/dependency_links.txt
[7.001s] writing entry points to ../../build/arduino_odometry/arduino_odometry.egg-info/entry_points.txt
[7.002s] writing requirements to ../../build/arduino_odometry/arduino_odometry.egg-info/requires.txt
[7.002s] writing top-level names to ../../build/arduino_odometry/arduino_odometry.egg-info/top_level.txt
[7.153s] reading manifest file '../../build/arduino_odometry/arduino_odometry.egg-info/SOURCES.txt'
[7.160s] writing manifest file '../../build/arduino_odometry/arduino_odometry.egg-info/SOURCES.txt'
[7.163s] running build
[7.164s] running build_py
[7.168s] copying arduino_odometry/__init__.py -> /home/orin/ros2_ws/build/arduino_odometry/build/lib/arduino_odometry
[7.171s] copying arduino_odometry/arduino_odometry_node.py -> /home/orin/ros2_ws/build/arduino_odometry/build/lib/arduino_odometry
[7.175s] running install
[7.192s] running install_lib
[7.378s] running install_data
[7.380s] copying resource/arduino_odometry -> /home/orin/ros2_ws/install/arduino_odometry/share/ament_index/resource_index/packages
[7.384s] copying package.xml -> /home/orin/ros2_ws/install/arduino_odometry/share/arduino_odometry
[7.384s] running install_egg_info
[7.506s] removing '/home/orin/ros2_ws/install/arduino_odometry/lib/python3.10/site-packages/arduino_odometry-0.0.0-py3.10.egg-info' (and everything under it)
[7.507s] Copying ../../build/arduino_odometry/arduino_odometry.egg-info to /home/orin/ros2_ws/install/arduino_odometry/lib/python3.10/site-packages/arduino_odometry-0.0.0-py3.10.egg-info
[7.607s] running install_scripts
[8.449s] Installing arduino_odometry_node script to /home/orin/ros2_ws/install/arduino_odometry/lib/arduino_odometry
[8.455s] writing list of installed files to '/home/orin/ros2_ws/build/arduino_odometry/install.log'
[8.746s] Invoked command in '/home/orin/ros2_ws/src/arduino_odometry' returned '0': PYTHONPATH=/home/orin/ros2_ws/build/arduino_odometry/prefix_override:/usr/lib/python3/dist-packages/colcon_core/task/python/colcon_distutils_commands:/home/orin/ros2_ws/install/arduino_odometry/lib/python3.10/site-packages:${PYTHONPATH} /usr/bin/python3 -W ignore:setup.py install is deprecated setup.py egg_info --egg-base ../../build/arduino_odometry build --build-base /home/orin/ros2_ws/build/arduino_odometry/build install --record /home/orin/ros2_ws/build/arduino_odometry/install.log --single-version-externally-managed install_data
