[0.023s] Invoking command in '/home/orin/ros2_ws/build/diffbot_description': CMAKE_PREFIX_PATH=/opt/ros/humble /usr/bin/cmake --build /home/orin/ros2_ws/build/diffbot_description -- -j6 -l6
[0.118s] [35m[1mConsolidate compiler generated dependencies of target diffbot_description[0m
[0.165s] [ 50%] [32mBuilding CXX object CMakeFiles/diffbot_description.dir/hardware/diffbot_system.cpp.o[0m
[5.591s] [01m[K/home/orin/ros2_ws/src/diffbot_description/hardware/diffbot_system.cpp:28:21:[m[K [01;31m[Kerror: [m[K‘[01m[KCallbackReturn[m[K’ in namespace ‘[01m[Khardware_interface[m[K’ does not name a type
[5.591s]    28 | hardware_interface::[01;31m[KCallbackReturn[m[K DiffDriveArduinoHardware::on_init(
[5.592s]       |                     [01;31m[K^~~~~~~~~~~~~~[m[K
[5.592s] [01m[K/home/orin/ros2_ws/src/diffbot_description/hardware/diffbot_system.cpp:115:33:[m[K [01;31m[Kerror: [m[K‘[01m[KStateInterface[m[K’ is not a member of ‘[01m[Khardware_interface[m[K’
[5.592s]   115 | std::vector<hardware_interface::[01;31m[KStateInterface[m[K> DiffDriveArduinoHardware::export_state_interfaces()
[5.592s]       |                                 [01;31m[K^~~~~~~~~~~~~~[m[K
[5.592s] [01m[K/home/orin/ros2_ws/src/diffbot_description/hardware/diffbot_system.cpp:115:47:[m[K [01;31m[Kerror: [m[Ktemplate argument 1 is invalid
[5.593s]   115 | std::vector<hardware_interface::StateInterface[01;31m[K>[m[K DiffDriveArduinoHardware::export_state_interfaces()
[5.593s]       |                                               [01;31m[K^[m[K
[5.593s] [01m[K/home/orin/ros2_ws/src/diffbot_description/hardware/diffbot_system.cpp:115:47:[m[K [01;31m[Kerror: [m[Ktemplate argument 2 is invalid
[5.593s] [01m[K/home/orin/ros2_ws/src/diffbot_description/hardware/diffbot_system.cpp:115:49:[m[K [01;31m[Kerror: [m[K‘[01m[KDiffDriveArduinoHardware[m[K’ has not been declared
[5.593s]   115 | std::vector<hardware_interface::StateInterface> [01;31m[KDiffDriveArduinoHardware[m[K::export_state_interfaces()
[5.594s]       |                                                 [01;31m[K^~~~~~~~~~~~~~~~~~~~~~~~[m[K
[5.594s] [01m[K/home/orin/ros2_ws/src/diffbot_description/hardware/diffbot_system.cpp:[m[K In function ‘[01m[Kint diffbot_description::export_state_interfaces()[m[K’:
[5.594s] [01m[K/home/orin/ros2_ws/src/diffbot_description/hardware/diffbot_system.cpp:117:35:[m[K [01;31m[Kerror: [m[K‘[01m[KStateInterface[m[K’ is not a member of ‘[01m[Khardware_interface[m[K’
[5.594s]   117 |   std::vector<hardware_interface::[01;31m[KStateInterface[m[K> state_interfaces;
[5.594s]       |                                   [01;31m[K^~~~~~~~~~~~~~[m[K
[5.594s] [01m[K/home/orin/ros2_ws/src/diffbot_description/hardware/diffbot_system.cpp:117:49:[m[K [01;31m[Kerror: [m[Ktemplate argument 1 is invalid
[5.594s]   117 |   std::vector<hardware_interface::StateInterface[01;31m[K>[m[K state_interfaces;
[5.595s]       |                                                 [01;31m[K^[m[K
[5.595s] [01m[K/home/orin/ros2_ws/src/diffbot_description/hardware/diffbot_system.cpp:117:49:[m[K [01;31m[Kerror: [m[Ktemplate argument 2 is invalid
[5.595s] [01m[K/home/orin/ros2_ws/src/diffbot_description/hardware/diffbot_system.cpp:119:20:[m[K [01;31m[Kerror: [m[Krequest for member ‘[01m[Kemplace_back[m[K’ in ‘[01m[Kstate_interfaces[m[K’, which is of non-class type ‘[01m[Kint[m[K’
[5.595s]   119 |   state_interfaces.[01;31m[Kemplace_back[m[K(hardware_interface::StateInterface(
[5.595s]       |                    [01;31m[K^~~~~~~~~~~~[m[K
[5.595s] [01m[K/home/orin/ros2_ws/src/diffbot_description/hardware/diffbot_system.cpp:119:53:[m[K [01;31m[Kerror: [m[K‘[01m[KStateInterface[m[K’ is not a member of ‘[01m[Khardware_interface[m[K’
[5.595s]   119 |   state_interfaces.emplace_back(hardware_interface::[01;31m[KStateInterface[m[K(
[5.596s]       |                                                     [01;31m[K^~~~~~~~~~~~~~[m[K
[5.604s] [01m[K/home/orin/ros2_ws/src/diffbot_description/hardware/diffbot_system.cpp:120:5:[m[K [01;31m[Kerror: [m[K‘[01m[Kwheel_l_[m[K’ was not declared in this scope
[5.605s]   120 |     [01;31m[Kwheel_l_[m[K.name, hardware_interface::HW_IF_POSITION, &wheel_l_.pos));
[5.605s]       |     [01;31m[K^~~~~~~~[m[K
[5.605s] [01m[K/home/orin/ros2_ws/src/diffbot_description/hardware/diffbot_system.cpp:121:20:[m[K [01;31m[Kerror: [m[Krequest for member ‘[01m[Kemplace_back[m[K’ in ‘[01m[Kstate_interfaces[m[K’, which is of non-class type ‘[01m[Kint[m[K’
[5.605s]   121 |   state_interfaces.[01;31m[Kemplace_back[m[K(hardware_interface::StateInterface(
[5.605s]       |                    [01;31m[K^~~~~~~~~~~~[m[K
[5.606s] [01m[K/home/orin/ros2_ws/src/diffbot_description/hardware/diffbot_system.cpp:121:53:[m[K [01;31m[Kerror: [m[K‘[01m[KStateInterface[m[K’ is not a member of ‘[01m[Khardware_interface[m[K’
[5.606s]   121 |   state_interfaces.emplace_back(hardware_interface::[01;31m[KStateInterface[m[K(
[5.606s]       |                                                     [01;31m[K^~~~~~~~~~~~~~[m[K
[5.606s] [01m[K/home/orin/ros2_ws/src/diffbot_description/hardware/diffbot_system.cpp:124:20:[m[K [01;31m[Kerror: [m[Krequest for member ‘[01m[Kemplace_back[m[K’ in ‘[01m[Kstate_interfaces[m[K’, which is of non-class type ‘[01m[Kint[m[K’
[5.606s]   124 |   state_interfaces.[01;31m[Kemplace_back[m[K(hardware_interface::StateInterface(
[5.606s]       |                    [01;31m[K^~~~~~~~~~~~[m[K
[5.606s] [01m[K/home/orin/ros2_ws/src/diffbot_description/hardware/diffbot_system.cpp:124:53:[m[K [01;31m[Kerror: [m[K‘[01m[KStateInterface[m[K’ is not a member of ‘[01m[Khardware_interface[m[K’
[5.607s]   124 |   state_interfaces.emplace_back(hardware_interface::[01;31m[KStateInterface[m[K(
[5.607s]       |                                                     [01;31m[K^~~~~~~~~~~~~~[m[K
[5.615s] [01m[K/home/orin/ros2_ws/src/diffbot_description/hardware/diffbot_system.cpp:125:5:[m[K [01;31m[Kerror: [m[K‘[01m[Kwheel_r_[m[K’ was not declared in this scope
[5.615s]   125 |     [01;31m[Kwheel_r_[m[K.name, hardware_interface::HW_IF_POSITION, &wheel_r_.pos));
[5.616s]       |     [01;31m[K^~~~~~~~[m[K
[5.616s] [01m[K/home/orin/ros2_ws/src/diffbot_description/hardware/diffbot_system.cpp:126:20:[m[K [01;31m[Kerror: [m[Krequest for member ‘[01m[Kemplace_back[m[K’ in ‘[01m[Kstate_interfaces[m[K’, which is of non-class type ‘[01m[Kint[m[K’
[5.616s]   126 |   state_interfaces.[01;31m[Kemplace_back[m[K(hardware_interface::StateInterface(
[5.616s]       |                    [01;31m[K^~~~~~~~~~~~[m[K
[5.616s] [01m[K/home/orin/ros2_ws/src/diffbot_description/hardware/diffbot_system.cpp:126:53:[m[K [01;31m[Kerror: [m[K‘[01m[KStateInterface[m[K’ is not a member of ‘[01m[Khardware_interface[m[K’
[5.616s]   126 |   state_interfaces.emplace_back(hardware_interface::[01;31m[KStateInterface[m[K(
[5.617s]       |                                                     [01;31m[K^~~~~~~~~~~~~~[m[K
[5.617s] [01m[K/home/orin/ros2_ws/src/diffbot_description/hardware/diffbot_system.cpp:[m[K At global scope:
[5.617s] [01m[K/home/orin/ros2_ws/src/diffbot_description/hardware/diffbot_system.cpp:132:33:[m[K [01;31m[Kerror: [m[K‘[01m[KCommandInterface[m[K’ is not a member of ‘[01m[Khardware_interface[m[K’
[5.617s]   132 | std::vector<hardware_interface::[01;31m[KCommandInterface[m[K> DiffDriveArduinoHardware::export_command_interfaces()
[5.617s]       |                                 [01;31m[K^~~~~~~~~~~~~~~~[m[K
[5.618s] [01m[K/home/orin/ros2_ws/src/diffbot_description/hardware/diffbot_system.cpp:132:49:[m[K [01;31m[Kerror: [m[Ktemplate argument 1 is invalid
[5.618s]   132 | std::vector<hardware_interface::CommandInterface[01;31m[K>[m[K DiffDriveArduinoHardware::export_command_interfaces()
[5.618s]       |                                                 [01;31m[K^[m[K
[5.618s] [01m[K/home/orin/ros2_ws/src/diffbot_description/hardware/diffbot_system.cpp:132:49:[m[K [01;31m[Kerror: [m[Ktemplate argument 2 is invalid
[5.618s] [01m[K/home/orin/ros2_ws/src/diffbot_description/hardware/diffbot_system.cpp:132:51:[m[K [01;31m[Kerror: [m[K‘[01m[KDiffDriveArduinoHardware[m[K’ has not been declared
[5.618s]   132 | std::vector<hardware_interface::CommandInterface> [01;31m[KDiffDriveArduinoHardware[m[K::export_command_interfaces()
[5.618s]       |                                                   [01;31m[K^~~~~~~~~~~~~~~~~~~~~~~~[m[K
[5.619s] [01m[K/home/orin/ros2_ws/src/diffbot_description/hardware/diffbot_system.cpp:[m[K In function ‘[01m[Kint diffbot_description::export_command_interfaces()[m[K’:
[5.619s] [01m[K/home/orin/ros2_ws/src/diffbot_description/hardware/diffbot_system.cpp:134:35:[m[K [01;31m[Kerror: [m[K‘[01m[KCommandInterface[m[K’ is not a member of ‘[01m[Khardware_interface[m[K’
[5.619s]   134 |   std::vector<hardware_interface::[01;31m[KCommandInterface[m[K> command_interfaces;
[5.619s]       |                                   [01;31m[K^~~~~~~~~~~~~~~~[m[K
[5.619s] [01m[K/home/orin/ros2_ws/src/diffbot_description/hardware/diffbot_system.cpp:134:51:[m[K [01;31m[Kerror: [m[Ktemplate argument 1 is invalid
[5.619s]   134 |   std::vector<hardware_interface::CommandInterface[01;31m[K>[m[K command_interfaces;
[5.619s]       |                                                   [01;31m[K^[m[K
[5.619s] [01m[K/home/orin/ros2_ws/src/diffbot_description/hardware/diffbot_system.cpp:134:51:[m[K [01;31m[Kerror: [m[Ktemplate argument 2 is invalid
[5.620s] [01m[K/home/orin/ros2_ws/src/diffbot_description/hardware/diffbot_system.cpp:136:22:[m[K [01;31m[Kerror: [m[Krequest for member ‘[01m[Kemplace_back[m[K’ in ‘[01m[Kcommand_interfaces[m[K’, which is of non-class type ‘[01m[Kint[m[K’
[5.620s]   136 |   command_interfaces.[01;31m[Kemplace_back[m[K(hardware_interface::CommandInterface(
[5.620s]       |                      [01;31m[K^~~~~~~~~~~~[m[K
[5.620s] [01m[K/home/orin/ros2_ws/src/diffbot_description/hardware/diffbot_system.cpp:136:55:[m[K [01;31m[Kerror: [m[K‘[01m[KCommandInterface[m[K’ is not a member of ‘[01m[Khardware_interface[m[K’
[5.620s]   136 |   command_interfaces.emplace_back(hardware_interface::[01;31m[KCommandInterface[m[K(
[5.620s]       |                                                       [01;31m[K^~~~~~~~~~~~~~~~[m[K
[5.626s] [01m[K/home/orin/ros2_ws/src/diffbot_description/hardware/diffbot_system.cpp:137:5:[m[K [01;31m[Kerror: [m[K‘[01m[Kwheel_l_[m[K’ was not declared in this scope
[5.626s]   137 |     [01;31m[Kwheel_l_[m[K.name, hardware_interface::HW_IF_VELOCITY, &wheel_l_.cmd));
[5.626s]       |     [01;31m[K^~~~~~~~[m[K
[5.626s] [01m[K/home/orin/ros2_ws/src/diffbot_description/hardware/diffbot_system.cpp:139:22:[m[K [01;31m[Kerror: [m[Krequest for member ‘[01m[Kemplace_back[m[K’ in ‘[01m[Kcommand_interfaces[m[K’, which is of non-class type ‘[01m[Kint[m[K’
[5.627s]   139 |   command_interfaces.[01;31m[Kemplace_back[m[K(hardware_interface::CommandInterface(
[5.627s]       |                      [01;31m[K^~~~~~~~~~~~[m[K
[5.627s] [01m[K/home/orin/ros2_ws/src/diffbot_description/hardware/diffbot_system.cpp:139:55:[m[K [01;31m[Kerror: [m[K‘[01m[KCommandInterface[m[K’ is not a member of ‘[01m[Khardware_interface[m[K’
[5.627s]   139 |   command_interfaces.emplace_back(hardware_interface::[01;31m[KCommandInterface[m[K(
[5.627s]       |                                                       [01;31m[K^~~~~~~~~~~~~~~~[m[K
[5.634s] [01m[K/home/orin/ros2_ws/src/diffbot_description/hardware/diffbot_system.cpp:140:5:[m[K [01;31m[Kerror: [m[K‘[01m[Kwheel_r_[m[K’ was not declared in this scope
[5.635s]   140 |     [01;31m[Kwheel_r_[m[K.name, hardware_interface::HW_IF_VELOCITY, &wheel_r_.cmd));
[5.635s]       |     [01;31m[K^~~~~~~~[m[K
[5.635s] [01m[K/home/orin/ros2_ws/src/diffbot_description/hardware/diffbot_system.cpp:[m[K At global scope:
[5.635s] [01m[K/home/orin/ros2_ws/src/diffbot_description/hardware/diffbot_system.cpp:145:21:[m[K [01;31m[Kerror: [m[K‘[01m[KCallbackReturn[m[K’ in namespace ‘[01m[Khardware_interface[m[K’ does not name a type
[5.635s]   145 | hardware_interface::[01;31m[KCallbackReturn[m[K DiffDriveArduinoHardware::on_configure(
[5.635s]       |                     [01;31m[K^~~~~~~~~~~~~~[m[K
[5.635s] [01m[K/home/orin/ros2_ws/src/diffbot_description/hardware/diffbot_system.cpp:159:21:[m[K [01;31m[Kerror: [m[K‘[01m[KCallbackReturn[m[K’ in namespace ‘[01m[Khardware_interface[m[K’ does not name a type
[5.635s]   159 | hardware_interface::[01;31m[KCallbackReturn[m[K DiffDriveArduinoHardware::on_cleanup(
[5.636s]       |                     [01;31m[K^~~~~~~~~~~~~~[m[K
[5.636s] [01m[K/home/orin/ros2_ws/src/diffbot_description/hardware/diffbot_system.cpp:173:21:[m[K [01;31m[Kerror: [m[K‘[01m[KCallbackReturn[m[K’ in namespace ‘[01m[Khardware_interface[m[K’ does not name a type
[5.636s]   173 | hardware_interface::[01;31m[KCallbackReturn[m[K DiffDriveArduinoHardware::on_activate(
[5.636s]       |                     [01;31m[K^~~~~~~~~~~~~~[m[K
[5.636s] [01m[K/home/orin/ros2_ws/src/diffbot_description/hardware/diffbot_system.cpp:190:21:[m[K [01;31m[Kerror: [m[K‘[01m[KCallbackReturn[m[K’ in namespace ‘[01m[Khardware_interface[m[K’ does not name a type
[5.636s]   190 | hardware_interface::[01;31m[KCallbackReturn[m[K DiffDriveArduinoHardware::on_deactivate(
[5.636s]       |                     [01;31m[K^~~~~~~~~~~~~~[m[K
[5.637s] [01m[K/home/orin/ros2_ws/src/diffbot_description/hardware/diffbot_system.cpp:199:21:[m[K [01;31m[Kerror: [m[K‘[01m[Kreturn_type[m[K’ in namespace ‘[01m[Khardware_interface[m[K’ does not name a type
[5.637s]   199 | hardware_interface::[01;31m[Kreturn_type[m[K DiffDriveArduinoHardware::read(
[5.637s]       |                     [01;31m[K^~~~~~~~~~~[m[K
[5.637s] [01m[K/home/orin/ros2_ws/src/diffbot_description/hardware/diffbot_system.cpp:222:21:[m[K [01;31m[Kerror: [m[K‘[01m[Kreturn_type[m[K’ in namespace ‘[01m[Khardware_interface[m[K’ does not name a type
[5.637s]   222 | hardware_interface::[01;31m[Kreturn_type[m[K diffbot_description ::DiffDriveArduinoHardware::write(
[5.637s]       |                     [01;31m[K^~~~~~~~~~~[m[K
[5.662s] In file included from [01m[K/opt/ros/humble/include/class_loader/class_loader/class_loader.hpp:56[m[K,
[5.662s]                  from [01m[K/opt/ros/humble/include/pluginlib/pluginlib/class_list_macros.hpp:40[m[K,
[5.662s]                  from [01m[K/home/orin/ros2_ws/src/diffbot_description/hardware/diffbot_system.cpp:238[m[K:
[5.663s] [01m[K/home/orin/ros2_ws/src/diffbot_description/hardware/diffbot_system.cpp:240:24:[m[K [01;31m[Kerror: [m[K‘[01m[KDiffDriveArduinoHardware[m[K’ in namespace ‘[01m[Kdiffbot_description[m[K’ does not name a type
[5.663s]   240 |   diffbot_description::[01;31m[KDiffDriveArduinoHardware[m[K, hardware_interface::SystemInterface)
[5.663s]       |                        [01;31m[K^~~~~~~~~~~~~~~~~~~~~~~~[m[K
[5.663s] [01m[K/home/orin/ros2_ws/src/diffbot_description/hardware/diffbot_system.cpp:240:70:[m[K [01;31m[Kerror: [m[K‘[01m[KSystemInterface[m[K’ in namespace ‘[01m[Khardware_interface[m[K’ does not name a type
[5.663s]   240 |   diffbot_description::DiffDriveArduinoHardware, hardware_interface::[01;31m[KSystemInterface[m[K)
[5.663s]       |                                                                      [01;31m[K^~~~~~~~~~~~~~~[m[K
[5.681s] [01m[K/home/orin/ros2_ws/src/diffbot_description/hardware/diffbot_system.cpp:[m[K In constructor ‘[01m[K{anonymous}::ProxyExec0::ProxyExec0()[m[K’:
[5.682s] [01m[K/home/orin/ros2_ws/src/diffbot_description/hardware/diffbot_system.cpp:239:1:[m[K [01;31m[Kerror: [m[K‘[01m[K_derived[m[K’ was not declared in this scope
[5.682s]   239 | [01;31m[KPLUGINLIB_EXPORT_CLASS[m[K(
[5.682s]       | [01;31m[K^~~~~~~~~~~~~~~~~~~~~~[m[K
[5.694s] [01m[K/home/orin/ros2_ws/src/diffbot_description/hardware/diffbot_system.cpp:239:1:[m[K [01;31m[Kerror: [m[K‘[01m[K_base[m[K’ was not declared in this scope
[5.694s]   239 | [01;31m[KPLUGINLIB_EXPORT_CLASS[m[K(
[5.694s]       | [01;31m[K^~~~~~~~~~~~~~~~~~~~~~[m[K
[5.695s] [01m[K/home/orin/ros2_ws/src/diffbot_description/hardware/diffbot_system.cpp:239:1:[m[K [01;31m[Kerror: [m[Kno matching function for call to ‘[01m[KregisterPlugin<<expression error>, <expression error> >(const char [46], const char [36])[m[K’
[5.695s]   239 | [01;31m[KPLUGINLIB_EXPORT_CLASS[m[K(
[5.695s]       | [01;31m[K^~~~~~~~~~~~~~~~~~~~~~[m[K
[5.695s] In file included from [01m[K/opt/ros/humble/include/class_loader/class_loader/class_loader.hpp:55[m[K,
[5.695s]                  from [01m[K/opt/ros/humble/include/pluginlib/pluginlib/class_list_macros.hpp:40[m[K,
[5.696s]                  from [01m[K/home/orin/ros2_ws/src/diffbot_description/hardware/diffbot_system.cpp:238[m[K:
[5.696s] [01m[K/opt/ros/humble/include/class_loader/class_loader/class_loader_core.hpp:210:6:[m[K [01;36m[Knote: [m[Kcandidate: ‘[01m[Ktemplate<class Derived, class Base> void class_loader::impl::registerPlugin(const string&, const string&)[m[K’
[5.696s]   210 | void [01;36m[KregisterPlugin[m[K(const std::string & class_name, const std::string & base_class_name)
[5.696s]       |      [01;36m[K^~~~~~~~~~~~~~[m[K
[5.696s] [01m[K/opt/ros/humble/include/class_loader/class_loader/class_loader_core.hpp:210:6:[m[K [01;36m[Knote: [m[K  template argument deduction/substitution failed:
[5.696s] In file included from [01m[K/opt/ros/humble/include/class_loader/class_loader/class_loader.hpp:56[m[K,
[5.696s]                  from [01m[K/opt/ros/humble/include/pluginlib/pluginlib/class_list_macros.hpp:40[m[K,
[5.697s]                  from [01m[K/home/orin/ros2_ws/src/diffbot_description/hardware/diffbot_system.cpp:238[m[K:
[5.697s] [01m[K/home/orin/ros2_ws/src/diffbot_description/hardware/diffbot_system.cpp:239:1:[m[K [01;31m[Kerror: [m[Ktemplate argument 1 is invalid
[5.697s]   239 | [01;31m[KPLUGINLIB_EXPORT_CLASS[m[K(
[5.697s]       | [01;31m[K^~~~~~~~~~~~~~~~~~~~~~[m[K
[5.697s] [01m[K/home/orin/ros2_ws/src/diffbot_description/hardware/diffbot_system.cpp:239:1:[m[K [01;31m[Kerror: [m[Ktemplate argument 2 is invalid
[6.694s] gmake[2]: *** [CMakeFiles/diffbot_description.dir/build.make:76: CMakeFiles/diffbot_description.dir/hardware/diffbot_system.cpp.o] Error 1
[6.695s] gmake[1]: *** [CMakeFiles/Makefile2:137: CMakeFiles/diffbot_description.dir/all] Error 2
[6.696s] gmake: *** [Makefile:146: all] Error 2
[6.702s] Invoked command in '/home/orin/ros2_ws/build/diffbot_description' returned '2': CMAKE_PREFIX_PATH=/opt/ros/humble /usr/bin/cmake --build /home/orin/ros2_ws/build/diffbot_description -- -j6 -l6
