[0.656s] Invoking command in '/home/orin/ros2_ws/build/depthai_ros_msgs': CMAKE_PREFIX_PATH=/opt/ros/humble /usr/bin/cmake --build /home/orin/ros2_ws/build/depthai_ros_msgs -- -j6 -l6
[1.255s] [  0%] Built target depthai_ros_msgs__cpp
[1.255s] [  0%] Built target ament_cmake_python_symlink_depthai_ros_msgs
[1.256s] [ 12%] Built target depthai_ros_msgs__rosidl_typesupport_introspection_cpp
[1.601s] running egg_info
[1.658s] writing depthai_ros_msgs.egg-info/PKG-INFO
[1.659s] writing dependency_links to depthai_ros_msgs.egg-info/dependency_links.txt
[1.661s] writing top-level names to depthai_ros_msgs.egg-info/top_level.txt
[1.841s] reading manifest file 'depthai_ros_msgs.egg-info/SOURCES.txt'
[1.843s] writing manifest file 'depthai_ros_msgs.egg-info/SOURCES.txt'
[1.938s] [ 12%] Built target ament_cmake_python_build_depthai_ros_msgs_egg
[2.186s] [ 23%] Built target depthai_ros_msgs__rosidl_typesupport_fastrtps_cpp
[2.290s] [ 35%] Built target depthai_ros_msgs__rosidl_typesupport_cpp
[2.457s] [ 47%] Built target depthai_ros_msgs__rosidl_generator_c
[2.578s] [ 59%] Built target depthai_ros_msgs__rosidl_typesupport_fastrtps_c
[2.726s] [ 71%] Built target depthai_ros_msgs__rosidl_typesupport_c
[3.126s] [ 83%] Built target depthai_ros_msgs__rosidl_typesupport_introspection_c
[3.230s] [ 83%] Built target depthai_ros_msgs
[3.306s] [ 84%] Built target depthai_ros_msgs__py
[3.416s] [ 95%] Built target depthai_ros_msgs__rosidl_generator_py
[3.572s] [ 97%] Built target depthai_ros_msgs__rosidl_typesupport_fastrtps_c__pyext
[3.684s] [ 98%] Built target depthai_ros_msgs__rosidl_typesupport_c__pyext
[3.826s] [100%] Built target depthai_ros_msgs__rosidl_typesupport_introspection_c__pyext
[4.088s] Invoked command in '/home/orin/ros2_ws/build/depthai_ros_msgs' returned '0': CMAKE_PREFIX_PATH=/opt/ros/humble /usr/bin/cmake --build /home/orin/ros2_ws/build/depthai_ros_msgs -- -j6 -l6
[4.094s] Invoking command in '/home/orin/ros2_ws/build/depthai_ros_msgs': CMAKE_PREFIX_PATH=/opt/ros/humble /usr/bin/cmake --install /home/orin/ros2_ws/build/depthai_ros_msgs
[4.158s] -- Install configuration: "Release"
[4.159s] -- Execute custom install script
[4.159s] -- Up-to-date symlink: /home/orin/ros2_ws/install/depthai_ros_msgs/share/ament_index/resource_index/rosidl_interfaces/depthai_ros_msgs
[4.159s] -- Up-to-date symlink: /home/orin/ros2_ws/install/depthai_ros_msgs/include/depthai_ros_msgs/depthai_ros_msgs/msg/auto_focus_ctrl.h
[4.159s] -- Up-to-date symlink: /home/orin/ros2_ws/install/depthai_ros_msgs/include/depthai_ros_msgs/depthai_ros_msgs/msg/detail/auto_focus_ctrl__functions.h
[4.159s] -- Up-to-date symlink: /home/orin/ros2_ws/install/depthai_ros_msgs/include/depthai_ros_msgs/depthai_ros_msgs/msg/detail/auto_focus_ctrl__struct.h
[4.159s] -- Up-to-date symlink: /home/orin/ros2_ws/install/depthai_ros_msgs/include/depthai_ros_msgs/depthai_ros_msgs/msg/detail/auto_focus_ctrl__type_support.h
[4.159s] -- Up-to-date symlink: /home/orin/ros2_ws/install/depthai_ros_msgs/include/depthai_ros_msgs/depthai_ros_msgs/msg/detail/hand_landmark__functions.h
[4.160s] -- Up-to-date symlink: /home/orin/ros2_ws/install/depthai_ros_msgs/include/depthai_ros_msgs/depthai_ros_msgs/msg/detail/hand_landmark__struct.h
[4.160s] -- Up-to-date symlink: /home/orin/ros2_ws/install/depthai_ros_msgs/include/depthai_ros_msgs/depthai_ros_msgs/msg/detail/hand_landmark__type_support.h
[4.174s] -- Up-to-date symlink: /home/orin/ros2_ws/install/depthai_ros_msgs/include/depthai_ros_msgs/depthai_ros_msgs/msg/detail/hand_landmark_array__functions.h
[4.174s] -- Up-to-date symlink: /home/orin/ros2_ws/install/depthai_ros_msgs/include/depthai_ros_msgs/depthai_ros_msgs/msg/detail/hand_landmark_array__struct.h
[4.174s] -- Up-to-date symlink: /home/orin/ros2_ws/install/depthai_ros_msgs/include/depthai_ros_msgs/depthai_ros_msgs/msg/detail/hand_landmark_array__type_support.h
[4.174s] -- Up-to-date symlink: /home/orin/ros2_ws/install/depthai_ros_msgs/include/depthai_ros_msgs/depthai_ros_msgs/msg/detail/imu_with_magnetic_field__functions.h
[4.175s] -- Up-to-date symlink: /home/orin/ros2_ws/install/depthai_ros_msgs/include/depthai_ros_msgs/depthai_ros_msgs/msg/detail/imu_with_magnetic_field__struct.h
[4.175s] -- Up-to-date symlink: /home/orin/ros2_ws/install/depthai_ros_msgs/include/depthai_ros_msgs/depthai_ros_msgs/msg/detail/imu_with_magnetic_field__type_support.h
[4.181s] -- Up-to-date symlink: /home/orin/ros2_ws/install/depthai_ros_msgs/include/depthai_ros_msgs/depthai_ros_msgs/msg/detail/spatial_detection__functions.h
[4.187s] -- Up-to-date symlink: /home/orin/ros2_ws/install/depthai_ros_msgs/include/depthai_ros_msgs/depthai_ros_msgs/msg/detail/spatial_detection__struct.h
[4.187s] -- Up-to-date symlink: /home/orin/ros2_ws/install/depthai_ros_msgs/include/depthai_ros_msgs/depthai_ros_msgs/msg/detail/spatial_detection__type_support.h
[4.187s] -- Up-to-date symlink: /home/orin/ros2_ws/install/depthai_ros_msgs/include/depthai_ros_msgs/depthai_ros_msgs/msg/detail/spatial_detection_array__functions.h
[4.187s] -- Up-to-date symlink: /home/orin/ros2_ws/install/depthai_ros_msgs/include/depthai_ros_msgs/depthai_ros_msgs/msg/detail/spatial_detection_array__struct.h
[4.187s] -- Up-to-date symlink: /home/orin/ros2_ws/install/depthai_ros_msgs/include/depthai_ros_msgs/depthai_ros_msgs/msg/detail/spatial_detection_array__type_support.h
[4.188s] -- Up-to-date symlink: /home/orin/ros2_ws/install/depthai_ros_msgs/include/depthai_ros_msgs/depthai_ros_msgs/msg/detail/track_detection2_d__functions.h
[4.188s] -- Up-to-date symlink: /home/orin/ros2_ws/install/depthai_ros_msgs/include/depthai_ros_msgs/depthai_ros_msgs/msg/detail/track_detection2_d__struct.h
[4.188s] -- Up-to-date symlink: /home/orin/ros2_ws/install/depthai_ros_msgs/include/depthai_ros_msgs/depthai_ros_msgs/msg/detail/track_detection2_d__type_support.h
[4.195s] -- Up-to-date symlink: /home/orin/ros2_ws/install/depthai_ros_msgs/include/depthai_ros_msgs/depthai_ros_msgs/msg/detail/track_detection2_d_array__functions.h
[4.197s] -- Up-to-date symlink: /home/orin/ros2_ws/install/depthai_ros_msgs/include/depthai_ros_msgs/depthai_ros_msgs/msg/detail/track_detection2_d_array__struct.h
[4.197s] -- Up-to-date symlink: /home/orin/ros2_ws/install/depthai_ros_msgs/include/depthai_ros_msgs/depthai_ros_msgs/msg/detail/track_detection2_d_array__type_support.h
[4.207s] -- Up-to-date symlink: /home/orin/ros2_ws/install/depthai_ros_msgs/include/depthai_ros_msgs/depthai_ros_msgs/msg/detail/tracked_feature__functions.h
[4.208s] -- Up-to-date symlink: /home/orin/ros2_ws/install/depthai_ros_msgs/include/depthai_ros_msgs/depthai_ros_msgs/msg/detail/tracked_feature__struct.h
[4.209s] -- Up-to-date symlink: /home/orin/ros2_ws/install/depthai_ros_msgs/include/depthai_ros_msgs/depthai_ros_msgs/msg/detail/tracked_feature__type_support.h
[4.210s] -- Up-to-date symlink: /home/orin/ros2_ws/install/depthai_ros_msgs/include/depthai_ros_msgs/depthai_ros_msgs/msg/detail/tracked_features__functions.h
[4.210s] -- Up-to-date symlink: /home/orin/ros2_ws/install/depthai_ros_msgs/include/depthai_ros_msgs/depthai_ros_msgs/msg/detail/tracked_features__struct.h
[4.212s] -- Up-to-date symlink: /home/orin/ros2_ws/install/depthai_ros_msgs/include/depthai_ros_msgs/depthai_ros_msgs/msg/detail/tracked_features__type_support.h
[4.216s] -- Up-to-date symlink: /home/orin/ros2_ws/install/depthai_ros_msgs/include/depthai_ros_msgs/depthai_ros_msgs/msg/hand_landmark.h
[4.217s] -- Up-to-date symlink: /home/orin/ros2_ws/install/depthai_ros_msgs/include/depthai_ros_msgs/depthai_ros_msgs/msg/hand_landmark_array.h
[4.217s] -- Up-to-date symlink: /home/orin/ros2_ws/install/depthai_ros_msgs/include/depthai_ros_msgs/depthai_ros_msgs/msg/imu_with_magnetic_field.h
[4.218s] -- Up-to-date symlink: /home/orin/ros2_ws/install/depthai_ros_msgs/include/depthai_ros_msgs/depthai_ros_msgs/msg/rosidl_generator_c__visibility_control.h
[4.218s] -- Up-to-date symlink: /home/orin/ros2_ws/install/depthai_ros_msgs/include/depthai_ros_msgs/depthai_ros_msgs/msg/spatial_detection.h
[4.218s] -- Up-to-date symlink: /home/orin/ros2_ws/install/depthai_ros_msgs/include/depthai_ros_msgs/depthai_ros_msgs/msg/spatial_detection_array.h
[4.218s] -- Up-to-date symlink: /home/orin/ros2_ws/install/depthai_ros_msgs/include/depthai_ros_msgs/depthai_ros_msgs/msg/track_detection2_d.h
[4.218s] -- Up-to-date symlink: /home/orin/ros2_ws/install/depthai_ros_msgs/include/depthai_ros_msgs/depthai_ros_msgs/msg/track_detection2_d_array.h
[4.218s] -- Up-to-date symlink: /home/orin/ros2_ws/install/depthai_ros_msgs/include/depthai_ros_msgs/depthai_ros_msgs/msg/tracked_feature.h
[4.219s] -- Up-to-date symlink: /home/orin/ros2_ws/install/depthai_ros_msgs/include/depthai_ros_msgs/depthai_ros_msgs/msg/tracked_features.h
[4.219s] -- Up-to-date symlink: /home/orin/ros2_ws/install/depthai_ros_msgs/include/depthai_ros_msgs/depthai_ros_msgs/srv/detail/normalized_image_crop__functions.h
[4.219s] -- Up-to-date symlink: /home/orin/ros2_ws/install/depthai_ros_msgs/include/depthai_ros_msgs/depthai_ros_msgs/srv/detail/normalized_image_crop__struct.h
[4.219s] -- Up-to-date symlink: /home/orin/ros2_ws/install/depthai_ros_msgs/include/depthai_ros_msgs/depthai_ros_msgs/srv/detail/normalized_image_crop__type_support.h
[4.219s] -- Up-to-date symlink: /home/orin/ros2_ws/install/depthai_ros_msgs/include/depthai_ros_msgs/depthai_ros_msgs/srv/detail/trigger_named__functions.h
[4.219s] -- Up-to-date symlink: /home/orin/ros2_ws/install/depthai_ros_msgs/include/depthai_ros_msgs/depthai_ros_msgs/srv/detail/trigger_named__struct.h
[4.219s] -- Up-to-date symlink: /home/orin/ros2_ws/install/depthai_ros_msgs/include/depthai_ros_msgs/depthai_ros_msgs/srv/detail/trigger_named__type_support.h
[4.220s] -- Up-to-date symlink: /home/orin/ros2_ws/install/depthai_ros_msgs/include/depthai_ros_msgs/depthai_ros_msgs/srv/normalized_image_crop.h
[4.220s] -- Up-to-date symlink: /home/orin/ros2_ws/install/depthai_ros_msgs/include/depthai_ros_msgs/depthai_ros_msgs/srv/trigger_named.h
[4.220s] -- Up-to-date symlink: /home/orin/ros2_ws/install/depthai_ros_msgs/share/depthai_ros_msgs/environment/library_path.sh
[4.220s] -- Up-to-date symlink: /home/orin/ros2_ws/install/depthai_ros_msgs/share/depthai_ros_msgs/environment/library_path.dsv
[4.220s] -- Up-to-date symlink: /home/orin/ros2_ws/install/depthai_ros_msgs/include/depthai_ros_msgs/depthai_ros_msgs/msg/detail/auto_focus_ctrl__rosidl_typesupport_fastrtps_c.h
[4.220s] -- Up-to-date symlink: /home/orin/ros2_ws/install/depthai_ros_msgs/include/depthai_ros_msgs/depthai_ros_msgs/msg/detail/hand_landmark__rosidl_typesupport_fastrtps_c.h
[4.220s] -- Up-to-date symlink: /home/orin/ros2_ws/install/depthai_ros_msgs/include/depthai_ros_msgs/depthai_ros_msgs/msg/detail/hand_landmark_array__rosidl_typesupport_fastrtps_c.h
[4.221s] -- Up-to-date symlink: /home/orin/ros2_ws/install/depthai_ros_msgs/include/depthai_ros_msgs/depthai_ros_msgs/msg/detail/imu_with_magnetic_field__rosidl_typesupport_fastrtps_c.h
[4.221s] -- Up-to-date symlink: /home/orin/ros2_ws/install/depthai_ros_msgs/include/depthai_ros_msgs/depthai_ros_msgs/msg/detail/spatial_detection__rosidl_typesupport_fastrtps_c.h
[4.221s] -- Up-to-date symlink: /home/orin/ros2_ws/install/depthai_ros_msgs/include/depthai_ros_msgs/depthai_ros_msgs/msg/detail/spatial_detection_array__rosidl_typesupport_fastrtps_c.h
[4.221s] -- Up-to-date symlink: /home/orin/ros2_ws/install/depthai_ros_msgs/include/depthai_ros_msgs/depthai_ros_msgs/msg/detail/track_detection2_d__rosidl_typesupport_fastrtps_c.h
[4.221s] -- Up-to-date symlink: /home/orin/ros2_ws/install/depthai_ros_msgs/include/depthai_ros_msgs/depthai_ros_msgs/msg/detail/track_detection2_d_array__rosidl_typesupport_fastrtps_c.h
[4.221s] -- Up-to-date symlink: /home/orin/ros2_ws/install/depthai_ros_msgs/include/depthai_ros_msgs/depthai_ros_msgs/msg/detail/tracked_feature__rosidl_typesupport_fastrtps_c.h
[4.221s] -- Up-to-date symlink: /home/orin/ros2_ws/install/depthai_ros_msgs/include/depthai_ros_msgs/depthai_ros_msgs/msg/detail/tracked_features__rosidl_typesupport_fastrtps_c.h
[4.222s] -- Up-to-date symlink: /home/orin/ros2_ws/install/depthai_ros_msgs/include/depthai_ros_msgs/depthai_ros_msgs/msg/rosidl_typesupport_fastrtps_c__visibility_control.h
[4.222s] -- Up-to-date symlink: /home/orin/ros2_ws/install/depthai_ros_msgs/include/depthai_ros_msgs/depthai_ros_msgs/srv/detail/normalized_image_crop__rosidl_typesupport_fastrtps_c.h
[4.222s] -- Up-to-date symlink: /home/orin/ros2_ws/install/depthai_ros_msgs/include/depthai_ros_msgs/depthai_ros_msgs/srv/detail/trigger_named__rosidl_typesupport_fastrtps_c.h
[4.222s] -- Up-to-date symlink: /home/orin/ros2_ws/install/depthai_ros_msgs/include/depthai_ros_msgs/depthai_ros_msgs/msg/auto_focus_ctrl.hpp
[4.222s] -- Up-to-date symlink: /home/orin/ros2_ws/install/depthai_ros_msgs/include/depthai_ros_msgs/depthai_ros_msgs/msg/detail/auto_focus_ctrl__builder.hpp
[4.223s] -- Up-to-date symlink: /home/orin/ros2_ws/install/depthai_ros_msgs/include/depthai_ros_msgs/depthai_ros_msgs/msg/detail/auto_focus_ctrl__struct.hpp
[4.223s] -- Up-to-date symlink: /home/orin/ros2_ws/install/depthai_ros_msgs/include/depthai_ros_msgs/depthai_ros_msgs/msg/detail/auto_focus_ctrl__traits.hpp
[4.223s] -- Up-to-date symlink: /home/orin/ros2_ws/install/depthai_ros_msgs/include/depthai_ros_msgs/depthai_ros_msgs/msg/detail/auto_focus_ctrl__type_support.hpp
[4.223s] -- Up-to-date symlink: /home/orin/ros2_ws/install/depthai_ros_msgs/include/depthai_ros_msgs/depthai_ros_msgs/msg/detail/hand_landmark__builder.hpp
[4.223s] -- Up-to-date symlink: /home/orin/ros2_ws/install/depthai_ros_msgs/include/depthai_ros_msgs/depthai_ros_msgs/msg/detail/hand_landmark__struct.hpp
[4.223s] -- Up-to-date symlink: /home/orin/ros2_ws/install/depthai_ros_msgs/include/depthai_ros_msgs/depthai_ros_msgs/msg/detail/hand_landmark__traits.hpp
[4.223s] -- Up-to-date symlink: /home/orin/ros2_ws/install/depthai_ros_msgs/include/depthai_ros_msgs/depthai_ros_msgs/msg/detail/hand_landmark__type_support.hpp
[4.223s] -- Up-to-date symlink: /home/orin/ros2_ws/install/depthai_ros_msgs/include/depthai_ros_msgs/depthai_ros_msgs/msg/detail/hand_landmark_array__builder.hpp
[4.224s] -- Up-to-date symlink: /home/orin/ros2_ws/install/depthai_ros_msgs/include/depthai_ros_msgs/depthai_ros_msgs/msg/detail/hand_landmark_array__struct.hpp
[4.224s] -- Up-to-date symlink: /home/orin/ros2_ws/install/depthai_ros_msgs/include/depthai_ros_msgs/depthai_ros_msgs/msg/detail/hand_landmark_array__traits.hpp
[4.224s] -- Up-to-date symlink: /home/orin/ros2_ws/install/depthai_ros_msgs/include/depthai_ros_msgs/depthai_ros_msgs/msg/detail/hand_landmark_array__type_support.hpp
[4.224s] -- Up-to-date symlink: /home/orin/ros2_ws/install/depthai_ros_msgs/include/depthai_ros_msgs/depthai_ros_msgs/msg/detail/imu_with_magnetic_field__builder.hpp
[4.224s] -- Up-to-date symlink: /home/orin/ros2_ws/install/depthai_ros_msgs/include/depthai_ros_msgs/depthai_ros_msgs/msg/detail/imu_with_magnetic_field__struct.hpp
[4.224s] -- Up-to-date symlink: /home/orin/ros2_ws/install/depthai_ros_msgs/include/depthai_ros_msgs/depthai_ros_msgs/msg/detail/imu_with_magnetic_field__traits.hpp
[4.225s] -- Up-to-date symlink: /home/orin/ros2_ws/install/depthai_ros_msgs/include/depthai_ros_msgs/depthai_ros_msgs/msg/detail/imu_with_magnetic_field__type_support.hpp
[4.225s] -- Up-to-date symlink: /home/orin/ros2_ws/install/depthai_ros_msgs/include/depthai_ros_msgs/depthai_ros_msgs/msg/detail/spatial_detection__builder.hpp
[4.225s] -- Up-to-date symlink: /home/orin/ros2_ws/install/depthai_ros_msgs/include/depthai_ros_msgs/depthai_ros_msgs/msg/detail/spatial_detection__struct.hpp
[4.225s] -- Up-to-date symlink: /home/orin/ros2_ws/install/depthai_ros_msgs/include/depthai_ros_msgs/depthai_ros_msgs/msg/detail/spatial_detection__traits.hpp
[4.225s] -- Up-to-date symlink: /home/orin/ros2_ws/install/depthai_ros_msgs/include/depthai_ros_msgs/depthai_ros_msgs/msg/detail/spatial_detection__type_support.hpp
[4.225s] -- Up-to-date symlink: /home/orin/ros2_ws/install/depthai_ros_msgs/include/depthai_ros_msgs/depthai_ros_msgs/msg/detail/spatial_detection_array__builder.hpp
[4.225s] -- Up-to-date symlink: /home/orin/ros2_ws/install/depthai_ros_msgs/include/depthai_ros_msgs/depthai_ros_msgs/msg/detail/spatial_detection_array__struct.hpp
[4.225s] -- Up-to-date symlink: /home/orin/ros2_ws/install/depthai_ros_msgs/include/depthai_ros_msgs/depthai_ros_msgs/msg/detail/spatial_detection_array__traits.hpp
[4.226s] -- Up-to-date symlink: /home/orin/ros2_ws/install/depthai_ros_msgs/include/depthai_ros_msgs/depthai_ros_msgs/msg/detail/spatial_detection_array__type_support.hpp
[4.226s] -- Up-to-date symlink: /home/orin/ros2_ws/install/depthai_ros_msgs/include/depthai_ros_msgs/depthai_ros_msgs/msg/detail/track_detection2_d__builder.hpp
[4.226s] -- Up-to-date symlink: /home/orin/ros2_ws/install/depthai_ros_msgs/include/depthai_ros_msgs/depthai_ros_msgs/msg/detail/track_detection2_d__struct.hpp
[4.226s] -- Up-to-date symlink: /home/orin/ros2_ws/install/depthai_ros_msgs/include/depthai_ros_msgs/depthai_ros_msgs/msg/detail/track_detection2_d__traits.hpp
[4.226s] -- Up-to-date symlink: /home/orin/ros2_ws/install/depthai_ros_msgs/include/depthai_ros_msgs/depthai_ros_msgs/msg/detail/track_detection2_d__type_support.hpp
[4.226s] -- Up-to-date symlink: /home/orin/ros2_ws/install/depthai_ros_msgs/include/depthai_ros_msgs/depthai_ros_msgs/msg/detail/track_detection2_d_array__builder.hpp
[4.226s] -- Up-to-date symlink: /home/orin/ros2_ws/install/depthai_ros_msgs/include/depthai_ros_msgs/depthai_ros_msgs/msg/detail/track_detection2_d_array__struct.hpp
[4.227s] -- Up-to-date symlink: /home/orin/ros2_ws/install/depthai_ros_msgs/include/depthai_ros_msgs/depthai_ros_msgs/msg/detail/track_detection2_d_array__traits.hpp
[4.227s] -- Up-to-date symlink: /home/orin/ros2_ws/install/depthai_ros_msgs/include/depthai_ros_msgs/depthai_ros_msgs/msg/detail/track_detection2_d_array__type_support.hpp
[4.227s] -- Up-to-date symlink: /home/orin/ros2_ws/install/depthai_ros_msgs/include/depthai_ros_msgs/depthai_ros_msgs/msg/detail/tracked_feature__builder.hpp
[4.227s] -- Up-to-date symlink: /home/orin/ros2_ws/install/depthai_ros_msgs/include/depthai_ros_msgs/depthai_ros_msgs/msg/detail/tracked_feature__struct.hpp
[4.227s] -- Up-to-date symlink: /home/orin/ros2_ws/install/depthai_ros_msgs/include/depthai_ros_msgs/depthai_ros_msgs/msg/detail/tracked_feature__traits.hpp
[4.227s] -- Up-to-date symlink: /home/orin/ros2_ws/install/depthai_ros_msgs/include/depthai_ros_msgs/depthai_ros_msgs/msg/detail/tracked_feature__type_support.hpp
[4.227s] -- Up-to-date symlink: /home/orin/ros2_ws/install/depthai_ros_msgs/include/depthai_ros_msgs/depthai_ros_msgs/msg/detail/tracked_features__builder.hpp
[4.228s] -- Up-to-date symlink: /home/orin/ros2_ws/install/depthai_ros_msgs/include/depthai_ros_msgs/depthai_ros_msgs/msg/detail/tracked_features__struct.hpp
[4.228s] -- Up-to-date symlink: /home/orin/ros2_ws/install/depthai_ros_msgs/include/depthai_ros_msgs/depthai_ros_msgs/msg/detail/tracked_features__traits.hpp
[4.238s] -- Up-to-date symlink: /home/orin/ros2_ws/install/depthai_ros_msgs/include/depthai_ros_msgs/depthai_ros_msgs/msg/detail/tracked_features__type_support.hpp
[4.238s] -- Up-to-date symlink: /home/orin/ros2_ws/install/depthai_ros_msgs/include/depthai_ros_msgs/depthai_ros_msgs/msg/hand_landmark.hpp
[4.239s] -- Up-to-date symlink: /home/orin/ros2_ws/install/depthai_ros_msgs/include/depthai_ros_msgs/depthai_ros_msgs/msg/hand_landmark_array.hpp
[4.239s] -- Up-to-date symlink: /home/orin/ros2_ws/install/depthai_ros_msgs/include/depthai_ros_msgs/depthai_ros_msgs/msg/imu_with_magnetic_field.hpp
[4.239s] -- Up-to-date symlink: /home/orin/ros2_ws/install/depthai_ros_msgs/include/depthai_ros_msgs/depthai_ros_msgs/msg/rosidl_generator_cpp__visibility_control.hpp
[4.239s] -- Up-to-date symlink: /home/orin/ros2_ws/install/depthai_ros_msgs/include/depthai_ros_msgs/depthai_ros_msgs/msg/spatial_detection.hpp
[4.240s] -- Up-to-date symlink: /home/orin/ros2_ws/install/depthai_ros_msgs/include/depthai_ros_msgs/depthai_ros_msgs/msg/spatial_detection_array.hpp
[4.240s] -- Up-to-date symlink: /home/orin/ros2_ws/install/depthai_ros_msgs/include/depthai_ros_msgs/depthai_ros_msgs/msg/track_detection2_d.hpp
[4.240s] -- Up-to-date symlink: /home/orin/ros2_ws/install/depthai_ros_msgs/include/depthai_ros_msgs/depthai_ros_msgs/msg/track_detection2_d_array.hpp
[4.241s] -- Up-to-date symlink: /home/orin/ros2_ws/install/depthai_ros_msgs/include/depthai_ros_msgs/depthai_ros_msgs/msg/tracked_feature.hpp
[4.241s] -- Up-to-date symlink: /home/orin/ros2_ws/install/depthai_ros_msgs/include/depthai_ros_msgs/depthai_ros_msgs/msg/tracked_features.hpp
[4.241s] -- Up-to-date symlink: /home/orin/ros2_ws/install/depthai_ros_msgs/include/depthai_ros_msgs/depthai_ros_msgs/srv/detail/normalized_image_crop__builder.hpp
[4.241s] -- Up-to-date symlink: /home/orin/ros2_ws/install/depthai_ros_msgs/include/depthai_ros_msgs/depthai_ros_msgs/srv/detail/normalized_image_crop__struct.hpp
[4.241s] -- Up-to-date symlink: /home/orin/ros2_ws/install/depthai_ros_msgs/include/depthai_ros_msgs/depthai_ros_msgs/srv/detail/normalized_image_crop__traits.hpp
[4.241s] -- Up-to-date symlink: /home/orin/ros2_ws/install/depthai_ros_msgs/include/depthai_ros_msgs/depthai_ros_msgs/srv/detail/normalized_image_crop__type_support.hpp
[4.241s] -- Up-to-date symlink: /home/orin/ros2_ws/install/depthai_ros_msgs/include/depthai_ros_msgs/depthai_ros_msgs/srv/detail/trigger_named__builder.hpp
[4.242s] -- Up-to-date symlink: /home/orin/ros2_ws/install/depthai_ros_msgs/include/depthai_ros_msgs/depthai_ros_msgs/srv/detail/trigger_named__struct.hpp
[4.242s] -- Up-to-date symlink: /home/orin/ros2_ws/install/depthai_ros_msgs/include/depthai_ros_msgs/depthai_ros_msgs/srv/detail/trigger_named__traits.hpp
[4.242s] -- Up-to-date symlink: /home/orin/ros2_ws/install/depthai_ros_msgs/include/depthai_ros_msgs/depthai_ros_msgs/srv/detail/trigger_named__type_support.hpp
[4.242s] -- Up-to-date symlink: /home/orin/ros2_ws/install/depthai_ros_msgs/include/depthai_ros_msgs/depthai_ros_msgs/srv/normalized_image_crop.hpp
[4.242s] -- Up-to-date symlink: /home/orin/ros2_ws/install/depthai_ros_msgs/include/depthai_ros_msgs/depthai_ros_msgs/srv/trigger_named.hpp
[4.242s] -- Up-to-date symlink: /home/orin/ros2_ws/install/depthai_ros_msgs/include/depthai_ros_msgs/depthai_ros_msgs/msg/detail/auto_focus_ctrl__rosidl_typesupport_fastrtps_cpp.hpp
[4.242s] -- Up-to-date symlink: /home/orin/ros2_ws/install/depthai_ros_msgs/include/depthai_ros_msgs/depthai_ros_msgs/msg/detail/hand_landmark__rosidl_typesupport_fastrtps_cpp.hpp
[4.243s] -- Up-to-date symlink: /home/orin/ros2_ws/install/depthai_ros_msgs/include/depthai_ros_msgs/depthai_ros_msgs/msg/detail/hand_landmark_array__rosidl_typesupport_fastrtps_cpp.hpp
[4.243s] -- Up-to-date symlink: /home/orin/ros2_ws/install/depthai_ros_msgs/include/depthai_ros_msgs/depthai_ros_msgs/msg/detail/imu_with_magnetic_field__rosidl_typesupport_fastrtps_cpp.hpp
[4.243s] -- Up-to-date symlink: /home/orin/ros2_ws/install/depthai_ros_msgs/include/depthai_ros_msgs/depthai_ros_msgs/msg/detail/spatial_detection__rosidl_typesupport_fastrtps_cpp.hpp
[4.243s] -- Up-to-date symlink: /home/orin/ros2_ws/install/depthai_ros_msgs/include/depthai_ros_msgs/depthai_ros_msgs/msg/detail/spatial_detection_array__rosidl_typesupport_fastrtps_cpp.hpp
[4.243s] -- Up-to-date symlink: /home/orin/ros2_ws/install/depthai_ros_msgs/include/depthai_ros_msgs/depthai_ros_msgs/msg/detail/track_detection2_d__rosidl_typesupport_fastrtps_cpp.hpp
[4.243s] -- Up-to-date symlink: /home/orin/ros2_ws/install/depthai_ros_msgs/include/depthai_ros_msgs/depthai_ros_msgs/msg/detail/track_detection2_d_array__rosidl_typesupport_fastrtps_cpp.hpp
[4.243s] -- Up-to-date symlink: /home/orin/ros2_ws/install/depthai_ros_msgs/include/depthai_ros_msgs/depthai_ros_msgs/msg/detail/tracked_feature__rosidl_typesupport_fastrtps_cpp.hpp
[4.243s] -- Up-to-date symlink: /home/orin/ros2_ws/install/depthai_ros_msgs/include/depthai_ros_msgs/depthai_ros_msgs/msg/detail/tracked_features__rosidl_typesupport_fastrtps_cpp.hpp
[4.244s] -- Up-to-date symlink: /home/orin/ros2_ws/install/depthai_ros_msgs/include/depthai_ros_msgs/depthai_ros_msgs/msg/rosidl_typesupport_fastrtps_cpp__visibility_control.h
[4.244s] -- Up-to-date symlink: /home/orin/ros2_ws/install/depthai_ros_msgs/include/depthai_ros_msgs/depthai_ros_msgs/srv/detail/normalized_image_crop__rosidl_typesupport_fastrtps_cpp.hpp
[4.244s] -- Up-to-date symlink: /home/orin/ros2_ws/install/depthai_ros_msgs/include/depthai_ros_msgs/depthai_ros_msgs/srv/detail/trigger_named__rosidl_typesupport_fastrtps_cpp.hpp
[4.244s] -- Up-to-date symlink: /home/orin/ros2_ws/install/depthai_ros_msgs/include/depthai_ros_msgs/depthai_ros_msgs/msg/detail/auto_focus_ctrl__rosidl_typesupport_introspection_c.h
[4.244s] -- Up-to-date symlink: /home/orin/ros2_ws/install/depthai_ros_msgs/include/depthai_ros_msgs/depthai_ros_msgs/msg/detail/hand_landmark__rosidl_typesupport_introspection_c.h
[4.244s] -- Up-to-date symlink: /home/orin/ros2_ws/install/depthai_ros_msgs/include/depthai_ros_msgs/depthai_ros_msgs/msg/detail/hand_landmark_array__rosidl_typesupport_introspection_c.h
[4.244s] -- Up-to-date symlink: /home/orin/ros2_ws/install/depthai_ros_msgs/include/depthai_ros_msgs/depthai_ros_msgs/msg/detail/imu_with_magnetic_field__rosidl_typesupport_introspection_c.h
[4.245s] -- Up-to-date symlink: /home/orin/ros2_ws/install/depthai_ros_msgs/include/depthai_ros_msgs/depthai_ros_msgs/msg/detail/spatial_detection__rosidl_typesupport_introspection_c.h
[4.245s] -- Up-to-date symlink: /home/orin/ros2_ws/install/depthai_ros_msgs/include/depthai_ros_msgs/depthai_ros_msgs/msg/detail/spatial_detection_array__rosidl_typesupport_introspection_c.h
[4.245s] -- Up-to-date symlink: /home/orin/ros2_ws/install/depthai_ros_msgs/include/depthai_ros_msgs/depthai_ros_msgs/msg/detail/track_detection2_d__rosidl_typesupport_introspection_c.h
[4.245s] -- Up-to-date symlink: /home/orin/ros2_ws/install/depthai_ros_msgs/include/depthai_ros_msgs/depthai_ros_msgs/msg/detail/track_detection2_d_array__rosidl_typesupport_introspection_c.h
[4.245s] -- Up-to-date symlink: /home/orin/ros2_ws/install/depthai_ros_msgs/include/depthai_ros_msgs/depthai_ros_msgs/msg/detail/tracked_feature__rosidl_typesupport_introspection_c.h
[4.245s] -- Up-to-date symlink: /home/orin/ros2_ws/install/depthai_ros_msgs/include/depthai_ros_msgs/depthai_ros_msgs/msg/detail/tracked_features__rosidl_typesupport_introspection_c.h
[4.246s] -- Up-to-date symlink: /home/orin/ros2_ws/install/depthai_ros_msgs/include/depthai_ros_msgs/depthai_ros_msgs/msg/rosidl_typesupport_introspection_c__visibility_control.h
[4.246s] -- Up-to-date symlink: /home/orin/ros2_ws/install/depthai_ros_msgs/include/depthai_ros_msgs/depthai_ros_msgs/srv/detail/normalized_image_crop__rosidl_typesupport_introspection_c.h
[4.246s] -- Up-to-date symlink: /home/orin/ros2_ws/install/depthai_ros_msgs/include/depthai_ros_msgs/depthai_ros_msgs/srv/detail/trigger_named__rosidl_typesupport_introspection_c.h
[4.246s] -- Up-to-date symlink: /home/orin/ros2_ws/install/depthai_ros_msgs/include/depthai_ros_msgs/depthai_ros_msgs/msg/detail/auto_focus_ctrl__rosidl_typesupport_introspection_cpp.hpp
[4.246s] -- Up-to-date symlink: /home/orin/ros2_ws/install/depthai_ros_msgs/include/depthai_ros_msgs/depthai_ros_msgs/msg/detail/hand_landmark__rosidl_typesupport_introspection_cpp.hpp
[4.246s] -- Up-to-date symlink: /home/orin/ros2_ws/install/depthai_ros_msgs/include/depthai_ros_msgs/depthai_ros_msgs/msg/detail/hand_landmark_array__rosidl_typesupport_introspection_cpp.hpp
[4.246s] -- Up-to-date symlink: /home/orin/ros2_ws/install/depthai_ros_msgs/include/depthai_ros_msgs/depthai_ros_msgs/msg/detail/imu_with_magnetic_field__rosidl_typesupport_introspection_cpp.hpp
[4.246s] -- Up-to-date symlink: /home/orin/ros2_ws/install/depthai_ros_msgs/include/depthai_ros_msgs/depthai_ros_msgs/msg/detail/spatial_detection__rosidl_typesupport_introspection_cpp.hpp
[4.247s] -- Up-to-date symlink: /home/orin/ros2_ws/install/depthai_ros_msgs/include/depthai_ros_msgs/depthai_ros_msgs/msg/detail/spatial_detection_array__rosidl_typesupport_introspection_cpp.hpp
[4.247s] -- Up-to-date symlink: /home/orin/ros2_ws/install/depthai_ros_msgs/include/depthai_ros_msgs/depthai_ros_msgs/msg/detail/track_detection2_d__rosidl_typesupport_introspection_cpp.hpp
[4.247s] -- Up-to-date symlink: /home/orin/ros2_ws/install/depthai_ros_msgs/include/depthai_ros_msgs/depthai_ros_msgs/msg/detail/track_detection2_d_array__rosidl_typesupport_introspection_cpp.hpp
[4.247s] -- Up-to-date symlink: /home/orin/ros2_ws/install/depthai_ros_msgs/include/depthai_ros_msgs/depthai_ros_msgs/msg/detail/tracked_feature__rosidl_typesupport_introspection_cpp.hpp
[4.247s] -- Up-to-date symlink: /home/orin/ros2_ws/install/depthai_ros_msgs/include/depthai_ros_msgs/depthai_ros_msgs/msg/detail/tracked_features__rosidl_typesupport_introspection_cpp.hpp
[4.248s] -- Up-to-date symlink: /home/orin/ros2_ws/install/depthai_ros_msgs/include/depthai_ros_msgs/depthai_ros_msgs/srv/detail/normalized_image_crop__rosidl_typesupport_introspection_cpp.hpp
[4.248s] -- Up-to-date symlink: /home/orin/ros2_ws/install/depthai_ros_msgs/include/depthai_ros_msgs/depthai_ros_msgs/srv/detail/trigger_named__rosidl_typesupport_introspection_cpp.hpp
[4.248s] -- Up-to-date symlink: /home/orin/ros2_ws/install/depthai_ros_msgs/share/depthai_ros_msgs/environment/pythonpath.sh
[4.248s] -- Up-to-date symlink: /home/orin/ros2_ws/install/depthai_ros_msgs/share/depthai_ros_msgs/environment/pythonpath.dsv
[4.248s] -- Up-to-date symlink: /home/orin/ros2_ws/install/depthai_ros_msgs/local/lib/python3.10/dist-packages/depthai_ros_msgs-2.11.0-py3.10.egg-info/PKG-INFO
[4.248s] -- Up-to-date symlink: /home/orin/ros2_ws/install/depthai_ros_msgs/local/lib/python3.10/dist-packages/depthai_ros_msgs-2.11.0-py3.10.egg-info/SOURCES.txt
[4.248s] -- Up-to-date symlink: /home/orin/ros2_ws/install/depthai_ros_msgs/local/lib/python3.10/dist-packages/depthai_ros_msgs-2.11.0-py3.10.egg-info/dependency_links.txt
[4.249s] -- Up-to-date symlink: /home/orin/ros2_ws/install/depthai_ros_msgs/local/lib/python3.10/dist-packages/depthai_ros_msgs-2.11.0-py3.10.egg-info/top_level.txt
[4.249s] -- Up-to-date symlink: /home/orin/ros2_ws/install/depthai_ros_msgs/local/lib/python3.10/dist-packages/depthai_ros_msgs/__init__.py
[4.249s] -- Up-to-date symlink: /home/orin/ros2_ws/install/depthai_ros_msgs/local/lib/python3.10/dist-packages/depthai_ros_msgs/_depthai_ros_msgs_s.ep.rosidl_typesupport_c.c
[4.249s] -- Up-to-date symlink: /home/orin/ros2_ws/install/depthai_ros_msgs/local/lib/python3.10/dist-packages/depthai_ros_msgs/_depthai_ros_msgs_s.ep.rosidl_typesupport_fastrtps_c.c
[4.249s] -- Up-to-date symlink: /home/orin/ros2_ws/install/depthai_ros_msgs/local/lib/python3.10/dist-packages/depthai_ros_msgs/_depthai_ros_msgs_s.ep.rosidl_typesupport_introspection_c.c
[4.249s] -- Up-to-date symlink: /home/orin/ros2_ws/install/depthai_ros_msgs/local/lib/python3.10/dist-packages/depthai_ros_msgs/depthai_ros_msgs_s__rosidl_typesupport_c.cpython-310-aarch64-linux-gnu.so
[4.249s] -- Up-to-date symlink: /home/orin/ros2_ws/install/depthai_ros_msgs/local/lib/python3.10/dist-packages/depthai_ros_msgs/depthai_ros_msgs_s__rosidl_typesupport_fastrtps_c.cpython-310-aarch64-linux-gnu.so
[4.250s] -- Up-to-date symlink: /home/orin/ros2_ws/install/depthai_ros_msgs/local/lib/python3.10/dist-packages/depthai_ros_msgs/depthai_ros_msgs_s__rosidl_typesupport_introspection_c.cpython-310-aarch64-linux-gnu.so
[4.250s] -- Up-to-date symlink: /home/orin/ros2_ws/install/depthai_ros_msgs/local/lib/python3.10/dist-packages/depthai_ros_msgs/libdepthai_ros_msgs__rosidl_generator_py.so
[4.250s] -- Up-to-date symlink: /home/orin/ros2_ws/install/depthai_ros_msgs/local/lib/python3.10/dist-packages/depthai_ros_msgs/msg/__init__.py
[4.250s] -- Up-to-date symlink: /home/orin/ros2_ws/install/depthai_ros_msgs/local/lib/python3.10/dist-packages/depthai_ros_msgs/msg/_auto_focus_ctrl.py
[4.250s] -- Up-to-date symlink: /home/orin/ros2_ws/install/depthai_ros_msgs/local/lib/python3.10/dist-packages/depthai_ros_msgs/msg/_auto_focus_ctrl_s.c
[4.250s] -- Up-to-date symlink: /home/orin/ros2_ws/install/depthai_ros_msgs/local/lib/python3.10/dist-packages/depthai_ros_msgs/msg/_hand_landmark.py
[4.250s] -- Up-to-date symlink: /home/orin/ros2_ws/install/depthai_ros_msgs/local/lib/python3.10/dist-packages/depthai_ros_msgs/msg/_hand_landmark_array.py
[4.251s] -- Up-to-date symlink: /home/orin/ros2_ws/install/depthai_ros_msgs/local/lib/python3.10/dist-packages/depthai_ros_msgs/msg/_hand_landmark_array_s.c
[4.251s] -- Up-to-date symlink: /home/orin/ros2_ws/install/depthai_ros_msgs/local/lib/python3.10/dist-packages/depthai_ros_msgs/msg/_hand_landmark_s.c
[4.251s] -- Up-to-date symlink: /home/orin/ros2_ws/install/depthai_ros_msgs/local/lib/python3.10/dist-packages/depthai_ros_msgs/msg/_imu_with_magnetic_field.py
[4.251s] -- Up-to-date symlink: /home/orin/ros2_ws/install/depthai_ros_msgs/local/lib/python3.10/dist-packages/depthai_ros_msgs/msg/_imu_with_magnetic_field_s.c
[4.251s] -- Up-to-date symlink: /home/orin/ros2_ws/install/depthai_ros_msgs/local/lib/python3.10/dist-packages/depthai_ros_msgs/msg/_spatial_detection.py
[4.251s] -- Up-to-date symlink: /home/orin/ros2_ws/install/depthai_ros_msgs/local/lib/python3.10/dist-packages/depthai_ros_msgs/msg/_spatial_detection_array.py
[4.251s] -- Up-to-date symlink: /home/orin/ros2_ws/install/depthai_ros_msgs/local/lib/python3.10/dist-packages/depthai_ros_msgs/msg/_spatial_detection_array_s.c
[4.251s] -- Up-to-date symlink: /home/orin/ros2_ws/install/depthai_ros_msgs/local/lib/python3.10/dist-packages/depthai_ros_msgs/msg/_spatial_detection_s.c
[4.252s] -- Up-to-date symlink: /home/orin/ros2_ws/install/depthai_ros_msgs/local/lib/python3.10/dist-packages/depthai_ros_msgs/msg/_track_detection2_d.py
[4.252s] -- Up-to-date symlink: /home/orin/ros2_ws/install/depthai_ros_msgs/local/lib/python3.10/dist-packages/depthai_ros_msgs/msg/_track_detection2_d_array.py
[4.252s] -- Up-to-date symlink: /home/orin/ros2_ws/install/depthai_ros_msgs/local/lib/python3.10/dist-packages/depthai_ros_msgs/msg/_track_detection2_d_array_s.c
[4.252s] -- Up-to-date symlink: /home/orin/ros2_ws/install/depthai_ros_msgs/local/lib/python3.10/dist-packages/depthai_ros_msgs/msg/_track_detection2_d_s.c
[4.252s] -- Up-to-date symlink: /home/orin/ros2_ws/install/depthai_ros_msgs/local/lib/python3.10/dist-packages/depthai_ros_msgs/msg/_tracked_feature.py
[4.253s] -- Up-to-date symlink: /home/orin/ros2_ws/install/depthai_ros_msgs/local/lib/python3.10/dist-packages/depthai_ros_msgs/msg/_tracked_feature_s.c
[4.253s] -- Up-to-date symlink: /home/orin/ros2_ws/install/depthai_ros_msgs/local/lib/python3.10/dist-packages/depthai_ros_msgs/msg/_tracked_features.py
[4.253s] -- Up-to-date symlink: /home/orin/ros2_ws/install/depthai_ros_msgs/local/lib/python3.10/dist-packages/depthai_ros_msgs/msg/_tracked_features_s.c
[4.253s] -- Up-to-date symlink: /home/orin/ros2_ws/install/depthai_ros_msgs/local/lib/python3.10/dist-packages/depthai_ros_msgs/srv/__init__.py
[4.253s] -- Up-to-date symlink: /home/orin/ros2_ws/install/depthai_ros_msgs/local/lib/python3.10/dist-packages/depthai_ros_msgs/srv/_normalized_image_crop.py
[4.253s] -- Up-to-date symlink: /home/orin/ros2_ws/install/depthai_ros_msgs/local/lib/python3.10/dist-packages/depthai_ros_msgs/srv/_normalized_image_crop_s.c
[4.253s] -- Up-to-date symlink: /home/orin/ros2_ws/install/depthai_ros_msgs/local/lib/python3.10/dist-packages/depthai_ros_msgs/srv/_trigger_named.py
[4.254s] -- Up-to-date symlink: /home/orin/ros2_ws/install/depthai_ros_msgs/local/lib/python3.10/dist-packages/depthai_ros_msgs/srv/_trigger_named_s.c
[4.254s] -- Up-to-date symlink: /home/orin/ros2_ws/install/depthai_ros_msgs/local/lib/python3.10/dist-packages/depthai_ros_msgs/depthai_ros_msgs_s__rosidl_typesupport_fastrtps_c.cpython-310-aarch64-linux-gnu.so
[4.254s] -- Up-to-date symlink: /home/orin/ros2_ws/install/depthai_ros_msgs/local/lib/python3.10/dist-packages/depthai_ros_msgs/depthai_ros_msgs_s__rosidl_typesupport_introspection_c.cpython-310-aarch64-linux-gnu.so
[4.254s] -- Up-to-date symlink: /home/orin/ros2_ws/install/depthai_ros_msgs/local/lib/python3.10/dist-packages/depthai_ros_msgs/depthai_ros_msgs_s__rosidl_typesupport_c.cpython-310-aarch64-linux-gnu.so
[4.254s] -- Up-to-date symlink: /home/orin/ros2_ws/install/depthai_ros_msgs/share/depthai_ros_msgs/msg/AutoFocusCtrl.idl
[4.254s] -- Up-to-date symlink: /home/orin/ros2_ws/install/depthai_ros_msgs/share/depthai_ros_msgs/msg/HandLandmark.idl
[4.254s] -- Up-to-date symlink: /home/orin/ros2_ws/install/depthai_ros_msgs/share/depthai_ros_msgs/msg/HandLandmarkArray.idl
[4.254s] -- Up-to-date symlink: /home/orin/ros2_ws/install/depthai_ros_msgs/share/depthai_ros_msgs/msg/ImuWithMagneticField.idl
[4.255s] -- Up-to-date symlink: /home/orin/ros2_ws/install/depthai_ros_msgs/share/depthai_ros_msgs/msg/TrackedFeature.idl
[4.256s] -- Up-to-date symlink: /home/orin/ros2_ws/install/depthai_ros_msgs/share/depthai_ros_msgs/msg/TrackedFeatures.idl
[4.256s] -- Up-to-date symlink: /home/orin/ros2_ws/install/depthai_ros_msgs/share/depthai_ros_msgs/msg/SpatialDetection.idl
[4.256s] -- Up-to-date symlink: /home/orin/ros2_ws/install/depthai_ros_msgs/share/depthai_ros_msgs/msg/SpatialDetectionArray.idl
[4.257s] -- Up-to-date symlink: /home/orin/ros2_ws/install/depthai_ros_msgs/share/depthai_ros_msgs/msg/TrackDetection2D.idl
[4.257s] -- Up-to-date symlink: /home/orin/ros2_ws/install/depthai_ros_msgs/share/depthai_ros_msgs/msg/TrackDetection2DArray.idl
[4.257s] -- Up-to-date symlink: /home/orin/ros2_ws/install/depthai_ros_msgs/share/depthai_ros_msgs/srv/TriggerNamed.idl
[4.257s] -- Up-to-date symlink: /home/orin/ros2_ws/install/depthai_ros_msgs/share/depthai_ros_msgs/srv/NormalizedImageCrop.idl
[4.257s] -- Up-to-date symlink: /home/orin/ros2_ws/install/depthai_ros_msgs/share/depthai_ros_msgs/msg/AutoFocusCtrl.msg
[4.257s] -- Up-to-date symlink: /home/orin/ros2_ws/install/depthai_ros_msgs/share/depthai_ros_msgs/msg/HandLandmark.msg
[4.257s] -- Up-to-date symlink: /home/orin/ros2_ws/install/depthai_ros_msgs/share/depthai_ros_msgs/msg/HandLandmarkArray.msg
[4.258s] -- Up-to-date symlink: /home/orin/ros2_ws/install/depthai_ros_msgs/share/depthai_ros_msgs/msg/ImuWithMagneticField.msg
[4.258s] -- Up-to-date symlink: /home/orin/ros2_ws/install/depthai_ros_msgs/share/depthai_ros_msgs/msg/TrackedFeature.msg
[4.258s] -- Up-to-date symlink: /home/orin/ros2_ws/install/depthai_ros_msgs/share/depthai_ros_msgs/msg/TrackedFeatures.msg
[4.258s] -- Up-to-date symlink: /home/orin/ros2_ws/install/depthai_ros_msgs/share/depthai_ros_msgs/msg/SpatialDetection.msg
[4.258s] -- Up-to-date symlink: /home/orin/ros2_ws/install/depthai_ros_msgs/share/depthai_ros_msgs/msg/SpatialDetectionArray.msg
[4.258s] -- Up-to-date symlink: /home/orin/ros2_ws/install/depthai_ros_msgs/share/depthai_ros_msgs/msg/TrackDetection2D.msg
[4.258s] -- Up-to-date symlink: /home/orin/ros2_ws/install/depthai_ros_msgs/share/depthai_ros_msgs/msg/TrackDetection2DArray.msg
[4.258s] -- Up-to-date symlink: /home/orin/ros2_ws/install/depthai_ros_msgs/share/depthai_ros_msgs/srv/TriggerNamed.srv
[4.259s] -- Up-to-date symlink: /home/orin/ros2_ws/install/depthai_ros_msgs/share/depthai_ros_msgs/srv/TriggerNamed_Request.msg
[4.259s] -- Up-to-date symlink: /home/orin/ros2_ws/install/depthai_ros_msgs/share/depthai_ros_msgs/srv/TriggerNamed_Response.msg
[4.259s] -- Up-to-date symlink: /home/orin/ros2_ws/install/depthai_ros_msgs/share/depthai_ros_msgs/srv/NormalizedImageCrop.srv
[4.259s] -- Up-to-date symlink: /home/orin/ros2_ws/install/depthai_ros_msgs/share/depthai_ros_msgs/srv/NormalizedImageCrop_Request.msg
[4.259s] -- Up-to-date symlink: /home/orin/ros2_ws/install/depthai_ros_msgs/share/depthai_ros_msgs/srv/NormalizedImageCrop_Response.msg
[4.259s] -- Up-to-date symlink: /home/orin/ros2_ws/install/depthai_ros_msgs/share/ament_index/resource_index/package_run_dependencies/depthai_ros_msgs
[4.259s] -- Up-to-date symlink: /home/orin/ros2_ws/install/depthai_ros_msgs/share/ament_index/resource_index/parent_prefix_path/depthai_ros_msgs
[4.260s] -- Up-to-date symlink: /home/orin/ros2_ws/install/depthai_ros_msgs/share/depthai_ros_msgs/environment/ament_prefix_path.sh
[4.260s] -- Up-to-date symlink: /home/orin/ros2_ws/install/depthai_ros_msgs/share/depthai_ros_msgs/environment/ament_prefix_path.dsv
[4.271s] -- Up-to-date symlink: /home/orin/ros2_ws/install/depthai_ros_msgs/share/depthai_ros_msgs/environment/path.sh
[4.278s] -- Up-to-date symlink: /home/orin/ros2_ws/install/depthai_ros_msgs/share/depthai_ros_msgs/environment/path.dsv
[4.288s] -- Up-to-date symlink: /home/orin/ros2_ws/install/depthai_ros_msgs/share/depthai_ros_msgs/local_setup.bash
[4.289s] -- Up-to-date symlink: /home/orin/ros2_ws/install/depthai_ros_msgs/share/depthai_ros_msgs/local_setup.sh
[4.289s] -- Up-to-date symlink: /home/orin/ros2_ws/install/depthai_ros_msgs/share/depthai_ros_msgs/local_setup.zsh
[4.291s] -- Up-to-date symlink: /home/orin/ros2_ws/install/depthai_ros_msgs/share/depthai_ros_msgs/local_setup.dsv
[4.297s] -- Symlinking: /home/orin/ros2_ws/install/depthai_ros_msgs/share/depthai_ros_msgs/package.dsv
[4.299s] -- Up-to-date symlink: /home/orin/ros2_ws/install/depthai_ros_msgs/share/ament_index/resource_index/packages/depthai_ros_msgs
[4.299s] -- Up-to-date symlink: /home/orin/ros2_ws/install/depthai_ros_msgs/share/depthai_ros_msgs/cmake/rosidl_cmake-extras.cmake
[4.300s] -- Up-to-date symlink: /home/orin/ros2_ws/install/depthai_ros_msgs/share/depthai_ros_msgs/cmake/ament_cmake_export_dependencies-extras.cmake
[4.300s] -- Up-to-date symlink: /home/orin/ros2_ws/install/depthai_ros_msgs/share/depthai_ros_msgs/cmake/ament_cmake_export_include_directories-extras.cmake
[4.301s] -- Up-to-date symlink: /home/orin/ros2_ws/install/depthai_ros_msgs/share/depthai_ros_msgs/cmake/ament_cmake_export_libraries-extras.cmake
[4.302s] -- Up-to-date symlink: /home/orin/ros2_ws/install/depthai_ros_msgs/share/depthai_ros_msgs/cmake/ament_cmake_export_targets-extras.cmake
[4.302s] -- Up-to-date symlink: /home/orin/ros2_ws/install/depthai_ros_msgs/share/depthai_ros_msgs/cmake/rosidl_cmake_export_typesupport_targets-extras.cmake
[4.302s] -- Up-to-date symlink: /home/orin/ros2_ws/install/depthai_ros_msgs/share/depthai_ros_msgs/cmake/rosidl_cmake_export_typesupport_libraries-extras.cmake
[4.302s] -- Up-to-date symlink: /home/orin/ros2_ws/install/depthai_ros_msgs/share/depthai_ros_msgs/cmake/depthai_ros_msgsConfig.cmake
[4.302s] -- Up-to-date symlink: /home/orin/ros2_ws/install/depthai_ros_msgs/share/depthai_ros_msgs/cmake/depthai_ros_msgsConfig-version.cmake
[4.308s] -- Up-to-date symlink: /home/orin/ros2_ws/install/depthai_ros_msgs/share/depthai_ros_msgs/package.xml
[4.308s] -- Up-to-date: /home/orin/ros2_ws/install/depthai_ros_msgs/lib/libdepthai_ros_msgs__rosidl_generator_c.so
[4.309s] -- Up-to-date: /home/orin/ros2_ws/install/depthai_ros_msgs/lib/libdepthai_ros_msgs__rosidl_typesupport_fastrtps_c.so
[4.311s] -- Up-to-date: /home/orin/ros2_ws/install/depthai_ros_msgs/lib/libdepthai_ros_msgs__rosidl_typesupport_fastrtps_cpp.so
[4.318s] -- Up-to-date: /home/orin/ros2_ws/install/depthai_ros_msgs/lib/libdepthai_ros_msgs__rosidl_typesupport_introspection_c.so
[4.321s] -- Up-to-date: /home/orin/ros2_ws/install/depthai_ros_msgs/lib/libdepthai_ros_msgs__rosidl_typesupport_c.so
[4.328s] -- Up-to-date: /home/orin/ros2_ws/install/depthai_ros_msgs/lib/libdepthai_ros_msgs__rosidl_typesupport_introspection_cpp.so
[4.333s] -- Up-to-date: /home/orin/ros2_ws/install/depthai_ros_msgs/lib/libdepthai_ros_msgs__rosidl_typesupport_cpp.so
[4.532s] Listing '/home/orin/ros2_ws/install/depthai_ros_msgs/local/lib/python3.10/dist-packages/depthai_ros_msgs'...
[4.533s] Listing '/home/orin/ros2_ws/install/depthai_ros_msgs/local/lib/python3.10/dist-packages/depthai_ros_msgs/msg'...
[4.533s] Listing '/home/orin/ros2_ws/install/depthai_ros_msgs/local/lib/python3.10/dist-packages/depthai_ros_msgs/srv'...
[4.573s] -- Up-to-date: /home/orin/ros2_ws/install/depthai_ros_msgs/lib/libdepthai_ros_msgs__rosidl_generator_py.so
[4.585s] -- Up-to-date: /home/orin/ros2_ws/install/depthai_ros_msgs/share/depthai_ros_msgs/cmake/export_depthai_ros_msgs__rosidl_generator_cExport.cmake
[4.586s] -- Up-to-date: /home/orin/ros2_ws/install/depthai_ros_msgs/share/depthai_ros_msgs/cmake/export_depthai_ros_msgs__rosidl_generator_cExport-release.cmake
[4.594s] -- Up-to-date: /home/orin/ros2_ws/install/depthai_ros_msgs/share/depthai_ros_msgs/cmake/export_depthai_ros_msgs__rosidl_typesupport_fastrtps_cExport.cmake
[4.594s] -- Up-to-date: /home/orin/ros2_ws/install/depthai_ros_msgs/share/depthai_ros_msgs/cmake/export_depthai_ros_msgs__rosidl_typesupport_fastrtps_cExport-release.cmake
[4.598s] -- Up-to-date: /home/orin/ros2_ws/install/depthai_ros_msgs/share/depthai_ros_msgs/cmake/export_depthai_ros_msgs__rosidl_generator_cppExport.cmake
[4.606s] -- Up-to-date: /home/orin/ros2_ws/install/depthai_ros_msgs/share/depthai_ros_msgs/cmake/export_depthai_ros_msgs__rosidl_typesupport_fastrtps_cppExport.cmake
[4.606s] -- Up-to-date: /home/orin/ros2_ws/install/depthai_ros_msgs/share/depthai_ros_msgs/cmake/export_depthai_ros_msgs__rosidl_typesupport_fastrtps_cppExport-release.cmake
[4.606s] -- Up-to-date: /home/orin/ros2_ws/install/depthai_ros_msgs/share/depthai_ros_msgs/cmake/depthai_ros_msgs__rosidl_typesupport_introspection_cExport.cmake
[4.606s] -- Up-to-date: /home/orin/ros2_ws/install/depthai_ros_msgs/share/depthai_ros_msgs/cmake/depthai_ros_msgs__rosidl_typesupport_introspection_cExport-release.cmake
[4.613s] -- Up-to-date: /home/orin/ros2_ws/install/depthai_ros_msgs/share/depthai_ros_msgs/cmake/depthai_ros_msgs__rosidl_typesupport_cExport.cmake
[4.613s] -- Up-to-date: /home/orin/ros2_ws/install/depthai_ros_msgs/share/depthai_ros_msgs/cmake/depthai_ros_msgs__rosidl_typesupport_cExport-release.cmake
[4.619s] -- Up-to-date: /home/orin/ros2_ws/install/depthai_ros_msgs/share/depthai_ros_msgs/cmake/depthai_ros_msgs__rosidl_typesupport_introspection_cppExport.cmake
[4.620s] -- Up-to-date: /home/orin/ros2_ws/install/depthai_ros_msgs/share/depthai_ros_msgs/cmake/depthai_ros_msgs__rosidl_typesupport_introspection_cppExport-release.cmake
[4.620s] -- Up-to-date: /home/orin/ros2_ws/install/depthai_ros_msgs/share/depthai_ros_msgs/cmake/depthai_ros_msgs__rosidl_typesupport_cppExport.cmake
[4.620s] -- Up-to-date: /home/orin/ros2_ws/install/depthai_ros_msgs/share/depthai_ros_msgs/cmake/depthai_ros_msgs__rosidl_typesupport_cppExport-release.cmake
[4.620s] -- Up-to-date: /home/orin/ros2_ws/install/depthai_ros_msgs/share/depthai_ros_msgs/cmake/export_depthai_ros_msgs__rosidl_generator_pyExport.cmake
[4.623s] -- Up-to-date: /home/orin/ros2_ws/install/depthai_ros_msgs/share/depthai_ros_msgs/cmake/export_depthai_ros_msgs__rosidl_generator_pyExport-release.cmake
[5.234s] Invoked command in '/home/orin/ros2_ws/build/depthai_ros_msgs' returned '0': CMAKE_PREFIX_PATH=/opt/ros/humble /usr/bin/cmake --install /home/orin/ros2_ws/build/depthai_ros_msgs
