[0.084s] Invoking command in '/home/orin/ros2_ws/build/my_bot_description': AMENT_PREFIX_PATH=/home/orin/ros2_ws/install/ros2_control_demo_description:${AMENT_PREFIX_PATH} CMAKE_PREFIX_PATH=/home/orin/ros2_ws/install/ros2_control_demo_description:/opt/ros/humble /usr/bin/cmake --build /home/orin/ros2_ws/build/my_bot_description -- -j6 -l6
[0.601s] [100%] Built target my_bot_description
[0.628s] Invoked command in '/home/orin/ros2_ws/build/my_bot_description' returned '0': AMENT_PREFIX_PATH=/home/orin/ros2_ws/install/ros2_control_demo_description:${AMENT_PREFIX_PATH} CMAKE_PREFIX_PATH=/home/orin/ros2_ws/install/ros2_control_demo_description:/opt/ros/humble /usr/bin/cmake --build /home/orin/ros2_ws/build/my_bot_description -- -j6 -l6
[0.657s] Invoking command in '/home/orin/ros2_ws/build/my_bot_description': AMENT_PREFIX_PATH=/home/orin/ros2_ws/install/ros2_control_demo_description:${AMENT_PREFIX_PATH} CMAKE_PREFIX_PATH=/home/orin/ros2_ws/install/ros2_control_demo_description:/opt/ros/humble /usr/bin/cmake --install /home/orin/ros2_ws/build/my_bot_description
[0.676s] -- Install configuration: ""
[0.678s] -- Execute custom install script
[0.685s] -- Up-to-date symlink: /home/orin/ros2_ws/install/my_bot_description/share/my_bot_description//my_bot_ros2_control.xml
[0.696s] -- Up-to-date symlink: /home/orin/ros2_ws/install/my_bot_description/share/my_bot_description/config/my_bot/back_wheel.yaml
[0.697s] -- Up-to-date symlink: /home/orin/ros2_ws/install/my_bot_description/share/my_bot_description/config/my_bot/base.yaml
[0.698s] -- Up-to-date symlink: /home/orin/ros2_ws/install/my_bot_description/share/my_bot_description/config/my_bot/front_wheel.yaml
[0.699s] -- Up-to-date symlink: /home/orin/ros2_ws/install/my_bot_description/share/my_bot_description/config/my_bot/imu.yaml
[0.699s] -- Up-to-date symlink: /home/orin/ros2_ws/install/my_bot_description/share/my_bot_description/config/my_bot/motor.yaml
[0.700s] -- Up-to-date symlink: /home/orin/ros2_ws/install/my_bot_description/share/my_bot_description/config/my_bot/sensors.yaml
[0.701s] -- Up-to-date symlink: /home/orin/ros2_ws/install/my_bot_description/share/my_bot_description/config/my_bot/wheel.yaml
[0.702s] -- Up-to-date symlink: /home/orin/ros2_ws/install/my_bot_description/share/my_bot_description/config/my_controllers.yaml
[0.702s] -- Up-to-date symlink: /home/orin/ros2_ws/install/my_bot_description/share/my_bot_description/config/twist_mux.yaml
[0.723s] -- Up-to-date symlink: /home/orin/ros2_ws/install/my_bot_description/share/my_bot_description/description/depth_camera.xacro
[0.724s] -- Up-to-date symlink: /home/orin/ros2_ws/install/my_bot_description/share/my_bot_description/description/gazebo_control.xacro
[0.725s] -- Up-to-date symlink: /home/orin/ros2_ws/install/my_bot_description/share/my_bot_description/description/imu.xacro
[0.725s] -- Up-to-date symlink: /home/orin/ros2_ws/install/my_bot_description/share/my_bot_description/description/inertial_macros.xacro
[0.726s] -- Up-to-date symlink: /home/orin/ros2_ws/install/my_bot_description/share/my_bot_description/description/lidar.xacro
[0.728s] -- Up-to-date symlink: /home/orin/ros2_ws/install/my_bot_description/share/my_bot_description/description/meshes/components/wheel.stl
[0.729s] -- Up-to-date symlink: /home/orin/ros2_ws/install/my_bot_description/share/my_bot_description/description/meshes/my_bot/bottom_plate.stl
[0.729s] -- Up-to-date symlink: /home/orin/ros2_ws/install/my_bot_description/share/my_bot_description/description/meshes/my_bot/bottom_plate_original.stl
[0.730s] -- Up-to-date symlink: /home/orin/ros2_ws/install/my_bot_description/share/my_bot_description/description/meshes/my_bot/dead_plate.stl
[0.731s] -- Up-to-date symlink: /home/orin/ros2_ws/install/my_bot_description/share/my_bot_description/description/meshes/my_bot/motor.stl
[0.731s] -- Up-to-date symlink: /home/orin/ros2_ws/install/my_bot_description/share/my_bot_description/description/meshes/my_bot/top_plate.stl
[0.732s] -- Up-to-date symlink: /home/orin/ros2_ws/install/my_bot_description/share/my_bot_description/description/meshes/my_bot/wheel_rim.stl
[0.734s] -- Up-to-date symlink: /home/orin/ros2_ws/install/my_bot_description/share/my_bot_description/description/meshes/my_bot/wheel_tire.stl
[0.735s] -- Up-to-date symlink: /home/orin/ros2_ws/install/my_bot_description/share/my_bot_description/description/meshes/sensors/OAK-D-LITE.stl
[0.736s] -- Up-to-date symlink: /home/orin/ros2_ws/install/my_bot_description/share/my_bot_description/description/meshes/sensors/rplidar_main.stl
[0.736s] -- Up-to-date symlink: /home/orin/ros2_ws/install/my_bot_description/share/my_bot_description/description/my_bot.urdf.xacro
[0.738s] -- Up-to-date symlink: /home/orin/ros2_ws/install/my_bot_description/share/my_bot_description/description/robot.urdf
[0.739s] -- Up-to-date symlink: /home/orin/ros2_ws/install/my_bot_description/share/my_bot_description/description/robot.urdf.xacro
[0.740s] -- Up-to-date symlink: /home/orin/ros2_ws/install/my_bot_description/share/my_bot_description/description/robot_core.xacro
[0.746s] -- Up-to-date symlink: /home/orin/ros2_ws/install/my_bot_description/share/my_bot_description/description/ros2_control/my_bot_ros2_control.xacro
[0.748s] -- Up-to-date symlink: /home/orin/ros2_ws/install/my_bot_description/share/my_bot_description/description/ros2_control/ros2_control.xacro
[0.751s] -- Up-to-date symlink: /home/orin/ros2_ws/install/my_bot_description/share/my_bot_description/hardware/ROSArduinoBridge.ino
[0.752s] -- Up-to-date symlink: /home/orin/ros2_ws/install/my_bot_description/share/my_bot_description/hardware/ROSArduinoBridge/.encoder_driver.h.swp
[0.754s] -- Up-to-date symlink: /home/orin/ros2_ws/install/my_bot_description/share/my_bot_description/hardware/ROSArduinoBridge/ROSArduinoBridge.ino
[0.755s] -- Up-to-date symlink: /home/orin/ros2_ws/install/my_bot_description/share/my_bot_description/hardware/ROSArduinoBridge/commands.h
[0.756s] -- Up-to-date symlink: /home/orin/ros2_ws/install/my_bot_description/share/my_bot_description/hardware/ROSArduinoBridge/diff_controller.h
[0.757s] -- Up-to-date symlink: /home/orin/ros2_ws/install/my_bot_description/share/my_bot_description/hardware/ROSArduinoBridge/encoder_driver.h
[0.758s] -- Up-to-date symlink: /home/orin/ros2_ws/install/my_bot_description/share/my_bot_description/hardware/ROSArduinoBridge/encoder_driver.ino
[0.759s] -- Up-to-date symlink: /home/orin/ros2_ws/install/my_bot_description/share/my_bot_description/hardware/ROSArduinoBridge/motor_driver.h
[0.760s] -- Up-to-date symlink: /home/orin/ros2_ws/install/my_bot_description/share/my_bot_description/hardware/ROSArduinoBridge/motor_driver.ino
[0.761s] -- Up-to-date symlink: /home/orin/ros2_ws/install/my_bot_description/share/my_bot_description/hardware/ROSArduinoBridge/sensors.h
[0.762s] -- Up-to-date symlink: /home/orin/ros2_ws/install/my_bot_description/share/my_bot_description/hardware/ROSArduinoBridge/servos.h
[0.763s] -- Up-to-date symlink: /home/orin/ros2_ws/install/my_bot_description/share/my_bot_description/hardware/ROSArduinoBridge/servos.ino
[0.763s] -- Up-to-date symlink: /home/orin/ros2_ws/install/my_bot_description/share/my_bot_description/hardware/diffbot_system.cpp
[0.765s] -- Up-to-date symlink: /home/orin/ros2_ws/install/my_bot_description/share/my_bot_description/hardware/include/my_bot_ros2_control/diffbot_system.hpp
[0.770s] -- Up-to-date symlink: /home/orin/ros2_ws/install/my_bot_description/share/my_bot_description/launch/display.launch.py
[0.771s] -- Up-to-date symlink: /home/orin/ros2_ws/install/my_bot_description/share/my_bot_description/launch/displaytest.launch.py
[0.771s] -- Up-to-date symlink: /home/orin/ros2_ws/install/my_bot_description/share/my_bot_description/launch/rsp.launch.py
[0.774s] -- Up-to-date symlink: /home/orin/ros2_ws/install/my_bot_description/share/my_bot_description/rviz/my_bot_description.rviz
[0.778s] -- Up-to-date symlink: /home/orin/ros2_ws/install/my_bot_description/share/my_bot_description/urdf/include/addon_macro.urdf.xacro
[0.778s] -- Up-to-date symlink: /home/orin/ros2_ws/install/my_bot_description/share/my_bot_description/urdf/include/common_macros.urdf.xacro
[0.782s] -- Up-to-date symlink: /home/orin/ros2_ws/install/my_bot_description/share/my_bot_description/urdf/include/common_sensors.xacro
[0.782s] -- Up-to-date symlink: /home/orin/ros2_ws/install/my_bot_description/share/my_bot_description/urdf/include/robot.gazebo.xacro
[0.785s] -- Up-to-date symlink: /home/orin/ros2_ws/install/my_bot_description/share/my_bot_description/urdf/my_bot.urdf.xacro
[0.786s] -- Up-to-date symlink: /home/orin/ros2_ws/install/my_bot_description/share/my_bot_description/worlds/empty.world
[0.786s] -- Up-to-date symlink: /home/orin/ros2_ws/install/my_bot_description/share/my_bot_description/worlds/obstacles.world
[0.786s] -- Up-to-date symlink: /home/orin/ros2_ws/install/my_bot_description/include/my_bot_description/my_bot_ros2_control/diffbot_system.hpp
[0.787s] -- Up-to-date symlink: /home/orin/ros2_ws/install/my_bot_description/share/ament_index/resource_index/package_run_dependencies/my_bot_description
[0.789s] -- Up-to-date symlink: /home/orin/ros2_ws/install/my_bot_description/share/ament_index/resource_index/parent_prefix_path/my_bot_description
[0.792s] -- Up-to-date symlink: /home/orin/ros2_ws/install/my_bot_description/share/my_bot_description/environment/ament_prefix_path.sh
[0.794s] -- Up-to-date symlink: /home/orin/ros2_ws/install/my_bot_description/share/my_bot_description/environment/ament_prefix_path.dsv
[0.799s] -- Up-to-date symlink: /home/orin/ros2_ws/install/my_bot_description/share/my_bot_description/environment/path.sh
[0.799s] -- Up-to-date symlink: /home/orin/ros2_ws/install/my_bot_description/share/my_bot_description/environment/path.dsv
[0.801s] -- Up-to-date symlink: /home/orin/ros2_ws/install/my_bot_description/share/my_bot_description/local_setup.bash
[0.802s] -- Up-to-date symlink: /home/orin/ros2_ws/install/my_bot_description/share/my_bot_description/local_setup.sh
[0.803s] -- Up-to-date symlink: /home/orin/ros2_ws/install/my_bot_description/share/my_bot_description/local_setup.zsh
[0.804s] -- Up-to-date symlink: /home/orin/ros2_ws/install/my_bot_description/share/my_bot_description/local_setup.dsv
[0.804s] -- Symlinking: /home/orin/ros2_ws/install/my_bot_description/share/my_bot_description/package.dsv
[0.840s] -- Up-to-date symlink: /home/orin/ros2_ws/install/my_bot_description/share/ament_index/resource_index/packages/my_bot_description
[0.841s] -- Up-to-date symlink: /home/orin/ros2_ws/install/my_bot_description/share/ament_index/resource_index/hardware_interface__pluginlib__plugin/my_bot_description
[0.842s] -- Up-to-date symlink: /home/orin/ros2_ws/install/my_bot_description/share/my_bot_description/cmake/my_bot_descriptionConfig.cmake
[0.843s] -- Up-to-date symlink: /home/orin/ros2_ws/install/my_bot_description/share/my_bot_description/cmake/my_bot_descriptionConfig-version.cmake
[0.843s] -- Up-to-date symlink: /home/orin/ros2_ws/install/my_bot_description/share/my_bot_description/package.xml
[0.848s] Invoked command in '/home/orin/ros2_ws/build/my_bot_description' returned '0': AMENT_PREFIX_PATH=/home/orin/ros2_ws/install/ros2_control_demo_description:${AMENT_PREFIX_PATH} CMAKE_PREFIX_PATH=/home/orin/ros2_ws/install/ros2_control_demo_description:/opt/ros/humble /usr/bin/cmake --install /home/orin/ros2_ws/build/my_bot_description
