[0.115s] Invoking command in '/home/orin/ros2_ws/build/ros2_control_demo_example_10': AMENT_PREFIX_PATH=/home/orin/ros2_ws/install/ros2_control_demo_testing:/home/orin/ros2_ws/install/ros2_control_demo_description:${AMENT_PREFIX_PATH} CMAKE_PREFIX_PATH=/home/orin/ros2_ws/install/ros2_control_demo_description:/opt/ros/humble PYTHONPATH=/home/orin/ros2_ws/build/ros2_control_demo_testing:/home/orin/ros2_ws/install/ros2_control_demo_testing/lib/python3.10/site-packages:${PYTHONPATH} /usr/bin/cmake --build /home/orin/ros2_ws/build/ros2_control_demo_example_10 -- -j6 -l6
[0.346s] [ 33%] [32mBuilding CXX object CMakeFiles/ros2_control_demo_example_10.dir/hardware/rrbot.cpp.o[0m
[13.249s] [ 66%] [32mBuilding CXX object CMakeFiles/ros2_control_demo_example_10.dir/controllers/gpio_controller.cpp.o[0m
[42.115s] [100%] [32m[1mLinking CXX shared library libros2_control_demo_example_10.so[0m
[44.342s] [100%] Built target ros2_control_demo_example_10
[44.409s] Invoked command in '/home/orin/ros2_ws/build/ros2_control_demo_example_10' returned '0': AMENT_PREFIX_PATH=/home/orin/ros2_ws/install/ros2_control_demo_testing:/home/orin/ros2_ws/install/ros2_control_demo_description:${AMENT_PREFIX_PATH} CMAKE_PREFIX_PATH=/home/orin/ros2_ws/install/ros2_control_demo_description:/opt/ros/humble PYTHONPATH=/home/orin/ros2_ws/build/ros2_control_demo_testing:/home/orin/ros2_ws/install/ros2_control_demo_testing/lib/python3.10/site-packages:${PYTHONPATH} /usr/bin/cmake --build /home/orin/ros2_ws/build/ros2_control_demo_example_10 -- -j6 -l6
[44.624s] Invoking command in '/home/orin/ros2_ws/build/ros2_control_demo_example_10': AMENT_PREFIX_PATH=/home/orin/ros2_ws/install/ros2_control_demo_testing:/home/orin/ros2_ws/install/ros2_control_demo_description:${AMENT_PREFIX_PATH} CMAKE_PREFIX_PATH=/home/orin/ros2_ws/install/ros2_control_demo_description:/opt/ros/humble PYTHONPATH=/home/orin/ros2_ws/build/ros2_control_demo_testing:/home/orin/ros2_ws/install/ros2_control_demo_testing/lib/python3.10/site-packages:${PYTHONPATH} /usr/bin/cmake --install /home/orin/ros2_ws/build/ros2_control_demo_example_10
[44.770s] -- Install configuration: ""
[44.777s] -- Execute custom install script
[44.777s] -- Up-to-date symlink: /home/orin/ros2_ws/install/ros2_control_demo_example_10/share/ros2_control_demo_example_10//ros2_control_demo_example_10.xml
[44.777s] -- Up-to-date symlink: /home/orin/ros2_ws/install/ros2_control_demo_example_10/share/ros2_control_demo_example_10//ros2_control_demo_example_10.xml
[44.777s] -- Up-to-date symlink: /home/orin/ros2_ws/install/ros2_control_demo_example_10/include/ros2_control_demo_example_10/ros2_control_demo_example_10/rrbot.hpp
[44.778s] -- Up-to-date symlink: /home/orin/ros2_ws/install/ros2_control_demo_example_10/include/ros2_control_demo_example_10/ros2_control_demo_example_10/gpio_controller.hpp
[44.785s] -- Up-to-date symlink: /home/orin/ros2_ws/install/ros2_control_demo_example_10/share/ros2_control_demo_example_10/launch/view_robot.launch.py
[44.785s] -- Up-to-date symlink: /home/orin/ros2_ws/install/ros2_control_demo_example_10/share/ros2_control_demo_example_10/ros2_control/rrbot.ros2_control.xacro
[44.797s] -- Up-to-date symlink: /home/orin/ros2_ws/install/ros2_control_demo_example_10/share/ros2_control_demo_example_10/urdf/rrbot.urdf.xacro
[44.798s] -- Up-to-date symlink: /home/orin/ros2_ws/install/ros2_control_demo_example_10/share/ros2_control_demo_example_10/launch/rrbot.launch.py
[44.798s] -- Up-to-date symlink: /home/orin/ros2_ws/install/ros2_control_demo_example_10/share/ros2_control_demo_example_10/launch/test_forward_position_controller.launch.py
[44.798s] -- Up-to-date symlink: /home/orin/ros2_ws/install/ros2_control_demo_example_10/share/ros2_control_demo_example_10/config/rrbot_controllers.yaml
[44.798s] -- Up-to-date symlink: /home/orin/ros2_ws/install/ros2_control_demo_example_10/share/ros2_control_demo_example_10/config/rrbot_forward_position_publisher.yaml
[44.798s] -- Up-to-date symlink: /home/orin/ros2_ws/install/ros2_control_demo_example_10/share/ros2_control_demo_example_10/environment/library_path.sh
[44.798s] -- Up-to-date symlink: /home/orin/ros2_ws/install/ros2_control_demo_example_10/share/ros2_control_demo_example_10/environment/library_path.dsv
[44.798s] -- Up-to-date symlink: /home/orin/ros2_ws/install/ros2_control_demo_example_10/share/ament_index/resource_index/package_run_dependencies/ros2_control_demo_example_10
[44.799s] -- Up-to-date symlink: /home/orin/ros2_ws/install/ros2_control_demo_example_10/share/ament_index/resource_index/parent_prefix_path/ros2_control_demo_example_10
[44.799s] -- Up-to-date symlink: /home/orin/ros2_ws/install/ros2_control_demo_example_10/share/ros2_control_demo_example_10/environment/ament_prefix_path.sh
[44.810s] -- Up-to-date symlink: /home/orin/ros2_ws/install/ros2_control_demo_example_10/share/ros2_control_demo_example_10/environment/ament_prefix_path.dsv
[44.810s] -- Up-to-date symlink: /home/orin/ros2_ws/install/ros2_control_demo_example_10/share/ros2_control_demo_example_10/environment/path.sh
[44.812s] -- Up-to-date symlink: /home/orin/ros2_ws/install/ros2_control_demo_example_10/share/ros2_control_demo_example_10/environment/path.dsv
[44.812s] -- Up-to-date symlink: /home/orin/ros2_ws/install/ros2_control_demo_example_10/share/ros2_control_demo_example_10/local_setup.bash
[44.812s] -- Up-to-date symlink: /home/orin/ros2_ws/install/ros2_control_demo_example_10/share/ros2_control_demo_example_10/local_setup.sh
[44.812s] -- Up-to-date symlink: /home/orin/ros2_ws/install/ros2_control_demo_example_10/share/ros2_control_demo_example_10/local_setup.zsh
[44.815s] -- Up-to-date symlink: /home/orin/ros2_ws/install/ros2_control_demo_example_10/share/ros2_control_demo_example_10/local_setup.dsv
[44.816s] -- Symlinking: /home/orin/ros2_ws/install/ros2_control_demo_example_10/share/ros2_control_demo_example_10/package.dsv
[44.861s] -- Up-to-date symlink: /home/orin/ros2_ws/install/ros2_control_demo_example_10/share/ament_index/resource_index/packages/ros2_control_demo_example_10
[44.861s] -- Up-to-date symlink: /home/orin/ros2_ws/install/ros2_control_demo_example_10/share/ament_index/resource_index/hardware_interface__pluginlib__plugin/ros2_control_demo_example_10
[44.862s] -- Up-to-date symlink: /home/orin/ros2_ws/install/ros2_control_demo_example_10/share/ament_index/resource_index/controller_interface__pluginlib__plugin/ros2_control_demo_example_10
[44.862s] -- Up-to-date symlink: /home/orin/ros2_ws/install/ros2_control_demo_example_10/share/ros2_control_demo_example_10/cmake/ament_cmake_export_targets-extras.cmake
[44.862s] -- Up-to-date symlink: /home/orin/ros2_ws/install/ros2_control_demo_example_10/share/ros2_control_demo_example_10/cmake/ament_cmake_export_dependencies-extras.cmake
[44.862s] -- Up-to-date symlink: /home/orin/ros2_ws/install/ros2_control_demo_example_10/share/ros2_control_demo_example_10/cmake/ros2_control_demo_example_10Config.cmake
[44.862s] -- Up-to-date symlink: /home/orin/ros2_ws/install/ros2_control_demo_example_10/share/ros2_control_demo_example_10/cmake/ros2_control_demo_example_10Config-version.cmake
[44.862s] -- Up-to-date symlink: /home/orin/ros2_ws/install/ros2_control_demo_example_10/share/ros2_control_demo_example_10/package.xml
[44.862s] -- Installing: /home/orin/ros2_ws/install/ros2_control_demo_example_10/lib/libros2_control_demo_example_10.so
[44.904s] -- Set runtime path of "/home/orin/ros2_ws/install/ros2_control_demo_example_10/lib/libros2_control_demo_example_10.so" to ""
[44.904s] -- Up-to-date: /home/orin/ros2_ws/install/ros2_control_demo_example_10/share/ros2_control_demo_example_10/cmake/export_ros2_control_demo_example_10Export.cmake
[44.904s] -- Up-to-date: /home/orin/ros2_ws/install/ros2_control_demo_example_10/share/ros2_control_demo_example_10/cmake/export_ros2_control_demo_example_10Export-noconfig.cmake
[44.926s] Invoked command in '/home/orin/ros2_ws/build/ros2_control_demo_example_10' returned '0': AMENT_PREFIX_PATH=/home/orin/ros2_ws/install/ros2_control_demo_testing:/home/orin/ros2_ws/install/ros2_control_demo_description:${AMENT_PREFIX_PATH} CMAKE_PREFIX_PATH=/home/orin/ros2_ws/install/ros2_control_demo_description:/opt/ros/humble PYTHONPATH=/home/orin/ros2_ws/build/ros2_control_demo_testing:/home/orin/ros2_ws/install/ros2_control_demo_testing/lib/python3.10/site-packages:${PYTHONPATH} /usr/bin/cmake --install /home/orin/ros2_ws/build/ros2_control_demo_example_10
