[0.191s] Invoking command in '/home/orin/ros2_ws/build/ros2_control_demo_description': /usr/bin/cmake --build /home/orin/ros2_ws/build/ros2_control_demo_description -- -j6 -l6
[3.363s] Invoked command in '/home/orin/ros2_ws/build/ros2_control_demo_description' returned '0': /usr/bin/cmake --build /home/orin/ros2_ws/build/ros2_control_demo_description -- -j6 -l6
[5.023s] Invoking command in '/home/orin/ros2_ws/build/ros2_control_demo_description': /usr/bin/cmake --install /home/orin/ros2_ws/build/ros2_control_demo_description
[5.139s] -- Install configuration: "Release"
[5.151s] -- Execute custom install script
[5.167s] -- Up-to-date symlink: /home/orin/ros2_ws/install/ros2_control_demo_description/share/ros2_control_demo_description/rrbot/urdf/rrbot.materials.xacro
[5.168s] -- Up-to-date symlink: /home/orin/ros2_ws/install/ros2_control_demo_description/share/ros2_control_demo_description/rrbot/urdf/rrbot_description.urdf.xacro
[5.191s] -- Up-to-date symlink: /home/orin/ros2_ws/install/ros2_control_demo_description/share/ros2_control_demo_description/rrbot/rviz/rrbot.rviz
[5.230s] -- Up-to-date symlink: /home/orin/ros2_ws/install/ros2_control_demo_description/share/ros2_control_demo_description/diffbot/urdf/diffbot.materials.xacro
[5.242s] -- Up-to-date symlink: /home/orin/ros2_ws/install/ros2_control_demo_description/share/ros2_control_demo_description/diffbot/urdf/diffbot_description.urdf.xacro
[5.268s] -- Up-to-date symlink: /home/orin/ros2_ws/install/ros2_control_demo_description/share/ros2_control_demo_description/diffbot/rviz/diffbot.rviz
[5.275s] -- Up-to-date symlink: /home/orin/ros2_ws/install/ros2_control_demo_description/share/ros2_control_demo_description/diffbot/rviz/diffbot_view.rviz
[5.283s] -- Up-to-date symlink: /home/orin/ros2_ws/install/ros2_control_demo_description/share/ros2_control_demo_description/carlikebot/urdf/carlikebot.materials.xacro
[5.284s] -- Up-to-date symlink: /home/orin/ros2_ws/install/ros2_control_demo_description/share/ros2_control_demo_description/carlikebot/urdf/carlikebot_description.urdf.xacro
[5.322s] -- Up-to-date symlink: /home/orin/ros2_ws/install/ros2_control_demo_description/share/ros2_control_demo_description/carlikebot/rviz/carlikebot.rviz
[5.331s] -- Up-to-date symlink: /home/orin/ros2_ws/install/ros2_control_demo_description/share/ros2_control_demo_description/carlikebot/rviz/carlikebot_view.rviz
[5.345s] -- Up-to-date symlink: /home/orin/ros2_ws/install/ros2_control_demo_description/share/ros2_control_demo_description/r3bot/urdf/threedofbot_description.urdf.xacro
[5.385s] -- Up-to-date symlink: /home/orin/ros2_ws/install/ros2_control_demo_description/share/ros2_control_demo_description/r6bot/meshes/collision/link_0.stl
[5.396s] -- Up-to-date symlink: /home/orin/ros2_ws/install/ros2_control_demo_description/share/ros2_control_demo_description/r6bot/meshes/collision/link_1.stl
[5.397s] -- Up-to-date symlink: /home/orin/ros2_ws/install/ros2_control_demo_description/share/ros2_control_demo_description/r6bot/meshes/collision/link_2.stl
[5.420s] -- Up-to-date symlink: /home/orin/ros2_ws/install/ros2_control_demo_description/share/ros2_control_demo_description/r6bot/meshes/collision/link_3.stl
[5.421s] -- Up-to-date symlink: /home/orin/ros2_ws/install/ros2_control_demo_description/share/ros2_control_demo_description/r6bot/meshes/collision/link_4.stl
[5.421s] -- Up-to-date symlink: /home/orin/ros2_ws/install/ros2_control_demo_description/share/ros2_control_demo_description/r6bot/meshes/collision/link_5.stl
[5.451s] -- Up-to-date symlink: /home/orin/ros2_ws/install/ros2_control_demo_description/share/ros2_control_demo_description/r6bot/meshes/collision/link_6.stl
[5.451s] -- Up-to-date symlink: /home/orin/ros2_ws/install/ros2_control_demo_description/share/ros2_control_demo_description/r6bot/meshes/visual/link_0.dae
[5.452s] -- Up-to-date symlink: /home/orin/ros2_ws/install/ros2_control_demo_description/share/ros2_control_demo_description/r6bot/meshes/visual/link_1.dae
[5.452s] -- Up-to-date symlink: /home/orin/ros2_ws/install/ros2_control_demo_description/share/ros2_control_demo_description/r6bot/meshes/visual/link_2.dae
[5.452s] -- Up-to-date symlink: /home/orin/ros2_ws/install/ros2_control_demo_description/share/ros2_control_demo_description/r6bot/meshes/visual/link_3.dae
[5.481s] -- Up-to-date symlink: /home/orin/ros2_ws/install/ros2_control_demo_description/share/ros2_control_demo_description/r6bot/meshes/visual/link_4.dae
[5.482s] -- Up-to-date symlink: /home/orin/ros2_ws/install/ros2_control_demo_description/share/ros2_control_demo_description/r6bot/meshes/visual/link_5.dae
[5.482s] -- Up-to-date symlink: /home/orin/ros2_ws/install/ros2_control_demo_description/share/ros2_control_demo_description/r6bot/meshes/visual/link_6.dae
[5.482s] -- Up-to-date symlink: /home/orin/ros2_ws/install/ros2_control_demo_description/share/ros2_control_demo_description/r6bot/srdf/r6bot.srdf
[5.482s] -- Up-to-date symlink: /home/orin/ros2_ws/install/ros2_control_demo_description/share/ros2_control_demo_description/r6bot/urdf/inc/create_link.xacro
[5.482s] -- Up-to-date symlink: /home/orin/ros2_ws/install/ros2_control_demo_description/share/ros2_control_demo_description/r6bot/urdf/r6bot_description.urdf.xacro
[5.483s] -- Up-to-date symlink: /home/orin/ros2_ws/install/ros2_control_demo_description/share/ros2_control_demo_description/r6bot/rviz/view_robot.rviz
[5.498s] -- Up-to-date symlink: /home/orin/ros2_ws/install/ros2_control_demo_description/share/ament_index/resource_index/package_run_dependencies/ros2_control_demo_description
[5.498s] -- Up-to-date symlink: /home/orin/ros2_ws/install/ros2_control_demo_description/share/ament_index/resource_index/parent_prefix_path/ros2_control_demo_description
[5.499s] -- Up-to-date symlink: /home/orin/ros2_ws/install/ros2_control_demo_description/share/ros2_control_demo_description/environment/ament_prefix_path.sh
[5.499s] -- Up-to-date symlink: /home/orin/ros2_ws/install/ros2_control_demo_description/share/ros2_control_demo_description/environment/ament_prefix_path.dsv
[5.527s] -- Up-to-date symlink: /home/orin/ros2_ws/install/ros2_control_demo_description/share/ros2_control_demo_description/environment/path.sh
[5.527s] -- Up-to-date symlink: /home/orin/ros2_ws/install/ros2_control_demo_description/share/ros2_control_demo_description/environment/path.dsv
[5.528s] -- Up-to-date symlink: /home/orin/ros2_ws/install/ros2_control_demo_description/share/ros2_control_demo_description/local_setup.bash
[5.528s] -- Up-to-date symlink: /home/orin/ros2_ws/install/ros2_control_demo_description/share/ros2_control_demo_description/local_setup.sh
[5.528s] -- Up-to-date symlink: /home/orin/ros2_ws/install/ros2_control_demo_description/share/ros2_control_demo_description/local_setup.zsh
[5.528s] -- Up-to-date symlink: /home/orin/ros2_ws/install/ros2_control_demo_description/share/ros2_control_demo_description/local_setup.dsv
[5.528s] -- Symlinking: /home/orin/ros2_ws/install/ros2_control_demo_description/share/ros2_control_demo_description/package.dsv
[5.561s] -- Up-to-date symlink: /home/orin/ros2_ws/install/ros2_control_demo_description/share/ament_index/resource_index/packages/ros2_control_demo_description
[5.654s] -- Up-to-date symlink: /home/orin/ros2_ws/install/ros2_control_demo_description/share/ros2_control_demo_description/cmake/ros2_control_demo_descriptionConfig.cmake
[5.663s] -- Up-to-date symlink: /home/orin/ros2_ws/install/ros2_control_demo_description/share/ros2_control_demo_description/cmake/ros2_control_demo_descriptionConfig-version.cmake
[5.666s] -- Up-to-date symlink: /home/orin/ros2_ws/install/ros2_control_demo_description/share/ros2_control_demo_description/package.xml
[5.681s] Invoked command in '/home/orin/ros2_ws/build/ros2_control_demo_description' returned '0': /usr/bin/cmake --install /home/orin/ros2_ws/build/ros2_control_demo_description
