running egg_info
writing ../../build/teleop_motor/teleop_motor.egg-info/PKG-INFO
writing dependency_links to ../../build/teleop_motor/teleop_motor.egg-info/dependency_links.txt
writing requirements to ../../build/teleop_motor/teleop_motor.egg-info/requires.txt
writing top-level names to ../../build/teleop_motor/teleop_motor.egg-info/top_level.txt
reading manifest file '../../build/teleop_motor/teleop_motor.egg-info/SOURCES.txt'
writing manifest file '../../build/teleop_motor/teleop_motor.egg-info/SOURCES.txt'
running build
running build_py
copying teleop_motor/__init__.py -> /home/orin/ros2_ws/build/teleop_motor/build/lib/teleop_motor
copying teleop_motor/teleop_motor.py -> /home/orin/ros2_ws/build/teleop_motor/build/lib/teleop_motor
running install
running install_lib
running install_data
copying resource/teleop_motor -> /home/orin/ros2_ws/install/teleop_motor/share/ament_index/resource_index/packages
copying package.xml -> /home/orin/ros2_ws/install/teleop_motor/share/teleop_motor
running install_egg_info
removing '/home/orin/ros2_ws/install/teleop_motor/lib/python3.10/site-packages/teleop_motor-0.0.0-py3.10.egg-info' (and everything under it)
Copying ../../build/teleop_motor/teleop_motor.egg-info to /home/orin/ros2_ws/install/teleop_motor/lib/python3.10/site-packages/teleop_motor-0.0.0-py3.10.egg-info
running install_scripts
writing list of installed files to '/home/orin/ros2_ws/build/teleop_motor/install.log'
