[2.450s] Invoking command in '/home/orin/ros2_ws/src/teleop_motor': PYTHONPATH=/home/orin/ros2_ws/build/teleop_motor/prefix_override:/usr/lib/python3/dist-packages/colcon_core/task/python/colcon_distutils_commands:/home/orin/ros2_ws/install/teleop_motor/lib/python3.10/site-packages:${PYTHONPATH} /usr/bin/python3 -W ignore:setup.py install is deprecated -W ignore:easy_install command is deprecated setup.py egg_info --egg-base ../../build/teleop_motor build --build-base /home/orin/ros2_ws/build/teleop_motor/build install --record /home/orin/ros2_ws/build/teleop_motor/install.log --single-version-externally-managed install_data
[3.244s] running egg_info
[3.300s] writing ../../build/teleop_motor/teleop_motor.egg-info/PKG-INFO
[3.301s] writing dependency_links to ../../build/teleop_motor/teleop_motor.egg-info/dependency_links.txt
[3.303s] writing requirements to ../../build/teleop_motor/teleop_motor.egg-info/requires.txt
[3.303s] writing top-level names to ../../build/teleop_motor/teleop_motor.egg-info/top_level.txt
[3.420s] reading manifest file '../../build/teleop_motor/teleop_motor.egg-info/SOURCES.txt'
[3.429s] writing manifest file '../../build/teleop_motor/teleop_motor.egg-info/SOURCES.txt'
[3.430s] running build
[3.430s] running build_py
[3.430s] copying teleop_motor/__init__.py -> /home/orin/ros2_ws/build/teleop_motor/build/lib/teleop_motor
[3.430s] copying teleop_motor/teleop_motor.py -> /home/orin/ros2_ws/build/teleop_motor/build/lib/teleop_motor
[3.430s] running install
[3.435s] running install_lib
[3.493s] running install_data
[3.494s] copying resource/teleop_motor -> /home/orin/ros2_ws/install/teleop_motor/share/ament_index/resource_index/packages
[3.495s] copying package.xml -> /home/orin/ros2_ws/install/teleop_motor/share/teleop_motor
[3.495s] running install_egg_info
[3.555s] removing '/home/orin/ros2_ws/install/teleop_motor/lib/python3.10/site-packages/teleop_motor-0.0.0-py3.10.egg-info' (and everything under it)
[3.555s] Copying ../../build/teleop_motor/teleop_motor.egg-info to /home/orin/ros2_ws/install/teleop_motor/lib/python3.10/site-packages/teleop_motor-0.0.0-py3.10.egg-info
[3.561s] running install_scripts
[4.020s] writing list of installed files to '/home/orin/ros2_ws/build/teleop_motor/install.log'
[4.113s] Invoked command in '/home/orin/ros2_ws/src/teleop_motor' returned '0': PYTHONPATH=/home/orin/ros2_ws/build/teleop_motor/prefix_override:/usr/lib/python3/dist-packages/colcon_core/task/python/colcon_distutils_commands:/home/orin/ros2_ws/install/teleop_motor/lib/python3.10/site-packages:${PYTHONPATH} /usr/bin/python3 -W ignore:setup.py install is deprecated -W ignore:easy_install command is deprecated setup.py egg_info --egg-base ../../build/teleop_motor build --build-base /home/orin/ros2_ws/build/teleop_motor/build install --record /home/orin/ros2_ws/build/teleop_motor/install.log --single-version-externally-managed install_data
