running egg_info
writing ../../build/arduino_encoder_odom/arduino_encoder_odom.egg-info/PKG-INFO
writing dependency_links to ../../build/arduino_encoder_odom/arduino_encoder_odom.egg-info/dependency_links.txt
writing entry points to ../../build/arduino_encoder_odom/arduino_encoder_odom.egg-info/entry_points.txt
writing requirements to ../../build/arduino_encoder_odom/arduino_encoder_odom.egg-info/requires.txt
writing top-level names to ../../build/arduino_encoder_odom/arduino_encoder_odom.egg-info/top_level.txt
reading manifest file '../../build/arduino_encoder_odom/arduino_encoder_odom.egg-info/SOURCES.txt'
adding license file 'LICENSE'
writing manifest file '../../build/arduino_encoder_odom/arduino_encoder_odom.egg-info/SOURCES.txt'
running build
running build_py
copying arduino_encoder_odom/__init__.py -> /home/orin/ros2_ws/build/arduino_encoder_odom/build/lib/arduino_encoder_odom
copying arduino_encoder_odom/arduino_encoder_odom.py -> /home/orin/ros2_ws/build/arduino_encoder_odom/build/lib/arduino_encoder_odom
running install
running install_lib
running install_data
copying resource/arduino_encoder_odom -> /home/orin/ros2_ws/install/arduino_encoder_odom/share/ament_index/resource_index/packages
copying package.xml -> /home/orin/ros2_ws/install/arduino_encoder_odom/share/arduino_encoder_odom
running install_egg_info
removing '/home/orin/ros2_ws/install/arduino_encoder_odom/lib/python3.10/site-packages/arduino_encoder_odom-0.0.0-py3.10.egg-info' (and everything under it)
Copying ../../build/arduino_encoder_odom/arduino_encoder_odom.egg-info to /home/orin/ros2_ws/install/arduino_encoder_odom/lib/python3.10/site-packages/arduino_encoder_odom-0.0.0-py3.10.egg-info
running install_scripts
Installing arduino_encoder_odom script to /home/orin/ros2_ws/install/arduino_encoder_odom/lib/arduino_encoder_odom
writing list of installed files to '/home/orin/ros2_ws/build/arduino_encoder_odom/install.log'
