[4.066s] Invoking command in '/home/orin/ros2_ws/build/examples_rclpy_minimal_publisher': PYTHONPATH=/home/orin/ros2_ws/build/examples_rclpy_minimal_publisher/prefix_override:/usr/lib/python3/dist-packages/colcon_core/task/python/colcon_distutils_commands:/home/orin/ros2_ws/install/examples_rclpy_minimal_publisher/lib/python3.10/site-packages:${PYTHONPATH} /usr/bin/python3 -W ignore:setup.py install is deprecated -W ignore:easy_install command is deprecated setup.py develop --editable --build-directory /home/orin/ros2_ws/build/examples_rclpy_minimal_publisher/build --no-deps symlink_data
[4.772s] /home/orin/.local/lib/python3.10/site-packages/setuptools/_distutils/dist.py:261: UserWarning: Unknown distribution option: 'tests_require'
[4.772s]   warnings.warn(msg)
[5.408s] running develop
[6.260s] running egg_info
[6.368s] writing examples_rclpy_minimal_publisher.egg-info/PKG-INFO
[6.373s] writing dependency_links to examples_rclpy_minimal_publisher.egg-info/dependency_links.txt
[6.376s] writing entry points to examples_rclpy_minimal_publisher.egg-info/entry_points.txt
[6.378s] writing requirements to examples_rclpy_minimal_publisher.egg-info/requires.txt
[6.379s] writing top-level names to examples_rclpy_minimal_publisher.egg-info/top_level.txt
[6.517s] reading manifest file 'examples_rclpy_minimal_publisher.egg-info/SOURCES.txt'
[6.524s] writing manifest file 'examples_rclpy_minimal_publisher.egg-info/SOURCES.txt'
[6.586s] running build_ext
[6.586s] Creating /home/orin/ros2_ws/install/examples_rclpy_minimal_publisher/lib/python3.10/site-packages/examples-rclpy-minimal-publisher.egg-link (link to .)
[6.612s] Installing publisher_local_function script to /home/orin/ros2_ws/install/examples_rclpy_minimal_publisher/lib/examples_rclpy_minimal_publisher
[6.613s] Installing publisher_member_function script to /home/orin/ros2_ws/install/examples_rclpy_minimal_publisher/lib/examples_rclpy_minimal_publisher
[6.614s] Installing publisher_old_school script to /home/orin/ros2_ws/install/examples_rclpy_minimal_publisher/lib/examples_rclpy_minimal_publisher
[6.614s] 
[6.614s] Installed /home/orin/ros2_ws/build/examples_rclpy_minimal_publisher
[6.614s] running symlink_data
[7.319s] Invoked command in '/home/orin/ros2_ws/build/examples_rclpy_minimal_publisher' returned '0': PYTHONPATH=/home/orin/ros2_ws/build/examples_rclpy_minimal_publisher/prefix_override:/usr/lib/python3/dist-packages/colcon_core/task/python/colcon_distutils_commands:/home/orin/ros2_ws/install/examples_rclpy_minimal_publisher/lib/python3.10/site-packages:${PYTHONPATH} /usr/bin/python3 -W ignore:setup.py install is deprecated -W ignore:easy_install command is deprecated setup.py develop --editable --build-directory /home/orin/ros2_ws/build/examples_rclpy_minimal_publisher/build --no-deps symlink_data
