[9.422s] Invoking command in '/home/orin/ros2_ws/build/examples_rclpy_minimal_publisher': PYTHONPATH=/home/orin/ros2_ws/build/examples_rclpy_minimal_publisher/prefix_override:/usr/lib/python3/dist-packages/colcon_core/task/python/colcon_distutils_commands:/home/orin/ros2_ws/install/examples_rclpy_minimal_publisher/lib/python3.10/site-packages:${PYTHONPATH} /usr/bin/python3 -W ignore:setup.py install is deprecated setup.py develop --editable --build-directory /home/orin/ros2_ws/build/examples_rclpy_minimal_publisher/build --no-deps symlink_data --force
[11.143s] /home/orin/.local/lib/python3.10/site-packages/setuptools/_distutils/dist.py:261: UserWarning: Unknown distribution option: 'tests_require'
[11.143s]   warnings.warn(msg)
[13.727s] running develop
[13.730s] /home/orin/.local/lib/python3.10/site-packages/setuptools/command/develop.py:41: EasyInstallDeprecationWarning: easy_install command is deprecated.
[13.733s] !!
[13.736s] 
[13.742s]         ********************************************************************************
[13.749s]         Please avoid running ``setup.py`` and ``easy_install``.
[13.749s]         Instead, use pypa/build, pypa/installer or other
[13.750s]         standards-based tools.
[13.750s] 
[13.750s]         See https://github.com/pypa/setuptools/issues/917 for details.
[13.750s]         ********************************************************************************
[13.750s] 
[13.750s] !!
[13.756s]   easy_install.initialize_options(self)
[17.122s] running egg_info
[17.409s] writing examples_rclpy_minimal_publisher.egg-info/PKG-INFO
[17.417s] writing dependency_links to examples_rclpy_minimal_publisher.egg-info/dependency_links.txt
[17.420s] writing entry points to examples_rclpy_minimal_publisher.egg-info/entry_points.txt
[17.427s] writing requirements to examples_rclpy_minimal_publisher.egg-info/requires.txt
[17.429s] writing top-level names to examples_rclpy_minimal_publisher.egg-info/top_level.txt
[18.112s] reading manifest file 'examples_rclpy_minimal_publisher.egg-info/SOURCES.txt'
[18.119s] writing manifest file 'examples_rclpy_minimal_publisher.egg-info/SOURCES.txt'
[18.513s] running build_ext
[18.518s] Creating /home/orin/ros2_ws/install/examples_rclpy_minimal_publisher/lib/python3.10/site-packages/examples-rclpy-minimal-publisher.egg-link (link to .)
[18.531s] Installing publisher_local_function script to /home/orin/ros2_ws/install/examples_rclpy_minimal_publisher/lib/examples_rclpy_minimal_publisher
[18.534s] Installing publisher_member_function script to /home/orin/ros2_ws/install/examples_rclpy_minimal_publisher/lib/examples_rclpy_minimal_publisher
[18.540s] Installing publisher_old_school script to /home/orin/ros2_ws/install/examples_rclpy_minimal_publisher/lib/examples_rclpy_minimal_publisher
[18.549s] 
[18.551s] Installed /home/orin/ros2_ws/build/examples_rclpy_minimal_publisher
[18.556s] running symlink_data
[18.569s] symbolically linking /home/orin/ros2_ws/build/examples_rclpy_minimal_publisher/resource/examples_rclpy_minimal_publisher -> /home/orin/ros2_ws/install/examples_rclpy_minimal_publisher/share/ament_index/resource_index/packages
[18.574s] symbolically linking /home/orin/ros2_ws/build/examples_rclpy_minimal_publisher/package.xml -> /home/orin/ros2_ws/install/examples_rclpy_minimal_publisher/share/examples_rclpy_minimal_publisher
[19.044s] Invoked command in '/home/orin/ros2_ws/build/examples_rclpy_minimal_publisher' returned '0': PYTHONPATH=/home/orin/ros2_ws/build/examples_rclpy_minimal_publisher/prefix_override:/usr/lib/python3/dist-packages/colcon_core/task/python/colcon_distutils_commands:/home/orin/ros2_ws/install/examples_rclpy_minimal_publisher/lib/python3.10/site-packages:${PYTHONPATH} /usr/bin/python3 -W ignore:setup.py install is deprecated setup.py develop --editable --build-directory /home/orin/ros2_ws/build/examples_rclpy_minimal_publisher/build --no-deps symlink_data --force
