[0.319s] Invoking command in '/home/orin/ros2_ws/build/examples_rclcpp_minimal_client': /usr/bin/cmake --build /home/orin/ros2_ws/build/examples_rclcpp_minimal_client -- -j6 -l6
[0.989s] [100%] Built target client_main
[1.176s] Invoked command in '/home/orin/ros2_ws/build/examples_rclcpp_minimal_client' returned '0': /usr/bin/cmake --build /home/orin/ros2_ws/build/examples_rclcpp_minimal_client -- -j6 -l6
[1.331s] Invoking command in '/home/orin/ros2_ws/build/examples_rclcpp_minimal_client': /usr/bin/cmake --install /home/orin/ros2_ws/build/examples_rclcpp_minimal_client
[2.453s] -- Install configuration: ""
[2.454s] -- Execute custom install script
[2.454s] -- Up-to-date symlink: /home/orin/ros2_ws/install/examples_rclcpp_minimal_client/lib/examples_rclcpp_minimal_client/client_main
[2.454s] -- Up-to-date symlink: /home/orin/ros2_ws/install/examples_rclcpp_minimal_client/share/ament_index/resource_index/package_run_dependencies/examples_rclcpp_minimal_client
[2.472s] -- Up-to-date symlink: /home/orin/ros2_ws/install/examples_rclcpp_minimal_client/share/ament_index/resource_index/parent_prefix_path/examples_rclcpp_minimal_client
[2.473s] -- Up-to-date symlink: /home/orin/ros2_ws/install/examples_rclcpp_minimal_client/share/examples_rclcpp_minimal_client/environment/ament_prefix_path.sh
[2.473s] -- Up-to-date symlink: /home/orin/ros2_ws/install/examples_rclcpp_minimal_client/share/examples_rclcpp_minimal_client/environment/ament_prefix_path.dsv
[2.473s] -- Up-to-date symlink: /home/orin/ros2_ws/install/examples_rclcpp_minimal_client/share/examples_rclcpp_minimal_client/environment/path.sh
[2.474s] -- Up-to-date symlink: /home/orin/ros2_ws/install/examples_rclcpp_minimal_client/share/examples_rclcpp_minimal_client/environment/path.dsv
[2.474s] -- Up-to-date symlink: /home/orin/ros2_ws/install/examples_rclcpp_minimal_client/share/examples_rclcpp_minimal_client/local_setup.bash
[2.474s] -- Up-to-date symlink: /home/orin/ros2_ws/install/examples_rclcpp_minimal_client/share/examples_rclcpp_minimal_client/local_setup.sh
[2.474s] -- Up-to-date symlink: /home/orin/ros2_ws/install/examples_rclcpp_minimal_client/share/examples_rclcpp_minimal_client/local_setup.zsh
[2.474s] -- Up-to-date symlink: /home/orin/ros2_ws/install/examples_rclcpp_minimal_client/share/examples_rclcpp_minimal_client/local_setup.dsv
[2.474s] -- Symlinking: /home/orin/ros2_ws/install/examples_rclcpp_minimal_client/share/examples_rclcpp_minimal_client/package.dsv
[2.474s] -- Up-to-date symlink: /home/orin/ros2_ws/install/examples_rclcpp_minimal_client/share/ament_index/resource_index/packages/examples_rclcpp_minimal_client
[2.475s] -- Up-to-date symlink: /home/orin/ros2_ws/install/examples_rclcpp_minimal_client/share/examples_rclcpp_minimal_client/cmake/examples_rclcpp_minimal_clientConfig.cmake
[2.475s] -- Up-to-date symlink: /home/orin/ros2_ws/install/examples_rclcpp_minimal_client/share/examples_rclcpp_minimal_client/cmake/examples_rclcpp_minimal_clientConfig-version.cmake
[2.475s] -- Up-to-date symlink: /home/orin/ros2_ws/install/examples_rclcpp_minimal_client/share/examples_rclcpp_minimal_client/package.xml
[2.475s] Invoked command in '/home/orin/ros2_ws/build/examples_rclcpp_minimal_client' returned '0': /usr/bin/cmake --install /home/orin/ros2_ws/build/examples_rclcpp_minimal_client
