[2.730s] Invoking command in '/home/orin/ros2_ws/build/examples_rclpy_minimal_publisher': PYTHONPATH=/home/orin/ros2_ws/build/examples_rclpy_minimal_publisher/prefix_override:/usr/lib/python3/dist-packages/colcon_core/task/python/colcon_distutils_commands:/home/orin/ros2_ws/install/examples_rclpy_minimal_publisher/lib/python3.10/site-packages:${PYTHONPATH} /usr/bin/python3 -W ignore:setup.py install is deprecated -W ignore:easy_install command is deprecated setup.py develop --editable --build-directory /home/orin/ros2_ws/build/examples_rclpy_minimal_publisher/build --no-deps symlink_data
[3.497s] /home/orin/.local/lib/python3.10/site-packages/setuptools/_distutils/dist.py:261: UserWarning: Unknown distribution option: 'tests_require'
[3.497s]   warnings.warn(msg)
[4.164s] running develop
[4.989s] running egg_info
[5.083s] writing examples_rclpy_minimal_publisher.egg-info/PKG-INFO
[5.086s] writing dependency_links to examples_rclpy_minimal_publisher.egg-info/dependency_links.txt
[5.086s] writing entry points to examples_rclpy_minimal_publisher.egg-info/entry_points.txt
[5.088s] writing requirements to examples_rclpy_minimal_publisher.egg-info/requires.txt
[5.089s] writing top-level names to examples_rclpy_minimal_publisher.egg-info/top_level.txt
[5.245s] reading manifest file 'examples_rclpy_minimal_publisher.egg-info/SOURCES.txt'
[5.249s] writing manifest file 'examples_rclpy_minimal_publisher.egg-info/SOURCES.txt'
[5.305s] running build_ext
[5.309s] Creating /home/orin/ros2_ws/install/examples_rclpy_minimal_publisher/lib/python3.10/site-packages/examples-rclpy-minimal-publisher.egg-link (link to .)
[5.313s] Installing publisher_local_function script to /home/orin/ros2_ws/install/examples_rclpy_minimal_publisher/lib/examples_rclpy_minimal_publisher
[5.313s] Installing publisher_member_function script to /home/orin/ros2_ws/install/examples_rclpy_minimal_publisher/lib/examples_rclpy_minimal_publisher
[5.313s] Installing publisher_old_school script to /home/orin/ros2_ws/install/examples_rclpy_minimal_publisher/lib/examples_rclpy_minimal_publisher
[5.313s] 
[5.313s] Installed /home/orin/ros2_ws/build/examples_rclpy_minimal_publisher
[5.314s] running symlink_data
[5.440s] Invoked command in '/home/orin/ros2_ws/build/examples_rclpy_minimal_publisher' returned '0': PYTHONPATH=/home/orin/ros2_ws/build/examples_rclpy_minimal_publisher/prefix_override:/usr/lib/python3/dist-packages/colcon_core/task/python/colcon_distutils_commands:/home/orin/ros2_ws/install/examples_rclpy_minimal_publisher/lib/python3.10/site-packages:${PYTHONPATH} /usr/bin/python3 -W ignore:setup.py install is deprecated -W ignore:easy_install command is deprecated setup.py develop --editable --build-directory /home/orin/ros2_ws/build/examples_rclpy_minimal_publisher/build --no-deps symlink_data
