[5.790s] Invoking command in '/home/orin/ros2_ws/build/examples_rclpy_minimal_action_server': PYTHONPATH=/home/orin/ros2_ws/build/examples_rclpy_minimal_action_server/prefix_override:/usr/lib/python3/dist-packages/colcon_core/task/python/colcon_distutils_commands:/home/orin/ros2_ws/install/examples_rclpy_minimal_action_server/lib/python3.10/site-packages:${PYTHONPATH} /usr/bin/python3 -W ignore:setup.py install is deprecated setup.py develop --editable --build-directory /home/orin/ros2_ws/build/examples_rclpy_minimal_action_server/build --no-deps symlink_data --force
[6.784s] /home/orin/.local/lib/python3.10/site-packages/setuptools/_distutils/dist.py:261: UserWarning: Unknown distribution option: 'tests_require'
[6.787s]   warnings.warn(msg)
[8.206s] running develop
[8.208s] /home/orin/.local/lib/python3.10/site-packages/setuptools/command/develop.py:41: EasyInstallDeprecationWarning: easy_install command is deprecated.
[8.210s] !!
[8.210s] 
[8.211s]         ********************************************************************************
[8.211s]         Please avoid running ``setup.py`` and ``easy_install``.
[8.213s]         Instead, use pypa/build, pypa/installer or other
[8.213s]         standards-based tools.
[8.213s] 
[8.214s]         See https://github.com/pypa/setuptools/issues/917 for details.
[8.217s]         ********************************************************************************
[8.217s] 
[8.217s] !!
[8.221s]   easy_install.initialize_options(self)
[9.673s] running egg_info
[9.795s] writing examples_rclpy_minimal_action_server.egg-info/PKG-INFO
[9.802s] writing dependency_links to examples_rclpy_minimal_action_server.egg-info/dependency_links.txt
[9.804s] writing entry points to examples_rclpy_minimal_action_server.egg-info/entry_points.txt
[9.808s] writing requirements to examples_rclpy_minimal_action_server.egg-info/requires.txt
[9.810s] writing top-level names to examples_rclpy_minimal_action_server.egg-info/top_level.txt
[10.475s] reading manifest file 'examples_rclpy_minimal_action_server.egg-info/SOURCES.txt'
[10.502s] writing manifest file 'examples_rclpy_minimal_action_server.egg-info/SOURCES.txt'
[10.705s] running build_ext
[10.707s] Creating /home/orin/ros2_ws/install/examples_rclpy_minimal_action_server/lib/python3.10/site-packages/examples-rclpy-minimal-action-server.egg-link (link to .)
[10.713s] Installing server script to /home/orin/ros2_ws/install/examples_rclpy_minimal_action_server/lib/examples_rclpy_minimal_action_server
[10.717s] Installing server_defer script to /home/orin/ros2_ws/install/examples_rclpy_minimal_action_server/lib/examples_rclpy_minimal_action_server
[10.721s] Installing server_not_composable script to /home/orin/ros2_ws/install/examples_rclpy_minimal_action_server/lib/examples_rclpy_minimal_action_server
[10.724s] Installing server_queue_goals script to /home/orin/ros2_ws/install/examples_rclpy_minimal_action_server/lib/examples_rclpy_minimal_action_server
[10.727s] Installing server_single_goal script to /home/orin/ros2_ws/install/examples_rclpy_minimal_action_server/lib/examples_rclpy_minimal_action_server
[10.729s] 
[10.731s] Installed /home/orin/ros2_ws/build/examples_rclpy_minimal_action_server
[10.732s] running symlink_data
[10.736s] symbolically linking /home/orin/ros2_ws/build/examples_rclpy_minimal_action_server/resource/examples_rclpy_minimal_action_server -> /home/orin/ros2_ws/install/examples_rclpy_minimal_action_server/share/ament_index/resource_index/packages
[10.741s] symbolically linking /home/orin/ros2_ws/build/examples_rclpy_minimal_action_server/package.xml -> /home/orin/ros2_ws/install/examples_rclpy_minimal_action_server/share/examples_rclpy_minimal_action_server
[11.809s] Invoked command in '/home/orin/ros2_ws/build/examples_rclpy_minimal_action_server' returned '0': PYTHONPATH=/home/orin/ros2_ws/build/examples_rclpy_minimal_action_server/prefix_override:/usr/lib/python3/dist-packages/colcon_core/task/python/colcon_distutils_commands:/home/orin/ros2_ws/install/examples_rclpy_minimal_action_server/lib/python3.10/site-packages:${PYTHONPATH} /usr/bin/python3 -W ignore:setup.py install is deprecated setup.py develop --editable --build-directory /home/orin/ros2_ws/build/examples_rclpy_minimal_action_server/build --no-deps symlink_data --force
