[0.023s] Invoking command in '/home/orin/ros2_ws/build/diffbot_description': CMAKE_PREFIX_PATH=/opt/ros/humble /usr/bin/cmake --build /home/orin/ros2_ws/build/diffbot_description -- -j6 -l6
[0.114s] Invoked command in '/home/orin/ros2_ws/build/diffbot_description' returned '0': CMAKE_PREFIX_PATH=/opt/ros/humble /usr/bin/cmake --build /home/orin/ros2_ws/build/diffbot_description -- -j6 -l6
[0.149s] Invoking command in '/home/orin/ros2_ws/build/diffbot_description': CMAKE_PREFIX_PATH=/opt/ros/humble /usr/bin/cmake --install /home/orin/ros2_ws/build/diffbot_description
[0.172s] -- Install configuration: ""
[0.173s] -- Up-to-date: /home/orin/ros2_ws/install/diffbot_description/share/ament_index/resource_index/package_run_dependencies/diffbot_description
[0.173s] -- Up-to-date: /home/orin/ros2_ws/install/diffbot_description/share/ament_index/resource_index/parent_prefix_path/diffbot_description
[0.173s] -- Up-to-date: /home/orin/ros2_ws/install/diffbot_description/share/diffbot_description/environment/ament_prefix_path.sh
[0.175s] -- Up-to-date: /home/orin/ros2_ws/install/diffbot_description/share/diffbot_description/environment/ament_prefix_path.dsv
[0.175s] -- Up-to-date: /home/orin/ros2_ws/install/diffbot_description/share/diffbot_description/environment/path.sh
[0.175s] -- Up-to-date: /home/orin/ros2_ws/install/diffbot_description/share/diffbot_description/environment/path.dsv
[0.176s] -- Up-to-date: /home/orin/ros2_ws/install/diffbot_description/share/diffbot_description/local_setup.bash
[0.176s] -- Up-to-date: /home/orin/ros2_ws/install/diffbot_description/share/diffbot_description/local_setup.sh
[0.176s] -- Up-to-date: /home/orin/ros2_ws/install/diffbot_description/share/diffbot_description/local_setup.zsh
[0.176s] -- Up-to-date: /home/orin/ros2_ws/install/diffbot_description/share/diffbot_description/local_setup.dsv
[0.176s] -- Up-to-date: /home/orin/ros2_ws/install/diffbot_description/share/diffbot_description/package.dsv
[0.176s] -- Up-to-date: /home/orin/ros2_ws/install/diffbot_description/share/ament_index/resource_index/packages/diffbot_description
[0.176s] -- Up-to-date: /home/orin/ros2_ws/install/diffbot_description/share/diffbot_description/cmake/diffbot_descriptionConfig.cmake
[0.177s] -- Up-to-date: /home/orin/ros2_ws/install/diffbot_description/share/diffbot_description/cmake/diffbot_descriptionConfig-version.cmake
[0.177s] -- Up-to-date: /home/orin/ros2_ws/install/diffbot_description/share/diffbot_description/package.xml
[0.180s] Invoked command in '/home/orin/ros2_ws/build/diffbot_description' returned '0': CMAKE_PREFIX_PATH=/opt/ros/humble /usr/bin/cmake --install /home/orin/ros2_ws/build/diffbot_description
