[0.819s] Invoking command in '/home/orin/ros2_ws/build/image_geometry': CMAKE_PREFIX_PATH=/opt/ros/humble /usr/bin/cmake /home/orin/ros2_ws/src/vision_opencv/image_geometry -DCMAKE_BUILD_TYPE=Release -DAMENT_CMAKE_SYMLINK_INSTALL=1 -DCMAKE_INSTALL_PREFIX=/home/orin/ros2_ws/install/image_geometry
[1.050s] -- The C compiler identification is GNU 11.4.0
[1.218s] -- The CXX compiler identification is GNU 11.4.0
[1.240s] -- Detecting C compiler ABI info
[1.471s] -- Detecting C compiler ABI info - done
[1.493s] -- Check for working C compiler: /usr/bin/cc - skipped
[1.494s] -- Detecting C compile features
[1.494s] -- Detecting C compile features - done
[1.501s] -- Detecting CXX compiler ABI info
[1.743s] -- Detecting CXX compiler ABI info - done
[1.758s] -- Check for working CXX compiler: /usr/bin/c++ - skipped
[1.760s] -- Detecting CXX compile features
[1.761s] -- Detecting CXX compile features - done
[1.770s] -- Found ament_cmake_python: 1.3.10 (/opt/ros/humble/share/ament_cmake_python/cmake)
[1.786s] -- Found ament_cmake_ros: 0.10.0 (/opt/ros/humble/share/ament_cmake_ros/cmake)
[2.884s] -- Found Python3: /usr/bin/python3 (found version "3.10.12") found components: Interpreter 
[3.139s] -- Override CMake install command with custom implementation using symlinks instead of copying resources
[3.854s] -- Looking for pthread.h
[4.091s] -- Looking for pthread.h - found
[4.092s] -- Performing Test CMAKE_HAVE_LIBC_PTHREAD
[4.312s] -- Performing Test CMAKE_HAVE_LIBC_PTHREAD - Success
[4.313s] -- Found Threads: TRUE  
[4.384s] -- Found CUDA: /usr/local/cuda (found suitable exact version "12.2") 
[4.429s] -- Found OpenCV: /usr (found version "4.10.0") found components: calib3d core highgui imgproc 
[4.432s] -- Found sensor_msgs: 4.2.4 (/opt/ros/humble/share/sensor_msgs/cmake)
[4.504s] -- Found rosidl_generator_c: 3.1.5 (/opt/ros/humble/share/rosidl_generator_c/cmake)
[4.511s] -- Found rosidl_adapter: 3.1.5 (/opt/ros/humble/share/rosidl_adapter/cmake)
[4.533s] -- Found rosidl_generator_cpp: 3.1.5 (/opt/ros/humble/share/rosidl_generator_cpp/cmake)
[4.562s] -- Using all available rosidl_typesupport_c: rosidl_typesupport_fastrtps_c;rosidl_typesupport_introspection_c
[4.600s] -- Using all available rosidl_typesupport_cpp: rosidl_typesupport_fastrtps_cpp;rosidl_typesupport_introspection_cpp
[8.157s] -- Found gtest sources under '/opt/ros/humble/src/gtest_vendor': C++ tests using 'Google Test' will be built
[8.443s] -- Configuring done
[8.507s] -- Generating done
[8.507s] -- Build files have been written to: /home/orin/ros2_ws/build/image_geometry
[8.571s] Invoked command in '/home/orin/ros2_ws/build/image_geometry' returned '0': CMAKE_PREFIX_PATH=/opt/ros/humble /usr/bin/cmake /home/orin/ros2_ws/src/vision_opencv/image_geometry -DCMAKE_BUILD_TYPE=Release -DAMENT_CMAKE_SYMLINK_INSTALL=1 -DCMAKE_INSTALL_PREFIX=/home/orin/ros2_ws/install/image_geometry
[8.572s] Invoking command in '/home/orin/ros2_ws/build/image_geometry': CMAKE_PREFIX_PATH=/opt/ros/humble /usr/bin/cmake --build /home/orin/ros2_ws/build/image_geometry
[8.790s] [  0%] Built target ament_cmake_python_symlink_image_geometry
[8.796s] [  9%] [32mBuilding CXX object CMakeFiles/image_geometry.dir/src/stereo_camera_model.cpp.o[0m
[8.811s] [ 18%] [32mBuilding CXX object CMakeFiles/image_geometry.dir/src/pinhole_camera_model.cpp.o[0m
[8.850s] [ 27%] [32mBuilding CXX object gtest/CMakeFiles/gtest.dir/src/gtest-all.cc.o[0m
[8.851s] [ 36%] [32mBuilding CXX object gtest/CMakeFiles/gtest_main.dir/src/gtest_main.cc.o[0m
[10.330s] running egg_info
[10.331s] creating image_geometry.egg-info
[10.419s] writing image_geometry.egg-info/PKG-INFO
[10.421s] writing dependency_links to image_geometry.egg-info/dependency_links.txt
[10.426s] writing top-level names to image_geometry.egg-info/top_level.txt
[10.427s] writing manifest file 'image_geometry.egg-info/SOURCES.txt'
[10.687s] reading manifest file 'image_geometry.egg-info/SOURCES.txt'
[10.690s] writing manifest file 'image_geometry.egg-info/SOURCES.txt'
[10.902s] [ 36%] Built target ament_cmake_python_build_image_geometry_egg
[20.881s] [ 45%] [32m[1mLinking CXX static library libgtest_main.a[0m
[21.675s] [ 45%] Built target gtest_main
[30.299s] [ 54%] [32m[1mLinking CXX shared library libimage_geometry.so[0m
[31.336s] [ 54%] Built target image_geometry
[75.572s] [ 63%] [32m[1mLinking CXX static library libgtest.a[0m
[76.051s] [ 63%] Built target gtest
[76.280s] [ 72%] [32mBuilding CXX object test/CMakeFiles/image_geometry-utest.dir/utest.cpp.o[0m
[76.294s] [ 81%] [32mBuilding CXX object test/CMakeFiles/image_geometry-utest-equi.dir/utest_equi.cpp.o[0m
[102.567s] [ 90%] [32m[1mLinking CXX executable image_geometry-utest-equi[0m
[104.158s] [ 90%] Built target image_geometry-utest-equi
[104.803s] [100%] [32m[1mLinking CXX executable image_geometry-utest[0m
[106.275s] [100%] Built target image_geometry-utest
[106.726s] Invoked command in '/home/orin/ros2_ws/build/image_geometry' returned '0': CMAKE_PREFIX_PATH=/opt/ros/humble /usr/bin/cmake --build /home/orin/ros2_ws/build/image_geometry
[107.360s] Invoking command in '/home/orin/ros2_ws/build/image_geometry': CMAKE_PREFIX_PATH=/opt/ros/humble /usr/bin/cmake --install /home/orin/ros2_ws/build/image_geometry
[131.518s] -- Install configuration: "Release"
[131.523s] -- Execute custom install script
[131.523s] -- Symlinking: /home/orin/ros2_ws/install/image_geometry/share/image_geometry/environment/pythonpath.sh
[131.523s] -- Symlinking: /home/orin/ros2_ws/install/image_geometry/share/image_geometry/environment/pythonpath.dsv
[131.523s] -- Symlinking: /home/orin/ros2_ws/install/image_geometry/local/lib/python3.10/dist-packages/image_geometry-4.1.0-py3.10.egg-info/PKG-INFO
[131.523s] -- Symlinking: /home/orin/ros2_ws/install/image_geometry/local/lib/python3.10/dist-packages/image_geometry-4.1.0-py3.10.egg-info/SOURCES.txt
[131.523s] -- Symlinking: /home/orin/ros2_ws/install/image_geometry/local/lib/python3.10/dist-packages/image_geometry-4.1.0-py3.10.egg-info/dependency_links.txt
[131.524s] -- Symlinking: /home/orin/ros2_ws/install/image_geometry/local/lib/python3.10/dist-packages/image_geometry-4.1.0-py3.10.egg-info/top_level.txt
[131.524s] -- Symlinking: /home/orin/ros2_ws/install/image_geometry/local/lib/python3.10/dist-packages/image_geometry/__init__.py
[131.524s] -- Symlinking: /home/orin/ros2_ws/install/image_geometry/local/lib/python3.10/dist-packages/image_geometry/cameramodels.py
[131.524s] -- Symlinking: /home/orin/ros2_ws/install/image_geometry/include/image_geometry/image_geometry/pinhole_camera_model.hpp
[131.524s] -- Symlinking: /home/orin/ros2_ws/install/image_geometry/include/image_geometry/image_geometry/stereo_camera_model.hpp
[131.524s] -- Symlinking: /home/orin/ros2_ws/install/image_geometry/include/image_geometry/image_geometry/visibility_control.hpp
[131.524s] -- Symlinking: /home/orin/ros2_ws/install/image_geometry/share/ament_index/resource_index/package_run_dependencies/image_geometry
[131.525s] -- Symlinking: /home/orin/ros2_ws/install/image_geometry/share/ament_index/resource_index/parent_prefix_path/image_geometry
[131.525s] -- Symlinking: /home/orin/ros2_ws/install/image_geometry/share/image_geometry/environment/ament_prefix_path.sh
[131.525s] -- Symlinking: /home/orin/ros2_ws/install/image_geometry/share/image_geometry/environment/ament_prefix_path.dsv
[131.525s] -- Symlinking: /home/orin/ros2_ws/install/image_geometry/share/image_geometry/environment/path.sh
[131.525s] -- Symlinking: /home/orin/ros2_ws/install/image_geometry/share/image_geometry/environment/path.dsv
[131.525s] -- Symlinking: /home/orin/ros2_ws/install/image_geometry/share/image_geometry/local_setup.bash
[131.525s] -- Symlinking: /home/orin/ros2_ws/install/image_geometry/share/image_geometry/local_setup.sh
[131.525s] -- Symlinking: /home/orin/ros2_ws/install/image_geometry/share/image_geometry/local_setup.zsh
[131.526s] -- Symlinking: /home/orin/ros2_ws/install/image_geometry/share/image_geometry/local_setup.dsv
[131.526s] -- Symlinking: /home/orin/ros2_ws/install/image_geometry/share/image_geometry/package.dsv
[131.526s] -- Symlinking: /home/orin/ros2_ws/install/image_geometry/share/ament_index/resource_index/packages/image_geometry
[131.530s] -- Symlinking: /home/orin/ros2_ws/install/image_geometry/share/image_geometry/cmake/ament_cmake_export_targets-extras.cmake
[131.531s] -- Symlinking: /home/orin/ros2_ws/install/image_geometry/share/image_geometry/cmake/ament_cmake_export_dependencies-extras.cmake
[131.531s] -- Symlinking: /home/orin/ros2_ws/install/image_geometry/share/image_geometry/cmake/image_geometryConfig.cmake
[131.531s] -- Symlinking: /home/orin/ros2_ws/install/image_geometry/share/image_geometry/cmake/image_geometryConfig-version.cmake
[131.531s] -- Symlinking: /home/orin/ros2_ws/install/image_geometry/share/image_geometry/package.xml
[131.532s] Listing '/home/orin/ros2_ws/install/image_geometry/local/lib/python3.10/dist-packages/image_geometry'...
[131.532s] Compiling '/home/orin/ros2_ws/install/image_geometry/local/lib/python3.10/dist-packages/image_geometry/__init__.py'...
[131.532s] Compiling '/home/orin/ros2_ws/install/image_geometry/local/lib/python3.10/dist-packages/image_geometry/cameramodels.py'...
[131.532s] -- Installing: /home/orin/ros2_ws/install/image_geometry/lib/libimage_geometry.so
[131.532s] -- Set runtime path of "/home/orin/ros2_ws/install/image_geometry/lib/libimage_geometry.so" to ""
[131.532s] -- Installing: /home/orin/ros2_ws/install/image_geometry/share/image_geometry/cmake/export_image_geometryExport.cmake
[131.532s] -- Installing: /home/orin/ros2_ws/install/image_geometry/share/image_geometry/cmake/export_image_geometryExport-release.cmake
[131.535s] Invoked command in '/home/orin/ros2_ws/build/image_geometry' returned '0': CMAKE_PREFIX_PATH=/opt/ros/humble /usr/bin/cmake --install /home/orin/ros2_ws/build/image_geometry
