[4.853s] Invoking command in '/home/orin/ros2_ws/src/hcsr04_sensor': PYTHONPATH=/home/orin/ros2_ws/build/hcsr04_sensor/prefix_override:/usr/lib/python3/dist-packages/colcon_core/task/python/colcon_distutils_commands:/home/orin/ros2_ws/install/hcsr04_sensor/lib/python3.10/site-packages:${PYTHONPATH} /usr/bin/python3 -W ignore:setup.py install is deprecated -W ignore:easy_install command is deprecated setup.py egg_info --egg-base ../../build/hcsr04_sensor build --build-base /home/orin/ros2_ws/build/hcsr04_sensor/build install --record /home/orin/ros2_ws/build/hcsr04_sensor/install.log --single-version-externally-managed install_data
[5.624s] /home/orin/.local/lib/python3.10/site-packages/setuptools/_distutils/dist.py:261: UserWarning: Unknown distribution option: 'tests_require'
[5.625s]   warnings.warn(msg)
[5.980s] running egg_info
[6.038s] writing ../../build/hcsr04_sensor/hcsr04_sensor.egg-info/PKG-INFO
[6.039s] writing dependency_links to ../../build/hcsr04_sensor/hcsr04_sensor.egg-info/dependency_links.txt
[6.040s] writing entry points to ../../build/hcsr04_sensor/hcsr04_sensor.egg-info/entry_points.txt
[6.041s] writing requirements to ../../build/hcsr04_sensor/hcsr04_sensor.egg-info/requires.txt
[6.042s] writing top-level names to ../../build/hcsr04_sensor/hcsr04_sensor.egg-info/top_level.txt
[6.190s] reading manifest file '../../build/hcsr04_sensor/hcsr04_sensor.egg-info/SOURCES.txt'
[6.192s] writing manifest file '../../build/hcsr04_sensor/hcsr04_sensor.egg-info/SOURCES.txt'
[6.204s] running build
[6.204s] running build_py
[6.204s] copying hcsr04_sensor/__init__.py -> /home/orin/ros2_ws/build/hcsr04_sensor/build/lib/hcsr04_sensor
[6.204s] copying hcsr04_sensor/hcsr04_subscriber.py -> /home/orin/ros2_ws/build/hcsr04_sensor/build/lib/hcsr04_sensor
[6.205s] copying hcsr04_sensor/hcsr04_publisher.py -> /home/orin/ros2_ws/build/hcsr04_sensor/build/lib/hcsr04_sensor
[6.205s] running install
[6.213s] running install_lib
[6.290s] running install_data
[6.291s] copying resource/hcsr04_sensor -> /home/orin/ros2_ws/install/hcsr04_sensor/share/ament_index/resource_index/packages
[6.291s] copying package.xml -> /home/orin/ros2_ws/install/hcsr04_sensor/share/hcsr04_sensor
[6.291s] running install_egg_info
[6.388s] removing '/home/orin/ros2_ws/install/hcsr04_sensor/lib/python3.10/site-packages/hcsr04_sensor-0.0.0-py3.10.egg-info' (and everything under it)
[6.396s] Copying ../../build/hcsr04_sensor/hcsr04_sensor.egg-info to /home/orin/ros2_ws/install/hcsr04_sensor/lib/python3.10/site-packages/hcsr04_sensor-0.0.0-py3.10.egg-info
[6.397s] running install_scripts
[7.026s] Installing hcsr04_publisher script to /home/orin/ros2_ws/install/hcsr04_sensor/lib/hcsr04_sensor
[7.049s] writing list of installed files to '/home/orin/ros2_ws/build/hcsr04_sensor/install.log'
[7.168s] Invoked command in '/home/orin/ros2_ws/src/hcsr04_sensor' returned '0': PYTHONPATH=/home/orin/ros2_ws/build/hcsr04_sensor/prefix_override:/usr/lib/python3/dist-packages/colcon_core/task/python/colcon_distutils_commands:/home/orin/ros2_ws/install/hcsr04_sensor/lib/python3.10/site-packages:${PYTHONPATH} /usr/bin/python3 -W ignore:setup.py install is deprecated -W ignore:easy_install command is deprecated setup.py egg_info --egg-base ../../build/hcsr04_sensor build --build-base /home/orin/ros2_ws/build/hcsr04_sensor/build install --record /home/orin/ros2_ws/build/hcsr04_sensor/install.log --single-version-externally-managed install_data
