[0.103s] Invoking command in '/home/orin/ros2_ws/build/examples_rclcpp_wait_set': CMAKE_PREFIX_PATH=/opt/ros/humble /usr/bin/cmake /home/orin/ros2_ws/src/examples/rclcpp/wait_set -DCMAKE_INSTALL_PREFIX=/home/orin/ros2_ws/install/examples_rclcpp_wait_set
[0.145s] -- Found ament_cmake: 1.3.11 (/opt/ros/humble/share/ament_cmake/cmake)
[0.489s] -- Override CMake install command with custom implementation using symlinks instead of copying resources
[0.509s] -- Found example_interfaces: 0.9.3 (/opt/ros/humble/share/example_interfaces/cmake)
[0.575s] -- Found rosidl_generator_c: 3.1.6 (/opt/ros/humble/share/rosidl_generator_c/cmake)
[0.581s] -- Found rosidl_adapter: 3.1.6 (/opt/ros/humble/share/rosidl_adapter/cmake)
[0.594s] -- Found rosidl_generator_cpp: 3.1.6 (/opt/ros/humble/share/rosidl_generator_cpp/cmake)
[0.617s] -- Using all available rosidl_typesupport_c: rosidl_typesupport_fastrtps_c;rosidl_typesupport_introspection_c
[0.662s] -- Using all available rosidl_typesupport_cpp: rosidl_typesupport_fastrtps_cpp;rosidl_typesupport_introspection_cpp
[0.771s] -- Found rclcpp: 16.0.11 (/opt/ros/humble/share/rclcpp/cmake)
[0.830s] -- Found rmw_implementation_cmake: 6.1.2 (/opt/ros/humble/share/rmw_implementation_cmake/cmake)
[0.838s] -- Found rmw_fastrtps_cpp: 6.2.7 (/opt/ros/humble/share/rmw_fastrtps_cpp/cmake)
[1.136s] -- Using RMW implementation 'rmw_fastrtps_cpp' as default
[1.254s] -- Found rclcpp_components: 16.0.11 (/opt/ros/humble/share/rclcpp_components/cmake)
[1.315s] -- Found ament_lint_auto: 0.12.11 (/opt/ros/humble/share/ament_lint_auto/cmake)
[1.808s] -- Added test 'copyright' to check source files copyright and LICENSE
[1.814s] -- Added test 'cppcheck' to perform static code analysis on C / C++ code
[1.815s] -- Configured cppcheck include dirs: /home/orin/ros2_ws/src/examples/rclcpp/wait_set/include
[1.818s] -- Configured cppcheck exclude dirs and/or files: 
[1.818s] -- Added test 'cpplint' to check C / C++ code against the Google style
[1.818s] -- Configured cpplint exclude dirs and/or files: 
[1.820s] -- Added test 'lint_cmake' to check CMake code style
[1.824s] -- Added test 'uncrustify' to check C / C++ code style
[1.824s] -- Configured uncrustify additional arguments: 
[1.825s] -- Added test 'xmllint' to check XML markup files
[1.830s] -- Configuring done
[2.051s] -- Generating done
[2.102s] -- Build files have been written to: /home/orin/ros2_ws/build/examples_rclcpp_wait_set
[2.138s] Invoked command in '/home/orin/ros2_ws/build/examples_rclcpp_wait_set' returned '0': CMAKE_PREFIX_PATH=/opt/ros/humble /usr/bin/cmake /home/orin/ros2_ws/src/examples/rclcpp/wait_set -DCMAKE_INSTALL_PREFIX=/home/orin/ros2_ws/install/examples_rclcpp_wait_set
[2.139s] Invoking command in '/home/orin/ros2_ws/build/examples_rclcpp_wait_set': CMAKE_PREFIX_PATH=/opt/ros/humble /usr/bin/cmake --build /home/orin/ros2_ws/build/examples_rclcpp_wait_set -- -j6 -l6
[2.252s] [35m[1mConsolidate compiler generated dependencies of target talker[0m
[2.296s] [  4%] [32mBuilding CXX object CMakeFiles/talker.dir/src/talker.cpp.o[0m
[14.675s] [  8%] [32m[1mLinking CXX shared library libtalker.so[0m
[15.155s] [  8%] Built target talker
[15.184s] [35m[1mConsolidate compiler generated dependencies of target static_wait_set[0m
[15.225s] [ 12%] [32mBuilding CXX object CMakeFiles/static_wait_set.dir/src/static_wait_set.cpp.o[0m
[37.937s] [ 16%] [32m[1mLinking CXX executable static_wait_set[0m
[38.843s] [ 16%] Built target static_wait_set
[38.888s] [35m[1mConsolidate compiler generated dependencies of target thread_safe_wait_set[0m
[38.928s] [ 20%] [32mBuilding CXX object CMakeFiles/thread_safe_wait_set.dir/src/thread_safe_wait_set.cpp.o[0m
[62.966s] [ 25%] [32m[1mLinking CXX executable thread_safe_wait_set[0m
[64.020s] [ 25%] Built target thread_safe_wait_set
[64.045s] [35m[1mConsolidate compiler generated dependencies of target wait_set_topics_and_timer[0m
[64.082s] [ 29%] [32mBuilding CXX object CMakeFiles/wait_set_topics_and_timer.dir/src/wait_set_topics_and_timer.cpp.o[0m
[86.195s] [ 33%] [32m[1mLinking CXX executable wait_set_topics_and_timer[0m
[87.123s] [ 33%] Built target wait_set_topics_and_timer
[87.148s] [35m[1mConsolidate compiler generated dependencies of target wait_set_random_order[0m
[87.184s] [ 37%] [32mBuilding CXX object CMakeFiles/wait_set_random_order.dir/src/wait_set_random_order.cpp.o[0m
[110.333s] [ 41%] [32m[1mLinking CXX executable wait_set_random_order[0m
[111.353s] [ 41%] Built target wait_set_random_order
[111.379s] [35m[1mConsolidate compiler generated dependencies of target executor_random_order[0m
[111.417s] [ 45%] [32mBuilding CXX object CMakeFiles/executor_random_order.dir/src/executor_random_order.cpp.o[0m
[131.589s] [ 50%] [32m[1mLinking CXX executable executor_random_order[0m
[132.479s] [ 50%] Built target executor_random_order
[132.502s] [35m[1mConsolidate compiler generated dependencies of target wait_set_topics_with_different_rates[0m
[132.536s] [ 54%] [32mBuilding CXX object CMakeFiles/wait_set_topics_with_different_rates.dir/src/wait_set_topics_with_different_rates.cpp.o[0m
[154.270s] [ 58%] [32m[1mLinking CXX executable wait_set_topics_with_different_rates[0m
[155.230s] [ 58%] Built target wait_set_topics_with_different_rates
[155.256s] [35m[1mConsolidate compiler generated dependencies of target wait_set[0m
[155.291s] [ 62%] [32mBuilding CXX object CMakeFiles/wait_set.dir/src/wait_set.cpp.o[0m
[176.785s] [ 66%] [32m[1mLinking CXX executable wait_set[0m
[180.142s] [ 66%] Built target wait_set
[180.425s] [35m[1mConsolidate compiler generated dependencies of target wait_set_listener[0m
[180.460s] [ 70%] [32mBuilding CXX object CMakeFiles/wait_set_listener.dir/rclcpp_components/node_main_wait_set_listener.cpp.o[0m
[187.785s] [ 75%] [32m[1mLinking CXX executable wait_set_listener[0m
[188.068s] [ 75%] Built target wait_set_listener
[188.094s] [35m[1mConsolidate compiler generated dependencies of target listener[0m
[188.134s] [ 79%] [32mBuilding CXX object CMakeFiles/listener.dir/src/listener.cpp.o[0m
[209.654s] [ 83%] [32m[1mLinking CXX shared library liblistener.so[0m
[210.643s] [ 83%] Built target listener
[210.669s] [35m[1mConsolidate compiler generated dependencies of target wait_set_talker[0m
[210.707s] [ 87%] [32mBuilding CXX object CMakeFiles/wait_set_talker.dir/rclcpp_components/node_main_wait_set_talker.cpp.o[0m
[218.612s] [ 91%] [32m[1mLinking CXX executable wait_set_talker[0m
[218.890s] [ 91%] Built target wait_set_talker
[218.917s] [35m[1mConsolidate compiler generated dependencies of target wait_set_composed[0m
[218.952s] [ 95%] [32mBuilding CXX object CMakeFiles/wait_set_composed.dir/src/wait_set_composed.cpp.o[0m
[226.115s] [100%] [32m[1mLinking CXX executable wait_set_composed[0m
[226.626s] [100%] Built target wait_set_composed
[226.653s] Invoked command in '/home/orin/ros2_ws/build/examples_rclcpp_wait_set' returned '0': CMAKE_PREFIX_PATH=/opt/ros/humble /usr/bin/cmake --build /home/orin/ros2_ws/build/examples_rclcpp_wait_set -- -j6 -l6
[226.657s] Invoking command in '/home/orin/ros2_ws/build/examples_rclcpp_wait_set': CMAKE_PREFIX_PATH=/opt/ros/humble /usr/bin/cmake --install /home/orin/ros2_ws/build/examples_rclcpp_wait_set
[226.672s] -- Install configuration: ""
[226.673s] -- Execute custom install script
[226.675s] -- Up-to-date symlink: /home/orin/ros2_ws/install/examples_rclcpp_wait_set/lib/examples_rclcpp_wait_set/wait_set_talker
[226.676s] -- Up-to-date symlink: /home/orin/ros2_ws/install/examples_rclcpp_wait_set/lib/examples_rclcpp_wait_set/wait_set_listener
[226.676s] -- Up-to-date symlink: /home/orin/ros2_ws/install/examples_rclcpp_wait_set/lib/libtalker.so
[226.677s] -- Up-to-date symlink: /home/orin/ros2_ws/install/examples_rclcpp_wait_set/lib/liblistener.so
[226.678s] -- Up-to-date symlink: /home/orin/ros2_ws/install/examples_rclcpp_wait_set/lib/examples_rclcpp_wait_set/wait_set
[226.678s] -- Up-to-date symlink: /home/orin/ros2_ws/install/examples_rclcpp_wait_set/lib/examples_rclcpp_wait_set/static_wait_set
[226.679s] -- Up-to-date symlink: /home/orin/ros2_ws/install/examples_rclcpp_wait_set/lib/examples_rclcpp_wait_set/thread_safe_wait_set
[226.680s] -- Up-to-date symlink: /home/orin/ros2_ws/install/examples_rclcpp_wait_set/lib/examples_rclcpp_wait_set/wait_set_topics_and_timer
[226.681s] -- Up-to-date symlink: /home/orin/ros2_ws/install/examples_rclcpp_wait_set/lib/examples_rclcpp_wait_set/wait_set_random_order
[226.682s] -- Up-to-date symlink: /home/orin/ros2_ws/install/examples_rclcpp_wait_set/lib/examples_rclcpp_wait_set/executor_random_order
[226.682s] -- Up-to-date symlink: /home/orin/ros2_ws/install/examples_rclcpp_wait_set/lib/examples_rclcpp_wait_set/wait_set_topics_with_different_rates
[226.683s] -- Up-to-date symlink: /home/orin/ros2_ws/install/examples_rclcpp_wait_set/lib/examples_rclcpp_wait_set/wait_set_composed
[226.684s] -- Up-to-date symlink: /home/orin/ros2_ws/install/examples_rclcpp_wait_set/share/ament_index/resource_index/package_run_dependencies/examples_rclcpp_wait_set
[226.685s] -- Up-to-date symlink: /home/orin/ros2_ws/install/examples_rclcpp_wait_set/share/ament_index/resource_index/parent_prefix_path/examples_rclcpp_wait_set
[226.687s] -- Up-to-date symlink: /home/orin/ros2_ws/install/examples_rclcpp_wait_set/share/examples_rclcpp_wait_set/environment/ament_prefix_path.sh
[226.687s] -- Up-to-date symlink: /home/orin/ros2_ws/install/examples_rclcpp_wait_set/share/examples_rclcpp_wait_set/environment/ament_prefix_path.dsv
[226.688s] -- Up-to-date symlink: /home/orin/ros2_ws/install/examples_rclcpp_wait_set/share/examples_rclcpp_wait_set/environment/path.sh
[226.689s] -- Up-to-date symlink: /home/orin/ros2_ws/install/examples_rclcpp_wait_set/share/examples_rclcpp_wait_set/environment/path.dsv
[226.690s] -- Up-to-date symlink: /home/orin/ros2_ws/install/examples_rclcpp_wait_set/share/examples_rclcpp_wait_set/local_setup.bash
[226.690s] -- Up-to-date symlink: /home/orin/ros2_ws/install/examples_rclcpp_wait_set/share/examples_rclcpp_wait_set/local_setup.sh
[226.691s] -- Up-to-date symlink: /home/orin/ros2_ws/install/examples_rclcpp_wait_set/share/examples_rclcpp_wait_set/local_setup.zsh
[226.692s] -- Up-to-date symlink: /home/orin/ros2_ws/install/examples_rclcpp_wait_set/share/examples_rclcpp_wait_set/local_setup.dsv
[226.692s] -- Symlinking: /home/orin/ros2_ws/install/examples_rclcpp_wait_set/share/examples_rclcpp_wait_set/package.dsv
[226.711s] -- Up-to-date symlink: /home/orin/ros2_ws/install/examples_rclcpp_wait_set/share/ament_index/resource_index/packages/examples_rclcpp_wait_set
[226.712s] -- Up-to-date symlink: /home/orin/ros2_ws/install/examples_rclcpp_wait_set/share/ament_index/resource_index/rclcpp_components/examples_rclcpp_wait_set
[226.713s] -- Up-to-date symlink: /home/orin/ros2_ws/install/examples_rclcpp_wait_set/share/examples_rclcpp_wait_set/cmake/examples_rclcpp_wait_setConfig.cmake
[226.714s] -- Up-to-date symlink: /home/orin/ros2_ws/install/examples_rclcpp_wait_set/share/examples_rclcpp_wait_set/cmake/examples_rclcpp_wait_setConfig-version.cmake
[226.715s] -- Up-to-date symlink: /home/orin/ros2_ws/install/examples_rclcpp_wait_set/share/examples_rclcpp_wait_set/package.xml
[226.721s] Invoked command in '/home/orin/ros2_ws/build/examples_rclcpp_wait_set' returned '0': CMAKE_PREFIX_PATH=/opt/ros/humble /usr/bin/cmake --install /home/orin/ros2_ws/build/examples_rclcpp_wait_set
