running develop
/home/orin/.local/lib/python3.10/site-packages/setuptools/command/develop.py:41: EasyInstallDeprecationWarning: easy_install command is deprecated.
!!

        ********************************************************************************
        Please avoid running ``setup.py`` and ``easy_install``.
        Instead, use pypa/build, pypa/installer or other
        standards-based tools.

        See https://github.com/pypa/setuptools/issues/917 for details.
        ********************************************************************************

!!
  easy_install.initialize_options(self)
Removing /home/orin/ros2_ws/install/arduino_odometry/lib/python3.10/site-packages/arduino-odometry.egg-link (link to .)
running egg_info
writing ../../build/arduino_odometry/arduino_odometry.egg-info/PKG-INFO
writing dependency_links to ../../build/arduino_odometry/arduino_odometry.egg-info/dependency_links.txt
writing entry points to ../../build/arduino_odometry/arduino_odometry.egg-info/entry_points.txt
writing requirements to ../../build/arduino_odometry/arduino_odometry.egg-info/requires.txt
writing top-level names to ../../build/arduino_odometry/arduino_odometry.egg-info/top_level.txt
reading manifest file '../../build/arduino_odometry/arduino_odometry.egg-info/SOURCES.txt'
writing manifest file '../../build/arduino_odometry/arduino_odometry.egg-info/SOURCES.txt'
running build
running build_py
copying arduino_odometry/__init__.py -> /home/orin/ros2_ws/build/arduino_odometry/build/lib/arduino_odometry
copying arduino_odometry/arduino_odometry_node.py -> /home/orin/ros2_ws/build/arduino_odometry/build/lib/arduino_odometry
running install
running install_lib
creating /home/orin/ros2_ws/install/arduino_odometry/lib/python3.10/site-packages/arduino_odometry
copying /home/orin/ros2_ws/build/arduino_odometry/build/lib/arduino_odometry/__init__.py -> /home/orin/ros2_ws/install/arduino_odometry/lib/python3.10/site-packages/arduino_odometry
copying /home/orin/ros2_ws/build/arduino_odometry/build/lib/arduino_odometry/arduino_odometry_node.py -> /home/orin/ros2_ws/install/arduino_odometry/lib/python3.10/site-packages/arduino_odometry
byte-compiling /home/orin/ros2_ws/install/arduino_odometry/lib/python3.10/site-packages/arduino_odometry/__init__.py to __init__.cpython-310.pyc
byte-compiling /home/orin/ros2_ws/install/arduino_odometry/lib/python3.10/site-packages/arduino_odometry/arduino_odometry_node.py to arduino_odometry_node.cpython-310.pyc
running install_data
copying resource/arduino_odometry -> /home/orin/ros2_ws/install/arduino_odometry/share/ament_index/resource_index/packages
copying package.xml -> /home/orin/ros2_ws/install/arduino_odometry/share/arduino_odometry
running install_egg_info
Copying ../../build/arduino_odometry/arduino_odometry.egg-info to /home/orin/ros2_ws/install/arduino_odometry/lib/python3.10/site-packages/arduino_odometry-0.0.0-py3.10.egg-info
running install_scripts
Installing arduino_odometry_node script to /home/orin/ros2_ws/install/arduino_odometry/lib/arduino_odometry
writing list of installed files to '/home/orin/ros2_ws/build/arduino_odometry/install.log'
