[4.797s] Invoking command in '/home/orin/ros2_ws/build/arduino_odometry': PYTHONPATH=/home/orin/ros2_ws/build/arduino_odometry/prefix_override:/usr/lib/python3/dist-packages/colcon_core/task/python/colcon_distutils_commands:/home/orin/ros2_ws/install/arduino_odometry/lib/python3.10/site-packages:${PYTHONPATH} /usr/bin/python3 -W ignore:setup.py install is deprecated setup.py develop --uninstall --editable --build-directory /home/orin/ros2_ws/build/arduino_odometry/build
[6.866s] running develop
[6.866s] /home/orin/.local/lib/python3.10/site-packages/setuptools/command/develop.py:41: EasyInstallDeprecationWarning: easy_install command is deprecated.
[6.867s] !!
[6.867s] 
[6.867s]         ********************************************************************************
[6.867s]         Please avoid running ``setup.py`` and ``easy_install``.
[6.867s]         Instead, use pypa/build, pypa/installer or other
[6.867s]         standards-based tools.
[6.867s] 
[6.868s]         See https://github.com/pypa/setuptools/issues/917 for details.
[6.868s]         ********************************************************************************
[6.868s] 
[6.868s] !!
[6.868s]   easy_install.initialize_options(self)
[8.732s] Removing /home/orin/ros2_ws/install/arduino_odometry/lib/python3.10/site-packages/arduino-odometry.egg-link (link to .)
[9.063s] Invoked command in '/home/orin/ros2_ws/build/arduino_odometry' returned '0': PYTHONPATH=/home/orin/ros2_ws/build/arduino_odometry/prefix_override:/usr/lib/python3/dist-packages/colcon_core/task/python/colcon_distutils_commands:/home/orin/ros2_ws/install/arduino_odometry/lib/python3.10/site-packages:${PYTHONPATH} /usr/bin/python3 -W ignore:setup.py install is deprecated setup.py develop --uninstall --editable --build-directory /home/orin/ros2_ws/build/arduino_odometry/build
[9.065s] Invoking command in '/home/orin/ros2_ws/src/arduino_odometry': PYTHONPATH=/home/orin/ros2_ws/build/arduino_odometry/prefix_override:/usr/lib/python3/dist-packages/colcon_core/task/python/colcon_distutils_commands:/home/orin/ros2_ws/install/arduino_odometry/lib/python3.10/site-packages:${PYTHONPATH} /usr/bin/python3 -W ignore:setup.py install is deprecated setup.py egg_info --egg-base ../../build/arduino_odometry build --build-base /home/orin/ros2_ws/build/arduino_odometry/build install --record /home/orin/ros2_ws/build/arduino_odometry/install.log --single-version-externally-managed install_data --force
[10.644s] running egg_info
[10.807s] writing ../../build/arduino_odometry/arduino_odometry.egg-info/PKG-INFO
[10.815s] writing dependency_links to ../../build/arduino_odometry/arduino_odometry.egg-info/dependency_links.txt
[10.817s] writing entry points to ../../build/arduino_odometry/arduino_odometry.egg-info/entry_points.txt
[10.820s] writing requirements to ../../build/arduino_odometry/arduino_odometry.egg-info/requires.txt
[10.820s] writing top-level names to ../../build/arduino_odometry/arduino_odometry.egg-info/top_level.txt
[11.031s] reading manifest file '../../build/arduino_odometry/arduino_odometry.egg-info/SOURCES.txt'
[11.038s] writing manifest file '../../build/arduino_odometry/arduino_odometry.egg-info/SOURCES.txt'
[11.042s] running build
[11.043s] running build_py
[11.044s] copying arduino_odometry/__init__.py -> /home/orin/ros2_ws/build/arduino_odometry/build/lib/arduino_odometry
[11.057s] copying arduino_odometry/arduino_odometry_node.py -> /home/orin/ros2_ws/build/arduino_odometry/build/lib/arduino_odometry
[11.058s] running install
[11.078s] running install_lib
[11.140s] creating /home/orin/ros2_ws/install/arduino_odometry/lib/python3.10/site-packages/arduino_odometry
[11.142s] copying /home/orin/ros2_ws/build/arduino_odometry/build/lib/arduino_odometry/__init__.py -> /home/orin/ros2_ws/install/arduino_odometry/lib/python3.10/site-packages/arduino_odometry
[11.142s] copying /home/orin/ros2_ws/build/arduino_odometry/build/lib/arduino_odometry/arduino_odometry_node.py -> /home/orin/ros2_ws/install/arduino_odometry/lib/python3.10/site-packages/arduino_odometry
[11.156s] byte-compiling /home/orin/ros2_ws/install/arduino_odometry/lib/python3.10/site-packages/arduino_odometry/__init__.py to __init__.cpython-310.pyc
[11.157s] byte-compiling /home/orin/ros2_ws/install/arduino_odometry/lib/python3.10/site-packages/arduino_odometry/arduino_odometry_node.py to arduino_odometry_node.cpython-310.pyc
[11.165s] running install_data
[11.166s] copying resource/arduino_odometry -> /home/orin/ros2_ws/install/arduino_odometry/share/ament_index/resource_index/packages
[11.166s] copying package.xml -> /home/orin/ros2_ws/install/arduino_odometry/share/arduino_odometry
[11.179s] running install_egg_info
[11.330s] Copying ../../build/arduino_odometry/arduino_odometry.egg-info to /home/orin/ros2_ws/install/arduino_odometry/lib/python3.10/site-packages/arduino_odometry-0.0.0-py3.10.egg-info
[11.333s] running install_scripts
[11.963s] Installing arduino_odometry_node script to /home/orin/ros2_ws/install/arduino_odometry/lib/arduino_odometry
[11.988s] writing list of installed files to '/home/orin/ros2_ws/build/arduino_odometry/install.log'
[12.452s] Invoked command in '/home/orin/ros2_ws/src/arduino_odometry' returned '0': PYTHONPATH=/home/orin/ros2_ws/build/arduino_odometry/prefix_override:/usr/lib/python3/dist-packages/colcon_core/task/python/colcon_distutils_commands:/home/orin/ros2_ws/install/arduino_odometry/lib/python3.10/site-packages:${PYTHONPATH} /usr/bin/python3 -W ignore:setup.py install is deprecated setup.py egg_info --egg-base ../../build/arduino_odometry build --build-base /home/orin/ros2_ws/build/arduino_odometry/build install --record /home/orin/ros2_ws/build/arduino_odometry/install.log --single-version-externally-managed install_data --force
