[10.562s] Invoking command in '/home/orin/ros2_ws/build/hcsr04_sensor': PYTHONPATH=/home/orin/ros2_ws/build/hcsr04_sensor/prefix_override:/usr/lib/python3/dist-packages/colcon_core/task/python/colcon_distutils_commands:/home/orin/ros2_ws/install/hcsr04_sensor/lib/python3.10/site-packages:${PYTHONPATH} /usr/bin/python3 -W ignore:setup.py install is deprecated setup.py develop --editable --build-directory /home/orin/ros2_ws/build/hcsr04_sensor/build --no-deps symlink_data --force
[12.240s] /home/orin/.local/lib/python3.10/site-packages/setuptools/_distutils/dist.py:261: UserWarning: Unknown distribution option: 'tests_require'
[12.241s]   warnings.warn(msg)
[14.874s] running develop
[14.874s] /home/orin/.local/lib/python3.10/site-packages/setuptools/command/develop.py:41: EasyInstallDeprecationWarning: easy_install command is deprecated.
[14.881s] !!
[14.883s] 
[14.883s]         ********************************************************************************
[14.884s]         Please avoid running ``setup.py`` and ``easy_install``.
[14.884s]         Instead, use pypa/build, pypa/installer or other
[14.884s]         standards-based tools.
[14.884s] 
[14.884s]         See https://github.com/pypa/setuptools/issues/917 for details.
[14.884s]         ********************************************************************************
[14.884s] 
[14.885s] !!
[14.885s]   easy_install.initialize_options(self)
[17.030s] running egg_info
[17.230s] writing hcsr04_sensor.egg-info/PKG-INFO
[17.255s] writing dependency_links to hcsr04_sensor.egg-info/dependency_links.txt
[17.264s] writing entry points to hcsr04_sensor.egg-info/entry_points.txt
[17.268s] writing requirements to hcsr04_sensor.egg-info/requires.txt
[17.276s] writing top-level names to hcsr04_sensor.egg-info/top_level.txt
[17.705s] reading manifest file 'hcsr04_sensor.egg-info/SOURCES.txt'
[17.718s] writing manifest file 'hcsr04_sensor.egg-info/SOURCES.txt'
[17.912s] running build_ext
[17.914s] Creating /home/orin/ros2_ws/install/hcsr04_sensor/lib/python3.10/site-packages/hcsr04-sensor.egg-link (link to .)
[17.918s] Installing hcsr04_publisher script to /home/orin/ros2_ws/install/hcsr04_sensor/lib/hcsr04_sensor
[17.919s] 
[17.920s] Installed /home/orin/ros2_ws/build/hcsr04_sensor
[17.920s] running symlink_data
[17.922s] symbolically linking /home/orin/ros2_ws/build/hcsr04_sensor/resource/hcsr04_sensor -> /home/orin/ros2_ws/install/hcsr04_sensor/share/ament_index/resource_index/packages
[17.927s] symbolically linking /home/orin/ros2_ws/build/hcsr04_sensor/package.xml -> /home/orin/ros2_ws/install/hcsr04_sensor/share/hcsr04_sensor
[18.436s] Invoked command in '/home/orin/ros2_ws/build/hcsr04_sensor' returned '0': PYTHONPATH=/home/orin/ros2_ws/build/hcsr04_sensor/prefix_override:/usr/lib/python3/dist-packages/colcon_core/task/python/colcon_distutils_commands:/home/orin/ros2_ws/install/hcsr04_sensor/lib/python3.10/site-packages:${PYTHONPATH} /usr/bin/python3 -W ignore:setup.py install is deprecated setup.py develop --editable --build-directory /home/orin/ros2_ws/build/hcsr04_sensor/build --no-deps symlink_data --force
