[4.134s] Invoking command in '/home/orin/ros2_ws/build/examples_rclpy_minimal_client': PYTHONPATH=/home/orin/ros2_ws/build/examples_rclpy_minimal_client/prefix_override:/usr/lib/python3/dist-packages/colcon_core/task/python/colcon_distutils_commands:/home/orin/ros2_ws/install/examples_rclpy_minimal_client/lib/python3.10/site-packages:${PYTHONPATH} /usr/bin/python3 -W ignore:setup.py install is deprecated -W ignore:easy_install command is deprecated setup.py develop --editable --build-directory /home/orin/ros2_ws/build/examples_rclpy_minimal_client/build --no-deps symlink_data
[4.671s] /home/orin/.local/lib/python3.10/site-packages/setuptools/_distutils/dist.py:261: UserWarning: Unknown distribution option: 'tests_require'
[4.671s]   warnings.warn(msg)
[5.277s] running develop
[6.062s] running egg_info
[6.154s] writing examples_rclpy_minimal_client.egg-info/PKG-INFO
[6.156s] writing dependency_links to examples_rclpy_minimal_client.egg-info/dependency_links.txt
[6.156s] writing entry points to examples_rclpy_minimal_client.egg-info/entry_points.txt
[6.158s] writing requirements to examples_rclpy_minimal_client.egg-info/requires.txt
[6.158s] writing top-level names to examples_rclpy_minimal_client.egg-info/top_level.txt
[6.279s] reading manifest file 'examples_rclpy_minimal_client.egg-info/SOURCES.txt'
[6.279s] writing manifest file 'examples_rclpy_minimal_client.egg-info/SOURCES.txt'
[6.384s] running build_ext
[6.386s] Creating /home/orin/ros2_ws/install/examples_rclpy_minimal_client/lib/python3.10/site-packages/examples-rclpy-minimal-client.egg-link (link to .)
[6.387s] Installing client script to /home/orin/ros2_ws/install/examples_rclpy_minimal_client/lib/examples_rclpy_minimal_client
[6.394s] Installing client_async script to /home/orin/ros2_ws/install/examples_rclpy_minimal_client/lib/examples_rclpy_minimal_client
[6.395s] Installing client_async_callback script to /home/orin/ros2_ws/install/examples_rclpy_minimal_client/lib/examples_rclpy_minimal_client
[6.399s] Installing client_async_member_function script to /home/orin/ros2_ws/install/examples_rclpy_minimal_client/lib/examples_rclpy_minimal_client
[6.399s] 
[6.399s] Installed /home/orin/ros2_ws/build/examples_rclpy_minimal_client
[6.399s] running symlink_data
[6.586s] Invoked command in '/home/orin/ros2_ws/build/examples_rclpy_minimal_client' returned '0': PYTHONPATH=/home/orin/ros2_ws/build/examples_rclpy_minimal_client/prefix_override:/usr/lib/python3/dist-packages/colcon_core/task/python/colcon_distutils_commands:/home/orin/ros2_ws/install/examples_rclpy_minimal_client/lib/python3.10/site-packages:${PYTHONPATH} /usr/bin/python3 -W ignore:setup.py install is deprecated -W ignore:easy_install command is deprecated setup.py develop --editable --build-directory /home/orin/ros2_ws/build/examples_rclpy_minimal_client/build --no-deps symlink_data
