[0.585s] [34mcolcon[0m [1;30mDEBUG[0m [32mCommand line arguments: ['/usr/bin/colcon', 'build'][0m
[0.586s] [34mcolcon[0m [1;30mDEBUG[0m [32mParsed command line arguments: Namespace(log_base=None, log_level=None, verb_name='build', build_base='build', install_base='install', merge_install=False, symlink_install=False, test_result_base=None, continue_on_error=False, executor='parallel', parallel_workers=6, event_handlers=None, ignore_user_meta=False, metas=['./colcon.meta'], base_paths=['.'], packages_ignore=None, packages_ignore_regex=None, paths=None, packages_up_to=None, packages_up_to_regex=None, packages_above=None, packages_above_and_dependencies=None, packages_above_depth=None, packages_select_by_dep=None, packages_skip_by_dep=None, packages_skip_up_to=None, packages_select_build_failed=False, packages_skip_build_finished=False, packages_select_test_failures=False, packages_skip_test_passed=False, packages_select=None, packages_skip=None, packages_select_regex=None, packages_skip_regex=None, packages_start=None, packages_end=None, allow_overriding=[], cmake_args=None, cmake_target=None, cmake_target_skip_unavailable=False, cmake_clean_cache=False, cmake_clean_first=False, cmake_force_configure=False, ament_cmake_args=None, catkin_cmake_args=None, catkin_skip_building_tests=False, mixin_files=None, mixin=None, verb_parser=<colcon_mixin.mixin.mixin_argument.MixinArgumentDecorator object at 0xffffa80a3970>, verb_extension=<colcon_core.verb.build.BuildVerb object at 0xffffa80a2fb0>, main=<bound method BuildVerb.main of <colcon_core.verb.build.BuildVerb object at 0xffffa80a2fb0>>, mixin_verb=('build',))[0m
[0.916s] [34mcolcon.colcon_core.package_discovery[0m [1;30mLevel 1[0m discover_packages(colcon_meta) check parameters
[0.916s] [34mcolcon.colcon_core.package_discovery[0m [1;30mLevel 1[0m discover_packages(recursive) check parameters
[0.916s] [34mcolcon.colcon_core.package_discovery[0m [1;30mLevel 1[0m discover_packages(ignore) check parameters
[0.917s] [34mcolcon.colcon_core.package_discovery[0m [1;30mLevel 1[0m discover_packages(path) check parameters
[0.917s] [34mcolcon.colcon_core.package_discovery[0m [1;30mLevel 1[0m discover_packages(colcon_meta) discover
[0.917s] [34mcolcon.colcon_core.package_discovery[0m [1;30mLevel 1[0m discover_packages(recursive) discover
[0.917s] [34mcolcon.colcon_core.package_discovery[0m [1;30mINFO[0m Crawling recursively for packages in '/home/orin/ros2_ws/src/encoder_ultrasonic_package'
[0.917s] [34mcolcon.colcon_core.package_identification[0m [1;30mLevel 1[0m _identify(.) by extensions ['ignore', 'ignore_ament_install']
[0.918s] [34mcolcon.colcon_core.package_identification[0m [1;30mLevel 1[0m _identify(.) by extension 'ignore'
[0.918s] [34mcolcon.colcon_core.package_identification[0m [1;30mLevel 1[0m _identify(.) by extension 'ignore_ament_install'
[0.919s] [34mcolcon.colcon_core.package_identification[0m [1;30mLevel 1[0m _identify(.) by extensions ['colcon_pkg']
[0.919s] [34mcolcon.colcon_core.package_identification[0m [1;30mLevel 1[0m _identify(.) by extension 'colcon_pkg'
[0.919s] [34mcolcon.colcon_core.package_identification[0m [1;30mLevel 1[0m _identify(.) by extensions ['colcon_meta']
[0.919s] [34mcolcon.colcon_core.package_identification[0m [1;30mLevel 1[0m _identify(.) by extension 'colcon_meta'
[0.919s] [34mcolcon.colcon_core.package_identification[0m [1;30mLevel 1[0m _identify(.) by extensions ['ros']
[0.919s] [34mcolcon.colcon_core.package_identification[0m [1;30mLevel 1[0m _identify(.) by extension 'ros'
[0.977s] [34mcolcon.colcon_core.package_identification[0m [1;30mDEBUG[0m [32mPackage '.' with type 'ros.ament_python' and name 'encoder_ultrasonic_package'[0m
[0.977s] [34mcolcon.colcon_core.package_discovery[0m [1;30mLevel 1[0m discover_packages(recursive) using defaults
[0.978s] [34mcolcon.colcon_core.package_discovery[0m [1;30mLevel 1[0m discover_packages(ignore) discover
[0.978s] [34mcolcon.colcon_core.package_discovery[0m [1;30mLevel 1[0m discover_packages(ignore) using defaults
[0.978s] [34mcolcon.colcon_core.package_discovery[0m [1;30mLevel 1[0m discover_packages(path) discover
[0.978s] [34mcolcon.colcon_core.package_discovery[0m [1;30mLevel 1[0m discover_packages(path) using defaults
[1.039s] [34mcolcon.colcon_core.package_discovery[0m [1;30mLevel 1[0m discover_packages(prefix_path) check parameters
[1.039s] [34mcolcon.colcon_core.package_discovery[0m [1;30mLevel 1[0m discover_packages(prefix_path) discover
[1.044s] [34mcolcon.colcon_core.prefix_path.colcon[0m [1;30mWARNING[0m [33mThe path '/home/orin/ros2_ws/src/arduino_encoder_ultrasonic/install' in the environment variable COLCON_PREFIX_PATH doesn't exist[0m
[1.045s] [34mcolcon.colcon_ros.prefix_path.ament[0m [1;30mWARNING[0m [33mThe path '/home/orin/ros2_ws/src/arduino_encoder_ultrasonic/install/arduino_encoder_ultrasonic' in the environment variable AMENT_PREFIX_PATH doesn't exist[0m
[1.050s] [34mcolcon.colcon_installed_package_information.package_discovery[0m [1;30mDEBUG[0m [32mFound 1 installed packages in /home/orin/ros2_ws/src/encoder_ultrasonic_package/install[0m
[1.057s] [34mcolcon.colcon_installed_package_information.package_discovery[0m [1;30mDEBUG[0m [32mFound 451 installed packages in /opt/ros/humble[0m
[1.062s] [34mcolcon.colcon_core.package_discovery[0m [1;30mLevel 1[0m discover_packages(prefix_path) using defaults
[1.472s] [34mcolcon.colcon_core.verb[0m [1;30mLevel 5[0m set package 'encoder_ultrasonic_package' build argument 'cmake_args' from command line to 'None'
[1.472s] [34mcolcon.colcon_core.verb[0m [1;30mLevel 5[0m set package 'encoder_ultrasonic_package' build argument 'cmake_target' from command line to 'None'
[1.473s] [34mcolcon.colcon_core.verb[0m [1;30mLevel 5[0m set package 'encoder_ultrasonic_package' build argument 'cmake_target_skip_unavailable' from command line to 'False'
[1.473s] [34mcolcon.colcon_core.verb[0m [1;30mLevel 5[0m set package 'encoder_ultrasonic_package' build argument 'cmake_clean_cache' from command line to 'False'
[1.473s] [34mcolcon.colcon_core.verb[0m [1;30mLevel 5[0m set package 'encoder_ultrasonic_package' build argument 'cmake_clean_first' from command line to 'False'
[1.473s] [34mcolcon.colcon_core.verb[0m [1;30mLevel 5[0m set package 'encoder_ultrasonic_package' build argument 'cmake_force_configure' from command line to 'False'
[1.473s] [34mcolcon.colcon_core.verb[0m [1;30mLevel 5[0m set package 'encoder_ultrasonic_package' build argument 'ament_cmake_args' from command line to 'None'
[1.473s] [34mcolcon.colcon_core.verb[0m [1;30mLevel 5[0m set package 'encoder_ultrasonic_package' build argument 'catkin_cmake_args' from command line to 'None'
[1.473s] [34mcolcon.colcon_core.verb[0m [1;30mLevel 5[0m set package 'encoder_ultrasonic_package' build argument 'catkin_skip_building_tests' from command line to 'False'
[1.473s] [34mcolcon.colcon_core.verb[0m [1;30mDEBUG[0m [32mBuilding package 'encoder_ultrasonic_package' with the following arguments: {'ament_cmake_args': None, 'build_base': '/home/orin/ros2_ws/src/encoder_ultrasonic_package/build/encoder_ultrasonic_package', 'catkin_cmake_args': None, 'catkin_skip_building_tests': False, 'cmake_args': None, 'cmake_clean_cache': False, 'cmake_clean_first': False, 'cmake_force_configure': False, 'cmake_target': None, 'cmake_target_skip_unavailable': False, 'install_base': '/home/orin/ros2_ws/src/encoder_ultrasonic_package/install/encoder_ultrasonic_package', 'merge_install': False, 'path': '/home/orin/ros2_ws/src/encoder_ultrasonic_package', 'symlink_install': False, 'test_result_base': None}[0m
[1.473s] [34mcolcon.colcon_core.executor[0m [1;30mINFO[0m Executing jobs using 'parallel' executor
[1.476s] [34mcolcon.colcon_parallel_executor.executor.parallel[0m [1;30mDEBUG[0m [32mrun_until_complete[0m
[1.477s] [34mcolcon.colcon_ros.task.ament_python.build[0m [1;30mINFO[0m Building ROS package in '/home/orin/ros2_ws/src/encoder_ultrasonic_package' with build type 'ament_python'
[1.477s] [34mcolcon.colcon_core.shell[0m [1;30mLevel 1[0m create_environment_hook('encoder_ultrasonic_package', 'ament_prefix_path')
[1.494s] [34mcolcon.colcon_core.plugin_system[0m [1;30mINFO[0m Skipping extension 'colcon_core.shell.bat': Not used on non-Windows systems
[1.495s] [34mcolcon.colcon_core.shell[0m [1;30mINFO[0m Creating environment hook '/home/orin/ros2_ws/src/encoder_ultrasonic_package/install/encoder_ultrasonic_package/share/encoder_ultrasonic_package/hook/ament_prefix_path.ps1'
[1.498s] [34mcolcon.colcon_core.shell[0m [1;30mINFO[0m Creating environment descriptor '/home/orin/ros2_ws/src/encoder_ultrasonic_package/install/encoder_ultrasonic_package/share/encoder_ultrasonic_package/hook/ament_prefix_path.dsv'
[1.500s] [34mcolcon.colcon_core.shell[0m [1;30mINFO[0m Creating environment hook '/home/orin/ros2_ws/src/encoder_ultrasonic_package/install/encoder_ultrasonic_package/share/encoder_ultrasonic_package/hook/ament_prefix_path.sh'
[1.503s] [34mcolcon.colcon_core.shell[0m [1;30mINFO[0m Skip shell extension 'powershell' for command environment: Not usable outside of PowerShell
[1.503s] [34mcolcon.colcon_core.shell[0m [1;30mDEBUG[0m [32mSkip shell extension 'dsv' for command environment[0m
[2.085s] [34mcolcon.colcon_core.task.python.build[0m [1;30mINFO[0m Building Python package in '/home/orin/ros2_ws/src/encoder_ultrasonic_package'
[2.086s] [34mcolcon.colcon_core.shell[0m [1;30mINFO[0m Skip shell extension 'powershell' for command environment: Not usable outside of PowerShell
[2.087s] [34mcolcon.colcon_core.shell[0m [1;30mDEBUG[0m [32mSkip shell extension 'dsv' for command environment[0m
[4.744s] [34mcolcon.colcon_core.event_handler.log_command[0m [1;30mDEBUG[0m [32mInvoking command in '/home/orin/ros2_ws/src/encoder_ultrasonic_package': PYTHONPATH=/home/orin/ros2_ws/src/encoder_ultrasonic_package/build/encoder_ultrasonic_package/prefix_override:/usr/lib/python3/dist-packages/colcon_core/task/python/colcon_distutils_commands:/home/orin/ros2_ws/src/encoder_ultrasonic_package/install/encoder_ultrasonic_package/lib/python3.10/site-packages:${PYTHONPATH} /usr/bin/python3 -W ignore:setup.py install is deprecated setup.py egg_info --egg-base build/encoder_ultrasonic_package build --build-base /home/orin/ros2_ws/src/encoder_ultrasonic_package/build/encoder_ultrasonic_package/build install --record /home/orin/ros2_ws/src/encoder_ultrasonic_package/build/encoder_ultrasonic_package/install.log --single-version-externally-managed install_data[0m
[6.276s] [34mcolcon.colcon_core.event_handler.log_command[0m [1;30mDEBUG[0m [32mInvoked command in '/home/orin/ros2_ws/src/encoder_ultrasonic_package' returned '0': PYTHONPATH=/home/orin/ros2_ws/src/encoder_ultrasonic_package/build/encoder_ultrasonic_package/prefix_override:/usr/lib/python3/dist-packages/colcon_core/task/python/colcon_distutils_commands:/home/orin/ros2_ws/src/encoder_ultrasonic_package/install/encoder_ultrasonic_package/lib/python3.10/site-packages:${PYTHONPATH} /usr/bin/python3 -W ignore:setup.py install is deprecated setup.py egg_info --egg-base build/encoder_ultrasonic_package build --build-base /home/orin/ros2_ws/src/encoder_ultrasonic_package/build/encoder_ultrasonic_package/build install --record /home/orin/ros2_ws/src/encoder_ultrasonic_package/build/encoder_ultrasonic_package/install.log --single-version-externally-managed install_data[0m
[6.302s] [34mcolcon.colcon_core.environment[0m [1;30mLevel 1[0m checking '/home/orin/ros2_ws/src/encoder_ultrasonic_package/install/encoder_ultrasonic_package' for CMake module files
[6.304s] [34mcolcon.colcon_core.environment[0m [1;30mLevel 1[0m checking '/home/orin/ros2_ws/src/encoder_ultrasonic_package/install/encoder_ultrasonic_package' for CMake config files
[6.314s] [34mcolcon.colcon_core.environment[0m [1;30mLevel 1[0m checking '/home/orin/ros2_ws/src/encoder_ultrasonic_package/install/encoder_ultrasonic_package/lib'
[6.314s] [34mcolcon.colcon_core.environment[0m [1;30mLevel 1[0m checking '/home/orin/ros2_ws/src/encoder_ultrasonic_package/install/encoder_ultrasonic_package/bin'
[6.315s] [34mcolcon.colcon_core.environment[0m [1;30mLevel 1[0m checking '/home/orin/ros2_ws/src/encoder_ultrasonic_package/install/encoder_ultrasonic_package/lib/pkgconfig/encoder_ultrasonic_package.pc'
[6.315s] [34mcolcon.colcon_core.environment[0m [1;30mLevel 1[0m checking '/home/orin/ros2_ws/src/encoder_ultrasonic_package/install/encoder_ultrasonic_package/lib/python3.10/site-packages'
[6.315s] [34mcolcon.colcon_core.shell[0m [1;30mLevel 1[0m create_environment_hook('encoder_ultrasonic_package', 'pythonpath')
[6.316s] [34mcolcon.colcon_core.shell[0m [1;30mINFO[0m Creating environment hook '/home/orin/ros2_ws/src/encoder_ultrasonic_package/install/encoder_ultrasonic_package/share/encoder_ultrasonic_package/hook/pythonpath.ps1'
[6.317s] [34mcolcon.colcon_core.shell[0m [1;30mINFO[0m Creating environment descriptor '/home/orin/ros2_ws/src/encoder_ultrasonic_package/install/encoder_ultrasonic_package/share/encoder_ultrasonic_package/hook/pythonpath.dsv'
[6.318s] [34mcolcon.colcon_core.shell[0m [1;30mINFO[0m Creating environment hook '/home/orin/ros2_ws/src/encoder_ultrasonic_package/install/encoder_ultrasonic_package/share/encoder_ultrasonic_package/hook/pythonpath.sh'
[6.319s] [34mcolcon.colcon_core.environment[0m [1;30mLevel 1[0m checking '/home/orin/ros2_ws/src/encoder_ultrasonic_package/install/encoder_ultrasonic_package/bin'
[6.319s] [34mcolcon.colcon_core.environment[0m [1;30mLevel 1[0m create_environment_scripts_only(encoder_ultrasonic_package)
[6.320s] [34mcolcon.colcon_core.shell[0m [1;30mINFO[0m Creating package script '/home/orin/ros2_ws/src/encoder_ultrasonic_package/install/encoder_ultrasonic_package/share/encoder_ultrasonic_package/package.ps1'
[6.323s] [34mcolcon.colcon_core.shell[0m [1;30mINFO[0m Creating package descriptor '/home/orin/ros2_ws/src/encoder_ultrasonic_package/install/encoder_ultrasonic_package/share/encoder_ultrasonic_package/package.dsv'
[6.326s] [34mcolcon.colcon_core.shell[0m [1;30mINFO[0m Creating package script '/home/orin/ros2_ws/src/encoder_ultrasonic_package/install/encoder_ultrasonic_package/share/encoder_ultrasonic_package/package.sh'
[6.330s] [34mcolcon.colcon_core.shell[0m [1;30mINFO[0m Creating package script '/home/orin/ros2_ws/src/encoder_ultrasonic_package/install/encoder_ultrasonic_package/share/encoder_ultrasonic_package/package.bash'
[6.333s] [34mcolcon.colcon_core.shell[0m [1;30mINFO[0m Creating package script '/home/orin/ros2_ws/src/encoder_ultrasonic_package/install/encoder_ultrasonic_package/share/encoder_ultrasonic_package/package.zsh'
[6.338s] [34mcolcon.colcon_core.environment[0m [1;30mLevel 1[0m create_file_with_runtime_dependencies(/home/orin/ros2_ws/src/encoder_ultrasonic_package/install/encoder_ultrasonic_package/share/colcon-core/packages/encoder_ultrasonic_package)
[6.340s] [34mcolcon.colcon_parallel_executor.executor.parallel[0m [1;30mDEBUG[0m [32mclosing loop[0m
[6.340s] [34mcolcon.colcon_parallel_executor.executor.parallel[0m [1;30mDEBUG[0m [32mloop closed[0m
[6.341s] [34mcolcon.colcon_parallel_executor.executor.parallel[0m [1;30mDEBUG[0m [32mrun_until_complete finished with '0'[0m
[6.341s] [34mcolcon.colcon_core.event_reactor[0m [1;30mDEBUG[0m [32mjoining thread[0m
[6.377s] [34mcolcon.colcon_core.plugin_system[0m [1;30mINFO[0m Skipping extension 'colcon_notification.desktop_notification.terminal_notifier': Not used on non-Darwin systems
[6.378s] [34mcolcon.colcon_core.plugin_system[0m [1;30mINFO[0m Skipping extension 'colcon_notification.desktop_notification.win32': Not used on non-Windows systems
[6.378s] [34mcolcon.colcon_notification.desktop_notification[0m [1;30mINFO[0m Sending desktop notification using 'notify2'
[6.526s] [34mcolcon.colcon_core.event_reactor[0m [1;30mDEBUG[0m [32mjoined thread[0m
[6.528s] [34mcolcon.colcon_core.shell[0m [1;30mINFO[0m Creating prefix script '/home/orin/ros2_ws/src/encoder_ultrasonic_package/install/local_setup.ps1'
[6.532s] [34mcolcon.colcon_core.shell[0m [1;30mINFO[0m Creating prefix util module '/home/orin/ros2_ws/src/encoder_ultrasonic_package/install/_local_setup_util_ps1.py'
[6.539s] [34mcolcon.colcon_core.shell[0m [1;30mINFO[0m Creating prefix chain script '/home/orin/ros2_ws/src/encoder_ultrasonic_package/install/setup.ps1'
[6.545s] [34mcolcon.colcon_core.shell[0m [1;30mINFO[0m Creating prefix script '/home/orin/ros2_ws/src/encoder_ultrasonic_package/install/local_setup.sh'
[6.548s] [34mcolcon.colcon_core.shell[0m [1;30mINFO[0m Creating prefix util module '/home/orin/ros2_ws/src/encoder_ultrasonic_package/install/_local_setup_util_sh.py'
[6.550s] [34mcolcon.colcon_core.shell[0m [1;30mINFO[0m Creating prefix chain script '/home/orin/ros2_ws/src/encoder_ultrasonic_package/install/setup.sh'
[6.557s] [34mcolcon.colcon_core.shell[0m [1;30mINFO[0m Creating prefix script '/home/orin/ros2_ws/src/encoder_ultrasonic_package/install/local_setup.bash'
[6.560s] [34mcolcon.colcon_core.shell[0m [1;30mINFO[0m Creating prefix chain script '/home/orin/ros2_ws/src/encoder_ultrasonic_package/install/setup.bash'
[6.566s] [34mcolcon.colcon_core.shell[0m [1;30mINFO[0m Creating prefix script '/home/orin/ros2_ws/src/encoder_ultrasonic_package/install/local_setup.zsh'
[6.568s] [34mcolcon.colcon_core.shell[0m [1;30mINFO[0m Creating prefix chain script '/home/orin/ros2_ws/src/encoder_ultrasonic_package/install/setup.zsh'
