[5.984s] Invoking command in '/home/orin/ros2_ws/src/wheel_encoder_odometry': PYTHONPATH=/home/orin/ros2_ws/build/wheel_encoder_odometry/prefix_override:/usr/lib/python3/dist-packages/colcon_core/task/python/colcon_distutils_commands:/home/orin/ros2_ws/install/wheel_encoder_odometry/lib/python3.10/site-packages:${PYTHONPATH} /usr/bin/python3 -W ignore:setup.py install is deprecated setup.py egg_info --egg-base ../../build/wheel_encoder_odometry build --build-base /home/orin/ros2_ws/build/wheel_encoder_odometry/build install --record /home/orin/ros2_ws/build/wheel_encoder_odometry/install.log --single-version-externally-managed install_data
[7.479s] running egg_info
[7.628s] writing ../../build/wheel_encoder_odometry/wheel_encoder_odometry.egg-info/PKG-INFO
[7.632s] writing dependency_links to ../../build/wheel_encoder_odometry/wheel_encoder_odometry.egg-info/dependency_links.txt
[7.636s] writing entry points to ../../build/wheel_encoder_odometry/wheel_encoder_odometry.egg-info/entry_points.txt
[7.638s] writing requirements to ../../build/wheel_encoder_odometry/wheel_encoder_odometry.egg-info/requires.txt
[7.640s] writing top-level names to ../../build/wheel_encoder_odometry/wheel_encoder_odometry.egg-info/top_level.txt
[7.781s] reading manifest file '../../build/wheel_encoder_odometry/wheel_encoder_odometry.egg-info/SOURCES.txt'
[7.797s] writing manifest file '../../build/wheel_encoder_odometry/wheel_encoder_odometry.egg-info/SOURCES.txt'
[7.800s] running build
[7.804s] running build_py
[7.806s] copying wheel_encoder_odometry/__init__.py -> /home/orin/ros2_ws/build/wheel_encoder_odometry/build/lib/wheel_encoder_odometry
[7.818s] copying wheel_encoder_odometry/encoder_odometry_node.py -> /home/orin/ros2_ws/build/wheel_encoder_odometry/build/lib/wheel_encoder_odometry
[7.825s] running install
[7.825s] running install_lib
[7.898s] running install_data
[7.900s] copying resource/wheel_encoder_odometry -> /home/orin/ros2_ws/install/wheel_encoder_odometry/share/ament_index/resource_index/packages
[7.902s] copying package.xml -> /home/orin/ros2_ws/install/wheel_encoder_odometry/share/wheel_encoder_odometry
[7.902s] running install_egg_info
[7.963s] removing '/home/orin/ros2_ws/install/wheel_encoder_odometry/lib/python3.10/site-packages/wheel_encoder_odometry-0.0.1-py3.10.egg-info' (and everything under it)
[7.968s] Copying ../../build/wheel_encoder_odometry/wheel_encoder_odometry.egg-info to /home/orin/ros2_ws/install/wheel_encoder_odometry/lib/python3.10/site-packages/wheel_encoder_odometry-0.0.1-py3.10.egg-info
[7.972s] running install_scripts
[8.501s] Installing encoder_odometry_node script to /home/orin/ros2_ws/install/wheel_encoder_odometry/lib/wheel_encoder_odometry
[8.504s] writing list of installed files to '/home/orin/ros2_ws/build/wheel_encoder_odometry/install.log'
[8.628s] Invoked command in '/home/orin/ros2_ws/src/wheel_encoder_odometry' returned '0': PYTHONPATH=/home/orin/ros2_ws/build/wheel_encoder_odometry/prefix_override:/usr/lib/python3/dist-packages/colcon_core/task/python/colcon_distutils_commands:/home/orin/ros2_ws/install/wheel_encoder_odometry/lib/python3.10/site-packages:${PYTHONPATH} /usr/bin/python3 -W ignore:setup.py install is deprecated setup.py egg_info --egg-base ../../build/wheel_encoder_odometry build --build-base /home/orin/ros2_ws/build/wheel_encoder_odometry/build install --record /home/orin/ros2_ws/build/wheel_encoder_odometry/install.log --single-version-externally-managed install_data
