[0.183s] Invoking command in '/home/orin/ros2_ws/build/examples_rclcpp_minimal_action_server': /usr/bin/cmake --build /home/orin/ros2_ws/build/examples_rclcpp_minimal_action_server -- -j6 -l6
[0.824s] [ 50%] Built target action_server_member_functions
[1.177s] [100%] Built target action_server_not_composable
[1.540s] Invoked command in '/home/orin/ros2_ws/build/examples_rclcpp_minimal_action_server' returned '0': /usr/bin/cmake --build /home/orin/ros2_ws/build/examples_rclcpp_minimal_action_server -- -j6 -l6
[1.827s] Invoking command in '/home/orin/ros2_ws/build/examples_rclcpp_minimal_action_server': /usr/bin/cmake --install /home/orin/ros2_ws/build/examples_rclcpp_minimal_action_server
[1.881s] -- Install configuration: ""
[1.889s] -- Execute custom install script
[1.902s] -- Up-to-date symlink: /home/orin/ros2_ws/install/examples_rclcpp_minimal_action_server/lib/examples_rclcpp_minimal_action_server/action_server_not_composable
[1.902s] -- Up-to-date symlink: /home/orin/ros2_ws/install/examples_rclcpp_minimal_action_server/lib/examples_rclcpp_minimal_action_server/action_server_member_functions
[1.903s] -- Up-to-date symlink: /home/orin/ros2_ws/install/examples_rclcpp_minimal_action_server/share/ament_index/resource_index/package_run_dependencies/examples_rclcpp_minimal_action_server
[1.903s] -- Up-to-date symlink: /home/orin/ros2_ws/install/examples_rclcpp_minimal_action_server/share/ament_index/resource_index/parent_prefix_path/examples_rclcpp_minimal_action_server
[1.903s] -- Up-to-date symlink: /home/orin/ros2_ws/install/examples_rclcpp_minimal_action_server/share/examples_rclcpp_minimal_action_server/environment/ament_prefix_path.sh
[1.903s] -- Up-to-date symlink: /home/orin/ros2_ws/install/examples_rclcpp_minimal_action_server/share/examples_rclcpp_minimal_action_server/environment/ament_prefix_path.dsv
[1.903s] -- Up-to-date symlink: /home/orin/ros2_ws/install/examples_rclcpp_minimal_action_server/share/examples_rclcpp_minimal_action_server/environment/path.sh
[1.903s] -- Up-to-date symlink: /home/orin/ros2_ws/install/examples_rclcpp_minimal_action_server/share/examples_rclcpp_minimal_action_server/environment/path.dsv
[1.912s] -- Up-to-date symlink: /home/orin/ros2_ws/install/examples_rclcpp_minimal_action_server/share/examples_rclcpp_minimal_action_server/local_setup.bash
[1.912s] -- Up-to-date symlink: /home/orin/ros2_ws/install/examples_rclcpp_minimal_action_server/share/examples_rclcpp_minimal_action_server/local_setup.sh
[1.913s] -- Up-to-date symlink: /home/orin/ros2_ws/install/examples_rclcpp_minimal_action_server/share/examples_rclcpp_minimal_action_server/local_setup.zsh
[1.913s] -- Up-to-date symlink: /home/orin/ros2_ws/install/examples_rclcpp_minimal_action_server/share/examples_rclcpp_minimal_action_server/local_setup.dsv
[1.913s] -- Symlinking: /home/orin/ros2_ws/install/examples_rclcpp_minimal_action_server/share/examples_rclcpp_minimal_action_server/package.dsv
[2.142s] -- Up-to-date symlink: /home/orin/ros2_ws/install/examples_rclcpp_minimal_action_server/share/ament_index/resource_index/packages/examples_rclcpp_minimal_action_server
[2.155s] -- Up-to-date symlink: /home/orin/ros2_ws/install/examples_rclcpp_minimal_action_server/share/examples_rclcpp_minimal_action_server/cmake/examples_rclcpp_minimal_action_serverConfig.cmake
[2.160s] -- Up-to-date symlink: /home/orin/ros2_ws/install/examples_rclcpp_minimal_action_server/share/examples_rclcpp_minimal_action_server/cmake/examples_rclcpp_minimal_action_serverConfig-version.cmake
[2.160s] -- Up-to-date symlink: /home/orin/ros2_ws/install/examples_rclcpp_minimal_action_server/share/examples_rclcpp_minimal_action_server/package.xml
[2.325s] Invoked command in '/home/orin/ros2_ws/build/examples_rclcpp_minimal_action_server' returned '0': /usr/bin/cmake --install /home/orin/ros2_ws/build/examples_rclcpp_minimal_action_server
