[4.080s] Invoking command in '/home/orin/ros2_ws/src/arduino_encoder_odom': PYTHONPATH=/home/orin/ros2_ws/build/arduino_encoder_odom/prefix_override:/usr/lib/python3/dist-packages/colcon_core/task/python/colcon_distutils_commands:/home/orin/ros2_ws/install/arduino_encoder_odom/lib/python3.10/site-packages:${PYTHONPATH} /usr/bin/python3 -W ignore:setup.py install is deprecated -W ignore:easy_install command is deprecated setup.py egg_info --egg-base ../../build/arduino_encoder_odom build --build-base /home/orin/ros2_ws/build/arduino_encoder_odom/build install --record /home/orin/ros2_ws/build/arduino_encoder_odom/install.log --single-version-externally-managed install_data
[5.233s] running egg_info
[5.344s] writing ../../build/arduino_encoder_odom/arduino_encoder_odom.egg-info/PKG-INFO
[5.344s] writing dependency_links to ../../build/arduino_encoder_odom/arduino_encoder_odom.egg-info/dependency_links.txt
[5.344s] writing entry points to ../../build/arduino_encoder_odom/arduino_encoder_odom.egg-info/entry_points.txt
[5.344s] writing requirements to ../../build/arduino_encoder_odom/arduino_encoder_odom.egg-info/requires.txt
[5.344s] writing top-level names to ../../build/arduino_encoder_odom/arduino_encoder_odom.egg-info/top_level.txt
[5.471s] reading manifest file '../../build/arduino_encoder_odom/arduino_encoder_odom.egg-info/SOURCES.txt'
[5.483s] adding license file 'LICENSE'
[5.483s] writing manifest file '../../build/arduino_encoder_odom/arduino_encoder_odom.egg-info/SOURCES.txt'
[5.484s] running build
[5.484s] running build_py
[5.484s] copying arduino_encoder_odom/__init__.py -> /home/orin/ros2_ws/build/arduino_encoder_odom/build/lib/arduino_encoder_odom
[5.484s] copying arduino_encoder_odom/arduino_encoder_odom.py -> /home/orin/ros2_ws/build/arduino_encoder_odom/build/lib/arduino_encoder_odom
[5.484s] running install
[5.507s] running install_lib
[5.578s] copying /home/orin/ros2_ws/build/arduino_encoder_odom/build/lib/arduino_encoder_odom/arduino_encoder_odom.py -> /home/orin/ros2_ws/install/arduino_encoder_odom/lib/python3.10/site-packages/arduino_encoder_odom
[5.589s] byte-compiling /home/orin/ros2_ws/install/arduino_encoder_odom/lib/python3.10/site-packages/arduino_encoder_odom/arduino_encoder_odom.py to arduino_encoder_odom.cpython-310.pyc
[5.624s] running install_data
[5.633s] copying resource/arduino_encoder_odom -> /home/orin/ros2_ws/install/arduino_encoder_odom/share/ament_index/resource_index/packages
[5.643s] copying package.xml -> /home/orin/ros2_ws/install/arduino_encoder_odom/share/arduino_encoder_odom
[5.643s] running install_egg_info
[5.753s] removing '/home/orin/ros2_ws/install/arduino_encoder_odom/lib/python3.10/site-packages/arduino_encoder_odom-0.0.0-py3.10.egg-info' (and everything under it)
[5.759s] Copying ../../build/arduino_encoder_odom/arduino_encoder_odom.egg-info to /home/orin/ros2_ws/install/arduino_encoder_odom/lib/python3.10/site-packages/arduino_encoder_odom-0.0.0-py3.10.egg-info
[5.765s] running install_scripts
[6.407s] Installing arduino_encoder_odom script to /home/orin/ros2_ws/install/arduino_encoder_odom/lib/arduino_encoder_odom
[6.409s] writing list of installed files to '/home/orin/ros2_ws/build/arduino_encoder_odom/install.log'
[6.625s] Invoked command in '/home/orin/ros2_ws/src/arduino_encoder_odom' returned '0': PYTHONPATH=/home/orin/ros2_ws/build/arduino_encoder_odom/prefix_override:/usr/lib/python3/dist-packages/colcon_core/task/python/colcon_distutils_commands:/home/orin/ros2_ws/install/arduino_encoder_odom/lib/python3.10/site-packages:${PYTHONPATH} /usr/bin/python3 -W ignore:setup.py install is deprecated -W ignore:easy_install command is deprecated setup.py egg_info --egg-base ../../build/arduino_encoder_odom build --build-base /home/orin/ros2_ws/build/arduino_encoder_odom/build install --record /home/orin/ros2_ws/build/arduino_encoder_odom/install.log --single-version-externally-managed install_data
