[5.455s] Invoking command in '/home/orin/ros2_ws/src/examples/rclpy/guard_conditions': PYTHONPATH=/home/orin/ros2_ws/build/examples_rclpy_guard_conditions/prefix_override:/usr/lib/python3/dist-packages/colcon_core/task/python/colcon_distutils_commands:/home/orin/ros2_ws/install/examples_rclpy_guard_conditions/lib/python3.10/site-packages:${PYTHONPATH} /usr/bin/python3 -W ignore:setup.py install is deprecated -W ignore:easy_install command is deprecated setup.py egg_info --egg-base ../../../../build/examples_rclpy_guard_conditions build --build-base /home/orin/ros2_ws/build/examples_rclpy_guard_conditions/build install --record /home/orin/ros2_ws/build/examples_rclpy_guard_conditions/install.log --single-version-externally-managed install_data
[6.296s] /home/orin/.local/lib/python3.10/site-packages/setuptools/_distutils/dist.py:261: UserWarning: Unknown distribution option: 'tests_require'
[6.297s]   warnings.warn(msg)
[6.755s] running egg_info
[6.813s] writing ../../../../build/examples_rclpy_guard_conditions/examples_rclpy_guard_conditions.egg-info/PKG-INFO
[6.817s] writing dependency_links to ../../../../build/examples_rclpy_guard_conditions/examples_rclpy_guard_conditions.egg-info/dependency_links.txt
[6.817s] writing entry points to ../../../../build/examples_rclpy_guard_conditions/examples_rclpy_guard_conditions.egg-info/entry_points.txt
[6.817s] writing requirements to ../../../../build/examples_rclpy_guard_conditions/examples_rclpy_guard_conditions.egg-info/requires.txt
[6.817s] writing top-level names to ../../../../build/examples_rclpy_guard_conditions/examples_rclpy_guard_conditions.egg-info/top_level.txt
[6.954s] reading manifest file '../../../../build/examples_rclpy_guard_conditions/examples_rclpy_guard_conditions.egg-info/SOURCES.txt'
[6.954s] writing manifest file '../../../../build/examples_rclpy_guard_conditions/examples_rclpy_guard_conditions.egg-info/SOURCES.txt'
[6.954s] running build
[6.954s] running build_py
[6.954s] copying examples_rclpy_guard_conditions/__init__.py -> /home/orin/ros2_ws/build/examples_rclpy_guard_conditions/build/lib/examples_rclpy_guard_conditions
[6.954s] copying examples_rclpy_guard_conditions/trigger_guard_condition.py -> /home/orin/ros2_ws/build/examples_rclpy_guard_conditions/build/lib/examples_rclpy_guard_conditions
[6.955s] running install
[6.976s] running install_lib
[7.072s] running install_data
[7.080s] copying resource/examples_rclpy_guard_conditions -> /home/orin/ros2_ws/install/examples_rclpy_guard_conditions/share/ament_index/resource_index/packages
[7.081s] copying package.xml -> /home/orin/ros2_ws/install/examples_rclpy_guard_conditions/share/examples_rclpy_guard_conditions
[7.081s] running install_egg_info
[7.340s] removing '/home/orin/ros2_ws/install/examples_rclpy_guard_conditions/lib/python3.10/site-packages/examples_rclpy_guard_conditions-0.15.2-py3.10.egg-info' (and everything under it)
[7.341s] Copying ../../../../build/examples_rclpy_guard_conditions/examples_rclpy_guard_conditions.egg-info to /home/orin/ros2_ws/install/examples_rclpy_guard_conditions/lib/python3.10/site-packages/examples_rclpy_guard_conditions-0.15.2-py3.10.egg-info
[7.358s] running install_scripts
[8.513s] Installing trigger_guard_condition script to /home/orin/ros2_ws/install/examples_rclpy_guard_conditions/lib/examples_rclpy_guard_conditions
[8.516s] writing list of installed files to '/home/orin/ros2_ws/build/examples_rclpy_guard_conditions/install.log'
[8.785s] Invoked command in '/home/orin/ros2_ws/src/examples/rclpy/guard_conditions' returned '0': PYTHONPATH=/home/orin/ros2_ws/build/examples_rclpy_guard_conditions/prefix_override:/usr/lib/python3/dist-packages/colcon_core/task/python/colcon_distutils_commands:/home/orin/ros2_ws/install/examples_rclpy_guard_conditions/lib/python3.10/site-packages:${PYTHONPATH} /usr/bin/python3 -W ignore:setup.py install is deprecated -W ignore:easy_install command is deprecated setup.py egg_info --egg-base ../../../../build/examples_rclpy_guard_conditions build --build-base /home/orin/ros2_ws/build/examples_rclpy_guard_conditions/build install --record /home/orin/ros2_ws/build/examples_rclpy_guard_conditions/install.log --single-version-externally-managed install_data
