[2.616s] Invoking command in '/home/orin/ros2_ws/src/teleop_twist_keyboard': PYTHONPATH=/home/orin/ros2_ws/build/teleop_twist_keyboard/prefix_override:/usr/lib/python3/dist-packages/colcon_core/task/python/colcon_distutils_commands:/home/orin/ros2_ws/install/teleop_twist_keyboard/lib/python3.10/site-packages:${PYTHONPATH} /usr/bin/python3 -W ignore:setup.py install is deprecated -W ignore:easy_install command is deprecated setup.py egg_info --egg-base ../../build/teleop_twist_keyboard build --build-base /home/orin/ros2_ws/build/teleop_twist_keyboard/build install --record /home/orin/ros2_ws/build/teleop_twist_keyboard/install.log --install-scripts $base/lib/teleop_twist_keyboard --single-version-externally-managed install_data
[3.035s] /home/orin/.local/lib/python3.10/site-packages/setuptools/dist.py:452: SetuptoolsDeprecationWarning: Invalid dash-separated options
[3.036s] !!
[3.036s] 
[3.036s]         ********************************************************************************
[3.036s]         Usage of dash-separated 'script-dir' will not be supported in future
[3.043s]         versions. Please use the underscore name 'script_dir' instead.
[3.044s] 
[3.044s]         This deprecation is overdue, please update your project and remove deprecated
[3.044s]         calls to avoid build errors in the future.
[3.044s] 
[3.044s]         See https://setuptools.pypa.io/en/latest/userguide/declarative_config.html for details.
[3.044s]         ********************************************************************************
[3.045s] 
[3.045s] !!
[3.045s]   opt = self.warn_dash_deprecation(opt, section)
[3.462s] running egg_info
[3.521s] writing ../../build/teleop_twist_keyboard/teleop_twist_keyboard.egg-info/PKG-INFO
[3.522s] writing dependency_links to ../../build/teleop_twist_keyboard/teleop_twist_keyboard.egg-info/dependency_links.txt
[3.522s] writing entry points to ../../build/teleop_twist_keyboard/teleop_twist_keyboard.egg-info/entry_points.txt
[3.523s] writing requirements to ../../build/teleop_twist_keyboard/teleop_twist_keyboard.egg-info/requires.txt
[3.523s] writing top-level names to ../../build/teleop_twist_keyboard/teleop_twist_keyboard.egg-info/top_level.txt
[3.652s] reading manifest file '../../build/teleop_twist_keyboard/teleop_twist_keyboard.egg-info/SOURCES.txt'
[3.653s] adding license file 'LICENSE'
[3.653s] writing manifest file '../../build/teleop_twist_keyboard/teleop_twist_keyboard.egg-info/SOURCES.txt'
[3.653s] running build
[3.653s] running build_py
[3.654s] copying teleop_twist_keyboard.py -> /home/orin/ros2_ws/build/teleop_twist_keyboard/build/lib
[3.654s] running install
[3.664s] running install_lib
[3.732s] running install_data
[3.732s] copying resource/teleop_twist_keyboard -> /home/orin/ros2_ws/install/teleop_twist_keyboard/share/ament_index/resource_index/packages
[3.732s] copying package.xml -> /home/orin/ros2_ws/install/teleop_twist_keyboard/share/teleop_twist_keyboard
[3.736s] running install_egg_info
[3.795s] removing '/home/orin/ros2_ws/install/teleop_twist_keyboard/lib/python3.10/site-packages/teleop_twist_keyboard-2.0.0-py3.10.egg-info' (and everything under it)
[3.797s] Copying ../../build/teleop_twist_keyboard/teleop_twist_keyboard.egg-info to /home/orin/ros2_ws/install/teleop_twist_keyboard/lib/python3.10/site-packages/teleop_twist_keyboard-2.0.0-py3.10.egg-info
[3.798s] running install_scripts
[4.327s] Installing teleop_twist_keyboard script to /home/orin/ros2_ws/install/teleop_twist_keyboard/lib/teleop_twist_keyboard
[4.328s] writing list of installed files to '/home/orin/ros2_ws/build/teleop_twist_keyboard/install.log'
[4.425s] Invoked command in '/home/orin/ros2_ws/src/teleop_twist_keyboard' returned '0': PYTHONPATH=/home/orin/ros2_ws/build/teleop_twist_keyboard/prefix_override:/usr/lib/python3/dist-packages/colcon_core/task/python/colcon_distutils_commands:/home/orin/ros2_ws/install/teleop_twist_keyboard/lib/python3.10/site-packages:${PYTHONPATH} /usr/bin/python3 -W ignore:setup.py install is deprecated -W ignore:easy_install command is deprecated setup.py egg_info --egg-base ../../build/teleop_twist_keyboard build --build-base /home/orin/ros2_ws/build/teleop_twist_keyboard/build install --record /home/orin/ros2_ws/build/teleop_twist_keyboard/install.log --install-scripts $base/lib/teleop_twist_keyboard --single-version-externally-managed install_data
