[0.657s] Invoking command in '/home/orin/ros2_ws/build/depthai_descriptions': CMAKE_PREFIX_PATH=/opt/ros/humble /usr/bin/cmake --build /home/orin/ros2_ws/build/depthai_descriptions -- -j6 -l6
[1.252s] Invoked command in '/home/orin/ros2_ws/build/depthai_descriptions' returned '0': CMAKE_PREFIX_PATH=/opt/ros/humble /usr/bin/cmake --build /home/orin/ros2_ws/build/depthai_descriptions -- -j6 -l6
[1.277s] Invoking command in '/home/orin/ros2_ws/build/depthai_descriptions': CMAKE_PREFIX_PATH=/opt/ros/humble /usr/bin/cmake --install /home/orin/ros2_ws/build/depthai_descriptions
[1.844s] -- Install configuration: "Release"
[1.845s] -- Execute custom install script
[1.847s] -- Up-to-date symlink: /home/orin/ros2_ws/install/depthai_descriptions/share/depthai_descriptions/urdf/base_descr.urdf.xacro
[1.849s] -- Up-to-date symlink: /home/orin/ros2_ws/install/depthai_descriptions/share/depthai_descriptions/urdf/depthai_descr.urdf.xacro
[1.849s] -- Up-to-date symlink: /home/orin/ros2_ws/install/depthai_descriptions/share/depthai_descriptions/urdf/include/base_macro.urdf.xacro
[1.849s] -- Up-to-date symlink: /home/orin/ros2_ws/install/depthai_descriptions/share/depthai_descriptions/urdf/include/depthai_macro.urdf.xacro
[1.851s] -- Up-to-date symlink: /home/orin/ros2_ws/install/depthai_descriptions/share/depthai_descriptions/urdf/models/OAK-D-CM4-POE.stl
[1.852s] -- Up-to-date symlink: /home/orin/ros2_ws/install/depthai_descriptions/share/depthai_descriptions/urdf/models/OAK-D-IOT-75.stl
[1.852s] -- Up-to-date symlink: /home/orin/ros2_ws/install/depthai_descriptions/share/depthai_descriptions/urdf/models/OAK-D-LITE.stl
[1.853s] -- Up-to-date symlink: /home/orin/ros2_ws/install/depthai_descriptions/share/depthai_descriptions/urdf/models/OAK-D-LR.stl
[1.853s] -- Up-to-date symlink: /home/orin/ros2_ws/install/depthai_descriptions/share/depthai_descriptions/urdf/models/OAK-D-POE.stl
[1.854s] -- Up-to-date symlink: /home/orin/ros2_ws/install/depthai_descriptions/share/depthai_descriptions/urdf/models/OAK-D-PRO-W.stl
[1.854s] -- Up-to-date symlink: /home/orin/ros2_ws/install/depthai_descriptions/share/depthai_descriptions/urdf/models/OAK-D-PRO.stl
[1.854s] -- Up-to-date symlink: /home/orin/ros2_ws/install/depthai_descriptions/share/depthai_descriptions/urdf/models/OAK-D-S2-POE.stl
[1.854s] -- Up-to-date symlink: /home/orin/ros2_ws/install/depthai_descriptions/share/depthai_descriptions/urdf/models/OAK-D-S2.stl
[1.855s] -- Up-to-date symlink: /home/orin/ros2_ws/install/depthai_descriptions/share/depthai_descriptions/urdf/models/OAK-D-SR-POE.stl
[1.874s] -- Up-to-date symlink: /home/orin/ros2_ws/install/depthai_descriptions/share/depthai_descriptions/urdf/models/OAK-D-SR.stl
[1.877s] -- Up-to-date symlink: /home/orin/ros2_ws/install/depthai_descriptions/share/depthai_descriptions/urdf/models/OAK-D.stl
[1.878s] -- Up-to-date symlink: /home/orin/ros2_ws/install/depthai_descriptions/share/depthai_descriptions/urdf/models/OAK-T.stl
[1.878s] -- Up-to-date symlink: /home/orin/ros2_ws/install/depthai_descriptions/share/depthai_descriptions/environment/depthai_descriptions.sh
[1.878s] -- Up-to-date symlink: /home/orin/ros2_ws/install/depthai_descriptions/share/depthai_descriptions/environment/depthai_descriptions.dsv
[1.878s] -- Up-to-date symlink: /home/orin/ros2_ws/install/depthai_descriptions/share/ament_index/resource_index/package_run_dependencies/depthai_descriptions
[1.878s] -- Up-to-date symlink: /home/orin/ros2_ws/install/depthai_descriptions/share/ament_index/resource_index/parent_prefix_path/depthai_descriptions
[1.878s] -- Up-to-date symlink: /home/orin/ros2_ws/install/depthai_descriptions/share/depthai_descriptions/environment/ament_prefix_path.sh
[1.903s] -- Up-to-date symlink: /home/orin/ros2_ws/install/depthai_descriptions/share/depthai_descriptions/environment/ament_prefix_path.dsv
[1.903s] -- Up-to-date symlink: /home/orin/ros2_ws/install/depthai_descriptions/share/depthai_descriptions/environment/path.sh
[1.903s] -- Up-to-date symlink: /home/orin/ros2_ws/install/depthai_descriptions/share/depthai_descriptions/environment/path.dsv
[1.903s] -- Up-to-date symlink: /home/orin/ros2_ws/install/depthai_descriptions/share/depthai_descriptions/local_setup.bash
[1.904s] -- Up-to-date symlink: /home/orin/ros2_ws/install/depthai_descriptions/share/depthai_descriptions/local_setup.sh
[1.904s] -- Up-to-date symlink: /home/orin/ros2_ws/install/depthai_descriptions/share/depthai_descriptions/local_setup.zsh
[1.904s] -- Up-to-date symlink: /home/orin/ros2_ws/install/depthai_descriptions/share/depthai_descriptions/local_setup.dsv
[1.904s] -- Symlinking: /home/orin/ros2_ws/install/depthai_descriptions/share/depthai_descriptions/package.dsv
[1.904s] -- Up-to-date symlink: /home/orin/ros2_ws/install/depthai_descriptions/share/ament_index/resource_index/packages/depthai_descriptions
[1.904s] -- Up-to-date symlink: /home/orin/ros2_ws/install/depthai_descriptions/share/depthai_descriptions/cmake/depthai_descriptionsConfig.cmake
[1.904s] -- Up-to-date symlink: /home/orin/ros2_ws/install/depthai_descriptions/share/depthai_descriptions/cmake/depthai_descriptionsConfig-version.cmake
[1.905s] -- Up-to-date symlink: /home/orin/ros2_ws/install/depthai_descriptions/share/depthai_descriptions/package.xml
[1.905s] -- Up-to-date: /home/orin/ros2_ws/install/depthai_descriptions/share/depthai_descriptions/launch
[1.905s] -- Up-to-date: /home/orin/ros2_ws/install/depthai_descriptions/share/depthai_descriptions/launch/urdf_launch.py
[1.905s] Invoked command in '/home/orin/ros2_ws/build/depthai_descriptions' returned '0': CMAKE_PREFIX_PATH=/opt/ros/humble /usr/bin/cmake --install /home/orin/ros2_ws/build/depthai_descriptions
