[0.128s] Invoking command in '/home/orin/ros2_ws/build/my_bot_imu': CMAKE_PREFIX_PATH=/home/orin/ros2_ws/install/sllidar_ros2:/home/orin/ros2_ws/install/ros2_control_demo_example_5:/home/orin/ros2_ws/install/ros2_control_demo_description:/home/orin/ros2_ws/install/my_bot_imu:/home/orin/ros2_ws/install/my_bot_description:/home/orin/ros2_ws/install/wheel_encoder_odometry:/home/orin/ros2_ws/install/ros2_control_demo_testing:/home/orin/ros2_ws/install/arduino_odometry:/opt/ros/humble:/home/orin/ros2_ws/install/mobile_robot_description:/home/orin/ros2_ws/install/image_geometry:/home/orin/ros2_ws/install/gazebo_dev:/home/orin/ros2_ws/install/depthai-ros:/home/orin/ros2_ws/install/depthai_examples:/home/orin/ros2_ws/install/depthai_ros_msgs:/home/orin/ros2_ws/install/depthai_descriptions:/home/orin/ros2_ws/install/cv_bridge /usr/bin/cmake --build /home/orin/ros2_ws/build/my_bot_imu -- -j6 -l6
[0.516s] [100%] Built target my_bot_imu
[0.698s] Invoked command in '/home/orin/ros2_ws/build/my_bot_imu' returned '0': CMAKE_PREFIX_PATH=/home/orin/ros2_ws/install/sllidar_ros2:/home/orin/ros2_ws/install/ros2_control_demo_example_5:/home/orin/ros2_ws/install/ros2_control_demo_description:/home/orin/ros2_ws/install/my_bot_imu:/home/orin/ros2_ws/install/my_bot_description:/home/orin/ros2_ws/install/wheel_encoder_odometry:/home/orin/ros2_ws/install/ros2_control_demo_testing:/home/orin/ros2_ws/install/arduino_odometry:/opt/ros/humble:/home/orin/ros2_ws/install/mobile_robot_description:/home/orin/ros2_ws/install/image_geometry:/home/orin/ros2_ws/install/gazebo_dev:/home/orin/ros2_ws/install/depthai-ros:/home/orin/ros2_ws/install/depthai_examples:/home/orin/ros2_ws/install/depthai_ros_msgs:/home/orin/ros2_ws/install/depthai_descriptions:/home/orin/ros2_ws/install/cv_bridge /usr/bin/cmake --build /home/orin/ros2_ws/build/my_bot_imu -- -j6 -l6
[0.909s] Invoking command in '/home/orin/ros2_ws/build/my_bot_imu': CMAKE_PREFIX_PATH=/home/orin/ros2_ws/install/sllidar_ros2:/home/orin/ros2_ws/install/ros2_control_demo_example_5:/home/orin/ros2_ws/install/ros2_control_demo_description:/home/orin/ros2_ws/install/my_bot_imu:/home/orin/ros2_ws/install/my_bot_description:/home/orin/ros2_ws/install/wheel_encoder_odometry:/home/orin/ros2_ws/install/ros2_control_demo_testing:/home/orin/ros2_ws/install/arduino_odometry:/opt/ros/humble:/home/orin/ros2_ws/install/mobile_robot_description:/home/orin/ros2_ws/install/image_geometry:/home/orin/ros2_ws/install/gazebo_dev:/home/orin/ros2_ws/install/depthai-ros:/home/orin/ros2_ws/install/depthai_examples:/home/orin/ros2_ws/install/depthai_ros_msgs:/home/orin/ros2_ws/install/depthai_descriptions:/home/orin/ros2_ws/install/cv_bridge /usr/bin/cmake --install /home/orin/ros2_ws/build/my_bot_imu
[1.003s] -- Install configuration: ""
[1.003s] -- Up-to-date: /home/orin/ros2_ws/install/my_bot_imu/lib/my_bot_imu/my_bot_imu
[1.004s] -- Up-to-date: /home/orin/ros2_ws/install/my_bot_imu/share/my_bot_imu//launch
[1.004s] -- Installing: /home/orin/ros2_ws/install/my_bot_imu/share/my_bot_imu//launch/my_bot_imu.launch.py
[1.004s] -- Up-to-date: /home/orin/ros2_ws/install/my_bot_imu/share/ament_index/resource_index/package_run_dependencies/my_bot_imu
[1.004s] -- Up-to-date: /home/orin/ros2_ws/install/my_bot_imu/share/ament_index/resource_index/parent_prefix_path/my_bot_imu
[1.004s] -- Up-to-date: /home/orin/ros2_ws/install/my_bot_imu/share/my_bot_imu/environment/ament_prefix_path.sh
[1.004s] -- Up-to-date: /home/orin/ros2_ws/install/my_bot_imu/share/my_bot_imu/environment/ament_prefix_path.dsv
[1.004s] -- Up-to-date: /home/orin/ros2_ws/install/my_bot_imu/share/my_bot_imu/environment/path.sh
[1.005s] -- Up-to-date: /home/orin/ros2_ws/install/my_bot_imu/share/my_bot_imu/environment/path.dsv
[1.005s] -- Up-to-date: /home/orin/ros2_ws/install/my_bot_imu/share/my_bot_imu/local_setup.bash
[1.005s] -- Up-to-date: /home/orin/ros2_ws/install/my_bot_imu/share/my_bot_imu/local_setup.sh
[1.014s] -- Up-to-date: /home/orin/ros2_ws/install/my_bot_imu/share/my_bot_imu/local_setup.zsh
[1.016s] -- Up-to-date: /home/orin/ros2_ws/install/my_bot_imu/share/my_bot_imu/local_setup.dsv
[1.017s] -- Installing: /home/orin/ros2_ws/install/my_bot_imu/share/my_bot_imu/package.dsv
[1.017s] -- Up-to-date: /home/orin/ros2_ws/install/my_bot_imu/share/ament_index/resource_index/packages/my_bot_imu
[1.017s] -- Up-to-date: /home/orin/ros2_ws/install/my_bot_imu/share/my_bot_imu/cmake/my_bot_imuConfig.cmake
[1.017s] -- Up-to-date: /home/orin/ros2_ws/install/my_bot_imu/share/my_bot_imu/cmake/my_bot_imuConfig-version.cmake
[1.017s] -- Up-to-date: /home/orin/ros2_ws/install/my_bot_imu/share/my_bot_imu/package.xml
[1.100s] Invoked command in '/home/orin/ros2_ws/build/my_bot_imu' returned '0': CMAKE_PREFIX_PATH=/home/orin/ros2_ws/install/sllidar_ros2:/home/orin/ros2_ws/install/ros2_control_demo_example_5:/home/orin/ros2_ws/install/ros2_control_demo_description:/home/orin/ros2_ws/install/my_bot_imu:/home/orin/ros2_ws/install/my_bot_description:/home/orin/ros2_ws/install/wheel_encoder_odometry:/home/orin/ros2_ws/install/ros2_control_demo_testing:/home/orin/ros2_ws/install/arduino_odometry:/opt/ros/humble:/home/orin/ros2_ws/install/mobile_robot_description:/home/orin/ros2_ws/install/image_geometry:/home/orin/ros2_ws/install/gazebo_dev:/home/orin/ros2_ws/install/depthai-ros:/home/orin/ros2_ws/install/depthai_examples:/home/orin/ros2_ws/install/depthai_ros_msgs:/home/orin/ros2_ws/install/depthai_descriptions:/home/orin/ros2_ws/install/cv_bridge /usr/bin/cmake --install /home/orin/ros2_ws/build/my_bot_imu
