[0.035s] Invoking command in '/home/orin/ros2_ws/build/diffbot_description': CMAKE_PREFIX_PATH=/opt/ros/humble /usr/bin/cmake --build /home/orin/ros2_ws/build/diffbot_description -- -j6 -l6
[0.123s] [35m[1mConsolidate compiler generated dependencies of target diffbot_description[0m
[0.180s] [ 50%] [32mBuilding CXX object CMakeFiles/diffbot_description.dir/hardware/diffbot_system.cpp.o[0m
[2.044s] In file included from [01m[K/home/orin/ros2_ws/src/diffbot_description/hardware/diffbot_system.cpp:15[m[K:
[2.045s] [01m[K/home/orin/ros2_ws/src/diffbot_description/hardware/include/diffbot_description/diffbot_system.hpp:61:3:[m[K [01;31m[Kerror: [m[K‘[01m[KDIFFBOT_DESCRIPTION_PUBLIC[m[K’ does not name a type
[2.045s]    61 |   [01;31m[KDIFFBOT_DESCRIPTION_PUBLIC[m[K
[2.045s]       |   [01;31m[K^~~~~~~~~~~~~~~~~~~~~~~~~~[m[K
[2.051s] [01m[K/home/orin/ros2_ws/src/diffbot_description/hardware/include/diffbot_description/diffbot_system.hpp:65:3:[m[K [01;31m[Kerror: [m[K‘[01m[KDIFFBOT_DESCRIPTION_PUBLIC[m[K’ does not name a type
[2.051s]    65 |   [01;31m[KDIFFBOT_DESCRIPTION_PUBLIC[m[K
[2.051s]       |   [01;31m[K^~~~~~~~~~~~~~~~~~~~~~~~~~[m[K
[2.058s] [01m[K/home/orin/ros2_ws/src/diffbot_description/hardware/include/diffbot_description/diffbot_system.hpp:68:3:[m[K [01;31m[Kerror: [m[K‘[01m[KDIFFBOT_DESCRIPTION_PUBLIC[m[K’ does not name a type
[2.059s]    68 |   [01;31m[KDIFFBOT_DESCRIPTION_PUBLIC[m[K
[2.059s]       |   [01;31m[K^~~~~~~~~~~~~~~~~~~~~~~~~~[m[K
[2.066s] [01m[K/home/orin/ros2_ws/src/diffbot_description/hardware/include/diffbot_description/diffbot_system.hpp:71:3:[m[K [01;31m[Kerror: [m[K‘[01m[KDIFFBOT_DESCRIPTION_PUBLIC[m[K’ does not name a type
[2.066s]    71 |   [01;31m[KDIFFBOT_DESCRIPTION_PUBLIC[m[K
[2.066s]       |   [01;31m[K^~~~~~~~~~~~~~~~~~~~~~~~~~[m[K
[2.073s] [01m[K/home/orin/ros2_ws/src/diffbot_description/hardware/include/diffbot_description/diffbot_system.hpp:75:3:[m[K [01;31m[Kerror: [m[K‘[01m[KDIFFBOT_DESCRIPTION_PUBLIC[m[K’ does not name a type
[2.073s]    75 |   [01;31m[KDIFFBOT_DESCRIPTION_PUBLIC[m[K
[2.074s]       |   [01;31m[K^~~~~~~~~~~~~~~~~~~~~~~~~~[m[K
[2.080s] [01m[K/home/orin/ros2_ws/src/diffbot_description/hardware/include/diffbot_description/diffbot_system.hpp:80:3:[m[K [01;31m[Kerror: [m[K‘[01m[KDIFFBOT_DESCRIPTION_PUBLIC[m[K’ does not name a type
[2.081s]    80 |   [01;31m[KDIFFBOT_DESCRIPTION_PUBLIC[m[K
[2.081s]       |   [01;31m[K^~~~~~~~~~~~~~~~~~~~~~~~~~[m[K
[2.087s] [01m[K/home/orin/ros2_ws/src/diffbot_description/hardware/include/diffbot_description/diffbot_system.hpp:84:3:[m[K [01;31m[Kerror: [m[K‘[01m[KDIFFBOT_DESCRIPTION_PUBLIC[m[K’ does not name a type
[2.088s]    84 |   [01;31m[KDIFFBOT_DESCRIPTION_PUBLIC[m[K
[2.088s]       |   [01;31m[K^~~~~~~~~~~~~~~~~~~~~~~~~~[m[K
[2.094s] [01m[K/home/orin/ros2_ws/src/diffbot_description/hardware/include/diffbot_description/diffbot_system.hpp:88:3:[m[K [01;31m[Kerror: [m[K‘[01m[KDIFFBOT_DESCRIPTION_PUBLIC[m[K’ does not name a type
[2.094s]    88 |   [01;31m[KDIFFBOT_DESCRIPTION_PUBLIC[m[K
[2.094s]       |   [01;31m[K^~~~~~~~~~~~~~~~~~~~~~~~~~[m[K
[2.101s] [01m[K/home/orin/ros2_ws/src/diffbot_description/hardware/include/diffbot_description/diffbot_system.hpp:92:3:[m[K [01;31m[Kerror: [m[K‘[01m[KDIFFBOT_DESCRIPTION_PUBLIC[m[K’ does not name a type
[2.101s]    92 |   [01;31m[KDIFFBOT_DESCRIPTION_PUBLIC[m[K
[2.102s]       |   [01;31m[K^~~~~~~~~~~~~~~~~~~~~~~~~~[m[K
[2.104s] [01m[K/home/orin/ros2_ws/src/diffbot_description/hardware/include/diffbot_description/diffbot_system.hpp:98:3:[m[K [01;31m[Kerror: [m[K‘[01m[KArduinoComms[m[K’ does not name a type
[2.105s]    98 |   [01;31m[KArduinoComms[m[K comms_;
[2.105s]       |   [01;31m[K^~~~~~~~~~~~[m[K
[2.106s] [01m[K/home/orin/ros2_ws/src/diffbot_description/hardware/include/diffbot_description/diffbot_system.hpp:100:3:[m[K [01;31m[Kerror: [m[K‘[01m[KWheel[m[K’ does not name a type
[2.107s]   100 |   [01;31m[KWheel[m[K wheel_l_;
[2.107s]       |   [01;31m[K^~~~~[m[K
[2.108s] [01m[K/home/orin/ros2_ws/src/diffbot_description/hardware/include/diffbot_description/diffbot_system.hpp:101:3:[m[K [01;31m[Kerror: [m[K‘[01m[KWheel[m[K’ does not name a type
[2.108s]   101 |   [01;31m[KWheel[m[K wheel_r_;
[2.108s]       |   [01;31m[K^~~~~[m[K
[5.903s] [01m[K/home/orin/ros2_ws/src/diffbot_description/hardware/diffbot_system.cpp:28:36:[m[K [01;31m[Kerror: [m[Kno declaration matches ‘[01m[Khardware_interface::CallbackReturn diffbot_description::DiffDriveArduinoHardware::on_init(const hardware_interface::HardwareInfo&)[m[K’
[5.904s]    28 | hardware_interface::CallbackReturn [01;31m[KDiffDriveArduinoHardware[m[K::on_init(
[5.904s]       |                                    [01;31m[K^~~~~~~~~~~~~~~~~~~~~~~~[m[K
[5.904s] [01m[K/home/orin/ros2_ws/src/diffbot_description/hardware/diffbot_system.cpp:28:36:[m[K [01;36m[Knote: [m[Kno functions named ‘[01m[Khardware_interface::CallbackReturn diffbot_description::DiffDriveArduinoHardware::on_init(const hardware_interface::HardwareInfo&)[m[K’
[5.904s] In file included from [01m[K/home/orin/ros2_ws/src/diffbot_description/hardware/diffbot_system.cpp:15[m[K:
[5.904s] [01m[K/home/orin/ros2_ws/src/diffbot_description/hardware/include/diffbot_description/diffbot_system.hpp:39:7:[m[K [01;36m[Knote: [m[K‘[01m[Kclass diffbot_description::DiffDriveArduinoHardware[m[K’ defined here
[5.904s]    39 | class [01;36m[KDiffDriveArduinoHardware[m[K : public hardware_interface::SystemInterface
[5.905s]       |       [01;36m[K^~~~~~~~~~~~~~~~~~~~~~~~[m[K
[5.905s] [01m[K/home/orin/ros2_ws/src/diffbot_description/hardware/diffbot_system.cpp:115:49:[m[K [01;31m[Kerror: [m[Kno declaration matches ‘[01m[Kstd::vector<hardware_interface::StateInterface> diffbot_description::DiffDriveArduinoHardware::export_state_interfaces()[m[K’
[5.905s]   115 | std::vector<hardware_interface::StateInterface> [01;31m[KDiffDriveArduinoHardware[m[K::export_state_interfaces()
[5.905s]       |                                                 [01;31m[K^~~~~~~~~~~~~~~~~~~~~~~~[m[K
[5.905s] [01m[K/home/orin/ros2_ws/src/diffbot_description/hardware/diffbot_system.cpp:115:49:[m[K [01;36m[Knote: [m[Kno functions named ‘[01m[Kstd::vector<hardware_interface::StateInterface> diffbot_description::DiffDriveArduinoHardware::export_state_interfaces()[m[K’
[5.905s] In file included from [01m[K/home/orin/ros2_ws/src/diffbot_description/hardware/diffbot_system.cpp:15[m[K:
[5.905s] [01m[K/home/orin/ros2_ws/src/diffbot_description/hardware/include/diffbot_description/diffbot_system.hpp:39:7:[m[K [01;36m[Knote: [m[K‘[01m[Kclass diffbot_description::DiffDriveArduinoHardware[m[K’ defined here
[5.906s]    39 | class [01;36m[KDiffDriveArduinoHardware[m[K : public hardware_interface::SystemInterface
[5.906s]       |       [01;36m[K^~~~~~~~~~~~~~~~~~~~~~~~[m[K
[5.906s] [01m[K/home/orin/ros2_ws/src/diffbot_description/hardware/diffbot_system.cpp:132:51:[m[K [01;31m[Kerror: [m[Kno declaration matches ‘[01m[Kstd::vector<hardware_interface::CommandInterface> diffbot_description::DiffDriveArduinoHardware::export_command_interfaces()[m[K’
[5.906s]   132 | std::vector<hardware_interface::CommandInterface> [01;31m[KDiffDriveArduinoHardware[m[K::export_command_interfaces()
[5.906s]       |                                                   [01;31m[K^~~~~~~~~~~~~~~~~~~~~~~~[m[K
[5.906s] [01m[K/home/orin/ros2_ws/src/diffbot_description/hardware/diffbot_system.cpp:132:51:[m[K [01;36m[Knote: [m[Kno functions named ‘[01m[Kstd::vector<hardware_interface::CommandInterface> diffbot_description::DiffDriveArduinoHardware::export_command_interfaces()[m[K’
[5.906s] In file included from [01m[K/home/orin/ros2_ws/src/diffbot_description/hardware/diffbot_system.cpp:15[m[K:
[5.906s] [01m[K/home/orin/ros2_ws/src/diffbot_description/hardware/include/diffbot_description/diffbot_system.hpp:39:7:[m[K [01;36m[Knote: [m[K‘[01m[Kclass diffbot_description::DiffDriveArduinoHardware[m[K’ defined here
[5.907s]    39 | class [01;36m[KDiffDriveArduinoHardware[m[K : public hardware_interface::SystemInterface
[5.907s]       |       [01;36m[K^~~~~~~~~~~~~~~~~~~~~~~~[m[K
[5.907s] [01m[K/home/orin/ros2_ws/src/diffbot_description/hardware/diffbot_system.cpp:145:36:[m[K [01;31m[Kerror: [m[Kno declaration matches ‘[01m[Khardware_interface::CallbackReturn diffbot_description::DiffDriveArduinoHardware::on_configure(const rclcpp_lifecycle::State&)[m[K’
[5.907s]   145 | hardware_interface::CallbackReturn [01;31m[KDiffDriveArduinoHardware[m[K::on_configure(
[5.907s]       |                                    [01;31m[K^~~~~~~~~~~~~~~~~~~~~~~~[m[K
[5.907s] [01m[K/home/orin/ros2_ws/src/diffbot_description/hardware/diffbot_system.cpp:145:36:[m[K [01;36m[Knote: [m[Kno functions named ‘[01m[Khardware_interface::CallbackReturn diffbot_description::DiffDriveArduinoHardware::on_configure(const rclcpp_lifecycle::State&)[m[K’
[5.907s] In file included from [01m[K/home/orin/ros2_ws/src/diffbot_description/hardware/diffbot_system.cpp:15[m[K:
[5.908s] [01m[K/home/orin/ros2_ws/src/diffbot_description/hardware/include/diffbot_description/diffbot_system.hpp:39:7:[m[K [01;36m[Knote: [m[K‘[01m[Kclass diffbot_description::DiffDriveArduinoHardware[m[K’ defined here
[5.908s]    39 | class [01;36m[KDiffDriveArduinoHardware[m[K : public hardware_interface::SystemInterface
[5.908s]       |       [01;36m[K^~~~~~~~~~~~~~~~~~~~~~~~[m[K
[5.908s] [01m[K/home/orin/ros2_ws/src/diffbot_description/hardware/diffbot_system.cpp:159:36:[m[K [01;31m[Kerror: [m[Kno declaration matches ‘[01m[Khardware_interface::CallbackReturn diffbot_description::DiffDriveArduinoHardware::on_cleanup(const rclcpp_lifecycle::State&)[m[K’
[5.908s]   159 | hardware_interface::CallbackReturn [01;31m[KDiffDriveArduinoHardware[m[K::on_cleanup(
[5.908s]       |                                    [01;31m[K^~~~~~~~~~~~~~~~~~~~~~~~[m[K
[5.908s] [01m[K/home/orin/ros2_ws/src/diffbot_description/hardware/diffbot_system.cpp:159:36:[m[K [01;36m[Knote: [m[Kno functions named ‘[01m[Khardware_interface::CallbackReturn diffbot_description::DiffDriveArduinoHardware::on_cleanup(const rclcpp_lifecycle::State&)[m[K’
[5.908s] In file included from [01m[K/home/orin/ros2_ws/src/diffbot_description/hardware/diffbot_system.cpp:15[m[K:
[5.909s] [01m[K/home/orin/ros2_ws/src/diffbot_description/hardware/include/diffbot_description/diffbot_system.hpp:39:7:[m[K [01;36m[Knote: [m[K‘[01m[Kclass diffbot_description::DiffDriveArduinoHardware[m[K’ defined here
[5.909s]    39 | class [01;36m[KDiffDriveArduinoHardware[m[K : public hardware_interface::SystemInterface
[5.909s]       |       [01;36m[K^~~~~~~~~~~~~~~~~~~~~~~~[m[K
[5.909s] [01m[K/home/orin/ros2_ws/src/diffbot_description/hardware/diffbot_system.cpp:173:36:[m[K [01;31m[Kerror: [m[Kno declaration matches ‘[01m[Khardware_interface::CallbackReturn diffbot_description::DiffDriveArduinoHardware::on_activate(const rclcpp_lifecycle::State&)[m[K’
[5.909s]   173 | hardware_interface::CallbackReturn [01;31m[KDiffDriveArduinoHardware[m[K::on_activate(
[5.909s]       |                                    [01;31m[K^~~~~~~~~~~~~~~~~~~~~~~~[m[K
[5.909s] [01m[K/home/orin/ros2_ws/src/diffbot_description/hardware/diffbot_system.cpp:173:36:[m[K [01;36m[Knote: [m[Kno functions named ‘[01m[Khardware_interface::CallbackReturn diffbot_description::DiffDriveArduinoHardware::on_activate(const rclcpp_lifecycle::State&)[m[K’
[5.909s] In file included from [01m[K/home/orin/ros2_ws/src/diffbot_description/hardware/diffbot_system.cpp:15[m[K:
[5.910s] [01m[K/home/orin/ros2_ws/src/diffbot_description/hardware/include/diffbot_description/diffbot_system.hpp:39:7:[m[K [01;36m[Knote: [m[K‘[01m[Kclass diffbot_description::DiffDriveArduinoHardware[m[K’ defined here
[5.910s]    39 | class [01;36m[KDiffDriveArduinoHardware[m[K : public hardware_interface::SystemInterface
[5.910s]       |       [01;36m[K^~~~~~~~~~~~~~~~~~~~~~~~[m[K
[5.910s] [01m[K/home/orin/ros2_ws/src/diffbot_description/hardware/diffbot_system.cpp:190:36:[m[K [01;31m[Kerror: [m[Kno declaration matches ‘[01m[Khardware_interface::CallbackReturn diffbot_description::DiffDriveArduinoHardware::on_deactivate(const rclcpp_lifecycle::State&)[m[K’
[5.910s]   190 | hardware_interface::CallbackReturn [01;31m[KDiffDriveArduinoHardware[m[K::on_deactivate(
[5.910s]       |                                    [01;31m[K^~~~~~~~~~~~~~~~~~~~~~~~[m[K
[5.910s] [01m[K/home/orin/ros2_ws/src/diffbot_description/hardware/diffbot_system.cpp:190:36:[m[K [01;36m[Knote: [m[Kno functions named ‘[01m[Khardware_interface::CallbackReturn diffbot_description::DiffDriveArduinoHardware::on_deactivate(const rclcpp_lifecycle::State&)[m[K’
[5.910s] In file included from [01m[K/home/orin/ros2_ws/src/diffbot_description/hardware/diffbot_system.cpp:15[m[K:
[5.911s] [01m[K/home/orin/ros2_ws/src/diffbot_description/hardware/include/diffbot_description/diffbot_system.hpp:39:7:[m[K [01;36m[Knote: [m[K‘[01m[Kclass diffbot_description::DiffDriveArduinoHardware[m[K’ defined here
[5.911s]    39 | class [01;36m[KDiffDriveArduinoHardware[m[K : public hardware_interface::SystemInterface
[5.911s]       |       [01;36m[K^~~~~~~~~~~~~~~~~~~~~~~~[m[K
[5.911s] [01m[K/home/orin/ros2_ws/src/diffbot_description/hardware/diffbot_system.cpp:199:33:[m[K [01;31m[Kerror: [m[Kno declaration matches ‘[01m[Khardware_interface::return_type diffbot_description::DiffDriveArduinoHardware::read(const rclcpp::Time&, const rclcpp::Duration&)[m[K’
[5.911s]   199 | hardware_interface::return_type [01;31m[KDiffDriveArduinoHardware[m[K::read(
[5.911s]       |                                 [01;31m[K^~~~~~~~~~~~~~~~~~~~~~~~[m[K
[5.911s] [01m[K/home/orin/ros2_ws/src/diffbot_description/hardware/diffbot_system.cpp:199:33:[m[K [01;36m[Knote: [m[Kno functions named ‘[01m[Khardware_interface::return_type diffbot_description::DiffDriveArduinoHardware::read(const rclcpp::Time&, const rclcpp::Duration&)[m[K’
[5.912s] In file included from [01m[K/home/orin/ros2_ws/src/diffbot_description/hardware/diffbot_system.cpp:15[m[K:
[5.912s] [01m[K/home/orin/ros2_ws/src/diffbot_description/hardware/include/diffbot_description/diffbot_system.hpp:39:7:[m[K [01;36m[Knote: [m[K‘[01m[Kclass diffbot_description::DiffDriveArduinoHardware[m[K’ defined here
[5.912s]    39 | class [01;36m[KDiffDriveArduinoHardware[m[K : public hardware_interface::SystemInterface
[5.912s]       |       [01;36m[K^~~~~~~~~~~~~~~~~~~~~~~~[m[K
[5.912s] [01m[K/home/orin/ros2_ws/src/diffbot_description/hardware/diffbot_system.cpp:222:33:[m[K [01;31m[Kerror: [m[Kno declaration matches ‘[01m[Khardware_interface::return_type diffbot_description::DiffDriveArduinoHardware::write(const rclcpp::Time&, const rclcpp::Duration&)[m[K’
[5.912s]   222 | hardware_interface::return_type [01;31m[Kdiffbot_description[m[K ::DiffDriveArduinoHardware::write(
[5.912s]       |                                 [01;31m[K^~~~~~~~~~~~~~~~~~~[m[K
[5.912s] [01m[K/home/orin/ros2_ws/src/diffbot_description/hardware/diffbot_system.cpp:222:33:[m[K [01;36m[Knote: [m[Kno functions named ‘[01m[Khardware_interface::return_type diffbot_description::DiffDriveArduinoHardware::write(const rclcpp::Time&, const rclcpp::Duration&)[m[K’
[5.913s] In file included from [01m[K/home/orin/ros2_ws/src/diffbot_description/hardware/diffbot_system.cpp:15[m[K:
[5.913s] [01m[K/home/orin/ros2_ws/src/diffbot_description/hardware/include/diffbot_description/diffbot_system.hpp:39:7:[m[K [01;36m[Knote: [m[K‘[01m[Kclass diffbot_description::DiffDriveArduinoHardware[m[K’ defined here
[5.913s]    39 | class [01;36m[KDiffDriveArduinoHardware[m[K : public hardware_interface::SystemInterface
[5.913s]       |       [01;36m[K^~~~~~~~~~~~~~~~~~~~~~~~[m[K
[6.986s] In file included from [01m[K/opt/ros/humble/include/class_loader/class_loader/class_loader_core.hpp:57[m[K,
[6.986s]                  from [01m[K/opt/ros/humble/include/class_loader/class_loader/class_loader.hpp:55[m[K,
[6.986s]                  from [01m[K/opt/ros/humble/include/pluginlib/pluginlib/class_list_macros.hpp:40[m[K,
[6.987s]                  from [01m[K/home/orin/ros2_ws/src/diffbot_description/hardware/diffbot_system.cpp:238[m[K:
[6.987s] /opt/ros/humble/include/class_loader/class_loader/meta_object.hpp: In instantiation of ‘[01m[KB* class_loader::impl::MetaObject<C, B>::create() const [with C = diffbot_description::DiffDriveArduinoHardware; B = hardware_interface::SystemInterface][m[K’:
[6.987s] [01m[K/opt/ros/humble/include/class_loader/class_loader/meta_object.hpp:216:7:[m[K   required from here
[6.987s] [01m[K/opt/ros/humble/include/class_loader/class_loader/meta_object.hpp:218:12:[m[K [01;31m[Kerror: [m[Kinvalid new-expression of abstract class type ‘[01m[Kdiffbot_description::DiffDriveArduinoHardware[m[K’
[6.987s]   218 |     return [01;31m[Knew C[m[K;
[6.988s]       |            [01;31m[K^~~~~[m[K
[6.988s] In file included from [01m[K/home/orin/ros2_ws/src/diffbot_description/hardware/diffbot_system.cpp:15[m[K:
[6.988s] [01m[K/home/orin/ros2_ws/src/diffbot_description/hardware/include/diffbot_description/diffbot_system.hpp:39:7:[m[K [01;36m[Knote: [m[K  because the following virtual functions are pure within ‘[01m[Kdiffbot_description::DiffDriveArduinoHardware[m[K’:
[6.988s]    39 | class [01;36m[KDiffDriveArduinoHardware[m[K : public hardware_interface::SystemInterface
[6.988s]       |       [01;36m[K^~~~~~~~~~~~~~~~~~~~~~~~[m[K
[6.988s] In file included from [01m[K/home/orin/ros2_ws/src/diffbot_description/hardware/include/diffbot_description/diffbot_system.hpp:24[m[K,
[6.988s]                  from [01m[K/home/orin/ros2_ws/src/diffbot_description/hardware/diffbot_system.cpp:15[m[K:
[6.988s] [01m[K/opt/ros/humble/include/hardware_interface/system_interface.hpp:113:39:[m[K [01;36m[Knote: [m[K    ‘[01m[Kvirtual std::vector<hardware_interface::StateInterface> hardware_interface::SystemInterface::export_state_interfaces()[m[K’
[6.989s]   113 |   virtual std::vector<StateInterface> [01;36m[Kexport_state_interfaces[m[K() = 0;
[6.989s]       |                                       [01;36m[K^~~~~~~~~~~~~~~~~~~~~~~[m[K
[6.989s] [01m[K/opt/ros/humble/include/hardware_interface/system_interface.hpp:124:41:[m[K [01;36m[Knote: [m[K    ‘[01m[Kvirtual std::vector<hardware_interface::CommandInterface> hardware_interface::SystemInterface::export_command_interfaces()[m[K’
[6.989s]   124 |   virtual std::vector<CommandInterface> [01;36m[Kexport_command_interfaces[m[K() = 0;
[6.989s]       |                                         [01;36m[K^~~~~~~~~~~~~~~~~~~~~~~~~[m[K
[6.989s] [01m[K/opt/ros/humble/include/hardware_interface/system_interface.hpp:175:23:[m[K [01;36m[Knote: [m[K    ‘[01m[Kvirtual hardware_interface::return_type hardware_interface::SystemInterface::read(const rclcpp::Time&, const rclcpp::Duration&)[m[K’
[6.989s]   175 |   virtual return_type [01;36m[Kread[m[K(const rclcpp::Time & time, const rclcpp::Duration & period) = 0;
[6.989s]       |                       [01;36m[K^~~~[m[K
[6.990s] [01m[K/opt/ros/humble/include/hardware_interface/system_interface.hpp:186:23:[m[K [01;36m[Knote: [m[K    ‘[01m[Kvirtual hardware_interface::return_type hardware_interface::SystemInterface::write(const rclcpp::Time&, const rclcpp::Duration&)[m[K’
[6.990s]   186 |   virtual return_type [01;36m[Kwrite[m[K(const rclcpp::Time & time, const rclcpp::Duration & period) = 0;
[6.990s]       |                       [01;36m[K^~~~~[m[K
[7.151s] gmake[2]: *** [CMakeFiles/diffbot_description.dir/build.make:76: CMakeFiles/diffbot_description.dir/hardware/diffbot_system.cpp.o] Error 1
[7.151s] gmake[1]: *** [CMakeFiles/Makefile2:137: CMakeFiles/diffbot_description.dir/all] Error 2
[7.152s] gmake: *** [Makefile:146: all] Error 2
[7.159s] Invoked command in '/home/orin/ros2_ws/build/diffbot_description' returned '2': CMAKE_PREFIX_PATH=/opt/ros/humble /usr/bin/cmake --build /home/orin/ros2_ws/build/diffbot_description -- -j6 -l6
