-- The C compiler identification is GNU 11.4.0
-- The CXX compiler identification is GNU 11.4.0
-- Detecting C compiler ABI info
-- Detecting C compiler ABI info - done
-- Check for working C compiler: /usr/bin/cc - skipped
-- Detecting C compile features
-- Detecting C compile features - done
-- Detecting CXX compiler ABI info
-- Detecting CXX compiler ABI info - done
-- Check for working CXX compiler: /usr/bin/c++ - skipped
-- Detecting CXX compile features
-- Detecting CXX compile features - done
-- Found ament_cmake: 1.3.10 (/opt/ros/humble/share/ament_cmake/cmake)
-- Found Python3: /usr/bin/python3 (found version "3.10.12") found components: Interpreter 
-- Found rclcpp: 16.0.10 (/opt/ros/humble/share/rclcpp/cmake)
-- Found rosidl_generator_c: 3.1.5 (/opt/ros/humble/share/rosidl_generator_c/cmake)
-- Found rosidl_adapter: 3.1.5 (/opt/ros/humble/share/rosidl_adapter/cmake)
-- Found rosidl_generator_cpp: 3.1.5 (/opt/ros/humble/share/rosidl_generator_cpp/cmake)
-- Using all available rosidl_typesupport_c: rosidl_typesupport_fastrtps_c;rosidl_typesupport_introspection_c
-- Using all available rosidl_typesupport_cpp: rosidl_typesupport_fastrtps_cpp;rosidl_typesupport_introspection_cpp
-- Found rmw_implementation_cmake: 6.1.2 (/opt/ros/humble/share/rmw_implementation_cmake/cmake)
-- Found rmw_fastrtps_cpp: 6.2.7 (/opt/ros/humble/share/rmw_fastrtps_cpp/cmake)
-- Found OpenSSL: /usr/lib/aarch64-linux-gnu/libcrypto.so (found version "3.0.2")  
-- Found FastRTPS: /opt/ros/humble/include  
-- Using RMW implementation 'rmw_fastrtps_cpp' as default
-- Looking for pthread.h
-- Looking for pthread.h - found
-- Performing Test CMAKE_HAVE_LIBC_PTHREAD
-- Performing Test CMAKE_HAVE_LIBC_PTHREAD - Success
-- Found Threads: TRUE  
-- Found sensor_msgs: 4.2.4 (/opt/ros/humble/share/sensor_msgs/cmake)
-- Found Boost: /usr/lib/aarch64-linux-gnu/cmake/Boost-1.74.0/BoostConfig.cmake (found version "1.74.0") found components: system 
-- Configuring done
-- Generating done
-- Build files have been written to: /home/orin/ros2_ws/build/arduino_serial_comm
[ 50%] [32mBuilding CXX object CMakeFiles/serial_comm_node.dir/src/serial_comm_node.cpp.o[0m
[100%] [32m[1mLinking CXX executable serial_comm_node[0m
[100%] Built target serial_comm_node
-- Install configuration: ""
-- Installing: /home/orin/ros2_ws/install/arduino_serial_comm/lib/arduino_serial_comm/serial_comm_node
-- Set runtime path of "/home/orin/ros2_ws/install/arduino_serial_comm/lib/arduino_serial_comm/serial_comm_node" to ""
-- Installing: /home/orin/ros2_ws/install/arduino_serial_comm/share/ament_index/resource_index/package_run_dependencies/arduino_serial_comm
-- Installing: /home/orin/ros2_ws/install/arduino_serial_comm/share/ament_index/resource_index/parent_prefix_path/arduino_serial_comm
-- Installing: /home/orin/ros2_ws/install/arduino_serial_comm/share/arduino_serial_comm/environment/ament_prefix_path.sh
-- Installing: /home/orin/ros2_ws/install/arduino_serial_comm/share/arduino_serial_comm/environment/ament_prefix_path.dsv
-- Installing: /home/orin/ros2_ws/install/arduino_serial_comm/share/arduino_serial_comm/environment/path.sh
-- Installing: /home/orin/ros2_ws/install/arduino_serial_comm/share/arduino_serial_comm/environment/path.dsv
-- Installing: /home/orin/ros2_ws/install/arduino_serial_comm/share/arduino_serial_comm/local_setup.bash
-- Installing: /home/orin/ros2_ws/install/arduino_serial_comm/share/arduino_serial_comm/local_setup.sh
-- Installing: /home/orin/ros2_ws/install/arduino_serial_comm/share/arduino_serial_comm/local_setup.zsh
-- Installing: /home/orin/ros2_ws/install/arduino_serial_comm/share/arduino_serial_comm/local_setup.dsv
-- Installing: /home/orin/ros2_ws/install/arduino_serial_comm/share/arduino_serial_comm/package.dsv
-- Installing: /home/orin/ros2_ws/install/arduino_serial_comm/share/ament_index/resource_index/packages/arduino_serial_comm
-- Installing: /home/orin/ros2_ws/install/arduino_serial_comm/share/arduino_serial_comm/cmake/arduino_serial_commConfig.cmake
-- Installing: /home/orin/ros2_ws/install/arduino_serial_comm/share/arduino_serial_comm/cmake/arduino_serial_commConfig-version.cmake
-- Installing: /home/orin/ros2_ws/install/arduino_serial_comm/share/arduino_serial_comm/package.xml
