[1.251s] Invoking command in '/home/orin/ros2_ws/build/arduino_serial_comm': CMAKE_PREFIX_PATH=/home/orin/ros2_ws/install/sllidar_ros2:/home/orin/ros2_ws/install/ros2_control_demo_example_5:/home/orin/ros2_ws/install/ros2_control_demo_description:/home/orin/ros2_ws/install/my_bot_imu:/home/orin/ros2_ws/install/my_bot_description:/home/orin/ros2_ws/install/wheel_encoder_odometry:/home/orin/ros2_ws/install/ros2_control_demo_testing:/home/orin/ros2_ws/install/arduino_odometry:/opt/ros/humble:/home/orin/ros2_ws/install/mobile_robot_description:/home/orin/ros2_ws/install/image_geometry:/home/orin/ros2_ws/install/gazebo_dev:/home/orin/ros2_ws/install/depthai-ros:/home/orin/ros2_ws/install/depthai_examples:/home/orin/ros2_ws/install/depthai_ros_msgs:/home/orin/ros2_ws/install/depthai_descriptions:/home/orin/ros2_ws/install/cv_bridge /usr/bin/cmake /home/orin/ros2_ws/src/arduino_serial_comm -DCMAKE_INSTALL_PREFIX=/home/orin/ros2_ws/install/arduino_serial_comm
[1.891s] -- The C compiler identification is GNU 11.4.0
[2.343s] -- The CXX compiler identification is GNU 11.4.0
[2.373s] -- Detecting C compiler ABI info
[2.575s] -- Detecting C compiler ABI info - done
[2.586s] -- Check for working C compiler: /usr/bin/cc - skipped
[2.587s] -- Detecting C compile features
[2.590s] -- Detecting C compile features - done
[2.596s] -- Detecting CXX compiler ABI info
[2.811s] -- Detecting CXX compiler ABI info - done
[2.842s] -- Check for working CXX compiler: /usr/bin/c++ - skipped
[2.842s] -- Detecting CXX compile features
[2.843s] -- Detecting CXX compile features - done
[2.876s] -- Found ament_cmake: 1.3.10 (/opt/ros/humble/share/ament_cmake/cmake)
[4.103s] -- Found Python3: /usr/bin/python3 (found version "3.10.12") found components: Interpreter 
[4.515s] -- Found rclcpp: 16.0.10 (/opt/ros/humble/share/rclcpp/cmake)
[4.860s] -- Found rosidl_generator_c: 3.1.5 (/opt/ros/humble/share/rosidl_generator_c/cmake)
[4.891s] -- Found rosidl_adapter: 3.1.5 (/opt/ros/humble/share/rosidl_adapter/cmake)
[4.955s] -- Found rosidl_generator_cpp: 3.1.5 (/opt/ros/humble/share/rosidl_generator_cpp/cmake)
[5.025s] -- Using all available rosidl_typesupport_c: rosidl_typesupport_fastrtps_c;rosidl_typesupport_introspection_c
[5.124s] -- Using all available rosidl_typesupport_cpp: rosidl_typesupport_fastrtps_cpp;rosidl_typesupport_introspection_cpp
[5.395s] -- Found rmw_implementation_cmake: 6.1.2 (/opt/ros/humble/share/rmw_implementation_cmake/cmake)
[5.417s] -- Found rmw_fastrtps_cpp: 6.2.7 (/opt/ros/humble/share/rmw_fastrtps_cpp/cmake)
[5.871s] -- Found OpenSSL: /usr/lib/aarch64-linux-gnu/libcrypto.so (found version "3.0.2")  
[6.069s] -- Found FastRTPS: /opt/ros/humble/include  
[6.207s] -- Using RMW implementation 'rmw_fastrtps_cpp' as default
[6.292s] -- Looking for pthread.h
[6.612s] -- Looking for pthread.h - found
[6.615s] -- Performing Test CMAKE_HAVE_LIBC_PTHREAD
[7.007s] -- Performing Test CMAKE_HAVE_LIBC_PTHREAD - Success
[7.011s] -- Found Threads: TRUE  
[7.290s] -- Found sensor_msgs: 4.2.4 (/opt/ros/humble/share/sensor_msgs/cmake)
[7.477s] -- Found Boost: /usr/lib/aarch64-linux-gnu/cmake/Boost-1.74.0/BoostConfig.cmake (found version "1.74.0") found components: system 
[7.862s] -- Configuring done
[7.893s] -- Generating done
[7.911s] -- Build files have been written to: /home/orin/ros2_ws/build/arduino_serial_comm
[8.024s] Invoked command in '/home/orin/ros2_ws/build/arduino_serial_comm' returned '0': CMAKE_PREFIX_PATH=/home/orin/ros2_ws/install/sllidar_ros2:/home/orin/ros2_ws/install/ros2_control_demo_example_5:/home/orin/ros2_ws/install/ros2_control_demo_description:/home/orin/ros2_ws/install/my_bot_imu:/home/orin/ros2_ws/install/my_bot_description:/home/orin/ros2_ws/install/wheel_encoder_odometry:/home/orin/ros2_ws/install/ros2_control_demo_testing:/home/orin/ros2_ws/install/arduino_odometry:/opt/ros/humble:/home/orin/ros2_ws/install/mobile_robot_description:/home/orin/ros2_ws/install/image_geometry:/home/orin/ros2_ws/install/gazebo_dev:/home/orin/ros2_ws/install/depthai-ros:/home/orin/ros2_ws/install/depthai_examples:/home/orin/ros2_ws/install/depthai_ros_msgs:/home/orin/ros2_ws/install/depthai_descriptions:/home/orin/ros2_ws/install/cv_bridge /usr/bin/cmake /home/orin/ros2_ws/src/arduino_serial_comm -DCMAKE_INSTALL_PREFIX=/home/orin/ros2_ws/install/arduino_serial_comm
[8.025s] Invoking command in '/home/orin/ros2_ws/build/arduino_serial_comm': CMAKE_PREFIX_PATH=/home/orin/ros2_ws/install/sllidar_ros2:/home/orin/ros2_ws/install/ros2_control_demo_example_5:/home/orin/ros2_ws/install/ros2_control_demo_description:/home/orin/ros2_ws/install/my_bot_imu:/home/orin/ros2_ws/install/my_bot_description:/home/orin/ros2_ws/install/wheel_encoder_odometry:/home/orin/ros2_ws/install/ros2_control_demo_testing:/home/orin/ros2_ws/install/arduino_odometry:/opt/ros/humble:/home/orin/ros2_ws/install/mobile_robot_description:/home/orin/ros2_ws/install/image_geometry:/home/orin/ros2_ws/install/gazebo_dev:/home/orin/ros2_ws/install/depthai-ros:/home/orin/ros2_ws/install/depthai_examples:/home/orin/ros2_ws/install/depthai_ros_msgs:/home/orin/ros2_ws/install/depthai_descriptions:/home/orin/ros2_ws/install/cv_bridge /usr/bin/cmake --build /home/orin/ros2_ws/build/arduino_serial_comm -- -j6 -l6
[8.459s] [ 50%] [32mBuilding CXX object CMakeFiles/serial_comm_node.dir/src/serial_comm_node.cpp.o[0m
[69.787s] [100%] [32m[1mLinking CXX executable serial_comm_node[0m
[71.020s] [100%] Built target serial_comm_node
[71.069s] Invoked command in '/home/orin/ros2_ws/build/arduino_serial_comm' returned '0': CMAKE_PREFIX_PATH=/home/orin/ros2_ws/install/sllidar_ros2:/home/orin/ros2_ws/install/ros2_control_demo_example_5:/home/orin/ros2_ws/install/ros2_control_demo_description:/home/orin/ros2_ws/install/my_bot_imu:/home/orin/ros2_ws/install/my_bot_description:/home/orin/ros2_ws/install/wheel_encoder_odometry:/home/orin/ros2_ws/install/ros2_control_demo_testing:/home/orin/ros2_ws/install/arduino_odometry:/opt/ros/humble:/home/orin/ros2_ws/install/mobile_robot_description:/home/orin/ros2_ws/install/image_geometry:/home/orin/ros2_ws/install/gazebo_dev:/home/orin/ros2_ws/install/depthai-ros:/home/orin/ros2_ws/install/depthai_examples:/home/orin/ros2_ws/install/depthai_ros_msgs:/home/orin/ros2_ws/install/depthai_descriptions:/home/orin/ros2_ws/install/cv_bridge /usr/bin/cmake --build /home/orin/ros2_ws/build/arduino_serial_comm -- -j6 -l6
[71.187s] Invoking command in '/home/orin/ros2_ws/build/arduino_serial_comm': CMAKE_PREFIX_PATH=/home/orin/ros2_ws/install/sllidar_ros2:/home/orin/ros2_ws/install/ros2_control_demo_example_5:/home/orin/ros2_ws/install/ros2_control_demo_description:/home/orin/ros2_ws/install/my_bot_imu:/home/orin/ros2_ws/install/my_bot_description:/home/orin/ros2_ws/install/wheel_encoder_odometry:/home/orin/ros2_ws/install/ros2_control_demo_testing:/home/orin/ros2_ws/install/arduino_odometry:/opt/ros/humble:/home/orin/ros2_ws/install/mobile_robot_description:/home/orin/ros2_ws/install/image_geometry:/home/orin/ros2_ws/install/gazebo_dev:/home/orin/ros2_ws/install/depthai-ros:/home/orin/ros2_ws/install/depthai_examples:/home/orin/ros2_ws/install/depthai_ros_msgs:/home/orin/ros2_ws/install/depthai_descriptions:/home/orin/ros2_ws/install/cv_bridge /usr/bin/cmake --install /home/orin/ros2_ws/build/arduino_serial_comm
[76.772s] -- Install configuration: ""
[76.772s] -- Installing: /home/orin/ros2_ws/install/arduino_serial_comm/lib/arduino_serial_comm/serial_comm_node
[76.773s] -- Set runtime path of "/home/orin/ros2_ws/install/arduino_serial_comm/lib/arduino_serial_comm/serial_comm_node" to ""
[76.774s] -- Installing: /home/orin/ros2_ws/install/arduino_serial_comm/share/ament_index/resource_index/package_run_dependencies/arduino_serial_comm
[76.777s] -- Installing: /home/orin/ros2_ws/install/arduino_serial_comm/share/ament_index/resource_index/parent_prefix_path/arduino_serial_comm
[76.777s] -- Installing: /home/orin/ros2_ws/install/arduino_serial_comm/share/arduino_serial_comm/environment/ament_prefix_path.sh
[76.777s] -- Installing: /home/orin/ros2_ws/install/arduino_serial_comm/share/arduino_serial_comm/environment/ament_prefix_path.dsv
[76.777s] -- Installing: /home/orin/ros2_ws/install/arduino_serial_comm/share/arduino_serial_comm/environment/path.sh
[76.777s] -- Installing: /home/orin/ros2_ws/install/arduino_serial_comm/share/arduino_serial_comm/environment/path.dsv
[76.778s] -- Installing: /home/orin/ros2_ws/install/arduino_serial_comm/share/arduino_serial_comm/local_setup.bash
[76.778s] -- Installing: /home/orin/ros2_ws/install/arduino_serial_comm/share/arduino_serial_comm/local_setup.sh
[76.778s] -- Installing: /home/orin/ros2_ws/install/arduino_serial_comm/share/arduino_serial_comm/local_setup.zsh
[76.778s] -- Installing: /home/orin/ros2_ws/install/arduino_serial_comm/share/arduino_serial_comm/local_setup.dsv
[76.778s] -- Installing: /home/orin/ros2_ws/install/arduino_serial_comm/share/arduino_serial_comm/package.dsv
[76.778s] -- Installing: /home/orin/ros2_ws/install/arduino_serial_comm/share/ament_index/resource_index/packages/arduino_serial_comm
[76.779s] -- Installing: /home/orin/ros2_ws/install/arduino_serial_comm/share/arduino_serial_comm/cmake/arduino_serial_commConfig.cmake
[76.779s] -- Installing: /home/orin/ros2_ws/install/arduino_serial_comm/share/arduino_serial_comm/cmake/arduino_serial_commConfig-version.cmake
[76.779s] -- Installing: /home/orin/ros2_ws/install/arduino_serial_comm/share/arduino_serial_comm/package.xml
[76.780s] Invoked command in '/home/orin/ros2_ws/build/arduino_serial_comm' returned '0': CMAKE_PREFIX_PATH=/home/orin/ros2_ws/install/sllidar_ros2:/home/orin/ros2_ws/install/ros2_control_demo_example_5:/home/orin/ros2_ws/install/ros2_control_demo_description:/home/orin/ros2_ws/install/my_bot_imu:/home/orin/ros2_ws/install/my_bot_description:/home/orin/ros2_ws/install/wheel_encoder_odometry:/home/orin/ros2_ws/install/ros2_control_demo_testing:/home/orin/ros2_ws/install/arduino_odometry:/opt/ros/humble:/home/orin/ros2_ws/install/mobile_robot_description:/home/orin/ros2_ws/install/image_geometry:/home/orin/ros2_ws/install/gazebo_dev:/home/orin/ros2_ws/install/depthai-ros:/home/orin/ros2_ws/install/depthai_examples:/home/orin/ros2_ws/install/depthai_ros_msgs:/home/orin/ros2_ws/install/depthai_descriptions:/home/orin/ros2_ws/install/cv_bridge /usr/bin/cmake --install /home/orin/ros2_ws/build/arduino_serial_comm
