[2.793s] Invoking command in '/home/orin/ros2_ws/src/arduino_odometry': PYTHONPATH=/home/orin/ros2_ws/build/arduino_odometry/prefix_override:/usr/lib/python3/dist-packages/colcon_core/task/python/colcon_distutils_commands:/home/orin/ros2_ws/install/arduino_odometry/lib/python3.10/site-packages:${PYTHONPATH} /usr/bin/python3 -W ignore:setup.py install is deprecated -W ignore:easy_install command is deprecated setup.py egg_info --egg-base ../../build/arduino_odometry build --build-base /home/orin/ros2_ws/build/arduino_odometry/build install --record /home/orin/ros2_ws/build/arduino_odometry/install.log --single-version-externally-managed install_data
[3.499s] running egg_info
[3.553s] writing ../../build/arduino_odometry/arduino_odometry.egg-info/PKG-INFO
[3.555s] writing dependency_links to ../../build/arduino_odometry/arduino_odometry.egg-info/dependency_links.txt
[3.555s] writing entry points to ../../build/arduino_odometry/arduino_odometry.egg-info/entry_points.txt
[3.556s] writing requirements to ../../build/arduino_odometry/arduino_odometry.egg-info/requires.txt
[3.557s] writing top-level names to ../../build/arduino_odometry/arduino_odometry.egg-info/top_level.txt
[3.666s] reading manifest file '../../build/arduino_odometry/arduino_odometry.egg-info/SOURCES.txt'
[3.671s] writing manifest file '../../build/arduino_odometry/arduino_odometry.egg-info/SOURCES.txt'
[3.671s] running build
[3.671s] running build_py
[3.674s] copying arduino_odometry/__init__.py -> /home/orin/ros2_ws/build/arduino_odometry/build/lib/arduino_odometry
[3.674s] copying arduino_odometry/arduino_odometry_node.py -> /home/orin/ros2_ws/build/arduino_odometry/build/lib/arduino_odometry
[3.676s] running install
[3.686s] running install_lib
[3.746s] running install_data
[3.748s] copying resource/arduino_odometry -> /home/orin/ros2_ws/install/arduino_odometry/share/ament_index/resource_index/packages
[3.749s] copying package.xml -> /home/orin/ros2_ws/install/arduino_odometry/share/arduino_odometry
[3.749s] running install_egg_info
[3.805s] removing '/home/orin/ros2_ws/install/arduino_odometry/lib/python3.10/site-packages/arduino_odometry-0.0.0-py3.10.egg-info' (and everything under it)
[3.806s] Copying ../../build/arduino_odometry/arduino_odometry.egg-info to /home/orin/ros2_ws/install/arduino_odometry/lib/python3.10/site-packages/arduino_odometry-0.0.0-py3.10.egg-info
[3.810s] running install_scripts
[4.233s] Installing arduino_odometry_node script to /home/orin/ros2_ws/install/arduino_odometry/lib/arduino_odometry
[4.245s] writing list of installed files to '/home/orin/ros2_ws/build/arduino_odometry/install.log'
[4.329s] Invoked command in '/home/orin/ros2_ws/src/arduino_odometry' returned '0': PYTHONPATH=/home/orin/ros2_ws/build/arduino_odometry/prefix_override:/usr/lib/python3/dist-packages/colcon_core/task/python/colcon_distutils_commands:/home/orin/ros2_ws/install/arduino_odometry/lib/python3.10/site-packages:${PYTHONPATH} /usr/bin/python3 -W ignore:setup.py install is deprecated -W ignore:easy_install command is deprecated setup.py egg_info --egg-base ../../build/arduino_odometry build --build-base /home/orin/ros2_ws/build/arduino_odometry/build install --record /home/orin/ros2_ws/build/arduino_odometry/install.log --single-version-externally-managed install_data
