[0.110s] Invoking command in '/home/orin/ros2_ws/build/examples_rclcpp_minimal_service': /usr/bin/cmake --build /home/orin/ros2_ws/build/examples_rclcpp_minimal_service -- -j6 -l6
[0.939s] [100%] Built target service_main
[1.006s] Invoked command in '/home/orin/ros2_ws/build/examples_rclcpp_minimal_service' returned '0': /usr/bin/cmake --build /home/orin/ros2_ws/build/examples_rclcpp_minimal_service -- -j6 -l6
[1.600s] Invoking command in '/home/orin/ros2_ws/build/examples_rclcpp_minimal_service': /usr/bin/cmake --install /home/orin/ros2_ws/build/examples_rclcpp_minimal_service
[1.813s] -- Install configuration: ""
[1.830s] -- Execute custom install script
[1.836s] -- Up-to-date symlink: /home/orin/ros2_ws/install/examples_rclcpp_minimal_service/lib/examples_rclcpp_minimal_service/service_main
[1.839s] -- Up-to-date symlink: /home/orin/ros2_ws/install/examples_rclcpp_minimal_service/share/ament_index/resource_index/package_run_dependencies/examples_rclcpp_minimal_service
[1.839s] -- Up-to-date symlink: /home/orin/ros2_ws/install/examples_rclcpp_minimal_service/share/ament_index/resource_index/parent_prefix_path/examples_rclcpp_minimal_service
[1.855s] -- Up-to-date symlink: /home/orin/ros2_ws/install/examples_rclcpp_minimal_service/share/examples_rclcpp_minimal_service/environment/ament_prefix_path.sh
[1.862s] -- Up-to-date symlink: /home/orin/ros2_ws/install/examples_rclcpp_minimal_service/share/examples_rclcpp_minimal_service/environment/ament_prefix_path.dsv
[1.865s] -- Up-to-date symlink: /home/orin/ros2_ws/install/examples_rclcpp_minimal_service/share/examples_rclcpp_minimal_service/environment/path.sh
[1.871s] -- Up-to-date symlink: /home/orin/ros2_ws/install/examples_rclcpp_minimal_service/share/examples_rclcpp_minimal_service/environment/path.dsv
[1.880s] -- Up-to-date symlink: /home/orin/ros2_ws/install/examples_rclcpp_minimal_service/share/examples_rclcpp_minimal_service/local_setup.bash
[1.891s] -- Up-to-date symlink: /home/orin/ros2_ws/install/examples_rclcpp_minimal_service/share/examples_rclcpp_minimal_service/local_setup.sh
[1.899s] -- Up-to-date symlink: /home/orin/ros2_ws/install/examples_rclcpp_minimal_service/share/examples_rclcpp_minimal_service/local_setup.zsh
[1.904s] -- Up-to-date symlink: /home/orin/ros2_ws/install/examples_rclcpp_minimal_service/share/examples_rclcpp_minimal_service/local_setup.dsv
[1.906s] -- Symlinking: /home/orin/ros2_ws/install/examples_rclcpp_minimal_service/share/examples_rclcpp_minimal_service/package.dsv
[2.120s] -- Up-to-date symlink: /home/orin/ros2_ws/install/examples_rclcpp_minimal_service/share/ament_index/resource_index/packages/examples_rclcpp_minimal_service
[2.142s] -- Up-to-date symlink: /home/orin/ros2_ws/install/examples_rclcpp_minimal_service/share/examples_rclcpp_minimal_service/cmake/examples_rclcpp_minimal_serviceConfig.cmake
[2.143s] -- Up-to-date symlink: /home/orin/ros2_ws/install/examples_rclcpp_minimal_service/share/examples_rclcpp_minimal_service/cmake/examples_rclcpp_minimal_serviceConfig-version.cmake
[2.143s] -- Up-to-date symlink: /home/orin/ros2_ws/install/examples_rclcpp_minimal_service/share/examples_rclcpp_minimal_service/package.xml
[2.356s] Invoked command in '/home/orin/ros2_ws/build/examples_rclcpp_minimal_service' returned '0': /usr/bin/cmake --install /home/orin/ros2_ws/build/examples_rclcpp_minimal_service
