[7.702s] Invoking command in '/home/orin/ros2_ws/build/encoder_ultrasonic_package': PYTHONPATH=/home/orin/ros2_ws/build/encoder_ultrasonic_package/prefix_override:/usr/lib/python3/dist-packages/colcon_core/task/python/colcon_distutils_commands:/home/orin/ros2_ws/install/encoder_ultrasonic_package/lib/python3.10/site-packages:${PYTHONPATH} /usr/bin/python3 -W ignore:setup.py install is deprecated setup.py develop --editable --build-directory /home/orin/ros2_ws/build/encoder_ultrasonic_package/build --no-deps symlink_data --force
[9.161s] /home/orin/.local/lib/python3.10/site-packages/setuptools/_distutils/dist.py:261: UserWarning: Unknown distribution option: 'tests_require'
[9.161s]   warnings.warn(msg)
[11.058s] running develop
[11.066s] /home/orin/.local/lib/python3.10/site-packages/setuptools/command/develop.py:41: EasyInstallDeprecationWarning: easy_install command is deprecated.
[11.066s] !!
[11.066s] 
[11.066s]         ********************************************************************************
[11.067s]         Please avoid running ``setup.py`` and ``easy_install``.
[11.067s]         Instead, use pypa/build, pypa/installer or other
[11.067s]         standards-based tools.
[11.067s] 
[11.067s]         See https://github.com/pypa/setuptools/issues/917 for details.
[11.067s]         ********************************************************************************
[11.067s] 
[11.068s] !!
[11.068s]   easy_install.initialize_options(self)
[13.312s] running egg_info
[13.614s] writing encoder_ultrasonic_package.egg-info/PKG-INFO
[13.618s] writing dependency_links to encoder_ultrasonic_package.egg-info/dependency_links.txt
[13.623s] writing entry points to encoder_ultrasonic_package.egg-info/entry_points.txt
[13.623s] writing requirements to encoder_ultrasonic_package.egg-info/requires.txt
[13.637s] writing top-level names to encoder_ultrasonic_package.egg-info/top_level.txt
[13.828s] reading manifest file 'encoder_ultrasonic_package.egg-info/SOURCES.txt'
[13.828s] writing manifest file 'encoder_ultrasonic_package.egg-info/SOURCES.txt'
[13.919s] running build_ext
[13.920s] Creating /home/orin/ros2_ws/install/encoder_ultrasonic_package/lib/python3.10/site-packages/encoder-ultrasonic-package.egg-link (link to .)
[13.945s] Installing encoder_ultrasonic_node script to /home/orin/ros2_ws/install/encoder_ultrasonic_package/lib/encoder_ultrasonic_package
[13.945s] 
[13.945s] Installed /home/orin/ros2_ws/build/encoder_ultrasonic_package
[13.945s] running symlink_data
[13.946s] symbolically linking /home/orin/ros2_ws/build/encoder_ultrasonic_package/resource/encoder_ultrasonic_package -> /home/orin/ros2_ws/install/encoder_ultrasonic_package/share/ament_index/resource_index/packages
[13.946s] symbolically linking /home/orin/ros2_ws/build/encoder_ultrasonic_package/package.xml -> /home/orin/ros2_ws/install/encoder_ultrasonic_package/share/encoder_ultrasonic_package
[14.141s] Invoked command in '/home/orin/ros2_ws/build/encoder_ultrasonic_package' returned '0': PYTHONPATH=/home/orin/ros2_ws/build/encoder_ultrasonic_package/prefix_override:/usr/lib/python3/dist-packages/colcon_core/task/python/colcon_distutils_commands:/home/orin/ros2_ws/install/encoder_ultrasonic_package/lib/python3.10/site-packages:${PYTHONPATH} /usr/bin/python3 -W ignore:setup.py install is deprecated setup.py develop --editable --build-directory /home/orin/ros2_ws/build/encoder_ultrasonic_package/build --no-deps symlink_data --force
