[4.052s] Invoking command in '/home/orin/ros2_ws/build/encoder_ultrasonic_package': PYTHONPATH=/home/orin/ros2_ws/build/encoder_ultrasonic_package/prefix_override:/usr/lib/python3/dist-packages/colcon_core/task/python/colcon_distutils_commands:/home/orin/ros2_ws/install/encoder_ultrasonic_package/lib/python3.10/site-packages:${PYTHONPATH} /usr/bin/python3 -W ignore:setup.py install is deprecated -W ignore:easy_install command is deprecated setup.py develop --uninstall --editable --build-directory /home/orin/ros2_ws/build/encoder_ultrasonic_package/build
[4.954s] /home/orin/.local/lib/python3.10/site-packages/setuptools/_distutils/dist.py:261: UserWarning: Unknown distribution option: 'tests_require'
[4.954s]   warnings.warn(msg)
[5.601s] running develop
[6.722s] Removing /home/orin/ros2_ws/install/encoder_ultrasonic_package/lib/python3.10/site-packages/encoder-ultrasonic-package.egg-link (link to .)
[6.891s] Invoked command in '/home/orin/ros2_ws/build/encoder_ultrasonic_package' returned '0': PYTHONPATH=/home/orin/ros2_ws/build/encoder_ultrasonic_package/prefix_override:/usr/lib/python3/dist-packages/colcon_core/task/python/colcon_distutils_commands:/home/orin/ros2_ws/install/encoder_ultrasonic_package/lib/python3.10/site-packages:${PYTHONPATH} /usr/bin/python3 -W ignore:setup.py install is deprecated -W ignore:easy_install command is deprecated setup.py develop --uninstall --editable --build-directory /home/orin/ros2_ws/build/encoder_ultrasonic_package/build
[6.892s] Invoking command in '/home/orin/ros2_ws/src/encoder_ultrasonic_package': PYTHONPATH=/home/orin/ros2_ws/build/encoder_ultrasonic_package/prefix_override:/usr/lib/python3/dist-packages/colcon_core/task/python/colcon_distutils_commands:/home/orin/ros2_ws/install/encoder_ultrasonic_package/lib/python3.10/site-packages:${PYTHONPATH} /usr/bin/python3 -W ignore:setup.py install is deprecated -W ignore:easy_install command is deprecated setup.py egg_info --egg-base ../../build/encoder_ultrasonic_package build --build-base /home/orin/ros2_ws/build/encoder_ultrasonic_package/build install --record /home/orin/ros2_ws/build/encoder_ultrasonic_package/install.log --single-version-externally-managed install_data --force
[10.878s] running egg_info
[10.878s] writing ../../build/encoder_ultrasonic_package/encoder_ultrasonic_package.egg-info/PKG-INFO
[10.878s] writing dependency_links to ../../build/encoder_ultrasonic_package/encoder_ultrasonic_package.egg-info/dependency_links.txt
[10.878s] writing entry points to ../../build/encoder_ultrasonic_package/encoder_ultrasonic_package.egg-info/entry_points.txt
[10.878s] writing requirements to ../../build/encoder_ultrasonic_package/encoder_ultrasonic_package.egg-info/requires.txt
[10.879s] writing top-level names to ../../build/encoder_ultrasonic_package/encoder_ultrasonic_package.egg-info/top_level.txt
[10.879s] reading manifest file '../../build/encoder_ultrasonic_package/encoder_ultrasonic_package.egg-info/SOURCES.txt'
[10.879s] writing manifest file '../../build/encoder_ultrasonic_package/encoder_ultrasonic_package.egg-info/SOURCES.txt'
[10.879s] running build
[10.879s] running build_py
[10.879s] copying encoder_ultrasonic_package/__init__.py -> /home/orin/ros2_ws/build/encoder_ultrasonic_package/build/lib/encoder_ultrasonic_package
[10.879s] copying encoder_ultrasonic_package/encoder_ultrasonic_node.py -> /home/orin/ros2_ws/build/encoder_ultrasonic_package/build/lib/encoder_ultrasonic_package
[10.879s] running install
[10.880s] running install_lib
[10.880s] creating /home/orin/ros2_ws/install/encoder_ultrasonic_package/lib/python3.10/site-packages/encoder_ultrasonic_package
[10.880s] copying /home/orin/ros2_ws/build/encoder_ultrasonic_package/build/lib/encoder_ultrasonic_package/__init__.py -> /home/orin/ros2_ws/install/encoder_ultrasonic_package/lib/python3.10/site-packages/encoder_ultrasonic_package
[10.880s] copying /home/orin/ros2_ws/build/encoder_ultrasonic_package/build/lib/encoder_ultrasonic_package/encoder_ultrasonic_node.py -> /home/orin/ros2_ws/install/encoder_ultrasonic_package/lib/python3.10/site-packages/encoder_ultrasonic_package
[10.880s] byte-compiling /home/orin/ros2_ws/install/encoder_ultrasonic_package/lib/python3.10/site-packages/encoder_ultrasonic_package/__init__.py to __init__.cpython-310.pyc
[10.880s] byte-compiling /home/orin/ros2_ws/install/encoder_ultrasonic_package/lib/python3.10/site-packages/encoder_ultrasonic_package/encoder_ultrasonic_node.py to encoder_ultrasonic_node.cpython-310.pyc
[10.880s] running install_data
[10.880s] copying resource/encoder_ultrasonic_package -> /home/orin/ros2_ws/install/encoder_ultrasonic_package/share/ament_index/resource_index/packages
[10.881s] copying package.xml -> /home/orin/ros2_ws/install/encoder_ultrasonic_package/share/encoder_ultrasonic_package
[10.881s] running install_egg_info
[10.881s] Copying ../../build/encoder_ultrasonic_package/encoder_ultrasonic_package.egg-info to /home/orin/ros2_ws/install/encoder_ultrasonic_package/lib/python3.10/site-packages/encoder_ultrasonic_package-0.0.0-py3.10.egg-info
[10.881s] running install_scripts
[10.898s] Installing encoder_ultrasonic_node script to /home/orin/ros2_ws/install/encoder_ultrasonic_package/lib/encoder_ultrasonic_package
[10.898s] writing list of installed files to '/home/orin/ros2_ws/build/encoder_ultrasonic_package/install.log'
[10.898s] /home/orin/.local/lib/python3.10/site-packages/setuptools/_distutils/dist.py:261: UserWarning: Unknown distribution option: 'tests_require'
[10.898s]   warnings.warn(msg)
[10.899s] Invoked command in '/home/orin/ros2_ws/src/encoder_ultrasonic_package' returned '0': PYTHONPATH=/home/orin/ros2_ws/build/encoder_ultrasonic_package/prefix_override:/usr/lib/python3/dist-packages/colcon_core/task/python/colcon_distutils_commands:/home/orin/ros2_ws/install/encoder_ultrasonic_package/lib/python3.10/site-packages:${PYTHONPATH} /usr/bin/python3 -W ignore:setup.py install is deprecated -W ignore:easy_install command is deprecated setup.py egg_info --egg-base ../../build/encoder_ultrasonic_package build --build-base /home/orin/ros2_ws/build/encoder_ultrasonic_package/build install --record /home/orin/ros2_ws/build/encoder_ultrasonic_package/install.log --single-version-externally-managed install_data --force
