/home/orin/.local/lib/python3.10/site-packages/setuptools/_distutils/dist.py:261: UserWarning: Unknown distribution option: 'tests_require'
  warnings.warn(msg)
running egg_info
writing build/hcsr04_sensor/hcsr04_sensor.egg-info/PKG-INFO
writing dependency_links to build/hcsr04_sensor/hcsr04_sensor.egg-info/dependency_links.txt
writing entry points to build/hcsr04_sensor/hcsr04_sensor.egg-info/entry_points.txt
writing requirements to build/hcsr04_sensor/hcsr04_sensor.egg-info/requires.txt
writing top-level names to build/hcsr04_sensor/hcsr04_sensor.egg-info/top_level.txt
reading manifest file 'build/hcsr04_sensor/hcsr04_sensor.egg-info/SOURCES.txt'
writing manifest file 'build/hcsr04_sensor/hcsr04_sensor.egg-info/SOURCES.txt'
running build
running build_py
copying hcsr04_sensor/__init__.py -> /home/orin/ros2_ws/src/hcsr04_sensor/build/hcsr04_sensor/build/lib/hcsr04_sensor
copying hcsr04_sensor/hcsr04_subscriber.py -> /home/orin/ros2_ws/src/hcsr04_sensor/build/hcsr04_sensor/build/lib/hcsr04_sensor
copying hcsr04_sensor/hcsr04_publisher.py -> /home/orin/ros2_ws/src/hcsr04_sensor/build/hcsr04_sensor/build/lib/hcsr04_sensor
running install
running install_lib
copying /home/orin/ros2_ws/src/hcsr04_sensor/build/hcsr04_sensor/build/lib/hcsr04_sensor/hcsr04_publisher.py -> /home/orin/ros2_ws/src/hcsr04_sensor/install/hcsr04_sensor/lib/python3.10/site-packages/hcsr04_sensor
byte-compiling /home/orin/ros2_ws/src/hcsr04_sensor/install/hcsr04_sensor/lib/python3.10/site-packages/hcsr04_sensor/hcsr04_publisher.py to hcsr04_publisher.cpython-310.pyc
running install_data
copying resource/hcsr04_sensor -> /home/orin/ros2_ws/src/hcsr04_sensor/install/hcsr04_sensor/share/ament_index/resource_index/packages
copying package.xml -> /home/orin/ros2_ws/src/hcsr04_sensor/install/hcsr04_sensor/share/hcsr04_sensor
running install_egg_info
removing '/home/orin/ros2_ws/src/hcsr04_sensor/install/hcsr04_sensor/lib/python3.10/site-packages/hcsr04_sensor-0.0.0-py3.10.egg-info' (and everything under it)
Copying build/hcsr04_sensor/hcsr04_sensor.egg-info to /home/orin/ros2_ws/src/hcsr04_sensor/install/hcsr04_sensor/lib/python3.10/site-packages/hcsr04_sensor-0.0.0-py3.10.egg-info
running install_scripts
Installing hcsr04_publisher script to /home/orin/ros2_ws/src/hcsr04_sensor/install/hcsr04_sensor/lib/hcsr04_sensor
writing list of installed files to '/home/orin/ros2_ws/src/hcsr04_sensor/build/hcsr04_sensor/install.log'
