[2.109s] Invoking command in '/home/orin/ros2_ws/src/hcsr04_sensor': PYTHONPATH=/home/orin/ros2_ws/src/hcsr04_sensor/build/hcsr04_sensor/prefix_override:/usr/lib/python3/dist-packages/colcon_core/task/python/colcon_distutils_commands:/home/orin/ros2_ws/src/hcsr04_sensor/install/hcsr04_sensor/lib/python3.10/site-packages:${PYTHONPATH} /usr/bin/python3 -W ignore:setup.py install is deprecated setup.py egg_info --egg-base build/hcsr04_sensor build --build-base /home/orin/ros2_ws/src/hcsr04_sensor/build/hcsr04_sensor/build install --record /home/orin/ros2_ws/src/hcsr04_sensor/build/hcsr04_sensor/install.log --single-version-externally-managed install_data
[2.487s] /home/orin/.local/lib/python3.10/site-packages/setuptools/_distutils/dist.py:261: UserWarning: Unknown distribution option: 'tests_require'
[2.487s]   warnings.warn(msg)
[2.797s] running egg_info
[2.848s] writing build/hcsr04_sensor/hcsr04_sensor.egg-info/PKG-INFO
[2.849s] writing dependency_links to build/hcsr04_sensor/hcsr04_sensor.egg-info/dependency_links.txt
[2.850s] writing entry points to build/hcsr04_sensor/hcsr04_sensor.egg-info/entry_points.txt
[2.850s] writing requirements to build/hcsr04_sensor/hcsr04_sensor.egg-info/requires.txt
[2.850s] writing top-level names to build/hcsr04_sensor/hcsr04_sensor.egg-info/top_level.txt
[2.956s] reading manifest file 'build/hcsr04_sensor/hcsr04_sensor.egg-info/SOURCES.txt'
[2.958s] writing manifest file 'build/hcsr04_sensor/hcsr04_sensor.egg-info/SOURCES.txt'
[2.959s] running build
[2.959s] running build_py
[2.960s] copying hcsr04_sensor/__init__.py -> /home/orin/ros2_ws/src/hcsr04_sensor/build/hcsr04_sensor/build/lib/hcsr04_sensor
[2.960s] copying hcsr04_sensor/hcsr04_subscriber.py -> /home/orin/ros2_ws/src/hcsr04_sensor/build/hcsr04_sensor/build/lib/hcsr04_sensor
[2.960s] copying hcsr04_sensor/hcsr04_publisher.py -> /home/orin/ros2_ws/src/hcsr04_sensor/build/hcsr04_sensor/build/lib/hcsr04_sensor
[2.961s] running install
[2.971s] running install_lib
[3.023s] copying /home/orin/ros2_ws/src/hcsr04_sensor/build/hcsr04_sensor/build/lib/hcsr04_sensor/hcsr04_publisher.py -> /home/orin/ros2_ws/src/hcsr04_sensor/install/hcsr04_sensor/lib/python3.10/site-packages/hcsr04_sensor
[3.025s] byte-compiling /home/orin/ros2_ws/src/hcsr04_sensor/install/hcsr04_sensor/lib/python3.10/site-packages/hcsr04_sensor/hcsr04_publisher.py to hcsr04_publisher.cpython-310.pyc
[3.027s] running install_data
[3.027s] copying resource/hcsr04_sensor -> /home/orin/ros2_ws/src/hcsr04_sensor/install/hcsr04_sensor/share/ament_index/resource_index/packages
[3.028s] copying package.xml -> /home/orin/ros2_ws/src/hcsr04_sensor/install/hcsr04_sensor/share/hcsr04_sensor
[3.028s] running install_egg_info
[3.083s] removing '/home/orin/ros2_ws/src/hcsr04_sensor/install/hcsr04_sensor/lib/python3.10/site-packages/hcsr04_sensor-0.0.0-py3.10.egg-info' (and everything under it)
[3.083s] Copying build/hcsr04_sensor/hcsr04_sensor.egg-info to /home/orin/ros2_ws/src/hcsr04_sensor/install/hcsr04_sensor/lib/python3.10/site-packages/hcsr04_sensor-0.0.0-py3.10.egg-info
[3.086s] running install_scripts
[3.505s] Installing hcsr04_publisher script to /home/orin/ros2_ws/src/hcsr04_sensor/install/hcsr04_sensor/lib/hcsr04_sensor
[3.505s] writing list of installed files to '/home/orin/ros2_ws/src/hcsr04_sensor/build/hcsr04_sensor/install.log'
[3.581s] Invoked command in '/home/orin/ros2_ws/src/hcsr04_sensor' returned '0': PYTHONPATH=/home/orin/ros2_ws/src/hcsr04_sensor/build/hcsr04_sensor/prefix_override:/usr/lib/python3/dist-packages/colcon_core/task/python/colcon_distutils_commands:/home/orin/ros2_ws/src/hcsr04_sensor/install/hcsr04_sensor/lib/python3.10/site-packages:${PYTHONPATH} /usr/bin/python3 -W ignore:setup.py install is deprecated setup.py egg_info --egg-base build/hcsr04_sensor build --build-base /home/orin/ros2_ws/src/hcsr04_sensor/build/hcsr04_sensor/build install --record /home/orin/ros2_ws/src/hcsr04_sensor/build/hcsr04_sensor/install.log --single-version-externally-managed install_data
