[0.043s] Invoking command in '/home/orin/ros2_ws/build/diffbot_description': CMAKE_PREFIX_PATH=/home/orin/ros2_ws/install/sllidar_ros2:/home/orin/ros2_ws/install/ros2_control_demos:/home/orin/ros2_ws/install/ros2_control_demo_example_9:/home/orin/ros2_ws/install/ros2_control_demo_example_8:/home/orin/ros2_ws/install/ros2_control_demo_example_7:/home/orin/ros2_ws/install/ros2_control_demo_example_6:/home/orin/ros2_ws/install/ros2_control_demo_example_15:/home/orin/ros2_ws/install/ros2_control_demo_example_13:/home/orin/ros2_ws/install/ros2_control_demo_example_5:/home/orin/ros2_ws/install/ros2_control_demo_example_4:/home/orin/ros2_ws/install/ros2_control_demo_example_3:/home/orin/ros2_ws/install/ros2_control_demo_example_2:/home/orin/ros2_ws/install/ros2_control_demo_example_14:/home/orin/ros2_ws/install/ros2_control_demo_example_12:/home/orin/ros2_ws/install/ros2_control_demo_example_11:/home/orin/ros2_ws/install/ros2_control_demo_example_10:/home/orin/ros2_ws/install/ros2_control_demo_example_1:/home/orin/ros2_ws/install/ros2_control_demo_description:/home/orin/ros2_ws/install/my_bot_imu:/home/orin/ros2_ws/install/my_bot_description:/home/orin/ros2_ws/install/wheel_encoder_odometry:/home/orin/ros2_ws/install/ros2_control_demo_testing:/home/orin/ros2_ws/install/launch_testing_examples:/home/orin/ros2_ws/install/hcsr04_sensor:/home/orin/ros2_ws/install/examples_rclpy_pointcloud_publisher:/home/orin/ros2_ws/install/examples_rclpy_minimal_subscriber:/home/orin/ros2_ws/install/examples_rclpy_minimal_service:/home/orin/ros2_ws/install/examples_rclpy_minimal_publisher:/home/orin/ros2_ws/install/examples_rclpy_minimal_client:/home/orin/ros2_ws/install/examples_rclpy_minimal_action_server:/home/orin/ros2_ws/install/examples_rclpy_minimal_action_client:/home/orin/ros2_ws/install/examples_rclpy_guard_conditions:/home/orin/ros2_ws/install/examples_rclpy_executors:/home/orin/ros2_ws/install/encoder_ultrasonic_package:/home/orin/ros2_ws/install/arduino_odometry:/opt/ros/humble:/home/orin/ros2_ws/install/mobile_robot_description:/home/orin/ros2_ws/install/image_geometry:/home/orin/ros2_ws/install/gazebo_dev:/home/orin/ros2_ws/install/examples_rclcpp_wait_set:/home/orin/ros2_ws/install/examples_rclcpp_multithreaded_executor:/home/orin/ros2_ws/install/examples_rclcpp_minimal_timer:/home/orin/ros2_ws/install/examples_rclcpp_minimal_subscriber:/home/orin/ros2_ws/install/examples_rclcpp_minimal_service:/home/orin/ros2_ws/install/examples_rclcpp_minimal_publisher:/home/orin/ros2_ws/install/examples_rclcpp_minimal_composition:/home/orin/ros2_ws/install/examples_rclcpp_minimal_client:/home/orin/ros2_ws/install/examples_rclcpp_minimal_action_server:/home/orin/ros2_ws/install/examples_rclcpp_minimal_action_client:/home/orin/ros2_ws/install/examples_rclcpp_cbg_executor:/home/orin/ros2_ws/install/examples_rclcpp_async_client:/home/orin/ros2_ws/install/diffdrive_arduino:/home/orin/ros2_ws/install/diffbot_description:/home/orin/ros2_ws/install/depthai-ros:/home/orin/ros2_ws/install/depthai_ros_driver:/home/orin/ros2_ws/install/depthai_filters:/home/orin/ros2_ws/install/depthai_examples:/home/orin/ros2_ws/install/depthai_bridge:/home/orin/ros2_ws/install/depthai_ros_msgs:/home/orin/ros2_ws/install/depthai_descriptions:/home/orin/ros2_ws/install/cv_bridge:/home/orin/ros2_ws/install/articubot_one:/home/orin/ros2_ws/install/arduino_serial_comm /usr/bin/cmake --build /home/orin/ros2_ws/build/diffbot_description -- -j6 -l6
[0.175s] [35m[1mConsolidate compiler generated dependencies of target diffbot_description[0m
[0.240s] [ 50%] [32mBuilding CXX object CMakeFiles/diffbot_description.dir/hardware/diffbot_system.cpp.o[0m
[2.048s] In file included from [01m[K/home/orin/ros2_ws/src/diffbot_description/hardware/diffbot_system.cpp:15[m[K:
[2.048s] [01m[K/home/orin/ros2_ws/src/diffbot_description/hardware/include/diffbot_description/diffbot_system.hpp:61:3:[m[K [01;31m[Kerror: [m[K‘[01m[KDIFFBOT_DESCRIPTION_PUBLIC[m[K’ does not name a type
[2.049s]    61 |   [01;31m[KDIFFBOT_DESCRIPTION_PUBLIC[m[K
[2.049s]       |   [01;31m[K^~~~~~~~~~~~~~~~~~~~~~~~~~[m[K
[2.055s] [01m[K/home/orin/ros2_ws/src/diffbot_description/hardware/include/diffbot_description/diffbot_system.hpp:65:3:[m[K [01;31m[Kerror: [m[K‘[01m[KDIFFBOT_DESCRIPTION_PUBLIC[m[K’ does not name a type
[2.056s]    65 |   [01;31m[KDIFFBOT_DESCRIPTION_PUBLIC[m[K
[2.056s]       |   [01;31m[K^~~~~~~~~~~~~~~~~~~~~~~~~~[m[K
[2.063s] [01m[K/home/orin/ros2_ws/src/diffbot_description/hardware/include/diffbot_description/diffbot_system.hpp:68:3:[m[K [01;31m[Kerror: [m[K‘[01m[KDIFFBOT_DESCRIPTION_PUBLIC[m[K’ does not name a type
[2.063s]    68 |   [01;31m[KDIFFBOT_DESCRIPTION_PUBLIC[m[K
[2.063s]       |   [01;31m[K^~~~~~~~~~~~~~~~~~~~~~~~~~[m[K
[2.069s] [01m[K/home/orin/ros2_ws/src/diffbot_description/hardware/include/diffbot_description/diffbot_system.hpp:71:3:[m[K [01;31m[Kerror: [m[K‘[01m[KDIFFBOT_DESCRIPTION_PUBLIC[m[K’ does not name a type
[2.069s]    71 |   [01;31m[KDIFFBOT_DESCRIPTION_PUBLIC[m[K
[2.070s]       |   [01;31m[K^~~~~~~~~~~~~~~~~~~~~~~~~~[m[K
[2.077s] [01m[K/home/orin/ros2_ws/src/diffbot_description/hardware/include/diffbot_description/diffbot_system.hpp:75:3:[m[K [01;31m[Kerror: [m[K‘[01m[KDIFFBOT_DESCRIPTION_PUBLIC[m[K’ does not name a type
[2.077s]    75 |   [01;31m[KDIFFBOT_DESCRIPTION_PUBLIC[m[K
[2.077s]       |   [01;31m[K^~~~~~~~~~~~~~~~~~~~~~~~~~[m[K
[2.083s] [01m[K/home/orin/ros2_ws/src/diffbot_description/hardware/include/diffbot_description/diffbot_system.hpp:80:3:[m[K [01;31m[Kerror: [m[K‘[01m[KDIFFBOT_DESCRIPTION_PUBLIC[m[K’ does not name a type
[2.084s]    80 |   [01;31m[KDIFFBOT_DESCRIPTION_PUBLIC[m[K
[2.084s]       |   [01;31m[K^~~~~~~~~~~~~~~~~~~~~~~~~~[m[K
[2.090s] [01m[K/home/orin/ros2_ws/src/diffbot_description/hardware/include/diffbot_description/diffbot_system.hpp:84:3:[m[K [01;31m[Kerror: [m[K‘[01m[KDIFFBOT_DESCRIPTION_PUBLIC[m[K’ does not name a type
[2.090s]    84 |   [01;31m[KDIFFBOT_DESCRIPTION_PUBLIC[m[K
[2.090s]       |   [01;31m[K^~~~~~~~~~~~~~~~~~~~~~~~~~[m[K
[2.097s] [01m[K/home/orin/ros2_ws/src/diffbot_description/hardware/include/diffbot_description/diffbot_system.hpp:88:3:[m[K [01;31m[Kerror: [m[K‘[01m[KDIFFBOT_DESCRIPTION_PUBLIC[m[K’ does not name a type
[2.097s]    88 |   [01;31m[KDIFFBOT_DESCRIPTION_PUBLIC[m[K
[2.097s]       |   [01;31m[K^~~~~~~~~~~~~~~~~~~~~~~~~~[m[K
[2.104s] [01m[K/home/orin/ros2_ws/src/diffbot_description/hardware/include/diffbot_description/diffbot_system.hpp:92:3:[m[K [01;31m[Kerror: [m[K‘[01m[KDIFFBOT_DESCRIPTION_PUBLIC[m[K’ does not name a type
[2.104s]    92 |   [01;31m[KDIFFBOT_DESCRIPTION_PUBLIC[m[K
[2.104s]       |   [01;31m[K^~~~~~~~~~~~~~~~~~~~~~~~~~[m[K
[2.107s] [01m[K/home/orin/ros2_ws/src/diffbot_description/hardware/include/diffbot_description/diffbot_system.hpp:98:3:[m[K [01;31m[Kerror: [m[K‘[01m[KArduinoComms[m[K’ does not name a type
[2.107s]    98 |   [01;31m[KArduinoComms[m[K comms_;
[2.107s]       |   [01;31m[K^~~~~~~~~~~~[m[K
[2.108s] [01m[K/home/orin/ros2_ws/src/diffbot_description/hardware/include/diffbot_description/diffbot_system.hpp:100:3:[m[K [01;31m[Kerror: [m[K‘[01m[KWheel[m[K’ does not name a type
[2.108s]   100 |   [01;31m[KWheel[m[K wheel_l_;
[2.109s]       |   [01;31m[K^~~~~[m[K
[2.110s] [01m[K/home/orin/ros2_ws/src/diffbot_description/hardware/include/diffbot_description/diffbot_system.hpp:101:3:[m[K [01;31m[Kerror: [m[K‘[01m[KWheel[m[K’ does not name a type
[2.110s]   101 |   [01;31m[KWheel[m[K wheel_r_;
[2.110s]       |   [01;31m[K^~~~~[m[K
[5.784s] [01m[K/home/orin/ros2_ws/src/diffbot_description/hardware/diffbot_system.cpp:28:36:[m[K [01;31m[Kerror: [m[Kno declaration matches ‘[01m[Khardware_interface::CallbackReturn diffbot_description::DiffDriveArduinoHardware::on_init(const hardware_interface::HardwareInfo&)[m[K’
[5.784s]    28 | hardware_interface::CallbackReturn [01;31m[KDiffDriveArduinoHardware[m[K::on_init(
[5.784s]       |                                    [01;31m[K^~~~~~~~~~~~~~~~~~~~~~~~[m[K
[5.785s] [01m[K/home/orin/ros2_ws/src/diffbot_description/hardware/diffbot_system.cpp:28:36:[m[K [01;36m[Knote: [m[Kno functions named ‘[01m[Khardware_interface::CallbackReturn diffbot_description::DiffDriveArduinoHardware::on_init(const hardware_interface::HardwareInfo&)[m[K’
[5.785s] In file included from [01m[K/home/orin/ros2_ws/src/diffbot_description/hardware/diffbot_system.cpp:15[m[K:
[5.785s] [01m[K/home/orin/ros2_ws/src/diffbot_description/hardware/include/diffbot_description/diffbot_system.hpp:39:7:[m[K [01;36m[Knote: [m[K‘[01m[Kclass diffbot_description::DiffDriveArduinoHardware[m[K’ defined here
[5.785s]    39 | class [01;36m[KDiffDriveArduinoHardware[m[K : public hardware_interface::SystemInterface
[5.786s]       |       [01;36m[K^~~~~~~~~~~~~~~~~~~~~~~~[m[K
[5.786s] [01m[K/home/orin/ros2_ws/src/diffbot_description/hardware/diffbot_system.cpp:115:49:[m[K [01;31m[Kerror: [m[Kno declaration matches ‘[01m[Kstd::vector<hardware_interface::StateInterface> diffbot_description::DiffDriveArduinoHardware::export_state_interfaces()[m[K’
[5.786s]   115 | std::vector<hardware_interface::StateInterface> [01;31m[KDiffDriveArduinoHardware[m[K::export_state_interfaces()
[5.786s]       |                                                 [01;31m[K^~~~~~~~~~~~~~~~~~~~~~~~[m[K
[5.787s] [01m[K/home/orin/ros2_ws/src/diffbot_description/hardware/diffbot_system.cpp:115:49:[m[K [01;36m[Knote: [m[Kno functions named ‘[01m[Kstd::vector<hardware_interface::StateInterface> diffbot_description::DiffDriveArduinoHardware::export_state_interfaces()[m[K’
[5.787s] In file included from [01m[K/home/orin/ros2_ws/src/diffbot_description/hardware/diffbot_system.cpp:15[m[K:
[5.787s] [01m[K/home/orin/ros2_ws/src/diffbot_description/hardware/include/diffbot_description/diffbot_system.hpp:39:7:[m[K [01;36m[Knote: [m[K‘[01m[Kclass diffbot_description::DiffDriveArduinoHardware[m[K’ defined here
[5.787s]    39 | class [01;36m[KDiffDriveArduinoHardware[m[K : public hardware_interface::SystemInterface
[5.788s]       |       [01;36m[K^~~~~~~~~~~~~~~~~~~~~~~~[m[K
[5.788s] [01m[K/home/orin/ros2_ws/src/diffbot_description/hardware/diffbot_system.cpp:132:51:[m[K [01;31m[Kerror: [m[Kno declaration matches ‘[01m[Kstd::vector<hardware_interface::CommandInterface> diffbot_description::DiffDriveArduinoHardware::export_command_interfaces()[m[K’
[5.788s]   132 | std::vector<hardware_interface::CommandInterface> [01;31m[KDiffDriveArduinoHardware[m[K::export_command_interfaces()
[5.788s]       |                                                   [01;31m[K^~~~~~~~~~~~~~~~~~~~~~~~[m[K
[5.789s] [01m[K/home/orin/ros2_ws/src/diffbot_description/hardware/diffbot_system.cpp:132:51:[m[K [01;36m[Knote: [m[Kno functions named ‘[01m[Kstd::vector<hardware_interface::CommandInterface> diffbot_description::DiffDriveArduinoHardware::export_command_interfaces()[m[K’
[5.789s] In file included from [01m[K/home/orin/ros2_ws/src/diffbot_description/hardware/diffbot_system.cpp:15[m[K:
[5.789s] [01m[K/home/orin/ros2_ws/src/diffbot_description/hardware/include/diffbot_description/diffbot_system.hpp:39:7:[m[K [01;36m[Knote: [m[K‘[01m[Kclass diffbot_description::DiffDriveArduinoHardware[m[K’ defined here
[5.789s]    39 | class [01;36m[KDiffDriveArduinoHardware[m[K : public hardware_interface::SystemInterface
[5.790s]       |       [01;36m[K^~~~~~~~~~~~~~~~~~~~~~~~[m[K
[5.790s] [01m[K/home/orin/ros2_ws/src/diffbot_description/hardware/diffbot_system.cpp:145:36:[m[K [01;31m[Kerror: [m[Kno declaration matches ‘[01m[Khardware_interface::CallbackReturn diffbot_description::DiffDriveArduinoHardware::on_configure(const rclcpp_lifecycle::State&)[m[K’
[5.790s]   145 | hardware_interface::CallbackReturn [01;31m[KDiffDriveArduinoHardware[m[K::on_configure(
[5.790s]       |                                    [01;31m[K^~~~~~~~~~~~~~~~~~~~~~~~[m[K
[5.790s] [01m[K/home/orin/ros2_ws/src/diffbot_description/hardware/diffbot_system.cpp:145:36:[m[K [01;36m[Knote: [m[Kno functions named ‘[01m[Khardware_interface::CallbackReturn diffbot_description::DiffDriveArduinoHardware::on_configure(const rclcpp_lifecycle::State&)[m[K’
[5.790s] In file included from [01m[K/home/orin/ros2_ws/src/diffbot_description/hardware/diffbot_system.cpp:15[m[K:
[5.791s] [01m[K/home/orin/ros2_ws/src/diffbot_description/hardware/include/diffbot_description/diffbot_system.hpp:39:7:[m[K [01;36m[Knote: [m[K‘[01m[Kclass diffbot_description::DiffDriveArduinoHardware[m[K’ defined here
[5.791s]    39 | class [01;36m[KDiffDriveArduinoHardware[m[K : public hardware_interface::SystemInterface
[5.791s]       |       [01;36m[K^~~~~~~~~~~~~~~~~~~~~~~~[m[K
[5.791s] [01m[K/home/orin/ros2_ws/src/diffbot_description/hardware/diffbot_system.cpp:159:36:[m[K [01;31m[Kerror: [m[Kno declaration matches ‘[01m[Khardware_interface::CallbackReturn diffbot_description::DiffDriveArduinoHardware::on_cleanup(const rclcpp_lifecycle::State&)[m[K’
[5.791s]   159 | hardware_interface::CallbackReturn [01;31m[KDiffDriveArduinoHardware[m[K::on_cleanup(
[5.791s]       |                                    [01;31m[K^~~~~~~~~~~~~~~~~~~~~~~~[m[K
[5.791s] [01m[K/home/orin/ros2_ws/src/diffbot_description/hardware/diffbot_system.cpp:159:36:[m[K [01;36m[Knote: [m[Kno functions named ‘[01m[Khardware_interface::CallbackReturn diffbot_description::DiffDriveArduinoHardware::on_cleanup(const rclcpp_lifecycle::State&)[m[K’
[5.791s] In file included from [01m[K/home/orin/ros2_ws/src/diffbot_description/hardware/diffbot_system.cpp:15[m[K:
[5.792s] [01m[K/home/orin/ros2_ws/src/diffbot_description/hardware/include/diffbot_description/diffbot_system.hpp:39:7:[m[K [01;36m[Knote: [m[K‘[01m[Kclass diffbot_description::DiffDriveArduinoHardware[m[K’ defined here
[5.792s]    39 | class [01;36m[KDiffDriveArduinoHardware[m[K : public hardware_interface::SystemInterface
[5.792s]       |       [01;36m[K^~~~~~~~~~~~~~~~~~~~~~~~[m[K
[5.792s] [01m[K/home/orin/ros2_ws/src/diffbot_description/hardware/diffbot_system.cpp:173:36:[m[K [01;31m[Kerror: [m[Kno declaration matches ‘[01m[Khardware_interface::CallbackReturn diffbot_description::DiffDriveArduinoHardware::on_activate(const rclcpp_lifecycle::State&)[m[K’
[5.792s]   173 | hardware_interface::CallbackReturn [01;31m[KDiffDriveArduinoHardware[m[K::on_activate(
[5.792s]       |                                    [01;31m[K^~~~~~~~~~~~~~~~~~~~~~~~[m[K
[5.792s] [01m[K/home/orin/ros2_ws/src/diffbot_description/hardware/diffbot_system.cpp:173:36:[m[K [01;36m[Knote: [m[Kno functions named ‘[01m[Khardware_interface::CallbackReturn diffbot_description::DiffDriveArduinoHardware::on_activate(const rclcpp_lifecycle::State&)[m[K’
[5.792s] In file included from [01m[K/home/orin/ros2_ws/src/diffbot_description/hardware/diffbot_system.cpp:15[m[K:
[5.792s] [01m[K/home/orin/ros2_ws/src/diffbot_description/hardware/include/diffbot_description/diffbot_system.hpp:39:7:[m[K [01;36m[Knote: [m[K‘[01m[Kclass diffbot_description::DiffDriveArduinoHardware[m[K’ defined here
[5.793s]    39 | class [01;36m[KDiffDriveArduinoHardware[m[K : public hardware_interface::SystemInterface
[5.793s]       |       [01;36m[K^~~~~~~~~~~~~~~~~~~~~~~~[m[K
[5.793s] [01m[K/home/orin/ros2_ws/src/diffbot_description/hardware/diffbot_system.cpp:190:36:[m[K [01;31m[Kerror: [m[Kno declaration matches ‘[01m[Khardware_interface::CallbackReturn diffbot_description::DiffDriveArduinoHardware::on_deactivate(const rclcpp_lifecycle::State&)[m[K’
[5.793s]   190 | hardware_interface::CallbackReturn [01;31m[KDiffDriveArduinoHardware[m[K::on_deactivate(
[5.793s]       |                                    [01;31m[K^~~~~~~~~~~~~~~~~~~~~~~~[m[K
[5.793s] [01m[K/home/orin/ros2_ws/src/diffbot_description/hardware/diffbot_system.cpp:190:36:[m[K [01;36m[Knote: [m[Kno functions named ‘[01m[Khardware_interface::CallbackReturn diffbot_description::DiffDriveArduinoHardware::on_deactivate(const rclcpp_lifecycle::State&)[m[K’
[5.794s] In file included from [01m[K/home/orin/ros2_ws/src/diffbot_description/hardware/diffbot_system.cpp:15[m[K:
[5.794s] [01m[K/home/orin/ros2_ws/src/diffbot_description/hardware/include/diffbot_description/diffbot_system.hpp:39:7:[m[K [01;36m[Knote: [m[K‘[01m[Kclass diffbot_description::DiffDriveArduinoHardware[m[K’ defined here
[5.794s]    39 | class [01;36m[KDiffDriveArduinoHardware[m[K : public hardware_interface::SystemInterface
[5.795s]       |       [01;36m[K^~~~~~~~~~~~~~~~~~~~~~~~[m[K
[5.795s] [01m[K/home/orin/ros2_ws/src/diffbot_description/hardware/diffbot_system.cpp:199:33:[m[K [01;31m[Kerror: [m[Kno declaration matches ‘[01m[Khardware_interface::return_type diffbot_description::DiffDriveArduinoHardware::read(const rclcpp::Time&, const rclcpp::Duration&)[m[K’
[5.795s]   199 | hardware_interface::return_type [01;31m[KDiffDriveArduinoHardware[m[K::read(
[5.795s]       |                                 [01;31m[K^~~~~~~~~~~~~~~~~~~~~~~~[m[K
[5.795s] [01m[K/home/orin/ros2_ws/src/diffbot_description/hardware/diffbot_system.cpp:199:33:[m[K [01;36m[Knote: [m[Kno functions named ‘[01m[Khardware_interface::return_type diffbot_description::DiffDriveArduinoHardware::read(const rclcpp::Time&, const rclcpp::Duration&)[m[K’
[5.796s] In file included from [01m[K/home/orin/ros2_ws/src/diffbot_description/hardware/diffbot_system.cpp:15[m[K:
[5.796s] [01m[K/home/orin/ros2_ws/src/diffbot_description/hardware/include/diffbot_description/diffbot_system.hpp:39:7:[m[K [01;36m[Knote: [m[K‘[01m[Kclass diffbot_description::DiffDriveArduinoHardware[m[K’ defined here
[5.796s]    39 | class [01;36m[KDiffDriveArduinoHardware[m[K : public hardware_interface::SystemInterface
[5.796s]       |       [01;36m[K^~~~~~~~~~~~~~~~~~~~~~~~[m[K
[5.796s] [01m[K/home/orin/ros2_ws/src/diffbot_description/hardware/diffbot_system.cpp:222:33:[m[K [01;31m[Kerror: [m[Kno declaration matches ‘[01m[Khardware_interface::return_type diffbot_description::DiffDriveArduinoHardware::write(const rclcpp::Time&, const rclcpp::Duration&)[m[K’
[5.797s]   222 | hardware_interface::return_type [01;31m[Kdiffbot_description[m[K ::DiffDriveArduinoHardware::write(
[5.797s]       |                                 [01;31m[K^~~~~~~~~~~~~~~~~~~[m[K
[5.797s] [01m[K/home/orin/ros2_ws/src/diffbot_description/hardware/diffbot_system.cpp:222:33:[m[K [01;36m[Knote: [m[Kno functions named ‘[01m[Khardware_interface::return_type diffbot_description::DiffDriveArduinoHardware::write(const rclcpp::Time&, const rclcpp::Duration&)[m[K’
[5.797s] In file included from [01m[K/home/orin/ros2_ws/src/diffbot_description/hardware/diffbot_system.cpp:15[m[K:
[5.797s] [01m[K/home/orin/ros2_ws/src/diffbot_description/hardware/include/diffbot_description/diffbot_system.hpp:39:7:[m[K [01;36m[Knote: [m[K‘[01m[Kclass diffbot_description::DiffDriveArduinoHardware[m[K’ defined here
[5.797s]    39 | class [01;36m[KDiffDriveArduinoHardware[m[K : public hardware_interface::SystemInterface
[5.797s]       |       [01;36m[K^~~~~~~~~~~~~~~~~~~~~~~~[m[K
[6.851s] In file included from [01m[K/opt/ros/humble/include/class_loader/class_loader/class_loader_core.hpp:57[m[K,
[6.851s]                  from [01m[K/opt/ros/humble/include/class_loader/class_loader/class_loader.hpp:55[m[K,
[6.851s]                  from [01m[K/opt/ros/humble/include/pluginlib/pluginlib/class_list_macros.hpp:40[m[K,
[6.852s]                  from [01m[K/home/orin/ros2_ws/src/diffbot_description/hardware/diffbot_system.cpp:238[m[K:
[6.852s] /opt/ros/humble/include/class_loader/class_loader/meta_object.hpp: In instantiation of ‘[01m[KB* class_loader::impl::MetaObject<C, B>::create() const [with C = diffbot_description::DiffDriveArduinoHardware; B = hardware_interface::SystemInterface][m[K’:
[6.852s] [01m[K/opt/ros/humble/include/class_loader/class_loader/meta_object.hpp:216:7:[m[K   required from here
[6.853s] [01m[K/opt/ros/humble/include/class_loader/class_loader/meta_object.hpp:218:12:[m[K [01;31m[Kerror: [m[Kinvalid new-expression of abstract class type ‘[01m[Kdiffbot_description::DiffDriveArduinoHardware[m[K’
[6.853s]   218 |     return [01;31m[Knew C[m[K;
[6.853s]       |            [01;31m[K^~~~~[m[K
[6.853s] In file included from [01m[K/home/orin/ros2_ws/src/diffbot_description/hardware/diffbot_system.cpp:15[m[K:
[6.854s] [01m[K/home/orin/ros2_ws/src/diffbot_description/hardware/include/diffbot_description/diffbot_system.hpp:39:7:[m[K [01;36m[Knote: [m[K  because the following virtual functions are pure within ‘[01m[Kdiffbot_description::DiffDriveArduinoHardware[m[K’:
[6.854s]    39 | class [01;36m[KDiffDriveArduinoHardware[m[K : public hardware_interface::SystemInterface
[6.854s]       |       [01;36m[K^~~~~~~~~~~~~~~~~~~~~~~~[m[K
[6.854s] In file included from [01m[K/home/orin/ros2_ws/src/diffbot_description/hardware/include/diffbot_description/diffbot_system.hpp:24[m[K,
[6.855s]                  from [01m[K/home/orin/ros2_ws/src/diffbot_description/hardware/diffbot_system.cpp:15[m[K:
[6.855s] [01m[K/opt/ros/humble/include/hardware_interface/system_interface.hpp:113:39:[m[K [01;36m[Knote: [m[K    ‘[01m[Kvirtual std::vector<hardware_interface::StateInterface> hardware_interface::SystemInterface::export_state_interfaces()[m[K’
[6.855s]   113 |   virtual std::vector<StateInterface> [01;36m[Kexport_state_interfaces[m[K() = 0;
[6.855s]       |                                       [01;36m[K^~~~~~~~~~~~~~~~~~~~~~~[m[K
[6.855s] [01m[K/opt/ros/humble/include/hardware_interface/system_interface.hpp:124:41:[m[K [01;36m[Knote: [m[K    ‘[01m[Kvirtual std::vector<hardware_interface::CommandInterface> hardware_interface::SystemInterface::export_command_interfaces()[m[K’
[6.855s]   124 |   virtual std::vector<CommandInterface> [01;36m[Kexport_command_interfaces[m[K() = 0;
[6.855s]       |                                         [01;36m[K^~~~~~~~~~~~~~~~~~~~~~~~~[m[K
[6.856s] [01m[K/opt/ros/humble/include/hardware_interface/system_interface.hpp:175:23:[m[K [01;36m[Knote: [m[K    ‘[01m[Kvirtual hardware_interface::return_type hardware_interface::SystemInterface::read(const rclcpp::Time&, const rclcpp::Duration&)[m[K’
[6.856s]   175 |   virtual return_type [01;36m[Kread[m[K(const rclcpp::Time & time, const rclcpp::Duration & period) = 0;
[6.856s]       |                       [01;36m[K^~~~[m[K
[6.857s] [01m[K/opt/ros/humble/include/hardware_interface/system_interface.hpp:186:23:[m[K [01;36m[Knote: [m[K    ‘[01m[Kvirtual hardware_interface::return_type hardware_interface::SystemInterface::write(const rclcpp::Time&, const rclcpp::Duration&)[m[K’
[6.857s]   186 |   virtual return_type [01;36m[Kwrite[m[K(const rclcpp::Time & time, const rclcpp::Duration & period) = 0;
[6.857s]       |                       [01;36m[K^~~~~[m[K
[7.014s] gmake[2]: *** [CMakeFiles/diffbot_description.dir/build.make:76: CMakeFiles/diffbot_description.dir/hardware/diffbot_system.cpp.o] Error 1
[7.014s] gmake[1]: *** [CMakeFiles/Makefile2:137: CMakeFiles/diffbot_description.dir/all] Error 2
[7.015s] gmake: *** [Makefile:146: all] Error 2
[7.023s] Invoked command in '/home/orin/ros2_ws/build/diffbot_description' returned '2': CMAKE_PREFIX_PATH=/home/orin/ros2_ws/install/sllidar_ros2:/home/orin/ros2_ws/install/ros2_control_demos:/home/orin/ros2_ws/install/ros2_control_demo_example_9:/home/orin/ros2_ws/install/ros2_control_demo_example_8:/home/orin/ros2_ws/install/ros2_control_demo_example_7:/home/orin/ros2_ws/install/ros2_control_demo_example_6:/home/orin/ros2_ws/install/ros2_control_demo_example_15:/home/orin/ros2_ws/install/ros2_control_demo_example_13:/home/orin/ros2_ws/install/ros2_control_demo_example_5:/home/orin/ros2_ws/install/ros2_control_demo_example_4:/home/orin/ros2_ws/install/ros2_control_demo_example_3:/home/orin/ros2_ws/install/ros2_control_demo_example_2:/home/orin/ros2_ws/install/ros2_control_demo_example_14:/home/orin/ros2_ws/install/ros2_control_demo_example_12:/home/orin/ros2_ws/install/ros2_control_demo_example_11:/home/orin/ros2_ws/install/ros2_control_demo_example_10:/home/orin/ros2_ws/install/ros2_control_demo_example_1:/home/orin/ros2_ws/install/ros2_control_demo_description:/home/orin/ros2_ws/install/my_bot_imu:/home/orin/ros2_ws/install/my_bot_description:/home/orin/ros2_ws/install/wheel_encoder_odometry:/home/orin/ros2_ws/install/ros2_control_demo_testing:/home/orin/ros2_ws/install/launch_testing_examples:/home/orin/ros2_ws/install/hcsr04_sensor:/home/orin/ros2_ws/install/examples_rclpy_pointcloud_publisher:/home/orin/ros2_ws/install/examples_rclpy_minimal_subscriber:/home/orin/ros2_ws/install/examples_rclpy_minimal_service:/home/orin/ros2_ws/install/examples_rclpy_minimal_publisher:/home/orin/ros2_ws/install/examples_rclpy_minimal_client:/home/orin/ros2_ws/install/examples_rclpy_minimal_action_server:/home/orin/ros2_ws/install/examples_rclpy_minimal_action_client:/home/orin/ros2_ws/install/examples_rclpy_guard_conditions:/home/orin/ros2_ws/install/examples_rclpy_executors:/home/orin/ros2_ws/install/encoder_ultrasonic_package:/home/orin/ros2_ws/install/arduino_odometry:/opt/ros/humble:/home/orin/ros2_ws/install/mobile_robot_description:/home/orin/ros2_ws/install/image_geometry:/home/orin/ros2_ws/install/gazebo_dev:/home/orin/ros2_ws/install/examples_rclcpp_wait_set:/home/orin/ros2_ws/install/examples_rclcpp_multithreaded_executor:/home/orin/ros2_ws/install/examples_rclcpp_minimal_timer:/home/orin/ros2_ws/install/examples_rclcpp_minimal_subscriber:/home/orin/ros2_ws/install/examples_rclcpp_minimal_service:/home/orin/ros2_ws/install/examples_rclcpp_minimal_publisher:/home/orin/ros2_ws/install/examples_rclcpp_minimal_composition:/home/orin/ros2_ws/install/examples_rclcpp_minimal_client:/home/orin/ros2_ws/install/examples_rclcpp_minimal_action_server:/home/orin/ros2_ws/install/examples_rclcpp_minimal_action_client:/home/orin/ros2_ws/install/examples_rclcpp_cbg_executor:/home/orin/ros2_ws/install/examples_rclcpp_async_client:/home/orin/ros2_ws/install/diffdrive_arduino:/home/orin/ros2_ws/install/diffbot_description:/home/orin/ros2_ws/install/depthai-ros:/home/orin/ros2_ws/install/depthai_ros_driver:/home/orin/ros2_ws/install/depthai_filters:/home/orin/ros2_ws/install/depthai_examples:/home/orin/ros2_ws/install/depthai_bridge:/home/orin/ros2_ws/install/depthai_ros_msgs:/home/orin/ros2_ws/install/depthai_descriptions:/home/orin/ros2_ws/install/cv_bridge:/home/orin/ros2_ws/install/articubot_one:/home/orin/ros2_ws/install/arduino_serial_comm /usr/bin/cmake --build /home/orin/ros2_ws/build/diffbot_description -- -j6 -l6
