[0.194s] Invoking command in '/home/orin/ros2_ws/build/ros2_control_demo_example_2': AMENT_PREFIX_PATH=/home/orin/ros2_ws/install/ros2_control_demo_testing:/home/orin/ros2_ws/install/ros2_control_demo_description:${AMENT_PREFIX_PATH} CMAKE_PREFIX_PATH=/home/orin/ros2_ws/install/ros2_control_demo_description:/opt/ros/humble PYTHONPATH=/home/orin/ros2_ws/install/ros2_control_demo_testing/lib/python3.10/site-packages:${PYTHONPATH} /usr/bin/cmake /home/orin/ros2_ws/src/ros2_control_demos/example_2 -DCMAKE_INSTALL_PREFIX=/home/orin/ros2_ws/install/ros2_control_demo_example_2
[3.984s] -- Found ament_cmake: 1.3.11 (/opt/ros/humble/share/ament_cmake/cmake)
[3.985s] -- Override CMake install command with custom implementation using symlinks instead of copying resources
[3.985s] -- Found hardware_interface: 2.48.0 (/opt/ros/humble/share/hardware_interface/cmake)
[3.985s] -- Found rosidl_generator_c: 3.1.6 (/opt/ros/humble/share/rosidl_generator_c/cmake)
[3.985s] -- Found rosidl_adapter: 3.1.6 (/opt/ros/humble/share/rosidl_adapter/cmake)
[3.985s] -- Found rosidl_generator_cpp: 3.1.6 (/opt/ros/humble/share/rosidl_generator_cpp/cmake)
[3.985s] -- Using all available rosidl_typesupport_c: rosidl_typesupport_fastrtps_c;rosidl_typesupport_introspection_c
[3.986s] -- Using all available rosidl_typesupport_cpp: rosidl_typesupport_fastrtps_cpp;rosidl_typesupport_introspection_cpp
[3.986s] -- Found rmw_implementation_cmake: 6.1.2 (/opt/ros/humble/share/rmw_implementation_cmake/cmake)
[3.986s] -- Found rmw_fastrtps_cpp: 6.2.7 (/opt/ros/humble/share/rmw_fastrtps_cpp/cmake)
[3.986s] -- Found TinyXML2 via Config file: TinyXML2_DIR-NOTFOUND
[3.986s] -- Found TinyXML2 via Config file: TinyXML2_DIR-NOTFOUND
[3.986s] -- Found TinyXML2 via Config file: TinyXML2_DIR-NOTFOUND
[3.987s] -- Found TinyXML2 via Config file: TinyXML2_DIR-NOTFOUND
[3.987s] -- Using RMW implementation 'rmw_fastrtps_cpp' as default
[4.262s] -- Found ament_cmake_pytest: 1.3.11 (/opt/ros/humble/share/ament_cmake_pytest/cmake)
[18.006s] -- Configuring done
[18.178s] -- Generating done
[18.212s] -- Build files have been written to: /home/orin/ros2_ws/build/ros2_control_demo_example_2
[18.243s] Invoked command in '/home/orin/ros2_ws/build/ros2_control_demo_example_2' returned '0': AMENT_PREFIX_PATH=/home/orin/ros2_ws/install/ros2_control_demo_testing:/home/orin/ros2_ws/install/ros2_control_demo_description:${AMENT_PREFIX_PATH} CMAKE_PREFIX_PATH=/home/orin/ros2_ws/install/ros2_control_demo_description:/opt/ros/humble PYTHONPATH=/home/orin/ros2_ws/install/ros2_control_demo_testing/lib/python3.10/site-packages:${PYTHONPATH} /usr/bin/cmake /home/orin/ros2_ws/src/ros2_control_demos/example_2 -DCMAKE_INSTALL_PREFIX=/home/orin/ros2_ws/install/ros2_control_demo_example_2
[18.244s] Invoking command in '/home/orin/ros2_ws/build/ros2_control_demo_example_2': AMENT_PREFIX_PATH=/home/orin/ros2_ws/install/ros2_control_demo_testing:/home/orin/ros2_ws/install/ros2_control_demo_description:${AMENT_PREFIX_PATH} CMAKE_PREFIX_PATH=/home/orin/ros2_ws/install/ros2_control_demo_description:/opt/ros/humble PYTHONPATH=/home/orin/ros2_ws/install/ros2_control_demo_testing/lib/python3.10/site-packages:${PYTHONPATH} /usr/bin/cmake --build /home/orin/ros2_ws/build/ros2_control_demo_example_2 -- -j6 -l6
[18.351s] [35m[1mConsolidate compiler generated dependencies of target ros2_control_demo_example_2[0m
[18.432s] [ 50%] [32mBuilding CXX object CMakeFiles/ros2_control_demo_example_2.dir/hardware/diffbot_system.cpp.o[0m
[31.015s] [100%] [32m[1mLinking CXX shared library libros2_control_demo_example_2.so[0m
[32.422s] [100%] Built target ros2_control_demo_example_2
[32.471s] Invoked command in '/home/orin/ros2_ws/build/ros2_control_demo_example_2' returned '0': AMENT_PREFIX_PATH=/home/orin/ros2_ws/install/ros2_control_demo_testing:/home/orin/ros2_ws/install/ros2_control_demo_description:${AMENT_PREFIX_PATH} CMAKE_PREFIX_PATH=/home/orin/ros2_ws/install/ros2_control_demo_description:/opt/ros/humble PYTHONPATH=/home/orin/ros2_ws/install/ros2_control_demo_testing/lib/python3.10/site-packages:${PYTHONPATH} /usr/bin/cmake --build /home/orin/ros2_ws/build/ros2_control_demo_example_2 -- -j6 -l6
[32.479s] Invoking command in '/home/orin/ros2_ws/build/ros2_control_demo_example_2': AMENT_PREFIX_PATH=/home/orin/ros2_ws/install/ros2_control_demo_testing:/home/orin/ros2_ws/install/ros2_control_demo_description:${AMENT_PREFIX_PATH} CMAKE_PREFIX_PATH=/home/orin/ros2_ws/install/ros2_control_demo_description:/opt/ros/humble PYTHONPATH=/home/orin/ros2_ws/install/ros2_control_demo_testing/lib/python3.10/site-packages:${PYTHONPATH} /usr/bin/cmake --install /home/orin/ros2_ws/build/ros2_control_demo_example_2
[32.492s] -- Install configuration: ""
[32.494s] -- Execute custom install script
[32.502s] -- Up-to-date symlink: /home/orin/ros2_ws/install/ros2_control_demo_example_2/share/ros2_control_demo_example_2//ros2_control_demo_example_2.xml
[32.539s] -- Up-to-date symlink: /home/orin/ros2_ws/install/ros2_control_demo_example_2/include/ros2_control_demo_example_2/ros2_control_demo_example_2/diffbot_system.hpp
[32.544s] -- Up-to-date symlink: /home/orin/ros2_ws/install/ros2_control_demo_example_2/share/ros2_control_demo_example_2/launch/view_robot.launch.py
[32.554s] -- Up-to-date symlink: /home/orin/ros2_ws/install/ros2_control_demo_example_2/share/ros2_control_demo_example_2/ros2_control/diffbot.ros2_control.xacro
[32.562s] -- Up-to-date symlink: /home/orin/ros2_ws/install/ros2_control_demo_example_2/share/ros2_control_demo_example_2/urdf/diffbot.urdf.xacro
[32.567s] -- Up-to-date symlink: /home/orin/ros2_ws/install/ros2_control_demo_example_2/share/ros2_control_demo_example_2/launch/diffbot.launch.py
[32.584s] -- Up-to-date symlink: /home/orin/ros2_ws/install/ros2_control_demo_example_2/share/ros2_control_demo_example_2/config/diffbot_controllers.yaml
[32.599s] -- Up-to-date symlink: /home/orin/ros2_ws/install/ros2_control_demo_example_2/share/ros2_control_demo_example_2/environment/library_path.sh
[32.601s] -- Up-to-date symlink: /home/orin/ros2_ws/install/ros2_control_demo_example_2/share/ros2_control_demo_example_2/environment/library_path.dsv
[32.608s] -- Up-to-date symlink: /home/orin/ros2_ws/install/ros2_control_demo_example_2/share/ament_index/resource_index/package_run_dependencies/ros2_control_demo_example_2
[32.610s] -- Up-to-date symlink: /home/orin/ros2_ws/install/ros2_control_demo_example_2/share/ament_index/resource_index/parent_prefix_path/ros2_control_demo_example_2
[32.613s] -- Up-to-date symlink: /home/orin/ros2_ws/install/ros2_control_demo_example_2/share/ros2_control_demo_example_2/environment/ament_prefix_path.sh
[32.613s] -- Up-to-date symlink: /home/orin/ros2_ws/install/ros2_control_demo_example_2/share/ros2_control_demo_example_2/environment/ament_prefix_path.dsv
[32.615s] -- Up-to-date symlink: /home/orin/ros2_ws/install/ros2_control_demo_example_2/share/ros2_control_demo_example_2/environment/path.sh
[32.617s] -- Up-to-date symlink: /home/orin/ros2_ws/install/ros2_control_demo_example_2/share/ros2_control_demo_example_2/environment/path.dsv
[32.619s] -- Up-to-date symlink: /home/orin/ros2_ws/install/ros2_control_demo_example_2/share/ros2_control_demo_example_2/local_setup.bash
[32.620s] -- Up-to-date symlink: /home/orin/ros2_ws/install/ros2_control_demo_example_2/share/ros2_control_demo_example_2/local_setup.sh
[32.621s] -- Up-to-date symlink: /home/orin/ros2_ws/install/ros2_control_demo_example_2/share/ros2_control_demo_example_2/local_setup.zsh
[32.624s] -- Up-to-date symlink: /home/orin/ros2_ws/install/ros2_control_demo_example_2/share/ros2_control_demo_example_2/local_setup.dsv
[32.624s] -- Symlinking: /home/orin/ros2_ws/install/ros2_control_demo_example_2/share/ros2_control_demo_example_2/package.dsv
[32.660s] -- Up-to-date symlink: /home/orin/ros2_ws/install/ros2_control_demo_example_2/share/ament_index/resource_index/packages/ros2_control_demo_example_2
[32.667s] -- Up-to-date symlink: /home/orin/ros2_ws/install/ros2_control_demo_example_2/share/ament_index/resource_index/hardware_interface__pluginlib__plugin/ros2_control_demo_example_2
[32.672s] -- Up-to-date symlink: /home/orin/ros2_ws/install/ros2_control_demo_example_2/share/ros2_control_demo_example_2/cmake/ament_cmake_export_targets-extras.cmake
[32.676s] -- Up-to-date symlink: /home/orin/ros2_ws/install/ros2_control_demo_example_2/share/ros2_control_demo_example_2/cmake/ament_cmake_export_dependencies-extras.cmake
[32.680s] -- Up-to-date symlink: /home/orin/ros2_ws/install/ros2_control_demo_example_2/share/ros2_control_demo_example_2/cmake/ros2_control_demo_example_2Config.cmake
[32.689s] -- Up-to-date symlink: /home/orin/ros2_ws/install/ros2_control_demo_example_2/share/ros2_control_demo_example_2/cmake/ros2_control_demo_example_2Config-version.cmake
[32.692s] -- Up-to-date symlink: /home/orin/ros2_ws/install/ros2_control_demo_example_2/share/ros2_control_demo_example_2/package.xml
[32.692s] -- Installing: /home/orin/ros2_ws/install/ros2_control_demo_example_2/lib/libros2_control_demo_example_2.so
[32.707s] -- Set runtime path of "/home/orin/ros2_ws/install/ros2_control_demo_example_2/lib/libros2_control_demo_example_2.so" to ""
[32.711s] -- Up-to-date: /home/orin/ros2_ws/install/ros2_control_demo_example_2/share/ros2_control_demo_example_2/cmake/export_ros2_control_demo_example_2Export.cmake
[32.711s] -- Up-to-date: /home/orin/ros2_ws/install/ros2_control_demo_example_2/share/ros2_control_demo_example_2/cmake/export_ros2_control_demo_example_2Export-noconfig.cmake
[32.837s] Invoked command in '/home/orin/ros2_ws/build/ros2_control_demo_example_2' returned '0': AMENT_PREFIX_PATH=/home/orin/ros2_ws/install/ros2_control_demo_testing:/home/orin/ros2_ws/install/ros2_control_demo_description:${AMENT_PREFIX_PATH} CMAKE_PREFIX_PATH=/home/orin/ros2_ws/install/ros2_control_demo_description:/opt/ros/humble PYTHONPATH=/home/orin/ros2_ws/install/ros2_control_demo_testing/lib/python3.10/site-packages:${PYTHONPATH} /usr/bin/cmake --install /home/orin/ros2_ws/build/ros2_control_demo_example_2
