[0.000000] (-) TimerEvent: {}
[0.000951] (-) JobUnselected: {'identifier': 'arduino_encoder_odom'}
[0.001316] (-) JobUnselected: {'identifier': 'arduino_odometry'}
[0.001432] (-) JobUnselected: {'identifier': 'arduino_serial_comm'}
[0.001520] (-) JobUnselected: {'identifier': 'diffbot_description'}
[0.001572] (-) JobUnselected: {'identifier': 'diffdrive_arduino'}
[0.001645] (-) JobUnselected: {'identifier': 'encoder_ultrasonic_package'}
[0.001856] (-) JobUnselected: {'identifier': 'examples_rclcpp_async_client'}
[0.002044] (-) JobUnselected: {'identifier': 'examples_rclcpp_cbg_executor'}
[0.002244] (-) JobUnselected: {'identifier': 'examples_rclcpp_minimal_action_client'}
[0.002334] (-) JobUnselected: {'identifier': 'examples_rclcpp_minimal_action_server'}
[0.002379] (-) JobUnselected: {'identifier': 'examples_rclcpp_minimal_client'}
[0.002417] (-) JobUnselected: {'identifier': 'examples_rclcpp_minimal_composition'}
[0.002455] (-) JobUnselected: {'identifier': 'examples_rclcpp_minimal_publisher'}
[0.002490] (-) JobUnselected: {'identifier': 'examples_rclcpp_minimal_service'}
[0.002525] (-) JobUnselected: {'identifier': 'examples_rclcpp_minimal_subscriber'}
[0.002560] (-) JobUnselected: {'identifier': 'examples_rclcpp_minimal_timer'}
[0.002594] (-) JobUnselected: {'identifier': 'examples_rclcpp_multithreaded_executor'}
[0.002627] (-) JobUnselected: {'identifier': 'examples_rclcpp_wait_set'}
[0.002661] (-) JobUnselected: {'identifier': 'examples_rclpy_executors'}
[0.002696] (-) JobUnselected: {'identifier': 'examples_rclpy_guard_conditions'}
[0.002731] (-) JobUnselected: {'identifier': 'examples_rclpy_minimal_action_client'}
[0.002765] (-) JobUnselected: {'identifier': 'examples_rclpy_minimal_action_server'}
[0.002797] (-) JobUnselected: {'identifier': 'examples_rclpy_minimal_client'}
[0.002830] (-) JobUnselected: {'identifier': 'examples_rclpy_minimal_publisher'}
[0.002863] (-) JobUnselected: {'identifier': 'examples_rclpy_minimal_service'}
[0.002897] (-) JobUnselected: {'identifier': 'examples_rclpy_minimal_subscriber'}
[0.002929] (-) JobUnselected: {'identifier': 'examples_rclpy_pointcloud_publisher'}
[0.002963] (-) JobUnselected: {'identifier': 'hcsr04_sensor'}
[0.002996] (-) JobUnselected: {'identifier': 'launch_testing_examples'}
[0.003029] (-) JobUnselected: {'identifier': 'my_bot_description'}
[0.003062] (-) JobUnselected: {'identifier': 'my_bot_imu'}
[0.003097] (-) JobUnselected: {'identifier': 'ros2_control_demo_description'}
[0.003131] (-) JobUnselected: {'identifier': 'ros2_control_demo_example_1'}
[0.003163] (-) JobUnselected: {'identifier': 'ros2_control_demo_example_10'}
[0.003196] (-) JobUnselected: {'identifier': 'ros2_control_demo_example_11'}
[0.003228] (-) JobUnselected: {'identifier': 'ros2_control_demo_example_12'}
[0.003261] (-) JobUnselected: {'identifier': 'ros2_control_demo_example_13'}
[0.003293] (-) JobUnselected: {'identifier': 'ros2_control_demo_example_14'}
[0.003326] (-) JobUnselected: {'identifier': 'ros2_control_demo_example_15'}
[0.003358] (-) JobUnselected: {'identifier': 'ros2_control_demo_example_2'}
[0.003391] (-) JobUnselected: {'identifier': 'ros2_control_demo_example_3'}
[0.003424] (-) JobUnselected: {'identifier': 'ros2_control_demo_example_4'}
[0.003457] (-) JobUnselected: {'identifier': 'ros2_control_demo_example_5'}
[0.003489] (-) JobUnselected: {'identifier': 'ros2_control_demo_example_6'}
[0.003521] (-) JobUnselected: {'identifier': 'ros2_control_demo_example_7'}
[0.003554] (-) JobUnselected: {'identifier': 'ros2_control_demo_example_8'}
[0.003586] (-) JobUnselected: {'identifier': 'ros2_control_demo_example_9'}
[0.003619] (-) JobUnselected: {'identifier': 'ros2_control_demo_testing'}
[0.003651] (-) JobUnselected: {'identifier': 'ros2_control_demos'}
[0.003684] (-) JobUnselected: {'identifier': 'sllidar_ros2'}
[0.003716] (-) JobUnselected: {'identifier': 'wheel_encoder_odometry'}
[0.003751] (-) EventReactorShutdown: {}
