[3.217s] Invoking command in '/home/orin/ros2_ws/build/encoder_ultrasonic_package': PYTHONPATH=/home/orin/ros2_ws/build/encoder_ultrasonic_package/prefix_override:/usr/lib/python3/dist-packages/colcon_core/task/python/colcon_distutils_commands:/home/orin/ros2_ws/install/encoder_ultrasonic_package/lib/python3.10/site-packages:${PYTHONPATH} /usr/bin/python3 -W ignore:setup.py install is deprecated -W ignore:easy_install command is deprecated setup.py develop --uninstall --editable --build-directory /home/orin/ros2_ws/build/encoder_ultrasonic_package/build
[4.531s] /home/orin/.local/lib/python3.10/site-packages/setuptools/_distutils/dist.py:261: UserWarning: Unknown distribution option: 'tests_require'
[4.531s]   warnings.warn(msg)
[5.415s] running develop
[6.410s] Removing /home/orin/ros2_ws/install/encoder_ultrasonic_package/lib/python3.10/site-packages/encoder-ultrasonic-package.egg-link (link to .)
[6.656s] Invoked command in '/home/orin/ros2_ws/build/encoder_ultrasonic_package' returned '0': PYTHONPATH=/home/orin/ros2_ws/build/encoder_ultrasonic_package/prefix_override:/usr/lib/python3/dist-packages/colcon_core/task/python/colcon_distutils_commands:/home/orin/ros2_ws/install/encoder_ultrasonic_package/lib/python3.10/site-packages:${PYTHONPATH} /usr/bin/python3 -W ignore:setup.py install is deprecated -W ignore:easy_install command is deprecated setup.py develop --uninstall --editable --build-directory /home/orin/ros2_ws/build/encoder_ultrasonic_package/build
[6.657s] Invoking command in '/home/orin/ros2_ws/src/encoder_ultrasonic_package': PYTHONPATH=/home/orin/ros2_ws/build/encoder_ultrasonic_package/prefix_override:/usr/lib/python3/dist-packages/colcon_core/task/python/colcon_distutils_commands:/home/orin/ros2_ws/install/encoder_ultrasonic_package/lib/python3.10/site-packages:${PYTHONPATH} /usr/bin/python3 -W ignore:setup.py install is deprecated -W ignore:easy_install command is deprecated setup.py egg_info --egg-base ../../build/encoder_ultrasonic_package build --build-base /home/orin/ros2_ws/build/encoder_ultrasonic_package/build install --record /home/orin/ros2_ws/build/encoder_ultrasonic_package/install.log --single-version-externally-managed install_data --force
[7.393s] /home/orin/.local/lib/python3.10/site-packages/setuptools/_distutils/dist.py:261: UserWarning: Unknown distribution option: 'tests_require'
[7.394s]   warnings.warn(msg)
[8.047s] running egg_info
[8.124s] writing ../../build/encoder_ultrasonic_package/encoder_ultrasonic_package.egg-info/PKG-INFO
[8.126s] writing dependency_links to ../../build/encoder_ultrasonic_package/encoder_ultrasonic_package.egg-info/dependency_links.txt
[8.126s] writing entry points to ../../build/encoder_ultrasonic_package/encoder_ultrasonic_package.egg-info/entry_points.txt
[8.131s] writing requirements to ../../build/encoder_ultrasonic_package/encoder_ultrasonic_package.egg-info/requires.txt
[8.131s] writing top-level names to ../../build/encoder_ultrasonic_package/encoder_ultrasonic_package.egg-info/top_level.txt
[8.295s] reading manifest file '../../build/encoder_ultrasonic_package/encoder_ultrasonic_package.egg-info/SOURCES.txt'
[8.322s] writing manifest file '../../build/encoder_ultrasonic_package/encoder_ultrasonic_package.egg-info/SOURCES.txt'
[8.322s] running build
[8.322s] running build_py
[8.322s] copying encoder_ultrasonic_package/__init__.py -> /home/orin/ros2_ws/build/encoder_ultrasonic_package/build/lib/encoder_ultrasonic_package
[8.322s] copying encoder_ultrasonic_package/encoder_ultrasonic_node.py -> /home/orin/ros2_ws/build/encoder_ultrasonic_package/build/lib/encoder_ultrasonic_package
[8.322s] running install
[8.336s] running install_lib
[8.384s] creating /home/orin/ros2_ws/install/encoder_ultrasonic_package/lib/python3.10/site-packages/encoder_ultrasonic_package
[8.391s] copying /home/orin/ros2_ws/build/encoder_ultrasonic_package/build/lib/encoder_ultrasonic_package/__init__.py -> /home/orin/ros2_ws/install/encoder_ultrasonic_package/lib/python3.10/site-packages/encoder_ultrasonic_package
[8.392s] copying /home/orin/ros2_ws/build/encoder_ultrasonic_package/build/lib/encoder_ultrasonic_package/encoder_ultrasonic_node.py -> /home/orin/ros2_ws/install/encoder_ultrasonic_package/lib/python3.10/site-packages/encoder_ultrasonic_package
[8.392s] byte-compiling /home/orin/ros2_ws/install/encoder_ultrasonic_package/lib/python3.10/site-packages/encoder_ultrasonic_package/__init__.py to __init__.cpython-310.pyc
[8.392s] byte-compiling /home/orin/ros2_ws/install/encoder_ultrasonic_package/lib/python3.10/site-packages/encoder_ultrasonic_package/encoder_ultrasonic_node.py to encoder_ultrasonic_node.cpython-310.pyc
[8.392s] running install_data
[8.408s] copying resource/encoder_ultrasonic_package -> /home/orin/ros2_ws/install/encoder_ultrasonic_package/share/ament_index/resource_index/packages
[8.408s] copying package.xml -> /home/orin/ros2_ws/install/encoder_ultrasonic_package/share/encoder_ultrasonic_package
[8.408s] running install_egg_info
[8.455s] Copying ../../build/encoder_ultrasonic_package/encoder_ultrasonic_package.egg-info to /home/orin/ros2_ws/install/encoder_ultrasonic_package/lib/python3.10/site-packages/encoder_ultrasonic_package-0.0.0-py3.10.egg-info
[8.464s] running install_scripts
[9.232s] Installing encoder_ultrasonic_node script to /home/orin/ros2_ws/install/encoder_ultrasonic_package/lib/encoder_ultrasonic_package
[9.232s] writing list of installed files to '/home/orin/ros2_ws/build/encoder_ultrasonic_package/install.log'
[9.347s] Invoked command in '/home/orin/ros2_ws/src/encoder_ultrasonic_package' returned '0': PYTHONPATH=/home/orin/ros2_ws/build/encoder_ultrasonic_package/prefix_override:/usr/lib/python3/dist-packages/colcon_core/task/python/colcon_distutils_commands:/home/orin/ros2_ws/install/encoder_ultrasonic_package/lib/python3.10/site-packages:${PYTHONPATH} /usr/bin/python3 -W ignore:setup.py install is deprecated -W ignore:easy_install command is deprecated setup.py egg_info --egg-base ../../build/encoder_ultrasonic_package build --build-base /home/orin/ros2_ws/build/encoder_ultrasonic_package/build install --record /home/orin/ros2_ws/build/encoder_ultrasonic_package/install.log --single-version-externally-managed install_data --force
