[17.314s] Invoking command in '/home/orin/ros2_ws/build/examples_rclpy_minimal_publisher': PYTHONPATH=/home/orin/ros2_ws/build/examples_rclpy_minimal_publisher/prefix_override:/usr/lib/python3/dist-packages/colcon_core/task/python/colcon_distutils_commands:/home/orin/ros2_ws/install/examples_rclpy_minimal_publisher/lib/python3.10/site-packages:${PYTHONPATH} /usr/bin/python3 -W ignore:setup.py install is deprecated setup.py develop --editable --build-directory /home/orin/ros2_ws/build/examples_rclpy_minimal_publisher/build --no-deps symlink_data
[18.021s] /home/orin/.local/lib/python3.10/site-packages/setuptools/_distutils/dist.py:261: UserWarning: Unknown distribution option: 'tests_require'
[18.021s]   warnings.warn(msg)
[21.485s] running develop
[21.512s] /home/orin/.local/lib/python3.10/site-packages/setuptools/command/develop.py:41: EasyInstallDeprecationWarning: easy_install command is deprecated.
[21.512s] !!
[21.513s] 
[21.513s]         ********************************************************************************
[21.513s]         Please avoid running ``setup.py`` and ``easy_install``.
[21.513s]         Instead, use pypa/build, pypa/installer or other
[21.513s]         standards-based tools.
[21.513s] 
[21.514s]         See https://github.com/pypa/setuptools/issues/917 for details.
[21.514s]         ********************************************************************************
[21.514s] 
[21.514s] !!
[21.514s]   easy_install.initialize_options(self)
[25.581s] running egg_info
[25.777s] writing examples_rclpy_minimal_publisher.egg-info/PKG-INFO
[25.788s] writing dependency_links to examples_rclpy_minimal_publisher.egg-info/dependency_links.txt
[25.790s] writing entry points to examples_rclpy_minimal_publisher.egg-info/entry_points.txt
[25.791s] writing requirements to examples_rclpy_minimal_publisher.egg-info/requires.txt
[25.792s] writing top-level names to examples_rclpy_minimal_publisher.egg-info/top_level.txt
[26.915s] reading manifest file 'examples_rclpy_minimal_publisher.egg-info/SOURCES.txt'
[26.930s] writing manifest file 'examples_rclpy_minimal_publisher.egg-info/SOURCES.txt'
[27.219s] running build_ext
[27.237s] Creating /home/orin/ros2_ws/install/examples_rclpy_minimal_publisher/lib/python3.10/site-packages/examples-rclpy-minimal-publisher.egg-link (link to .)
[27.247s] Installing publisher_local_function script to /home/orin/ros2_ws/install/examples_rclpy_minimal_publisher/lib/examples_rclpy_minimal_publisher
[27.262s] Installing publisher_member_function script to /home/orin/ros2_ws/install/examples_rclpy_minimal_publisher/lib/examples_rclpy_minimal_publisher
[27.269s] Installing publisher_old_school script to /home/orin/ros2_ws/install/examples_rclpy_minimal_publisher/lib/examples_rclpy_minimal_publisher
[27.353s] 
[27.353s] Installed /home/orin/ros2_ws/build/examples_rclpy_minimal_publisher
[27.354s] running symlink_data
