[0.021s] Invoking command in '/home/orin/ros2_ws/build/custom_msgs': CMAKE_PREFIX_PATH=/opt/ros/humble /usr/bin/cmake --build /home/orin/ros2_ws/build/custom_msgs -- -j6 -l6
[0.069s] -- Found ament_cmake: 1.3.11 (/opt/ros/humble/share/ament_cmake/cmake)
[0.396s] -- Found std_msgs: 4.2.4 (/opt/ros/humble/share/std_msgs/cmake)
[0.467s] -- Found rosidl_generator_c: 3.1.6 (/opt/ros/humble/share/rosidl_generator_c/cmake)
[0.472s] -- Found rosidl_adapter: 3.1.6 (/opt/ros/humble/share/rosidl_adapter/cmake)
[0.483s] -- Found rosidl_generator_cpp: 3.1.6 (/opt/ros/humble/share/rosidl_generator_cpp/cmake)
[0.501s] -- Using all available rosidl_typesupport_c: rosidl_typesupport_fastrtps_c;rosidl_typesupport_introspection_c
[0.524s] -- Using all available rosidl_typesupport_cpp: rosidl_typesupport_fastrtps_cpp;rosidl_typesupport_introspection_cpp
[0.567s] -- Found rosidl_default_generators: 1.2.0 (/opt/ros/humble/share/rosidl_default_generators/cmake)
[0.580s] [31mCMake Error at /opt/ros/humble/share/rosidl_cmake/cmake/rosidl_generate_interfaces.cmake:93 (message):
[0.581s]   rosidl_generate_interfaces() the passed file 'msg/MotorSpeeds.msg' doesn't
[0.581s]   exist relative to the CMAKE_CURRENT_SOURCE_DIR
[0.581s]   '/home/orin/ros2_ws/src/custom_msgs'
[0.581s] Call Stack (most recent call first):
[0.581s]   CMakeLists.txt:17 (rosidl_generate_interfaces)
[0.581s] 
[0.582s] [0m
[0.582s] -- Configuring incomplete, errors occurred!
[0.582s] See also "/home/orin/ros2_ws/build/custom_msgs/CMakeFiles/CMakeOutput.log".
[0.593s] gmake: *** [Makefile:747: cmake_check_build_system] Error 1
[0.599s] Invoked command in '/home/orin/ros2_ws/build/custom_msgs' returned '2': CMAKE_PREFIX_PATH=/opt/ros/humble /usr/bin/cmake --build /home/orin/ros2_ws/build/custom_msgs -- -j6 -l6
