[3.526s] Invoking command in '/home/orin/ros2_ws/build/examples_rclpy_minimal_action_server': PYTHONPATH=/home/orin/ros2_ws/build/examples_rclpy_minimal_action_server/prefix_override:/usr/lib/python3/dist-packages/colcon_core/task/python/colcon_distutils_commands:/home/orin/ros2_ws/install/examples_rclpy_minimal_action_server/lib/python3.10/site-packages:${PYTHONPATH} /usr/bin/python3 -W ignore:setup.py install is deprecated -W ignore:easy_install command is deprecated setup.py develop --editable --build-directory /home/orin/ros2_ws/build/examples_rclpy_minimal_action_server/build --no-deps symlink_data
[4.186s] /home/orin/.local/lib/python3.10/site-packages/setuptools/_distutils/dist.py:261: UserWarning: Unknown distribution option: 'tests_require'
[4.208s]   warnings.warn(msg)
[4.844s] running develop
[5.632s] running egg_info
[5.724s] writing examples_rclpy_minimal_action_server.egg-info/PKG-INFO
[5.729s] writing dependency_links to examples_rclpy_minimal_action_server.egg-info/dependency_links.txt
[5.730s] writing entry points to examples_rclpy_minimal_action_server.egg-info/entry_points.txt
[5.730s] writing requirements to examples_rclpy_minimal_action_server.egg-info/requires.txt
[5.730s] writing top-level names to examples_rclpy_minimal_action_server.egg-info/top_level.txt
[5.848s] reading manifest file 'examples_rclpy_minimal_action_server.egg-info/SOURCES.txt'
[5.852s] writing manifest file 'examples_rclpy_minimal_action_server.egg-info/SOURCES.txt'
[5.920s] running build_ext
[5.921s] Creating /home/orin/ros2_ws/install/examples_rclpy_minimal_action_server/lib/python3.10/site-packages/examples-rclpy-minimal-action-server.egg-link (link to .)
[5.924s] Installing server script to /home/orin/ros2_ws/install/examples_rclpy_minimal_action_server/lib/examples_rclpy_minimal_action_server
[5.928s] Installing server_defer script to /home/orin/ros2_ws/install/examples_rclpy_minimal_action_server/lib/examples_rclpy_minimal_action_server
[5.928s] Installing server_not_composable script to /home/orin/ros2_ws/install/examples_rclpy_minimal_action_server/lib/examples_rclpy_minimal_action_server
[5.929s] Installing server_queue_goals script to /home/orin/ros2_ws/install/examples_rclpy_minimal_action_server/lib/examples_rclpy_minimal_action_server
[5.929s] Installing server_single_goal script to /home/orin/ros2_ws/install/examples_rclpy_minimal_action_server/lib/examples_rclpy_minimal_action_server
[5.929s] 
[5.929s] Installed /home/orin/ros2_ws/build/examples_rclpy_minimal_action_server
[5.929s] running symlink_data
[6.786s] Invoked command in '/home/orin/ros2_ws/build/examples_rclpy_minimal_action_server' returned '0': PYTHONPATH=/home/orin/ros2_ws/build/examples_rclpy_minimal_action_server/prefix_override:/usr/lib/python3/dist-packages/colcon_core/task/python/colcon_distutils_commands:/home/orin/ros2_ws/install/examples_rclpy_minimal_action_server/lib/python3.10/site-packages:${PYTHONPATH} /usr/bin/python3 -W ignore:setup.py install is deprecated -W ignore:easy_install command is deprecated setup.py develop --editable --build-directory /home/orin/ros2_ws/build/examples_rclpy_minimal_action_server/build --no-deps symlink_data
