[3.218s] Invoking command in '/home/orin/ros2_ws/build/arduino_serial_comm': /usr/bin/cmake --build /home/orin/ros2_ws/build/arduino_serial_comm -- -j6 -l6
[3.898s] [100%] Built target serial_comm_node
[5.044s] Invoked command in '/home/orin/ros2_ws/build/arduino_serial_comm' returned '0': /usr/bin/cmake --build /home/orin/ros2_ws/build/arduino_serial_comm -- -j6 -l6
[5.916s] Invoking command in '/home/orin/ros2_ws/build/arduino_serial_comm': /usr/bin/cmake --install /home/orin/ros2_ws/build/arduino_serial_comm
[6.139s] -- Install configuration: ""
[6.173s] -- Execute custom install script
[6.174s] -- Up-to-date symlink: /home/orin/ros2_ws/install/arduino_serial_comm/lib/arduino_serial_comm/serial_comm_node
[6.174s] -- Up-to-date symlink: /home/orin/ros2_ws/install/arduino_serial_comm/share/ament_index/resource_index/package_run_dependencies/arduino_serial_comm
[6.174s] -- Up-to-date symlink: /home/orin/ros2_ws/install/arduino_serial_comm/share/ament_index/resource_index/parent_prefix_path/arduino_serial_comm
[6.174s] -- Up-to-date symlink: /home/orin/ros2_ws/install/arduino_serial_comm/share/arduino_serial_comm/environment/ament_prefix_path.sh
[6.174s] -- Up-to-date symlink: /home/orin/ros2_ws/install/arduino_serial_comm/share/arduino_serial_comm/environment/ament_prefix_path.dsv
[6.174s] -- Up-to-date symlink: /home/orin/ros2_ws/install/arduino_serial_comm/share/arduino_serial_comm/environment/path.sh
[6.175s] -- Up-to-date symlink: /home/orin/ros2_ws/install/arduino_serial_comm/share/arduino_serial_comm/environment/path.dsv
[6.175s] -- Up-to-date symlink: /home/orin/ros2_ws/install/arduino_serial_comm/share/arduino_serial_comm/local_setup.bash
[6.175s] -- Up-to-date symlink: /home/orin/ros2_ws/install/arduino_serial_comm/share/arduino_serial_comm/local_setup.sh
[6.175s] -- Up-to-date symlink: /home/orin/ros2_ws/install/arduino_serial_comm/share/arduino_serial_comm/local_setup.zsh
[6.175s] -- Up-to-date symlink: /home/orin/ros2_ws/install/arduino_serial_comm/share/arduino_serial_comm/local_setup.dsv
[6.175s] -- Symlinking: /home/orin/ros2_ws/install/arduino_serial_comm/share/arduino_serial_comm/package.dsv
[6.237s] -- Up-to-date symlink: /home/orin/ros2_ws/install/arduino_serial_comm/share/ament_index/resource_index/packages/arduino_serial_comm
[6.262s] -- Up-to-date symlink: /home/orin/ros2_ws/install/arduino_serial_comm/share/arduino_serial_comm/cmake/arduino_serial_commConfig.cmake
[6.277s] -- Up-to-date symlink: /home/orin/ros2_ws/install/arduino_serial_comm/share/arduino_serial_comm/cmake/arduino_serial_commConfig-version.cmake
[6.278s] -- Up-to-date symlink: /home/orin/ros2_ws/install/arduino_serial_comm/share/arduino_serial_comm/package.xml
[6.305s] Invoked command in '/home/orin/ros2_ws/build/arduino_serial_comm' returned '0': /usr/bin/cmake --install /home/orin/ros2_ws/build/arduino_serial_comm
