[4.179s] Invoking command in '/home/orin/ros2_ws/src/examples/rclpy/guard_conditions': PYTHONPATH=/home/orin/ros2_ws/build/examples_rclpy_guard_conditions/prefix_override:/usr/lib/python3/dist-packages/colcon_core/task/python/colcon_distutils_commands:/home/orin/ros2_ws/install/examples_rclpy_guard_conditions/lib/python3.10/site-packages:${PYTHONPATH} /usr/bin/python3 -W ignore:setup.py install is deprecated setup.py egg_info --egg-base ../../../../build/examples_rclpy_guard_conditions build --build-base /home/orin/ros2_ws/build/examples_rclpy_guard_conditions/build install --record /home/orin/ros2_ws/build/examples_rclpy_guard_conditions/install.log --single-version-externally-managed install_data
[4.896s] /home/orin/.local/lib/python3.10/site-packages/setuptools/_distutils/dist.py:261: UserWarning: Unknown distribution option: 'tests_require'
[4.896s]   warnings.warn(msg)
[5.316s] running egg_info
[5.382s] writing ../../../../build/examples_rclpy_guard_conditions/examples_rclpy_guard_conditions.egg-info/PKG-INFO
[5.386s] writing dependency_links to ../../../../build/examples_rclpy_guard_conditions/examples_rclpy_guard_conditions.egg-info/dependency_links.txt
[5.389s] writing entry points to ../../../../build/examples_rclpy_guard_conditions/examples_rclpy_guard_conditions.egg-info/entry_points.txt
[5.389s] writing requirements to ../../../../build/examples_rclpy_guard_conditions/examples_rclpy_guard_conditions.egg-info/requires.txt
[5.390s] writing top-level names to ../../../../build/examples_rclpy_guard_conditions/examples_rclpy_guard_conditions.egg-info/top_level.txt
[5.519s] reading manifest file '../../../../build/examples_rclpy_guard_conditions/examples_rclpy_guard_conditions.egg-info/SOURCES.txt'
[5.524s] writing manifest file '../../../../build/examples_rclpy_guard_conditions/examples_rclpy_guard_conditions.egg-info/SOURCES.txt'
[5.526s] running build
[5.530s] running build_py
[5.530s] copying examples_rclpy_guard_conditions/__init__.py -> /home/orin/ros2_ws/build/examples_rclpy_guard_conditions/build/lib/examples_rclpy_guard_conditions
[5.533s] copying examples_rclpy_guard_conditions/trigger_guard_condition.py -> /home/orin/ros2_ws/build/examples_rclpy_guard_conditions/build/lib/examples_rclpy_guard_conditions
[5.536s] running install
[5.548s] running install_lib
[5.632s] running install_data
[5.632s] copying resource/examples_rclpy_guard_conditions -> /home/orin/ros2_ws/install/examples_rclpy_guard_conditions/share/ament_index/resource_index/packages
[5.632s] copying package.xml -> /home/orin/ros2_ws/install/examples_rclpy_guard_conditions/share/examples_rclpy_guard_conditions
[5.632s] running install_egg_info
[5.704s] removing '/home/orin/ros2_ws/install/examples_rclpy_guard_conditions/lib/python3.10/site-packages/examples_rclpy_guard_conditions-0.15.2-py3.10.egg-info' (and everything under it)
[5.708s] Copying ../../../../build/examples_rclpy_guard_conditions/examples_rclpy_guard_conditions.egg-info to /home/orin/ros2_ws/install/examples_rclpy_guard_conditions/lib/python3.10/site-packages/examples_rclpy_guard_conditions-0.15.2-py3.10.egg-info
[5.720s] running install_scripts
[6.328s] Installing trigger_guard_condition script to /home/orin/ros2_ws/install/examples_rclpy_guard_conditions/lib/examples_rclpy_guard_conditions
[6.332s] writing list of installed files to '/home/orin/ros2_ws/build/examples_rclpy_guard_conditions/install.log'
[6.556s] Invoked command in '/home/orin/ros2_ws/src/examples/rclpy/guard_conditions' returned '0': PYTHONPATH=/home/orin/ros2_ws/build/examples_rclpy_guard_conditions/prefix_override:/usr/lib/python3/dist-packages/colcon_core/task/python/colcon_distutils_commands:/home/orin/ros2_ws/install/examples_rclpy_guard_conditions/lib/python3.10/site-packages:${PYTHONPATH} /usr/bin/python3 -W ignore:setup.py install is deprecated setup.py egg_info --egg-base ../../../../build/examples_rclpy_guard_conditions build --build-base /home/orin/ros2_ws/build/examples_rclpy_guard_conditions/build install --record /home/orin/ros2_ws/build/examples_rclpy_guard_conditions/install.log --single-version-externally-managed install_data
