[0.055s] Invoking command in '/home/orin/ros2_ws/build/ros2_control_demo_example_2': AMENT_PREFIX_PATH=/home/orin/ros2_ws/install/ros2_control_demo_testing:/home/orin/ros2_ws/install/wheel_encoder_odometry:/home/orin/ros2_ws/install/sllidar_ros2:/home/orin/ros2_ws/install/ros2_control_demo_example_5:/home/orin/ros2_ws/install/ros2_control_demo_description:/home/orin/ros2_ws/install/my_bot_imu:/home/orin/ros2_ws/install/my_bot_description:/home/orin/ros2_ws/install/mobile_robot_description:/home/orin/ros2_ws/install/image_geometry:/home/orin/ros2_ws/install/gazebo_dev:/home/orin/ros2_ws/install/depthai-ros:/home/orin/ros2_ws/install/depthai_examples:/home/orin/ros2_ws/install/depthai_ros_msgs:/home/orin/ros2_ws/install/depthai_descriptions:/home/orin/ros2_ws/install/cv_bridge:/home/orin/ros2_ws/install/arduino_odometry:/opt/ros/humble CMAKE_PREFIX_PATH=/home/orin/ros2_ws/install/ros2_control_demo_description:/home/orin/ros2_ws/install/sllidar_ros2:/home/orin/ros2_ws/install/ros2_control_demo_example_5:/home/orin/ros2_ws/install/my_bot_imu:/home/orin/ros2_ws/install/my_bot_description:/home/orin/ros2_ws/install/wheel_encoder_odometry:/home/orin/ros2_ws/install/ros2_control_demo_testing:/home/orin/ros2_ws/install/arduino_odometry:/opt/ros/humble:/home/orin/ros2_ws/install/mobile_robot_description:/home/orin/ros2_ws/install/image_geometry:/home/orin/ros2_ws/install/gazebo_dev:/home/orin/ros2_ws/install/depthai-ros:/home/orin/ros2_ws/install/depthai_examples:/home/orin/ros2_ws/install/depthai_ros_msgs:/home/orin/ros2_ws/install/depthai_descriptions:/home/orin/ros2_ws/install/cv_bridge PYTHONPATH=/home/orin/ros2_ws/install/ros2_control_demo_testing/lib/python3.10/site-packages:/home/orin/ros2_ws/install/wheel_encoder_odometry/lib/python3.10/site-packages:/home/orin/ros2_ws/build/ros2_control_demo_testing:/home/orin/ros2_ws/install/image_geometry/local/lib/python3.10/dist-packages:/home/orin/ros2_ws/install/depthai_ros_msgs/local/lib/python3.10/dist-packages:/home/orin/ros2_ws/install/cv_bridge/local/lib/python3.10/dist-packages:/home/orin/ros2_ws/install/arduino_odometry/lib/python3.10/site-packages:/opt/ros/humble/lib/python3.10/site-packages:/opt/ros/humble/local/lib/python3.10/dist-packages /usr/bin/cmake /home/orin/ros2_ws/src/ros2_control_demos/example_2 -DCMAKE_INSTALL_PREFIX=/home/orin/ros2_ws/install/ros2_control_demo_example_2
[16.430s] -- The CXX compiler identification is GNU 11.4.0
[16.442s] -- Detecting CXX compiler ABI info
[16.443s] -- Detecting CXX compiler ABI info - done
[16.444s] -- Check for working CXX compiler: /usr/bin/c++ - skipped
[16.444s] -- Detecting CXX compile features
[16.444s] -- Detecting CXX compile features - done
[16.444s] -- Found ament_cmake: 1.3.10 (/opt/ros/humble/share/ament_cmake/cmake)
[16.444s] -- Found Python3: /usr/bin/python3 (found version "3.10.12") found components: Interpreter 
[16.444s] -- Found hardware_interface: 2.43.1 (/opt/ros/humble/share/hardware_interface/cmake)
[16.445s] -- Found rosidl_generator_c: 3.1.5 (/opt/ros/humble/share/rosidl_generator_c/cmake)
[16.445s] -- Found rosidl_adapter: 3.1.5 (/opt/ros/humble/share/rosidl_adapter/cmake)
[16.445s] -- Found rosidl_generator_cpp: 3.1.5 (/opt/ros/humble/share/rosidl_generator_cpp/cmake)
[16.445s] -- Using all available rosidl_typesupport_c: rosidl_typesupport_fastrtps_c;rosidl_typesupport_introspection_c
[16.445s] -- Using all available rosidl_typesupport_cpp: rosidl_typesupport_fastrtps_cpp;rosidl_typesupport_introspection_cpp
[16.445s] -- Found rmw_implementation_cmake: 6.1.2 (/opt/ros/humble/share/rmw_implementation_cmake/cmake)
[16.445s] -- Found rmw_fastrtps_cpp: 6.2.7 (/opt/ros/humble/share/rmw_fastrtps_cpp/cmake)
[16.445s] -- Found TinyXML2 via Config file: TinyXML2_DIR-NOTFOUND
[16.446s] -- Found OpenSSL: /usr/lib/aarch64-linux-gnu/libcrypto.so (found version "3.0.2")  
[16.446s] -- Found TinyXML2 via Config file: TinyXML2_DIR-NOTFOUND
[16.450s] -- Found FastRTPS: /opt/ros/humble/include  
[16.451s] -- Found TinyXML2 via Config file: TinyXML2_DIR-NOTFOUND
[16.451s] -- Found TinyXML2 via Config file: TinyXML2_DIR-NOTFOUND
[16.451s] -- Using RMW implementation 'rmw_fastrtps_cpp' as default
[16.451s] -- Looking for C++ include pthread.h
[16.451s] -- Looking for C++ include pthread.h - found
[16.452s] -- Performing Test CMAKE_HAVE_LIBC_PTHREAD
[16.452s] -- Performing Test CMAKE_HAVE_LIBC_PTHREAD - Success
[16.452s] -- Found Threads: TRUE  
[16.452s] -- Found ament_cmake_pytest: 1.3.10 (/opt/ros/humble/share/ament_cmake_pytest/cmake)
[16.452s] -- Configuring done
[16.452s] -- Generating done
[16.452s] -- Build files have been written to: /home/orin/ros2_ws/build/ros2_control_demo_example_2
[16.454s] Invoked command in '/home/orin/ros2_ws/build/ros2_control_demo_example_2' returned '0': AMENT_PREFIX_PATH=/home/orin/ros2_ws/install/ros2_control_demo_testing:/home/orin/ros2_ws/install/wheel_encoder_odometry:/home/orin/ros2_ws/install/sllidar_ros2:/home/orin/ros2_ws/install/ros2_control_demo_example_5:/home/orin/ros2_ws/install/ros2_control_demo_description:/home/orin/ros2_ws/install/my_bot_imu:/home/orin/ros2_ws/install/my_bot_description:/home/orin/ros2_ws/install/mobile_robot_description:/home/orin/ros2_ws/install/image_geometry:/home/orin/ros2_ws/install/gazebo_dev:/home/orin/ros2_ws/install/depthai-ros:/home/orin/ros2_ws/install/depthai_examples:/home/orin/ros2_ws/install/depthai_ros_msgs:/home/orin/ros2_ws/install/depthai_descriptions:/home/orin/ros2_ws/install/cv_bridge:/home/orin/ros2_ws/install/arduino_odometry:/opt/ros/humble CMAKE_PREFIX_PATH=/home/orin/ros2_ws/install/ros2_control_demo_description:/home/orin/ros2_ws/install/sllidar_ros2:/home/orin/ros2_ws/install/ros2_control_demo_example_5:/home/orin/ros2_ws/install/my_bot_imu:/home/orin/ros2_ws/install/my_bot_description:/home/orin/ros2_ws/install/wheel_encoder_odometry:/home/orin/ros2_ws/install/ros2_control_demo_testing:/home/orin/ros2_ws/install/arduino_odometry:/opt/ros/humble:/home/orin/ros2_ws/install/mobile_robot_description:/home/orin/ros2_ws/install/image_geometry:/home/orin/ros2_ws/install/gazebo_dev:/home/orin/ros2_ws/install/depthai-ros:/home/orin/ros2_ws/install/depthai_examples:/home/orin/ros2_ws/install/depthai_ros_msgs:/home/orin/ros2_ws/install/depthai_descriptions:/home/orin/ros2_ws/install/cv_bridge PYTHONPATH=/home/orin/ros2_ws/install/ros2_control_demo_testing/lib/python3.10/site-packages:/home/orin/ros2_ws/install/wheel_encoder_odometry/lib/python3.10/site-packages:/home/orin/ros2_ws/build/ros2_control_demo_testing:/home/orin/ros2_ws/install/image_geometry/local/lib/python3.10/dist-packages:/home/orin/ros2_ws/install/depthai_ros_msgs/local/lib/python3.10/dist-packages:/home/orin/ros2_ws/install/cv_bridge/local/lib/python3.10/dist-packages:/home/orin/ros2_ws/install/arduino_odometry/lib/python3.10/site-packages:/opt/ros/humble/lib/python3.10/site-packages:/opt/ros/humble/local/lib/python3.10/dist-packages /usr/bin/cmake /home/orin/ros2_ws/src/ros2_control_demos/example_2 -DCMAKE_INSTALL_PREFIX=/home/orin/ros2_ws/install/ros2_control_demo_example_2
[16.459s] Invoking command in '/home/orin/ros2_ws/build/ros2_control_demo_example_2': AMENT_PREFIX_PATH=/home/orin/ros2_ws/install/ros2_control_demo_testing:/home/orin/ros2_ws/install/wheel_encoder_odometry:/home/orin/ros2_ws/install/sllidar_ros2:/home/orin/ros2_ws/install/ros2_control_demo_example_5:/home/orin/ros2_ws/install/ros2_control_demo_description:/home/orin/ros2_ws/install/my_bot_imu:/home/orin/ros2_ws/install/my_bot_description:/home/orin/ros2_ws/install/mobile_robot_description:/home/orin/ros2_ws/install/image_geometry:/home/orin/ros2_ws/install/gazebo_dev:/home/orin/ros2_ws/install/depthai-ros:/home/orin/ros2_ws/install/depthai_examples:/home/orin/ros2_ws/install/depthai_ros_msgs:/home/orin/ros2_ws/install/depthai_descriptions:/home/orin/ros2_ws/install/cv_bridge:/home/orin/ros2_ws/install/arduino_odometry:/opt/ros/humble CMAKE_PREFIX_PATH=/home/orin/ros2_ws/install/ros2_control_demo_description:/home/orin/ros2_ws/install/sllidar_ros2:/home/orin/ros2_ws/install/ros2_control_demo_example_5:/home/orin/ros2_ws/install/my_bot_imu:/home/orin/ros2_ws/install/my_bot_description:/home/orin/ros2_ws/install/wheel_encoder_odometry:/home/orin/ros2_ws/install/ros2_control_demo_testing:/home/orin/ros2_ws/install/arduino_odometry:/opt/ros/humble:/home/orin/ros2_ws/install/mobile_robot_description:/home/orin/ros2_ws/install/image_geometry:/home/orin/ros2_ws/install/gazebo_dev:/home/orin/ros2_ws/install/depthai-ros:/home/orin/ros2_ws/install/depthai_examples:/home/orin/ros2_ws/install/depthai_ros_msgs:/home/orin/ros2_ws/install/depthai_descriptions:/home/orin/ros2_ws/install/cv_bridge PYTHONPATH=/home/orin/ros2_ws/install/ros2_control_demo_testing/lib/python3.10/site-packages:/home/orin/ros2_ws/install/wheel_encoder_odometry/lib/python3.10/site-packages:/home/orin/ros2_ws/build/ros2_control_demo_testing:/home/orin/ros2_ws/install/image_geometry/local/lib/python3.10/dist-packages:/home/orin/ros2_ws/install/depthai_ros_msgs/local/lib/python3.10/dist-packages:/home/orin/ros2_ws/install/cv_bridge/local/lib/python3.10/dist-packages:/home/orin/ros2_ws/install/arduino_odometry/lib/python3.10/site-packages:/opt/ros/humble/lib/python3.10/site-packages:/opt/ros/humble/local/lib/python3.10/dist-packages /usr/bin/cmake --build /home/orin/ros2_ws/build/ros2_control_demo_example_2 -- -j6 -l6
[23.940s] [ 50%] [32mBuilding CXX object CMakeFiles/ros2_control_demo_example_2.dir/hardware/diffbot_system.cpp.o[0m
[26.442s] [100%] [32m[1mLinking CXX shared library libros2_control_demo_example_2.so[0m
[26.864s] [100%] Built target ros2_control_demo_example_2
[26.899s] Invoked command in '/home/orin/ros2_ws/build/ros2_control_demo_example_2' returned '0': AMENT_PREFIX_PATH=/home/orin/ros2_ws/install/ros2_control_demo_testing:/home/orin/ros2_ws/install/wheel_encoder_odometry:/home/orin/ros2_ws/install/sllidar_ros2:/home/orin/ros2_ws/install/ros2_control_demo_example_5:/home/orin/ros2_ws/install/ros2_control_demo_description:/home/orin/ros2_ws/install/my_bot_imu:/home/orin/ros2_ws/install/my_bot_description:/home/orin/ros2_ws/install/mobile_robot_description:/home/orin/ros2_ws/install/image_geometry:/home/orin/ros2_ws/install/gazebo_dev:/home/orin/ros2_ws/install/depthai-ros:/home/orin/ros2_ws/install/depthai_examples:/home/orin/ros2_ws/install/depthai_ros_msgs:/home/orin/ros2_ws/install/depthai_descriptions:/home/orin/ros2_ws/install/cv_bridge:/home/orin/ros2_ws/install/arduino_odometry:/opt/ros/humble CMAKE_PREFIX_PATH=/home/orin/ros2_ws/install/ros2_control_demo_description:/home/orin/ros2_ws/install/sllidar_ros2:/home/orin/ros2_ws/install/ros2_control_demo_example_5:/home/orin/ros2_ws/install/my_bot_imu:/home/orin/ros2_ws/install/my_bot_description:/home/orin/ros2_ws/install/wheel_encoder_odometry:/home/orin/ros2_ws/install/ros2_control_demo_testing:/home/orin/ros2_ws/install/arduino_odometry:/opt/ros/humble:/home/orin/ros2_ws/install/mobile_robot_description:/home/orin/ros2_ws/install/image_geometry:/home/orin/ros2_ws/install/gazebo_dev:/home/orin/ros2_ws/install/depthai-ros:/home/orin/ros2_ws/install/depthai_examples:/home/orin/ros2_ws/install/depthai_ros_msgs:/home/orin/ros2_ws/install/depthai_descriptions:/home/orin/ros2_ws/install/cv_bridge PYTHONPATH=/home/orin/ros2_ws/install/ros2_control_demo_testing/lib/python3.10/site-packages:/home/orin/ros2_ws/install/wheel_encoder_odometry/lib/python3.10/site-packages:/home/orin/ros2_ws/build/ros2_control_demo_testing:/home/orin/ros2_ws/install/image_geometry/local/lib/python3.10/dist-packages:/home/orin/ros2_ws/install/depthai_ros_msgs/local/lib/python3.10/dist-packages:/home/orin/ros2_ws/install/cv_bridge/local/lib/python3.10/dist-packages:/home/orin/ros2_ws/install/arduino_odometry/lib/python3.10/site-packages:/opt/ros/humble/lib/python3.10/site-packages:/opt/ros/humble/local/lib/python3.10/dist-packages /usr/bin/cmake --build /home/orin/ros2_ws/build/ros2_control_demo_example_2 -- -j6 -l6
[27.007s] Invoking command in '/home/orin/ros2_ws/build/ros2_control_demo_example_2': AMENT_PREFIX_PATH=/home/orin/ros2_ws/install/ros2_control_demo_testing:/home/orin/ros2_ws/install/wheel_encoder_odometry:/home/orin/ros2_ws/install/sllidar_ros2:/home/orin/ros2_ws/install/ros2_control_demo_example_5:/home/orin/ros2_ws/install/ros2_control_demo_description:/home/orin/ros2_ws/install/my_bot_imu:/home/orin/ros2_ws/install/my_bot_description:/home/orin/ros2_ws/install/mobile_robot_description:/home/orin/ros2_ws/install/image_geometry:/home/orin/ros2_ws/install/gazebo_dev:/home/orin/ros2_ws/install/depthai-ros:/home/orin/ros2_ws/install/depthai_examples:/home/orin/ros2_ws/install/depthai_ros_msgs:/home/orin/ros2_ws/install/depthai_descriptions:/home/orin/ros2_ws/install/cv_bridge:/home/orin/ros2_ws/install/arduino_odometry:/opt/ros/humble CMAKE_PREFIX_PATH=/home/orin/ros2_ws/install/ros2_control_demo_description:/home/orin/ros2_ws/install/sllidar_ros2:/home/orin/ros2_ws/install/ros2_control_demo_example_5:/home/orin/ros2_ws/install/my_bot_imu:/home/orin/ros2_ws/install/my_bot_description:/home/orin/ros2_ws/install/wheel_encoder_odometry:/home/orin/ros2_ws/install/ros2_control_demo_testing:/home/orin/ros2_ws/install/arduino_odometry:/opt/ros/humble:/home/orin/ros2_ws/install/mobile_robot_description:/home/orin/ros2_ws/install/image_geometry:/home/orin/ros2_ws/install/gazebo_dev:/home/orin/ros2_ws/install/depthai-ros:/home/orin/ros2_ws/install/depthai_examples:/home/orin/ros2_ws/install/depthai_ros_msgs:/home/orin/ros2_ws/install/depthai_descriptions:/home/orin/ros2_ws/install/cv_bridge PYTHONPATH=/home/orin/ros2_ws/install/ros2_control_demo_testing/lib/python3.10/site-packages:/home/orin/ros2_ws/install/wheel_encoder_odometry/lib/python3.10/site-packages:/home/orin/ros2_ws/build/ros2_control_demo_testing:/home/orin/ros2_ws/install/image_geometry/local/lib/python3.10/dist-packages:/home/orin/ros2_ws/install/depthai_ros_msgs/local/lib/python3.10/dist-packages:/home/orin/ros2_ws/install/cv_bridge/local/lib/python3.10/dist-packages:/home/orin/ros2_ws/install/arduino_odometry/lib/python3.10/site-packages:/opt/ros/humble/lib/python3.10/site-packages:/opt/ros/humble/local/lib/python3.10/dist-packages /usr/bin/cmake --install /home/orin/ros2_ws/build/ros2_control_demo_example_2
[27.029s] -- Install configuration: ""
[27.031s] -- Installing: /home/orin/ros2_ws/install/ros2_control_demo_example_2/share/ros2_control_demo_example_2/ros2_control_demo_example_2.xml
[27.039s] -- Installing: /home/orin/ros2_ws/install/ros2_control_demo_example_2/include/ros2_control_demo_example_2
[27.040s] -- Installing: /home/orin/ros2_ws/install/ros2_control_demo_example_2/include/ros2_control_demo_example_2/ros2_control_demo_example_2
[27.040s] -- Installing: /home/orin/ros2_ws/install/ros2_control_demo_example_2/include/ros2_control_demo_example_2/ros2_control_demo_example_2/diffbot_system.hpp
[27.040s] -- Installing: /home/orin/ros2_ws/install/ros2_control_demo_example_2/share/ros2_control_demo_example_2/launch
[27.040s] -- Installing: /home/orin/ros2_ws/install/ros2_control_demo_example_2/share/ros2_control_demo_example_2/launch/view_robot.launch.py
[27.041s] -- Installing: /home/orin/ros2_ws/install/ros2_control_demo_example_2/share/ros2_control_demo_example_2/ros2_control
[27.041s] -- Installing: /home/orin/ros2_ws/install/ros2_control_demo_example_2/share/ros2_control_demo_example_2/ros2_control/diffbot.ros2_control.xacro
[27.041s] -- Installing: /home/orin/ros2_ws/install/ros2_control_demo_example_2/share/ros2_control_demo_example_2/urdf
[27.043s] -- Installing: /home/orin/ros2_ws/install/ros2_control_demo_example_2/share/ros2_control_demo_example_2/urdf/diffbot.urdf.xacro
[27.044s] -- Up-to-date: /home/orin/ros2_ws/install/ros2_control_demo_example_2/share/ros2_control_demo_example_2/launch
[27.046s] -- Installing: /home/orin/ros2_ws/install/ros2_control_demo_example_2/share/ros2_control_demo_example_2/launch/diffbot.launch.py
[27.050s] -- Installing: /home/orin/ros2_ws/install/ros2_control_demo_example_2/share/ros2_control_demo_example_2/config
[27.059s] -- Installing: /home/orin/ros2_ws/install/ros2_control_demo_example_2/share/ros2_control_demo_example_2/config/diffbot_controllers.yaml
[27.059s] -- Installing: /home/orin/ros2_ws/install/ros2_control_demo_example_2/lib/libros2_control_demo_example_2.so
[27.060s] -- Set runtime path of "/home/orin/ros2_ws/install/ros2_control_demo_example_2/lib/libros2_control_demo_example_2.so" to ""
[27.064s] -- Installing: /home/orin/ros2_ws/install/ros2_control_demo_example_2/share/ros2_control_demo_example_2/environment/library_path.sh
[27.064s] -- Installing: /home/orin/ros2_ws/install/ros2_control_demo_example_2/share/ros2_control_demo_example_2/environment/library_path.dsv
[27.065s] -- Installing: /home/orin/ros2_ws/install/ros2_control_demo_example_2/share/ament_index/resource_index/package_run_dependencies/ros2_control_demo_example_2
[27.066s] -- Installing: /home/orin/ros2_ws/install/ros2_control_demo_example_2/share/ament_index/resource_index/parent_prefix_path/ros2_control_demo_example_2
[27.066s] -- Installing: /home/orin/ros2_ws/install/ros2_control_demo_example_2/share/ros2_control_demo_example_2/environment/ament_prefix_path.sh
[27.067s] -- Installing: /home/orin/ros2_ws/install/ros2_control_demo_example_2/share/ros2_control_demo_example_2/environment/ament_prefix_path.dsv
[27.068s] -- Installing: /home/orin/ros2_ws/install/ros2_control_demo_example_2/share/ros2_control_demo_example_2/environment/path.sh
[27.068s] -- Installing: /home/orin/ros2_ws/install/ros2_control_demo_example_2/share/ros2_control_demo_example_2/environment/path.dsv
[27.068s] -- Installing: /home/orin/ros2_ws/install/ros2_control_demo_example_2/share/ros2_control_demo_example_2/local_setup.bash
[27.068s] -- Installing: /home/orin/ros2_ws/install/ros2_control_demo_example_2/share/ros2_control_demo_example_2/local_setup.sh
[27.068s] -- Installing: /home/orin/ros2_ws/install/ros2_control_demo_example_2/share/ros2_control_demo_example_2/local_setup.zsh
[27.068s] -- Installing: /home/orin/ros2_ws/install/ros2_control_demo_example_2/share/ros2_control_demo_example_2/local_setup.dsv
[27.069s] -- Installing: /home/orin/ros2_ws/install/ros2_control_demo_example_2/share/ros2_control_demo_example_2/package.dsv
[27.069s] -- Installing: /home/orin/ros2_ws/install/ros2_control_demo_example_2/share/ament_index/resource_index/packages/ros2_control_demo_example_2
[27.070s] -- Installing: /home/orin/ros2_ws/install/ros2_control_demo_example_2/share/ament_index/resource_index/hardware_interface__pluginlib__plugin/ros2_control_demo_example_2
[27.073s] -- Installing: /home/orin/ros2_ws/install/ros2_control_demo_example_2/share/ros2_control_demo_example_2/cmake/export_ros2_control_demo_example_2Export.cmake
[27.074s] -- Installing: /home/orin/ros2_ws/install/ros2_control_demo_example_2/share/ros2_control_demo_example_2/cmake/export_ros2_control_demo_example_2Export-noconfig.cmake
[27.077s] -- Installing: /home/orin/ros2_ws/install/ros2_control_demo_example_2/share/ros2_control_demo_example_2/cmake/ament_cmake_export_targets-extras.cmake
[27.077s] -- Installing: /home/orin/ros2_ws/install/ros2_control_demo_example_2/share/ros2_control_demo_example_2/cmake/ament_cmake_export_dependencies-extras.cmake
[27.077s] -- Installing: /home/orin/ros2_ws/install/ros2_control_demo_example_2/share/ros2_control_demo_example_2/cmake/ros2_control_demo_example_2Config.cmake
[27.077s] -- Installing: /home/orin/ros2_ws/install/ros2_control_demo_example_2/share/ros2_control_demo_example_2/cmake/ros2_control_demo_example_2Config-version.cmake
[27.077s] -- Installing: /home/orin/ros2_ws/install/ros2_control_demo_example_2/share/ros2_control_demo_example_2/package.xml
[27.128s] Invoked command in '/home/orin/ros2_ws/build/ros2_control_demo_example_2' returned '0': AMENT_PREFIX_PATH=/home/orin/ros2_ws/install/ros2_control_demo_testing:/home/orin/ros2_ws/install/wheel_encoder_odometry:/home/orin/ros2_ws/install/sllidar_ros2:/home/orin/ros2_ws/install/ros2_control_demo_example_5:/home/orin/ros2_ws/install/ros2_control_demo_description:/home/orin/ros2_ws/install/my_bot_imu:/home/orin/ros2_ws/install/my_bot_description:/home/orin/ros2_ws/install/mobile_robot_description:/home/orin/ros2_ws/install/image_geometry:/home/orin/ros2_ws/install/gazebo_dev:/home/orin/ros2_ws/install/depthai-ros:/home/orin/ros2_ws/install/depthai_examples:/home/orin/ros2_ws/install/depthai_ros_msgs:/home/orin/ros2_ws/install/depthai_descriptions:/home/orin/ros2_ws/install/cv_bridge:/home/orin/ros2_ws/install/arduino_odometry:/opt/ros/humble CMAKE_PREFIX_PATH=/home/orin/ros2_ws/install/ros2_control_demo_description:/home/orin/ros2_ws/install/sllidar_ros2:/home/orin/ros2_ws/install/ros2_control_demo_example_5:/home/orin/ros2_ws/install/my_bot_imu:/home/orin/ros2_ws/install/my_bot_description:/home/orin/ros2_ws/install/wheel_encoder_odometry:/home/orin/ros2_ws/install/ros2_control_demo_testing:/home/orin/ros2_ws/install/arduino_odometry:/opt/ros/humble:/home/orin/ros2_ws/install/mobile_robot_description:/home/orin/ros2_ws/install/image_geometry:/home/orin/ros2_ws/install/gazebo_dev:/home/orin/ros2_ws/install/depthai-ros:/home/orin/ros2_ws/install/depthai_examples:/home/orin/ros2_ws/install/depthai_ros_msgs:/home/orin/ros2_ws/install/depthai_descriptions:/home/orin/ros2_ws/install/cv_bridge PYTHONPATH=/home/orin/ros2_ws/install/ros2_control_demo_testing/lib/python3.10/site-packages:/home/orin/ros2_ws/install/wheel_encoder_odometry/lib/python3.10/site-packages:/home/orin/ros2_ws/build/ros2_control_demo_testing:/home/orin/ros2_ws/install/image_geometry/local/lib/python3.10/dist-packages:/home/orin/ros2_ws/install/depthai_ros_msgs/local/lib/python3.10/dist-packages:/home/orin/ros2_ws/install/cv_bridge/local/lib/python3.10/dist-packages:/home/orin/ros2_ws/install/arduino_odometry/lib/python3.10/site-packages:/opt/ros/humble/lib/python3.10/site-packages:/opt/ros/humble/local/lib/python3.10/dist-packages /usr/bin/cmake --install /home/orin/ros2_ws/build/ros2_control_demo_example_2
