[5.221s] Invoking command in '/home/orin/ros2_ws/build/examples_rclpy_minimal_action_client': PYTHONPATH=/home/orin/ros2_ws/build/examples_rclpy_minimal_action_client/prefix_override:/usr/lib/python3/dist-packages/colcon_core/task/python/colcon_distutils_commands:/home/orin/ros2_ws/install/examples_rclpy_minimal_action_client/lib/python3.10/site-packages:${PYTHONPATH} /usr/bin/python3 -W ignore:setup.py install is deprecated setup.py develop --editable --build-directory /home/orin/ros2_ws/build/examples_rclpy_minimal_action_client/build --no-deps symlink_data --force
[5.995s] /home/orin/.local/lib/python3.10/site-packages/setuptools/_distutils/dist.py:261: UserWarning: Unknown distribution option: 'tests_require'
[6.004s]   warnings.warn(msg)
[7.095s] running develop
[7.096s] /home/orin/.local/lib/python3.10/site-packages/setuptools/command/develop.py:41: EasyInstallDeprecationWarning: easy_install command is deprecated.
[7.096s] !!
[7.103s] 
[7.103s]         ********************************************************************************
[7.104s]         Please avoid running ``setup.py`` and ``easy_install``.
[7.104s]         Instead, use pypa/build, pypa/installer or other
[7.104s]         standards-based tools.
[7.104s] 
[7.104s]         See https://github.com/pypa/setuptools/issues/917 for details.
[7.104s]         ********************************************************************************
[7.104s] 
[7.105s] !!
[7.105s]   easy_install.initialize_options(self)
[8.732s] running egg_info
[8.807s] writing examples_rclpy_minimal_action_client.egg-info/PKG-INFO
[8.808s] writing dependency_links to examples_rclpy_minimal_action_client.egg-info/dependency_links.txt
[8.809s] writing entry points to examples_rclpy_minimal_action_client.egg-info/entry_points.txt
[8.809s] writing requirements to examples_rclpy_minimal_action_client.egg-info/requires.txt
[8.809s] writing top-level names to examples_rclpy_minimal_action_client.egg-info/top_level.txt
[9.015s] reading manifest file 'examples_rclpy_minimal_action_client.egg-info/SOURCES.txt'
[9.025s] writing manifest file 'examples_rclpy_minimal_action_client.egg-info/SOURCES.txt'
[9.104s] running build_ext
[9.105s] Creating /home/orin/ros2_ws/install/examples_rclpy_minimal_action_client/lib/python3.10/site-packages/examples-rclpy-minimal-action-client.egg-link (link to .)
[9.110s] Installing client script to /home/orin/ros2_ws/install/examples_rclpy_minimal_action_client/lib/examples_rclpy_minimal_action_client
[9.117s] Installing client_asyncio script to /home/orin/ros2_ws/install/examples_rclpy_minimal_action_client/lib/examples_rclpy_minimal_action_client
[9.117s] Installing client_cancel script to /home/orin/ros2_ws/install/examples_rclpy_minimal_action_client/lib/examples_rclpy_minimal_action_client
[9.118s] Installing client_not_composable script to /home/orin/ros2_ws/install/examples_rclpy_minimal_action_client/lib/examples_rclpy_minimal_action_client
[9.118s] 
[9.118s] Installed /home/orin/ros2_ws/build/examples_rclpy_minimal_action_client
[9.118s] running symlink_data
[9.118s] symbolically linking /home/orin/ros2_ws/build/examples_rclpy_minimal_action_client/resource/examples_rclpy_minimal_action_client -> /home/orin/ros2_ws/install/examples_rclpy_minimal_action_client/share/ament_index/resource_index/packages
[9.118s] symbolically linking /home/orin/ros2_ws/build/examples_rclpy_minimal_action_client/package.xml -> /home/orin/ros2_ws/install/examples_rclpy_minimal_action_client/share/examples_rclpy_minimal_action_client
[9.332s] Invoked command in '/home/orin/ros2_ws/build/examples_rclpy_minimal_action_client' returned '0': PYTHONPATH=/home/orin/ros2_ws/build/examples_rclpy_minimal_action_client/prefix_override:/usr/lib/python3/dist-packages/colcon_core/task/python/colcon_distutils_commands:/home/orin/ros2_ws/install/examples_rclpy_minimal_action_client/lib/python3.10/site-packages:${PYTHONPATH} /usr/bin/python3 -W ignore:setup.py install is deprecated setup.py develop --editable --build-directory /home/orin/ros2_ws/build/examples_rclpy_minimal_action_client/build --no-deps symlink_data --force
