[0.057s] Invoking command in '/home/orin/ros2_ws/build/examples_rclcpp_async_client': /usr/bin/cmake --build /home/orin/ros2_ws/build/examples_rclcpp_async_client -- -j6 -l6
[0.881s] [100%] Built target client_main
[1.129s] Invoked command in '/home/orin/ros2_ws/build/examples_rclcpp_async_client' returned '0': /usr/bin/cmake --build /home/orin/ros2_ws/build/examples_rclcpp_async_client -- -j6 -l6
[1.618s] Invoking command in '/home/orin/ros2_ws/build/examples_rclcpp_async_client': /usr/bin/cmake --install /home/orin/ros2_ws/build/examples_rclcpp_async_client
[1.675s] -- Install configuration: ""
[1.679s] -- Execute custom install script
[1.691s] -- Up-to-date symlink: /home/orin/ros2_ws/install/examples_rclcpp_async_client/lib/examples_rclcpp_async_client/client_main
[1.691s] -- Up-to-date symlink: /home/orin/ros2_ws/install/examples_rclcpp_async_client/share/ament_index/resource_index/package_run_dependencies/examples_rclcpp_async_client
[1.715s] -- Up-to-date symlink: /home/orin/ros2_ws/install/examples_rclcpp_async_client/share/ament_index/resource_index/parent_prefix_path/examples_rclcpp_async_client
[1.715s] -- Up-to-date symlink: /home/orin/ros2_ws/install/examples_rclcpp_async_client/share/examples_rclcpp_async_client/environment/ament_prefix_path.sh
[1.735s] -- Up-to-date symlink: /home/orin/ros2_ws/install/examples_rclcpp_async_client/share/examples_rclcpp_async_client/environment/ament_prefix_path.dsv
[1.735s] -- Up-to-date symlink: /home/orin/ros2_ws/install/examples_rclcpp_async_client/share/examples_rclcpp_async_client/environment/path.sh
[1.735s] -- Up-to-date symlink: /home/orin/ros2_ws/install/examples_rclcpp_async_client/share/examples_rclcpp_async_client/environment/path.dsv
[1.736s] -- Up-to-date symlink: /home/orin/ros2_ws/install/examples_rclcpp_async_client/share/examples_rclcpp_async_client/local_setup.bash
[1.736s] -- Up-to-date symlink: /home/orin/ros2_ws/install/examples_rclcpp_async_client/share/examples_rclcpp_async_client/local_setup.sh
[1.736s] -- Up-to-date symlink: /home/orin/ros2_ws/install/examples_rclcpp_async_client/share/examples_rclcpp_async_client/local_setup.zsh
[1.736s] -- Up-to-date symlink: /home/orin/ros2_ws/install/examples_rclcpp_async_client/share/examples_rclcpp_async_client/local_setup.dsv
[1.738s] -- Symlinking: /home/orin/ros2_ws/install/examples_rclcpp_async_client/share/examples_rclcpp_async_client/package.dsv
[1.915s] -- Up-to-date symlink: /home/orin/ros2_ws/install/examples_rclcpp_async_client/share/ament_index/resource_index/packages/examples_rclcpp_async_client
[1.919s] -- Up-to-date symlink: /home/orin/ros2_ws/install/examples_rclcpp_async_client/share/examples_rclcpp_async_client/cmake/examples_rclcpp_async_clientConfig.cmake
[1.919s] -- Up-to-date symlink: /home/orin/ros2_ws/install/examples_rclcpp_async_client/share/examples_rclcpp_async_client/cmake/examples_rclcpp_async_clientConfig-version.cmake
[1.919s] -- Up-to-date symlink: /home/orin/ros2_ws/install/examples_rclcpp_async_client/share/examples_rclcpp_async_client/package.xml
[1.929s] Invoked command in '/home/orin/ros2_ws/build/examples_rclcpp_async_client' returned '0': /usr/bin/cmake --install /home/orin/ros2_ws/build/examples_rclcpp_async_client
