[11.289s] Invoking command in '/home/orin/ros2_ws/build/examples_rclpy_minimal_service': PYTHONPATH=/home/orin/ros2_ws/build/examples_rclpy_minimal_service/prefix_override:/usr/lib/python3/dist-packages/colcon_core/task/python/colcon_distutils_commands:/home/orin/ros2_ws/install/examples_rclpy_minimal_service/lib/python3.10/site-packages:${PYTHONPATH} /usr/bin/python3 -W ignore:setup.py install is deprecated setup.py develop --editable --build-directory /home/orin/ros2_ws/build/examples_rclpy_minimal_service/build --no-deps symlink_data --force
[13.001s] /home/orin/.local/lib/python3.10/site-packages/setuptools/_distutils/dist.py:261: UserWarning: Unknown distribution option: 'tests_require'
[13.002s]   warnings.warn(msg)
[14.864s] running develop
[14.874s] /home/orin/.local/lib/python3.10/site-packages/setuptools/command/develop.py:41: EasyInstallDeprecationWarning: easy_install command is deprecated.
[14.879s] !!
[14.879s] 
[14.882s]         ********************************************************************************
[14.884s]         Please avoid running ``setup.py`` and ``easy_install``.
[14.884s]         Instead, use pypa/build, pypa/installer or other
[14.886s]         standards-based tools.
[14.889s] 
[14.889s]         See https://github.com/pypa/setuptools/issues/917 for details.
[14.890s]         ********************************************************************************
[14.890s] 
[14.890s] !!
[14.890s]   easy_install.initialize_options(self)
[20.053s] running egg_info
[20.320s] writing examples_rclpy_minimal_service.egg-info/PKG-INFO
[20.338s] writing dependency_links to examples_rclpy_minimal_service.egg-info/dependency_links.txt
[20.338s] writing entry points to examples_rclpy_minimal_service.egg-info/entry_points.txt
[20.338s] writing requirements to examples_rclpy_minimal_service.egg-info/requires.txt
[20.339s] writing top-level names to examples_rclpy_minimal_service.egg-info/top_level.txt
[20.794s] reading manifest file 'examples_rclpy_minimal_service.egg-info/SOURCES.txt'
[20.803s] writing manifest file 'examples_rclpy_minimal_service.egg-info/SOURCES.txt'
[20.982s] running build_ext
[20.993s] Creating /home/orin/ros2_ws/install/examples_rclpy_minimal_service/lib/python3.10/site-packages/examples-rclpy-minimal-service.egg-link (link to .)
[20.999s] Installing service script to /home/orin/ros2_ws/install/examples_rclpy_minimal_service/lib/examples_rclpy_minimal_service
[20.999s] Installing service_member_function script to /home/orin/ros2_ws/install/examples_rclpy_minimal_service/lib/examples_rclpy_minimal_service
[20.999s] 
[21.000s] Installed /home/orin/ros2_ws/build/examples_rclpy_minimal_service
[21.000s] running symlink_data
[21.000s] symbolically linking /home/orin/ros2_ws/build/examples_rclpy_minimal_service/resource/examples_rclpy_minimal_service -> /home/orin/ros2_ws/install/examples_rclpy_minimal_service/share/ament_index/resource_index/packages
[21.000s] symbolically linking /home/orin/ros2_ws/build/examples_rclpy_minimal_service/package.xml -> /home/orin/ros2_ws/install/examples_rclpy_minimal_service/share/examples_rclpy_minimal_service
[21.145s] Invoked command in '/home/orin/ros2_ws/build/examples_rclpy_minimal_service' returned '0': PYTHONPATH=/home/orin/ros2_ws/build/examples_rclpy_minimal_service/prefix_override:/usr/lib/python3/dist-packages/colcon_core/task/python/colcon_distutils_commands:/home/orin/ros2_ws/install/examples_rclpy_minimal_service/lib/python3.10/site-packages:${PYTHONPATH} /usr/bin/python3 -W ignore:setup.py install is deprecated setup.py develop --editable --build-directory /home/orin/ros2_ws/build/examples_rclpy_minimal_service/build --no-deps symlink_data --force
