[0.081s] Invoking command in '/home/orin/ros2_ws/build/ros2_control_demo_example_3': AMENT_PREFIX_PATH=/home/orin/ros2_ws/install/ros2_control_demo_testing:/home/orin/ros2_ws/install/wheel_encoder_odometry:/home/orin/ros2_ws/install/sllidar_ros2:/home/orin/ros2_ws/install/ros2_control_demo_example_5:/home/orin/ros2_ws/install/ros2_control_demo_description:/home/orin/ros2_ws/install/my_bot_imu:/home/orin/ros2_ws/install/my_bot_description:/home/orin/ros2_ws/install/mobile_robot_description:/home/orin/ros2_ws/install/image_geometry:/home/orin/ros2_ws/install/gazebo_dev:/home/orin/ros2_ws/install/depthai-ros:/home/orin/ros2_ws/install/depthai_examples:/home/orin/ros2_ws/install/depthai_ros_msgs:/home/orin/ros2_ws/install/depthai_descriptions:/home/orin/ros2_ws/install/cv_bridge:/home/orin/ros2_ws/install/arduino_odometry:/opt/ros/humble CMAKE_PREFIX_PATH=/home/orin/ros2_ws/install/ros2_control_demo_description:/home/orin/ros2_ws/install/sllidar_ros2:/home/orin/ros2_ws/install/ros2_control_demo_example_5:/home/orin/ros2_ws/install/my_bot_imu:/home/orin/ros2_ws/install/my_bot_description:/home/orin/ros2_ws/install/wheel_encoder_odometry:/home/orin/ros2_ws/install/ros2_control_demo_testing:/home/orin/ros2_ws/install/arduino_odometry:/opt/ros/humble:/home/orin/ros2_ws/install/mobile_robot_description:/home/orin/ros2_ws/install/image_geometry:/home/orin/ros2_ws/install/gazebo_dev:/home/orin/ros2_ws/install/depthai-ros:/home/orin/ros2_ws/install/depthai_examples:/home/orin/ros2_ws/install/depthai_ros_msgs:/home/orin/ros2_ws/install/depthai_descriptions:/home/orin/ros2_ws/install/cv_bridge PYTHONPATH=/home/orin/ros2_ws/install/ros2_control_demo_testing/lib/python3.10/site-packages:/home/orin/ros2_ws/install/wheel_encoder_odometry/lib/python3.10/site-packages:/home/orin/ros2_ws/build/ros2_control_demo_testing:/home/orin/ros2_ws/install/image_geometry/local/lib/python3.10/dist-packages:/home/orin/ros2_ws/install/depthai_ros_msgs/local/lib/python3.10/dist-packages:/home/orin/ros2_ws/install/cv_bridge/local/lib/python3.10/dist-packages:/home/orin/ros2_ws/install/arduino_odometry/lib/python3.10/site-packages:/opt/ros/humble/lib/python3.10/site-packages:/opt/ros/humble/local/lib/python3.10/dist-packages /usr/bin/cmake /home/orin/ros2_ws/src/ros2_control_demos/example_3 -DCMAKE_INSTALL_PREFIX=/home/orin/ros2_ws/install/ros2_control_demo_example_3
[0.328s] -- The CXX compiler identification is GNU 11.4.0
[0.360s] -- Detecting CXX compiler ABI info
[0.561s] -- Detecting CXX compiler ABI info - done
[0.576s] -- Check for working CXX compiler: /usr/bin/c++ - skipped
[0.577s] -- Detecting CXX compile features
[0.581s] -- Detecting CXX compile features - done
[0.634s] -- Found ament_cmake: 1.3.10 (/opt/ros/humble/share/ament_cmake/cmake)
[2.314s] -- Found Python3: /usr/bin/python3 (found version "3.10.12") found components: Interpreter 
[2.623s] -- Found hardware_interface: 2.43.1 (/opt/ros/humble/share/hardware_interface/cmake)
[2.836s] -- Found rosidl_generator_c: 3.1.5 (/opt/ros/humble/share/rosidl_generator_c/cmake)
[2.855s] -- Found rosidl_adapter: 3.1.5 (/opt/ros/humble/share/rosidl_adapter/cmake)
[2.887s] -- Found rosidl_generator_cpp: 3.1.5 (/opt/ros/humble/share/rosidl_generator_cpp/cmake)
[2.932s] -- Using all available rosidl_typesupport_c: rosidl_typesupport_fastrtps_c;rosidl_typesupport_introspection_c
[2.993s] -- Using all available rosidl_typesupport_cpp: rosidl_typesupport_fastrtps_cpp;rosidl_typesupport_introspection_cpp
[3.734s] -- Found rmw_implementation_cmake: 6.1.2 (/opt/ros/humble/share/rmw_implementation_cmake/cmake)
[3.747s] -- Found rmw_fastrtps_cpp: 6.2.7 (/opt/ros/humble/share/rmw_fastrtps_cpp/cmake)
[3.845s] -- Found TinyXML2 via Config file: TinyXML2_DIR-NOTFOUND
[4.025s] -- Found OpenSSL: /usr/lib/aarch64-linux-gnu/libcrypto.so (found version "3.0.2")  
[4.035s] -- Found TinyXML2 via Config file: TinyXML2_DIR-NOTFOUND
[4.080s] -- Found FastRTPS: /opt/ros/humble/include  
[4.088s] -- Found TinyXML2 via Config file: TinyXML2_DIR-NOTFOUND
[4.111s] -- Found TinyXML2 via Config file: TinyXML2_DIR-NOTFOUND
[4.148s] -- Using RMW implementation 'rmw_fastrtps_cpp' as default
[4.195s] -- Looking for C++ include pthread.h
[4.427s] -- Looking for C++ include pthread.h - found
[4.428s] -- Performing Test CMAKE_HAVE_LIBC_PTHREAD
[4.680s] -- Performing Test CMAKE_HAVE_LIBC_PTHREAD - Success
[4.682s] -- Found Threads: TRUE  
[4.855s] -- Found ament_cmake_pytest: 1.3.10 (/opt/ros/humble/share/ament_cmake_pytest/cmake)
[9.458s] -- Configuring done
[9.522s] -- Generating done
[9.522s] -- Build files have been written to: /home/orin/ros2_ws/build/ros2_control_demo_example_3
[9.556s] Invoked command in '/home/orin/ros2_ws/build/ros2_control_demo_example_3' returned '0': AMENT_PREFIX_PATH=/home/orin/ros2_ws/install/ros2_control_demo_testing:/home/orin/ros2_ws/install/wheel_encoder_odometry:/home/orin/ros2_ws/install/sllidar_ros2:/home/orin/ros2_ws/install/ros2_control_demo_example_5:/home/orin/ros2_ws/install/ros2_control_demo_description:/home/orin/ros2_ws/install/my_bot_imu:/home/orin/ros2_ws/install/my_bot_description:/home/orin/ros2_ws/install/mobile_robot_description:/home/orin/ros2_ws/install/image_geometry:/home/orin/ros2_ws/install/gazebo_dev:/home/orin/ros2_ws/install/depthai-ros:/home/orin/ros2_ws/install/depthai_examples:/home/orin/ros2_ws/install/depthai_ros_msgs:/home/orin/ros2_ws/install/depthai_descriptions:/home/orin/ros2_ws/install/cv_bridge:/home/orin/ros2_ws/install/arduino_odometry:/opt/ros/humble CMAKE_PREFIX_PATH=/home/orin/ros2_ws/install/ros2_control_demo_description:/home/orin/ros2_ws/install/sllidar_ros2:/home/orin/ros2_ws/install/ros2_control_demo_example_5:/home/orin/ros2_ws/install/my_bot_imu:/home/orin/ros2_ws/install/my_bot_description:/home/orin/ros2_ws/install/wheel_encoder_odometry:/home/orin/ros2_ws/install/ros2_control_demo_testing:/home/orin/ros2_ws/install/arduino_odometry:/opt/ros/humble:/home/orin/ros2_ws/install/mobile_robot_description:/home/orin/ros2_ws/install/image_geometry:/home/orin/ros2_ws/install/gazebo_dev:/home/orin/ros2_ws/install/depthai-ros:/home/orin/ros2_ws/install/depthai_examples:/home/orin/ros2_ws/install/depthai_ros_msgs:/home/orin/ros2_ws/install/depthai_descriptions:/home/orin/ros2_ws/install/cv_bridge PYTHONPATH=/home/orin/ros2_ws/install/ros2_control_demo_testing/lib/python3.10/site-packages:/home/orin/ros2_ws/install/wheel_encoder_odometry/lib/python3.10/site-packages:/home/orin/ros2_ws/build/ros2_control_demo_testing:/home/orin/ros2_ws/install/image_geometry/local/lib/python3.10/dist-packages:/home/orin/ros2_ws/install/depthai_ros_msgs/local/lib/python3.10/dist-packages:/home/orin/ros2_ws/install/cv_bridge/local/lib/python3.10/dist-packages:/home/orin/ros2_ws/install/arduino_odometry/lib/python3.10/site-packages:/opt/ros/humble/lib/python3.10/site-packages:/opt/ros/humble/local/lib/python3.10/dist-packages /usr/bin/cmake /home/orin/ros2_ws/src/ros2_control_demos/example_3 -DCMAKE_INSTALL_PREFIX=/home/orin/ros2_ws/install/ros2_control_demo_example_3
[9.557s] Invoking command in '/home/orin/ros2_ws/build/ros2_control_demo_example_3': AMENT_PREFIX_PATH=/home/orin/ros2_ws/install/ros2_control_demo_testing:/home/orin/ros2_ws/install/wheel_encoder_odometry:/home/orin/ros2_ws/install/sllidar_ros2:/home/orin/ros2_ws/install/ros2_control_demo_example_5:/home/orin/ros2_ws/install/ros2_control_demo_description:/home/orin/ros2_ws/install/my_bot_imu:/home/orin/ros2_ws/install/my_bot_description:/home/orin/ros2_ws/install/mobile_robot_description:/home/orin/ros2_ws/install/image_geometry:/home/orin/ros2_ws/install/gazebo_dev:/home/orin/ros2_ws/install/depthai-ros:/home/orin/ros2_ws/install/depthai_examples:/home/orin/ros2_ws/install/depthai_ros_msgs:/home/orin/ros2_ws/install/depthai_descriptions:/home/orin/ros2_ws/install/cv_bridge:/home/orin/ros2_ws/install/arduino_odometry:/opt/ros/humble CMAKE_PREFIX_PATH=/home/orin/ros2_ws/install/ros2_control_demo_description:/home/orin/ros2_ws/install/sllidar_ros2:/home/orin/ros2_ws/install/ros2_control_demo_example_5:/home/orin/ros2_ws/install/my_bot_imu:/home/orin/ros2_ws/install/my_bot_description:/home/orin/ros2_ws/install/wheel_encoder_odometry:/home/orin/ros2_ws/install/ros2_control_demo_testing:/home/orin/ros2_ws/install/arduino_odometry:/opt/ros/humble:/home/orin/ros2_ws/install/mobile_robot_description:/home/orin/ros2_ws/install/image_geometry:/home/orin/ros2_ws/install/gazebo_dev:/home/orin/ros2_ws/install/depthai-ros:/home/orin/ros2_ws/install/depthai_examples:/home/orin/ros2_ws/install/depthai_ros_msgs:/home/orin/ros2_ws/install/depthai_descriptions:/home/orin/ros2_ws/install/cv_bridge PYTHONPATH=/home/orin/ros2_ws/install/ros2_control_demo_testing/lib/python3.10/site-packages:/home/orin/ros2_ws/install/wheel_encoder_odometry/lib/python3.10/site-packages:/home/orin/ros2_ws/build/ros2_control_demo_testing:/home/orin/ros2_ws/install/image_geometry/local/lib/python3.10/dist-packages:/home/orin/ros2_ws/install/depthai_ros_msgs/local/lib/python3.10/dist-packages:/home/orin/ros2_ws/install/cv_bridge/local/lib/python3.10/dist-packages:/home/orin/ros2_ws/install/arduino_odometry/lib/python3.10/site-packages:/opt/ros/humble/lib/python3.10/site-packages:/opt/ros/humble/local/lib/python3.10/dist-packages /usr/bin/cmake --build /home/orin/ros2_ws/build/ros2_control_demo_example_3 -- -j6 -l6
[9.712s] [ 50%] [32mBuilding CXX object CMakeFiles/ros2_control_demo_example_3.dir/hardware/rrbot_system_multi_interface.cpp.o[0m
[19.543s] [100%] [32m[1mLinking CXX shared library libros2_control_demo_example_3.so[0m
[20.007s] [100%] Built target ros2_control_demo_example_3
[20.053s] Invoked command in '/home/orin/ros2_ws/build/ros2_control_demo_example_3' returned '0': AMENT_PREFIX_PATH=/home/orin/ros2_ws/install/ros2_control_demo_testing:/home/orin/ros2_ws/install/wheel_encoder_odometry:/home/orin/ros2_ws/install/sllidar_ros2:/home/orin/ros2_ws/install/ros2_control_demo_example_5:/home/orin/ros2_ws/install/ros2_control_demo_description:/home/orin/ros2_ws/install/my_bot_imu:/home/orin/ros2_ws/install/my_bot_description:/home/orin/ros2_ws/install/mobile_robot_description:/home/orin/ros2_ws/install/image_geometry:/home/orin/ros2_ws/install/gazebo_dev:/home/orin/ros2_ws/install/depthai-ros:/home/orin/ros2_ws/install/depthai_examples:/home/orin/ros2_ws/install/depthai_ros_msgs:/home/orin/ros2_ws/install/depthai_descriptions:/home/orin/ros2_ws/install/cv_bridge:/home/orin/ros2_ws/install/arduino_odometry:/opt/ros/humble CMAKE_PREFIX_PATH=/home/orin/ros2_ws/install/ros2_control_demo_description:/home/orin/ros2_ws/install/sllidar_ros2:/home/orin/ros2_ws/install/ros2_control_demo_example_5:/home/orin/ros2_ws/install/my_bot_imu:/home/orin/ros2_ws/install/my_bot_description:/home/orin/ros2_ws/install/wheel_encoder_odometry:/home/orin/ros2_ws/install/ros2_control_demo_testing:/home/orin/ros2_ws/install/arduino_odometry:/opt/ros/humble:/home/orin/ros2_ws/install/mobile_robot_description:/home/orin/ros2_ws/install/image_geometry:/home/orin/ros2_ws/install/gazebo_dev:/home/orin/ros2_ws/install/depthai-ros:/home/orin/ros2_ws/install/depthai_examples:/home/orin/ros2_ws/install/depthai_ros_msgs:/home/orin/ros2_ws/install/depthai_descriptions:/home/orin/ros2_ws/install/cv_bridge PYTHONPATH=/home/orin/ros2_ws/install/ros2_control_demo_testing/lib/python3.10/site-packages:/home/orin/ros2_ws/install/wheel_encoder_odometry/lib/python3.10/site-packages:/home/orin/ros2_ws/build/ros2_control_demo_testing:/home/orin/ros2_ws/install/image_geometry/local/lib/python3.10/dist-packages:/home/orin/ros2_ws/install/depthai_ros_msgs/local/lib/python3.10/dist-packages:/home/orin/ros2_ws/install/cv_bridge/local/lib/python3.10/dist-packages:/home/orin/ros2_ws/install/arduino_odometry/lib/python3.10/site-packages:/opt/ros/humble/lib/python3.10/site-packages:/opt/ros/humble/local/lib/python3.10/dist-packages /usr/bin/cmake --build /home/orin/ros2_ws/build/ros2_control_demo_example_3 -- -j6 -l6
[20.141s] Invoking command in '/home/orin/ros2_ws/build/ros2_control_demo_example_3': AMENT_PREFIX_PATH=/home/orin/ros2_ws/install/ros2_control_demo_testing:/home/orin/ros2_ws/install/wheel_encoder_odometry:/home/orin/ros2_ws/install/sllidar_ros2:/home/orin/ros2_ws/install/ros2_control_demo_example_5:/home/orin/ros2_ws/install/ros2_control_demo_description:/home/orin/ros2_ws/install/my_bot_imu:/home/orin/ros2_ws/install/my_bot_description:/home/orin/ros2_ws/install/mobile_robot_description:/home/orin/ros2_ws/install/image_geometry:/home/orin/ros2_ws/install/gazebo_dev:/home/orin/ros2_ws/install/depthai-ros:/home/orin/ros2_ws/install/depthai_examples:/home/orin/ros2_ws/install/depthai_ros_msgs:/home/orin/ros2_ws/install/depthai_descriptions:/home/orin/ros2_ws/install/cv_bridge:/home/orin/ros2_ws/install/arduino_odometry:/opt/ros/humble CMAKE_PREFIX_PATH=/home/orin/ros2_ws/install/ros2_control_demo_description:/home/orin/ros2_ws/install/sllidar_ros2:/home/orin/ros2_ws/install/ros2_control_demo_example_5:/home/orin/ros2_ws/install/my_bot_imu:/home/orin/ros2_ws/install/my_bot_description:/home/orin/ros2_ws/install/wheel_encoder_odometry:/home/orin/ros2_ws/install/ros2_control_demo_testing:/home/orin/ros2_ws/install/arduino_odometry:/opt/ros/humble:/home/orin/ros2_ws/install/mobile_robot_description:/home/orin/ros2_ws/install/image_geometry:/home/orin/ros2_ws/install/gazebo_dev:/home/orin/ros2_ws/install/depthai-ros:/home/orin/ros2_ws/install/depthai_examples:/home/orin/ros2_ws/install/depthai_ros_msgs:/home/orin/ros2_ws/install/depthai_descriptions:/home/orin/ros2_ws/install/cv_bridge PYTHONPATH=/home/orin/ros2_ws/install/ros2_control_demo_testing/lib/python3.10/site-packages:/home/orin/ros2_ws/install/wheel_encoder_odometry/lib/python3.10/site-packages:/home/orin/ros2_ws/build/ros2_control_demo_testing:/home/orin/ros2_ws/install/image_geometry/local/lib/python3.10/dist-packages:/home/orin/ros2_ws/install/depthai_ros_msgs/local/lib/python3.10/dist-packages:/home/orin/ros2_ws/install/cv_bridge/local/lib/python3.10/dist-packages:/home/orin/ros2_ws/install/arduino_odometry/lib/python3.10/site-packages:/opt/ros/humble/lib/python3.10/site-packages:/opt/ros/humble/local/lib/python3.10/dist-packages /usr/bin/cmake --install /home/orin/ros2_ws/build/ros2_control_demo_example_3
[20.159s] -- Install configuration: ""
[20.160s] -- Installing: /home/orin/ros2_ws/install/ros2_control_demo_example_3/share/ros2_control_demo_example_3/ros2_control_demo_example_3.xml
[20.165s] -- Installing: /home/orin/ros2_ws/install/ros2_control_demo_example_3/include/ros2_control_demo_example_3
[20.165s] -- Installing: /home/orin/ros2_ws/install/ros2_control_demo_example_3/include/ros2_control_demo_example_3/ros2_control_demo_example_3
[20.165s] -- Installing: /home/orin/ros2_ws/install/ros2_control_demo_example_3/include/ros2_control_demo_example_3/ros2_control_demo_example_3/rrbot_system_multi_interface.hpp
[20.165s] -- Installing: /home/orin/ros2_ws/install/ros2_control_demo_example_3/share/ros2_control_demo_example_3/launch
[20.165s] -- Installing: /home/orin/ros2_ws/install/ros2_control_demo_example_3/share/ros2_control_demo_example_3/launch/view_robot.launch.py
[20.166s] -- Installing: /home/orin/ros2_ws/install/ros2_control_demo_example_3/share/ros2_control_demo_example_3/ros2_control
[20.167s] -- Installing: /home/orin/ros2_ws/install/ros2_control_demo_example_3/share/ros2_control_demo_example_3/ros2_control/rrbot_system_multi_interface.ros2_control.xacro
[20.168s] -- Installing: /home/orin/ros2_ws/install/ros2_control_demo_example_3/share/ros2_control_demo_example_3/urdf
[20.169s] -- Installing: /home/orin/ros2_ws/install/ros2_control_demo_example_3/share/ros2_control_demo_example_3/urdf/rrbot_system_multi_interface.urdf.xacro
[20.170s] -- Up-to-date: /home/orin/ros2_ws/install/ros2_control_demo_example_3/share/ros2_control_demo_example_3/launch
[20.170s] -- Installing: /home/orin/ros2_ws/install/ros2_control_demo_example_3/share/ros2_control_demo_example_3/launch/rrbot_system_multi_interface.launch.py
[20.172s] -- Installing: /home/orin/ros2_ws/install/ros2_control_demo_example_3/share/ros2_control_demo_example_3/launch/test_forward_position_controller.launch.py
[20.175s] -- Installing: /home/orin/ros2_ws/install/ros2_control_demo_example_3/share/ros2_control_demo_example_3/config
[20.175s] -- Installing: /home/orin/ros2_ws/install/ros2_control_demo_example_3/share/ros2_control_demo_example_3/config/rrbot_multi_interface_forward_controllers.yaml
[20.180s] -- Installing: /home/orin/ros2_ws/install/ros2_control_demo_example_3/share/ros2_control_demo_example_3/config/rrbot_forward_position_publisher.yaml
[20.183s] -- Installing: /home/orin/ros2_ws/install/ros2_control_demo_example_3/lib/libros2_control_demo_example_3.so
[20.187s] -- Set runtime path of "/home/orin/ros2_ws/install/ros2_control_demo_example_3/lib/libros2_control_demo_example_3.so" to ""
[20.189s] -- Installing: /home/orin/ros2_ws/install/ros2_control_demo_example_3/share/ros2_control_demo_example_3/environment/library_path.sh
[20.189s] -- Installing: /home/orin/ros2_ws/install/ros2_control_demo_example_3/share/ros2_control_demo_example_3/environment/library_path.dsv
[20.190s] -- Installing: /home/orin/ros2_ws/install/ros2_control_demo_example_3/share/ament_index/resource_index/package_run_dependencies/ros2_control_demo_example_3
[20.192s] -- Installing: /home/orin/ros2_ws/install/ros2_control_demo_example_3/share/ament_index/resource_index/parent_prefix_path/ros2_control_demo_example_3
[20.196s] -- Installing: /home/orin/ros2_ws/install/ros2_control_demo_example_3/share/ros2_control_demo_example_3/environment/ament_prefix_path.sh
[20.196s] -- Installing: /home/orin/ros2_ws/install/ros2_control_demo_example_3/share/ros2_control_demo_example_3/environment/ament_prefix_path.dsv
[20.200s] -- Installing: /home/orin/ros2_ws/install/ros2_control_demo_example_3/share/ros2_control_demo_example_3/environment/path.sh
[20.200s] -- Installing: /home/orin/ros2_ws/install/ros2_control_demo_example_3/share/ros2_control_demo_example_3/environment/path.dsv
[20.200s] -- Installing: /home/orin/ros2_ws/install/ros2_control_demo_example_3/share/ros2_control_demo_example_3/local_setup.bash
[20.200s] -- Installing: /home/orin/ros2_ws/install/ros2_control_demo_example_3/share/ros2_control_demo_example_3/local_setup.sh
[20.200s] -- Installing: /home/orin/ros2_ws/install/ros2_control_demo_example_3/share/ros2_control_demo_example_3/local_setup.zsh
[20.200s] -- Installing: /home/orin/ros2_ws/install/ros2_control_demo_example_3/share/ros2_control_demo_example_3/local_setup.dsv
[20.201s] -- Installing: /home/orin/ros2_ws/install/ros2_control_demo_example_3/share/ros2_control_demo_example_3/package.dsv
[20.201s] -- Installing: /home/orin/ros2_ws/install/ros2_control_demo_example_3/share/ament_index/resource_index/packages/ros2_control_demo_example_3
[20.201s] -- Installing: /home/orin/ros2_ws/install/ros2_control_demo_example_3/share/ament_index/resource_index/hardware_interface__pluginlib__plugin/ros2_control_demo_example_3
[20.207s] -- Installing: /home/orin/ros2_ws/install/ros2_control_demo_example_3/share/ros2_control_demo_example_3/cmake/export_ros2_control_demo_example_3Export.cmake
[20.207s] -- Installing: /home/orin/ros2_ws/install/ros2_control_demo_example_3/share/ros2_control_demo_example_3/cmake/export_ros2_control_demo_example_3Export-noconfig.cmake
[20.208s] -- Installing: /home/orin/ros2_ws/install/ros2_control_demo_example_3/share/ros2_control_demo_example_3/cmake/ament_cmake_export_targets-extras.cmake
[20.208s] -- Installing: /home/orin/ros2_ws/install/ros2_control_demo_example_3/share/ros2_control_demo_example_3/cmake/ament_cmake_export_dependencies-extras.cmake
[20.208s] -- Installing: /home/orin/ros2_ws/install/ros2_control_demo_example_3/share/ros2_control_demo_example_3/cmake/ros2_control_demo_example_3Config.cmake
[20.213s] -- Installing: /home/orin/ros2_ws/install/ros2_control_demo_example_3/share/ros2_control_demo_example_3/cmake/ros2_control_demo_example_3Config-version.cmake
[20.213s] -- Installing: /home/orin/ros2_ws/install/ros2_control_demo_example_3/share/ros2_control_demo_example_3/package.xml
[20.216s] Invoked command in '/home/orin/ros2_ws/build/ros2_control_demo_example_3' returned '0': AMENT_PREFIX_PATH=/home/orin/ros2_ws/install/ros2_control_demo_testing:/home/orin/ros2_ws/install/wheel_encoder_odometry:/home/orin/ros2_ws/install/sllidar_ros2:/home/orin/ros2_ws/install/ros2_control_demo_example_5:/home/orin/ros2_ws/install/ros2_control_demo_description:/home/orin/ros2_ws/install/my_bot_imu:/home/orin/ros2_ws/install/my_bot_description:/home/orin/ros2_ws/install/mobile_robot_description:/home/orin/ros2_ws/install/image_geometry:/home/orin/ros2_ws/install/gazebo_dev:/home/orin/ros2_ws/install/depthai-ros:/home/orin/ros2_ws/install/depthai_examples:/home/orin/ros2_ws/install/depthai_ros_msgs:/home/orin/ros2_ws/install/depthai_descriptions:/home/orin/ros2_ws/install/cv_bridge:/home/orin/ros2_ws/install/arduino_odometry:/opt/ros/humble CMAKE_PREFIX_PATH=/home/orin/ros2_ws/install/ros2_control_demo_description:/home/orin/ros2_ws/install/sllidar_ros2:/home/orin/ros2_ws/install/ros2_control_demo_example_5:/home/orin/ros2_ws/install/my_bot_imu:/home/orin/ros2_ws/install/my_bot_description:/home/orin/ros2_ws/install/wheel_encoder_odometry:/home/orin/ros2_ws/install/ros2_control_demo_testing:/home/orin/ros2_ws/install/arduino_odometry:/opt/ros/humble:/home/orin/ros2_ws/install/mobile_robot_description:/home/orin/ros2_ws/install/image_geometry:/home/orin/ros2_ws/install/gazebo_dev:/home/orin/ros2_ws/install/depthai-ros:/home/orin/ros2_ws/install/depthai_examples:/home/orin/ros2_ws/install/depthai_ros_msgs:/home/orin/ros2_ws/install/depthai_descriptions:/home/orin/ros2_ws/install/cv_bridge PYTHONPATH=/home/orin/ros2_ws/install/ros2_control_demo_testing/lib/python3.10/site-packages:/home/orin/ros2_ws/install/wheel_encoder_odometry/lib/python3.10/site-packages:/home/orin/ros2_ws/build/ros2_control_demo_testing:/home/orin/ros2_ws/install/image_geometry/local/lib/python3.10/dist-packages:/home/orin/ros2_ws/install/depthai_ros_msgs/local/lib/python3.10/dist-packages:/home/orin/ros2_ws/install/cv_bridge/local/lib/python3.10/dist-packages:/home/orin/ros2_ws/install/arduino_odometry/lib/python3.10/site-packages:/opt/ros/humble/lib/python3.10/site-packages:/opt/ros/humble/local/lib/python3.10/dist-packages /usr/bin/cmake --install /home/orin/ros2_ws/build/ros2_control_demo_example_3
