[0.172s] Invoking command in '/home/orin/ros2_ws/build/ros2_control_demo_example_7': AMENT_PREFIX_PATH=/home/orin/ros2_ws/install/ros2_control_demo_testing:/home/orin/ros2_ws/install/ros2_control_demo_description:${AMENT_PREFIX_PATH} CMAKE_PREFIX_PATH=/home/orin/ros2_ws/install/ros2_control_demo_description:/opt/ros/humble PYTHONPATH=/home/orin/ros2_ws/install/ros2_control_demo_testing/lib/python3.10/site-packages:${PYTHONPATH} /usr/bin/cmake /home/orin/ros2_ws/src/ros2_control_demos/example_7 -DCMAKE_INSTALL_PREFIX=/home/orin/ros2_ws/install/ros2_control_demo_example_7
[0.259s] -- Found ament_cmake: 1.3.11 (/opt/ros/humble/share/ament_cmake/cmake)
[0.848s] -- Override CMake install command with custom implementation using symlinks instead of copying resources
[0.945s] -- Found pluginlib: 5.1.0 (/opt/ros/humble/share/pluginlib/cmake)
[1.233s] -- Found hardware_interface: 2.48.0 (/opt/ros/humble/share/hardware_interface/cmake)
[1.268s] -- Found rosidl_generator_c: 3.1.6 (/opt/ros/humble/share/rosidl_generator_c/cmake)
[1.275s] -- Found rosidl_adapter: 3.1.6 (/opt/ros/humble/share/rosidl_adapter/cmake)
[1.287s] -- Found rosidl_generator_cpp: 3.1.6 (/opt/ros/humble/share/rosidl_generator_cpp/cmake)
[1.317s] -- Using all available rosidl_typesupport_c: rosidl_typesupport_fastrtps_c;rosidl_typesupport_introspection_c
[1.365s] -- Using all available rosidl_typesupport_cpp: rosidl_typesupport_fastrtps_cpp;rosidl_typesupport_introspection_cpp
[2.098s] -- Found rmw_implementation_cmake: 6.1.2 (/opt/ros/humble/share/rmw_implementation_cmake/cmake)
[2.114s] -- Found rmw_fastrtps_cpp: 6.2.7 (/opt/ros/humble/share/rmw_fastrtps_cpp/cmake)
[2.248s] -- Found TinyXML2 via Config file: TinyXML2_DIR-NOTFOUND
[2.294s] -- Found TinyXML2 via Config file: TinyXML2_DIR-NOTFOUND
[2.346s] -- Found TinyXML2 via Config file: TinyXML2_DIR-NOTFOUND
[2.377s] -- Found TinyXML2 via Config file: TinyXML2_DIR-NOTFOUND
[2.415s] -- Using RMW implementation 'rmw_fastrtps_cpp' as default
[2.653s] -- Found kdl_parser: 2.6.4 (/opt/ros/humble/share/kdl_parser/cmake)
[2.737s] -- Found eigen3_cmake_module: 0.1.1 (/opt/ros/humble/share/eigen3_cmake_module/cmake)
[2.749s] -- Ensuring Eigen3 include directory is part of orocos-kdl CMake target
[2.805s] -- Found controller_interface: 2.48.0 (/opt/ros/humble/share/controller_interface/cmake)
[2.834s] -- Found realtime_tools: 2.11.0 (/opt/ros/humble/share/realtime_tools/cmake)
[2.932s] -- Found ament_cmake_pytest: 1.3.11 (/opt/ros/humble/share/ament_cmake_pytest/cmake)
[8.388s] -- Configuring done
[8.585s] -- Generating done
[8.654s] -- Build files have been written to: /home/orin/ros2_ws/build/ros2_control_demo_example_7
[8.840s] Invoked command in '/home/orin/ros2_ws/build/ros2_control_demo_example_7' returned '0': AMENT_PREFIX_PATH=/home/orin/ros2_ws/install/ros2_control_demo_testing:/home/orin/ros2_ws/install/ros2_control_demo_description:${AMENT_PREFIX_PATH} CMAKE_PREFIX_PATH=/home/orin/ros2_ws/install/ros2_control_demo_description:/opt/ros/humble PYTHONPATH=/home/orin/ros2_ws/install/ros2_control_demo_testing/lib/python3.10/site-packages:${PYTHONPATH} /usr/bin/cmake /home/orin/ros2_ws/src/ros2_control_demos/example_7 -DCMAKE_INSTALL_PREFIX=/home/orin/ros2_ws/install/ros2_control_demo_example_7
[8.845s] Invoking command in '/home/orin/ros2_ws/build/ros2_control_demo_example_7': AMENT_PREFIX_PATH=/home/orin/ros2_ws/install/ros2_control_demo_testing:/home/orin/ros2_ws/install/ros2_control_demo_description:${AMENT_PREFIX_PATH} CMAKE_PREFIX_PATH=/home/orin/ros2_ws/install/ros2_control_demo_description:/opt/ros/humble PYTHONPATH=/home/orin/ros2_ws/install/ros2_control_demo_testing/lib/python3.10/site-packages:${PYTHONPATH} /usr/bin/cmake --build /home/orin/ros2_ws/build/ros2_control_demo_example_7 -- -j6 -l6
[8.973s] [35m[1mConsolidate compiler generated dependencies of target send_trajectory[0m
[9.190s] [ 20%] [32mBuilding CXX object CMakeFiles/send_trajectory.dir/reference_generator/send_trajectory.cpp.o[0m
[24.015s] [ 40%] [32m[1mLinking CXX executable send_trajectory[0m
[24.592s] [ 40%] Built target send_trajectory
[24.622s] [35m[1mConsolidate compiler generated dependencies of target ros2_control_demo_example_7[0m
[24.681s] [ 60%] [32mBuilding CXX object CMakeFiles/ros2_control_demo_example_7.dir/hardware/r6bot_hardware.cpp.o[0m
[27.990s] [ 80%] [32mBuilding CXX object CMakeFiles/ros2_control_demo_example_7.dir/controller/r6bot_controller.cpp.o[0m
[48.717s] [100%] [32m[1mLinking CXX shared library libros2_control_demo_example_7.so[0m
[50.095s] [100%] Built target ros2_control_demo_example_7
