[4.332s] Invoking command in '/home/orin/ros2_ws/build/arduino_odometry': PYTHONPATH=/home/orin/ros2_ws/build/arduino_odometry/prefix_override:/usr/lib/python3/dist-packages/colcon_core/task/python/colcon_distutils_commands:/home/orin/ros2_ws/install/arduino_odometry/lib/python3.10/site-packages:${PYTHONPATH} /usr/bin/python3 -W ignore:setup.py install is deprecated -W ignore:easy_install command is deprecated setup.py develop --uninstall --editable --build-directory /home/orin/ros2_ws/build/arduino_odometry/build
[5.237s] running develop
[6.069s] Removing /home/orin/ros2_ws/install/arduino_odometry/lib/python3.10/site-packages/arduino-odometry.egg-link (link to .)
[6.256s] Invoked command in '/home/orin/ros2_ws/build/arduino_odometry' returned '0': PYTHONPATH=/home/orin/ros2_ws/build/arduino_odometry/prefix_override:/usr/lib/python3/dist-packages/colcon_core/task/python/colcon_distutils_commands:/home/orin/ros2_ws/install/arduino_odometry/lib/python3.10/site-packages:${PYTHONPATH} /usr/bin/python3 -W ignore:setup.py install is deprecated -W ignore:easy_install command is deprecated setup.py develop --uninstall --editable --build-directory /home/orin/ros2_ws/build/arduino_odometry/build
[6.270s] Invoking command in '/home/orin/ros2_ws/src/arduino_odometry': PYTHONPATH=/home/orin/ros2_ws/build/arduino_odometry/prefix_override:/usr/lib/python3/dist-packages/colcon_core/task/python/colcon_distutils_commands:/home/orin/ros2_ws/install/arduino_odometry/lib/python3.10/site-packages:${PYTHONPATH} /usr/bin/python3 -W ignore:setup.py install is deprecated -W ignore:easy_install command is deprecated setup.py egg_info --egg-base ../../build/arduino_odometry build --build-base /home/orin/ros2_ws/build/arduino_odometry/build install --record /home/orin/ros2_ws/build/arduino_odometry/install.log --single-version-externally-managed install_data --force
[7.172s] running egg_info
[7.235s] writing ../../build/arduino_odometry/arduino_odometry.egg-info/PKG-INFO
[7.337s] writing dependency_links to ../../build/arduino_odometry/arduino_odometry.egg-info/dependency_links.txt
[7.338s] writing entry points to ../../build/arduino_odometry/arduino_odometry.egg-info/entry_points.txt
[7.338s] writing requirements to ../../build/arduino_odometry/arduino_odometry.egg-info/requires.txt
[7.339s] writing top-level names to ../../build/arduino_odometry/arduino_odometry.egg-info/top_level.txt
[7.461s] reading manifest file '../../build/arduino_odometry/arduino_odometry.egg-info/SOURCES.txt'
[7.465s] writing manifest file '../../build/arduino_odometry/arduino_odometry.egg-info/SOURCES.txt'
[7.466s] running build
[7.466s] running build_py
[7.472s] copying arduino_odometry/__init__.py -> /home/orin/ros2_ws/build/arduino_odometry/build/lib/arduino_odometry
[7.473s] copying arduino_odometry/arduino_odometry_node.py -> /home/orin/ros2_ws/build/arduino_odometry/build/lib/arduino_odometry
[7.475s] running install
[7.489s] running install_lib
[7.554s] creating /home/orin/ros2_ws/install/arduino_odometry/lib/python3.10/site-packages/arduino_odometry
[7.554s] copying /home/orin/ros2_ws/build/arduino_odometry/build/lib/arduino_odometry/__init__.py -> /home/orin/ros2_ws/install/arduino_odometry/lib/python3.10/site-packages/arduino_odometry
[7.554s] copying /home/orin/ros2_ws/build/arduino_odometry/build/lib/arduino_odometry/arduino_odometry_node.py -> /home/orin/ros2_ws/install/arduino_odometry/lib/python3.10/site-packages/arduino_odometry
[7.554s] byte-compiling /home/orin/ros2_ws/install/arduino_odometry/lib/python3.10/site-packages/arduino_odometry/__init__.py to __init__.cpython-310.pyc
[7.556s] byte-compiling /home/orin/ros2_ws/install/arduino_odometry/lib/python3.10/site-packages/arduino_odometry/arduino_odometry_node.py to arduino_odometry_node.cpython-310.pyc
[7.558s] running install_data
[7.559s] copying resource/arduino_odometry -> /home/orin/ros2_ws/install/arduino_odometry/share/ament_index/resource_index/packages
[7.560s] copying package.xml -> /home/orin/ros2_ws/install/arduino_odometry/share/arduino_odometry
[7.560s] running install_egg_info
[7.623s] Copying ../../build/arduino_odometry/arduino_odometry.egg-info to /home/orin/ros2_ws/install/arduino_odometry/lib/python3.10/site-packages/arduino_odometry-0.0.0-py3.10.egg-info
[7.628s] running install_scripts
[8.116s] Installing arduino_odometry_node script to /home/orin/ros2_ws/install/arduino_odometry/lib/arduino_odometry
[8.117s] writing list of installed files to '/home/orin/ros2_ws/build/arduino_odometry/install.log'
[8.382s] Invoked command in '/home/orin/ros2_ws/src/arduino_odometry' returned '0': PYTHONPATH=/home/orin/ros2_ws/build/arduino_odometry/prefix_override:/usr/lib/python3/dist-packages/colcon_core/task/python/colcon_distutils_commands:/home/orin/ros2_ws/install/arduino_odometry/lib/python3.10/site-packages:${PYTHONPATH} /usr/bin/python3 -W ignore:setup.py install is deprecated -W ignore:easy_install command is deprecated setup.py egg_info --egg-base ../../build/arduino_odometry build --build-base /home/orin/ros2_ws/build/arduino_odometry/build install --record /home/orin/ros2_ws/build/arduino_odometry/install.log --single-version-externally-managed install_data --force
