[0.000000] (-) TimerEvent: {}
[0.000881] (-) JobUnselected: {'identifier': 'arduino_encoder_odom'}
[0.001263] (-) JobUnselected: {'identifier': 'arduino_odometry'}
[0.001397] (-) JobUnselected: {'identifier': 'arduino_serial_comm'}
[0.001493] (-) JobUnselected: {'identifier': 'depthai-ros'}
[0.001556] (-) JobUnselected: {'identifier': 'depthai_bridge'}
[0.001641] (-) JobUnselected: {'identifier': 'depthai_descriptions'}
[0.001816] (-) JobUnselected: {'identifier': 'depthai_examples'}
[0.001992] (-) JobUnselected: {'identifier': 'depthai_filters'}
[0.002200] (-) JobUnselected: {'identifier': 'depthai_ros_driver'}
[0.002298] (-) JobUnselected: {'identifier': 'depthai_ros_msgs'}
[0.002351] (-) JobUnselected: {'identifier': 'diffbot_description'}
[0.002400] (-) JobUnselected: {'identifier': 'diffdrive_arduino'}
[0.002447] (-) JobUnselected: {'identifier': 'encoder_ultrasonic_package'}
[0.002494] (-) JobUnselected: {'identifier': 'examples_rclcpp_async_client'}
[0.002540] (-) JobUnselected: {'identifier': 'examples_rclcpp_cbg_executor'}
[0.002587] (-) JobUnselected: {'identifier': 'examples_rclcpp_minimal_action_client'}
[0.002634] (-) JobUnselected: {'identifier': 'examples_rclcpp_minimal_action_server'}
[0.002681] (-) JobUnselected: {'identifier': 'examples_rclcpp_minimal_client'}
[0.002727] (-) JobUnselected: {'identifier': 'examples_rclcpp_minimal_composition'}
[0.002776] (-) JobUnselected: {'identifier': 'examples_rclcpp_minimal_publisher'}
[0.002823] (-) JobUnselected: {'identifier': 'examples_rclcpp_minimal_service'}
[0.002869] (-) JobUnselected: {'identifier': 'examples_rclcpp_minimal_subscriber'}
[0.002915] (-) JobUnselected: {'identifier': 'examples_rclcpp_minimal_timer'}
[0.002961] (-) JobUnselected: {'identifier': 'examples_rclcpp_multithreaded_executor'}
[0.003007] (-) JobUnselected: {'identifier': 'examples_rclcpp_wait_set'}
[0.003054] (-) JobUnselected: {'identifier': 'examples_rclpy_executors'}
[0.003099] (-) JobUnselected: {'identifier': 'examples_rclpy_guard_conditions'}
[0.003145] (-) JobUnselected: {'identifier': 'examples_rclpy_minimal_action_client'}
[0.003191] (-) JobUnselected: {'identifier': 'examples_rclpy_minimal_action_server'}
[0.003237] (-) JobUnselected: {'identifier': 'examples_rclpy_minimal_client'}
[0.003283] (-) JobUnselected: {'identifier': 'examples_rclpy_minimal_publisher'}
[0.003330] (-) JobUnselected: {'identifier': 'examples_rclpy_minimal_service'}
[0.003376] (-) JobUnselected: {'identifier': 'examples_rclpy_minimal_subscriber'}
[0.003422] (-) JobUnselected: {'identifier': 'examples_rclpy_pointcloud_publisher'}
[0.003467] (-) JobUnselected: {'identifier': 'hcsr04_sensor'}
[0.003513] (-) JobUnselected: {'identifier': 'launch_testing_examples'}
[0.003559] (-) JobUnselected: {'identifier': 'my_bot_description'}
[0.003604] (-) JobUnselected: {'identifier': 'my_bot_imu'}
[0.003650] (-) JobUnselected: {'identifier': 'ros2_control_demo_description'}
[0.003697] (-) JobUnselected: {'identifier': 'ros2_control_demo_example_1'}
[0.003741] (-) JobUnselected: {'identifier': 'ros2_control_demo_example_10'}
[0.003787] (-) JobUnselected: {'identifier': 'ros2_control_demo_example_11'}
[0.003832] (-) JobUnselected: {'identifier': 'ros2_control_demo_example_12'}
[0.003877] (-) JobUnselected: {'identifier': 'ros2_control_demo_example_13'}
[0.003922] (-) JobUnselected: {'identifier': 'ros2_control_demo_example_14'}
[0.003968] (-) JobUnselected: {'identifier': 'ros2_control_demo_example_15'}
[0.004013] (-) JobUnselected: {'identifier': 'ros2_control_demo_example_2'}
[0.004059] (-) JobUnselected: {'identifier': 'ros2_control_demo_example_3'}
[0.004104] (-) JobUnselected: {'identifier': 'ros2_control_demo_example_4'}
[0.004149] (-) JobUnselected: {'identifier': 'ros2_control_demo_example_5'}
[0.004195] (-) JobUnselected: {'identifier': 'ros2_control_demo_example_6'}
[0.004240] (-) JobUnselected: {'identifier': 'ros2_control_demo_example_7'}
[0.004285] (-) JobUnselected: {'identifier': 'ros2_control_demo_example_8'}
[0.004330] (-) JobUnselected: {'identifier': 'ros2_control_demo_example_9'}
[0.004375] (-) JobUnselected: {'identifier': 'ros2_control_demo_testing'}
[0.004472] (-) JobUnselected: {'identifier': 'ros2_control_demos'}
[0.004525] (-) JobUnselected: {'identifier': 'simple_map_test'}
[0.004572] (-) JobUnselected: {'identifier': 'sllidar_ros2'}
[0.004619] (-) JobUnselected: {'identifier': 'wheel_encoder_odometry'}
[0.004669] (-) EventReactorShutdown: {}
